#
# There is insufficient memory for the Java Runtime Environment to continue.
# Native memory allocation (malloc) failed to allocate 1201216 bytes. Error detail: Chunk::new
# Possible reasons:
#   The system is out of physical RAM or swap space
#   This process is running with CompressedOops enabled, and the Java Heap may be blocking the growth of the native heap
# Possible solutions:
#   Reduce memory load on the system
#   Increase physical memory or swap space
#   Check if swap backing store is full
#   Decrease Java heap size (-Xmx/-Xms)
#   Decrease number of Java threads
#   Decrease Java thread stack sizes (-Xss)
#   Set larger code cache with -XX:ReservedCodeCacheSize=
#   JVM is running with Unscaled Compressed Oops mode in which the Java heap is
#     placed in the first 4GB address space. The Java Heap base address is the
#     maximum limit for the native heap growth. Please use -XX:HeapBaseMinAddress
#     to set the Java Heap base and to place the Java Heap above 4GB virtual address.
# This output file may be truncated or incomplete.
#
#  Out of Memory Error (arena.cpp:168), pid=16200, tid=16448
#
# JRE version: OpenJDK Runtime Environment Temurin-21.0.11+10 (21.0.11+10) (build 21.0.11+10-LTS)
# Java VM: OpenJDK 64-Bit Server VM Temurin-21.0.11+10 (21.0.11+10-LTS, mixed mode, sharing, tiered, compressed oops, compressed class ptrs, parallel gc, windows-amd64)
# No core dump will be written. Minidumps are not enabled by default on client versions of Windows
#

---------------  S U M M A R Y ------------

Command Line: --add-modules=ALL-SYSTEM --add-opens=java.base/java.util=ALL-UNNAMED --add-opens=java.base/java.lang=ALL-UNNAMED --add-opens=java.base/sun.nio.fs=ALL-UNNAMED -Declipse.application=org.eclipse.jdt.ls.core.id1 -Dosgi.bundles.defaultStartLevel=4 -Declipse.product=org.eclipse.jdt.ls.core.product -Djava.import.generatesMetadataFilesAtProjectRoot=false -DDetectVMInstallationsJob.disabled=true -Dfile.encoding=utf8 -XX:+UseParallelGC -XX:GCTimeRatio=4 -XX:AdaptiveSizePolicyWeight=90 -Dsun.zip.disableMemoryMapping=true -Xmx2G -Xms100m -Xlog:disable -javaagent:c:\Users\Admin\.vscode\extensions\redhat.java-1.55.0-win32-x64\lombok\lombok-1.18.39-4050.jar c:\Users\Admin\.vscode\extensions\redhat.java-1.55.0-win32-x64\server\plugins\org.eclipse.equinox.launcher_1.7.200.v20260619-2039.jar -configuration c:\Users\Admin\AppData\Roaming\Code\User\globalStorage\redhat.java\1.55.0\config_ss_win -data c:\Users\Admin\AppData\Roaming\Code\User\workspaceStorage\801ed1664cc344b479297c66898efbba\redhat.java\ss_ws --pipe=\\.\pipe\lsp-5f5ad4429abd96ed4fac7e5225f08736-sock

Host: AMD Ryzen 5 4600H with Radeon Graphics         , 12 cores, 7G,  Windows 11 , 64 bit Build 26100 (10.0.26100.1)
Time: Tue Jul  7 08:13:03 2026 Malay Peninsula Standard Time elapsed time: 6.702679 seconds (0d 0h 0m 6s)

---------------  T H R E A D  ---------------

Current thread (0x000001f3146d2240):  JavaThread "C2 CompilerThread1" daemon [_thread_in_native, id=16448, stack(0x0000008c14400000,0x0000008c14500000) (1024K)]


Current CompileTask:
C2:6702 2794       4       java.lang.invoke.MethodType::makeImpl (109 bytes)

Stack: [0x0000008c14400000,0x0000008c14500000]
Native frames: (J=compiled Java code, j=interpreted, Vv=VM code, C=native code)
V  [jvm.dll+0x6d7e19]
V  [jvm.dll+0x8b5096]
V  [jvm.dll+0x8b764e]
V  [jvm.dll+0x8b7d33]
V  [jvm.dll+0x284596]
V  [jvm.dll+0xc685d]
V  [jvm.dll+0xc6da1]
V  [jvm.dll+0x3bed6b]
V  [jvm.dll+0x1e4149]
V  [jvm.dll+0x24c853]
V  [jvm.dll+0x24bce0]
V  [jvm.dll+0x1cb4ae]
V  [jvm.dll+0x25baad]
V  [jvm.dll+0x25a03a]
V  [jvm.dll+0x3f868e]
V  [jvm.dll+0x85fb0d]
V  [jvm.dll+0x6d664d]
C  [ucrtbase.dll+0x43340]
C  [KERNEL32.DLL+0x31fd7]
C  [ntdll.dll+0x6d7d0]


---------------  P R O C E S S  ---------------

Threads class SMR info:
_java_thread_list=0x000001f315a9b690, length=20, elements={
0x000001f2b57dc6e0, 0x000001f30f1104a0, 0x000001f30f113730, 0x000001f30f115e10,
0x000001f30f116af0, 0x000001f30f118ab0, 0x000001f30f119510, 0x000001f30f11c490,
0x000001f30f12eed0, 0x000001f30f337640, 0x000001f30f48c190, 0x000001f30fc1af80,
0x000001f30fce9ff0, 0x000001f30f6425e0, 0x000001f30fb4c860, 0x000001f31416dbb0,
0x000001f314338420, 0x000001f31443e850, 0x000001f3146d2240, 0x000001f31595e420
}

Java Threads: ( => current thread )
  0x000001f2b57dc6e0 JavaThread "main"                              [_thread_blocked, id=15668, stack(0x0000008c12600000,0x0000008c12700000) (1024K)]
  0x000001f30f1104a0 JavaThread "Reference Handler"          daemon [_thread_blocked, id=1372, stack(0x0000008c12a00000,0x0000008c12b00000) (1024K)]
  0x000001f30f113730 JavaThread "Finalizer"                  daemon [_thread_blocked, id=15076, stack(0x0000008c12b00000,0x0000008c12c00000) (1024K)]
  0x000001f30f115e10 JavaThread "Signal Dispatcher"          daemon [_thread_blocked, id=15464, stack(0x0000008c12c00000,0x0000008c12d00000) (1024K)]
  0x000001f30f116af0 JavaThread "Attach Listener"            daemon [_thread_blocked, id=16196, stack(0x0000008c12d00000,0x0000008c12e00000) (1024K)]
  0x000001f30f118ab0 JavaThread "Service Thread"             daemon [_thread_blocked, id=10496, stack(0x0000008c12e00000,0x0000008c12f00000) (1024K)]
  0x000001f30f119510 JavaThread "Monitor Deflation Thread"   daemon [_thread_blocked, id=15580, stack(0x0000008c12f00000,0x0000008c13000000) (1024K)]
  0x000001f30f11c490 JavaThread "C2 CompilerThread0"         daemon [_thread_in_native, id=16260, stack(0x0000008c13000000,0x0000008c13100000) (1024K)]
  0x000001f30f12eed0 JavaThread "C1 CompilerThread0"         daemon [_thread_in_native, id=16136, stack(0x0000008c13100000,0x0000008c13200000) (1024K)]
  0x000001f30f337640 JavaThread "Common-Cleaner"             daemon [_thread_blocked, id=13728, stack(0x0000008c13300000,0x0000008c13400000) (1024K)]
  0x000001f30f48c190 JavaThread "Notification Thread"        daemon [_thread_blocked, id=15688, stack(0x0000008c13400000,0x0000008c13500000) (1024K)]
  0x000001f30fc1af80 JavaThread "Active Thread: Equinox Container: 57e74371-3568-451d-8730-9ba56aac28a2"        [_thread_blocked, id=6180, stack(0x0000008c13b00000,0x0000008c13c00000) (1024K)]
  0x000001f30fce9ff0 JavaThread "Framework Event Dispatcher: Equinox Container: 57e74371-3568-451d-8730-9ba56aac28a2" daemon [_thread_blocked, id=16180, stack(0x0000008c13c00000,0x0000008c13d00000) (1024K)]
  0x000001f30f6425e0 JavaThread "Start Level: Equinox Container: 57e74371-3568-451d-8730-9ba56aac28a2" daemon [_thread_in_Java, id=14204, stack(0x0000008c13d00000,0x0000008c13e00000) (1024K)]
  0x000001f30fb4c860 JavaThread "SCR Component Actor"        daemon [_thread_blocked, id=12776, stack(0x0000008c13f00000,0x0000008c14000000) (1024K)]
  0x000001f31416dbb0 JavaThread "Worker-JM"                         [_thread_blocked, id=6560, stack(0x0000008c13200000,0x0000008c13300000) (1024K)]
  0x000001f314338420 JavaThread "Worker-0"                          [_thread_blocked, id=5536, stack(0x0000008c14200000,0x0000008c14300000) (1024K)]
  0x000001f31443e850 JavaThread "Worker-1"                          [_thread_blocked, id=13128, stack(0x0000008c14300000,0x0000008c14400000) (1024K)]
=>0x000001f3146d2240 JavaThread "C2 CompilerThread1"         daemon [_thread_in_native, id=16448, stack(0x0000008c14400000,0x0000008c14500000) (1024K)]
  0x000001f31595e420 JavaThread "C2 CompilerThread2"         daemon [_thread_in_native, id=16500, stack(0x0000008c14500000,0x0000008c14600000) (1024K)]
Total: 20

Other Threads:
  0x000001f2b5774890 VMThread "VM Thread"                           [id=15972, stack(0x0000008c12900000,0x0000008c12a00000) (1024K)]
  0x000001f2b566cb20 WatcherThread "VM Periodic Task Thread"        [id=3376, stack(0x0000008c12800000,0x0000008c12900000) (1024K)]
  0x000001f2b57faa80 WorkerThread "GC Thread#0"                     [id=5532, stack(0x0000008c12700000,0x0000008c12800000) (1024K)]
  0x000001f30fa422b0 WorkerThread "GC Thread#1"                     [id=14380, stack(0x0000008c13500000,0x0000008c13600000) (1024K)]
  0x000001f30fa42660 WorkerThread "GC Thread#2"                     [id=15456, stack(0x0000008c13600000,0x0000008c13700000) (1024K)]
  0x000001f30f4a7f90 WorkerThread "GC Thread#3"                     [id=16268, stack(0x0000008c13700000,0x0000008c13800000) (1024K)]
  0x000001f30f4a8340 WorkerThread "GC Thread#4"                     [id=6436, stack(0x0000008c13800000,0x0000008c13900000) (1024K)]
  0x000001f30fa4ff30 WorkerThread "GC Thread#5"                     [id=14748, stack(0x0000008c13900000,0x0000008c13a00000) (1024K)]
  0x000001f30fa502e0 WorkerThread "GC Thread#6"                     [id=15608, stack(0x0000008c13a00000,0x0000008c13b00000) (1024K)]
  0x000001f30fb4b3b0 WorkerThread "GC Thread#7"                     [id=6464, stack(0x0000008c13e00000,0x0000008c13f00000) (1024K)]
  0x000001f30fb4b000 WorkerThread "GC Thread#8"                     [id=14412, stack(0x0000008c14000000,0x0000008c14100000) (1024K)]
  0x000001f30fb4b760 WorkerThread "GC Thread#9"                     [id=15480, stack(0x0000008c14100000,0x0000008c14200000) (1024K)]
Total: 12

Threads with active compile tasks:
C2 CompilerThread0  6765 2955       4       java.lang.String$CaseInsensitiveComparator::compare (13 bytes)
C1 CompilerThread0  6765 3004       3       com.sun.org.apache.xerces.internal.impl.XMLEntityScanner::scanChar (265 bytes)
C2 CompilerThread1  6765 2794       4       java.lang.invoke.MethodType::makeImpl (109 bytes)
C2 CompilerThread2  6765 2802   !   4       java.util.concurrent.ConcurrentHashMap::transfer (849 bytes)
Total: 4

VM state: not at safepoint (normal execution)

VM Mutex/Monitor currently owned by a thread: None

Heap address: 0x0000000080000000, size: 2048 MB, Compressed Oops mode: 32-bit

CDS archive(s) mapped at: [0x000001f2cd000000-0x000001f2cdba0000-0x000001f2cdba0000), size 12189696, SharedBaseAddress: 0x000001f2cd000000, ArchiveRelocationMode: 1.
Compressed class space mapped at: 0x000001f2ce000000-0x000001f30e000000, reserved size: 1073741824
Narrow klass base: 0x000001f2cd000000, Narrow klass shift: 0, Narrow klass range: 0x100000000

GC Precious Log:
 CardTable entry size: 512
 CPUs: 12 total, 12 available
 Memory: 7598M
 Large Page Support: Disabled
 NUMA Support: Disabled
 Compressed Oops: Enabled (32-bit)
 Alignments: Space 512K, Generation 512K, Heap 2M
 Heap Min Capacity: 100M
 Heap Initial Capacity: 100M
 Heap Max Capacity: 2G
 Pre-touch: Disabled
 Parallel Workers: 10

Heap:
 PSYoungGen      total 30208K, used 17206K [0x00000000d5580000, 0x00000000d7a00000, 0x0000000100000000)
  eden space 24576K, 70% used [0x00000000d5580000,0x00000000d664da50,0x00000000d6d80000)
  from space 5632K, 0% used [0x00000000d7380000,0x00000000d7380000,0x00000000d7900000)
  to   space 6144K, 0% used [0x00000000d6d80000,0x00000000d6d80000,0x00000000d7380000)
 ParOldGen       total 68608K, used 9886K [0x0000000080000000, 0x0000000084300000, 0x00000000d5580000)
  object space 68608K, 14% used [0x0000000080000000,0x00000000809a7bb0,0x0000000084300000)
 Metaspace       used 23644K, committed 24320K, reserved 1114112K
  class space    used 2284K, committed 2560K, reserved 1048576K

Card table byte_map: [0x000001f2b5180000,0x000001f2b5590000] _byte_map_base: 0x000001f2b4d80000

Marking Bits: (ParMarkBitMap*) 0x00007ffa70944460
 Begin Bits: [0x000001f2c7c90000, 0x000001f2c9c90000)
 End Bits:   [0x000001f2c9c90000, 0x000001f2cbc90000)

Polling page: 0x000001f2b3300000

Metaspace:

Usage:
  Non-class:     20.86 MB used.
      Class:      2.23 MB used.
       Both:     23.09 MB used.

Virtual space:
  Non-class space:       64.00 MB reserved,      21.25 MB ( 33%) committed,  1 nodes.
      Class space:        1.00 GB reserved,       2.50 MB ( <1%) committed,  1 nodes.
             Both:        1.06 GB reserved,      23.75 MB (  2%) committed. 

Chunk freelists:
   Non-Class:  10.52 MB
       Class:  13.45 MB
        Both:  23.96 MB

MaxMetaspaceSize: unlimited
CompressedClassSpaceSize: 1.00 GB
Initial GC threshold: 21.00 MB
Current GC threshold: 35.00 MB
CDS: on
 - commit_granule_bytes: 65536.
 - commit_granule_words: 8192.
 - virtual_space_node_default_size: 8388608.
 - enlarge_chunks_in_place: 1.
 - use_allocation_guard: 0.


Internal statistics:

num_allocs_failed_limit: 3.
num_arena_births: 496.
num_arena_deaths: 14.
num_vsnodes_births: 2.
num_vsnodes_deaths: 0.
num_space_committed: 380.
num_space_uncommitted: 0.
num_chunks_returned_to_freelist: 17.
num_chunks_taken_from_freelist: 1352.
num_chunk_merges: 9.
num_chunk_splits: 890.
num_chunks_enlarged: 563.
num_inconsistent_stats: 0.

CodeHeap 'non-profiled nmethods': size=120000Kb used=1234Kb max_used=1234Kb free=118765Kb
 bounds [0x000001f2c04b0000, 0x000001f2c0720000, 0x000001f2c79e0000]
CodeHeap 'profiled nmethods': size=120000Kb used=6106Kb max_used=6106Kb free=113893Kb
 bounds [0x000001f2b89e0000, 0x000001f2b8fe0000, 0x000001f2bff10000]
CodeHeap 'non-nmethods': size=5760Kb used=1314Kb max_used=1366Kb free=4445Kb
 bounds [0x000001f2bff10000, 0x000001f2c0180000, 0x000001f2c04b0000]
CodeCache: size=245760Kb, used=8654Kb, max_used=8706Kb, free=237103Kb
 total_blobs=3583, nmethods=2984, adapters=505, full_count=0
Compilation: enabled, stopped_count=0, restarted_count=0

Compilation events (20 events):
Event: 6.077 Thread 0x000001f30f12eed0 2946       3       java.util.TreeMap::putIfAbsent (8 bytes)
Event: 6.077 Thread 0x000001f30f12eed0 nmethod 2946 0x000001f2b8fc4810 code [0x000001f2b8fc49c0, 0x000001f2b8fc4b00]
Event: 6.077 Thread 0x000001f30f12eed0 2947       3       java.util.TreeMap::rotateLeft (96 bytes)
Event: 6.078 Thread 0x000001f30f12eed0 nmethod 2947 0x000001f2b8fc4b90 code [0x000001f2b8fc4d40, 0x000001f2b8fc5030]
Event: 6.078 Thread 0x000001f30f12eed0 2950       3       java.util.TreeMap::rotateRight (96 bytes)
Event: 6.078 Thread 0x000001f30f12eed0 nmethod 2950 0x000001f2b8fc5190 code [0x000001f2b8fc5340, 0x000001f2b8fc5630]
Event: 6.080 Thread 0x000001f30f12eed0 2951       1       java.lang.reflect.Constructor::getModifiers (5 bytes)
Event: 6.081 Thread 0x000001f30f12eed0 nmethod 2951 0x000001f2c05d0b10 code [0x000001f2c05d0ca0, 0x000001f2c05d0d68]
Event: 6.086 Thread 0x000001f30f12eed0 2952   !   3       sun.nio.cs.ext.AbstractCharsetProvider::charset (84 bytes)
Event: 6.087 Thread 0x000001f30f12eed0 nmethod 2952 0x000001f2b8fc5790 code [0x000001f2b8fc59a0, 0x000001f2b8fc5fc0]
Event: 6.088 Thread 0x000001f30f12eed0 2954       3       java.util.TreeMap::clear (21 bytes)
Event: 6.088 Thread 0x000001f30f12eed0 nmethod 2954 0x000001f2b8fc6310 code [0x000001f2b8fc64a0, 0x000001f2b8fc65d8]
Event: 6.093 Thread 0x000001f30f12eed0 2957       1       java.lang.reflect.Constructor::getDeclaringClass (5 bytes)
Event: 6.093 Thread 0x000001f30f12eed0 nmethod 2957 0x000001f2c05d0e10 code [0x000001f2c05d0fa0, 0x000001f2c05d1068]
Event: 6.108 Thread 0x000001f30f12eed0 2959  s!   2       jdk.internal.loader.URLClassPath::getLoader (194 bytes)
Event: 6.109 Thread 0x000001f30f12eed0 nmethod 2959 0x000001f2b8fc6690 code [0x000001f2b8fc6900, 0x000001f2b8fc72d8]
Event: 6.393 Thread 0x000001f30f12eed0 2960       2       java.util.concurrent.locks.ReentrantLock::tryLock (13 bytes)
Event: 6.393 Thread 0x000001f30f12eed0 nmethod 2960 0x000001f2b8fc7890 code [0x000001f2b8fc7a40, 0x000001f2b8fc7ba8]
Event: 6.393 Thread 0x000001f30f12eed0 2961       2       java.util.concurrent.locks.ReentrantLock$Sync::tryLockNanos (36 bytes)
Event: 6.393 Thread 0x000001f30f12eed0 nmethod 2961 0x000001f2b8fc7c90 code [0x000001f2b8fc7e60, 0x000001f2b8fc8130]

GC Heap History (14 events):
Event: 1.252 GC heap before
{Heap before GC invocations=1 (full 0):
 PSYoungGen      total 29696K, used 25600K [0x00000000d5580000, 0x00000000d7680000, 0x0000000100000000)
  eden space 25600K, 100% used [0x00000000d5580000,0x00000000d6e80000,0x00000000d6e80000)
  from space 4096K, 0% used [0x00000000d7280000,0x00000000d7280000,0x00000000d7680000)
  to   space 4096K, 0% used [0x00000000d6e80000,0x00000000d6e80000,0x00000000d7280000)
 ParOldGen       total 68608K, used 0K [0x0000000080000000, 0x0000000084300000, 0x00000000d5580000)
  object space 68608K, 0% used [0x0000000080000000,0x0000000080000000,0x0000000084300000)
 Metaspace       used 4353K, committed 4608K, reserved 1114112K
  class space    used 475K, committed 576K, reserved 1048576K
}
Event: 1.263 GC heap after
{Heap after GC invocations=1 (full 0):
 PSYoungGen      total 29696K, used 3255K [0x00000000d5580000, 0x00000000d7680000, 0x0000000100000000)
  eden space 25600K, 0% used [0x00000000d5580000,0x00000000d5580000,0x00000000d6e80000)
  from space 4096K, 79% used [0x00000000d6e80000,0x00000000d71ade88,0x00000000d7280000)
  to   space 4096K, 0% used [0x00000000d7280000,0x00000000d7280000,0x00000000d7680000)
 ParOldGen       total 68608K, used 16K [0x0000000080000000, 0x0000000084300000, 0x00000000d5580000)
  object space 68608K, 0% used [0x0000000080000000,0x0000000080004000,0x0000000084300000)
 Metaspace       used 4353K, committed 4608K, reserved 1114112K
  class space    used 475K, committed 576K, reserved 1048576K
}
Event: 2.617 GC heap before
{Heap before GC invocations=2 (full 0):
 PSYoungGen      total 29696K, used 28855K [0x00000000d5580000, 0x00000000d7680000, 0x0000000100000000)
  eden space 25600K, 100% used [0x00000000d5580000,0x00000000d6e80000,0x00000000d6e80000)
  from space 4096K, 79% used [0x00000000d6e80000,0x00000000d71ade88,0x00000000d7280000)
  to   space 4096K, 0% used [0x00000000d7280000,0x00000000d7280000,0x00000000d7680000)
 ParOldGen       total 68608K, used 16K [0x0000000080000000, 0x0000000084300000, 0x00000000d5580000)
  object space 68608K, 0% used [0x0000000080000000,0x0000000080004000,0x0000000084300000)
 Metaspace       used 8211K, committed 8576K, reserved 1114112K
  class space    used 875K, committed 1024K, reserved 1048576K
}
Event: 2.627 GC heap after
{Heap after GC invocations=2 (full 0):
 PSYoungGen      total 29696K, used 4086K [0x00000000d5580000, 0x00000000d7680000, 0x0000000100000000)
  eden space 25600K, 0% used [0x00000000d5580000,0x00000000d5580000,0x00000000d6e80000)
  from space 4096K, 99% used [0x00000000d7280000,0x00000000d767d938,0x00000000d7680000)
  to   space 4096K, 0% used [0x00000000d6e80000,0x00000000d6e80000,0x00000000d7280000)
 ParOldGen       total 68608K, used 1051K [0x0000000080000000, 0x0000000084300000, 0x00000000d5580000)
  object space 68608K, 1% used [0x0000000080000000,0x0000000080106cc0,0x0000000084300000)
 Metaspace       used 8211K, committed 8576K, reserved 1114112K
  class space    used 875K, committed 1024K, reserved 1048576K
}
Event: 3.735 GC heap before
{Heap before GC invocations=3 (full 0):
 PSYoungGen      total 29696K, used 29686K [0x00000000d5580000, 0x00000000d7680000, 0x0000000100000000)
  eden space 25600K, 100% used [0x00000000d5580000,0x00000000d6e80000,0x00000000d6e80000)
  from space 4096K, 99% used [0x00000000d7280000,0x00000000d767d938,0x00000000d7680000)
  to   space 4096K, 0% used [0x00000000d6e80000,0x00000000d6e80000,0x00000000d7280000)
 ParOldGen       total 68608K, used 1051K [0x0000000080000000, 0x0000000084300000, 0x00000000d5580000)
  object space 68608K, 1% used [0x0000000080000000,0x0000000080106cc0,0x0000000084300000)
 Metaspace       used 13080K, committed 13632K, reserved 1114112K
  class space    used 1385K, committed 1664K, reserved 1048576K
}
Event: 3.744 GC heap after
{Heap after GC invocations=3 (full 0):
 PSYoungGen      total 29696K, used 4082K [0x00000000d5580000, 0x00000000d7680000, 0x0000000100000000)
  eden space 25600K, 0% used [0x00000000d5580000,0x00000000d5580000,0x00000000d6e80000)
  from space 4096K, 99% used [0x00000000d6e80000,0x00000000d727cbb8,0x00000000d7280000)
  to   space 4096K, 0% used [0x00000000d7280000,0x00000000d7280000,0x00000000d7680000)
 ParOldGen       total 68608K, used 2784K [0x0000000080000000, 0x0000000084300000, 0x00000000d5580000)
  object space 68608K, 4% used [0x0000000080000000,0x00000000802b80e8,0x0000000084300000)
 Metaspace       used 13080K, committed 13632K, reserved 1114112K
  class space    used 1385K, committed 1664K, reserved 1048576K
}
Event: 4.470 GC heap before
{Heap before GC invocations=4 (full 0):
 PSYoungGen      total 29696K, used 29682K [0x00000000d5580000, 0x00000000d7680000, 0x0000000100000000)
  eden space 25600K, 100% used [0x00000000d5580000,0x00000000d6e80000,0x00000000d6e80000)
  from space 4096K, 99% used [0x00000000d6e80000,0x00000000d727cbb8,0x00000000d7280000)
  to   space 4096K, 0% used [0x00000000d7280000,0x00000000d7280000,0x00000000d7680000)
 ParOldGen       total 68608K, used 2784K [0x0000000080000000, 0x0000000084300000, 0x00000000d5580000)
  object space 68608K, 4% used [0x0000000080000000,0x00000000802b80e8,0x0000000084300000)
 Metaspace       used 15956K, committed 16576K, reserved 1114112K
  class space    used 1657K, committed 1920K, reserved 1048576K
}
Event: 4.475 GC heap after
{Heap after GC invocations=4 (full 0):
 PSYoungGen      total 29696K, used 4090K [0x00000000d5580000, 0x00000000d7680000, 0x0000000100000000)
  eden space 25600K, 0% used [0x00000000d5580000,0x00000000d5580000,0x00000000d6e80000)
  from space 4096K, 99% used [0x00000000d7280000,0x00000000d767e808,0x00000000d7680000)
  to   space 4096K, 0% used [0x00000000d6e80000,0x00000000d6e80000,0x00000000d7280000)
 ParOldGen       total 68608K, used 5450K [0x0000000080000000, 0x0000000084300000, 0x00000000d5580000)
  object space 68608K, 7% used [0x0000000080000000,0x00000000805528b0,0x0000000084300000)
 Metaspace       used 15956K, committed 16576K, reserved 1114112K
  class space    used 1657K, committed 1920K, reserved 1048576K
}
Event: 5.062 GC heap before
{Heap before GC invocations=5 (full 0):
 PSYoungGen      total 29696K, used 29690K [0x00000000d5580000, 0x00000000d7680000, 0x0000000100000000)
  eden space 25600K, 100% used [0x00000000d5580000,0x00000000d6e80000,0x00000000d6e80000)
  from space 4096K, 99% used [0x00000000d7280000,0x00000000d767e808,0x00000000d7680000)
  to   space 4096K, 0% used [0x00000000d6e80000,0x00000000d6e80000,0x00000000d7280000)
 ParOldGen       total 68608K, used 5450K [0x0000000080000000, 0x0000000084300000, 0x00000000d5580000)
  object space 68608K, 7% used [0x0000000080000000,0x00000000805528b0,0x0000000084300000)
 Metaspace       used 20213K, committed 20800K, reserved 1114112K
  class space    used 1971K, committed 2240K, reserved 1048576K
}
Event: 5.069 GC heap after
{Heap after GC invocations=5 (full 0):
 PSYoungGen      total 29184K, used 4087K [0x00000000d5580000, 0x00000000d7900000, 0x0000000100000000)
  eden space 25088K, 0% used [0x00000000d5580000,0x00000000d5580000,0x00000000d6e00000)
  from space 4096K, 99% used [0x00000000d6e80000,0x00000000d727dd20,0x00000000d7280000)
  to   space 5632K, 0% used [0x00000000d7380000,0x00000000d7380000,0x00000000d7900000)
 ParOldGen       total 68608K, used 6128K [0x0000000080000000, 0x0000000084300000, 0x00000000d5580000)
  object space 68608K, 8% used [0x0000000080000000,0x00000000805fc0a0,0x0000000084300000)
 Metaspace       used 20213K, committed 20800K, reserved 1114112K
  class space    used 1971K, committed 2240K, reserved 1048576K
}
Event: 5.374 GC heap before
{Heap before GC invocations=6 (full 0):
 PSYoungGen      total 29184K, used 22107K [0x00000000d5580000, 0x00000000d7900000, 0x0000000100000000)
  eden space 25088K, 71% used [0x00000000d5580000,0x00000000d6719150,0x00000000d6e00000)
  from space 4096K, 99% used [0x00000000d6e80000,0x00000000d727dd20,0x00000000d7280000)
  to   space 5632K, 0% used [0x00000000d7380000,0x00000000d7380000,0x00000000d7900000)
 ParOldGen       total 68608K, used 6128K [0x0000000080000000, 0x0000000084300000, 0x00000000d5580000)
  object space 68608K, 8% used [0x0000000080000000,0x00000000805fc0a0,0x0000000084300000)
 Metaspace       used 20828K, committed 21504K, reserved 1114112K
  class space    used 2000K, committed 2304K, reserved 1048576K
}
Event: 5.382 GC heap after
{Heap after GC invocations=6 (full 0):
 PSYoungGen      total 30208K, used 5616K [0x00000000d5580000, 0x00000000d7a00000, 0x0000000100000000)
  eden space 24576K, 0% used [0x00000000d5580000,0x00000000d5580000,0x00000000d6d80000)
  from space 5632K, 99% used [0x00000000d7380000,0x00000000d78fc068,0x00000000d7900000)
  to   space 6144K, 0% used [0x00000000d6d80000,0x00000000d6d80000,0x00000000d7380000)
 ParOldGen       total 68608K, used 6304K [0x0000000080000000, 0x0000000084300000, 0x00000000d5580000)
  object space 68608K, 9% used [0x0000000080000000,0x00000000806280a0,0x0000000084300000)
 Metaspace       used 20828K, committed 21504K, reserved 1114112K
  class space    used 2000K, committed 2304K, reserved 1048576K
}
Event: 5.382 GC heap before
{Heap before GC invocations=7 (full 1):
 PSYoungGen      total 30208K, used 5616K [0x00000000d5580000, 0x00000000d7a00000, 0x0000000100000000)
  eden space 24576K, 0% used [0x00000000d5580000,0x00000000d5580000,0x00000000d6d80000)
  from space 5632K, 99% used [0x00000000d7380000,0x00000000d78fc068,0x00000000d7900000)
  to   space 6144K, 0% used [0x00000000d6d80000,0x00000000d6d80000,0x00000000d7380000)
 ParOldGen       total 68608K, used 6304K [0x0000000080000000, 0x0000000084300000, 0x00000000d5580000)
  object space 68608K, 9% used [0x0000000080000000,0x00000000806280a0,0x0000000084300000)
 Metaspace       used 20828K, committed 21504K, reserved 1114112K
  class space    used 2000K, committed 2304K, reserved 1048576K
}
Event: 5.424 GC heap after
{Heap after GC invocations=7 (full 1):
 PSYoungGen      total 30208K, used 0K [0x00000000d5580000, 0x00000000d7a00000, 0x0000000100000000)
  eden space 24576K, 0% used [0x00000000d5580000,0x00000000d5580000,0x00000000d6d80000)
  from space 5632K, 0% used [0x00000000d7380000,0x00000000d7380000,0x00000000d7900000)
  to   space 6144K, 0% used [0x00000000d6d80000,0x00000000d6d80000,0x00000000d7380000)
 ParOldGen       total 68608K, used 9886K [0x0000000080000000, 0x0000000084300000, 0x00000000d5580000)
  object space 68608K, 14% used [0x0000000080000000,0x00000000809a7bb0,0x0000000084300000)
 Metaspace       used 20815K, committed 21504K, reserved 1114112K
  class space    used 1996K, committed 2304K, reserved 1048576K
}

Dll operation events (9 events):
Event: 0.029 Loaded shared library c:\Users\Admin\.vscode\extensions\redhat.java-1.55.0-win32-x64\jre\21.0.11-win32-x86_64\bin\java.dll
Event: 0.179 Loaded shared library c:\Users\Admin\.vscode\extensions\redhat.java-1.55.0-win32-x64\jre\21.0.11-win32-x86_64\bin\zip.dll
Event: 0.223 Loaded shared library C:\Users\Admin\.vscode\extensions\redhat.java-1.55.0-win32-x64\jre\21.0.11-win32-x86_64\bin\instrument.dll
Event: 0.233 Loaded shared library C:\Users\Admin\.vscode\extensions\redhat.java-1.55.0-win32-x64\jre\21.0.11-win32-x86_64\bin\net.dll
Event: 0.236 Loaded shared library C:\Users\Admin\.vscode\extensions\redhat.java-1.55.0-win32-x64\jre\21.0.11-win32-x86_64\bin\nio.dll
Event: 0.243 Loaded shared library C:\Users\Admin\.vscode\extensions\redhat.java-1.55.0-win32-x64\jre\21.0.11-win32-x86_64\bin\zip.dll
Event: 0.284 Loaded shared library C:\Users\Admin\.vscode\extensions\redhat.java-1.55.0-win32-x64\jre\21.0.11-win32-x86_64\bin\jimage.dll
Event: 0.431 Loaded shared library c:\Users\Admin\.vscode\extensions\redhat.java-1.55.0-win32-x64\jre\21.0.11-win32-x86_64\bin\verify.dll
Event: 2.572 Loaded shared library C:\Users\Admin\AppData\Roaming\Code\User\globalStorage\redhat.java\1.55.0\config_ss_win\org.eclipse.equinox.launcher\org.eclipse.equinox.launcher.win32.win32.x86_64_1.3.100.v20260613-0559\eclipse_11924.dll

Deoptimization events (20 events):
Event: 5.622 Thread 0x000001f30f6425e0 DEOPT PACKING pc=0x000001f2c055ac48 sp=0x0000008c13dfdd20
Event: 5.622 Thread 0x000001f30f6425e0 DEOPT UNPACKING pc=0x000001f2bff63aa2 sp=0x0000008c13dfdc20 mode 2
Event: 5.622 Thread 0x000001f30f6425e0 Uncommon trap: trap_request=0xffffffc6 fr.pc=0x000001f2c055ac48 relative=0x00000000000009c8
Event: 5.622 Thread 0x000001f30f6425e0 Uncommon trap: reason=bimorphic_or_optimized_type_check action=maybe_recompile pc=0x000001f2c055ac48 method=java.util.HashMap.putVal(ILjava/lang/Object;Ljava/lang/Object;ZZ)Ljava/lang/Object; @ 56 c2
Event: 5.622 Thread 0x000001f30f6425e0 DEOPT PACKING pc=0x000001f2c055ac48 sp=0x0000008c13dfdd20
Event: 5.622 Thread 0x000001f30f6425e0 DEOPT UNPACKING pc=0x000001f2bff63aa2 sp=0x0000008c13dfdc20 mode 2
Event: 5.623 Thread 0x000001f30f6425e0 Uncommon trap: trap_request=0xffffffc6 fr.pc=0x000001f2c055ac48 relative=0x00000000000009c8
Event: 5.623 Thread 0x000001f30f6425e0 Uncommon trap: reason=bimorphic_or_optimized_type_check action=maybe_recompile pc=0x000001f2c055ac48 method=java.util.HashMap.putVal(ILjava/lang/Object;Ljava/lang/Object;ZZ)Ljava/lang/Object; @ 56 c2
Event: 5.623 Thread 0x000001f30f6425e0 DEOPT PACKING pc=0x000001f2c055ac48 sp=0x0000008c13dfdd20
Event: 5.623 Thread 0x000001f30f6425e0 DEOPT UNPACKING pc=0x000001f2bff63aa2 sp=0x0000008c13dfdc20 mode 2
Event: 5.623 Thread 0x000001f30f6425e0 Uncommon trap: trap_request=0xffffffc6 fr.pc=0x000001f2c055ac48 relative=0x00000000000009c8
Event: 5.623 Thread 0x000001f30f6425e0 Uncommon trap: reason=bimorphic_or_optimized_type_check action=maybe_recompile pc=0x000001f2c055ac48 method=java.util.HashMap.putVal(ILjava/lang/Object;Ljava/lang/Object;ZZ)Ljava/lang/Object; @ 56 c2
Event: 5.623 Thread 0x000001f30f6425e0 DEOPT PACKING pc=0x000001f2c055ac48 sp=0x0000008c13dfdd20
Event: 5.623 Thread 0x000001f30f6425e0 DEOPT UNPACKING pc=0x000001f2bff63aa2 sp=0x0000008c13dfdc20 mode 2
Event: 5.657 Thread 0x000001f30f6425e0 DEOPT PACKING pc=0x000001f2b8dd8dd6 sp=0x0000008c13dfd310
Event: 5.657 Thread 0x000001f30f6425e0 DEOPT UNPACKING pc=0x000001f2bff64242 sp=0x0000008c13dfc820 mode 0
Event: 5.659 Thread 0x000001f30f6425e0 Uncommon trap: trap_request=0xffffff45 fr.pc=0x000001f2c05b8b1c relative=0x000000000000099c
Event: 5.659 Thread 0x000001f30f6425e0 Uncommon trap: reason=unstable_if action=reinterpret pc=0x000001f2c05b8b1c method=java.util.regex.Pattern$BmpCharPropertyGreedy.match(Ljava/util/regex/Matcher;ILjava/lang/CharSequence;)Z @ 12 c2
Event: 5.659 Thread 0x000001f30f6425e0 DEOPT PACKING pc=0x000001f2c05b8b1c sp=0x0000008c13dfd8d0
Event: 5.659 Thread 0x000001f30f6425e0 DEOPT UNPACKING pc=0x000001f2bff63aa2 sp=0x0000008c13dfd798 mode 2

Classes loaded (20 events):
Event: 6.057 Loading class com/sun/org/apache/xml/internal/serializer/ToStream$CharacterBuffer
Event: 6.057 Loading class com/sun/org/apache/xml/internal/serializer/ToStream$CharacterBuffer done
Event: 6.057 Loading class com/sun/org/apache/xml/internal/serializer/Encodings
Event: 6.057 Loading class com/sun/org/apache/xml/internal/serializer/Encodings done
Event: 6.057 Loading class com/sun/org/apache/xml/internal/serializer/Encodings$EncodingInfos
Event: 6.058 Loading class com/sun/org/apache/xml/internal/serializer/Encodings$EncodingInfos done
Event: 6.060 Loading class java/nio/charset/Charset$ExtendedProviderHolder
Event: 6.060 Loading class java/nio/charset/Charset$ExtendedProviderHolder done
Event: 6.060 Loading class java/nio/charset/Charset$ExtendedProviderHolder$1
Event: 6.060 Loading class java/nio/charset/Charset$ExtendedProviderHolder$1 done
Event: 6.083 Loading class java/nio/charset/Charset$ThreadTrackHolder
Event: 6.083 Loading class java/nio/charset/Charset$ThreadTrackHolder done
Event: 6.083 Loading class java/nio/charset/Charset$2
Event: 6.083 Loading class java/nio/charset/Charset$2 done
Event: 6.083 Loading class java/nio/charset/Charset$1
Event: 6.084 Loading class java/nio/charset/Charset$1 done
Event: 6.087 Loading class java/nio/charset/UnsupportedCharsetException
Event: 6.087 Loading class java/nio/charset/UnsupportedCharsetException done
Event: 6.100 Loading class sun/nio/cs/ISO_8859_13
Event: 6.101 Loading class sun/nio/cs/ISO_8859_13 done

Classes unloaded (7 events):
Event: 5.388 Thread 0x000001f2b5774890 Unloading class 0x000001f2ce190c00 'java/lang/invoke/LambdaForm$MH+0x000001f2ce190c00'
Event: 5.388 Thread 0x000001f2b5774890 Unloading class 0x000001f2ce190800 'java/lang/invoke/LambdaForm$MH+0x000001f2ce190800'
Event: 5.388 Thread 0x000001f2b5774890 Unloading class 0x000001f2ce190400 'java/lang/invoke/LambdaForm$MH+0x000001f2ce190400'
Event: 5.388 Thread 0x000001f2b5774890 Unloading class 0x000001f2ce190000 'java/lang/invoke/LambdaForm$MH+0x000001f2ce190000'
Event: 5.388 Thread 0x000001f2b5774890 Unloading class 0x000001f2ce18fc00 'java/lang/invoke/LambdaForm$BMH+0x000001f2ce18fc00'
Event: 5.388 Thread 0x000001f2b5774890 Unloading class 0x000001f2ce18f800 'java/lang/invoke/LambdaForm$DMH+0x000001f2ce18f800'
Event: 5.388 Thread 0x000001f2b5774890 Unloading class 0x000001f2ce18e400 'java/lang/invoke/LambdaForm$DMH+0x000001f2ce18e400'

Classes redefined (0 events):
No events

Internal exceptions (20 events):
Event: 4.125 Thread 0x000001f30f6425e0 Exception <a 'java/lang/NoSuchMethodError'{0x00000000d5e2b268}: 'int java.lang.invoke.DirectMethodHandle$Holder.invokeStaticInit(java.lang.Object, java.lang.Object, java.lang.Object)'> (0x00000000d5e2b268) 
thrown [s\src\hotspot\share\interpreter\linkResolver.cpp, line 773]
Event: 4.151 Thread 0x000001f30f6425e0 Exception <a 'java/lang/IncompatibleClassChangeError'{0x00000000d5ec5550}: Found class java.lang.Object, but interface was expected> (0x00000000d5ec5550) 
thrown [s\src\hotspot\share\interpreter\linkResolver.cpp, line 840]
Event: 4.152 Thread 0x000001f30f6425e0 Exception <a 'java/lang/NoSuchMethodError'{0x00000000d5ec9100}: 'java.lang.Object java.lang.invoke.DirectMethodHandle$Holder.invokeSpecial(java.lang.Object, java.lang.Object, java.lang.Object, int, java.lang.Object, java.lang.Object)'> (0x00000000d5ec9100) 
thrown [s\src\hotspot\share\interpreter\linkResolver.cpp, line 773]
Event: 4.153 Thread 0x000001f30f6425e0 Exception <a 'java/lang/NoSuchMethodError'{0x00000000d5ed0bd8}: 'java.lang.Object java.lang.invoke.DirectMethodHandle$Holder.newInvokeSpecial(java.lang.Object, java.lang.Object, java.lang.Object, int, java.lang.Object)'> (0x00000000d5ed0bd8) 
thrown [s\src\hotspot\share\interpreter\linkResolver.cpp, line 773]
Event: 4.154 Thread 0x000001f30f6425e0 Exception <a 'java/lang/NoSuchMethodError'{0x00000000d5ed4b58}: 'java.lang.Object java.lang.invoke.DirectMethodHandle$Holder.invokeSpecial(java.lang.Object, java.lang.Object, java.lang.Object, java.lang.Object, int, java.lang.Object)'> (0x00000000d5ed4b58) 
thrown [s\src\hotspot\share\interpreter\linkResolver.cpp, line 773]
Event: 4.154 Thread 0x000001f30f6425e0 Exception <a 'java/lang/NoSuchMethodError'{0x00000000d5ed8698}: 'java.lang.Object java.lang.invoke.Invokers$Holder.linkToTargetMethod(java.lang.Object, java.lang.Object, int, java.lang.Object, java.lang.Object)'> (0x00000000d5ed8698) 
thrown [s\src\hotspot\share\interpreter\linkResolver.cpp, line 773]
Event: 4.155 Thread 0x000001f314338420 Exception <a 'java/lang/NoSuchMethodError'{0x00000000d5df73b0}: 'java.lang.Object java.lang.invoke.DirectMethodHandle$Holder.invokeSpecial(java.lang.Object, java.lang.Object, int, java.lang.Object, java.lang.Object)'> (0x00000000d5df73b0) 
thrown [s\src\hotspot\share\interpreter\linkResolver.cpp, line 773]
Event: 4.157 Thread 0x000001f314338420 Exception <a 'java/lang/NoSuchMethodError'{0x00000000d5dfe0e8}: 'java.lang.Object java.lang.invoke.DirectMethodHandle$Holder.newInvokeSpecial(java.lang.Object, java.lang.Object, int, java.lang.Object)'> (0x00000000d5dfe0e8) 
thrown [s\src\hotspot\share\interpreter\linkResolver.cpp, line 773]
Event: 4.158 Thread 0x000001f314338420 Exception <a 'java/lang/NoSuchMethodError'{0x00000000d5e019c8}: 'java.lang.Object java.lang.invoke.DirectMethodHandle$Holder.invokeSpecial(java.lang.Object, java.lang.Object, java.lang.Object, int, java.lang.Object)'> (0x00000000d5e019c8) 
thrown [s\src\hotspot\share\interpreter\linkResolver.cpp, line 773]
Event: 4.192 Thread 0x000001f30f6425e0 Exception <a 'java/lang/NoSuchMethodError'{0x00000000d6029b90}: 'void java.lang.invoke.DirectMethodHandle$Holder.invokeSpecial(java.lang.Object, java.lang.Object, java.lang.Object, java.lang.Object, java.lang.Object)'> (0x00000000d6029b90) 
thrown [s\src\hotspot\share\interpreter\linkResolver.cpp, line 773]
Event: 4.262 Thread 0x000001f30f6425e0 Exception <a 'java/lang/NoSuchMethodError'{0x00000000d62245a8}: 'double java.lang.invoke.DirectMethodHandle$Holder.invokeStatic(java.lang.Object, java.lang.Object)'> (0x00000000d62245a8) 
thrown [s\src\hotspot\share\interpreter\linkResolver.cpp, line 773]
Event: 4.263 Thread 0x000001f30f6425e0 Exception <a 'java/lang/NoSuchMethodError'{0x00000000d6227c68}: 'double java.lang.invoke.DirectMethodHandle$Holder.invokeStaticInit(java.lang.Object, java.lang.Object)'> (0x00000000d6227c68) 
thrown [s\src\hotspot\share\interpreter\linkResolver.cpp, line 773]
Event: 4.855 Thread 0x000001f30f6425e0 Implicit null exception at 0x000001f2c05b6ef5 to 0x000001f2c05b6fd0
Event: 5.166 Thread 0x000001f30f6425e0 Exception <a 'java/io/FileNotFoundException'{0x00000000d6132470}> (0x00000000d6132470) 
thrown [s\src\hotspot\share\prims\jni.cpp, line 520]
Event: 5.166 Thread 0x000001f30f6425e0 Exception <a 'java/io/FileNotFoundException'{0x00000000d6133470}> (0x00000000d6133470) 
thrown [s\src\hotspot\share\prims\jni.cpp, line 520]
Event: 5.544 Thread 0x000001f30f6425e0 Exception <a 'java/lang/NoSuchMethodError'{0x00000000d5833e38}: 'java.lang.Object java.lang.invoke.DirectMethodHandle$Holder.newInvokeSpecial(java.lang.Object, int, java.lang.Object, java.lang.Object)'> (0x00000000d5833e38) 
thrown [s\src\hotspot\share\interpreter\linkResolver.cpp, line 773]
Event: 5.645 Thread 0x000001f30f6425e0 Exception <a 'sun/nio/fs/WindowsException'{0x00000000d5a16f80}> (0x00000000d5a16f80) 
thrown [s\src\hotspot\share\prims\jni.cpp, line 520]
Event: 5.742 Thread 0x000001f30f6425e0 Exception <a 'java/lang/NoSuchMethodError'{0x00000000d5d0b240}: 'java.lang.Object java.lang.invoke.DirectMethodHandle$Holder.invokeStaticInit(java.lang.Object, int, int, int, int)'> (0x00000000d5d0b240) 
thrown [s\src\hotspot\share\interpreter\linkResolver.cpp, line 773]
Event: 5.825 Thread 0x000001f30f6425e0 Exception <a 'java/lang/NoSuchMethodError'{0x00000000d5e49cc8}: 'java.lang.Object java.lang.invoke.DirectMethodHandle$Holder.invokeStaticInit(java.lang.Object, java.lang.Object, int, int, int, int)'> (0x00000000d5e49cc8) 
thrown [s\src\hotspot\share\interpreter\linkResolver.cpp, line 773]
Event: 6.048 Thread 0x000001f30f6425e0 Exception <a 'java/lang/ClassNotFoundException'{0x00000000d62eb920}: com/sun/org/apache/xml/internal/serializer/spi/XMLEntitiesProvider> (0x00000000d62eb920) 
thrown [s\src\hotspot\share\classfile\systemDictionary.cpp, line 313]

ZGC Phase Switch (0 events):
No events

VM Operations (20 events):
Event: 3.429 Executing non-safepoint VM operation: HandshakeAllThreads (Deoptimize)
Event: 3.429 Executing non-safepoint VM operation: HandshakeAllThreads (Deoptimize) done
Event: 3.735 Executing safepoint VM operation: ParallelGCFailedAllocation (Allocation Failure)
Event: 3.744 Executing safepoint VM operation: ParallelGCFailedAllocation (Allocation Failure) done
Event: 3.857 Executing non-safepoint VM operation: HandshakeAllThreads (Deoptimize)
Event: 3.858 Executing non-safepoint VM operation: HandshakeAllThreads (Deoptimize) done
Event: 3.869 Executing non-safepoint VM operation: HandshakeAllThreads (Deoptimize)
Event: 3.869 Executing non-safepoint VM operation: HandshakeAllThreads (Deoptimize) done
Event: 3.901 Executing non-safepoint VM operation: HandshakeAllThreads (Deoptimize)
Event: 3.901 Executing non-safepoint VM operation: HandshakeAllThreads (Deoptimize) done
Event: 4.470 Executing safepoint VM operation: ParallelGCFailedAllocation (Allocation Failure)
Event: 4.475 Executing safepoint VM operation: ParallelGCFailedAllocation (Allocation Failure) done
Event: 5.062 Executing safepoint VM operation: ParallelGCFailedAllocation (Allocation Failure)
Event: 5.069 Executing safepoint VM operation: ParallelGCFailedAllocation (Allocation Failure) done
Event: 5.374 Executing safepoint VM operation: CollectForMetadataAllocation (Metadata GC Threshold)
Event: 5.424 Executing safepoint VM operation: CollectForMetadataAllocation (Metadata GC Threshold) done
Event: 5.620 Executing non-safepoint VM operation: HandshakeAllThreads (Deoptimize)
Event: 5.620 Executing non-safepoint VM operation: HandshakeAllThreads (Deoptimize) done
Event: 5.729 Executing non-safepoint VM operation: HandshakeAllThreads (Deoptimize)
Event: 5.729 Executing non-safepoint VM operation: HandshakeAllThreads (Deoptimize) done

Memory protections (0 events):
No events

Nmethod flushes (0 events):
No events

Events (20 events):
Event: 0.094 Thread 0x000001f2b57dc6e0 Thread added: 0x000001f30f115e10
Event: 0.094 Thread 0x000001f2b57dc6e0 Thread added: 0x000001f30f116af0
Event: 0.095 Thread 0x000001f2b57dc6e0 Thread added: 0x000001f30f118ab0
Event: 0.095 Thread 0x000001f2b57dc6e0 Thread added: 0x000001f30f119510
Event: 0.095 Thread 0x000001f2b57dc6e0 Thread added: 0x000001f30f11c490
Event: 0.095 Thread 0x000001f2b57dc6e0 Thread added: 0x000001f30f12eed0
Event: 0.199 Thread 0x000001f30f12eed0 Thread added: 0x000001f30f2ea470
Event: 0.228 Thread 0x000001f2b57dc6e0 Thread added: 0x000001f30f337640
Event: 0.571 Thread 0x000001f2b57dc6e0 Thread added: 0x000001f30f48c190
Event: 2.147 Thread 0x000001f2b57dc6e0 Thread added: 0x000001f30fc1af80
Event: 2.549 Thread 0x000001f2b57dc6e0 Thread added: 0x000001f30fce9ff0
Event: 2.555 Thread 0x000001f2b57dc6e0 Thread added: 0x000001f30f6425e0
Event: 2.638 Thread 0x000001f30f6425e0 Thread added: 0x000001f30fb4c860
Event: 2.712 Thread 0x000001f30f2ea470 Thread exited: 0x000001f30f2ea470
Event: 3.499 Thread 0x000001f30f6425e0 Thread added: 0x000001f31416dbb0
Event: 4.112 Thread 0x000001f30f6425e0 Thread added: 0x000001f314338420
Event: 4.157 Thread 0x000001f30f6425e0 Thread added: 0x000001f31443e850
Event: 5.219 Thread 0x000001f30f12eed0 Thread added: 0x000001f3146d2240
Event: 5.493 Thread 0x000001f30f6425e0 Thread added: 0x000001f31412cb40
Event: 5.701 Thread 0x000001f31412cb40 Thread exited: 0x000001f31412cb40


Dynamic libraries:
0x00007ff654640000 - 0x00007ff65464e000 	c:\Users\Admin\.vscode\extensions\redhat.java-1.55.0-win32-x64\jre\21.0.11-win32-x86_64\bin\java.exe
0x00007ffaf6d90000 - 0x00007ffaf6fe5000 	C:\Windows\SYSTEM32\ntdll.dll
0x00007ffaf5d90000 - 0x00007ffaf5e57000 	C:\Windows\System32\KERNEL32.DLL
0x00007ffaf44b0000 - 0x00007ffaf4850000 	C:\Windows\System32\KERNELBASE.dll
0x00007ffaf4360000 - 0x00007ffaf44aa000 	C:\Windows\System32\ucrtbase.dll
0x00007ffad2110000 - 0x00007ffad212e000 	c:\Users\Admin\.vscode\extensions\redhat.java-1.55.0-win32-x64\jre\21.0.11-win32-x86_64\bin\VCRUNTIME140.dll
0x00007ffad2240000 - 0x00007ffad2258000 	c:\Users\Admin\.vscode\extensions\redhat.java-1.55.0-win32-x64\jre\21.0.11-win32-x86_64\bin\jli.dll
0x00007ffaf6090000 - 0x00007ffaf624f000 	C:\Windows\System32\USER32.dll
0x00007ffae2330000 - 0x00007ffae25c0000 	C:\Windows\WinSxS\amd64_microsoft.windows.common-controls_6595b64144ccf1df_6.0.26100.1_none_fc2d3fda0fd46076\COMCTL32.dll
0x00007ffaf4900000 - 0x00007ffaf4927000 	C:\Windows\System32\win32u.dll
0x00007ffaf6890000 - 0x00007ffaf6939000 	C:\Windows\System32\msvcrt.dll
0x00007ffaf5130000 - 0x00007ffaf515a000 	C:\Windows\System32\GDI32.dll
0x00007ffaf4930000 - 0x00007ffaf4a51000 	C:\Windows\System32\gdi32full.dll
0x00007ffaf4ae0000 - 0x00007ffaf4b83000 	C:\Windows\System32\msvcp_win.dll
0x00007ffaf5ee0000 - 0x00007ffaf5f0f000 	C:\Windows\System32\IMM32.DLL
0x00007ffaef2e0000 - 0x00007ffaef2ec000 	c:\Users\Admin\.vscode\extensions\redhat.java-1.55.0-win32-x64\jre\21.0.11-win32-x86_64\bin\vcruntime140_1.dll
0x00007ffacdfc0000 - 0x00007fface04d000 	c:\Users\Admin\.vscode\extensions\redhat.java-1.55.0-win32-x64\jre\21.0.11-win32-x86_64\bin\msvcp140.dll
0x00007ffa6fc80000 - 0x00007ffa70a22000 	c:\Users\Admin\.vscode\extensions\redhat.java-1.55.0-win32-x64\jre\21.0.11-win32-x86_64\bin\server\jvm.dll
0x00007ffaf5fd0000 - 0x00007ffaf6082000 	C:\Windows\System32\ADVAPI32.dll
0x00007ffaf5860000 - 0x00007ffaf5906000 	C:\Windows\System32\sechost.dll
0x00007ffaf6450000 - 0x00007ffaf6569000 	C:\Windows\System32\RPCRT4.dll
0x00007ffaf4dd0000 - 0x00007ffaf4e44000 	C:\Windows\System32\WS2_32.dll
0x00007ffaea7d0000 - 0x00007ffaea806000 	C:\Windows\SYSTEM32\WINMM.dll
0x00007ffaf4080000 - 0x00007ffaf40ce000 	C:\Windows\SYSTEM32\POWRPROF.dll
0x00007ffaecaf0000 - 0x00007ffaecafb000 	C:\Windows\SYSTEM32\VERSION.dll
0x00007ffaf4060000 - 0x00007ffaf4074000 	C:\Windows\SYSTEM32\UMPDC.dll
0x00007ffaf30c0000 - 0x00007ffaf30da000 	C:\Windows\SYSTEM32\kernel.appcore.dll
0x00007ffaeebf0000 - 0x00007ffaeebfa000 	c:\Users\Admin\.vscode\extensions\redhat.java-1.55.0-win32-x64\jre\21.0.11-win32-x86_64\bin\jimage.dll
0x00007ffaebda0000 - 0x00007ffaebfe1000 	C:\Windows\SYSTEM32\DBGHELP.DLL
0x00007ffaf69c0000 - 0x00007ffaf6d35000 	C:\Windows\System32\combase.dll
0x00007ffaf5050000 - 0x00007ffaf5126000 	C:\Windows\System32\OLEAUT32.dll
0x00007ffada0c0000 - 0x00007ffada0f9000 	C:\Windows\SYSTEM32\dbgcore.DLL
0x00007ffaf4860000 - 0x00007ffaf48f9000 	C:\Windows\System32\bcryptPrimitives.dll
0x00007ffadb4d0000 - 0x00007ffadb4df000 	c:\Users\Admin\.vscode\extensions\redhat.java-1.55.0-win32-x64\jre\21.0.11-win32-x86_64\bin\instrument.dll
0x00007ffacebb0000 - 0x00007ffacebd0000 	c:\Users\Admin\.vscode\extensions\redhat.java-1.55.0-win32-x64\jre\21.0.11-win32-x86_64\bin\java.dll
0x00007ffaf5160000 - 0x00007ffaf5846000 	C:\Windows\System32\SHELL32.dll
0x00007ffaf2060000 - 0x00007ffaf288b000 	C:\Windows\SYSTEM32\windows.storage.dll
0x00007ffaf4f60000 - 0x00007ffaf5033000 	C:\Windows\System32\SHCORE.dll
0x00007ffaf6570000 - 0x00007ffaf65cd000 	C:\Windows\System32\shlwapi.dll
0x00007ffaf4100000 - 0x00007ffaf4124000 	C:\Windows\SYSTEM32\profapi.dll
0x00007fface4a0000 - 0x00007fface4b8000 	c:\Users\Admin\.vscode\extensions\redhat.java-1.55.0-win32-x64\jre\21.0.11-win32-x86_64\bin\zip.dll
0x00007ffad1990000 - 0x00007ffad19a0000 	C:\Users\Admin\.vscode\extensions\redhat.java-1.55.0-win32-x64\jre\21.0.11-win32-x86_64\bin\net.dll
0x00007ffaedcb0000 - 0x00007ffaeddcd000 	C:\Windows\SYSTEM32\WINHTTP.dll
0x00007ffaf35f0000 - 0x00007ffaf3658000 	C:\Windows\system32\mswsock.dll
0x00007fface480000 - 0x00007fface496000 	C:\Users\Admin\.vscode\extensions\redhat.java-1.55.0-win32-x64\jre\21.0.11-win32-x86_64\bin\nio.dll
0x00007ffad7240000 - 0x00007ffad7250000 	c:\Users\Admin\.vscode\extensions\redhat.java-1.55.0-win32-x64\jre\21.0.11-win32-x86_64\bin\verify.dll
0x00007ffa9a300000 - 0x00007ffa9a345000 	C:\Users\Admin\AppData\Roaming\Code\User\globalStorage\redhat.java\1.55.0\config_ss_win\org.eclipse.equinox.launcher\org.eclipse.equinox.launcher.win32.win32.x86_64_1.3.100.v20260613-0559\eclipse_11924.dll
0x00007ffaf62b0000 - 0x00007ffaf6445000 	C:\Windows\System32\ole32.dll
0x00007ffaf3870000 - 0x00007ffaf388c000 	C:\Windows\SYSTEM32\CRYPTSP.dll
0x00007ffaf3020000 - 0x00007ffaf3058000 	C:\Windows\system32\rsaenh.dll
0x00007ffaf3690000 - 0x00007ffaf36bb000 	C:\Windows\SYSTEM32\USERENV.dll
0x00007ffaf3ab0000 - 0x00007ffaf3ad6000 	C:\Windows\SYSTEM32\bcrypt.dll
0x00007ffaf3890000 - 0x00007ffaf389c000 	C:\Windows\SYSTEM32\CRYPTBASE.dll
0x00007ffaf2b20000 - 0x00007ffaf2b50000 	C:\Windows\SYSTEM32\IPHLPAPI.DLL
0x00007ffaf5040000 - 0x00007ffaf504a000 	C:\Windows\System32\NSI.dll

JVMTI agents:
c:\Users\Admin\.vscode\extensions\redhat.java-1.55.0-win32-x64\lombok\lombok-1.18.39-4050.jar path:c:\Users\Admin\.vscode\extensions\redhat.java-1.55.0-win32-x64\jre\21.0.11-win32-x86_64\bin\instrument.dll, loaded, initialized, instrumentlib options:none

dbghelp: loaded successfully - version: 4.0.5 - missing functions: none
symbol engine: initialized successfully - sym options: 0x614 - pdb path: .;c:\Users\Admin\.vscode\extensions\redhat.java-1.55.0-win32-x64\jre\21.0.11-win32-x86_64\bin;C:\Windows\SYSTEM32;C:\Windows\WinSxS\amd64_microsoft.windows.common-controls_6595b64144ccf1df_6.0.26100.1_none_fc2d3fda0fd46076;c:\Users\Admin\.vscode\extensions\redhat.java-1.55.0-win32-x64\jre\21.0.11-win32-x86_64\bin\server;C:\Users\Admin\AppData\Roaming\Code\User\globalStorage\redhat.java\1.55.0\config_ss_win\org.eclipse.equinox.launcher\org.eclipse.equinox.launcher.win32.win32.x86_64_1.3.100.v20260613-0559

VM Arguments:
jvm_args: --add-modules=ALL-SYSTEM --add-opens=java.base/java.util=ALL-UNNAMED --add-opens=java.base/java.lang=ALL-UNNAMED --add-opens=java.base/sun.nio.fs=ALL-UNNAMED -Declipse.application=org.eclipse.jdt.ls.core.id1 -Dosgi.bundles.defaultStartLevel=4 -Declipse.product=org.eclipse.jdt.ls.core.product -Djava.import.generatesMetadataFilesAtProjectRoot=false -DDetectVMInstallationsJob.disabled=true -Dfile.encoding=utf8 -XX:+UseParallelGC -XX:GCTimeRatio=4 -XX:AdaptiveSizePolicyWeight=90 -Dsun.zip.disableMemoryMapping=true -Xmx2G -Xms100m -Xlog:disable -javaagent:c:\Users\Admin\.vscode\extensions\redhat.java-1.55.0-win32-x64\lombok\lombok-1.18.39-4050.jar 
java_command: c:\Users\Admin\.vscode\extensions\redhat.java-1.55.0-win32-x64\server\plugins\org.eclipse.equinox.launcher_1.7.200.v20260619-2039.jar -configuration c:\Users\Admin\AppData\Roaming\Code\User\globalStorage\redhat.java\1.55.0\config_ss_win -data c:\Users\Admin\AppData\Roaming\Code\User\workspaceStorage\801ed1664cc344b479297c66898efbba\redhat.java\ss_ws --pipe=\\.\pipe\lsp-5f5ad4429abd96ed4fac7e5225f08736-sock
java_class_path (initial): c:\Users\Admin\.vscode\extensions\redhat.java-1.55.0-win32-x64\server\plugins\org.eclipse.equinox.launcher_1.7.200.v20260619-2039.jar
Launcher Type: SUN_STANDARD

[Global flags]
    uintx AdaptiveSizePolicyWeight                 = 90                                        {product} {command line}
     intx CICompilerCount                          = 4                                         {product} {ergonomic}
    uintx GCTimeRatio                              = 4                                         {product} {command line}
   size_t InitialHeapSize                          = 104857600                                 {product} {command line}
   size_t MaxHeapSize                              = 2147483648                                {product} {command line}
   size_t MaxNewSize                               = 715653120                                 {product} {ergonomic}
   size_t MinHeapDeltaBytes                        = 524288                                    {product} {ergonomic}
   size_t MinHeapSize                              = 104857600                                 {product} {command line}
   size_t NewSize                                  = 34603008                                  {product} {ergonomic}
    uintx NonNMethodCodeHeapSize                   = 5839372                                {pd product} {ergonomic}
    uintx NonProfiledCodeHeapSize                  = 122909434                              {pd product} {ergonomic}
   size_t OldSize                                  = 70254592                                  {product} {ergonomic}
    uintx ProfiledCodeHeapSize                     = 122909434                              {pd product} {ergonomic}
    uintx ReservedCodeCacheSize                    = 251658240                              {pd product} {ergonomic}
     bool SegmentedCodeCache                       = true                                      {product} {ergonomic}
   size_t SoftMaxHeapSize                          = 2147483648                             {manageable} {ergonomic}
     bool UseCompressedOops                        = true                           {product lp64_product} {ergonomic}
     bool UseLargePagesIndividualAllocation        = false                                  {pd product} {ergonomic}
     bool UseParallelGC                            = true                                      {product} {command line}

Logging:
Log output configuration:
 #0: stdout all=off uptime,level,tags foldmultilines=false
 #1: stderr all=off uptime,level,tags foldmultilines=false

Release file:
JAVA_VERSION="21.0.11" 
MODULES="java.base java.compiler java.datatransfer java.xml java.prefs java.desktop java.instrument java.logging java.management java.security.sasl java.naming java.rmi java.management.rmi java.net.http java.scripting java.security.jgss java.transaction.xa java.sql java.sql.rowset java.xml.crypto java.se java.smartcardio jdk.accessibility jdk.internal.jvmstat jdk.attach jdk.charsets jdk.internal.opt jdk.zipfs jdk.compiler jdk.crypto.ec jdk.crypto.cryptoki jdk.crypto.mscapi jdk.dynalink jdk.internal.ed jdk.editpad jdk.hotspot.agent jdk.httpserver jdk.internal.le jdk.internal.vm.ci jdk.internal.vm.compiler jdk.internal.vm.compiler.management jdk.jartool jdk.javadoc jdk.jcmd jdk.management jdk.management.agent jdk.jconsole jdk.jdeps jdk.jdwp.agent jdk.jdi jdk.jfr jdk.jshell jdk.jsobject jdk.jstatd jdk.localedata jdk.management.jfr jdk.naming.dns jdk.naming.rmi jdk.net jdk.nio.mapmode jdk.random jdk.sctp jdk.security.auth jdk.security.jgss jdk.unsupported jdk.unsupported.desktop jdk.xml.dom" 

Environment Variables:
JAVA_HOME=C:\Program Files\Java\jdk-17
PATH=C:\Program Files\Python314\Scripts\;C:\Program Files\Python314\;C:\Windows\system32;C:\Windows;C:\Windows\System32\Wbem;C:\Windows\System32\WindowsPowerShell\v1.0\;C:\Windows\System32\OpenSSH\;C:\Program Files\Git\cmd;C:\Program Files\dotnet\;%ANDROID_HOME%\platform-tools;%ANDROID_HOME%\cmdline-tools\latest\bin;%ANDROID_HOME%\emulator;%JAVA_HOME%\bin;C:\Program Files\nodejs\;C:\Users\Admin\AppData\Local\Microsoft\WindowsApps;C:\flutter\bin;C:\Users\Admin\.dotnet\tools;C:\Users\Admin\AppData\Local\Android\Sdk\platform-tools;C:\Users\Admin\AppData\Local\Programs\Microsoft VS Code\bin;C:\Users\Admin\AppData\Roaming\npm
USERNAME=Admin
OS=Windows_NT
PROCESSOR_IDENTIFIER=AMD64 Family 23 Model 96 Stepping 1, AuthenticAMD
TMP=C:\Users\Admin\AppData\Local\Temp
TEMP=C:\Users\Admin\AppData\Local\Temp




Periodic native trim disabled

---------------  S Y S T E M  ---------------

OS:
 Windows 11 , 64 bit Build 26100 (10.0.26100.1)
OS uptime: 0 days 0:18 hours

CPU: total 12 (initial active 12) (12 cores per cpu, 2 threads per core) family 23 model 96 stepping 1 microcode 0x8600106, cx8, cmov, fxsr, ht, mmx, 3dnowpref, sse, sse2, sse3, ssse3, sse4a, sse4.1, sse4.2, popcnt, lzcnt, tsc, tscinvbit, avx, avx2, aes, clmul, bmi1, bmi2, adx, sha, fma, vzeroupper, clflush, clflushopt, rdtscp, rdpid, f16c
Processor Information for the first 12 processors :
  Max Mhz: 3001, Current Mhz: 1885, Mhz Limit: 3001

Memory: 4k page, system-wide physical 7598M (888M free)
TotalPageFile size 13742M (AvailPageFile size 13M)
current process WorkingSet (physical memory assigned to process): 163M, peak: 168M
current process commit charge ("private bytes"): 305M, peak: 311M

vm_info: OpenJDK 64-Bit Server VM (21.0.11+10-LTS) for windows-amd64 JRE (21.0.11+10-LTS), built on 2026-04-21T00:00:00Z by "admin" with MS VC++ 17.12 (VS2022)

END.
