#
# There is insufficient memory for the Java Runtime Environment to continue.
# Native memory allocation (malloc) failed to allocate 1133456 bytes. Error detail: Chunk::new
# Possible reasons:
#   The system is out of physical RAM or swap space
#   This process is running with CompressedOops enabled, and the Java Heap may be blocking the growth of the native heap
# Possible solutions:
#   Reduce memory load on the system
#   Increase physical memory or swap space
#   Check if swap backing store is full
#   Decrease Java heap size (-Xmx/-Xms)
#   Decrease number of Java threads
#   Decrease Java thread stack sizes (-Xss)
#   Set larger code cache with -XX:ReservedCodeCacheSize=
#   JVM is running with Unscaled Compressed Oops mode in which the Java heap is
#     placed in the first 4GB address space. The Java Heap base address is the
#     maximum limit for the native heap growth. Please use -XX:HeapBaseMinAddress
#     to set the Java Heap base and to place the Java Heap above 4GB virtual address.
# This output file may be truncated or incomplete.
#
#  Out of Memory Error (arena.cpp:168), pid=20716, tid=19772
#
# JRE version: OpenJDK Runtime Environment Temurin-21.0.11+10 (21.0.11+10) (build 21.0.11+10-LTS)
# Java VM: OpenJDK 64-Bit Server VM Temurin-21.0.11+10 (21.0.11+10-LTS, mixed mode, sharing, tiered, compressed oops, compressed class ptrs, parallel gc, windows-amd64)
# No core dump will be written. Minidumps are not enabled by default on client versions of Windows
#

---------------  S U M M A R Y ------------

Command Line: --add-modules=ALL-SYSTEM --add-opens=java.base/java.util=ALL-UNNAMED --add-opens=java.base/java.lang=ALL-UNNAMED --add-opens=java.base/sun.nio.fs=ALL-UNNAMED -Declipse.application=org.eclipse.jdt.ls.core.id1 -Dosgi.bundles.defaultStartLevel=4 -Declipse.product=org.eclipse.jdt.ls.core.product -Djava.import.generatesMetadataFilesAtProjectRoot=false -DDetectVMInstallationsJob.disabled=true -Dfile.encoding=utf8 -XX:+UseParallelGC -XX:GCTimeRatio=4 -XX:AdaptiveSizePolicyWeight=90 -Dsun.zip.disableMemoryMapping=true -Xmx2G -Xms100m -Xlog:disable -javaagent:c:\Users\Admin\.vscode\extensions\redhat.java-1.55.0-win32-x64\lombok\lombok-1.18.39-4050.jar -XX:+HeapDumpOnOutOfMemoryError -XX:HeapDumpPath=c:\Users\Admin\AppData\Roaming\Code\User\workspaceStorage\801ed1664cc344b479297c66898efbba\redhat.java -Daether.dependencyCollector.impl=bf c:\Users\Admin\.vscode\extensions\redhat.java-1.55.0-win32-x64\server\plugins\org.eclipse.equinox.launcher_1.7.200.v20260619-2039.jar -configuration c:\Users\Admin\AppData\Roaming\Code\User\globalStorage\redhat.java\1.55.0\config_win -data c:\Users\Admin\AppData\Roaming\Code\User\workspaceStorage\801ed1664cc344b479297c66898efbba\redhat.java\jdt_ws --pipe=\\.\pipe\lsp-6d7dbee929b1abd7daa688cdc7367ba9-sock

Host: AMD Ryzen 5 4600H with Radeon Graphics         , 12 cores, 7G,  Windows 11 , 64 bit Build 26100 (10.0.26100.1)
Time: Mon Jul  6 14:09:13 2026 Malay Peninsula Standard Time elapsed time: 22.968432 seconds (0d 0h 0m 22s)

---------------  T H R E A D  ---------------

Current thread (0x000001d7e7ace420):  JavaThread "C2 CompilerThread1" daemon [_thread_in_native, id=19772, stack(0x00000027d6100000,0x00000027d6200000) (1024K)]


Current CompileTask:
C2:22968 4866       4       org.eclipse.osgi.internal.serviceregistry.ServiceRegistry::notifyHooksPrivileged (57 bytes)

Stack: [0x00000027d6100000,0x00000027d6200000]
Native frames: (J=compiled Java code, j=interpreted, Vv=VM code, C=native code)
V  [jvm.dll+0x6d7e19]
V  [jvm.dll+0x8b5096]
V  [jvm.dll+0x8b764e]
V  [jvm.dll+0x8b7d33]
V  [jvm.dll+0x284596]
V  [jvm.dll+0xc685d]
V  [jvm.dll+0xc6da1]
V  [jvm.dll+0x3bed31]
V  [jvm.dll+0x38b2b2]
V  [jvm.dll+0x38a6fa]
V  [jvm.dll+0x24c700]
V  [jvm.dll+0x24bce0]
V  [jvm.dll+0x1cb4ae]
V  [jvm.dll+0x25baad]
V  [jvm.dll+0x25a03a]
V  [jvm.dll+0x3f868e]
V  [jvm.dll+0x85fb0d]
V  [jvm.dll+0x6d664d]
C  [ucrtbase.dll+0x43340]
C  [KERNEL32.DLL+0x31fd7]
C  [ntdll.dll+0x6d7d0]


---------------  P R O C E S S  ---------------

Threads class SMR info:
_java_thread_list=0x000001d7e9c5aff0, length=43, elements={
0x000001d7ca11afb0, 0x000001d7e29d44b0, 0x000001d7e29d5520, 0x000001d7ca0ce330,
0x000001d7e29d5f80, 0x000001d7e29d89f0, 0x000001d7e29d9450, 0x000001d7e29da290,
0x000001d7e29e4380, 0x000001d7e2c40440, 0x000001d7e7070210, 0x000001d7e774b390,
0x000001d7e774ba20, 0x000001d7e774c0b0, 0x000001d7e774ad00, 0x000001d7e7bff740,
0x000001d7e7bfe390, 0x000001d7e7bffdd0, 0x000001d7e7c01810, 0x000001d7e7c00460,
0x000001d7e7c01180, 0x000001d7e7c01ea0, 0x000001d7e7ace420, 0x000001d7e7c00af0,
0x000001d7e7bfea20, 0x000001d7e7bff0b0, 0x000001d7e7c02530, 0x000001d7e7c02bc0,
0x000001d7e7c03f70, 0x000001d7e7c04600, 0x000001d7e7c05320, 0x000001d7e7c059b0,
0x000001d7e7c03250, 0x000001d7e7c04c90, 0x000001d7e7c038e0, 0x000001d7e7671a10,
0x000001d7e7672730, 0x000001d7e76720a0, 0x000001d7e7672dc0, 0x000001d7e766f940,
0x000001d7e7671380, 0x000001d7e7673450, 0x000001d7e766ffd0
}

Java Threads: ( => current thread )
  0x000001d7ca11afb0 JavaThread "main"                              [_thread_blocked, id=20676, stack(0x00000027d3f00000,0x00000027d4000000) (1024K)]
  0x000001d7e29d44b0 JavaThread "Reference Handler"          daemon [_thread_blocked, id=19560, stack(0x00000027d4300000,0x00000027d4400000) (1024K)]
  0x000001d7e29d5520 JavaThread "Finalizer"                  daemon [_thread_blocked, id=7552, stack(0x00000027d4400000,0x00000027d4500000) (1024K)]
  0x000001d7ca0ce330 JavaThread "Signal Dispatcher"          daemon [_thread_blocked, id=18464, stack(0x00000027d4500000,0x00000027d4600000) (1024K)]
  0x000001d7e29d5f80 JavaThread "Attach Listener"            daemon [_thread_blocked, id=20780, stack(0x00000027d4600000,0x00000027d4700000) (1024K)]
  0x000001d7e29d89f0 JavaThread "Service Thread"             daemon [_thread_blocked, id=20776, stack(0x00000027d4700000,0x00000027d4800000) (1024K)]
  0x000001d7e29d9450 JavaThread "Monitor Deflation Thread"   daemon [_thread_blocked, id=20772, stack(0x00000027d4800000,0x00000027d4900000) (1024K)]
  0x000001d7e29da290 JavaThread "C2 CompilerThread0"         daemon [_thread_in_native, id=20824, stack(0x00000027d4900000,0x00000027d4a00000) (1024K)]
  0x000001d7e29e4380 JavaThread "C1 CompilerThread0"         daemon [_thread_in_vm, id=20828, stack(0x00000027d4a00000,0x00000027d4b00000) (1024K)]
  0x000001d7e2c40440 JavaThread "Common-Cleaner"             daemon [_thread_blocked, id=21004, stack(0x00000027d4b00000,0x00000027d4c00000) (1024K)]
  0x000001d7e7070210 JavaThread "Notification Thread"        daemon [_thread_blocked, id=21020, stack(0x00000027d4d00000,0x00000027d4e00000) (1024K)]
  0x000001d7e774b390 JavaThread "Active Thread: Equinox Container: 0b4c8771-e35f-4249-91f1-58bc9dbf084c"        [_thread_blocked, id=19036, stack(0x00000027d5400000,0x00000027d5500000) (1024K)]
  0x000001d7e774ba20 JavaThread "Refresh Thread: Equinox Container: 0b4c8771-e35f-4249-91f1-58bc9dbf084c" daemon [_thread_blocked, id=20500, stack(0x00000027d5600000,0x00000027d5700000) (1024K)]
  0x000001d7e774c0b0 JavaThread "Framework Event Dispatcher: Equinox Container: 0b4c8771-e35f-4249-91f1-58bc9dbf084c" daemon [_thread_blocked, id=6696, stack(0x00000027d5700000,0x00000027d5800000) (1024K)]
  0x000001d7e774ad00 JavaThread "Start Level: Equinox Container: 0b4c8771-e35f-4249-91f1-58bc9dbf084c" daemon [_thread_blocked, id=20528, stack(0x00000027d5800000,0x00000027d5900000) (1024K)]
  0x000001d7e7bff740 JavaThread "Bundle File Closer"         daemon [_thread_blocked, id=3140, stack(0x00000027d5c00000,0x00000027d5d00000) (1024K)]
  0x000001d7e7bfe390 JavaThread "SCR Component Actor"        daemon [_thread_blocked, id=21392, stack(0x00000027d4c00000,0x00000027d4d00000) (1024K)]
  0x000001d7e7bffdd0 JavaThread "Worker-JM"                         [_thread_blocked, id=21356, stack(0x00000027d5d00000,0x00000027d5e00000) (1024K)]
  0x000001d7e7c01810 JavaThread "Worker-0: Updating Maven Dependencies"        [_thread_blocked, id=21360, stack(0x00000027d5e00000,0x00000027d5f00000) (1024K)]
  0x000001d7e7c00460 JavaThread "Worker-1: Repository registry initialization"        [_thread_in_Java, id=21352, stack(0x00000027d5f00000,0x00000027d6000000) (1024K)]
  0x000001d7e7c01180 JavaThread "Worker-2"                          [_thread_blocked, id=20932, stack(0x00000027d5900000,0x00000027d5a00000) (1024K)]
  0x000001d7e7c01ea0 JavaThread "Worker-3: Initialize After Load"        [_thread_blocked, id=20888, stack(0x00000027d6000000,0x00000027d6100000) (1024K)]
=>0x000001d7e7ace420 JavaThread "C2 CompilerThread1"         daemon [_thread_in_native, id=19772, stack(0x00000027d6100000,0x00000027d6200000) (1024K)]
  0x000001d7e7c00af0 JavaThread "Java indexing"              daemon [_thread_blocked, id=20504, stack(0x00000027d6200000,0x00000027d6300000) (1024K)]
  0x000001d7e7bfea20 JavaThread "JNA Cleaner"                daemon [_thread_blocked, id=21388, stack(0x00000027d6300000,0x00000027d6400000) (1024K)]
  0x000001d7e7bff0b0 JavaThread "Worker-4"                          [_thread_blocked, id=21376, stack(0x00000027d6700000,0x00000027d6800000) (1024K)]
  0x000001d7e7c02530 JavaThread "Worker-5"                          [_thread_blocked, id=21328, stack(0x00000027d6800000,0x00000027d6900000) (1024K)]
  0x000001d7e7c02bc0 JavaThread "Thread-1"                   daemon [_thread_in_native, id=20912, stack(0x00000027d6900000,0x00000027d6a00000) (1024K)]
  0x000001d7e7c03f70 JavaThread "Thread-2"                   daemon [_thread_in_native, id=20924, stack(0x00000027d6a00000,0x00000027d6b00000) (1024K)]
  0x000001d7e7c04600 JavaThread "Thread-3"                   daemon [_thread_in_native, id=20692, stack(0x00000027d6b00000,0x00000027d6c00000) (1024K)]
  0x000001d7e7c05320 JavaThread "Thread-4"                   daemon [_thread_in_native, id=20980, stack(0x00000027d6c00000,0x00000027d6d00000) (1024K)]
  0x000001d7e7c059b0 JavaThread "Thread-5"                   daemon [_thread_in_native, id=20940, stack(0x00000027d6d00000,0x00000027d6e00000) (1024K)]
  0x000001d7e7c03250 JavaThread "Thread-6"                   daemon [_thread_in_native, id=12664, stack(0x00000027d6e00000,0x00000027d6f00000) (1024K)]
  0x000001d7e7c04c90 JavaThread "Thread-7"                   daemon [_thread_in_native, id=20988, stack(0x00000027d6f00000,0x00000027d7000000) (1024K)]
  0x000001d7e7c038e0 JavaThread "Thread-8"                   daemon [_thread_in_native, id=20728, stack(0x00000027d7000000,0x00000027d7100000) (1024K)]
  0x000001d7e7671a10 JavaThread "Thread-9"                   daemon [_thread_in_native, id=20732, stack(0x00000027d7100000,0x00000027d7200000) (1024K)]
  0x000001d7e7672730 JavaThread "Thread-10"                  daemon [_thread_in_native, id=8340, stack(0x00000027d7200000,0x00000027d7300000) (1024K)]
  0x000001d7e76720a0 JavaThread "Thread-11"                  daemon [_thread_in_native, id=7092, stack(0x00000027d7300000,0x00000027d7400000) (1024K)]
  0x000001d7e7672dc0 JavaThread "Thread-12"                  daemon [_thread_in_native, id=20656, stack(0x00000027d7400000,0x00000027d7500000) (1024K)]
  0x000001d7e766f940 JavaThread "Thread-13"                  daemon [_thread_in_native, id=21144, stack(0x00000027d7500000,0x00000027d7600000) (1024K)]
  0x000001d7e7671380 JavaThread "pool-2-thread-1"                   [_thread_blocked, id=20704, stack(0x00000027d7600000,0x00000027d7700000) (1024K)]
  0x000001d7e7673450 JavaThread "WorkspaceEventsHandler"            [_thread_blocked, id=20812, stack(0x00000027d7700000,0x00000027d7800000) (1024K)]
  0x000001d7e766ffd0 JavaThread "pool-1-thread-1"                   [_thread_blocked, id=20724, stack(0x00000027d7800000,0x00000027d7900000) (1024K)]
Total: 43

Other Threads:
  0x000001d7ca0b47b0 VMThread "VM Thread"                           [id=20652, stack(0x00000027d4200000,0x00000027d4300000) (1024K)]
  0x000001d7c9faca00 WatcherThread "VM Periodic Task Thread"        [id=20668, stack(0x00000027d4100000,0x00000027d4200000) (1024K)]
  0x000001d7ca1392f0 WorkerThread "GC Thread#0"                     [id=20648, stack(0x00000027d4000000,0x00000027d4100000) (1024K)]
  0x000001d7e73f7280 WorkerThread "GC Thread#1"                     [id=21164, stack(0x00000027d4e00000,0x00000027d4f00000) (1024K)]
  0x000001d7e77affd0 WorkerThread "GC Thread#2"                     [id=21116, stack(0x00000027d4f00000,0x00000027d5000000) (1024K)]
  0x000001d7e751ae00 WorkerThread "GC Thread#3"                     [id=21104, stack(0x00000027d5000000,0x00000027d5100000) (1024K)]
  0x000001d7e751b1b0 WorkerThread "GC Thread#4"                     [id=21100, stack(0x00000027d5100000,0x00000027d5200000) (1024K)]
  0x000001d7e751b560 WorkerThread "GC Thread#5"                     [id=21096, stack(0x00000027d5200000,0x00000027d5300000) (1024K)]
  0x000001d7e751b910 WorkerThread "GC Thread#6"                     [id=21084, stack(0x00000027d5300000,0x00000027d5400000) (1024K)]
  0x000001d7e784a6e0 WorkerThread "GC Thread#7"                     [id=9408, stack(0x00000027d5500000,0x00000027d5600000) (1024K)]
  0x000001d7e7684460 WorkerThread "GC Thread#8"                     [id=21152, stack(0x00000027d5a00000,0x00000027d5b00000) (1024K)]
  0x000001d7e7e26ab0 WorkerThread "GC Thread#9"                     [id=21156, stack(0x00000027d5b00000,0x00000027d5c00000) (1024K)]
Total: 12

Threads with active compile tasks:
C2 CompilerThread0  23003 5248       4       java.util.HashSet::add (20 bytes)
C1 CompilerThread0  23003 5315       2       com.google.common.cache.LocalCache$Strength$1::referenceValue (28 bytes)
C2 CompilerThread1  23003 4866       4       org.eclipse.osgi.internal.serviceregistry.ServiceRegistry::notifyHooksPrivileged (57 bytes)
Total: 3

VM state: not at safepoint (normal execution)

VM Mutex/Monitor currently owned by a thread: None

Heap address: 0x0000000080000000, size: 2048 MB, Compressed Oops mode: 32-bit

CDS archive(s) mapped at: [0x000001d780000000-0x000001d780ba0000-0x000001d780ba0000), size 12189696, SharedBaseAddress: 0x000001d780000000, ArchiveRelocationMode: 1.
Compressed class space mapped at: 0x000001d781000000-0x000001d7c1000000, reserved size: 1073741824
Narrow klass base: 0x000001d780000000, Narrow klass shift: 0, Narrow klass range: 0x100000000

GC Precious Log:
 CardTable entry size: 512
 CPUs: 12 total, 12 available
 Memory: 7598M
 Large Page Support: Disabled
 NUMA Support: Disabled
 Compressed Oops: Enabled (32-bit)
 Alignments: Space 512K, Generation 512K, Heap 2M
 Heap Min Capacity: 100M
 Heap Initial Capacity: 100M
 Heap Max Capacity: 2G
 Pre-touch: Disabled
 Parallel Workers: 10

Heap:
 PSYoungGen      total 23040K, used 14501K [0x00000000d5580000, 0x00000000d7180000, 0x0000000100000000)
  eden space 22016K, 61% used [0x00000000d5580000,0x00000000d62a96c8,0x00000000d6b00000)
  from space 1024K, 100% used [0x00000000d7080000,0x00000000d7180000,0x00000000d7180000)
  to   space 2560K, 0% used [0x00000000d6c80000,0x00000000d6c80000,0x00000000d6f00000)
 ParOldGen       total 68608K, used 20463K [0x0000000080000000, 0x0000000084300000, 0x00000000d5580000)
  object space 68608K, 29% used [0x0000000080000000,0x00000000813fbca8,0x0000000084300000)
 Metaspace       used 41500K, committed 42560K, reserved 1114112K
  class space    used 4547K, committed 4992K, reserved 1048576K

Card table byte_map: [0x000001d7c9ac0000,0x000001d7c9ed0000] _byte_map_base: 0x000001d7c96c0000

Marking Bits: (ParMarkBitMap*) 0x00007ffc90564460
 Begin Bits: [0x000001d7dc5d0000, 0x000001d7de5d0000)
 End Bits:   [0x000001d7de5d0000, 0x000001d7e05d0000)

Polling page: 0x000001d7c7e70000

Metaspace:

Usage:
  Non-class:     36.09 MB used.
      Class:      4.44 MB used.
       Both:     40.53 MB used.

Virtual space:
  Non-class space:       64.00 MB reserved,      36.69 MB ( 57%) committed,  1 nodes.
      Class space:        1.00 GB reserved,       4.88 MB ( <1%) committed,  1 nodes.
             Both:        1.06 GB reserved,      41.56 MB (  4%) committed. 

Chunk freelists:
   Non-Class:  11.27 MB
       Class:  11.12 MB
        Both:  22.39 MB

MaxMetaspaceSize: unlimited
CompressedClassSpaceSize: 1.00 GB
Initial GC threshold: 21.00 MB
Current GC threshold: 58.88 MB
CDS: on
 - commit_granule_bytes: 65536.
 - commit_granule_words: 8192.
 - virtual_space_node_default_size: 8388608.
 - enlarge_chunks_in_place: 1.
 - use_allocation_guard: 0.


Internal statistics:

num_allocs_failed_limit: 10.
num_arena_births: 798.
num_arena_deaths: 26.
num_vsnodes_births: 2.
num_vsnodes_deaths: 0.
num_space_committed: 665.
num_space_uncommitted: 0.
num_chunks_returned_to_freelist: 39.
num_chunks_taken_from_freelist: 2698.
num_chunk_merges: 12.
num_chunk_splits: 1632.
num_chunks_enlarged: 884.
num_inconsistent_stats: 0.

CodeHeap 'non-profiled nmethods': size=120000Kb used=2066Kb max_used=2066Kb free=117934Kb
 bounds [0x000001d7d4df0000, 0x000001d7d5060000, 0x000001d7dc320000]
CodeHeap 'profiled nmethods': size=120000Kb used=9250Kb max_used=9250Kb free=110749Kb
 bounds [0x000001d7cd320000, 0x000001d7cdc30000, 0x000001d7d4850000]
CodeHeap 'non-nmethods': size=5760Kb used=1350Kb max_used=1415Kb free=4409Kb
 bounds [0x000001d7d4850000, 0x000001d7d4ac0000, 0x000001d7d4df0000]
CodeCache: size=245760Kb, used=12666Kb, max_used=12731Kb, free=233092Kb
 total_blobs=5391, nmethods=4741, adapters=555, full_count=0
Compilation: enabled, stopped_count=0, restarted_count=0

Compilation events (20 events):
Event: 21.946 Thread 0x000001d7e29e4380 nmethod 5254 0x000001d7cd397e10 code [0x000001d7cd398020, 0x000001d7cd398508]
Event: 21.946 Thread 0x000001d7e29e4380 5263   !   2       com.google.common.cache.LocalCache$Segment::lockedGetOrLoad (447 bytes)
Event: 21.950 Thread 0x000001d7e29e4380 nmethod 5263 0x000001d7cdc0f990 code [0x000001d7cdc0fea0, 0x000001d7cdc117d8]
Event: 21.950 Thread 0x000001d7e29e4380 5265       3       java.util.stream.SortedOps$SizedRefSortingSink::begin (28 bytes)
Event: 21.951 Thread 0x000001d7e29e4380 nmethod 5265 0x000001d7cd603510 code [0x000001d7cd6036c0, 0x000001d7cd603988]
Event: 21.951 Thread 0x000001d7e29e4380 5257   !   2       com.google.common.util.concurrent.Uninterruptibles::getUninterruptibly (40 bytes)
Event: 21.952 Thread 0x000001d7e29e4380 nmethod 5257 0x000001d7cd397810 code [0x000001d7cd3979e0, 0x000001d7cd397c38]
Event: 21.952 Thread 0x000001d7e29e4380 5258       2       com.google.common.util.concurrent.AbstractFuture$TrustedFuture::get (5 bytes)
Event: 21.952 Thread 0x000001d7e29e4380 nmethod 5258 0x000001d7cd397490 code [0x000001d7cd397640, 0x000001d7cd397760]
Event: 21.952 Thread 0x000001d7e29e4380 5255       2       com.google.common.util.concurrent.AbstractFutureState::gasListeners (9 bytes)
Event: 21.953 Thread 0x000001d7e29e4380 nmethod 5255 0x000001d7cd396b90 code [0x000001d7cd396d80, 0x000001d7cd3971d0]
Event: 21.953 Thread 0x000001d7e29e4380 5256       2       com.google.common.util.concurrent.AbstractFutureState$VarHandleAtomicHelper::gasListeners (9 bytes)
Event: 21.953 Thread 0x000001d7e29e4380 nmethod 5256 0x000001d7cd396010 code [0x000001d7cd396220, 0x000001d7cd396740]
Event: 21.953 Thread 0x000001d7e29e4380 5264   !   2       com.google.common.cache.LocalCache$Segment::getAndRecordStats (136 bytes)
Event: 21.954 Thread 0x000001d7e29e4380 nmethod 5264 0x000001d7cdc13590 code [0x000001d7cdc13840, 0x000001d7cdc13fa8]
Event: 21.954 Thread 0x000001d7e29e4380 5259       2       com.google.common.util.concurrent.AbstractFuture::get (5 bytes)
Event: 21.954 Thread 0x000001d7e29e4380 nmethod 5259 0x000001d7cdc14690 code [0x000001d7cdc14840, 0x000001d7cdc14960]
Event: 21.954 Thread 0x000001d7e29e4380 5260       2       com.google.common.util.concurrent.Platform::get (5 bytes)
Event: 21.954 Thread 0x000001d7e29e4380 nmethod 5260 0x000001d7cdc14a10 code [0x000001d7cdc14bc0, 0x000001d7cdc14cc0]
Event: 22.227 Thread 0x000001d7e29e4380 5267       2       java.util.regex.Pattern$BnM::optimize (179 bytes)

GC Heap History (20 events):
Event: 13.047 GC heap before
{Heap before GC invocations=9 (full 1):
 PSYoungGen      total 29696K, used 24576K [0x00000000d5580000, 0x00000000d7800000, 0x0000000100000000)
  eden space 24576K, 100% used [0x00000000d5580000,0x00000000d6d80000,0x00000000d6d80000)
  from space 5120K, 0% used [0x00000000d6e00000,0x00000000d6e00000,0x00000000d7300000)
  to   space 4608K, 0% used [0x00000000d7380000,0x00000000d7380000,0x00000000d7800000)
 ParOldGen       total 68608K, used 14511K [0x0000000080000000, 0x0000000084300000, 0x00000000d5580000)
  object space 68608K, 21% used [0x0000000080000000,0x0000000080e2bf08,0x0000000084300000)
 Metaspace       used 23200K, committed 24128K, reserved 1114112K
  class space    used 2378K, committed 2816K, reserved 1048576K
}
Event: 13.049 GC heap after
{Heap after GC invocations=9 (full 1):
 PSYoungGen      total 25600K, used 978K [0x00000000d5580000, 0x00000000d7480000, 0x0000000100000000)
  eden space 24576K, 0% used [0x00000000d5580000,0x00000000d5580000,0x00000000d6d80000)
  from space 1024K, 95% used [0x00000000d7380000,0x00000000d74748f8,0x00000000d7480000)
  to   space 3584K, 0% used [0x00000000d6d80000,0x00000000d6d80000,0x00000000d7100000)
 ParOldGen       total 68608K, used 14519K [0x0000000080000000, 0x0000000084300000, 0x00000000d5580000)
  object space 68608K, 21% used [0x0000000080000000,0x0000000080e2df08,0x0000000084300000)
 Metaspace       used 23200K, committed 24128K, reserved 1114112K
  class space    used 2378K, committed 2816K, reserved 1048576K
}
Event: 13.203 GC heap before
{Heap before GC invocations=10 (full 1):
 PSYoungGen      total 25600K, used 25554K [0x00000000d5580000, 0x00000000d7480000, 0x0000000100000000)
  eden space 24576K, 100% used [0x00000000d5580000,0x00000000d6d80000,0x00000000d6d80000)
  from space 1024K, 95% used [0x00000000d7380000,0x00000000d74748f8,0x00000000d7480000)
  to   space 3584K, 0% used [0x00000000d6d80000,0x00000000d6d80000,0x00000000d7100000)
 ParOldGen       total 68608K, used 14544K [0x0000000080000000, 0x0000000084300000, 0x00000000d5580000)
  object space 68608K, 21% used [0x0000000080000000,0x0000000080e34318,0x0000000084300000)
 Metaspace       used 26647K, committed 27520K, reserved 1114112K
  class space    used 2743K, committed 3136K, reserved 1048576K
}
Event: 13.204 GC heap after
{Heap after GC invocations=10 (full 1):
 PSYoungGen      total 27648K, used 1202K [0x00000000d5580000, 0x00000000d7400000, 0x0000000100000000)
  eden space 24064K, 0% used [0x00000000d5580000,0x00000000d5580000,0x00000000d6d00000)
  from space 3584K, 33% used [0x00000000d6d80000,0x00000000d6eacba0,0x00000000d7100000)
  to   space 1536K, 0% used [0x00000000d7280000,0x00000000d7280000,0x00000000d7400000)
 ParOldGen       total 68608K, used 14544K [0x0000000080000000, 0x0000000084300000, 0x00000000d5580000)
  object space 68608K, 21% used [0x0000000080000000,0x0000000080e34318,0x0000000084300000)
 Metaspace       used 26647K, committed 27520K, reserved 1114112K
  class space    used 2743K, committed 3136K, reserved 1048576K
}
Event: 14.334 GC heap before
{Heap before GC invocations=11 (full 1):
 PSYoungGen      total 27648K, used 25266K [0x00000000d5580000, 0x00000000d7400000, 0x0000000100000000)
  eden space 24064K, 100% used [0x00000000d5580000,0x00000000d6d00000,0x00000000d6d00000)
  from space 3584K, 33% used [0x00000000d6d80000,0x00000000d6eacba0,0x00000000d7100000)
  to   space 1536K, 0% used [0x00000000d7280000,0x00000000d7280000,0x00000000d7400000)
 ParOldGen       total 68608K, used 14544K [0x0000000080000000, 0x0000000084300000, 0x00000000d5580000)
  object space 68608K, 21% used [0x0000000080000000,0x0000000080e34318,0x0000000084300000)
 Metaspace       used 28023K, committed 28928K, reserved 1114112K
  class space    used 2880K, committed 3264K, reserved 1048576K
}
Event: 14.337 GC heap after
{Heap after GC invocations=11 (full 1):
 PSYoungGen      total 25088K, used 1221K [0x00000000d5580000, 0x00000000d7400000, 0x0000000100000000)
  eden space 23552K, 0% used [0x00000000d5580000,0x00000000d5580000,0x00000000d6c80000)
  from space 1536K, 79% used [0x00000000d7280000,0x00000000d73b1568,0x00000000d7400000)
  to   space 1536K, 0% used [0x00000000d7100000,0x00000000d7100000,0x00000000d7280000)
 ParOldGen       total 68608K, used 16804K [0x0000000080000000, 0x0000000084300000, 0x00000000d5580000)
  object space 68608K, 24% used [0x0000000080000000,0x0000000081069020,0x0000000084300000)
 Metaspace       used 28023K, committed 28928K, reserved 1114112K
  class space    used 2880K, committed 3264K, reserved 1048576K
}
Event: 15.678 GC heap before
{Heap before GC invocations=12 (full 1):
 PSYoungGen      total 25088K, used 24773K [0x00000000d5580000, 0x00000000d7400000, 0x0000000100000000)
  eden space 23552K, 100% used [0x00000000d5580000,0x00000000d6c80000,0x00000000d6c80000)
  from space 1536K, 79% used [0x00000000d7280000,0x00000000d73b1568,0x00000000d7400000)
  to   space 1536K, 0% used [0x00000000d7100000,0x00000000d7100000,0x00000000d7280000)
 ParOldGen       total 68608K, used 16804K [0x0000000080000000, 0x0000000084300000, 0x00000000d5580000)
  object space 68608K, 24% used [0x0000000080000000,0x0000000081069020,0x0000000084300000)
 Metaspace       used 30054K, committed 31104K, reserved 1114112K
  class space    used 3094K, committed 3584K, reserved 1048576K
}
Event: 15.681 GC heap after
{Heap after GC invocations=12 (full 1):
 PSYoungGen      total 24576K, used 1380K [0x00000000d5580000, 0x00000000d7300000, 0x0000000100000000)
  eden space 23040K, 0% used [0x00000000d5580000,0x00000000d5580000,0x00000000d6c00000)
  from space 1536K, 89% used [0x00000000d7100000,0x00000000d7259350,0x00000000d7280000)
  to   space 512K, 0% used [0x00000000d7280000,0x00000000d7280000,0x00000000d7300000)
 ParOldGen       total 68608K, used 17452K [0x0000000080000000, 0x0000000084300000, 0x00000000d5580000)
  object space 68608K, 25% used [0x0000000080000000,0x000000008110b1a8,0x0000000084300000)
 Metaspace       used 30054K, committed 31104K, reserved 1114112K
  class space    used 3094K, committed 3584K, reserved 1048576K
}
Event: 16.982 GC heap before
{Heap before GC invocations=13 (full 1):
 PSYoungGen      total 24576K, used 24420K [0x00000000d5580000, 0x00000000d7300000, 0x0000000100000000)
  eden space 23040K, 100% used [0x00000000d5580000,0x00000000d6c00000,0x00000000d6c00000)
  from space 1536K, 89% used [0x00000000d7100000,0x00000000d7259350,0x00000000d7280000)
  to   space 512K, 0% used [0x00000000d7280000,0x00000000d7280000,0x00000000d7300000)
 ParOldGen       total 68608K, used 17452K [0x0000000080000000, 0x0000000084300000, 0x00000000d5580000)
  object space 68608K, 25% used [0x0000000080000000,0x000000008110b1a8,0x0000000084300000)
 Metaspace       used 32950K, committed 33856K, reserved 1114112K
  class space    used 3437K, committed 3840K, reserved 1048576K
}
Event: 16.984 GC heap after
{Heap after GC invocations=13 (full 1):
 PSYoungGen      total 23040K, used 512K [0x00000000d5580000, 0x00000000d7300000, 0x0000000100000000)
  eden space 22528K, 0% used [0x00000000d5580000,0x00000000d5580000,0x00000000d6b80000)
  from space 512K, 100% used [0x00000000d7280000,0x00000000d7300000,0x00000000d7300000)
  to   space 2048K, 0% used [0x00000000d6f00000,0x00000000d6f00000,0x00000000d7100000)
 ParOldGen       total 68608K, used 18794K [0x0000000080000000, 0x0000000084300000, 0x00000000d5580000)
  object space 68608K, 27% used [0x0000000080000000,0x000000008125aa70,0x0000000084300000)
 Metaspace       used 32950K, committed 33856K, reserved 1114112K
  class space    used 3437K, committed 3840K, reserved 1048576K
}
Event: 18.110 GC heap before
{Heap before GC invocations=14 (full 1):
 PSYoungGen      total 23040K, used 16445K [0x00000000d5580000, 0x00000000d7300000, 0x0000000100000000)
  eden space 22528K, 70% used [0x00000000d5580000,0x00000000d650f658,0x00000000d6b80000)
  from space 512K, 100% used [0x00000000d7280000,0x00000000d7300000,0x00000000d7300000)
  to   space 2048K, 0% used [0x00000000d6f00000,0x00000000d6f00000,0x00000000d7100000)
 ParOldGen       total 68608K, used 18794K [0x0000000080000000, 0x0000000084300000, 0x00000000d5580000)
  object space 68608K, 27% used [0x0000000080000000,0x000000008125aa70,0x0000000084300000)
 Metaspace       used 34795K, committed 35904K, reserved 1114112K
  class space    used 3657K, committed 4160K, reserved 1048576K
}
Event: 18.112 GC heap after
{Heap after GC invocations=14 (full 1):
 PSYoungGen      total 24576K, used 1670K [0x00000000d5580000, 0x00000000d7300000, 0x0000000100000000)
  eden space 22528K, 0% used [0x00000000d5580000,0x00000000d5580000,0x00000000d6b80000)
  from space 2048K, 81% used [0x00000000d6f00000,0x00000000d70a1890,0x00000000d7100000)
  to   space 2048K, 0% used [0x00000000d7100000,0x00000000d7100000,0x00000000d7300000)
 ParOldGen       total 68608K, used 19281K [0x0000000080000000, 0x0000000084300000, 0x00000000d5580000)
  object space 68608K, 28% used [0x0000000080000000,0x00000000812d46d0,0x0000000084300000)
 Metaspace       used 34795K, committed 35904K, reserved 1114112K
  class space    used 3657K, committed 4160K, reserved 1048576K
}
Event: 18.123 GC heap before
{Heap before GC invocations=15 (full 1):
 PSYoungGen      total 24576K, used 4195K [0x00000000d5580000, 0x00000000d7300000, 0x0000000100000000)
  eden space 22528K, 11% used [0x00000000d5580000,0x00000000d57f7720,0x00000000d6b80000)
  from space 2048K, 81% used [0x00000000d6f00000,0x00000000d70a1890,0x00000000d7100000)
  to   space 2048K, 0% used [0x00000000d7100000,0x00000000d7100000,0x00000000d7300000)
 ParOldGen       total 68608K, used 19281K [0x0000000080000000, 0x0000000084300000, 0x00000000d5580000)
  object space 68608K, 28% used [0x0000000080000000,0x00000000812d46d0,0x0000000084300000)
 Metaspace       used 35060K, committed 36160K, reserved 1114112K
  class space    used 3695K, committed 4160K, reserved 1048576K
}
Event: 18.124 GC heap after
{Heap after GC invocations=15 (full 1):
 PSYoungGen      total 23040K, used 320K [0x00000000d5580000, 0x00000000d7180000, 0x0000000100000000)
  eden space 22528K, 0% used [0x00000000d5580000,0x00000000d5580000,0x00000000d6b80000)
  from space 512K, 62% used [0x00000000d7100000,0x00000000d7150000,0x00000000d7180000)
  to   space 1024K, 0% used [0x00000000d6f80000,0x00000000d6f80000,0x00000000d7080000)
 ParOldGen       total 68608K, used 20768K [0x0000000080000000, 0x0000000084300000, 0x00000000d5580000)
  object space 68608K, 30% used [0x0000000080000000,0x00000000814480c0,0x0000000084300000)
 Metaspace       used 35060K, committed 36160K, reserved 1114112K
  class space    used 3695K, committed 4160K, reserved 1048576K
}
Event: 18.124 GC heap before
{Heap before GC invocations=16 (full 2):
 PSYoungGen      total 23040K, used 320K [0x00000000d5580000, 0x00000000d7180000, 0x0000000100000000)
  eden space 22528K, 0% used [0x00000000d5580000,0x00000000d5580000,0x00000000d6b80000)
  from space 512K, 62% used [0x00000000d7100000,0x00000000d7150000,0x00000000d7180000)
  to   space 1024K, 0% used [0x00000000d6f80000,0x00000000d6f80000,0x00000000d7080000)
 ParOldGen       total 68608K, used 20768K [0x0000000080000000, 0x0000000084300000, 0x00000000d5580000)
  object space 68608K, 30% used [0x0000000080000000,0x00000000814480c0,0x0000000084300000)
 Metaspace       used 35060K, committed 36160K, reserved 1114112K
  class space    used 3695K, committed 4160K, reserved 1048576K
}
Event: 18.168 GC heap after
{Heap after GC invocations=16 (full 2):
 PSYoungGen      total 23040K, used 0K [0x00000000d5580000, 0x00000000d7180000, 0x0000000100000000)
  eden space 22528K, 0% used [0x00000000d5580000,0x00000000d5580000,0x00000000d6b80000)
  from space 512K, 0% used [0x00000000d7100000,0x00000000d7100000,0x00000000d7180000)
  to   space 1024K, 0% used [0x00000000d6f80000,0x00000000d6f80000,0x00000000d7080000)
 ParOldGen       total 68608K, used 18151K [0x0000000080000000, 0x0000000084300000, 0x00000000d5580000)
  object space 68608K, 26% used [0x0000000080000000,0x00000000811b9c98,0x0000000084300000)
 Metaspace       used 35050K, committed 36160K, reserved 1114112K
  class space    used 3692K, committed 4160K, reserved 1048576K
}
Event: 18.339 GC heap before
{Heap before GC invocations=17 (full 2):
 PSYoungGen      total 23040K, used 22528K [0x00000000d5580000, 0x00000000d7180000, 0x0000000100000000)
  eden space 22528K, 100% used [0x00000000d5580000,0x00000000d6b80000,0x00000000d6b80000)
  from space 512K, 0% used [0x00000000d7100000,0x00000000d7100000,0x00000000d7180000)
  to   space 1024K, 0% used [0x00000000d6f80000,0x00000000d6f80000,0x00000000d7080000)
 ParOldGen       total 68608K, used 18151K [0x0000000080000000, 0x0000000084300000, 0x00000000d5580000)
  object space 68608K, 26% used [0x0000000080000000,0x00000000811b9c98,0x0000000084300000)
 Metaspace       used 37525K, committed 38592K, reserved 1114112K
  class space    used 4031K, committed 4480K, reserved 1048576K
}
Event: 18.341 GC heap after
{Heap after GC invocations=17 (full 2):
 PSYoungGen      total 23040K, used 1024K [0x00000000d5580000, 0x00000000d7180000, 0x0000000100000000)
  eden space 22016K, 0% used [0x00000000d5580000,0x00000000d5580000,0x00000000d6b00000)
  from space 1024K, 100% used [0x00000000d6f80000,0x00000000d7080000,0x00000000d7080000)
  to   space 1024K, 0% used [0x00000000d7080000,0x00000000d7080000,0x00000000d7180000)
 ParOldGen       total 68608K, used 19335K [0x0000000080000000, 0x0000000084300000, 0x00000000d5580000)
  object space 68608K, 28% used [0x0000000080000000,0x00000000812e1c98,0x0000000084300000)
 Metaspace       used 37525K, committed 38592K, reserved 1114112K
  class space    used 4031K, committed 4480K, reserved 1048576K
}
Event: 18.668 GC heap before
{Heap before GC invocations=18 (full 2):
 PSYoungGen      total 23040K, used 23040K [0x00000000d5580000, 0x00000000d7180000, 0x0000000100000000)
  eden space 22016K, 100% used [0x00000000d5580000,0x00000000d6b00000,0x00000000d6b00000)
  from space 1024K, 100% used [0x00000000d6f80000,0x00000000d7080000,0x00000000d7080000)
  to   space 1024K, 0% used [0x00000000d7080000,0x00000000d7080000,0x00000000d7180000)
 ParOldGen       total 68608K, used 19335K [0x0000000080000000, 0x0000000084300000, 0x00000000d5580000)
  object space 68608K, 28% used [0x0000000080000000,0x00000000812e1c98,0x0000000084300000)
 Metaspace       used 40079K, committed 41152K, reserved 1114112K
  class space    used 4345K, committed 4800K, reserved 1048576K
}
Event: 18.670 GC heap after
{Heap after GC invocations=18 (full 2):
 PSYoungGen      total 23040K, used 1024K [0x00000000d5580000, 0x00000000d7180000, 0x0000000100000000)
  eden space 22016K, 0% used [0x00000000d5580000,0x00000000d5580000,0x00000000d6b00000)
  from space 1024K, 100% used [0x00000000d7080000,0x00000000d7180000,0x00000000d7180000)
  to   space 2560K, 0% used [0x00000000d6c80000,0x00000000d6c80000,0x00000000d6f00000)
 ParOldGen       total 68608K, used 20463K [0x0000000080000000, 0x0000000084300000, 0x00000000d5580000)
  object space 68608K, 29% used [0x0000000080000000,0x00000000813fbca8,0x0000000084300000)
 Metaspace       used 40079K, committed 41152K, reserved 1114112K
  class space    used 4345K, committed 4800K, reserved 1048576K
}

Dll operation events (10 events):
Event: 0.027 Loaded shared library c:\Users\Admin\.vscode\extensions\redhat.java-1.55.0-win32-x64\jre\21.0.11-win32-x86_64\bin\java.dll
Event: 0.290 Loaded shared library c:\Users\Admin\.vscode\extensions\redhat.java-1.55.0-win32-x64\jre\21.0.11-win32-x86_64\bin\zip.dll
Event: 0.345 Loaded shared library C:\Users\Admin\.vscode\extensions\redhat.java-1.55.0-win32-x64\jre\21.0.11-win32-x86_64\bin\instrument.dll
Event: 0.354 Loaded shared library C:\Users\Admin\.vscode\extensions\redhat.java-1.55.0-win32-x64\jre\21.0.11-win32-x86_64\bin\net.dll
Event: 0.358 Loaded shared library C:\Users\Admin\.vscode\extensions\redhat.java-1.55.0-win32-x64\jre\21.0.11-win32-x86_64\bin\nio.dll
Event: 0.365 Loaded shared library C:\Users\Admin\.vscode\extensions\redhat.java-1.55.0-win32-x64\jre\21.0.11-win32-x86_64\bin\zip.dll
Event: 0.482 Loaded shared library C:\Users\Admin\.vscode\extensions\redhat.java-1.55.0-win32-x64\jre\21.0.11-win32-x86_64\bin\jimage.dll
Event: 0.715 Loaded shared library c:\Users\Admin\.vscode\extensions\redhat.java-1.55.0-win32-x64\jre\21.0.11-win32-x86_64\bin\verify.dll
Event: 5.959 Loaded shared library C:\Users\Admin\AppData\Roaming\Code\User\globalStorage\redhat.java\1.55.0\config_win\org.eclipse.equinox.launcher\org.eclipse.equinox.launcher.win32.win32.x86_64_1.3.100.v20260613-0559\eclipse_11924.dll
Event: 15.930 Loaded shared library C:\Users\Admin\AppData\Local\Temp\jna-63116079\jna8748880895872495098.dll

Deoptimization events (20 events):
Event: 18.770 Thread 0x000001d7e766ffd0 Uncommon trap: trap_request=0xffffff45 fr.pc=0x000001d7d4e48454 relative=0x0000000000000994
Event: 18.770 Thread 0x000001d7e766ffd0 Uncommon trap: reason=unstable_if action=reinterpret pc=0x000001d7d4e48454 method=com.google.gson.stream.JsonReader.nextQuotedValue(C)Ljava/lang/String; @ 121 c2
Event: 18.770 Thread 0x000001d7e766ffd0 DEOPT PACKING pc=0x000001d7d4e48454 sp=0x00000027d78fe630
Event: 18.770 Thread 0x000001d7e766ffd0 DEOPT UNPACKING pc=0x000001d7d48a3aa2 sp=0x00000027d78fe5e8 mode 2
Event: 18.772 Thread 0x000001d7e766ffd0 DEOPT PACKING pc=0x000001d7cd3831bc sp=0x00000027d78fb7e0
Event: 18.772 Thread 0x000001d7e766ffd0 DEOPT UNPACKING pc=0x000001d7d48a4242 sp=0x00000027d78fad00 mode 0
Event: 18.830 Thread 0x000001d7e766ffd0 DEOPT PACKING pc=0x000001d7cd3831bc sp=0x00000027d78faf60
Event: 18.830 Thread 0x000001d7e766ffd0 DEOPT UNPACKING pc=0x000001d7d48a4242 sp=0x00000027d78fa480 mode 0
Event: 19.891 Thread 0x000001d7e766ffd0 Uncommon trap: trap_request=0xffffff45 fr.pc=0x000001d7d4edf608 relative=0x0000000000000b08
Event: 19.891 Thread 0x000001d7e766ffd0 Uncommon trap: reason=unstable_if action=reinterpret pc=0x000001d7d4edf608 method=sun.nio.cs.StreamDecoder.implRead([CII)I @ 36 c2
Event: 19.891 Thread 0x000001d7e766ffd0 DEOPT PACKING pc=0x000001d7d4edf608 sp=0x00000027d78fe420
Event: 20.890 Thread 0x000001d7e766ffd0 DEOPT UNPACKING pc=0x000001d7d48a3aa2 sp=0x00000027d78fe240 mode 2
Event: 20.905 Thread 0x000001d7e766ffd0 Uncommon trap: trap_request=0xffffff45 fr.pc=0x000001d7d4ef2b30 relative=0x0000000000000b30
Event: 20.905 Thread 0x000001d7e766ffd0 Uncommon trap: reason=unstable_if action=reinterpret pc=0x000001d7d4ef2b30 method=org.eclipse.osgi.internal.loader.BundleLoader.getPackageName(Ljava/lang/String;)Ljava/lang/String; @ 12 c2
Event: 20.905 Thread 0x000001d7e766ffd0 DEOPT PACKING pc=0x000001d7d4ef2b30 sp=0x00000027d78fdbf0
Event: 20.905 Thread 0x000001d7e766ffd0 DEOPT UNPACKING pc=0x000001d7d48a3aa2 sp=0x00000027d78fdb60 mode 2
Event: 20.905 Thread 0x000001d7e766ffd0 Uncommon trap: trap_request=0xffffff45 fr.pc=0x000001d7d4fed234 relative=0x00000000000048b4
Event: 20.905 Thread 0x000001d7e766ffd0 Uncommon trap: reason=unstable_if action=reinterpret pc=0x000001d7d4fed234 method=org.eclipse.osgi.internal.loader.BundleLoader.getPackageName(Ljava/lang/String;)Ljava/lang/String; @ 12 c2
Event: 20.905 Thread 0x000001d7e766ffd0 DEOPT PACKING pc=0x000001d7d4fed234 sp=0x00000027d78fd950
Event: 20.905 Thread 0x000001d7e766ffd0 DEOPT UNPACKING pc=0x000001d7d48a3aa2 sp=0x00000027d78fd8e0 mode 2

Classes loaded (20 events):
Event: 18.416 Loading class java/nio/channels/spi/AbstractSelectableChannel done
Event: 18.416 Loading class java/nio/channels/SocketChannel done
Event: 18.417 Loading class java/time/format/DateTimeParseContext
Event: 18.417 Loading class java/time/format/DateTimeParseContext done
Event: 18.417 Loading class java/nio/channels/ServerSocketChannel
Event: 18.417 Loading class java/time/format/Parsed
Event: 18.417 Loading class java/nio/channels/ServerSocketChannel done
Event: 18.418 Loading class java/time/format/Parsed done
Event: 18.478 Loading class sun/reflect/generics/repository/FieldRepository
Event: 18.478 Loading class sun/reflect/generics/repository/FieldRepository done
Event: 18.539 Loading class java/nio/file/AccessDeniedException
Event: 18.539 Loading class java/nio/file/AccessDeniedException done
Event: 18.597 Loading class java/lang/ExceptionInInitializerError
Event: 18.597 Loading class java/lang/ExceptionInInitializerError done
Event: 18.598 Loading class sun/misc/Unsafe
Event: 18.599 Loading class sun/misc/Unsafe done
Event: 18.618 Loading class jdk/internal/org/objectweb/asm/ClassReader
Event: 18.619 Loading class jdk/internal/org/objectweb/asm/ClassReader done
Event: 18.797 Loading class jdk/internal/reflect/MethodHandleIntegerFieldAccessorImpl
Event: 18.797 Loading class jdk/internal/reflect/MethodHandleIntegerFieldAccessorImpl done

Classes unloaded (13 events):
Event: 12.863 Thread 0x000001d7ca0b47b0 Unloading class 0x000001d7811ac000 'java/lang/invoke/LambdaForm$MH+0x000001d7811ac000'
Event: 12.863 Thread 0x000001d7ca0b47b0 Unloading class 0x000001d7811abc00 'java/lang/invoke/LambdaForm$MH+0x000001d7811abc00'
Event: 12.863 Thread 0x000001d7ca0b47b0 Unloading class 0x000001d7811ab800 'java/lang/invoke/LambdaForm$MH+0x000001d7811ab800'
Event: 12.863 Thread 0x000001d7ca0b47b0 Unloading class 0x000001d7811ab400 'java/lang/invoke/LambdaForm$MH+0x000001d7811ab400'
Event: 12.863 Thread 0x000001d7ca0b47b0 Unloading class 0x000001d7811ab000 'java/lang/invoke/LambdaForm$BMH+0x000001d7811ab000'
Event: 12.863 Thread 0x000001d7ca0b47b0 Unloading class 0x000001d7811aac00 'java/lang/invoke/LambdaForm$DMH+0x000001d7811aac00'
Event: 12.863 Thread 0x000001d7ca0b47b0 Unloading class 0x000001d7811a9800 'java/lang/invoke/LambdaForm$DMH+0x000001d7811a9800'
Event: 18.131 Thread 0x000001d7ca0b47b0 Unloading class 0x000001d7812a2800 'java/lang/invoke/LambdaForm$MH+0x000001d7812a2800'
Event: 18.131 Thread 0x000001d7ca0b47b0 Unloading class 0x000001d7812a1c00 'java/lang/invoke/LambdaForm$MH+0x000001d7812a1c00'
Event: 18.131 Thread 0x000001d7ca0b47b0 Unloading class 0x000001d7812a1400 'java/lang/invoke/LambdaForm$MH+0x000001d7812a1400'
Event: 18.131 Thread 0x000001d7ca0b47b0 Unloading class 0x000001d7812a0c00 'java/lang/invoke/LambdaForm$MH+0x000001d7812a0c00'
Event: 18.131 Thread 0x000001d7ca0b47b0 Unloading class 0x000001d7812a0800 'java/lang/invoke/LambdaForm$DMH+0x000001d7812a0800'
Event: 18.131 Thread 0x000001d7ca0b47b0 Unloading class 0x000001d78129fc00 'java/lang/invoke/LambdaForm$MH+0x000001d78129fc00'

Classes redefined (0 events):
No events

Internal exceptions (20 events):
Event: 16.979 Thread 0x000001d7e774ad00 Exception <a 'java/lang/UnsatisfiedLinkError'{0x00000000d6bbb398}: The specified procedure could not be found.
> (0x00000000d6bbb398) 
thrown [s\src\hotspot\share\prims\jni.cpp, line 539]
Event: 16.990 Thread 0x000001d7e774ad00 Exception <a 'java/io/FileNotFoundException'{0x00000000d5590920}> (0x00000000d5590920) 
thrown [s\src\hotspot\share\prims\jni.cpp, line 520]
Event: 17.006 Thread 0x000001d7e774ad00 Exception <a 'java/io/FileNotFoundException'{0x00000000d56b9ce8}> (0x00000000d56b9ce8) 
thrown [s\src\hotspot\share\prims\jni.cpp, line 520]
Event: 17.022 Thread 0x000001d7e774ad00 Exception <a 'java/lang/NoSuchMethodError'{0x00000000d57b10e8}: 'void java.lang.invoke.DelegatingMethodHandle$Holder.reinvoke_L(java.lang.Object, java.lang.Object, int)'> (0x00000000d57b10e8) 
thrown [s\src\hotspot\share\interpreter\linkResolver.cpp, line 773]
Event: 17.023 Thread 0x000001d7e774ad00 Exception <a 'java/lang/NoSuchMethodError'{0x00000000d57b7a80}: 'int java.lang.invoke.Invokers$Holder.invokeExact_MT(java.lang.Object, java.lang.Object, java.lang.Object)'> (0x00000000d57b7a80) 
thrown [s\src\hotspot\share\interpreter\linkResolver.cpp, line 773]
Event: 17.026 Thread 0x000001d7e774ad00 Exception <a 'java/lang/UnsatisfiedLinkError'{0x00000000d5827020}: The specified procedure could not be found.
> (0x00000000d5827020) 
thrown [s\src\hotspot\share\prims\jni.cpp, line 539]
Event: 17.032 Thread 0x000001d7e774ad00 Exception <a 'java/lang/NoSuchMethodError'{0x00000000d5833df8}: 'void java.lang.invoke.Invokers$Holder.invokeExact_MT(java.lang.Object, java.lang.Object, int, java.lang.Object)'> (0x00000000d5833df8) 
thrown [s\src\hotspot\share\interpreter\linkResolver.cpp, line 773]
Event: 18.094 Thread 0x000001d7e7c01180 Exception <a 'java/lang/NoSuchMethodError'{0x00000000d6121678}: 'void java.lang.invoke.DirectMethodHandle$Holder.invokeStaticInit(java.lang.Object, java.lang.Object, java.lang.Object, java.lang.Object)'> (0x00000000d6121678) 
thrown [s\src\hotspot\share\interpreter\linkResolver.cpp, line 773]
Event: 18.186 Thread 0x000001d7ca11afb0 Exception <a 'java/lang/NoSuchMethodError'{0x00000000d58ac8f0}: 'java.lang.Object java.lang.invoke.DirectMethodHandle$Holder.invokeStatic(java.lang.Object, long, java.lang.Object)'> (0x00000000d58ac8f0) 
thrown [s\src\hotspot\share\interpreter\linkResolver.cpp, line 773]
Event: 18.187 Thread 0x000001d7ca11afb0 Exception <a 'java/lang/NoSuchMethodError'{0x00000000d58aff58}: 'java.lang.Object java.lang.invoke.DirectMethodHandle$Holder.invokeStaticInit(java.lang.Object, long, java.lang.Object)'> (0x00000000d58aff58) 
thrown [s\src\hotspot\share\interpreter\linkResolver.cpp, line 773]
Event: 18.187 Thread 0x000001d7ca11afb0 Exception <a 'java/lang/NoSuchMethodError'{0x00000000d590cee0}: 'java.lang.Object java.lang.invoke.DirectMethodHandle$Holder.newInvokeSpecial(java.lang.Object, long)'> (0x00000000d590cee0) 
thrown [s\src\hotspot\share\interpreter\linkResolver.cpp, line 773]
Event: 18.375 Thread 0x000001d7ca11afb0 Exception <a 'java/lang/NoSuchMethodError'{0x00000000d5a85068}: 'void java.lang.invoke.DirectMethodHandle$Holder.invokeSpecial(java.lang.Object, java.lang.Object, java.lang.Object, java.lang.Object, java.lang.Object, java.lang.Object)'> (0x00000000d5a85068) 
thrown [s\src\hotspot\share\interpreter\linkResolver.cpp, line 773]
Event: 18.376 Thread 0x000001d7ca11afb0 Exception <a 'java/lang/IncompatibleClassChangeError'{0x00000000d5a8d388}: Found class java.lang.Object, but interface was expected> (0x00000000d5a8d388) 
thrown [s\src\hotspot\share\interpreter\linkResolver.cpp, line 840]
Event: 18.376 Thread 0x000001d7ca11afb0 Exception <a 'java/lang/IncompatibleClassChangeError'{0x00000000d5a8e500}: Found class java.lang.Object, but interface was expected> (0x00000000d5a8e500) 
thrown [s\src\hotspot\share\interpreter\linkResolver.cpp, line 840]
Event: 18.591 Thread 0x000001d7e7c00460 Exception <a 'java/lang/NoSuchMethodError'{0x00000000d67b9750}: 'void java.lang.invoke.DirectMethodHandle$Holder.invokeStaticInit(java.lang.Object, java.lang.Object, java.lang.Object)'> (0x00000000d67b9750) 
thrown [s\src\hotspot\share\interpreter\linkResolver.cpp, line 773]
Event: 18.600 Thread 0x000001d7e7c00460 Exception <a 'java/lang/ExceptionInInitializerError'{0x00000000d67fc250}> (0x00000000d67fc250) 
thrown [s\src\hotspot\share\oops\instanceKlass.cpp, line 1218]
Event: 18.615 Thread 0x000001d7e7c00460 Exception <a 'java/lang/NoSuchMethodError'{0x00000000d6878938}: 'long java.lang.invoke.DirectMethodHandle$Holder.invokeStatic(java.lang.Object, java.lang.Object, int)'> (0x00000000d6878938) 
thrown [s\src\hotspot\share\interpreter\linkResolver.cpp, line 773]
Event: 18.620 Thread 0x000001d7e7c00460 Implicit null exception at 0x000001d7d4f22b7e to 0x000001d7d4f22df0
Event: 18.620 Thread 0x000001d7e7c00460 Implicit null exception at 0x000001d7d4e9e31c to 0x000001d7d4e9f230
Event: 18.623 Thread 0x000001d7e7c00460 Exception <a 'java/lang/NoSuchMethodError'{0x00000000d68b8a78}: 'java.lang.Object java.lang.invoke.Invokers$Holder.invokeExact_MT(java.lang.Object, int, java.lang.Object)'> (0x00000000d68b8a78) 
thrown [s\src\hotspot\share\interpreter\linkResolver.cpp, line 773]

ZGC Phase Switch (0 events):
No events

VM Operations (20 events):
Event: 18.123 Executing safepoint VM operation: CollectForMetadataAllocation (Metadata GC Threshold)
Event: 18.168 Executing safepoint VM operation: CollectForMetadataAllocation (Metadata GC Threshold) done
Event: 18.297 Executing non-safepoint VM operation: HandshakeAllThreads (Deoptimize)
Event: 18.297 Executing non-safepoint VM operation: HandshakeAllThreads (Deoptimize) done
Event: 18.339 Executing safepoint VM operation: ParallelGCFailedAllocation (Allocation Failure)
Event: 18.341 Executing safepoint VM operation: ParallelGCFailedAllocation (Allocation Failure) done
Event: 18.392 Executing non-safepoint VM operation: HandshakeAllThreads (Deoptimize)
Event: 18.392 Executing non-safepoint VM operation: HandshakeAllThreads (Deoptimize) done
Event: 18.668 Executing safepoint VM operation: ParallelGCFailedAllocation (Allocation Failure)
Event: 18.670 Executing safepoint VM operation: ParallelGCFailedAllocation (Allocation Failure) done
Event: 18.676 Executing non-safepoint VM operation: HandshakeAllThreads (Deoptimize)
Event: 18.676 Executing non-safepoint VM operation: HandshakeAllThreads (Deoptimize) done
Event: 19.683 Executing safepoint VM operation: Cleanup
Event: 19.857 Executing safepoint VM operation: Cleanup done
Event: 20.862 Executing safepoint VM operation: Cleanup
Event: 20.897 Executing safepoint VM operation: Cleanup done
Event: 21.905 Executing safepoint VM operation: Cleanup
Event: 21.929 Executing safepoint VM operation: Cleanup done
Event: 22.933 Executing safepoint VM operation: Cleanup
Event: 22.933 Executing safepoint VM operation: Cleanup done

Memory protections (0 events):
No events

Nmethod flushes (20 events):
Event: 18.144 Thread 0x000001d7ca0b47b0 flushing  nmethod 0x000001d7cd919090
Event: 18.144 Thread 0x000001d7ca0b47b0 flushing  nmethod 0x000001d7cd919890
Event: 18.144 Thread 0x000001d7ca0b47b0 flushing  nmethod 0x000001d7cd91a010
Event: 18.144 Thread 0x000001d7ca0b47b0 flushing  nmethod 0x000001d7cd91b590
Event: 18.144 Thread 0x000001d7ca0b47b0 flushing  nmethod 0x000001d7cd91be90
Event: 18.144 Thread 0x000001d7ca0b47b0 flushing  nmethod 0x000001d7cd91dc90
Event: 18.144 Thread 0x000001d7ca0b47b0 flushing  nmethod 0x000001d7cd91e110
Event: 18.144 Thread 0x000001d7ca0b47b0 flushing  nmethod 0x000001d7cd91ff90
Event: 18.144 Thread 0x000001d7ca0b47b0 flushing  nmethod 0x000001d7cd921990
Event: 18.144 Thread 0x000001d7ca0b47b0 flushing  nmethod 0x000001d7cd93f610
Event: 18.144 Thread 0x000001d7ca0b47b0 flushing  nmethod 0x000001d7cd94ac90
Event: 18.144 Thread 0x000001d7ca0b47b0 flushing  nmethod 0x000001d7cd956310
Event: 18.144 Thread 0x000001d7ca0b47b0 flushing  nmethod 0x000001d7cd95ad90
Event: 18.144 Thread 0x000001d7ca0b47b0 flushing  nmethod 0x000001d7cd961f90
Event: 18.144 Thread 0x000001d7ca0b47b0 flushing  nmethod 0x000001d7cd96e310
Event: 18.144 Thread 0x000001d7ca0b47b0 flushing  nmethod 0x000001d7cd96ea10
Event: 18.144 Thread 0x000001d7ca0b47b0 flushing  nmethod 0x000001d7cd9a7690
Event: 18.144 Thread 0x000001d7ca0b47b0 flushing  nmethod 0x000001d7cd9c7790
Event: 18.144 Thread 0x000001d7ca0b47b0 flushing  nmethod 0x000001d7cd9df790
Event: 18.144 Thread 0x000001d7ca0b47b0 flushing  nmethod 0x000001d7cda02b90

Events (20 events):
Event: 14.404 Thread 0x000001d7e774ad00 Thread added: 0x000001d7e7c00af0
Event: 16.970 Thread 0x000001d7e774ad00 Thread added: 0x000001d7e7bfea20
Event: 18.069 Thread 0x000001d7e7c01180 Thread added: 0x000001d7e7bff0b0
Event: 18.117 Thread 0x000001d7e7bff0b0 Thread added: 0x000001d7e7c02530
Event: 18.201 Thread 0x000001d7ca11afb0 Thread added: 0x000001d7e7c02bc0
Event: 18.201 Thread 0x000001d7ca11afb0 Thread added: 0x000001d7e7c03f70
Event: 18.201 Thread 0x000001d7ca11afb0 Thread added: 0x000001d7e7c04600
Event: 18.201 Thread 0x000001d7ca11afb0 Thread added: 0x000001d7e7c05320
Event: 18.201 Thread 0x000001d7ca11afb0 Thread added: 0x000001d7e7c059b0
Event: 18.201 Thread 0x000001d7ca11afb0 Thread added: 0x000001d7e7c03250
Event: 18.202 Thread 0x000001d7ca11afb0 Thread added: 0x000001d7e7c04c90
Event: 18.202 Thread 0x000001d7ca11afb0 Thread added: 0x000001d7e7c038e0
Event: 18.202 Thread 0x000001d7ca11afb0 Thread added: 0x000001d7e7671a10
Event: 18.202 Thread 0x000001d7ca11afb0 Thread added: 0x000001d7e7672730
Event: 18.202 Thread 0x000001d7ca11afb0 Thread added: 0x000001d7e76720a0
Event: 18.202 Thread 0x000001d7ca11afb0 Thread added: 0x000001d7e7672dc0
Event: 18.203 Thread 0x000001d7ca11afb0 Thread added: 0x000001d7e766f940
Event: 18.229 Thread 0x000001d7ca11afb0 Thread added: 0x000001d7e7671380
Event: 18.401 Thread 0x000001d7ca11afb0 Thread added: 0x000001d7e7673450
Event: 18.401 Thread 0x000001d7ca11afb0 Thread added: 0x000001d7e766ffd0


Dynamic libraries:
0x00007ff6293b0000 - 0x00007ff6293be000 	c:\Users\Admin\.vscode\extensions\redhat.java-1.55.0-win32-x64\jre\21.0.11-win32-x86_64\bin\java.exe
0x00007ffd31ad0000 - 0x00007ffd31d25000 	C:\Windows\SYSTEM32\ntdll.dll
0x00007ffd30150000 - 0x00007ffd30217000 	C:\Windows\System32\KERNEL32.DLL
0x00007ffd2f5e0000 - 0x00007ffd2f980000 	C:\Windows\System32\KERNELBASE.dll
0x00007ffd2f490000 - 0x00007ffd2f5da000 	C:\Windows\System32\ucrtbase.dll
0x00007ffd0a250000 - 0x00007ffd0a26e000 	c:\Users\Admin\.vscode\extensions\redhat.java-1.55.0-win32-x64\jre\21.0.11-win32-x86_64\bin\VCRUNTIME140.dll
0x00007ffd0a690000 - 0x00007ffd0a6a8000 	c:\Users\Admin\.vscode\extensions\redhat.java-1.55.0-win32-x64\jre\21.0.11-win32-x86_64\bin\jli.dll
0x00007ffd305f0000 - 0x00007ffd307af000 	C:\Windows\System32\USER32.dll
0x00007ffd2efc0000 - 0x00007ffd2efe7000 	C:\Windows\System32\win32u.dll
0x00007ffd1f920000 - 0x00007ffd1fbb0000 	C:\Windows\WinSxS\amd64_microsoft.windows.common-controls_6595b64144ccf1df_6.0.26100.1_none_fc2d3fda0fd46076\COMCTL32.dll
0x00007ffd307c0000 - 0x00007ffd307ea000 	C:\Windows\System32\GDI32.dll
0x00007ffd2f990000 - 0x00007ffd2fa39000 	C:\Windows\System32\msvcrt.dll
0x00007ffd2f170000 - 0x00007ffd2f291000 	C:\Windows\System32\gdi32full.dll
0x00007ffd2f2a0000 - 0x00007ffd2f343000 	C:\Windows\System32\msvcp_win.dll
0x00007ffd30300000 - 0x00007ffd3032f000 	C:\Windows\System32\IMM32.DLL
0x00007ffd29c20000 - 0x00007ffd29c2c000 	c:\Users\Admin\.vscode\extensions\redhat.java-1.55.0-win32-x64\jre\21.0.11-win32-x86_64\bin\vcruntime140_1.dll
0x00007ffcf1410000 - 0x00007ffcf149d000 	c:\Users\Admin\.vscode\extensions\redhat.java-1.55.0-win32-x64\jre\21.0.11-win32-x86_64\bin\msvcp140.dll
0x00007ffc8f8a0000 - 0x00007ffc90642000 	c:\Users\Admin\.vscode\extensions\redhat.java-1.55.0-win32-x64\jre\21.0.11-win32-x86_64\bin\server\jvm.dll
0x00007ffd30530000 - 0x00007ffd305e2000 	C:\Windows\System32\ADVAPI32.dll
0x00007ffd307f0000 - 0x00007ffd30896000 	C:\Windows\System32\sechost.dll
0x00007ffd316c0000 - 0x00007ffd317d9000 	C:\Windows\System32\RPCRT4.dll
0x00007ffd31990000 - 0x00007ffd31a04000 	C:\Windows\System32\WS2_32.dll
0x00007ffd2edc0000 - 0x00007ffd2ee0e000 	C:\Windows\SYSTEM32\POWRPROF.dll
0x00007ffd268e0000 - 0x00007ffd26916000 	C:\Windows\SYSTEM32\WINMM.dll
0x00007ffd277e0000 - 0x00007ffd277eb000 	C:\Windows\SYSTEM32\VERSION.dll
0x00007ffd2eda0000 - 0x00007ffd2edb4000 	C:\Windows\SYSTEM32\UMPDC.dll
0x00007ffd2de70000 - 0x00007ffd2de8a000 	C:\Windows\SYSTEM32\kernel.appcore.dll
0x00007ffd142b0000 - 0x00007ffd142ba000 	c:\Users\Admin\.vscode\extensions\redhat.java-1.55.0-win32-x64\jre\21.0.11-win32-x86_64\bin\jimage.dll
0x00007ffd26ac0000 - 0x00007ffd26d01000 	C:\Windows\SYSTEM32\DBGHELP.DLL
0x00007ffd30bc0000 - 0x00007ffd30f35000 	C:\Windows\System32\combase.dll
0x00007ffd30220000 - 0x00007ffd302f6000 	C:\Windows\System32\OLEAUT32.dll
0x00007ffd152f0000 - 0x00007ffd15329000 	C:\Windows\SYSTEM32\dbgcore.DLL
0x00007ffd2ef20000 - 0x00007ffd2efb9000 	C:\Windows\System32\bcryptPrimitives.dll
0x00007ffd16b20000 - 0x00007ffd16b2f000 	c:\Users\Admin\.vscode\extensions\redhat.java-1.55.0-win32-x64\jre\21.0.11-win32-x86_64\bin\instrument.dll
0x00007ffd07790000 - 0x00007ffd077b0000 	c:\Users\Admin\.vscode\extensions\redhat.java-1.55.0-win32-x64\jre\21.0.11-win32-x86_64\bin\java.dll
0x00007ffd30f40000 - 0x00007ffd31626000 	C:\Windows\System32\SHELL32.dll
0x00007ffd2cda0000 - 0x00007ffd2d5cb000 	C:\Windows\SYSTEM32\windows.storage.dll
0x00007ffd308a0000 - 0x00007ffd30973000 	C:\Windows\System32\SHCORE.dll
0x00007ffd300f0000 - 0x00007ffd3014d000 	C:\Windows\System32\shlwapi.dll
0x00007ffd2ee40000 - 0x00007ffd2ee64000 	C:\Windows\SYSTEM32\profapi.dll
0x00007ffd03a30000 - 0x00007ffd03a48000 	c:\Users\Admin\.vscode\extensions\redhat.java-1.55.0-win32-x64\jre\21.0.11-win32-x86_64\bin\zip.dll
0x00007ffd29350000 - 0x00007ffd29360000 	C:\Users\Admin\.vscode\extensions\redhat.java-1.55.0-win32-x64\jre\21.0.11-win32-x86_64\bin\net.dll
0x00007ffd28e90000 - 0x00007ffd28fad000 	C:\Windows\SYSTEM32\WINHTTP.dll
0x00007ffd2e330000 - 0x00007ffd2e398000 	C:\Windows\system32\mswsock.dll
0x00007ffd29330000 - 0x00007ffd29346000 	C:\Users\Admin\.vscode\extensions\redhat.java-1.55.0-win32-x64\jre\21.0.11-win32-x86_64\bin\nio.dll
0x00007ffd16110000 - 0x00007ffd16120000 	c:\Users\Admin\.vscode\extensions\redhat.java-1.55.0-win32-x64\jre\21.0.11-win32-x86_64\bin\verify.dll
0x00007ffcf5d80000 - 0x00007ffcf5dc5000 	C:\Users\Admin\AppData\Roaming\Code\User\globalStorage\redhat.java\1.55.0\config_win\org.eclipse.equinox.launcher\org.eclipse.equinox.launcher.win32.win32.x86_64_1.3.100.v20260613-0559\eclipse_11924.dll
0x00007ffd2ff50000 - 0x00007ffd300e5000 	C:\Windows\System32\ole32.dll
0x00007ffd2e5b0000 - 0x00007ffd2e5cc000 	C:\Windows\SYSTEM32\CRYPTSP.dll
0x00007ffd2ddd0000 - 0x00007ffd2de08000 	C:\Windows\system32\rsaenh.dll
0x00007ffd2e3d0000 - 0x00007ffd2e3fb000 	C:\Windows\SYSTEM32\USERENV.dll
0x00007ffd2e7f0000 - 0x00007ffd2e816000 	C:\Windows\SYSTEM32\bcrypt.dll
0x00007ffd2e5d0000 - 0x00007ffd2e5dc000 	C:\Windows\SYSTEM32\CRYPTBASE.dll
0x00007ffd2d860000 - 0x00007ffd2d890000 	C:\Windows\SYSTEM32\IPHLPAPI.DLL
0x00007ffd30980000 - 0x00007ffd3098a000 	C:\Windows\System32\NSI.dll
0x00007ffcfb270000 - 0x00007ffcfb2b9000 	C:\Users\Admin\AppData\Local\Temp\jna-63116079\jna8748880895872495098.dll
0x00007ffd2ff40000 - 0x00007ffd2ff48000 	C:\Windows\System32\PSAPI.DLL
0x00007ffd293f0000 - 0x00007ffd2940c000 	C:\Windows\SYSTEM32\dhcpcsvc6.DLL
0x00007ffd29370000 - 0x00007ffd29392000 	C:\Windows\SYSTEM32\dhcpcsvc.DLL

JVMTI agents:
c:\Users\Admin\.vscode\extensions\redhat.java-1.55.0-win32-x64\lombok\lombok-1.18.39-4050.jar path:c:\Users\Admin\.vscode\extensions\redhat.java-1.55.0-win32-x64\jre\21.0.11-win32-x86_64\bin\instrument.dll, loaded, initialized, instrumentlib options:none

dbghelp: loaded successfully - version: 4.0.5 - missing functions: none
symbol engine: initialized successfully - sym options: 0x614 - pdb path: .;c:\Users\Admin\.vscode\extensions\redhat.java-1.55.0-win32-x64\jre\21.0.11-win32-x86_64\bin;C:\Windows\SYSTEM32;C:\Windows\WinSxS\amd64_microsoft.windows.common-controls_6595b64144ccf1df_6.0.26100.1_none_fc2d3fda0fd46076;c:\Users\Admin\.vscode\extensions\redhat.java-1.55.0-win32-x64\jre\21.0.11-win32-x86_64\bin\server;C:\Users\Admin\AppData\Roaming\Code\User\globalStorage\redhat.java\1.55.0\config_win\org.eclipse.equinox.launcher\org.eclipse.equinox.launcher.win32.win32.x86_64_1.3.100.v20260613-0559;C:\Users\Admin\AppData\Local\Temp\jna-63116079

VM Arguments:
jvm_args: --add-modules=ALL-SYSTEM --add-opens=java.base/java.util=ALL-UNNAMED --add-opens=java.base/java.lang=ALL-UNNAMED --add-opens=java.base/sun.nio.fs=ALL-UNNAMED -Declipse.application=org.eclipse.jdt.ls.core.id1 -Dosgi.bundles.defaultStartLevel=4 -Declipse.product=org.eclipse.jdt.ls.core.product -Djava.import.generatesMetadataFilesAtProjectRoot=false -DDetectVMInstallationsJob.disabled=true -Dfile.encoding=utf8 -XX:+UseParallelGC -XX:GCTimeRatio=4 -XX:AdaptiveSizePolicyWeight=90 -Dsun.zip.disableMemoryMapping=true -Xmx2G -Xms100m -Xlog:disable -javaagent:c:\Users\Admin\.vscode\extensions\redhat.java-1.55.0-win32-x64\lombok\lombok-1.18.39-4050.jar -XX:+HeapDumpOnOutOfMemoryError -XX:HeapDumpPath=c:\Users\Admin\AppData\Roaming\Code\User\workspaceStorage\801ed1664cc344b479297c66898efbba\redhat.java -Daether.dependencyCollector.impl=bf 
java_command: c:\Users\Admin\.vscode\extensions\redhat.java-1.55.0-win32-x64\server\plugins\org.eclipse.equinox.launcher_1.7.200.v20260619-2039.jar -configuration c:\Users\Admin\AppData\Roaming\Code\User\globalStorage\redhat.java\1.55.0\config_win -data c:\Users\Admin\AppData\Roaming\Code\User\workspaceStorage\801ed1664cc344b479297c66898efbba\redhat.java\jdt_ws --pipe=\\.\pipe\lsp-6d7dbee929b1abd7daa688cdc7367ba9-sock
java_class_path (initial): c:\Users\Admin\.vscode\extensions\redhat.java-1.55.0-win32-x64\server\plugins\org.eclipse.equinox.launcher_1.7.200.v20260619-2039.jar
Launcher Type: SUN_STANDARD

[Global flags]
    uintx AdaptiveSizePolicyWeight                 = 90                                        {product} {command line}
     intx CICompilerCount                          = 4                                         {product} {ergonomic}
    uintx GCTimeRatio                              = 4                                         {product} {command line}
     bool HeapDumpOnOutOfMemoryError               = true                                   {manageable} {command line}
    ccstr HeapDumpPath                             = c:\Users\Admin\AppData\Roaming\Code\User\workspaceStorage\801ed1664cc344b479297c66898efbba\redhat.java         {manageable} {command line}
   size_t InitialHeapSize                          = 104857600                                 {product} {command line}
   size_t MaxHeapSize                              = 2147483648                                {product} {command line}
   size_t MaxNewSize                               = 715653120                                 {product} {ergonomic}
   size_t MinHeapDeltaBytes                        = 524288                                    {product} {ergonomic}
   size_t MinHeapSize                              = 104857600                                 {product} {command line}
   size_t NewSize                                  = 34603008                                  {product} {ergonomic}
    uintx NonNMethodCodeHeapSize                   = 5839372                                {pd product} {ergonomic}
    uintx NonProfiledCodeHeapSize                  = 122909434                              {pd product} {ergonomic}
   size_t OldSize                                  = 70254592                                  {product} {ergonomic}
    uintx ProfiledCodeHeapSize                     = 122909434                              {pd product} {ergonomic}
    uintx ReservedCodeCacheSize                    = 251658240                              {pd product} {ergonomic}
     bool SegmentedCodeCache                       = true                                      {product} {ergonomic}
   size_t SoftMaxHeapSize                          = 2147483648                             {manageable} {ergonomic}
     bool UseCompressedOops                        = true                           {product lp64_product} {ergonomic}
     bool UseLargePagesIndividualAllocation        = false                                  {pd product} {ergonomic}
     bool UseParallelGC                            = true                                      {product} {command line}

Logging:
Log output configuration:
 #0: stdout all=off uptime,level,tags foldmultilines=false
 #1: stderr all=off uptime,level,tags foldmultilines=false

Release file:
JAVA_VERSION="21.0.11" 
MODULES="java.base java.compiler java.datatransfer java.xml java.prefs java.desktop java.instrument java.logging java.management java.security.sasl java.naming java.rmi java.management.rmi java.net.http java.scripting java.security.jgss java.transaction.xa java.sql java.sql.rowset java.xml.crypto java.se java.smartcardio jdk.accessibility jdk.internal.jvmstat jdk.attach jdk.charsets jdk.internal.opt jdk.zipfs jdk.compiler jdk.crypto.ec jdk.crypto.cryptoki jdk.crypto.mscapi jdk.dynalink jdk.internal.ed jdk.editpad jdk.hotspot.agent jdk.httpserver jdk.internal.le jdk.internal.vm.ci jdk.internal.vm.compiler jdk.internal.vm.compiler.management jdk.jartool jdk.javadoc jdk.jcmd jdk.management jdk.management.agent jdk.jconsole jdk.jdeps jdk.jdwp.agent jdk.jdi jdk.jfr jdk.jshell jdk.jsobject jdk.jstatd jdk.localedata jdk.management.jfr jdk.naming.dns jdk.naming.rmi jdk.net jdk.nio.mapmode jdk.random jdk.sctp jdk.security.auth jdk.security.jgss jdk.unsupported jdk.unsupported.desktop jdk.xml.dom" 

Environment Variables:
JAVA_HOME=C:\Program Files\Java\jdk-17
PATH=C:\Program Files\Python314\Scripts\;C:\Program Files\Python314\;C:\Windows\system32;C:\Windows;C:\Windows\System32\Wbem;C:\Windows\System32\WindowsPowerShell\v1.0\;C:\Windows\System32\OpenSSH\;C:\Program Files\Git\cmd;C:\Program Files\dotnet\;%ANDROID_HOME%\platform-tools;%ANDROID_HOME%\cmdline-tools\latest\bin;%ANDROID_HOME%\emulator;%JAVA_HOME%\bin;C:\Program Files\nodejs\;C:\Users\Admin\AppData\Local\Microsoft\WindowsApps;C:\flutter\bin;C:\Users\Admin\.dotnet\tools;C:\Users\Admin\AppData\Local\Android\Sdk\platform-tools;C:\Users\Admin\AppData\Local\Programs\Microsoft VS Code\bin;C:\Users\Admin\AppData\Roaming\npm
USERNAME=Admin
OS=Windows_NT
PROCESSOR_IDENTIFIER=AMD64 Family 23 Model 96 Stepping 1, AuthenticAMD
TMP=C:\Users\Admin\AppData\Local\Temp
TEMP=C:\Users\Admin\AppData\Local\Temp




Periodic native trim disabled

---------------  S Y S T E M  ---------------

OS:
 Windows 11 , 64 bit Build 26100 (10.0.26100.1)
OS uptime: 0 days 1:27 hours

CPU: total 12 (initial active 12) (12 cores per cpu, 2 threads per core) family 23 model 96 stepping 1 microcode 0x8600106, cx8, cmov, fxsr, ht, mmx, 3dnowpref, sse, sse2, sse3, ssse3, sse4a, sse4.1, sse4.2, popcnt, lzcnt, tsc, tscinvbit, avx, avx2, aes, clmul, bmi1, bmi2, adx, sha, fma, vzeroupper, clflush, clflushopt, rdtscp, rdpid, f16c
Processor Information for the first 12 processors :
  Max Mhz: 3001, Current Mhz: 2011, Mhz Limit: 3001

Memory: 4k page, system-wide physical 7598M (439M free)
TotalPageFile size 13742M (AvailPageFile size 13M)
current process WorkingSet (physical memory assigned to process): 190M, peak: 209M
current process commit charge ("private bytes"): 321M, peak: 337M

vm_info: OpenJDK 64-Bit Server VM (21.0.11+10-LTS) for windows-amd64 JRE (21.0.11+10-LTS), built on 2026-04-21T00:00:00Z by "admin" with MS VC++ 17.12 (VS2022)

END.
