#
# There is insufficient memory for the Java Runtime Environment to continue.
# Native memory allocation (malloc) failed to allocate 1221456 bytes. Error detail: Chunk::new
# Possible reasons:
#   The system is out of physical RAM or swap space
#   This process is running with CompressedOops enabled, and the Java Heap may be blocking the growth of the native heap
# Possible solutions:
#   Reduce memory load on the system
#   Increase physical memory or swap space
#   Check if swap backing store is full
#   Decrease Java heap size (-Xmx/-Xms)
#   Decrease number of Java threads
#   Decrease Java thread stack sizes (-Xss)
#   Set larger code cache with -XX:ReservedCodeCacheSize=
#   JVM is running with Unscaled Compressed Oops mode in which the Java heap is
#     placed in the first 4GB address space. The Java Heap base address is the
#     maximum limit for the native heap growth. Please use -XX:HeapBaseMinAddress
#     to set the Java Heap base and to place the Java Heap above 4GB virtual address.
# This output file may be truncated or incomplete.
#
#  Out of Memory Error (arena.cpp:168), pid=9320, tid=17244
#
# JRE version: OpenJDK Runtime Environment Temurin-21.0.11+10 (21.0.11+10) (build 21.0.11+10-LTS)
# Java VM: OpenJDK 64-Bit Server VM Temurin-21.0.11+10 (21.0.11+10-LTS, mixed mode, sharing, tiered, compressed oops, compressed class ptrs, parallel gc, windows-amd64)
# No core dump will be written. Minidumps are not enabled by default on client versions of Windows
#

---------------  S U M M A R Y ------------

Command Line: --add-modules=ALL-SYSTEM --add-opens=java.base/java.util=ALL-UNNAMED --add-opens=java.base/java.lang=ALL-UNNAMED --add-opens=java.base/sun.nio.fs=ALL-UNNAMED -Declipse.application=org.eclipse.jdt.ls.core.id1 -Dosgi.bundles.defaultStartLevel=4 -Declipse.product=org.eclipse.jdt.ls.core.product -Djava.import.generatesMetadataFilesAtProjectRoot=false -DDetectVMInstallationsJob.disabled=true -Dfile.encoding=utf8 -XX:+UseParallelGC -XX:GCTimeRatio=4 -XX:AdaptiveSizePolicyWeight=90 -Dsun.zip.disableMemoryMapping=true -Xmx2G -Xms100m -Xlog:disable -javaagent:c:\Users\Admin\.vscode\extensions\redhat.java-1.55.0-win32-x64\lombok\lombok-1.18.39-4050.jar -XX:+HeapDumpOnOutOfMemoryError -XX:HeapDumpPath=c:\Users\Admin\AppData\Roaming\Code\User\workspaceStorage\801ed1664cc344b479297c66898efbba\redhat.java -Daether.dependencyCollector.impl=bf c:\Users\Admin\.vscode\extensions\redhat.java-1.55.0-win32-x64\server\plugins\org.eclipse.equinox.launcher_1.7.200.v20260619-2039.jar -configuration c:\Users\Admin\AppData\Roaming\Code\User\globalStorage\redhat.java\1.55.0\config_win -data c:\Users\Admin\AppData\Roaming\Code\User\workspaceStorage\801ed1664cc344b479297c66898efbba\redhat.java\jdt_ws --pipe=\\.\pipe\lsp-3df8eb4660ca86c744f8540b786e1d00-sock

Host: AMD Ryzen 5 4600H with Radeon Graphics         , 12 cores, 7G,  Windows 11 , 64 bit Build 26100 (10.0.26100.1)
Time: Tue Jul  7 08:13:17 2026 Malay Peninsula Standard Time elapsed time: 18.685271 seconds (0d 0h 0m 18s)

---------------  T H R E A D  ---------------

Current thread (0x00000151fce33c40):  JavaThread "C2 CompilerThread2" daemon [_thread_in_native, id=17244, stack(0x000000508fa00000,0x000000508fb00000) (1024K)]


Current CompileTask:
C2:18685 3923       4       org.lombokweb.asm.ClassReader::readMethod (1070 bytes)

Stack: [0x000000508fa00000,0x000000508fb00000]
Native frames: (J=compiled Java code, j=interpreted, Vv=VM code, C=native code)
V  [jvm.dll+0x6d7e19]
V  [jvm.dll+0x8b5096]
V  [jvm.dll+0x8b764e]
V  [jvm.dll+0x8b7d33]
V  [jvm.dll+0x284596]
V  [jvm.dll+0xc685d]
V  [jvm.dll+0xc6da1]
V  [jvm.dll+0x3bed31]
V  [jvm.dll+0x38b2b2]
V  [jvm.dll+0x38a6fa]
V  [jvm.dll+0x24c700]
V  [jvm.dll+0x24bce0]
V  [jvm.dll+0x1cb4ae]
V  [jvm.dll+0x25baad]
V  [jvm.dll+0x25a03a]
V  [jvm.dll+0x3f868e]
V  [jvm.dll+0x85fb0d]
V  [jvm.dll+0x6d664d]
C  [ucrtbase.dll+0x43340]
C  [KERNEL32.DLL+0x31fd7]
C  [ntdll.dll+0x6d7d0]


---------------  P R O C E S S  ---------------

Threads class SMR info:
_java_thread_list=0x00000151fc935d50, length=25, elements={
0x00000151de70bb60, 0x00000151f70a44b0, 0x00000151f51bce20, 0x00000151f70a6720,
0x00000151f70a7240, 0x00000151f70ab2b0, 0x00000151f70b3ea0, 0x00000151f70b6370,
0x00000151f70ba560, 0x00000151f72ecee0, 0x00000151f73e58c0, 0x00000151f7a66a90,
0x00000151f7c499e0, 0x00000151f73be480, 0x00000151f7a5df20, 0x00000151f7a5be50,
0x00000151f7a5b130, 0x00000151f7a5c4e0, 0x00000151f7a5cb70, 0x00000151f7a5d200,
0x00000151f7a5d890, 0x00000151f7a5aaa0, 0x00000151f7653f50, 0x00000151f7a5b7c0,
0x00000151fce33c40
}

Java Threads: ( => current thread )
  0x00000151de70bb60 JavaThread "main"                              [_thread_blocked, id=10580, stack(0x000000508d600000,0x000000508d700000) (1024K)]
  0x00000151f70a44b0 JavaThread "Reference Handler"          daemon [_thread_blocked, id=15880, stack(0x000000508da00000,0x000000508db00000) (1024K)]
  0x00000151f51bce20 JavaThread "Finalizer"                  daemon [_thread_blocked, id=14468, stack(0x000000508db00000,0x000000508dc00000) (1024K)]
  0x00000151f70a6720 JavaThread "Signal Dispatcher"          daemon [_thread_blocked, id=15944, stack(0x000000508dc00000,0x000000508dd00000) (1024K)]
  0x00000151f70a7240 JavaThread "Attach Listener"            daemon [_thread_blocked, id=6056, stack(0x000000508dd00000,0x000000508de00000) (1024K)]
  0x00000151f70ab2b0 JavaThread "Service Thread"             daemon [_thread_blocked, id=16244, stack(0x000000508de00000,0x000000508df00000) (1024K)]
  0x00000151f70b3ea0 JavaThread "Monitor Deflation Thread"   daemon [_thread_blocked, id=4172, stack(0x000000508df00000,0x000000508e000000) (1024K)]
  0x00000151f70b6370 JavaThread "C2 CompilerThread0"         daemon [_thread_in_native, id=9128, stack(0x000000508e000000,0x000000508e100000) (1024K)]
  0x00000151f70ba560 JavaThread "C1 CompilerThread0"         daemon [_thread_in_native, id=15124, stack(0x000000508e100000,0x000000508e200000) (1024K)]
  0x00000151f72ecee0 JavaThread "Common-Cleaner"             daemon [_thread_blocked, id=12428, stack(0x000000508e200000,0x000000508e300000) (1024K)]
  0x00000151f73e58c0 JavaThread "Notification Thread"        daemon [_thread_blocked, id=2516, stack(0x000000508e400000,0x000000508e500000) (1024K)]
  0x00000151f7a66a90 JavaThread "Active Thread: Equinox Container: cb5792fc-2224-401d-ae43-556125faae8d"        [_thread_blocked, id=3896, stack(0x000000508eb00000,0x000000508ec00000) (1024K)]
  0x00000151f7c499e0 JavaThread "Refresh Thread: Equinox Container: cb5792fc-2224-401d-ae43-556125faae8d" daemon [_thread_blocked, id=16388, stack(0x000000508ed00000,0x000000508ee00000) (1024K)]
  0x00000151f73be480 JavaThread "Framework Event Dispatcher: Equinox Container: cb5792fc-2224-401d-ae43-556125faae8d" daemon [_thread_blocked, id=16392, stack(0x000000508ee00000,0x000000508ef00000) (1024K)]
  0x00000151f7a5df20 JavaThread "Start Level: Equinox Container: cb5792fc-2224-401d-ae43-556125faae8d" daemon [_thread_in_vm, id=16396, stack(0x000000508e300000,0x000000508e400000) (1024K)]
  0x00000151f7a5be50 JavaThread "Bundle File Closer"         daemon [_thread_blocked, id=16452, stack(0x000000508f200000,0x000000508f300000) (1024K)]
  0x00000151f7a5b130 JavaThread "SCR Component Actor"        daemon [_thread_blocked, id=16636, stack(0x000000508f100000,0x000000508f200000) (1024K)]
  0x00000151f7a5c4e0 JavaThread "Worker-JM"                         [_thread_blocked, id=16988, stack(0x000000508f400000,0x000000508f500000) (1024K)]
  0x00000151f7a5cb70 JavaThread "Worker-0: Updating Maven Dependencies"        [_thread_in_Java, id=17264, stack(0x000000508f300000,0x000000508f400000) (1024K)]
  0x00000151f7a5d200 JavaThread "Worker-1: Repository registry initialization"        [_thread_blocked, id=17344, stack(0x000000508f500000,0x000000508f600000) (1024K)]
  0x00000151f7a5d890 JavaThread "Worker-2"                          [_thread_blocked, id=17016, stack(0x000000508f600000,0x000000508f700000) (1024K)]
  0x00000151f7a5aaa0 JavaThread "Worker-3"                          [_thread_blocked, id=17012, stack(0x000000508f700000,0x000000508f800000) (1024K)]
  0x00000151f7653f50 JavaThread "C2 CompilerThread1"         daemon [_thread_in_native, id=17004, stack(0x000000508f800000,0x000000508f900000) (1024K)]
  0x00000151f7a5b7c0 JavaThread "Java indexing"              daemon [_thread_blocked, id=13332, stack(0x000000508f900000,0x000000508fa00000) (1024K)]
=>0x00000151fce33c40 JavaThread "C2 CompilerThread2"         daemon [_thread_in_native, id=17244, stack(0x000000508fa00000,0x000000508fb00000) (1024K)]
Total: 25

Other Threads:
  0x00000151f51a43e0 VMThread "VM Thread"                           [id=14508, stack(0x000000508d900000,0x000000508da00000) (1024K)]
  0x00000151f509ca00 WatcherThread "VM Periodic Task Thread"        [id=14752, stack(0x000000508d800000,0x000000508d900000) (1024K)]
  0x00000151de72ade0 WorkerThread "GC Thread#0"                     [id=15524, stack(0x000000508d700000,0x000000508d800000) (1024K)]
  0x00000151f7720f80 WorkerThread "GC Thread#1"                     [id=16108, stack(0x000000508e500000,0x000000508e600000) (1024K)]
  0x00000151f7721f50 WorkerThread "GC Thread#2"                     [id=12192, stack(0x000000508e600000,0x000000508e700000) (1024K)]
  0x00000151f7880960 WorkerThread "GC Thread#3"                     [id=2996, stack(0x000000508e700000,0x000000508e800000) (1024K)]
  0x00000151f7880d10 WorkerThread "GC Thread#4"                     [id=16232, stack(0x000000508e800000,0x000000508e900000) (1024K)]
  0x00000151f78810c0 WorkerThread "GC Thread#5"                     [id=13588, stack(0x000000508e900000,0x000000508ea00000) (1024K)]
  0x00000151f7881c80 WorkerThread "GC Thread#6"                     [id=16308, stack(0x000000508ea00000,0x000000508eb00000) (1024K)]
  0x00000151f7ab6ae0 WorkerThread "GC Thread#7"                     [id=15128, stack(0x000000508ec00000,0x000000508ed00000) (1024K)]
  0x00000151fc598d70 WorkerThread "GC Thread#8"                     [id=16436, stack(0x000000508ef00000,0x000000508f000000) (1024K)]
  0x00000151fc75a6e0 WorkerThread "GC Thread#9"                     [id=16440, stack(0x000000508f000000,0x000000508f100000) (1024K)]
Total: 12

Threads with active compile tasks:
C2 CompilerThread0  18726 3829   !   4       org.eclipse.osgi.internal.loader.classpath.ClasspathManager::findClassImpl (328 bytes)
C2 CompilerThread1  18726 4096       4       java.lang.invoke.MethodType::makeImpl (109 bytes)
C2 CompilerThread2  18727 3923       4       org.lombokweb.asm.ClassReader::readMethod (1070 bytes)
Total: 3

VM state: at safepoint (normal execution)

VM Mutex/Monitor currently owned by a thread:  ([mutex/lock_event])
[0x00007ffa7093f570] Threads_lock - owner thread: 0x00000151f51a43e0
[0x00007ffa7093f670] Heap_lock - owner thread: 0x00000151f7a5df20

Heap address: 0x0000000080000000, size: 2048 MB, Compressed Oops mode: 32-bit

CDS archive(s) mapped at: [0x0000015180000000-0x0000015180ba0000-0x0000015180ba0000), size 12189696, SharedBaseAddress: 0x0000015180000000, ArchiveRelocationMode: 1.
Compressed class space mapped at: 0x0000015181000000-0x00000151c1000000, reserved size: 1073741824
Narrow klass base: 0x0000015180000000, Narrow klass shift: 0, Narrow klass range: 0x100000000

GC Precious Log:
 CardTable entry size: 512
 CPUs: 12 total, 12 available
 Memory: 7598M
 Large Page Support: Disabled
 NUMA Support: Disabled
 Compressed Oops: Enabled (32-bit)
 Alignments: Space 512K, Generation 512K, Heap 2M
 Heap Min Capacity: 100M
 Heap Initial Capacity: 100M
 Heap Max Capacity: 2G
 Pre-touch: Disabled
 Parallel Workers: 10

Heap:
 PSYoungGen      total 23552K, used 23490K [0x00000000d5580000, 0x00000000d7400000, 0x0000000100000000)
  eden space 22528K, 100% used [0x00000000d5580000,0x00000000d6b80000,0x00000000d6b80000)
  from space 1024K, 93% used [0x00000000d7000000,0x00000000d70f0918,0x00000000d7100000)
  to   space 1536K, 38% used [0x00000000d7280000,0x00000000d7313460,0x00000000d7400000)
 ParOldGen       total 68608K, used 17834K [0x0000000080000000, 0x0000000084300000, 0x00000000d5580000)
  object space 68608K, 25% used [0x0000000080000000,0x000000008116e958,0x0000000084300000)
 Metaspace       used 30725K, committed 31680K, reserved 1114112K
  class space    used 3152K, committed 3584K, reserved 1048576K

Card table byte_map: [0x00000151de0b0000,0x00000151de4c0000] _byte_map_base: 0x00000151ddcb0000

Marking Bits: (ParMarkBitMap*) 0x00007ffa70944460
 Begin Bits: [0x00000151f0bc0000, 0x00000151f2bc0000)
 End Bits:   [0x00000151f2bc0000, 0x00000151f4bc0000)

Polling page: 0x00000151dc560000

Metaspace:

Usage:
  Non-class:     26.93 MB used.
      Class:      3.08 MB used.
       Both:     30.01 MB used.

Virtual space:
  Non-class space:       64.00 MB reserved,      27.44 MB ( 43%) committed,  1 nodes.
      Class space:        1.00 GB reserved,       3.50 MB ( <1%) committed,  1 nodes.
             Both:        1.06 GB reserved,      30.94 MB (  3%) committed. 

Chunk freelists:
   Non-Class:  4.36 MB
       Class:  12.53 MB
        Both:  16.89 MB

MaxMetaspaceSize: unlimited
CompressedClassSpaceSize: 1.00 GB
Initial GC threshold: 21.00 MB
Current GC threshold: 35.00 MB
CDS: on
 - commit_granule_bytes: 65536.
 - commit_granule_words: 8192.
 - virtual_space_node_default_size: 8388608.
 - enlarge_chunks_in_place: 1.
 - use_allocation_guard: 0.


Internal statistics:

num_allocs_failed_limit: 3.
num_arena_births: 714.
num_arena_deaths: 14.
num_vsnodes_births: 2.
num_vsnodes_deaths: 0.
num_space_committed: 495.
num_space_uncommitted: 0.
num_chunks_returned_to_freelist: 17.
num_chunks_taken_from_freelist: 2004.
num_chunk_merges: 9.
num_chunk_splits: 1257.
num_chunks_enlarged: 729.
num_inconsistent_stats: 0.

CodeHeap 'non-profiled nmethods': size=120000Kb used=1825Kb max_used=1825Kb free=118174Kb
 bounds [0x00000151e93e0000, 0x00000151e9650000, 0x00000151f0910000]
CodeHeap 'profiled nmethods': size=120000Kb used=8960Kb max_used=8960Kb free=111039Kb
 bounds [0x00000151e1910000, 0x00000151e21e0000, 0x00000151e8e40000]
CodeHeap 'non-nmethods': size=5760Kb used=1334Kb max_used=1354Kb free=4425Kb
 bounds [0x00000151e8e40000, 0x00000151e90b0000, 0x00000151e93e0000]
CodeCache: size=245760Kb, used=12119Kb, max_used=12139Kb, free=233638Kb
 total_blobs=4791, nmethods=4171, adapters=526, full_count=0
Compilation: enabled, stopped_count=0, restarted_count=0

Compilation events (20 events):
Event: 17.667 Thread 0x00000151f70ba560 nmethod 4191 0x00000151e21c6210 code [0x00000151e21c63c0, 0x00000151e21c66b0]
Event: 17.668 Thread 0x00000151f70ba560 4192       2       java.lang.Class::newReflectionData (66 bytes)
Event: 17.669 Thread 0x00000151f70ba560 nmethod 4192 0x00000151e21c6810 code [0x00000151e21c69e0, 0x00000151e21c6db8]
Event: 17.669 Thread 0x00000151f70ba560 4193       2       java.nio.charset.Charset::checkName (157 bytes)
Event: 17.670 Thread 0x00000151f70ba560 nmethod 4193 0x00000151e21c6f90 code [0x00000151e21c7160, 0x00000151e21c7568]
Event: 17.671 Thread 0x00000151f70ba560 4194       2       org.codehaus.plexus.util.xml.pull.MXParser::require (468 bytes)
Event: 17.674 Thread 0x00000151f70ba560 nmethod 4194 0x00000151e21c7890 code [0x00000151e21c7e60, 0x00000151e21c9598]
Event: 17.674 Thread 0x00000151f70ba560 4196       3       java.util.TreeMap::rotateRight (96 bytes)
Event: 17.674 Thread 0x00000151f70ba560 nmethod 4196 0x00000151e21ca310 code [0x00000151e21ca4c0, 0x00000151e21ca7b0]
Event: 17.675 Thread 0x00000151f70ba560 4195       2       java.util.TreeMap::get (19 bytes)
Event: 17.675 Thread 0x00000151f70ba560 nmethod 4195 0x00000151e21ca910 code [0x00000151e21caac0, 0x00000151e21cac20]
Event: 17.708 Thread 0x00000151f70ba560 4197       2       java.util.concurrent.locks.AbstractQueuedSynchronizer$Node::clearStatus (12 bytes)
Event: 17.709 Thread 0x00000151f70ba560 nmethod 4197 0x00000151e21cad10 code [0x00000151e21caec0, 0x00000151e21cb000]
Event: 17.709 Thread 0x00000151f70ba560 4198       2       jdk.internal.misc.Unsafe::putIntOpaque (9 bytes)
Event: 17.709 Thread 0x00000151f70ba560 nmethod 4198 0x00000151e21cb090 code [0x00000151e21cb220, 0x00000151e21cb330]
Event: 17.709 Thread 0x00000151f70ba560 4199       2       java.util.concurrent.locks.AbstractQueuedSynchronizer$Node::<init> (5 bytes)
Event: 17.709 Thread 0x00000151f70ba560 nmethod 4199 0x00000151e21cb410 code [0x00000151e21cb5a0, 0x00000151e21cb6a8]
Event: 17.820 Thread 0x00000151f70ba560 4200       2       org.osgi.util.tracker.ServiceTracker::getService (33 bytes)
Event: 17.821 Thread 0x00000151f70ba560 nmethod 4200 0x00000151e21cb790 code [0x00000151e21cb960, 0x00000151e21cbc80]
Event: 18.404 Thread 0x00000151f70ba560 4201   !   2       java.util.concurrent.locks.AbstractQueuedSynchronizer::acquire (424 bytes)

GC Heap History (20 events):
Event: 3.642 GC heap before
{Heap before GC invocations=3 (full 0):
 PSYoungGen      total 29696K, used 29680K [0x00000000d5580000, 0x00000000d7680000, 0x0000000100000000)
  eden space 25600K, 99% used [0x00000000d5580000,0x00000000d6e7e8d0,0x00000000d6e80000)
  from space 4096K, 99% used [0x00000000d7280000,0x00000000d767d810,0x00000000d7680000)
  to   space 4096K, 0% used [0x00000000d6e80000,0x00000000d6e80000,0x00000000d7280000)
 ParOldGen       total 68608K, used 1961K [0x0000000080000000, 0x0000000084300000, 0x00000000d5580000)
  object space 68608K, 2% used [0x0000000080000000,0x00000000801ea6a8,0x0000000084300000)
 Metaspace       used 9445K, committed 9728K, reserved 1114112K
  class space    used 1006K, committed 1152K, reserved 1048576K
}
Event: 3.654 GC heap after
{Heap after GC invocations=3 (full 0):
 PSYoungGen      total 29696K, used 4093K [0x00000000d5580000, 0x00000000d7680000, 0x0000000100000000)
  eden space 25600K, 0% used [0x00000000d5580000,0x00000000d5580000,0x00000000d6e80000)
  from space 4096K, 99% used [0x00000000d6e80000,0x00000000d727f510,0x00000000d7280000)
  to   space 4096K, 0% used [0x00000000d7280000,0x00000000d7280000,0x00000000d7680000)
 ParOldGen       total 68608K, used 4813K [0x0000000080000000, 0x0000000084300000, 0x00000000d5580000)
  object space 68608K, 7% used [0x0000000080000000,0x00000000804b37c0,0x0000000084300000)
 Metaspace       used 9445K, committed 9728K, reserved 1114112K
  class space    used 1006K, committed 1152K, reserved 1048576K
}
Event: 6.229 GC heap before
{Heap before GC invocations=4 (full 0):
 PSYoungGen      total 29696K, used 29693K [0x00000000d5580000, 0x00000000d7680000, 0x0000000100000000)
  eden space 25600K, 100% used [0x00000000d5580000,0x00000000d6e80000,0x00000000d6e80000)
  from space 4096K, 99% used [0x00000000d6e80000,0x00000000d727f510,0x00000000d7280000)
  to   space 4096K, 0% used [0x00000000d7280000,0x00000000d7280000,0x00000000d7680000)
 ParOldGen       total 68608K, used 4813K [0x0000000080000000, 0x0000000084300000, 0x00000000d5580000)
  object space 68608K, 7% used [0x0000000080000000,0x00000000804b37c0,0x0000000084300000)
 Metaspace       used 11632K, committed 11968K, reserved 1114112K
  class space    used 1232K, committed 1408K, reserved 1048576K
}
Event: 6.238 GC heap after
{Heap after GC invocations=4 (full 0):
 PSYoungGen      total 29696K, used 4079K [0x00000000d5580000, 0x00000000d7680000, 0x0000000100000000)
  eden space 25600K, 0% used [0x00000000d5580000,0x00000000d5580000,0x00000000d6e80000)
  from space 4096K, 99% used [0x00000000d7280000,0x00000000d767bd58,0x00000000d7680000)
  to   space 4096K, 0% used [0x00000000d6e80000,0x00000000d6e80000,0x00000000d7280000)
 ParOldGen       total 68608K, used 6581K [0x0000000080000000, 0x0000000084300000, 0x00000000d5580000)
  object space 68608K, 9% used [0x0000000080000000,0x000000008066d420,0x0000000084300000)
 Metaspace       used 11632K, committed 11968K, reserved 1114112K
  class space    used 1232K, committed 1408K, reserved 1048576K
}
Event: 9.589 GC heap before
{Heap before GC invocations=5 (full 0):
 PSYoungGen      total 29696K, used 29679K [0x00000000d5580000, 0x00000000d7680000, 0x0000000100000000)
  eden space 25600K, 100% used [0x00000000d5580000,0x00000000d6e80000,0x00000000d6e80000)
  from space 4096K, 99% used [0x00000000d7280000,0x00000000d767bd58,0x00000000d7680000)
  to   space 4096K, 0% used [0x00000000d6e80000,0x00000000d6e80000,0x00000000d7280000)
 ParOldGen       total 68608K, used 6581K [0x0000000080000000, 0x0000000084300000, 0x00000000d5580000)
  object space 68608K, 9% used [0x0000000080000000,0x000000008066d420,0x0000000084300000)
 Metaspace       used 15661K, committed 16256K, reserved 1114112K
  class space    used 1627K, committed 1920K, reserved 1048576K
}
Event: 9.598 GC heap after
{Heap after GC invocations=5 (full 0):
 PSYoungGen      total 29184K, used 4088K [0x00000000d5580000, 0x00000000d7900000, 0x0000000100000000)
  eden space 25088K, 0% used [0x00000000d5580000,0x00000000d5580000,0x00000000d6e00000)
  from space 4096K, 99% used [0x00000000d6e80000,0x00000000d727e360,0x00000000d7280000)
  to   space 5632K, 0% used [0x00000000d7380000,0x00000000d7380000,0x00000000d7900000)
 ParOldGen       total 68608K, used 7647K [0x0000000080000000, 0x0000000084300000, 0x00000000d5580000)
  object space 68608K, 11% used [0x0000000080000000,0x0000000080777ff0,0x0000000084300000)
 Metaspace       used 15661K, committed 16256K, reserved 1114112K
  class space    used 1627K, committed 1920K, reserved 1048576K
}
Event: 12.749 GC heap before
{Heap before GC invocations=6 (full 0):
 PSYoungGen      total 29184K, used 29176K [0x00000000d5580000, 0x00000000d7900000, 0x0000000100000000)
  eden space 25088K, 100% used [0x00000000d5580000,0x00000000d6e00000,0x00000000d6e00000)
  from space 4096K, 99% used [0x00000000d6e80000,0x00000000d727e360,0x00000000d7280000)
  to   space 5632K, 0% used [0x00000000d7380000,0x00000000d7380000,0x00000000d7900000)
 ParOldGen       total 68608K, used 7647K [0x0000000080000000, 0x0000000084300000, 0x00000000d5580000)
  object space 68608K, 11% used [0x0000000080000000,0x0000000080777ff0,0x0000000084300000)
 Metaspace       used 18003K, committed 18816K, reserved 1114112K
  class space    used 1886K, committed 2240K, reserved 1048576K
}
Event: 12.755 GC heap after
{Heap after GC invocations=6 (full 0):
 PSYoungGen      total 29184K, used 4554K [0x00000000d5580000, 0x00000000d7800000, 0x0000000100000000)
  eden space 24576K, 0% used [0x00000000d5580000,0x00000000d5580000,0x00000000d6d80000)
  from space 4608K, 98% used [0x00000000d7380000,0x00000000d77f2808,0x00000000d7800000)
  to   space 5120K, 0% used [0x00000000d6e00000,0x00000000d6e00000,0x00000000d7300000)
 ParOldGen       total 68608K, used 7655K [0x0000000080000000, 0x0000000084300000, 0x00000000d5580000)
  object space 68608K, 11% used [0x0000000080000000,0x0000000080779ff0,0x0000000084300000)
 Metaspace       used 18003K, committed 18816K, reserved 1114112K
  class space    used 1886K, committed 2240K, reserved 1048576K
}
Event: 13.442 GC heap before
{Heap before GC invocations=7 (full 0):
 PSYoungGen      total 29184K, used 28932K [0x00000000d5580000, 0x00000000d7800000, 0x0000000100000000)
  eden space 24576K, 99% used [0x00000000d5580000,0x00000000d6d4ebc8,0x00000000d6d80000)
  from space 4608K, 98% used [0x00000000d7380000,0x00000000d77f2808,0x00000000d7800000)
  to   space 5120K, 0% used [0x00000000d6e00000,0x00000000d6e00000,0x00000000d7300000)
 ParOldGen       total 68608K, used 7655K [0x0000000080000000, 0x0000000084300000, 0x00000000d5580000)
  object space 68608K, 11% used [0x0000000080000000,0x0000000080779ff0,0x0000000084300000)
 Metaspace       used 20761K, committed 21504K, reserved 1114112K
  class space    used 2159K, committed 2496K, reserved 1048576K
}
Event: 13.449 GC heap after
{Heap after GC invocations=7 (full 0):
 PSYoungGen      total 29184K, used 5116K [0x00000000d5580000, 0x00000000d7e00000, 0x0000000100000000)
  eden space 24064K, 0% used [0x00000000d5580000,0x00000000d5580000,0x00000000d6d00000)
  from space 5120K, 99% used [0x00000000d6e00000,0x00000000d72ff250,0x00000000d7300000)
  to   space 8704K, 0% used [0x00000000d7580000,0x00000000d7580000,0x00000000d7e00000)
 ParOldGen       total 68608K, used 10258K [0x0000000080000000, 0x0000000084300000, 0x00000000d5580000)
  object space 68608K, 14% used [0x0000000080000000,0x0000000080a04bb0,0x0000000084300000)
 Metaspace       used 20761K, committed 21504K, reserved 1114112K
  class space    used 2159K, committed 2496K, reserved 1048576K
}
Event: 13.449 GC heap before
{Heap before GC invocations=8 (full 0):
 PSYoungGen      total 29184K, used 5361K [0x00000000d5580000, 0x00000000d7e00000, 0x0000000100000000)
  eden space 24064K, 1% used [0x00000000d5580000,0x00000000d55bd1c8,0x00000000d6d00000)
  from space 5120K, 99% used [0x00000000d6e00000,0x00000000d72ff250,0x00000000d7300000)
  to   space 8704K, 0% used [0x00000000d7580000,0x00000000d7580000,0x00000000d7e00000)
 ParOldGen       total 68608K, used 10258K [0x0000000080000000, 0x0000000084300000, 0x00000000d5580000)
  object space 68608K, 14% used [0x0000000080000000,0x0000000080a04bb0,0x0000000084300000)
 Metaspace       used 20761K, committed 21504K, reserved 1114112K
  class space    used 2159K, committed 2496K, reserved 1048576K
}
Event: 13.453 GC heap after
{Heap after GC invocations=8 (full 0):
 PSYoungGen      total 29184K, used 4751K [0x00000000d5580000, 0x00000000d7a80000, 0x0000000100000000)
  eden space 24064K, 0% used [0x00000000d5580000,0x00000000d5580000,0x00000000d6d00000)
  from space 5120K, 92% used [0x00000000d7580000,0x00000000d7a23c20,0x00000000d7a80000)
  to   space 6144K, 0% used [0x00000000d6e80000,0x00000000d6e80000,0x00000000d7480000)
 ParOldGen       total 68608K, used 11294K [0x0000000080000000, 0x0000000084300000, 0x00000000d5580000)
  object space 68608K, 16% used [0x0000000080000000,0x0000000080b07ab0,0x0000000084300000)
 Metaspace       used 20761K, committed 21504K, reserved 1114112K
  class space    used 2159K, committed 2496K, reserved 1048576K
}
Event: 13.453 GC heap before
{Heap before GC invocations=9 (full 1):
 PSYoungGen      total 29184K, used 4751K [0x00000000d5580000, 0x00000000d7a80000, 0x0000000100000000)
  eden space 24064K, 0% used [0x00000000d5580000,0x00000000d5580000,0x00000000d6d00000)
  from space 5120K, 92% used [0x00000000d7580000,0x00000000d7a23c20,0x00000000d7a80000)
  to   space 6144K, 0% used [0x00000000d6e80000,0x00000000d6e80000,0x00000000d7480000)
 ParOldGen       total 68608K, used 11294K [0x0000000080000000, 0x0000000084300000, 0x00000000d5580000)
  object space 68608K, 16% used [0x0000000080000000,0x0000000080b07ab0,0x0000000084300000)
 Metaspace       used 20761K, committed 21504K, reserved 1114112K
  class space    used 2159K, committed 2496K, reserved 1048576K
}
Event: 13.505 GC heap after
{Heap after GC invocations=9 (full 1):
 PSYoungGen      total 29184K, used 0K [0x00000000d5580000, 0x00000000d7a80000, 0x0000000100000000)
  eden space 24064K, 0% used [0x00000000d5580000,0x00000000d5580000,0x00000000d6d00000)
  from space 5120K, 0% used [0x00000000d7580000,0x00000000d7580000,0x00000000d7a80000)
  to   space 6144K, 0% used [0x00000000d6e80000,0x00000000d6e80000,0x00000000d7480000)
 ParOldGen       total 68608K, used 15229K [0x0000000080000000, 0x0000000084300000, 0x00000000d5580000)
  object space 68608K, 22% used [0x0000000080000000,0x0000000080edf4d0,0x0000000084300000)
 Metaspace       used 20748K, committed 21504K, reserved 1114112K
  class space    used 2156K, committed 2496K, reserved 1048576K
}
Event: 14.937 GC heap before
{Heap before GC invocations=10 (full 1):
 PSYoungGen      total 29184K, used 24064K [0x00000000d5580000, 0x00000000d7a80000, 0x0000000100000000)
  eden space 24064K, 100% used [0x00000000d5580000,0x00000000d6d00000,0x00000000d6d00000)
  from space 5120K, 0% used [0x00000000d7580000,0x00000000d7580000,0x00000000d7a80000)
  to   space 6144K, 0% used [0x00000000d6e80000,0x00000000d6e80000,0x00000000d7480000)
 ParOldGen       total 68608K, used 15229K [0x0000000080000000, 0x0000000084300000, 0x00000000d5580000)
  object space 68608K, 22% used [0x0000000080000000,0x0000000080edf4d0,0x0000000084300000)
 Metaspace       used 23983K, committed 24832K, reserved 1114112K
  class space    used 2398K, committed 2752K, reserved 1048576K
}
Event: 14.940 GC heap after
{Heap after GC invocations=10 (full 1):
 PSYoungGen      total 24064K, used 509K [0x00000000d5580000, 0x00000000d7600000, 0x0000000100000000)
  eden space 23552K, 0% used [0x00000000d5580000,0x00000000d5580000,0x00000000d6c80000)
  from space 512K, 99% used [0x00000000d6e80000,0x00000000d6eff680,0x00000000d6f00000)
  to   space 2560K, 0% used [0x00000000d7380000,0x00000000d7380000,0x00000000d7600000)
 ParOldGen       total 68608K, used 15237K [0x0000000080000000, 0x0000000084300000, 0x00000000d5580000)
  object space 68608K, 22% used [0x0000000080000000,0x0000000080ee14d0,0x0000000084300000)
 Metaspace       used 23983K, committed 24832K, reserved 1114112K
  class space    used 2398K, committed 2752K, reserved 1048576K
}
Event: 15.108 GC heap before
{Heap before GC invocations=11 (full 1):
 PSYoungGen      total 24064K, used 24061K [0x00000000d5580000, 0x00000000d7600000, 0x0000000100000000)
  eden space 23552K, 100% used [0x00000000d5580000,0x00000000d6c80000,0x00000000d6c80000)
  from space 512K, 99% used [0x00000000d6e80000,0x00000000d6eff680,0x00000000d6f00000)
  to   space 2560K, 0% used [0x00000000d7380000,0x00000000d7380000,0x00000000d7600000)
 ParOldGen       total 68608K, used 15237K [0x0000000080000000, 0x0000000084300000, 0x00000000d5580000)
  object space 68608K, 22% used [0x0000000080000000,0x0000000080ee14d0,0x0000000084300000)
 Metaspace       used 26436K, committed 27328K, reserved 1114112K
  class space    used 2637K, committed 3072K, reserved 1048576K
}
Event: 15.111 GC heap after
{Heap after GC invocations=11 (full 1):
 PSYoungGen      total 25600K, used 2408K [0x00000000d5580000, 0x00000000d7600000, 0x0000000100000000)
  eden space 23040K, 0% used [0x00000000d5580000,0x00000000d5580000,0x00000000d6c00000)
  from space 2560K, 94% used [0x00000000d7380000,0x00000000d75da2b0,0x00000000d7600000)
  to   space 3072K, 0% used [0x00000000d7000000,0x00000000d7000000,0x00000000d7300000)
 ParOldGen       total 68608K, used 15245K [0x0000000080000000, 0x0000000084300000, 0x00000000d5580000)
  object space 68608K, 22% used [0x0000000080000000,0x0000000080ee34d0,0x0000000084300000)
 Metaspace       used 26436K, committed 27328K, reserved 1114112K
  class space    used 2637K, committed 3072K, reserved 1048576K
}
Event: 16.319 GC heap before
{Heap before GC invocations=12 (full 1):
 PSYoungGen      total 25600K, used 25448K [0x00000000d5580000, 0x00000000d7600000, 0x0000000100000000)
  eden space 23040K, 100% used [0x00000000d5580000,0x00000000d6c00000,0x00000000d6c00000)
  from space 2560K, 94% used [0x00000000d7380000,0x00000000d75da2b0,0x00000000d7600000)
  to   space 3072K, 0% used [0x00000000d7000000,0x00000000d7000000,0x00000000d7300000)
 ParOldGen       total 68608K, used 15245K [0x0000000080000000, 0x0000000084300000, 0x00000000d5580000)
  object space 68608K, 22% used [0x0000000080000000,0x0000000080ee34d0,0x0000000084300000)
 Metaspace       used 28061K, committed 28992K, reserved 1114112K
  class space    used 2847K, committed 3264K, reserved 1048576K
}
Event: 16.324 GC heap after
{Heap after GC invocations=12 (full 1):
 PSYoungGen      total 23552K, used 962K [0x00000000d5580000, 0x00000000d7400000, 0x0000000100000000)
  eden space 22528K, 0% used [0x00000000d5580000,0x00000000d5580000,0x00000000d6b80000)
  from space 1024K, 93% used [0x00000000d7000000,0x00000000d70f0918,0x00000000d7100000)
  to   space 1536K, 0% used [0x00000000d7280000,0x00000000d7280000,0x00000000d7400000)
 ParOldGen       total 68608K, used 17415K [0x0000000080000000, 0x0000000084300000, 0x00000000d5580000)
  object space 68608K, 25% used [0x0000000080000000,0x0000000081101ff0,0x0000000084300000)
 Metaspace       used 28061K, committed 28992K, reserved 1114112K
  class space    used 2847K, committed 3264K, reserved 1048576K
}

Dll operation events (9 events):
Event: 0.019 Loaded shared library c:\Users\Admin\.vscode\extensions\redhat.java-1.55.0-win32-x64\jre\21.0.11-win32-x86_64\bin\java.dll
Event: 0.178 Loaded shared library c:\Users\Admin\.vscode\extensions\redhat.java-1.55.0-win32-x64\jre\21.0.11-win32-x86_64\bin\zip.dll
Event: 0.279 Loaded shared library C:\Users\Admin\.vscode\extensions\redhat.java-1.55.0-win32-x64\jre\21.0.11-win32-x86_64\bin\instrument.dll
Event: 0.292 Loaded shared library C:\Users\Admin\.vscode\extensions\redhat.java-1.55.0-win32-x64\jre\21.0.11-win32-x86_64\bin\net.dll
Event: 0.297 Loaded shared library C:\Users\Admin\.vscode\extensions\redhat.java-1.55.0-win32-x64\jre\21.0.11-win32-x86_64\bin\nio.dll
Event: 0.305 Loaded shared library C:\Users\Admin\.vscode\extensions\redhat.java-1.55.0-win32-x64\jre\21.0.11-win32-x86_64\bin\zip.dll
Event: 0.393 Loaded shared library C:\Users\Admin\.vscode\extensions\redhat.java-1.55.0-win32-x64\jre\21.0.11-win32-x86_64\bin\jimage.dll
Event: 0.568 Loaded shared library c:\Users\Admin\.vscode\extensions\redhat.java-1.55.0-win32-x64\jre\21.0.11-win32-x86_64\bin\verify.dll
Event: 2.903 Loaded shared library C:\Users\Admin\AppData\Roaming\Code\User\globalStorage\redhat.java\1.55.0\config_win\org.eclipse.equinox.launcher\org.eclipse.equinox.launcher.win32.win32.x86_64_1.3.100.v20260613-0559\eclipse_11924.dll

Deoptimization events (20 events):
Event: 16.302 Thread 0x00000151f7a5df20 Uncommon trap: trap_request=0xffffffc6 fr.pc=0x00000151e94911b0 relative=0x0000000000000ab0
Event: 16.302 Thread 0x00000151f7a5df20 Uncommon trap: reason=bimorphic_or_optimized_type_check action=maybe_recompile pc=0x00000151e94911b0 method=java.util.HashMap.putVal(ILjava/lang/Object;Ljava/lang/Object;ZZ)Ljava/lang/Object; @ 56 c2
Event: 16.302 Thread 0x00000151f7a5df20 DEOPT PACKING pc=0x00000151e94911b0 sp=0x000000508e3fdf40
Event: 16.302 Thread 0x00000151f7a5df20 DEOPT UNPACKING pc=0x00000151e8e93aa2 sp=0x000000508e3fde40 mode 2
Event: 16.416 Thread 0x00000151f7a5cb70 Uncommon trap: trap_request=0xffffff45 fr.pc=0x00000151e94ac24c relative=0x000000000000088c
Event: 16.416 Thread 0x00000151f7a5cb70 Uncommon trap: reason=unstable_if action=reinterpret pc=0x00000151e94ac24c method=jdk.internal.org.objectweb.asm.SymbolTable.put(Ljdk/internal/org/objectweb/asm/SymbolTable$Entry;)Ljdk/internal/org/objectweb/asm/SymbolTable$Entry; @ 13 c2
Event: 16.416 Thread 0x00000151f7a5cb70 DEOPT PACKING pc=0x00000151e94ac24c sp=0x000000508f3fd8b0
Event: 16.416 Thread 0x00000151f7a5cb70 DEOPT UNPACKING pc=0x00000151e8e93aa2 sp=0x000000508f3fd7c8 mode 2
Event: 16.436 Thread 0x00000151f7a5cb70 Uncommon trap: trap_request=0xffffffc6 fr.pc=0x00000151e951f014 relative=0x0000000000001014
Event: 16.436 Thread 0x00000151f7a5cb70 Uncommon trap: reason=bimorphic_or_optimized_type_check action=maybe_recompile pc=0x00000151e951f014 method=java.util.Properties$LineReader.readLine()I @ 479 c2
Event: 16.436 Thread 0x00000151f7a5cb70 DEOPT PACKING pc=0x00000151e951f014 sp=0x000000508f3fd9c0
Event: 16.436 Thread 0x00000151f7a5cb70 DEOPT UNPACKING pc=0x00000151e8e93aa2 sp=0x000000508f3fd960 mode 2
Event: 17.553 Thread 0x00000151f7a5cb70 Uncommon trap: trap_request=0xffffff45 fr.pc=0x00000151e9518dd4 relative=0x0000000000000134
Event: 17.553 Thread 0x00000151f7a5cb70 Uncommon trap: reason=unstable_if action=reinterpret pc=0x00000151e9518dd4 method=java.util.ArrayList.indexOfRange(Ljava/lang/Object;II)I @ 7 c2
Event: 17.553 Thread 0x00000151f7a5cb70 DEOPT PACKING pc=0x00000151e9518dd4 sp=0x000000508f3fe530
Event: 17.553 Thread 0x00000151f7a5cb70 DEOPT UNPACKING pc=0x00000151e8e93aa2 sp=0x000000508f3fe3f0 mode 2
Event: 17.583 Thread 0x00000151f7a5cb70 Uncommon trap: trap_request=0xffffff45 fr.pc=0x00000151e950edb0 relative=0x0000000000000110
Event: 17.583 Thread 0x00000151f7a5cb70 Uncommon trap: reason=unstable_if action=reinterpret pc=0x00000151e950edb0 method=java.util.ArrayList.indexOfRange(Ljava/lang/Object;II)I @ 7 c2
Event: 17.583 Thread 0x00000151f7a5cb70 DEOPT PACKING pc=0x00000151e950edb0 sp=0x000000508f3fe4d0
Event: 17.583 Thread 0x00000151f7a5cb70 DEOPT UNPACKING pc=0x00000151e8e93aa2 sp=0x000000508f3fe450 mode 2

Classes loaded (20 events):
Event: 17.638 Loading class com/sun/org/apache/xml/internal/serializer/Encodings$EncodingInfos
Event: 17.638 Loading class com/sun/org/apache/xml/internal/serializer/Encodings$EncodingInfos done
Event: 17.641 Loading class java/nio/charset/Charset$ExtendedProviderHolder
Event: 17.641 Loading class java/nio/charset/Charset$ExtendedProviderHolder done
Event: 17.641 Loading class java/nio/charset/Charset$ExtendedProviderHolder$1
Event: 17.641 Loading class java/nio/charset/Charset$ExtendedProviderHolder$1 done
Event: 17.655 Loading class java/nio/charset/Charset$ThreadTrackHolder
Event: 17.655 Loading class java/nio/charset/Charset$ThreadTrackHolder done
Event: 17.655 Loading class java/nio/charset/Charset$2
Event: 17.656 Loading class java/nio/charset/Charset$2 done
Event: 17.656 Loading class java/nio/charset/Charset$1
Event: 17.656 Loading class java/nio/charset/Charset$1 done
Event: 17.658 Loading class java/nio/charset/UnsupportedCharsetException
Event: 17.658 Loading class java/nio/charset/UnsupportedCharsetException done
Event: 17.667 Loading class sun/nio/cs/ISO_8859_13
Event: 17.667 Loading class sun/nio/cs/ISO_8859_13 done
Event: 17.677 Loading class sun/nio/cs/DelegatableDecoder
Event: 17.677 Loading class sun/nio/cs/DelegatableDecoder done
Event: 17.678 Loading class sun/nio/cs/ISO_8859_15
Event: 17.678 Loading class sun/nio/cs/ISO_8859_15 done

Classes unloaded (7 events):
Event: 13.460 Thread 0x00000151f51a43e0 Unloading class 0x00000151811a5400 'java/lang/invoke/LambdaForm$MH+0x00000151811a5400'
Event: 13.460 Thread 0x00000151f51a43e0 Unloading class 0x00000151811a5000 'java/lang/invoke/LambdaForm$MH+0x00000151811a5000'
Event: 13.460 Thread 0x00000151f51a43e0 Unloading class 0x00000151811a4c00 'java/lang/invoke/LambdaForm$MH+0x00000151811a4c00'
Event: 13.460 Thread 0x00000151f51a43e0 Unloading class 0x00000151811a4800 'java/lang/invoke/LambdaForm$MH+0x00000151811a4800'
Event: 13.460 Thread 0x00000151f51a43e0 Unloading class 0x00000151811a4400 'java/lang/invoke/LambdaForm$BMH+0x00000151811a4400'
Event: 13.460 Thread 0x00000151f51a43e0 Unloading class 0x00000151811a4000 'java/lang/invoke/LambdaForm$DMH+0x00000151811a4000'
Event: 13.460 Thread 0x00000151f51a43e0 Unloading class 0x00000151811a2c00 'java/lang/invoke/LambdaForm$DMH+0x00000151811a2c00'

Classes redefined (0 events):
No events

Internal exceptions (20 events):
Event: 14.924 Thread 0x00000151f7a5d200 Exception <a 'java/lang/NoSuchMethodError'{0x00000000d6bdb208}: 'int java.lang.invoke.DirectMethodHandle$Holder.invokeVirtual(java.lang.Object, java.lang.Object, java.lang.Object)'> (0x00000000d6bdb208) 
thrown [s\src\hotspot\share\interpreter\linkResolver.cpp, line 773]
Event: 14.925 Thread 0x00000151f7a5d200 Exception <a 'java/lang/NoSuchMethodError'{0x00000000d6bf4178}: 'int java.lang.invoke.DirectMethodHandle$Holder.invokeStaticInit(java.lang.Object, int, int)'> (0x00000000d6bf4178) 
thrown [s\src\hotspot\share\interpreter\linkResolver.cpp, line 773]
Event: 14.926 Thread 0x00000151f7a5d200 Exception <a 'java/lang/NoSuchMethodError'{0x00000000d6c67130}: 'int java.lang.invoke.DirectMethodHandle$Holder.invokeStaticInit(java.lang.Object, long, long)'> (0x00000000d6c67130) 
thrown [s\src\hotspot\share\interpreter\linkResolver.cpp, line 773]
Event: 14.927 Thread 0x00000151f7a5d200 Exception <a 'java/lang/NoSuchMethodError'{0x00000000d6c6d818}: 'int java.lang.invoke.DirectMethodHandle$Holder.invokeStaticInit(java.lang.Object, float, float)'> (0x00000000d6c6d818) 
thrown [s\src\hotspot\share\interpreter\linkResolver.cpp, line 773]
Event: 14.928 Thread 0x00000151f7a5d200 Exception <a 'java/lang/NoSuchMethodError'{0x00000000d6c74140}: 'int java.lang.invoke.DirectMethodHandle$Holder.invokeStaticInit(java.lang.Object, double, double)'> (0x00000000d6c74140) 
thrown [s\src\hotspot\share\interpreter\linkResolver.cpp, line 773]
Event: 14.929 Thread 0x00000151f7a5d200 Exception <a 'java/lang/NoSuchMethodError'{0x00000000d6c784e8}: 'int java.lang.invoke.DirectMethodHandle$Holder.invokeStatic(java.lang.Object, long)'> (0x00000000d6c784e8) 
thrown [s\src\hotspot\share\interpreter\linkResolver.cpp, line 773]
Event: 14.934 Thread 0x00000151f7a5cb70 Exception <a 'java/lang/NoSuchMethodError'{0x00000000d6c9b5c8}: 'int java.lang.invoke.Invokers$Holder.linkToTargetMethod(java.lang.Object, java.lang.Object)'> (0x00000000d6c9b5c8) 
thrown [s\src\hotspot\share\interpreter\linkResolver.cpp, line 773]
Event: 14.934 Thread 0x00000151f7a5d200 Exception <a 'java/lang/NoSuchMethodError'{0x00000000d6ca76b8}: 'int java.lang.invoke.Invokers$Holder.linkToTargetMethod(java.lang.Object, java.lang.Object)'> (0x00000000d6ca76b8) 
thrown [s\src\hotspot\share\interpreter\linkResolver.cpp, line 773]
Event: 14.935 Thread 0x00000151f7a5d200 Exception <a 'java/lang/NoSuchMethodError'{0x00000000d6cb8bf8}: 'int java.lang.invoke.DirectMethodHandle$Holder.invokeSpecial(java.lang.Object, java.lang.Object, java.lang.Object, java.lang.Object)'> (0x00000000d6cb8bf8) 
thrown [s\src\hotspot\share\interpreter\linkResolver.cpp, line 773]
Event: 14.937 Thread 0x00000151f7a5d200 Exception <a 'java/lang/NoSuchMethodError'{0x00000000d6ccf180}: 'java.lang.Object java.lang.invoke.DirectMethodHandle$Holder.invokeStatic(java.lang.Object, int, java.lang.Object, java.lang.Object)'> (0x00000000d6ccf180) 
thrown [s\src\hotspot\share\interpreter\linkResolver.cpp, line 773]
Event: 14.941 Thread 0x00000151f7a5d200 Exception <a 'java/lang/NoSuchMethodError'{0x00000000d5589ed0}: 'java.lang.Object java.lang.invoke.DelegatingMethodHandle$Holder.delegate(java.lang.Object, int, java.lang.Object, java.lang.Object)'> (0x00000000d5589ed0) 
thrown [s\src\hotspot\share\interpreter\linkResolver.cpp, line 773]
Event: 14.944 Thread 0x00000151f7a5d200 Exception <a 'java/lang/NoSuchMethodError'{0x00000000d561c538}: 'int java.lang.invoke.Invokers$Holder.linkToTargetMethod(java.lang.Object, java.lang.Object, java.lang.Object)'> (0x00000000d561c538) 
thrown [s\src\hotspot\share\interpreter\linkResolver.cpp, line 773]
Event: 14.952 Thread 0x00000151f7a5df20 Implicit null exception at 0x00000151e9589ef5 to 0x00000151e9589fd0
Event: 14.990 Thread 0x00000151f7a5cb70 Exception <a 'java/lang/NoSuchMethodError'{0x00000000d5a4d828}: 'java.lang.Object java.lang.invoke.DirectMethodHandle$Holder.invokeSpecialIFC(java.lang.Object, java.lang.Object, java.lang.Object, java.lang.Object)'> (0x00000000d5a4d828) 
thrown [s\src\hotspot\share\interpreter\linkResolver.cpp, line 773]
Event: 15.119 Thread 0x00000151f7a5df20 Exception <a 'java/io/FileNotFoundException'{0x00000000d5c27f58}> (0x00000000d5c27f58) 
thrown [s\src\hotspot\share\prims\jni.cpp, line 520]
Event: 15.119 Thread 0x00000151f7a5df20 Exception <a 'java/io/FileNotFoundException'{0x00000000d5c28f50}> (0x00000000d5c28f50) 
thrown [s\src\hotspot\share\prims\jni.cpp, line 520]
Event: 16.354 Thread 0x00000151f7a5df20 Exception <a 'java/lang/NoSuchMethodError'{0x00000000d56888a0}: 'java.lang.Object java.lang.invoke.DirectMethodHandle$Holder.invokeStaticInit(java.lang.Object, int, int, int, int)'> (0x00000000d56888a0) 
thrown [s\src\hotspot\share\interpreter\linkResolver.cpp, line 773]
Event: 16.420 Thread 0x00000151f7a5df20 Exception <a 'java/lang/NoSuchMethodError'{0x00000000d59f2b48}: 'java.lang.Object java.lang.invoke.DirectMethodHandle$Holder.invokeStaticInit(java.lang.Object, java.lang.Object, int, int, int, int)'> (0x00000000d59f2b48) 
thrown [s\src\hotspot\share\interpreter\linkResolver.cpp, line 773]
Event: 16.470 Thread 0x00000151f7a5cb70 Exception <a 'java/lang/NoClassDefFoundError'{0x00000000d5ceb6e8}: javax/enterprise/inject/Typed> (0x00000000d5ceb6e8) 
thrown [s\src\hotspot\share\classfile\systemDictionary.cpp, line 302]
Event: 17.634 Thread 0x00000151f7a5df20 Exception <a 'java/lang/ClassNotFoundException'{0x00000000d6499af8}: com/sun/org/apache/xml/internal/serializer/spi/XMLEntitiesProvider> (0x00000000d6499af8) 
thrown [s\src\hotspot\share\classfile\systemDictionary.cpp, line 313]

ZGC Phase Switch (0 events):
No events

VM Operations (20 events):
Event: 14.940 Executing safepoint VM operation: ParallelGCFailedAllocation (Allocation Failure) done
Event: 14.944 Executing non-safepoint VM operation: HandshakeAllThreads (Deoptimize)
Event: 14.944 Executing non-safepoint VM operation: HandshakeAllThreads (Deoptimize) done
Event: 15.108 Executing safepoint VM operation: ParallelGCFailedAllocation (Allocation Failure)
Event: 15.111 Executing safepoint VM operation: ParallelGCFailedAllocation (Allocation Failure) done
Event: 16.119 Executing safepoint VM operation: Cleanup
Event: 16.120 Executing safepoint VM operation: Cleanup done
Event: 16.301 Executing non-safepoint VM operation: HandshakeAllThreads (Deoptimize)
Event: 16.301 Executing non-safepoint VM operation: HandshakeAllThreads (Deoptimize) done
Event: 16.319 Executing safepoint VM operation: ParallelGCFailedAllocation (Allocation Failure)
Event: 16.324 Executing safepoint VM operation: ParallelGCFailedAllocation (Allocation Failure) done
Event: 16.367 Executing non-safepoint VM operation: HandshakeAllThreads (Deoptimize)
Event: 16.367 Executing non-safepoint VM operation: HandshakeAllThreads (Deoptimize) done
Event: 16.395 Executing non-safepoint VM operation: HandshakeAllThreads (Deoptimize)
Event: 16.395 Executing non-safepoint VM operation: HandshakeAllThreads (Deoptimize) done
Event: 16.442 Executing non-safepoint VM operation: HandshakeAllThreads (Deoptimize)
Event: 16.452 Executing non-safepoint VM operation: HandshakeAllThreads (Deoptimize) done
Event: 17.456 Executing safepoint VM operation: Cleanup
Event: 17.545 Executing safepoint VM operation: Cleanup done
Event: 18.552 Executing safepoint VM operation: Cleanup

Memory protections (0 events):
No events

Nmethod flushes (0 events):
No events

Events (20 events):
Event: 2.989 Thread 0x00000151f7c499e0 Thread added: 0x00000151f73be480
Event: 2.995 Thread 0x00000151de70bb60 Thread added: 0x00000151f7a5df20
Event: 3.659 Thread 0x00000151f70ba560 Thread added: 0x00000151f7c75180
Event: 3.788 Thread 0x00000151f7a5df20 Thread added: 0x00000151f7a5be50
Event: 4.310 Thread 0x00000151f7c75180 Thread exited: 0x00000151f7c75180
Event: 5.936 Thread 0x00000151f7a5df20 Thread added: 0x00000151f7a5b130
Event: 6.346 Thread 0x00000151f70ba560 Thread added: 0x00000151f7ba3020
Event: 6.347 Thread 0x00000151f70ba560 Thread added: 0x00000151fcabc020
Event: 6.753 Thread 0x00000151fcabc020 Thread exited: 0x00000151fcabc020
Event: 6.912 Thread 0x00000151f7a5df20 Thread added: 0x00000151f7a5c4e0
Event: 7.083 Thread 0x00000151f7ba3020 Thread exited: 0x00000151f7ba3020
Event: 9.628 Thread 0x00000151f7a5df20 Thread added: 0x00000151f7a5cb70
Event: 9.768 Thread 0x00000151f7a5df20 Thread added: 0x00000151f7a5d200
Event: 12.052 Thread 0x00000151f70ba560 Thread added: 0x00000151f7364760
Event: 13.652 Thread 0x00000151f7364760 Thread exited: 0x00000151f7364760
Event: 14.185 Thread 0x00000151f7a5d200 Thread added: 0x00000151f7a5d890
Event: 14.315 Thread 0x00000151f7a5d890 Thread added: 0x00000151f7a5aaa0
Event: 15.068 Thread 0x00000151f70ba560 Thread added: 0x00000151f7653f50
Event: 16.267 Thread 0x00000151f7a5df20 Thread added: 0x00000151f7a5b7c0
Event: 16.293 Thread 0x00000151f70ba560 Thread added: 0x00000151fce33c40


Dynamic libraries:
0x00007ff654640000 - 0x00007ff65464e000 	c:\Users\Admin\.vscode\extensions\redhat.java-1.55.0-win32-x64\jre\21.0.11-win32-x86_64\bin\java.exe
0x00007ffaf6d90000 - 0x00007ffaf6fe5000 	C:\Windows\SYSTEM32\ntdll.dll
0x00007ffaf5d90000 - 0x00007ffaf5e57000 	C:\Windows\System32\KERNEL32.DLL
0x00007ffaf44b0000 - 0x00007ffaf4850000 	C:\Windows\System32\KERNELBASE.dll
0x00007ffaf4360000 - 0x00007ffaf44aa000 	C:\Windows\System32\ucrtbase.dll
0x00007ffad2110000 - 0x00007ffad212e000 	c:\Users\Admin\.vscode\extensions\redhat.java-1.55.0-win32-x64\jre\21.0.11-win32-x86_64\bin\VCRUNTIME140.dll
0x00007ffad2240000 - 0x00007ffad2258000 	c:\Users\Admin\.vscode\extensions\redhat.java-1.55.0-win32-x64\jre\21.0.11-win32-x86_64\bin\jli.dll
0x00007ffaf6090000 - 0x00007ffaf624f000 	C:\Windows\System32\USER32.dll
0x00007ffae2330000 - 0x00007ffae25c0000 	C:\Windows\WinSxS\amd64_microsoft.windows.common-controls_6595b64144ccf1df_6.0.26100.1_none_fc2d3fda0fd46076\COMCTL32.dll
0x00007ffaf4900000 - 0x00007ffaf4927000 	C:\Windows\System32\win32u.dll
0x00007ffaf5130000 - 0x00007ffaf515a000 	C:\Windows\System32\GDI32.dll
0x00007ffaf6890000 - 0x00007ffaf6939000 	C:\Windows\System32\msvcrt.dll
0x00007ffaf4930000 - 0x00007ffaf4a51000 	C:\Windows\System32\gdi32full.dll
0x00007ffaf4ae0000 - 0x00007ffaf4b83000 	C:\Windows\System32\msvcp_win.dll
0x00007ffaf5ee0000 - 0x00007ffaf5f0f000 	C:\Windows\System32\IMM32.DLL
0x00007ffaef2e0000 - 0x00007ffaef2ec000 	c:\Users\Admin\.vscode\extensions\redhat.java-1.55.0-win32-x64\jre\21.0.11-win32-x86_64\bin\vcruntime140_1.dll
0x00007ffacdfc0000 - 0x00007fface04d000 	c:\Users\Admin\.vscode\extensions\redhat.java-1.55.0-win32-x64\jre\21.0.11-win32-x86_64\bin\msvcp140.dll
0x00007ffa6fc80000 - 0x00007ffa70a22000 	c:\Users\Admin\.vscode\extensions\redhat.java-1.55.0-win32-x64\jre\21.0.11-win32-x86_64\bin\server\jvm.dll
0x00007ffaf5fd0000 - 0x00007ffaf6082000 	C:\Windows\System32\ADVAPI32.dll
0x00007ffaf5860000 - 0x00007ffaf5906000 	C:\Windows\System32\sechost.dll
0x00007ffaf6450000 - 0x00007ffaf6569000 	C:\Windows\System32\RPCRT4.dll
0x00007ffaf4dd0000 - 0x00007ffaf4e44000 	C:\Windows\System32\WS2_32.dll
0x00007ffaf4080000 - 0x00007ffaf40ce000 	C:\Windows\SYSTEM32\POWRPROF.dll
0x00007ffaecaf0000 - 0x00007ffaecafb000 	C:\Windows\SYSTEM32\VERSION.dll
0x00007ffaea7d0000 - 0x00007ffaea806000 	C:\Windows\SYSTEM32\WINMM.dll
0x00007ffaf4060000 - 0x00007ffaf4074000 	C:\Windows\SYSTEM32\UMPDC.dll
0x00007ffaf30c0000 - 0x00007ffaf30da000 	C:\Windows\SYSTEM32\kernel.appcore.dll
0x00007ffaeebf0000 - 0x00007ffaeebfa000 	c:\Users\Admin\.vscode\extensions\redhat.java-1.55.0-win32-x64\jre\21.0.11-win32-x86_64\bin\jimage.dll
0x00007ffaebda0000 - 0x00007ffaebfe1000 	C:\Windows\SYSTEM32\DBGHELP.DLL
0x00007ffaf69c0000 - 0x00007ffaf6d35000 	C:\Windows\System32\combase.dll
0x00007ffaf5050000 - 0x00007ffaf5126000 	C:\Windows\System32\OLEAUT32.dll
0x00007ffada0c0000 - 0x00007ffada0f9000 	C:\Windows\SYSTEM32\dbgcore.DLL
0x00007ffaf4860000 - 0x00007ffaf48f9000 	C:\Windows\System32\bcryptPrimitives.dll
0x00007ffadb4d0000 - 0x00007ffadb4df000 	c:\Users\Admin\.vscode\extensions\redhat.java-1.55.0-win32-x64\jre\21.0.11-win32-x86_64\bin\instrument.dll
0x00007ffacebb0000 - 0x00007ffacebd0000 	c:\Users\Admin\.vscode\extensions\redhat.java-1.55.0-win32-x64\jre\21.0.11-win32-x86_64\bin\java.dll
0x00007ffaf5160000 - 0x00007ffaf5846000 	C:\Windows\System32\SHELL32.dll
0x00007ffaf2060000 - 0x00007ffaf288b000 	C:\Windows\SYSTEM32\windows.storage.dll
0x00007ffaf4f60000 - 0x00007ffaf5033000 	C:\Windows\System32\SHCORE.dll
0x00007ffaf6570000 - 0x00007ffaf65cd000 	C:\Windows\System32\shlwapi.dll
0x00007ffaf4100000 - 0x00007ffaf4124000 	C:\Windows\SYSTEM32\profapi.dll
0x00007fface4a0000 - 0x00007fface4b8000 	c:\Users\Admin\.vscode\extensions\redhat.java-1.55.0-win32-x64\jre\21.0.11-win32-x86_64\bin\zip.dll
0x00007ffad1990000 - 0x00007ffad19a0000 	C:\Users\Admin\.vscode\extensions\redhat.java-1.55.0-win32-x64\jre\21.0.11-win32-x86_64\bin\net.dll
0x00007ffaedcb0000 - 0x00007ffaeddcd000 	C:\Windows\SYSTEM32\WINHTTP.dll
0x00007ffaf35f0000 - 0x00007ffaf3658000 	C:\Windows\system32\mswsock.dll
0x00007fface480000 - 0x00007fface496000 	C:\Users\Admin\.vscode\extensions\redhat.java-1.55.0-win32-x64\jre\21.0.11-win32-x86_64\bin\nio.dll
0x00007ffad7240000 - 0x00007ffad7250000 	c:\Users\Admin\.vscode\extensions\redhat.java-1.55.0-win32-x64\jre\21.0.11-win32-x86_64\bin\verify.dll
0x00007ffa9a0f0000 - 0x00007ffa9a135000 	C:\Users\Admin\AppData\Roaming\Code\User\globalStorage\redhat.java\1.55.0\config_win\org.eclipse.equinox.launcher\org.eclipse.equinox.launcher.win32.win32.x86_64_1.3.100.v20260613-0559\eclipse_11924.dll
0x00007ffaf62b0000 - 0x00007ffaf6445000 	C:\Windows\System32\ole32.dll
0x00007ffaf3870000 - 0x00007ffaf388c000 	C:\Windows\SYSTEM32\CRYPTSP.dll
0x00007ffaf3020000 - 0x00007ffaf3058000 	C:\Windows\system32\rsaenh.dll
0x00007ffaf3690000 - 0x00007ffaf36bb000 	C:\Windows\SYSTEM32\USERENV.dll
0x00007ffaf3ab0000 - 0x00007ffaf3ad6000 	C:\Windows\SYSTEM32\bcrypt.dll
0x00007ffaf3890000 - 0x00007ffaf389c000 	C:\Windows\SYSTEM32\CRYPTBASE.dll
0x00007ffaf2b20000 - 0x00007ffaf2b50000 	C:\Windows\SYSTEM32\IPHLPAPI.DLL
0x00007ffaf5040000 - 0x00007ffaf504a000 	C:\Windows\System32\NSI.dll

JVMTI agents:
c:\Users\Admin\.vscode\extensions\redhat.java-1.55.0-win32-x64\lombok\lombok-1.18.39-4050.jar path:c:\Users\Admin\.vscode\extensions\redhat.java-1.55.0-win32-x64\jre\21.0.11-win32-x86_64\bin\instrument.dll, loaded, initialized, instrumentlib options:none

dbghelp: loaded successfully - version: 4.0.5 - missing functions: none
symbol engine: initialized successfully - sym options: 0x614 - pdb path: .;c:\Users\Admin\.vscode\extensions\redhat.java-1.55.0-win32-x64\jre\21.0.11-win32-x86_64\bin;C:\Windows\SYSTEM32;C:\Windows\WinSxS\amd64_microsoft.windows.common-controls_6595b64144ccf1df_6.0.26100.1_none_fc2d3fda0fd46076;c:\Users\Admin\.vscode\extensions\redhat.java-1.55.0-win32-x64\jre\21.0.11-win32-x86_64\bin\server;C:\Users\Admin\AppData\Roaming\Code\User\globalStorage\redhat.java\1.55.0\config_win\org.eclipse.equinox.launcher\org.eclipse.equinox.launcher.win32.win32.x86_64_1.3.100.v20260613-0559

VM Arguments:
jvm_args: --add-modules=ALL-SYSTEM --add-opens=java.base/java.util=ALL-UNNAMED --add-opens=java.base/java.lang=ALL-UNNAMED --add-opens=java.base/sun.nio.fs=ALL-UNNAMED -Declipse.application=org.eclipse.jdt.ls.core.id1 -Dosgi.bundles.defaultStartLevel=4 -Declipse.product=org.eclipse.jdt.ls.core.product -Djava.import.generatesMetadataFilesAtProjectRoot=false -DDetectVMInstallationsJob.disabled=true -Dfile.encoding=utf8 -XX:+UseParallelGC -XX:GCTimeRatio=4 -XX:AdaptiveSizePolicyWeight=90 -Dsun.zip.disableMemoryMapping=true -Xmx2G -Xms100m -Xlog:disable -javaagent:c:\Users\Admin\.vscode\extensions\redhat.java-1.55.0-win32-x64\lombok\lombok-1.18.39-4050.jar -XX:+HeapDumpOnOutOfMemoryError -XX:HeapDumpPath=c:\Users\Admin\AppData\Roaming\Code\User\workspaceStorage\801ed1664cc344b479297c66898efbba\redhat.java -Daether.dependencyCollector.impl=bf 
java_command: c:\Users\Admin\.vscode\extensions\redhat.java-1.55.0-win32-x64\server\plugins\org.eclipse.equinox.launcher_1.7.200.v20260619-2039.jar -configuration c:\Users\Admin\AppData\Roaming\Code\User\globalStorage\redhat.java\1.55.0\config_win -data c:\Users\Admin\AppData\Roaming\Code\User\workspaceStorage\801ed1664cc344b479297c66898efbba\redhat.java\jdt_ws --pipe=\\.\pipe\lsp-3df8eb4660ca86c744f8540b786e1d00-sock
java_class_path (initial): c:\Users\Admin\.vscode\extensions\redhat.java-1.55.0-win32-x64\server\plugins\org.eclipse.equinox.launcher_1.7.200.v20260619-2039.jar
Launcher Type: SUN_STANDARD

[Global flags]
    uintx AdaptiveSizePolicyWeight                 = 90                                        {product} {command line}
     intx CICompilerCount                          = 4                                         {product} {ergonomic}
    uintx GCTimeRatio                              = 4                                         {product} {command line}
     bool HeapDumpOnOutOfMemoryError               = true                                   {manageable} {command line}
    ccstr HeapDumpPath                             = c:\Users\Admin\AppData\Roaming\Code\User\workspaceStorage\801ed1664cc344b479297c66898efbba\redhat.java         {manageable} {command line}
   size_t InitialHeapSize                          = 104857600                                 {product} {command line}
   size_t MaxHeapSize                              = 2147483648                                {product} {command line}
   size_t MaxNewSize                               = 715653120                                 {product} {ergonomic}
   size_t MinHeapDeltaBytes                        = 524288                                    {product} {ergonomic}
   size_t MinHeapSize                              = 104857600                                 {product} {command line}
   size_t NewSize                                  = 34603008                                  {product} {ergonomic}
    uintx NonNMethodCodeHeapSize                   = 5839372                                {pd product} {ergonomic}
    uintx NonProfiledCodeHeapSize                  = 122909434                              {pd product} {ergonomic}
   size_t OldSize                                  = 70254592                                  {product} {ergonomic}
    uintx ProfiledCodeHeapSize                     = 122909434                              {pd product} {ergonomic}
    uintx ReservedCodeCacheSize                    = 251658240                              {pd product} {ergonomic}
     bool SegmentedCodeCache                       = true                                      {product} {ergonomic}
   size_t SoftMaxHeapSize                          = 2147483648                             {manageable} {ergonomic}
     bool UseCompressedOops                        = true                           {product lp64_product} {ergonomic}
     bool UseLargePagesIndividualAllocation        = false                                  {pd product} {ergonomic}
     bool UseParallelGC                            = true                                      {product} {command line}

Logging:
Log output configuration:
 #0: stdout all=off uptime,level,tags foldmultilines=false
 #1: stderr all=off uptime,level,tags foldmultilines=false

Release file:
JAVA_VERSION="21.0.11" 
MODULES="java.base java.compiler java.datatransfer java.xml java.prefs java.desktop java.instrument java.logging java.management java.security.sasl java.naming java.rmi java.management.rmi java.net.http java.scripting java.security.jgss java.transaction.xa java.sql java.sql.rowset java.xml.crypto java.se java.smartcardio jdk.accessibility jdk.internal.jvmstat jdk.attach jdk.charsets jdk.internal.opt jdk.zipfs jdk.compiler jdk.crypto.ec jdk.crypto.cryptoki jdk.crypto.mscapi jdk.dynalink jdk.internal.ed jdk.editpad jdk.hotspot.agent jdk.httpserver jdk.internal.le jdk.internal.vm.ci jdk.internal.vm.compiler jdk.internal.vm.compiler.management jdk.jartool jdk.javadoc jdk.jcmd jdk.management jdk.management.agent jdk.jconsole jdk.jdeps jdk.jdwp.agent jdk.jdi jdk.jfr jdk.jshell jdk.jsobject jdk.jstatd jdk.localedata jdk.management.jfr jdk.naming.dns jdk.naming.rmi jdk.net jdk.nio.mapmode jdk.random jdk.sctp jdk.security.auth jdk.security.jgss jdk.unsupported jdk.unsupported.desktop jdk.xml.dom" 

Environment Variables:
JAVA_HOME=C:\Program Files\Java\jdk-17
PATH=C:\Program Files\Python314\Scripts\;C:\Program Files\Python314\;C:\Windows\system32;C:\Windows;C:\Windows\System32\Wbem;C:\Windows\System32\WindowsPowerShell\v1.0\;C:\Windows\System32\OpenSSH\;C:\Program Files\Git\cmd;C:\Program Files\dotnet\;%ANDROID_HOME%\platform-tools;%ANDROID_HOME%\cmdline-tools\latest\bin;%ANDROID_HOME%\emulator;%JAVA_HOME%\bin;C:\Program Files\nodejs\;C:\Users\Admin\AppData\Local\Microsoft\WindowsApps;C:\flutter\bin;C:\Users\Admin\.dotnet\tools;C:\Users\Admin\AppData\Local\Android\Sdk\platform-tools;C:\Users\Admin\AppData\Local\Programs\Microsoft VS Code\bin;C:\Users\Admin\AppData\Roaming\npm
USERNAME=Admin
OS=Windows_NT
PROCESSOR_IDENTIFIER=AMD64 Family 23 Model 96 Stepping 1, AuthenticAMD
TMP=C:\Users\Admin\AppData\Local\Temp
TEMP=C:\Users\Admin\AppData\Local\Temp




Periodic native trim disabled

---------------  S Y S T E M  ---------------

OS:
 Windows 11 , 64 bit Build 26100 (10.0.26100.1)
OS uptime: 0 days 0:18 hours

CPU: total 12 (initial active 12) (12 cores per cpu, 2 threads per core) family 23 model 96 stepping 1 microcode 0x8600106, cx8, cmov, fxsr, ht, mmx, 3dnowpref, sse, sse2, sse3, ssse3, sse4a, sse4.1, sse4.2, popcnt, lzcnt, tsc, tscinvbit, avx, avx2, aes, clmul, bmi1, bmi2, adx, sha, fma, vzeroupper, clflush, clflushopt, rdtscp, rdpid, f16c
Processor Information for the first 12 processors :
  Max Mhz: 3001, Current Mhz: 1885, Mhz Limit: 3001

Memory: 4k page, system-wide physical 7598M (939M free)
TotalPageFile size 13742M (AvailPageFile size 7M)
current process WorkingSet (physical memory assigned to process): 193M, peak: 193M
current process commit charge ("private bytes"): 324M, peak: 324M

vm_info: OpenJDK 64-Bit Server VM (21.0.11+10-LTS) for windows-amd64 JRE (21.0.11+10-LTS), built on 2026-04-21T00:00:00Z by "admin" with MS VC++ 17.12 (VS2022)

END.
