#
# There is insufficient memory for the Java Runtime Environment to continue.
# Native memory allocation (malloc) failed to allocate 2034576 bytes. Error detail: Chunk::new
# Possible reasons:
#   The system is out of physical RAM or swap space
#   This process is running with CompressedOops enabled, and the Java Heap may be blocking the growth of the native heap
# Possible solutions:
#   Reduce memory load on the system
#   Increase physical memory or swap space
#   Check if swap backing store is full
#   Decrease Java heap size (-Xmx/-Xms)
#   Decrease number of Java threads
#   Decrease Java thread stack sizes (-Xss)
#   Set larger code cache with -XX:ReservedCodeCacheSize=
#   JVM is running with Unscaled Compressed Oops mode in which the Java heap is
#     placed in the first 4GB address space. The Java Heap base address is the
#     maximum limit for the native heap growth. Please use -XX:HeapBaseMinAddress
#     to set the Java Heap base and to place the Java Heap above 4GB virtual address.
# This output file may be truncated or incomplete.
#
#  Out of Memory Error (arena.cpp:168), pid=16380, tid=15968
#
# JRE version: OpenJDK Runtime Environment Temurin-21.0.11+10 (21.0.11+10) (build 21.0.11+10-LTS)
# Java VM: OpenJDK 64-Bit Server VM Temurin-21.0.11+10 (21.0.11+10-LTS, mixed mode, sharing, tiered, compressed oops, compressed class ptrs, parallel gc, windows-amd64)
# No core dump will be written. Minidumps are not enabled by default on client versions of Windows
#

---------------  S U M M A R Y ------------

Command Line: --add-modules=ALL-SYSTEM --add-opens=java.base/java.util=ALL-UNNAMED --add-opens=java.base/java.lang=ALL-UNNAMED --add-opens=java.base/sun.nio.fs=ALL-UNNAMED -Declipse.application=org.eclipse.jdt.ls.core.id1 -Dosgi.bundles.defaultStartLevel=4 -Declipse.product=org.eclipse.jdt.ls.core.product -Djava.import.generatesMetadataFilesAtProjectRoot=false -DDetectVMInstallationsJob.disabled=true -Dfile.encoding=utf8 -XX:+UseParallelGC -XX:GCTimeRatio=4 -XX:AdaptiveSizePolicyWeight=90 -Dsun.zip.disableMemoryMapping=true -Xmx2G -Xms100m -Xlog:disable -javaagent:c:\Users\Admin\.vscode\extensions\redhat.java-1.55.0-win32-x64\lombok\lombok-1.18.39-4050.jar -XX:+HeapDumpOnOutOfMemoryError -XX:HeapDumpPath=c:\Users\Admin\AppData\Roaming\Code\User\workspaceStorage\801ed1664cc344b479297c66898efbba\redhat.java -Daether.dependencyCollector.impl=bf c:\Users\Admin\.vscode\extensions\redhat.java-1.55.0-win32-x64\server\plugins\org.eclipse.equinox.launcher_1.7.200.v20260619-2039.jar -configuration c:\Users\Admin\AppData\Roaming\Code\User\globalStorage\redhat.java\1.55.0\config_win -data c:\Users\Admin\AppData\Roaming\Code\User\workspaceStorage\801ed1664cc344b479297c66898efbba\redhat.java\jdt_ws --pipe=\\.\pipe\lsp-859418cde79139dc2907fb2e5df0f76c-sock

Host: AMD Ryzen 5 4600H with Radeon Graphics         , 12 cores, 7G,  Windows 11 , 64 bit Build 26100 (10.0.26100.1)
Time: Tue Jul  7 16:13:24 2026 Malay Peninsula Standard Time elapsed time: 16.129266 seconds (0d 0h 0m 16s)

---------------  T H R E A D  ---------------

Current thread (0x000001baf2a7db00):  JavaThread "C2 CompilerThread1" daemon [_thread_in_native, id=15968, stack(0x000000af7fd00000,0x000000af7fe00000) (1024K)]


Current CompileTask:
C2:16129 3770       4       org.lombokweb.asm.ClassReader::readMethod (1070 bytes)

Stack: [0x000000af7fd00000,0x000000af7fe00000]
Native frames: (J=compiled Java code, j=interpreted, Vv=VM code, C=native code)
V  [jvm.dll+0x6d7e19]
V  [jvm.dll+0x8b5096]
V  [jvm.dll+0x8b764e]
V  [jvm.dll+0x8b7d33]
V  [jvm.dll+0x284596]
V  [jvm.dll+0xc685d]
V  [jvm.dll+0xc6da1]
V  [jvm.dll+0x3bed6b]
V  [jvm.dll+0x1e4149]
V  [jvm.dll+0x24c853]
V  [jvm.dll+0x24bce0]
V  [jvm.dll+0x1cb4ae]
V  [jvm.dll+0x25baad]
V  [jvm.dll+0x25a03a]
V  [jvm.dll+0x3f868e]
V  [jvm.dll+0x85fb0d]
V  [jvm.dll+0x6d664d]
C  [ucrtbase.dll+0x43340]
C  [KERNEL32.DLL+0x31fd7]
C  [ntdll.dll+0x6d7d0]


---------------  P R O C E S S  ---------------

Threads class SMR info:
_java_thread_list=0x000001baf3b0d7e0, length=25, elements={
0x000001ba991dc420, 0x000001bab031cff0, 0x000001ba99280670, 0x000001ba992812d0,
0x000001ba99281f30, 0x000001ba992849a0, 0x000001ba99286960, 0x000001ba9928bd40,
0x000001baf27f89f0, 0x000001baf29aee40, 0x000001baf2adcbd0, 0x000001baf3cf9480,
0x000001baf8276920, 0x000001baf3cad950, 0x000001baf3cb0bf0, 0x000001baf89fb030,
0x000001baf8b600f0, 0x000001baf3aa5700, 0x000001baf8272ec0, 0x000001baf8273550,
0x000001baf2a7db00, 0x000001baf8273be0, 0x000001baf8274270, 0x000001baf81f8170,
0x000001bafa8689b0
}

Java Threads: ( => current thread )
  0x000001ba991dc420 JavaThread "main"                              [_thread_blocked, id=6292, stack(0x000000af7dd00000,0x000000af7de00000) (1024K)]
  0x000001bab031cff0 JavaThread "Reference Handler"          daemon [_thread_blocked, id=15096, stack(0x000000af7e100000,0x000000af7e200000) (1024K)]
  0x000001ba99280670 JavaThread "Finalizer"                  daemon [_thread_blocked, id=15128, stack(0x000000af7e200000,0x000000af7e300000) (1024K)]
  0x000001ba992812d0 JavaThread "Signal Dispatcher"          daemon [_thread_blocked, id=15380, stack(0x000000af7e300000,0x000000af7e400000) (1024K)]
  0x000001ba99281f30 JavaThread "Attach Listener"            daemon [_thread_blocked, id=14968, stack(0x000000af7e400000,0x000000af7e500000) (1024K)]
  0x000001ba992849a0 JavaThread "Service Thread"             daemon [_thread_blocked, id=14940, stack(0x000000af7e500000,0x000000af7e600000) (1024K)]
  0x000001ba99286960 JavaThread "Monitor Deflation Thread"   daemon [_thread_blocked, id=14848, stack(0x000000af7e600000,0x000000af7e700000) (1024K)]
  0x000001ba9928bd40 JavaThread "C2 CompilerThread0"         daemon [_thread_in_native, id=5432, stack(0x000000af7e700000,0x000000af7e800000) (1024K)]
  0x000001baf27f89f0 JavaThread "C1 CompilerThread0"         daemon [_thread_blocked, id=15364, stack(0x000000af7e800000,0x000000af7e900000) (1024K)]
  0x000001baf29aee40 JavaThread "Common-Cleaner"             daemon [_thread_blocked, id=15392, stack(0x000000af7e900000,0x000000af7ea00000) (1024K)]
  0x000001baf2adcbd0 JavaThread "Notification Thread"        daemon [_thread_blocked, id=15880, stack(0x000000af7ea00000,0x000000af7eb00000) (1024K)]
  0x000001baf3cf9480 JavaThread "Active Thread: Equinox Container: dfc257c9-ac75-4cb0-a216-753e9619fea5"        [_thread_blocked, id=15424, stack(0x000000af7f200000,0x000000af7f300000) (1024K)]
  0x000001baf8276920 JavaThread "Refresh Thread: Equinox Container: dfc257c9-ac75-4cb0-a216-753e9619fea5" daemon [_thread_blocked, id=15456, stack(0x000000af7f400000,0x000000af7f500000) (1024K)]
  0x000001baf3cad950 JavaThread "Framework Event Dispatcher: Equinox Container: dfc257c9-ac75-4cb0-a216-753e9619fea5" daemon [_thread_blocked, id=15472, stack(0x000000af7f100000,0x000000af7f200000) (1024K)]
  0x000001baf3cb0bf0 JavaThread "Start Level: Equinox Container: dfc257c9-ac75-4cb0-a216-753e9619fea5" daemon [_thread_in_vm, id=15504, stack(0x000000af7f500000,0x000000af7f600000) (1024K)]
  0x000001baf89fb030 JavaThread "Bundle File Closer"         daemon [_thread_blocked, id=15568, stack(0x000000af7f900000,0x000000af7fa00000) (1024K)]
  0x000001baf8b600f0 JavaThread "SCR Component Actor"        daemon [_thread_blocked, id=15936, stack(0x000000af7f600000,0x000000af7f700000) (1024K)]
  0x000001baf3aa5700 JavaThread "Worker-JM"                         [_thread_blocked, id=15112, stack(0x000000af7fa00000,0x000000af7fb00000) (1024K)]
  0x000001baf8272ec0 JavaThread "Worker-0: Updating Maven Dependencies"        [_thread_blocked, id=15624, stack(0x000000af7fb00000,0x000000af7fc00000) (1024K)]
  0x000001baf8273550 JavaThread "Worker-1: Repository registry initialization"        [_thread_blocked, id=15924, stack(0x000000af7fc00000,0x000000af7fd00000) (1024K)]
=>0x000001baf2a7db00 JavaThread "C2 CompilerThread1"         daemon [_thread_in_native, id=15968, stack(0x000000af7fd00000,0x000000af7fe00000) (1024K)]
  0x000001baf8273be0 JavaThread "Worker-2"                          [_thread_blocked, id=15664, stack(0x000000af7fe00000,0x000000af7ff00000) (1024K)]
  0x000001baf8274270 JavaThread "Worker-3"                          [_thread_blocked, id=15680, stack(0x000000af7ff00000,0x000000af80000000) (1024K)]
  0x000001baf81f8170 JavaThread "Java indexing"              daemon [_thread_blocked, id=15464, stack(0x000000af00000000,0x000000af00100000) (1024K)]
  0x000001bafa8689b0 JavaThread "C2 CompilerThread2"         daemon [_thread_in_native, id=6664, stack(0x000000af00100000,0x000000af00200000) (1024K)]
Total: 25

Other Threads:
  0x000001baf27a0d70 VMThread "VM Thread"                           [id=4760, stack(0x000000af7e000000,0x000000af7e100000) (1024K)]
  0x000001bab01fca00 WatcherThread "VM Periodic Task Thread"        [id=5092, stack(0x000000af7df00000,0x000000af7e000000) (1024K)]
  0x000001ba991fa630 WorkerThread "GC Thread#0"                     [id=5888, stack(0x000000af7de00000,0x000000af7df00000) (1024K)]
  0x000001baf3bc6d00 WorkerThread "GC Thread#1"                     [id=16304, stack(0x000000af7eb00000,0x000000af7ec00000) (1024K)]
  0x000001baf3c27cb0 WorkerThread "GC Thread#2"                     [id=7812, stack(0x000000af7ec00000,0x000000af7ed00000) (1024K)]
  0x000001baf3c55aa0 WorkerThread "GC Thread#3"                     [id=16212, stack(0x000000af7ed00000,0x000000af7ee00000) (1024K)]
  0x000001baf3bc70b0 WorkerThread "GC Thread#4"                     [id=16204, stack(0x000000af7ee00000,0x000000af7ef00000) (1024K)]
  0x000001baf3992d90 WorkerThread "GC Thread#5"                     [id=15524, stack(0x000000af7ef00000,0x000000af7f000000) (1024K)]
  0x000001baf3993140 WorkerThread "GC Thread#6"                     [id=15512, stack(0x000000af7f000000,0x000000af7f100000) (1024K)]
  0x000001baf3ec0ed0 WorkerThread "GC Thread#7"                     [id=15420, stack(0x000000af7f300000,0x000000af7f400000) (1024K)]
  0x000001baf3d32b90 WorkerThread "GC Thread#8"                     [id=15436, stack(0x000000af7f700000,0x000000af7f800000) (1024K)]
  0x000001baf3d33350 WorkerThread "GC Thread#9"                     [id=15596, stack(0x000000af7f800000,0x000000af7f900000) (1024K)]
Total: 12

Threads with active compile tasks:
C2 CompilerThread0  18162 4151   !   4       org.eclipse.osgi.internal.loader.classpath.ClasspathManager::findClassImpl (328 bytes)
C2 CompilerThread1  18162 3770       4       org.lombokweb.asm.ClassReader::readMethod (1070 bytes)
C2 CompilerThread2  18162 4117       4       java.util.HashSet::contains (9 bytes)
Total: 3

VM state: not at safepoint (normal execution)

VM Mutex/Monitor currently owned by a thread: None

Heap address: 0x0000000080000000, size: 2048 MB, Compressed Oops mode: 32-bit

CDS archive(s) mapped at: [0x000001bab1000000-0x000001bab1ba0000-0x000001bab1ba0000), size 12189696, SharedBaseAddress: 0x000001bab1000000, ArchiveRelocationMode: 1.
Compressed class space mapped at: 0x000001bab2000000-0x000001baf2000000, reserved size: 1073741824
Narrow klass base: 0x000001bab1000000, Narrow klass shift: 0, Narrow klass range: 0x100000000

GC Precious Log:
 CardTable entry size: 512
 CPUs: 12 total, 12 available
 Memory: 7598M
 Large Page Support: Disabled
 NUMA Support: Disabled
 Compressed Oops: Enabled (32-bit)
 Alignments: Space 512K, Generation 512K, Heap 2M
 Heap Min Capacity: 100M
 Heap Initial Capacity: 100M
 Heap Max Capacity: 2G
 Pre-touch: Disabled
 Parallel Workers: 10

Heap:
 PSYoungGen      total 24064K, used 23855K [0x00000000d5580000, 0x00000000d7300000, 0x0000000100000000)
  eden space 22528K, 100% used [0x00000000d5580000,0x00000000d6b80000,0x00000000d6b80000)
  from space 1536K, 86% used [0x00000000d7080000,0x00000000d71cbd78,0x00000000d7200000)
  to   space 1024K, 0% used [0x00000000d7200000,0x00000000d7200000,0x00000000d7300000)
 ParOldGen       total 68608K, used 17509K [0x0000000080000000, 0x0000000084300000, 0x00000000d5580000)
  object space 68608K, 25% used [0x0000000080000000,0x00000000811194e0,0x0000000084300000)
 Metaspace       used 32975K, committed 33984K, reserved 1114112K
  class space    used 3431K, committed 3840K, reserved 1048576K

Card table byte_map: [0x000001baab660000,0x000001baaba70000] _byte_map_base: 0x000001baab260000

Marking Bits: (ParMarkBitMap*) 0x00007ffcecec4460
 Begin Bits: [0x000001baabd20000, 0x000001baadd20000)
 End Bits:   [0x000001baadd20000, 0x000001baafd20000)

Polling page: 0x000001ba979d0000

Metaspace:

Usage:
  Non-class:     28.85 MB used.
      Class:      3.35 MB used.
       Both:     32.20 MB used.

Virtual space:
  Non-class space:       64.00 MB reserved,      29.44 MB ( 46%) committed,  1 nodes.
      Class space:        1.00 GB reserved,       3.75 MB ( <1%) committed,  1 nodes.
             Both:        1.06 GB reserved,      33.19 MB (  3%) committed. 

Chunk freelists:
   Non-Class:  1.78 MB
       Class:  12.28 MB
        Both:  14.06 MB

MaxMetaspaceSize: unlimited
CompressedClassSpaceSize: 1.00 GB
Initial GC threshold: 21.00 MB
Current GC threshold: 35.00 MB
CDS: on
 - commit_granule_bytes: 65536.
 - commit_granule_words: 8192.
 - virtual_space_node_default_size: 8388608.
 - enlarge_chunks_in_place: 1.
 - use_allocation_guard: 0.


Internal statistics:

num_allocs_failed_limit: 3.
num_arena_births: 712.
num_arena_deaths: 14.
num_vsnodes_births: 2.
num_vsnodes_deaths: 0.
num_space_committed: 531.
num_space_uncommitted: 0.
num_chunks_returned_to_freelist: 17.
num_chunks_taken_from_freelist: 2100.
num_chunk_merges: 6.
num_chunk_splits: 1307.
num_chunks_enlarged: 776.
num_inconsistent_stats: 0.

CodeHeap 'non-profiled nmethods': size=120000Kb used=1819Kb max_used=1819Kb free=118180Kb
 bounds [0x000001baa3f50000, 0x000001baa41c0000, 0x000001baab480000]
CodeHeap 'profiled nmethods': size=120000Kb used=9144Kb max_used=9144Kb free=110855Kb
 bounds [0x000001ba9c480000, 0x000001ba9cd70000, 0x000001baa39b0000]
CodeHeap 'non-nmethods': size=5760Kb used=1342Kb max_used=1371Kb free=4417Kb
 bounds [0x000001baa39b0000, 0x000001baa3c20000, 0x000001baa3f50000]
CodeCache: size=245760Kb, used=12305Kb, max_used=12334Kb, free=233452Kb
 total_blobs=5004, nmethods=4373, adapters=537, full_count=0
Compilation: enabled, stopped_count=0, restarted_count=0

Compilation events (20 events):
Event: 13.083 Thread 0x000001baf27f89f0 nmethod 4397 0x000001ba9cd5e310 code [0x000001ba9cd5e4e0, 0x000001ba9cd5e788]
Event: 13.087 Thread 0x000001baf27f89f0 4398       2       java.lang.String::toLowerCase (8 bytes)
Event: 13.087 Thread 0x000001baf27f89f0 nmethod 4398 0x000001ba9cd5e910 code [0x000001ba9cd5eac0, 0x000001ba9cd5ec70]
Event: 13.090 Thread 0x000001baf27f89f0 4399       2       com.google.inject.spi.Elements$RecordingBinder::bind (6 bytes)
Event: 13.091 Thread 0x000001baf27f89f0 nmethod 4399 0x000001ba9cd5ed90 code [0x000001ba9cd5ef40, 0x000001ba9cd5f068]
Event: 13.091 Thread 0x000001baf27f89f0 4400   !   2       org.eclipse.sisu.space.URLClassSpace::loadClass (31 bytes)
Event: 13.091 Thread 0x000001baf27f89f0 nmethod 4400 0x000001ba9cd5f110 code [0x000001ba9cd5f2e0, 0x000001ba9cd5f5f8]
Event: 13.091 Thread 0x000001baf27f89f0 4401       2       org.codehaus.plexus.classworlds.realm.ClassRealm::loadClass (7 bytes)
Event: 13.092 Thread 0x000001baf27f89f0 nmethod 4401 0x000001ba9cd5f790 code [0x000001ba9cd5f940, 0x000001ba9cd5fa70]
Event: 13.098 Thread 0x000001baf27f89f0 4403       2       com.google.inject.internal.util.SourceProvider::shouldBeSkipped (35 bytes)
Event: 13.099 Thread 0x000001baf27f89f0 nmethod 4403 0x000001ba9cd5fb10 code [0x000001ba9cd5fce0, 0x000001ba9cd5ff10]
Event: 13.099 Thread 0x000001baf27f89f0 4404   !   2       java.io.FileOutputStream::write (47 bytes)
Event: 13.099 Thread 0x000001baf27f89f0 nmethod 4404 0x000001ba9cd60090 code [0x000001ba9cd60260, 0x000001ba9cd60460]
Event: 13.099 Thread 0x000001baf27f89f0 4405       2       java.io.FileDescriptor$1::getAppend (5 bytes)
Event: 13.099 Thread 0x000001baf27f89f0 nmethod 4405 0x000001ba9cd60610 code [0x000001ba9cd607a0, 0x000001ba9cd608b0]
Event: 14.505 Thread 0x000001baf27f89f0 4406       2       jdk.internal.misc.Unsafe::putReferenceOpaque (9 bytes)
Event: 15.124 Thread 0x000001baf27f89f0 nmethod 4406 0x000001ba9cd60990 code [0x000001ba9cd60b20, 0x000001ba9cd60c48]
Event: 15.125 Thread 0x000001baf27f89f0 4407       2       java.util.concurrent.locks.LockSupport::setBlocker (12 bytes)
Event: 15.125 Thread 0x000001baf27f89f0 nmethod 4407 0x000001ba9cd60d10 code [0x000001ba9cd60ec0, 0x000001ba9cd60fe0]
Event: 15.241 Thread 0x000001baf27f89f0 4408       2       java.util.concurrent.locks.AbstractQueuedSynchronizer::tryAcquireSharedNanos (62 bytes)

GC Heap History (20 events):
Event: 3.294 GC heap before
{Heap before GC invocations=3 (full 0):
 PSYoungGen      total 29696K, used 29686K [0x00000000d5580000, 0x00000000d7680000, 0x0000000100000000)
  eden space 25600K, 100% used [0x00000000d5580000,0x00000000d6e80000,0x00000000d6e80000)
  from space 4096K, 99% used [0x00000000d7280000,0x00000000d767d810,0x00000000d7680000)
  to   space 4096K, 0% used [0x00000000d6e80000,0x00000000d6e80000,0x00000000d7280000)
 ParOldGen       total 68608K, used 1953K [0x0000000080000000, 0x0000000084300000, 0x00000000d5580000)
  object space 68608K, 2% used [0x0000000080000000,0x00000000801e86a8,0x0000000084300000)
 Metaspace       used 9430K, committed 9728K, reserved 1114112K
  class space    used 1008K, committed 1152K, reserved 1048576K
}
Event: 3.304 GC heap after
{Heap after GC invocations=3 (full 0):
 PSYoungGen      total 29696K, used 4077K [0x00000000d5580000, 0x00000000d7680000, 0x0000000100000000)
  eden space 25600K, 0% used [0x00000000d5580000,0x00000000d5580000,0x00000000d6e80000)
  from space 4096K, 99% used [0x00000000d6e80000,0x00000000d727b500,0x00000000d7280000)
  to   space 4096K, 0% used [0x00000000d7280000,0x00000000d7280000,0x00000000d7680000)
 ParOldGen       total 68608K, used 4889K [0x0000000080000000, 0x0000000084300000, 0x00000000d5580000)
  object space 68608K, 7% used [0x0000000080000000,0x00000000804c6618,0x0000000084300000)
 Metaspace       used 9430K, committed 9728K, reserved 1114112K
  class space    used 1008K, committed 1152K, reserved 1048576K
}
Event: 5.793 GC heap before
{Heap before GC invocations=4 (full 0):
 PSYoungGen      total 29696K, used 29677K [0x00000000d5580000, 0x00000000d7680000, 0x0000000100000000)
  eden space 25600K, 100% used [0x00000000d5580000,0x00000000d6e80000,0x00000000d6e80000)
  from space 4096K, 99% used [0x00000000d6e80000,0x00000000d727b500,0x00000000d7280000)
  to   space 4096K, 0% used [0x00000000d7280000,0x00000000d7280000,0x00000000d7680000)
 ParOldGen       total 68608K, used 4889K [0x0000000080000000, 0x0000000084300000, 0x00000000d5580000)
  object space 68608K, 7% used [0x0000000080000000,0x00000000804c6618,0x0000000084300000)
 Metaspace       used 11611K, committed 12032K, reserved 1114112K
  class space    used 1232K, committed 1408K, reserved 1048576K
}
Event: 5.801 GC heap after
{Heap after GC invocations=4 (full 0):
 PSYoungGen      total 29696K, used 4074K [0x00000000d5580000, 0x00000000d7680000, 0x0000000100000000)
  eden space 25600K, 0% used [0x00000000d5580000,0x00000000d5580000,0x00000000d6e80000)
  from space 4096K, 99% used [0x00000000d7280000,0x00000000d767aa00,0x00000000d7680000)
  to   space 4096K, 0% used [0x00000000d6e80000,0x00000000d6e80000,0x00000000d7280000)
 ParOldGen       total 68608K, used 6612K [0x0000000080000000, 0x0000000084300000, 0x00000000d5580000)
  object space 68608K, 9% used [0x0000000080000000,0x0000000080675230,0x0000000084300000)
 Metaspace       used 11611K, committed 12032K, reserved 1114112K
  class space    used 1232K, committed 1408K, reserved 1048576K
}
Event: 6.831 GC heap before
{Heap before GC invocations=5 (full 0):
 PSYoungGen      total 29696K, used 29674K [0x00000000d5580000, 0x00000000d7680000, 0x0000000100000000)
  eden space 25600K, 100% used [0x00000000d5580000,0x00000000d6e80000,0x00000000d6e80000)
  from space 4096K, 99% used [0x00000000d7280000,0x00000000d767aa00,0x00000000d7680000)
  to   space 4096K, 0% used [0x00000000d6e80000,0x00000000d6e80000,0x00000000d7280000)
 ParOldGen       total 68608K, used 6612K [0x0000000080000000, 0x0000000084300000, 0x00000000d5580000)
  object space 68608K, 9% used [0x0000000080000000,0x0000000080675230,0x0000000084300000)
 Metaspace       used 15618K, committed 16256K, reserved 1114112K
  class space    used 1631K, committed 1920K, reserved 1048576K
}
Event: 7.843 GC heap after
{Heap after GC invocations=5 (full 0):
 PSYoungGen      total 29184K, used 4073K [0x00000000d5580000, 0x00000000d7a00000, 0x0000000100000000)
  eden space 25088K, 0% used [0x00000000d5580000,0x00000000d5580000,0x00000000d6e00000)
  from space 4096K, 99% used [0x00000000d6e80000,0x00000000d727a7b8,0x00000000d7280000)
  to   space 6144K, 0% used [0x00000000d7400000,0x00000000d7400000,0x00000000d7a00000)
 ParOldGen       total 68608K, used 8008K [0x0000000080000000, 0x0000000084300000, 0x00000000d5580000)
  object space 68608K, 11% used [0x0000000080000000,0x00000000807d2100,0x0000000084300000)
 Metaspace       used 15618K, committed 16256K, reserved 1114112K
  class space    used 1631K, committed 1920K, reserved 1048576K
}
Event: 9.361 GC heap before
{Heap before GC invocations=6 (full 0):
 PSYoungGen      total 29184K, used 29161K [0x00000000d5580000, 0x00000000d7a00000, 0x0000000100000000)
  eden space 25088K, 100% used [0x00000000d5580000,0x00000000d6e00000,0x00000000d6e00000)
  from space 4096K, 99% used [0x00000000d6e80000,0x00000000d727a7b8,0x00000000d7280000)
  to   space 6144K, 0% used [0x00000000d7400000,0x00000000d7400000,0x00000000d7a00000)
 ParOldGen       total 68608K, used 8008K [0x0000000080000000, 0x0000000084300000, 0x00000000d5580000)
  object space 68608K, 11% used [0x0000000080000000,0x00000000807d2100,0x0000000084300000)
 Metaspace       used 17912K, committed 18688K, reserved 1114112K
  class space    used 1886K, committed 2240K, reserved 1048576K
}
Event: 9.366 GC heap after
{Heap after GC invocations=6 (full 0):
 PSYoungGen      total 29184K, used 4261K [0x00000000d5580000, 0x00000000d7880000, 0x0000000100000000)
  eden space 24576K, 0% used [0x00000000d5580000,0x00000000d5580000,0x00000000d6d80000)
  from space 4608K, 92% used [0x00000000d7400000,0x00000000d78296e0,0x00000000d7880000)
  to   space 5120K, 0% used [0x00000000d6e80000,0x00000000d6e80000,0x00000000d7380000)
 ParOldGen       total 68608K, used 8008K [0x0000000080000000, 0x0000000084300000, 0x00000000d5580000)
  object space 68608K, 11% used [0x0000000080000000,0x00000000807d2100,0x0000000084300000)
 Metaspace       used 17912K, committed 18688K, reserved 1114112K
  class space    used 1886K, committed 2240K, reserved 1048576K
}
Event: 9.939 GC heap before
{Heap before GC invocations=7 (full 0):
 PSYoungGen      total 29184K, used 28409K [0x00000000d5580000, 0x00000000d7880000, 0x0000000100000000)
  eden space 24576K, 98% used [0x00000000d5580000,0x00000000d6d14dd0,0x00000000d6d80000)
  from space 4608K, 92% used [0x00000000d7400000,0x00000000d78296e0,0x00000000d7880000)
  to   space 5120K, 0% used [0x00000000d6e80000,0x00000000d6e80000,0x00000000d7380000)
 ParOldGen       total 68608K, used 8008K [0x0000000080000000, 0x0000000084300000, 0x00000000d5580000)
  object space 68608K, 11% used [0x0000000080000000,0x00000000807d2100,0x0000000084300000)
 Metaspace       used 20742K, committed 21504K, reserved 1114112K
  class space    used 2163K, committed 2496K, reserved 1048576K
}
Event: 11.955 GC heap after
{Heap after GC invocations=7 (full 0):
 PSYoungGen      total 29696K, used 5107K [0x00000000d5580000, 0x00000000d7880000, 0x0000000100000000)
  eden space 24576K, 0% used [0x00000000d5580000,0x00000000d5580000,0x00000000d6d80000)
  from space 5120K, 99% used [0x00000000d6e80000,0x00000000d737cc78,0x00000000d7380000)
  to   space 4608K, 0% used [0x00000000d7400000,0x00000000d7400000,0x00000000d7880000)
 ParOldGen       total 68608K, used 9846K [0x0000000080000000, 0x0000000084300000, 0x00000000d5580000)
  object space 68608K, 14% used [0x0000000080000000,0x000000008099db40,0x0000000084300000)
 Metaspace       used 20742K, committed 21504K, reserved 1114112K
  class space    used 2163K, committed 2496K, reserved 1048576K
}
Event: 11.955 GC heap before
{Heap before GC invocations=8 (full 1):
 PSYoungGen      total 29696K, used 5107K [0x00000000d5580000, 0x00000000d7880000, 0x0000000100000000)
  eden space 24576K, 0% used [0x00000000d5580000,0x00000000d5580000,0x00000000d6d80000)
  from space 5120K, 99% used [0x00000000d6e80000,0x00000000d737cc78,0x00000000d7380000)
  to   space 4608K, 0% used [0x00000000d7400000,0x00000000d7400000,0x00000000d7880000)
 ParOldGen       total 68608K, used 9846K [0x0000000080000000, 0x0000000084300000, 0x00000000d5580000)
  object space 68608K, 14% used [0x0000000080000000,0x000000008099db40,0x0000000084300000)
 Metaspace       used 20742K, committed 21504K, reserved 1114112K
  class space    used 2163K, committed 2496K, reserved 1048576K
}
Event: 11.996 GC heap after
{Heap after GC invocations=8 (full 1):
 PSYoungGen      total 29696K, used 0K [0x00000000d5580000, 0x00000000d7880000, 0x0000000100000000)
  eden space 24576K, 0% used [0x00000000d5580000,0x00000000d5580000,0x00000000d6d80000)
  from space 5120K, 0% used [0x00000000d6e80000,0x00000000d6e80000,0x00000000d7380000)
  to   space 4608K, 0% used [0x00000000d7400000,0x00000000d7400000,0x00000000d7880000)
 ParOldGen       total 68608K, used 14452K [0x0000000080000000, 0x0000000084300000, 0x00000000d5580000)
  object space 68608K, 21% used [0x0000000080000000,0x0000000080e1d028,0x0000000084300000)
 Metaspace       used 20729K, committed 21504K, reserved 1114112K
  class space    used 2159K, committed 2496K, reserved 1048576K
}
Event: 12.159 GC heap before
{Heap before GC invocations=9 (full 1):
 PSYoungGen      total 29696K, used 24576K [0x00000000d5580000, 0x00000000d7880000, 0x0000000100000000)
  eden space 24576K, 100% used [0x00000000d5580000,0x00000000d6d80000,0x00000000d6d80000)
  from space 5120K, 0% used [0x00000000d6e80000,0x00000000d6e80000,0x00000000d7380000)
  to   space 4608K, 0% used [0x00000000d7400000,0x00000000d7400000,0x00000000d7880000)
 ParOldGen       total 68608K, used 14452K [0x0000000080000000, 0x0000000084300000, 0x00000000d5580000)
  object space 68608K, 21% used [0x0000000080000000,0x0000000080e1d028,0x0000000084300000)
 Metaspace       used 23614K, committed 24448K, reserved 1114112K
  class space    used 2408K, committed 2816K, reserved 1048576K
}
Event: 12.161 GC heap after
{Heap after GC invocations=9 (full 1):
 PSYoungGen      total 25600K, used 1095K [0x00000000d5580000, 0x00000000d7580000, 0x0000000100000000)
  eden space 24064K, 0% used [0x00000000d5580000,0x00000000d5580000,0x00000000d6d00000)
  from space 1536K, 71% used [0x00000000d7400000,0x00000000d7511f20,0x00000000d7580000)
  to   space 3584K, 0% used [0x00000000d6e80000,0x00000000d6e80000,0x00000000d7200000)
 ParOldGen       total 68608K, used 14460K [0x0000000080000000, 0x0000000084300000, 0x00000000d5580000)
  object space 68608K, 21% used [0x0000000080000000,0x0000000080e1f028,0x0000000084300000)
 Metaspace       used 23614K, committed 24448K, reserved 1114112K
  class space    used 2408K, committed 2816K, reserved 1048576K
}
Event: 12.362 GC heap before
{Heap before GC invocations=10 (full 1):
 PSYoungGen      total 25600K, used 25159K [0x00000000d5580000, 0x00000000d7580000, 0x0000000100000000)
  eden space 24064K, 100% used [0x00000000d5580000,0x00000000d6d00000,0x00000000d6d00000)
  from space 1536K, 71% used [0x00000000d7400000,0x00000000d7511f20,0x00000000d7580000)
  to   space 3584K, 0% used [0x00000000d6e80000,0x00000000d6e80000,0x00000000d7200000)
 ParOldGen       total 68608K, used 14460K [0x0000000080000000, 0x0000000084300000, 0x00000000d5580000)
  object space 68608K, 21% used [0x0000000080000000,0x0000000080e1f028,0x0000000084300000)
 Metaspace       used 26900K, committed 27712K, reserved 1114112K
  class space    used 2771K, committed 3136K, reserved 1048576K
}
Event: 12.363 GC heap after
{Heap after GC invocations=10 (full 1):
 PSYoungGen      total 27136K, used 1419K [0x00000000d5580000, 0x00000000d7480000, 0x0000000100000000)
  eden space 23552K, 0% used [0x00000000d5580000,0x00000000d5580000,0x00000000d6c80000)
  from space 3584K, 39% used [0x00000000d6e80000,0x00000000d6fe2e50,0x00000000d7200000)
  to   space 2048K, 0% used [0x00000000d7280000,0x00000000d7280000,0x00000000d7480000)
 ParOldGen       total 68608K, used 14468K [0x0000000080000000, 0x0000000084300000, 0x00000000d5580000)
  object space 68608K, 21% used [0x0000000080000000,0x0000000080e21028,0x0000000084300000)
 Metaspace       used 26900K, committed 27712K, reserved 1114112K
  class space    used 2771K, committed 3136K, reserved 1048576K
}
Event: 12.534 GC heap before
{Heap before GC invocations=11 (full 1):
 PSYoungGen      total 27136K, used 24971K [0x00000000d5580000, 0x00000000d7480000, 0x0000000100000000)
  eden space 23552K, 100% used [0x00000000d5580000,0x00000000d6c80000,0x00000000d6c80000)
  from space 3584K, 39% used [0x00000000d6e80000,0x00000000d6fe2e50,0x00000000d7200000)
  to   space 2048K, 0% used [0x00000000d7280000,0x00000000d7280000,0x00000000d7480000)
 ParOldGen       total 68608K, used 14468K [0x0000000080000000, 0x0000000084300000, 0x00000000d5580000)
  object space 68608K, 21% used [0x0000000080000000,0x0000000080e21028,0x0000000084300000)
 Metaspace       used 28155K, committed 28992K, reserved 1114112K
  class space    used 2886K, committed 3264K, reserved 1048576K
}
Event: 12.538 GC heap after
{Heap after GC invocations=11 (full 1):
 PSYoungGen      total 25088K, used 1697K [0x00000000d5580000, 0x00000000d7480000, 0x0000000100000000)
  eden space 23040K, 0% used [0x00000000d5580000,0x00000000d5580000,0x00000000d6c00000)
  from space 2048K, 82% used [0x00000000d7280000,0x00000000d7428708,0x00000000d7480000)
  to   space 2048K, 0% used [0x00000000d7080000,0x00000000d7080000,0x00000000d7280000)
 ParOldGen       total 68608K, used 16079K [0x0000000080000000, 0x0000000084300000, 0x00000000d5580000)
  object space 68608K, 23% used [0x0000000080000000,0x0000000080fb3e48,0x0000000084300000)
 Metaspace       used 28155K, committed 28992K, reserved 1114112K
  class space    used 2886K, committed 3264K, reserved 1048576K
}
Event: 12.815 GC heap before
{Heap before GC invocations=12 (full 1):
 PSYoungGen      total 25088K, used 24737K [0x00000000d5580000, 0x00000000d7480000, 0x0000000100000000)
  eden space 23040K, 100% used [0x00000000d5580000,0x00000000d6c00000,0x00000000d6c00000)
  from space 2048K, 82% used [0x00000000d7280000,0x00000000d7428708,0x00000000d7480000)
  to   space 2048K, 0% used [0x00000000d7080000,0x00000000d7080000,0x00000000d7280000)
 ParOldGen       total 68608K, used 16079K [0x0000000080000000, 0x0000000084300000, 0x00000000d5580000)
  object space 68608K, 23% used [0x0000000080000000,0x0000000080fb3e48,0x0000000084300000)
 Metaspace       used 30066K, committed 31040K, reserved 1114112K
  class space    used 3091K, committed 3520K, reserved 1048576K
}
Event: 12.818 GC heap after
{Heap after GC invocations=12 (full 1):
 PSYoungGen      total 24064K, used 1327K [0x00000000d5580000, 0x00000000d7300000, 0x0000000100000000)
  eden space 22528K, 0% used [0x00000000d5580000,0x00000000d5580000,0x00000000d6b80000)
  from space 1536K, 86% used [0x00000000d7080000,0x00000000d71cbd78,0x00000000d7200000)
  to   space 1024K, 0% used [0x00000000d7200000,0x00000000d7200000,0x00000000d7300000)
 ParOldGen       total 68608K, used 17509K [0x0000000080000000, 0x0000000084300000, 0x00000000d5580000)
  object space 68608K, 25% used [0x0000000080000000,0x00000000811194e0,0x0000000084300000)
 Metaspace       used 30066K, committed 31040K, reserved 1114112K
  class space    used 3091K, committed 3520K, reserved 1048576K
}

Dll operation events (10 events):
Event: 0.026 Loaded shared library c:\Users\Admin\.vscode\extensions\redhat.java-1.55.0-win32-x64\jre\21.0.11-win32-x86_64\bin\java.dll
Event: 0.193 Loaded shared library c:\Users\Admin\.vscode\extensions\redhat.java-1.55.0-win32-x64\jre\21.0.11-win32-x86_64\bin\zip.dll
Event: 0.235 Loaded shared library C:\Users\Admin\.vscode\extensions\redhat.java-1.55.0-win32-x64\jre\21.0.11-win32-x86_64\bin\instrument.dll
Event: 0.245 Loaded shared library C:\Users\Admin\.vscode\extensions\redhat.java-1.55.0-win32-x64\jre\21.0.11-win32-x86_64\bin\net.dll
Event: 0.249 Loaded shared library C:\Users\Admin\.vscode\extensions\redhat.java-1.55.0-win32-x64\jre\21.0.11-win32-x86_64\bin\nio.dll
Event: 0.256 Loaded shared library C:\Users\Admin\.vscode\extensions\redhat.java-1.55.0-win32-x64\jre\21.0.11-win32-x86_64\bin\zip.dll
Event: 0.288 Loaded shared library C:\Users\Admin\.vscode\extensions\redhat.java-1.55.0-win32-x64\jre\21.0.11-win32-x86_64\bin\jimage.dll
Event: 0.432 Loaded shared library c:\Users\Admin\.vscode\extensions\redhat.java-1.55.0-win32-x64\jre\21.0.11-win32-x86_64\bin\verify.dll
Event: 2.372 Loaded shared library C:\Users\Admin\AppData\Roaming\Code\User\globalStorage\redhat.java\1.55.0\config_win\org.eclipse.equinox.launcher\org.eclipse.equinox.launcher.win32.win32.x86_64_1.3.100.v20260613-0559\eclipse_11924.dll
Event: 13.101 Loaded shared library C:\Users\Admin\AppData\Local\Temp\jna-63116079\jna15523862876458351037.dll

Deoptimization events (20 events):
Event: 12.662 Thread 0x000001baf3cb0bf0 Uncommon trap: trap_request=0xffffffc6 fr.pc=0x000001baa40b3e00 relative=0x0000000000000920
Event: 12.662 Thread 0x000001baf3cb0bf0 Uncommon trap: reason=bimorphic_or_optimized_type_check action=maybe_recompile pc=0x000001baa40b3e00 method=java.util.HashMap.putVal(ILjava/lang/Object;Ljava/lang/Object;ZZ)Ljava/lang/Object; @ 56 c2
Event: 12.662 Thread 0x000001baf3cb0bf0 DEOPT PACKING pc=0x000001baa40b3e00 sp=0x000000af7f5fd8d0
Event: 12.662 Thread 0x000001baf3cb0bf0 DEOPT UNPACKING pc=0x000001baa3a03aa2 sp=0x000000af7f5fd828 mode 2
Event: 12.720 Thread 0x000001baf3cb0bf0 DEOPT PACKING pc=0x000001ba9ccbb720 sp=0x000000af7f5fcb00
Event: 12.720 Thread 0x000001baf3cb0bf0 DEOPT UNPACKING pc=0x000001baa3a04242 sp=0x000000af7f5fbf98 mode 0
Event: 12.808 Thread 0x000001baf8273550 DEOPT PACKING pc=0x000001ba9ccdae53 sp=0x000000af7fcfde20
Event: 12.808 Thread 0x000001baf8273550 DEOPT UNPACKING pc=0x000001baa3a04242 sp=0x000000af7fcfd290 mode 0
Event: 13.015 Thread 0x000001baf3cb0bf0 Uncommon trap: trap_request=0xffffff45 fr.pc=0x000001baa3fb2a0c relative=0x00000000000000ec
Event: 13.015 Thread 0x000001baf3cb0bf0 Uncommon trap: reason=unstable_if action=reinterpret pc=0x000001baa3fb2a0c method=java.lang.String.getBytes([BIB)V @ 5 c2
Event: 13.015 Thread 0x000001baf3cb0bf0 DEOPT PACKING pc=0x000001baa3fb2a0c sp=0x000000af7f5fdbc0
Event: 13.015 Thread 0x000001baf3cb0bf0 DEOPT UNPACKING pc=0x000001baa3a03aa2 sp=0x000000af7f5fdb68 mode 2
Event: 13.089 Thread 0x000001baf3cb0bf0 Uncommon trap: trap_request=0xffffff45 fr.pc=0x000001baa3f87710 relative=0x0000000000000670
Event: 13.089 Thread 0x000001baf3cb0bf0 Uncommon trap: reason=unstable_if action=reinterpret pc=0x000001baa3f87710 method=java.lang.String.replace(Ljava/lang/CharSequence;Ljava/lang/CharSequence;)Ljava/lang/String; @ 42 c2
Event: 13.089 Thread 0x000001baf3cb0bf0 DEOPT PACKING pc=0x000001baa3f87710 sp=0x000000af7f5fb870
Event: 13.089 Thread 0x000001baf3cb0bf0 DEOPT UNPACKING pc=0x000001baa3a03aa2 sp=0x000000af7f5fb7f0 mode 2
Event: 13.091 Thread 0x000001baf3cb0bf0 Uncommon trap: trap_request=0xffffff45 fr.pc=0x000001baa40ef1e8 relative=0x0000000000000148
Event: 13.091 Thread 0x000001baf3cb0bf0 Uncommon trap: reason=unstable_if action=reinterpret pc=0x000001baa40ef1e8 method=java.lang.Long.stringSize(J)I @ 24 c2
Event: 13.091 Thread 0x000001baf3cb0bf0 DEOPT PACKING pc=0x000001baa40ef1e8 sp=0x000000af7f5fb530
Event: 13.091 Thread 0x000001baf3cb0bf0 DEOPT UNPACKING pc=0x000001baa3a03aa2 sp=0x000000af7f5fb488 mode 2

Classes loaded (20 events):
Event: 13.081 Loading class java/nio/charset/IllegalCharsetNameException
Event: 13.081 Loading class java/nio/charset/IllegalCharsetNameException done
Event: 13.090 Loading class java/io/File$TempDirectory
Event: 13.090 Loading class java/io/File$TempDirectory done
Event: 13.100 Loading class sun/reflect/generics/tree/BottomSignature
Event: 13.100 Loading class sun/reflect/generics/tree/BottomSignature done
Event: 13.100 Loading class sun/reflect/generics/tree/Wildcard
Event: 13.100 Loading class sun/reflect/generics/tree/Wildcard done
Event: 13.100 Loading class sun/reflect/generics/reflectiveObjects/WildcardTypeImpl
Event: 13.102 Loading class java/nio/ShortBuffer
Event: 14.110 Loading class sun/reflect/generics/reflectiveObjects/WildcardTypeImpl done
Event: 14.127 Loading class sun/reflect/annotation/AnnotatedTypeFactory$AnnotatedParameterizedTypeImpl
Event: 14.127 Loading class java/nio/ShortBuffer done
Event: 15.124 Loading class java/lang/reflect/AnnotatedParameterizedType
Event: 15.124 Loading class java/nio/FloatBuffer
Event: 15.124 Loading class java/lang/reflect/AnnotatedParameterizedType done
Event: 15.124 Loading class sun/reflect/annotation/AnnotatedTypeFactory$AnnotatedParameterizedTypeImpl done
Event: 15.125 Loading class java/nio/FloatBuffer done
Event: 15.125 Loading class java/nio/DoubleBuffer
Event: 15.125 Loading class java/nio/DoubleBuffer done

Classes unloaded (7 events):
Event: 11.961 Thread 0x000001baf27a0d70 Unloading class 0x000001bab21acc00 'java/lang/invoke/LambdaForm$MH+0x000001bab21acc00'
Event: 11.961 Thread 0x000001baf27a0d70 Unloading class 0x000001bab21ac800 'java/lang/invoke/LambdaForm$MH+0x000001bab21ac800'
Event: 11.961 Thread 0x000001baf27a0d70 Unloading class 0x000001bab21ac400 'java/lang/invoke/LambdaForm$MH+0x000001bab21ac400'
Event: 11.961 Thread 0x000001baf27a0d70 Unloading class 0x000001bab21ac000 'java/lang/invoke/LambdaForm$MH+0x000001bab21ac000'
Event: 11.961 Thread 0x000001baf27a0d70 Unloading class 0x000001bab21abc00 'java/lang/invoke/LambdaForm$BMH+0x000001bab21abc00'
Event: 11.961 Thread 0x000001baf27a0d70 Unloading class 0x000001bab21ab800 'java/lang/invoke/LambdaForm$DMH+0x000001bab21ab800'
Event: 11.961 Thread 0x000001baf27a0d70 Unloading class 0x000001bab21aa400 'java/lang/invoke/LambdaForm$DMH+0x000001bab21aa400'

Classes redefined (0 events):
No events

Internal exceptions (20 events):
Event: 12.005 Thread 0x000001baf8273550 Exception <a 'java/lang/NoSuchMethodError'{0x00000000d56f6e48}: 'java.lang.Object java.lang.invoke.Invokers$Holder.invoke_MT(java.lang.Object, java.lang.Object, java.lang.Object, java.lang.Object, java.lang.Object, java.lang.Object, java.lang.Object, java.lang.Object, java.lang.Object)'> (0x00000000d56f6e48) 
thrown [s\src\hotspot\share\interpreter\linkResolver.cpp, line 773]
Event: 12.012 Thread 0x000001baf8273550 Exception <a 'java/lang/NoSuchMethodError'{0x00000000d59b0ff8}: 'int java.lang.invoke.DirectMethodHandle$Holder.invokeVirtual(java.lang.Object, java.lang.Object, java.lang.Object)'> (0x00000000d59b0ff8) 
thrown [s\src\hotspot\share\interpreter\linkResolver.cpp, line 773]
Event: 12.013 Thread 0x000001baf8273550 Exception <a 'java/lang/NoSuchMethodError'{0x00000000d5a2ba40}: 'int java.lang.invoke.DirectMethodHandle$Holder.invokeStaticInit(java.lang.Object, int, int)'> (0x00000000d5a2ba40) 
thrown [s\src\hotspot\share\interpreter\linkResolver.cpp, line 773]
Event: 12.013 Thread 0x000001baf8273550 Exception <a 'java/lang/NoSuchMethodError'{0x00000000d5a32af8}: 'int java.lang.invoke.DirectMethodHandle$Holder.invokeStaticInit(java.lang.Object, long, long)'> (0x00000000d5a32af8) 
thrown [s\src\hotspot\share\interpreter\linkResolver.cpp, line 773]
Event: 12.014 Thread 0x000001baf8273550 Exception <a 'java/lang/NoSuchMethodError'{0x00000000d5ab2360}: 'int java.lang.invoke.DirectMethodHandle$Holder.invokeStaticInit(java.lang.Object, float, float)'> (0x00000000d5ab2360) 
thrown [s\src\hotspot\share\interpreter\linkResolver.cpp, line 773]
Event: 12.014 Thread 0x000001baf8273550 Exception <a 'java/lang/NoSuchMethodError'{0x00000000d5ab8cc0}: 'int java.lang.invoke.DirectMethodHandle$Holder.invokeStaticInit(java.lang.Object, double, double)'> (0x00000000d5ab8cc0) 
thrown [s\src\hotspot\share\interpreter\linkResolver.cpp, line 773]
Event: 12.015 Thread 0x000001baf8273550 Exception <a 'java/lang/NoSuchMethodError'{0x00000000d5acbd08}: 'int java.lang.invoke.DirectMethodHandle$Holder.invokeStatic(java.lang.Object, long)'> (0x00000000d5acbd08) 
thrown [s\src\hotspot\share\interpreter\linkResolver.cpp, line 773]
Event: 12.020 Thread 0x000001baf8273550 Exception <a 'java/lang/NoSuchMethodError'{0x00000000d5c92f60}: 'int java.lang.invoke.Invokers$Holder.linkToTargetMethod(java.lang.Object, java.lang.Object)'> (0x00000000d5c92f60) 
thrown [s\src\hotspot\share\interpreter\linkResolver.cpp, line 773]
Event: 12.022 Thread 0x000001baf8272ec0 Exception <a 'java/lang/NoSuchMethodError'{0x00000000d5d3fb88}: 'int java.lang.invoke.DirectMethodHandle$Holder.invokeSpecial(java.lang.Object, java.lang.Object, java.lang.Object, java.lang.Object)'> (0x00000000d5d3fb88) 
thrown [s\src\hotspot\share\interpreter\linkResolver.cpp, line 773]
Event: 12.024 Thread 0x000001baf8272ec0 Exception <a 'java/lang/NoSuchMethodError'{0x00000000d5dcef90}: 'java.lang.Object java.lang.invoke.DirectMethodHandle$Holder.invokeStatic(java.lang.Object, int, java.lang.Object, java.lang.Object)'> (0x00000000d5dcef90) 
thrown [s\src\hotspot\share\interpreter\linkResolver.cpp, line 773]
Event: 12.024 Thread 0x000001baf8272ec0 Exception <a 'java/lang/NoSuchMethodError'{0x00000000d5dddd00}: 'java.lang.Object java.lang.invoke.DelegatingMethodHandle$Holder.delegate(java.lang.Object, int, java.lang.Object, java.lang.Object)'> (0x00000000d5dddd00) 
thrown [s\src\hotspot\share\interpreter\linkResolver.cpp, line 773]
Event: 12.027 Thread 0x000001baf8272ec0 Exception <a 'java/lang/NoSuchMethodError'{0x00000000d5e78c00}: 'int java.lang.invoke.Invokers$Holder.linkToTargetMethod(java.lang.Object, java.lang.Object, java.lang.Object)'> (0x00000000d5e78c00) 
thrown [s\src\hotspot\share\interpreter\linkResolver.cpp, line 773]
Event: 12.073 Thread 0x000001baf8273550 Exception <a 'java/lang/NoSuchMethodError'{0x00000000d62d3088}: 'java.lang.Object java.lang.invoke.DirectMethodHandle$Holder.invokeSpecialIFC(java.lang.Object, java.lang.Object, java.lang.Object, java.lang.Object)'> (0x00000000d62d3088) 
thrown [s\src\hotspot\share\interpreter\linkResolver.cpp, line 773]
Event: 12.435 Thread 0x000001baf3cb0bf0 Exception <a 'java/io/FileNotFoundException'{0x00000000d659ab88}> (0x00000000d659ab88) 
thrown [s\src\hotspot\share\prims\jni.cpp, line 520]
Event: 12.435 Thread 0x000001baf3cb0bf0 Exception <a 'java/io/FileNotFoundException'{0x00000000d659bb80}> (0x00000000d659bb80) 
thrown [s\src\hotspot\share\prims\jni.cpp, line 520]
Event: 12.463 Thread 0x000001baf8273550 Exception <a 'java/lang/NoClassDefFoundError'{0x00000000d6768e48}: javax/enterprise/inject/Typed> (0x00000000d6768e48) 
thrown [s\src\hotspot\share\classfile\systemDictionary.cpp, line 302]
Event: 12.689 Thread 0x000001baf3cb0bf0 Exception <a 'java/lang/NoSuchMethodError'{0x00000000d60a4fb0}: 'java.lang.Object java.lang.invoke.DirectMethodHandle$Holder.invokeStaticInit(java.lang.Object, int, int, int, int)'> (0x00000000d60a4fb0) 
thrown [s\src\hotspot\share\interpreter\linkResolver.cpp, line 773]
Event: 12.732 Thread 0x000001baf3cb0bf0 Exception <a 'java/lang/NoSuchMethodError'{0x00000000d647b350}: 'java.lang.Object java.lang.invoke.DirectMethodHandle$Holder.invokeStaticInit(java.lang.Object, java.lang.Object, int, int, int, int)'> (0x00000000d647b350) 
thrown [s\src\hotspot\share\interpreter\linkResolver.cpp, line 773]
Event: 12.856 Thread 0x000001baf3cb0bf0 Exception <a 'java/lang/ClassNotFoundException'{0x00000000d5946748}: com/sun/org/apache/xml/internal/serializer/spi/XMLEntitiesProvider> (0x00000000d5946748) 
thrown [s\src\hotspot\share\classfile\systemDictionary.cpp, line 313]
Event: 13.029 Thread 0x000001baf3cb0bf0 Exception <a 'java/io/FileNotFoundException'{0x00000000d6515d30}> (0x00000000d6515d30) 
thrown [s\src\hotspot\share\prims\jni.cpp, line 520]

ZGC Phase Switch (0 events):
No events

VM Operations (20 events):
Event: 12.159 Executing safepoint VM operation: ParallelGCFailedAllocation (Allocation Failure)
Event: 12.161 Executing safepoint VM operation: ParallelGCFailedAllocation (Allocation Failure) done
Event: 12.362 Executing safepoint VM operation: ParallelGCFailedAllocation (Allocation Failure)
Event: 12.363 Executing safepoint VM operation: ParallelGCFailedAllocation (Allocation Failure) done
Event: 12.452 Executing non-safepoint VM operation: HandshakeAllThreads (Deoptimize)
Event: 12.452 Executing non-safepoint VM operation: HandshakeAllThreads (Deoptimize) done
Event: 12.534 Executing safepoint VM operation: ParallelGCFailedAllocation (Allocation Failure)
Event: 12.538 Executing safepoint VM operation: ParallelGCFailedAllocation (Allocation Failure) done
Event: 12.661 Executing non-safepoint VM operation: HandshakeAllThreads (Deoptimize)
Event: 12.661 Executing non-safepoint VM operation: HandshakeAllThreads (Deoptimize) done
Event: 12.714 Executing non-safepoint VM operation: HandshakeAllThreads (Deoptimize)
Event: 12.714 Executing non-safepoint VM operation: HandshakeAllThreads (Deoptimize) done
Event: 12.815 Executing safepoint VM operation: ParallelGCFailedAllocation (Allocation Failure)
Event: 12.818 Executing safepoint VM operation: ParallelGCFailedAllocation (Allocation Failure) done
Event: 12.896 Executing non-safepoint VM operation: HandshakeAllThreads (Deoptimize)
Event: 12.896 Executing non-safepoint VM operation: HandshakeAllThreads (Deoptimize) done
Event: 12.977 Executing non-safepoint VM operation: HandshakeAllThreads (Deoptimize)
Event: 12.977 Executing non-safepoint VM operation: HandshakeAllThreads (Deoptimize) done
Event: 13.987 Executing safepoint VM operation: Cleanup
Event: 14.126 Executing safepoint VM operation: Cleanup done

Memory protections (0 events):
No events

Nmethod flushes (0 events):
No events

Events (20 events):
Event: 0.239 Thread 0x000001ba991dc420 Thread added: 0x000001baf29aee40
Event: 0.598 Thread 0x000001ba991dc420 Thread added: 0x000001baf2adcbd0
Event: 1.446 Thread 0x000001baf27f89f0 Thread added: 0x000001baf3a6a800
Event: 2.020 Thread 0x000001ba991dc420 Thread added: 0x000001baf3cf9480
Event: 2.363 Thread 0x000001ba991dc420 Thread added: 0x000001baf8276920
Event: 2.496 Thread 0x000001baf3a6a800 Thread exited: 0x000001baf3a6a800
Event: 2.653 Thread 0x000001baf8276920 Thread added: 0x000001baf3cad950
Event: 2.663 Thread 0x000001ba991dc420 Thread added: 0x000001baf3cb0bf0
Event: 2.989 Thread 0x000001baf27f89f0 Thread added: 0x000001baf3eb1bc0
Event: 3.416 Thread 0x000001baf3cb0bf0 Thread added: 0x000001baf89fb030
Event: 3.929 Thread 0x000001baf3eb1bc0 Thread exited: 0x000001baf3eb1bc0
Event: 5.540 Thread 0x000001baf3cb0bf0 Thread added: 0x000001baf8b600f0
Event: 6.360 Thread 0x000001baf3cb0bf0 Thread added: 0x000001baf3aa5700
Event: 7.852 Thread 0x000001baf3cb0bf0 Thread added: 0x000001baf8272ec0
Event: 7.896 Thread 0x000001baf3cb0bf0 Thread added: 0x000001baf8273550
Event: 8.947 Thread 0x000001baf27f89f0 Thread added: 0x000001baf2a7db00
Event: 11.997 Thread 0x000001baf8272ec0 Thread added: 0x000001baf8273be0
Event: 12.000 Thread 0x000001baf8273be0 Thread added: 0x000001baf8274270
Event: 12.622 Thread 0x000001baf3cb0bf0 Thread added: 0x000001baf81f8170
Event: 15.125 Thread 0x000001baf27f89f0 Thread added: 0x000001bafa8689b0


Dynamic libraries:
0x00007ff6b6fa0000 - 0x00007ff6b6fae000 	c:\Users\Admin\.vscode\extensions\redhat.java-1.55.0-win32-x64\jre\21.0.11-win32-x86_64\bin\java.exe
0x00007ffd855f0000 - 0x00007ffd85845000 	C:\Windows\SYSTEM32\ntdll.dll
0x00007ffd841a0000 - 0x00007ffd84267000 	C:\Windows\System32\KERNEL32.DLL
0x00007ffd83100000 - 0x00007ffd834a0000 	C:\Windows\System32\KERNELBASE.dll
0x00007ffd68a30000 - 0x00007ffd68a48000 	c:\Users\Admin\.vscode\extensions\redhat.java-1.55.0-win32-x64\jre\21.0.11-win32-x86_64\bin\jli.dll
0x00007ffd82f10000 - 0x00007ffd8305a000 	C:\Windows\System32\ucrtbase.dll
0x00007ffd85000000 - 0x00007ffd851bf000 	C:\Windows\System32\USER32.dll
0x00007ffd82ca0000 - 0x00007ffd82cc7000 	C:\Windows\System32\win32u.dll
0x00007ffd68a10000 - 0x00007ffd68a2e000 	c:\Users\Admin\.vscode\extensions\redhat.java-1.55.0-win32-x64\jre\21.0.11-win32-x86_64\bin\VCRUNTIME140.dll
0x00007ffd84fa0000 - 0x00007ffd84fca000 	C:\Windows\System32\GDI32.dll
0x00007ffd74390000 - 0x00007ffd74620000 	C:\Windows\WinSxS\amd64_microsoft.windows.common-controls_6595b64144ccf1df_6.0.26100.1_none_fc2d3fda0fd46076\COMCTL32.dll
0x00007ffd82ac0000 - 0x00007ffd82be1000 	C:\Windows\System32\gdi32full.dll
0x00007ffd85410000 - 0x00007ffd854b9000 	C:\Windows\System32\msvcrt.dll
0x00007ffd82bf0000 - 0x00007ffd82c93000 	C:\Windows\System32\msvcp_win.dll
0x00007ffd84450000 - 0x00007ffd8447f000 	C:\Windows\System32\IMM32.DLL
0x00007ffd7dc70000 - 0x00007ffd7dc7c000 	c:\Users\Admin\.vscode\extensions\redhat.java-1.55.0-win32-x64\jre\21.0.11-win32-x86_64\bin\vcruntime140_1.dll
0x00007ffd443b0000 - 0x00007ffd4443d000 	c:\Users\Admin\.vscode\extensions\redhat.java-1.55.0-win32-x64\jre\21.0.11-win32-x86_64\bin\msvcp140.dll
0x00007ffcec200000 - 0x00007ffcecfa2000 	c:\Users\Admin\.vscode\extensions\redhat.java-1.55.0-win32-x64\jre\21.0.11-win32-x86_64\bin\server\jvm.dll
0x00007ffd84390000 - 0x00007ffd84442000 	C:\Windows\System32\ADVAPI32.dll
0x00007ffd83d30000 - 0x00007ffd83dd6000 	C:\Windows\System32\sechost.dll
0x00007ffd84490000 - 0x00007ffd845a9000 	C:\Windows\System32\RPCRT4.dll
0x00007ffd84630000 - 0x00007ffd846a4000 	C:\Windows\System32\WS2_32.dll
0x00007ffd828e0000 - 0x00007ffd8292e000 	C:\Windows\SYSTEM32\POWRPROF.dll
0x00007ffd796b0000 - 0x00007ffd796e6000 	C:\Windows\SYSTEM32\WINMM.dll
0x00007ffd7b900000 - 0x00007ffd7b90b000 	C:\Windows\SYSTEM32\VERSION.dll
0x00007ffd828c0000 - 0x00007ffd828d4000 	C:\Windows\SYSTEM32\UMPDC.dll
0x00007ffd81920000 - 0x00007ffd8193a000 	C:\Windows\SYSTEM32\kernel.appcore.dll
0x00007ffd7d440000 - 0x00007ffd7d44a000 	c:\Users\Admin\.vscode\extensions\redhat.java-1.55.0-win32-x64\jre\21.0.11-win32-x86_64\bin\jimage.dll
0x00007ffd7abb0000 - 0x00007ffd7adf1000 	C:\Windows\SYSTEM32\DBGHELP.DLL
0x00007ffd846b0000 - 0x00007ffd84a25000 	C:\Windows\System32\combase.dll
0x00007ffd834b0000 - 0x00007ffd83586000 	C:\Windows\System32\OLEAUT32.dll
0x00007ffd5d760000 - 0x00007ffd5d799000 	C:\Windows\SYSTEM32\dbgcore.DLL
0x00007ffd83060000 - 0x00007ffd830f9000 	C:\Windows\System32\bcryptPrimitives.dll
0x00007ffd60130000 - 0x00007ffd6013f000 	c:\Users\Admin\.vscode\extensions\redhat.java-1.55.0-win32-x64\jre\21.0.11-win32-x86_64\bin\instrument.dll
0x00007ffd68090000 - 0x00007ffd680b0000 	c:\Users\Admin\.vscode\extensions\redhat.java-1.55.0-win32-x64\jre\21.0.11-win32-x86_64\bin\java.dll
0x00007ffd83640000 - 0x00007ffd83d26000 	C:\Windows\System32\SHELL32.dll
0x00007ffd808c0000 - 0x00007ffd810eb000 	C:\Windows\SYSTEM32\windows.storage.dll
0x00007ffd84a40000 - 0x00007ffd84b13000 	C:\Windows\System32\SHCORE.dll
0x00007ffd84330000 - 0x00007ffd8438d000 	C:\Windows\System32\shlwapi.dll
0x00007ffd82960000 - 0x00007ffd82984000 	C:\Windows\SYSTEM32\profapi.dll
0x00007ffd63040000 - 0x00007ffd63058000 	c:\Users\Admin\.vscode\extensions\redhat.java-1.55.0-win32-x64\jre\21.0.11-win32-x86_64\bin\zip.dll
0x00007ffd6b410000 - 0x00007ffd6b420000 	C:\Users\Admin\.vscode\extensions\redhat.java-1.55.0-win32-x64\jre\21.0.11-win32-x86_64\bin\net.dll
0x00007ffd7c120000 - 0x00007ffd7c23d000 	C:\Windows\SYSTEM32\WINHTTP.dll
0x00007ffd81e50000 - 0x00007ffd81eb8000 	C:\Windows\system32\mswsock.dll
0x00007ffd5f430000 - 0x00007ffd5f446000 	C:\Users\Admin\.vscode\extensions\redhat.java-1.55.0-win32-x64\jre\21.0.11-win32-x86_64\bin\nio.dll
0x00007ffd5f520000 - 0x00007ffd5f530000 	c:\Users\Admin\.vscode\extensions\redhat.java-1.55.0-win32-x64\jre\21.0.11-win32-x86_64\bin\verify.dll
0x00007ffcf30e0000 - 0x00007ffcf3125000 	C:\Users\Admin\AppData\Roaming\Code\User\globalStorage\redhat.java\1.55.0\config_win\org.eclipse.equinox.launcher\org.eclipse.equinox.launcher.win32.win32.x86_64_1.3.100.v20260613-0559\eclipse_11924.dll
0x00007ffd83df0000 - 0x00007ffd83f85000 	C:\Windows\System32\ole32.dll
0x00007ffd820d0000 - 0x00007ffd820ec000 	C:\Windows\SYSTEM32\CRYPTSP.dll
0x00007ffd81880000 - 0x00007ffd818b8000 	C:\Windows\system32\rsaenh.dll
0x00007ffd81ef0000 - 0x00007ffd81f1b000 	C:\Windows\SYSTEM32\USERENV.dll
0x00007ffd82310000 - 0x00007ffd82336000 	C:\Windows\SYSTEM32\bcrypt.dll
0x00007ffd820f0000 - 0x00007ffd820fc000 	C:\Windows\SYSTEM32\CRYPTBASE.dll
0x00007ffd81380000 - 0x00007ffd813b0000 	C:\Windows\SYSTEM32\IPHLPAPI.DLL
0x00007ffd84a30000 - 0x00007ffd84a3a000 	C:\Windows\System32\NSI.dll
0x00007ffcf69b0000 - 0x00007ffcf69f9000 	C:\Users\Admin\AppData\Local\Temp\jna-63116079\jna15523862876458351037.dll
0x00007ffd84ff0000 - 0x00007ffd84ff8000 	C:\Windows\System32\PSAPI.DLL

JVMTI agents:
c:\Users\Admin\.vscode\extensions\redhat.java-1.55.0-win32-x64\lombok\lombok-1.18.39-4050.jar path:c:\Users\Admin\.vscode\extensions\redhat.java-1.55.0-win32-x64\jre\21.0.11-win32-x86_64\bin\instrument.dll, loaded, initialized, instrumentlib options:none

dbghelp: loaded successfully - version: 4.0.5 - missing functions: none
symbol engine: initialized successfully - sym options: 0x614 - pdb path: .;c:\Users\Admin\.vscode\extensions\redhat.java-1.55.0-win32-x64\jre\21.0.11-win32-x86_64\bin;C:\Windows\SYSTEM32;C:\Windows\WinSxS\amd64_microsoft.windows.common-controls_6595b64144ccf1df_6.0.26100.1_none_fc2d3fda0fd46076;c:\Users\Admin\.vscode\extensions\redhat.java-1.55.0-win32-x64\jre\21.0.11-win32-x86_64\bin\server;C:\Users\Admin\AppData\Roaming\Code\User\globalStorage\redhat.java\1.55.0\config_win\org.eclipse.equinox.launcher\org.eclipse.equinox.launcher.win32.win32.x86_64_1.3.100.v20260613-0559;C:\Users\Admin\AppData\Local\Temp\jna-63116079

VM Arguments:
jvm_args: --add-modules=ALL-SYSTEM --add-opens=java.base/java.util=ALL-UNNAMED --add-opens=java.base/java.lang=ALL-UNNAMED --add-opens=java.base/sun.nio.fs=ALL-UNNAMED -Declipse.application=org.eclipse.jdt.ls.core.id1 -Dosgi.bundles.defaultStartLevel=4 -Declipse.product=org.eclipse.jdt.ls.core.product -Djava.import.generatesMetadataFilesAtProjectRoot=false -DDetectVMInstallationsJob.disabled=true -Dfile.encoding=utf8 -XX:+UseParallelGC -XX:GCTimeRatio=4 -XX:AdaptiveSizePolicyWeight=90 -Dsun.zip.disableMemoryMapping=true -Xmx2G -Xms100m -Xlog:disable -javaagent:c:\Users\Admin\.vscode\extensions\redhat.java-1.55.0-win32-x64\lombok\lombok-1.18.39-4050.jar -XX:+HeapDumpOnOutOfMemoryError -XX:HeapDumpPath=c:\Users\Admin\AppData\Roaming\Code\User\workspaceStorage\801ed1664cc344b479297c66898efbba\redhat.java -Daether.dependencyCollector.impl=bf 
java_command: c:\Users\Admin\.vscode\extensions\redhat.java-1.55.0-win32-x64\server\plugins\org.eclipse.equinox.launcher_1.7.200.v20260619-2039.jar -configuration c:\Users\Admin\AppData\Roaming\Code\User\globalStorage\redhat.java\1.55.0\config_win -data c:\Users\Admin\AppData\Roaming\Code\User\workspaceStorage\801ed1664cc344b479297c66898efbba\redhat.java\jdt_ws --pipe=\\.\pipe\lsp-859418cde79139dc2907fb2e5df0f76c-sock
java_class_path (initial): c:\Users\Admin\.vscode\extensions\redhat.java-1.55.0-win32-x64\server\plugins\org.eclipse.equinox.launcher_1.7.200.v20260619-2039.jar
Launcher Type: SUN_STANDARD

[Global flags]
    uintx AdaptiveSizePolicyWeight                 = 90                                        {product} {command line}
     intx CICompilerCount                          = 4                                         {product} {ergonomic}
    uintx GCTimeRatio                              = 4                                         {product} {command line}
     bool HeapDumpOnOutOfMemoryError               = true                                   {manageable} {command line}
    ccstr HeapDumpPath                             = c:\Users\Admin\AppData\Roaming\Code\User\workspaceStorage\801ed1664cc344b479297c66898efbba\redhat.java         {manageable} {command line}
   size_t InitialHeapSize                          = 104857600                                 {product} {command line}
   size_t MaxHeapSize                              = 2147483648                                {product} {command line}
   size_t MaxNewSize                               = 715653120                                 {product} {ergonomic}
   size_t MinHeapDeltaBytes                        = 524288                                    {product} {ergonomic}
   size_t MinHeapSize                              = 104857600                                 {product} {command line}
   size_t NewSize                                  = 34603008                                  {product} {ergonomic}
    uintx NonNMethodCodeHeapSize                   = 5839372                                {pd product} {ergonomic}
    uintx NonProfiledCodeHeapSize                  = 122909434                              {pd product} {ergonomic}
   size_t OldSize                                  = 70254592                                  {product} {ergonomic}
    uintx ProfiledCodeHeapSize                     = 122909434                              {pd product} {ergonomic}
    uintx ReservedCodeCacheSize                    = 251658240                              {pd product} {ergonomic}
     bool SegmentedCodeCache                       = true                                      {product} {ergonomic}
   size_t SoftMaxHeapSize                          = 2147483648                             {manageable} {ergonomic}
     bool UseCompressedOops                        = true                           {product lp64_product} {ergonomic}
     bool UseLargePagesIndividualAllocation        = false                                  {pd product} {ergonomic}
     bool UseParallelGC                            = true                                      {product} {command line}

Logging:
Log output configuration:
 #0: stdout all=off uptime,level,tags foldmultilines=false
 #1: stderr all=off uptime,level,tags foldmultilines=false

Release file:
JAVA_VERSION="21.0.11" 
MODULES="java.base java.compiler java.datatransfer java.xml java.prefs java.desktop java.instrument java.logging java.management java.security.sasl java.naming java.rmi java.management.rmi java.net.http java.scripting java.security.jgss java.transaction.xa java.sql java.sql.rowset java.xml.crypto java.se java.smartcardio jdk.accessibility jdk.internal.jvmstat jdk.attach jdk.charsets jdk.internal.opt jdk.zipfs jdk.compiler jdk.crypto.ec jdk.crypto.cryptoki jdk.crypto.mscapi jdk.dynalink jdk.internal.ed jdk.editpad jdk.hotspot.agent jdk.httpserver jdk.internal.le jdk.internal.vm.ci jdk.internal.vm.compiler jdk.internal.vm.compiler.management jdk.jartool jdk.javadoc jdk.jcmd jdk.management jdk.management.agent jdk.jconsole jdk.jdeps jdk.jdwp.agent jdk.jdi jdk.jfr jdk.jshell jdk.jsobject jdk.jstatd jdk.localedata jdk.management.jfr jdk.naming.dns jdk.naming.rmi jdk.net jdk.nio.mapmode jdk.random jdk.sctp jdk.security.auth jdk.security.jgss jdk.unsupported jdk.unsupported.desktop jdk.xml.dom" 

Environment Variables:
JAVA_HOME=C:\Program Files\Java\jdk-17
PATH=C:\Program Files\Python314\Scripts\;C:\Program Files\Python314\;C:\Windows\system32;C:\Windows;C:\Windows\System32\Wbem;C:\Windows\System32\WindowsPowerShell\v1.0\;C:\Windows\System32\OpenSSH\;C:\Program Files\Git\cmd;C:\Program Files\dotnet\;%ANDROID_HOME%\platform-tools;%ANDROID_HOME%\cmdline-tools\latest\bin;%ANDROID_HOME%\emulator;%JAVA_HOME%\bin;C:\Program Files\nodejs\;C:\Users\Admin\AppData\Local\Microsoft\WindowsApps;C:\flutter\bin;C:\Users\Admin\.dotnet\tools;C:\Users\Admin\AppData\Local\Android\Sdk\platform-tools;C:\Users\Admin\AppData\Local\Programs\Microsoft VS Code\bin;C:\Users\Admin\AppData\Roaming\npm
USERNAME=Admin
OS=Windows_NT
PROCESSOR_IDENTIFIER=AMD64 Family 23 Model 96 Stepping 1, AuthenticAMD
TMP=C:\Users\Admin\AppData\Local\Temp
TEMP=C:\Users\Admin\AppData\Local\Temp




Periodic native trim disabled

---------------  S Y S T E M  ---------------

OS:
 Windows 11 , 64 bit Build 26100 (10.0.26100.1)
OS uptime: 0 days 0:08 hours

CPU: total 12 (initial active 12) (12 cores per cpu, 2 threads per core) family 23 model 96 stepping 1 microcode 0x8600106, cx8, cmov, fxsr, ht, mmx, 3dnowpref, sse, sse2, sse3, ssse3, sse4a, sse4.1, sse4.2, popcnt, lzcnt, tsc, tscinvbit, avx, avx2, aes, clmul, bmi1, bmi2, adx, sha, fma, vzeroupper, clflush, clflushopt, rdtscp, rdpid, f16c
Processor Information for the first 12 processors :
  Max Mhz: 3001, Current Mhz: 2011, Mhz Limit: 3001

Memory: 4k page, system-wide physical 7598M (852M free)
TotalPageFile size 13742M (AvailPageFile size 4M)
current process WorkingSet (physical memory assigned to process): 191M, peak: 192M
current process commit charge ("private bytes"): 325M, peak: 326M

vm_info: OpenJDK 64-Bit Server VM (21.0.11+10-LTS) for windows-amd64 JRE (21.0.11+10-LTS), built on 2026-04-21T00:00:00Z by "admin" with MS VC++ 17.12 (VS2022)

END.
