#
# There is insufficient memory for the Java Runtime Environment to continue.
# Native memory allocation (malloc) failed to allocate 1510896 bytes. Error detail: Chunk::new
# Possible reasons:
#   The system is out of physical RAM or swap space
#   This process is running with CompressedOops enabled, and the Java Heap may be blocking the growth of the native heap
# Possible solutions:
#   Reduce memory load on the system
#   Increase physical memory or swap space
#   Check if swap backing store is full
#   Decrease Java heap size (-Xmx/-Xms)
#   Decrease number of Java threads
#   Decrease Java thread stack sizes (-Xss)
#   Set larger code cache with -XX:ReservedCodeCacheSize=
#   JVM is running with Unscaled Compressed Oops mode in which the Java heap is
#     placed in the first 4GB address space. The Java Heap base address is the
#     maximum limit for the native heap growth. Please use -XX:HeapBaseMinAddress
#     to set the Java Heap base and to place the Java Heap above 4GB virtual address.
# This output file may be truncated or incomplete.
#
#  Out of Memory Error (arena.cpp:168), pid=1936, tid=3276
#
# JRE version: OpenJDK Runtime Environment Temurin-21.0.11+10 (21.0.11+10) (build 21.0.11+10-LTS)
# Java VM: OpenJDK 64-Bit Server VM Temurin-21.0.11+10 (21.0.11+10-LTS, mixed mode, sharing, tiered, compressed oops, compressed class ptrs, parallel gc, windows-amd64)
# No core dump will be written. Minidumps are not enabled by default on client versions of Windows
#

---------------  S U M M A R Y ------------

Command Line: --add-modules=ALL-SYSTEM --add-opens=java.base/java.util=ALL-UNNAMED --add-opens=java.base/java.lang=ALL-UNNAMED --add-opens=java.base/sun.nio.fs=ALL-UNNAMED -Declipse.application=org.eclipse.jdt.ls.core.id1 -Dosgi.bundles.defaultStartLevel=4 -Declipse.product=org.eclipse.jdt.ls.core.product -Djava.import.generatesMetadataFilesAtProjectRoot=false -DDetectVMInstallationsJob.disabled=true -Dfile.encoding=utf8 -XX:+UseParallelGC -XX:GCTimeRatio=4 -XX:AdaptiveSizePolicyWeight=90 -Dsun.zip.disableMemoryMapping=true -Xmx2G -Xms100m -Xlog:disable -javaagent:c:\Users\Admin\.vscode\extensions\redhat.java-1.55.0-win32-x64\lombok\lombok-1.18.39-4050.jar -XX:+HeapDumpOnOutOfMemoryError -XX:HeapDumpPath=c:\Users\Admin\AppData\Roaming\Code\User\workspaceStorage\801ed1664cc344b479297c66898efbba\redhat.java -Daether.dependencyCollector.impl=bf c:\Users\Admin\.vscode\extensions\redhat.java-1.55.0-win32-x64\server\plugins\org.eclipse.equinox.launcher_1.7.200.v20260619-2039.jar -configuration c:\Users\Admin\AppData\Roaming\Code\User\globalStorage\redhat.java\1.55.0\config_win -data c:\Users\Admin\AppData\Roaming\Code\User\workspaceStorage\801ed1664cc344b479297c66898efbba\redhat.java\jdt_ws --pipe=\\.\pipe\lsp-20f038b600ab04ee787a1de8ad58ec69-sock

Host: AMD Ryzen 5 4600H with Radeon Graphics         , 12 cores, 7G,  Windows 11 , 64 bit Build 26100 (10.0.26100.1)
Time: Mon Jul  6 13:44:56 2026 Malay Peninsula Standard Time elapsed time: 13.059775 seconds (0d 0h 0m 13s)

---------------  T H R E A D  ---------------

Current thread (0x0000020fd03f5eb0):  JavaThread "C2 CompilerThread0" daemon [_thread_in_native, id=3276, stack(0x000000bfc2700000,0x000000bfc2800000) (1024K)]


Current CompileTask:
C2:13059 3742       4       org.lombokweb.asm.ClassReader::readMethod (1070 bytes)

Stack: [0x000000bfc2700000,0x000000bfc2800000]
Native frames: (J=compiled Java code, j=interpreted, Vv=VM code, C=native code)
V  [jvm.dll+0x6d7e19]
V  [jvm.dll+0x8b5096]
V  [jvm.dll+0x8b764e]
V  [jvm.dll+0x8b7d33]
V  [jvm.dll+0x284596]
V  [jvm.dll+0xc685d]
V  [jvm.dll+0xc6da1]
V  [jvm.dll+0x3bed31]
V  [jvm.dll+0x1e3f42]
V  [jvm.dll+0x24c853]
V  [jvm.dll+0x24bce0]
V  [jvm.dll+0x1cb4ae]
V  [jvm.dll+0x25baad]
V  [jvm.dll+0x25a03a]
V  [jvm.dll+0x3f868e]
V  [jvm.dll+0x85fb0d]
V  [jvm.dll+0x6d664d]
C  [ucrtbase.dll+0x43340]
C  [KERNEL32.DLL+0x31fd7]
C  [ntdll.dll+0x6d7d0]


---------------  P R O C E S S  ---------------

Threads class SMR info:
_java_thread_list=0x0000020fedaa0f80, length=25, elements={
0x0000020fd033d190, 0x0000020fd03defd0, 0x0000020fd03e1d70, 0x0000020fd03e48d0,
0x0000020fd03e5530, 0x0000020fd03eb950, 0x0000020fd03ec4e0, 0x0000020fd03f5eb0,
0x0000020fe805a390, 0x0000020fe82ac590, 0x0000020fe83c4150, 0x0000020feda3e200,
0x0000020fed9d2f30, 0x0000020fed50ec20, 0x0000020fedc02c30, 0x0000020fede8b7e0,
0x0000020fee53ba10, 0x0000020feddc9f70, 0x0000020fed6a38d0, 0x0000020fed6a3f60,
0x0000020fee2d5d70, 0x0000020fedf735a0, 0x0000020fed6a45f0, 0x0000020fed6a3240,
0x0000020fef8c12c0
}

Java Threads: ( => current thread )
  0x0000020fd033d190 JavaThread "main"                              [_thread_blocked, id=15560, stack(0x000000bfc1d00000,0x000000bfc1e00000) (1024K)]
  0x0000020fd03defd0 JavaThread "Reference Handler"          daemon [_thread_blocked, id=17212, stack(0x000000bfc2100000,0x000000bfc2200000) (1024K)]
  0x0000020fd03e1d70 JavaThread "Finalizer"                  daemon [_thread_blocked, id=15992, stack(0x000000bfc2200000,0x000000bfc2300000) (1024K)]
  0x0000020fd03e48d0 JavaThread "Signal Dispatcher"          daemon [_thread_blocked, id=12904, stack(0x000000bfc2300000,0x000000bfc2400000) (1024K)]
  0x0000020fd03e5530 JavaThread "Attach Listener"            daemon [_thread_blocked, id=12656, stack(0x000000bfc2400000,0x000000bfc2500000) (1024K)]
  0x0000020fd03eb950 JavaThread "Service Thread"             daemon [_thread_blocked, id=16256, stack(0x000000bfc2500000,0x000000bfc2600000) (1024K)]
  0x0000020fd03ec4e0 JavaThread "Monitor Deflation Thread"   daemon [_thread_blocked, id=16876, stack(0x000000bfc2600000,0x000000bfc2700000) (1024K)]
=>0x0000020fd03f5eb0 JavaThread "C2 CompilerThread0"         daemon [_thread_in_native, id=3276, stack(0x000000bfc2700000,0x000000bfc2800000) (1024K)]
  0x0000020fe805a390 JavaThread "C1 CompilerThread0"         daemon [_thread_in_vm, id=5768, stack(0x000000bfc2800000,0x000000bfc2900000) (1024K)]
  0x0000020fe82ac590 JavaThread "Common-Cleaner"             daemon [_thread_blocked, id=15248, stack(0x000000bfc2a00000,0x000000bfc2b00000) (1024K)]
  0x0000020fe83c4150 JavaThread "Notification Thread"        daemon [_thread_blocked, id=14384, stack(0x000000bfc2b00000,0x000000bfc2c00000) (1024K)]
  0x0000020feda3e200 JavaThread "Active Thread: Equinox Container: 2c79025f-dcc7-4190-8677-615ae0fdd112"        [_thread_blocked, id=17564, stack(0x000000bfc2c00000,0x000000bfc2d00000) (1024K)]
  0x0000020fed9d2f30 JavaThread "Refresh Thread: Equinox Container: 2c79025f-dcc7-4190-8677-615ae0fdd112" daemon [_thread_blocked, id=17644, stack(0x000000bfc3400000,0x000000bfc3500000) (1024K)]
  0x0000020fed50ec20 JavaThread "Framework Event Dispatcher: Equinox Container: 2c79025f-dcc7-4190-8677-615ae0fdd112" daemon [_thread_blocked, id=17720, stack(0x000000bfc3500000,0x000000bfc3600000) (1024K)]
  0x0000020fedc02c30 JavaThread "Start Level: Equinox Container: 2c79025f-dcc7-4190-8677-615ae0fdd112" daemon [_thread_blocked, id=17752, stack(0x000000bfc3600000,0x000000bfc3700000) (1024K)]
  0x0000020fede8b7e0 JavaThread "Bundle File Closer"         daemon [_thread_blocked, id=17816, stack(0x000000bfc3900000,0x000000bfc3a00000) (1024K)]
  0x0000020fee53ba10 JavaThread "SCR Component Actor"        daemon [_thread_blocked, id=18096, stack(0x000000bfc2900000,0x000000bfc2a00000) (1024K)]
  0x0000020feddc9f70 JavaThread "Worker-JM"                         [_thread_blocked, id=18308, stack(0x000000bfc3c00000,0x000000bfc3d00000) (1024K)]
  0x0000020fed6a38d0 JavaThread "Worker-0: Updating Maven Dependencies"        [_thread_blocked, id=18396, stack(0x000000bfc3b00000,0x000000bfc3c00000) (1024K)]
  0x0000020fed6a3f60 JavaThread "Worker-1: Repository registry initialization"        [_thread_blocked, id=18400, stack(0x000000bfc3a00000,0x000000bfc3b00000) (1024K)]
  0x0000020fee2d5d70 JavaThread "C2 CompilerThread1"         daemon [_thread_in_vm, id=4452, stack(0x000000bfc3d00000,0x000000bfc3e00000) (1024K)]
  0x0000020fedf735a0 JavaThread "C2 CompilerThread2"         daemon [_thread_blocked, id=2152, stack(0x000000bfc3e00000,0x000000bfc3f00000) (1024K)]
  0x0000020fed6a45f0 JavaThread "Java indexing"              daemon [_thread_blocked, id=16948, stack(0x000000bfc3f00000,0x000000bfc4000000) (1024K)]
  0x0000020fed6a3240 JavaThread "Worker-2"                          [_thread_blocked, id=6852, stack(0x000000bfc4000000,0x000000bfc4100000) (1024K)]
  0x0000020fef8c12c0 JavaThread "Worker-3"                          [_thread_blocked, id=17420, stack(0x000000bfc4100000,0x000000bfc4200000) (1024K)]
Total: 25

Other Threads:
  0x0000020fd02d4980 VMThread "VM Thread"                           [id=7216, stack(0x000000bfc2000000,0x000000bfc2100000) (1024K)]
  0x0000020fd01cca10 WatcherThread "VM Periodic Task Thread"        [id=16816, stack(0x000000bfc1f00000,0x000000bfc2000000) (1024K)]
  0x0000020fd035ba20 WorkerThread "GC Thread#0"                     [id=6732, stack(0x000000bfc1e00000,0x000000bfc1f00000) (1024K)]
  0x0000020fed260d80 WorkerThread "GC Thread#1"                     [id=6084, stack(0x000000bfc2d00000,0x000000bfc2e00000) (1024K)]
  0x0000020fed695490 WorkerThread "GC Thread#2"                     [id=11424, stack(0x000000bfc2e00000,0x000000bfc2f00000) (1024K)]
  0x0000020fed3f07c0 WorkerThread "GC Thread#3"                     [id=15584, stack(0x000000bfc2f00000,0x000000bfc3000000) (1024K)]
  0x0000020fed3f0b70 WorkerThread "GC Thread#4"                     [id=17308, stack(0x000000bfc3000000,0x000000bfc3100000) (1024K)]
  0x0000020fed3632f0 WorkerThread "GC Thread#5"                     [id=2360, stack(0x000000bfc3100000,0x000000bfc3200000) (1024K)]
  0x0000020fed3f0f20 WorkerThread "GC Thread#6"                     [id=5488, stack(0x000000bfc3200000,0x000000bfc3300000) (1024K)]
  0x0000020fed506c40 WorkerThread "GC Thread#7"                     [id=17640, stack(0x000000bfc3300000,0x000000bfc3400000) (1024K)]
  0x0000020fee163c90 WorkerThread "GC Thread#8"                     [id=17804, stack(0x000000bfc3700000,0x000000bfc3800000) (1024K)]
  0x0000020fede12d90 WorkerThread "GC Thread#9"                     [id=17808, stack(0x000000bfc3800000,0x000000bfc3900000) (1024K)]
Total: 12

Threads with active compile tasks:
C2 CompilerThread0  13084 3742       4       org.lombokweb.asm.ClassReader::readMethod (1070 bytes)
C1 CompilerThread0  13084 4046       3       java.util.TreeMap::getEntry (77 bytes)
C2 CompilerThread1  13084 4004       4       java.lang.Class::getPackageName (81 bytes)
C2 CompilerThread2  13084 3995   !   4       org.eclipse.osgi.internal.loader.classpath.ClasspathManager::findClassImpl (328 bytes)
Total: 4

VM state: not at safepoint (normal execution)

VM Mutex/Monitor currently owned by a thread:  ([mutex/lock_event])
[0x00007ffc9560e070] MethodCompileQueue_lock - owner thread: 0x0000020fe805a390
[0x00007ffc9560f470] CodeCache_lock - owner thread: 0x0000020fe805a390
[0x00007ffc9560f5f0] Compile_lock - owner thread: 0x0000020fe805a390

Heap address: 0x0000000080000000, size: 2048 MB, Compressed Oops mode: 32-bit

CDS archive(s) mapped at: [0x0000020f80000000-0x0000020f80ba0000-0x0000020f80ba0000), size 12189696, SharedBaseAddress: 0x0000020f80000000, ArchiveRelocationMode: 1.
Compressed class space mapped at: 0x0000020f81000000-0x0000020fc1000000, reserved size: 1073741824
Narrow klass base: 0x0000020f80000000, Narrow klass shift: 0, Narrow klass range: 0x100000000

GC Precious Log:
 CardTable entry size: 512
 CPUs: 12 total, 12 available
 Memory: 7598M
 Large Page Support: Disabled
 NUMA Support: Disabled
 Compressed Oops: Enabled (32-bit)
 Alignments: Space 512K, Generation 512K, Heap 2M
 Heap Min Capacity: 100M
 Heap Initial Capacity: 100M
 Heap Max Capacity: 2G
 Pre-touch: Disabled
 Parallel Workers: 10

Heap:
 PSYoungGen      total 27136K, used 23732K [0x00000000d5580000, 0x00000000d7680000, 0x0000000100000000)
  eden space 23552K, 90% used [0x00000000d5580000,0x00000000d6a3c9f8,0x00000000d6c80000)
  from space 3584K, 69% used [0x00000000d6f80000,0x00000000d71f09f0,0x00000000d7300000)
  to   space 3072K, 0% used [0x00000000d7380000,0x00000000d7380000,0x00000000d7680000)
 ParOldGen       total 68608K, used 15244K [0x0000000080000000, 0x0000000084300000, 0x00000000d5580000)
  object space 68608K, 22% used [0x0000000080000000,0x0000000080ee3110,0x0000000084300000)
 Metaspace       used 28490K, committed 29440K, reserved 1114112K
  class space    used 2828K, committed 3264K, reserved 1048576K

Card table byte_map: [0x0000020fcfce0000,0x0000020fd00f0000] _byte_map_base: 0x0000020fcf8e0000

Marking Bits: (ParMarkBitMap*) 0x00007ffc95614460
 Begin Bits: [0x0000020fe27f0000, 0x0000020fe47f0000)
 End Bits:   [0x0000020fe47f0000, 0x0000020fe67f0000)

Polling page: 0x0000020fce150000

Metaspace:

Usage:
  Non-class:     25.06 MB used.
      Class:      2.76 MB used.
       Both:     27.82 MB used.

Virtual space:
  Non-class space:       64.00 MB reserved,      25.56 MB ( 40%) committed,  1 nodes.
      Class space:        1.00 GB reserved,       3.19 MB ( <1%) committed,  1 nodes.
             Both:        1.06 GB reserved,      28.75 MB (  3%) committed. 

Chunk freelists:
   Non-Class:  6.09 MB
       Class:  12.79 MB
        Both:  18.89 MB

MaxMetaspaceSize: unlimited
CompressedClassSpaceSize: 1.00 GB
Initial GC threshold: 21.00 MB
Current GC threshold: 35.00 MB
CDS: on
 - commit_granule_bytes: 65536.
 - commit_granule_words: 8192.
 - virtual_space_node_default_size: 8388608.
 - enlarge_chunks_in_place: 1.
 - use_allocation_guard: 0.


Internal statistics:

num_allocs_failed_limit: 3.
num_arena_births: 724.
num_arena_deaths: 14.
num_vsnodes_births: 2.
num_vsnodes_deaths: 0.
num_space_committed: 460.
num_space_uncommitted: 0.
num_chunks_returned_to_freelist: 17.
num_chunks_taken_from_freelist: 1864.
num_chunk_merges: 6.
num_chunk_splits: 1202.
num_chunks_enlarged: 733.
num_inconsistent_stats: 0.

CodeHeap 'non-profiled nmethods': size=120000Kb used=1846Kb max_used=1846Kb free=118154Kb
 bounds [0x0000020fdb010000, 0x0000020fdb280000, 0x0000020fe2540000]
CodeHeap 'profiled nmethods': size=120000Kb used=8509Kb max_used=8509Kb free=111490Kb
 bounds [0x0000020fd3540000, 0x0000020fd3d90000, 0x0000020fdaa70000]
CodeHeap 'non-nmethods': size=5760Kb used=1326Kb max_used=1359Kb free=4433Kb
 bounds [0x0000020fdaa70000, 0x0000020fdace0000, 0x0000020fdb010000]
CodeCache: size=245760Kb, used=11681Kb, max_used=11714Kb, free=234077Kb
 total_blobs=4650, nmethods=4035, adapters=521, full_count=0
Compilation: enabled, stopped_count=0, restarted_count=0

Compilation events (20 events):
Event: 10.987 Thread 0x0000020fe805a390 nmethod 4032 0x0000020fd3d8ae90 code [0x0000020fd3d8b020, 0x0000020fd3d8b188]
Event: 10.987 Thread 0x0000020fe805a390 4034       3       jdk.internal.loader.BuiltinClassLoader::findResourceOnClassPath (41 bytes)
Event: 10.987 Thread 0x0000020fe805a390 nmethod 4034 0x0000020fd3d8b210 code [0x0000020fd3d8b3e0, 0x0000020fd3d8b7c8]
Event: 10.987 Thread 0x0000020fe805a390 4031       3       java.nio.ByteBuffer::flip (7 bytes)
Event: 10.988 Thread 0x0000020fe805a390 nmethod 4031 0x0000020fd3d8b910 code [0x0000020fd3d8bac0, 0x0000020fd3d8bc40]
Event: 12.050 Thread 0x0000020fee2d5d70 nmethod 3994 0x0000020fdb1dbd90 code [0x0000020fdb1dc040, 0x0000020fdb1dcde8]
Event: 12.050 Thread 0x0000020fee2d5d70 4004       4       java.lang.Class::getPackageName (81 bytes)
Event: 12.055 Thread 0x0000020fe805a390 4035       3       java.lang.StringLatin1::compareToCI (108 bytes)
Event: 12.056 Thread 0x0000020fe805a390 nmethod 4035 0x0000020fd3d8bd10 code [0x0000020fd3d8bf60, 0x0000020fd3d8c7f8]
Event: 12.056 Thread 0x0000020fe805a390 4038       3       java.lang.Character::toLowerCase (9 bytes)
Event: 12.057 Thread 0x0000020fe805a390 nmethod 4038 0x0000020fd3d8cc10 code [0x0000020fd3d8cdc0, 0x0000020fd3d8cfb8]
Event: 12.057 Thread 0x0000020fe805a390 4040       3       java.lang.String$CaseInsensitiveComparator::compare (68 bytes)
Event: 12.057 Thread 0x0000020fe805a390 nmethod 4040 0x0000020fd3d8d090 code [0x0000020fd3d8d2a0, 0x0000020fd3d8d728]
Event: 12.057 Thread 0x0000020fe805a390 4036       3       java.util.TreeMap::addEntry (59 bytes)
Event: 12.058 Thread 0x0000020fe805a390 nmethod 4036 0x0000020fd3d8d910 code [0x0000020fd3d8dae0, 0x0000020fd3d8de38]
Event: 12.058 Thread 0x0000020fe805a390 4042       3       java.util.TreeMap::putIfAbsent (8 bytes)
Event: 12.058 Thread 0x0000020fe805a390 nmethod 4042 0x0000020fd3d8e010 code [0x0000020fd3d8e1c0, 0x0000020fd3d8e300]
Event: 12.058 Thread 0x0000020fe805a390 4037       2       java.lang.Character::toLowerCase (6 bytes)
Event: 12.058 Thread 0x0000020fe805a390 nmethod 4037 0x0000020fd3d8e390 code [0x0000020fd3d8e540, 0x0000020fd3d8e688]
Event: 12.058 Thread 0x0000020fe805a390 4039       3       java.lang.String$CaseInsensitiveComparator::compare (13 bytes)

GC Heap History (20 events):
Event: 1.397 GC heap before
{Heap before GC invocations=1 (full 0):
 PSYoungGen      total 29696K, used 25600K [0x00000000d5580000, 0x00000000d7680000, 0x0000000100000000)
  eden space 25600K, 100% used [0x00000000d5580000,0x00000000d6e80000,0x00000000d6e80000)
  from space 4096K, 0% used [0x00000000d7280000,0x00000000d7280000,0x00000000d7680000)
  to   space 4096K, 0% used [0x00000000d6e80000,0x00000000d6e80000,0x00000000d7280000)
 ParOldGen       total 68608K, used 0K [0x0000000080000000, 0x0000000084300000, 0x00000000d5580000)
  object space 68608K, 0% used [0x0000000080000000,0x0000000080000000,0x0000000084300000)
 Metaspace       used 4355K, committed 4608K, reserved 1114112K
  class space    used 474K, committed 576K, reserved 1048576K
}
Event: 1.407 GC heap after
{Heap after GC invocations=1 (full 0):
 PSYoungGen      total 29696K, used 3303K [0x00000000d5580000, 0x00000000d7680000, 0x0000000100000000)
  eden space 25600K, 0% used [0x00000000d5580000,0x00000000d5580000,0x00000000d6e80000)
  from space 4096K, 80% used [0x00000000d6e80000,0x00000000d71b9e98,0x00000000d7280000)
  to   space 4096K, 0% used [0x00000000d7280000,0x00000000d7280000,0x00000000d7680000)
 ParOldGen       total 68608K, used 16K [0x0000000080000000, 0x0000000084300000, 0x00000000d5580000)
  object space 68608K, 0% used [0x0000000080000000,0x0000000080004000,0x0000000084300000)
 Metaspace       used 4355K, committed 4608K, reserved 1114112K
  class space    used 474K, committed 576K, reserved 1048576K
}
Event: 2.506 GC heap before
{Heap before GC invocations=2 (full 0):
 PSYoungGen      total 29696K, used 28903K [0x00000000d5580000, 0x00000000d7680000, 0x0000000100000000)
  eden space 25600K, 100% used [0x00000000d5580000,0x00000000d6e80000,0x00000000d6e80000)
  from space 4096K, 80% used [0x00000000d6e80000,0x00000000d71b9e98,0x00000000d7280000)
  to   space 4096K, 0% used [0x00000000d7280000,0x00000000d7280000,0x00000000d7680000)
 ParOldGen       total 68608K, used 16K [0x0000000080000000, 0x0000000084300000, 0x00000000d5580000)
  object space 68608K, 0% used [0x0000000080000000,0x0000000080004000,0x0000000084300000)
 Metaspace       used 8014K, committed 8320K, reserved 1114112K
  class space    used 837K, committed 960K, reserved 1048576K
}
Event: 2.518 GC heap after
{Heap after GC invocations=2 (full 0):
 PSYoungGen      total 29696K, used 4086K [0x00000000d5580000, 0x00000000d7680000, 0x0000000100000000)
  eden space 25600K, 0% used [0x00000000d5580000,0x00000000d5580000,0x00000000d6e80000)
  from space 4096K, 99% used [0x00000000d7280000,0x00000000d767d810,0x00000000d7680000)
  to   space 4096K, 0% used [0x00000000d6e80000,0x00000000d6e80000,0x00000000d7280000)
 ParOldGen       total 68608K, used 1957K [0x0000000080000000, 0x0000000084300000, 0x00000000d5580000)
  object space 68608K, 2% used [0x0000000080000000,0x00000000801e96b8,0x0000000084300000)
 Metaspace       used 8014K, committed 8320K, reserved 1114112K
  class space    used 837K, committed 960K, reserved 1048576K
}
Event: 3.169 GC heap before
{Heap before GC invocations=3 (full 0):
 PSYoungGen      total 29696K, used 29495K [0x00000000d5580000, 0x00000000d7680000, 0x0000000100000000)
  eden space 25600K, 99% used [0x00000000d5580000,0x00000000d6e505d8,0x00000000d6e80000)
  from space 4096K, 99% used [0x00000000d7280000,0x00000000d767d810,0x00000000d7680000)
  to   space 4096K, 0% used [0x00000000d6e80000,0x00000000d6e80000,0x00000000d7280000)
 ParOldGen       total 68608K, used 1957K [0x0000000080000000, 0x0000000084300000, 0x00000000d5580000)
  object space 68608K, 2% used [0x0000000080000000,0x00000000801e96b8,0x0000000084300000)
 Metaspace       used 9430K, committed 9728K, reserved 1114112K
  class space    used 1007K, committed 1152K, reserved 1048576K
}
Event: 3.179 GC heap after
{Heap after GC invocations=3 (full 0):
 PSYoungGen      total 29696K, used 4085K [0x00000000d5580000, 0x00000000d7680000, 0x0000000100000000)
  eden space 25600K, 0% used [0x00000000d5580000,0x00000000d5580000,0x00000000d6e80000)
  from space 4096K, 99% used [0x00000000d6e80000,0x00000000d727d5b8,0x00000000d7280000)
  to   space 4096K, 0% used [0x00000000d7280000,0x00000000d7280000,0x00000000d7680000)
 ParOldGen       total 68608K, used 4969K [0x0000000080000000, 0x0000000084300000, 0x00000000d5580000)
  object space 68608K, 7% used [0x0000000080000000,0x00000000804da5a0,0x0000000084300000)
 Metaspace       used 9430K, committed 9728K, reserved 1114112K
  class space    used 1007K, committed 1152K, reserved 1048576K
}
Event: 5.499 GC heap before
{Heap before GC invocations=4 (full 0):
 PSYoungGen      total 29696K, used 29685K [0x00000000d5580000, 0x00000000d7680000, 0x0000000100000000)
  eden space 25600K, 100% used [0x00000000d5580000,0x00000000d6e80000,0x00000000d6e80000)
  from space 4096K, 99% used [0x00000000d6e80000,0x00000000d727d5b8,0x00000000d7280000)
  to   space 4096K, 0% used [0x00000000d7280000,0x00000000d7280000,0x00000000d7680000)
 ParOldGen       total 68608K, used 4969K [0x0000000080000000, 0x0000000084300000, 0x00000000d5580000)
  object space 68608K, 7% used [0x0000000080000000,0x00000000804da5a0,0x0000000084300000)
 Metaspace       used 11645K, committed 12032K, reserved 1114112K
  class space    used 1236K, committed 1408K, reserved 1048576K
}
Event: 5.505 GC heap after
{Heap after GC invocations=4 (full 0):
 PSYoungGen      total 29696K, used 4071K [0x00000000d5580000, 0x00000000d7680000, 0x0000000100000000)
  eden space 25600K, 0% used [0x00000000d5580000,0x00000000d5580000,0x00000000d6e80000)
  from space 4096K, 99% used [0x00000000d7280000,0x00000000d7679c08,0x00000000d7680000)
  to   space 4096K, 0% used [0x00000000d6e80000,0x00000000d6e80000,0x00000000d7280000)
 ParOldGen       total 68608K, used 6613K [0x0000000080000000, 0x0000000084300000, 0x00000000d5580000)
  object space 68608K, 9% used [0x0000000080000000,0x00000000806756a0,0x0000000084300000)
 Metaspace       used 11645K, committed 12032K, reserved 1114112K
  class space    used 1236K, committed 1408K, reserved 1048576K
}
Event: 8.662 GC heap before
{Heap before GC invocations=5 (full 0):
 PSYoungGen      total 29696K, used 29671K [0x00000000d5580000, 0x00000000d7680000, 0x0000000100000000)
  eden space 25600K, 100% used [0x00000000d5580000,0x00000000d6e80000,0x00000000d6e80000)
  from space 4096K, 99% used [0x00000000d7280000,0x00000000d7679c08,0x00000000d7680000)
  to   space 4096K, 0% used [0x00000000d6e80000,0x00000000d6e80000,0x00000000d7280000)
 ParOldGen       total 68608K, used 6613K [0x0000000080000000, 0x0000000084300000, 0x00000000d5580000)
  object space 68608K, 9% used [0x0000000080000000,0x00000000806756a0,0x0000000084300000)
 Metaspace       used 15561K, committed 16192K, reserved 1114112K
  class space    used 1626K, committed 1920K, reserved 1048576K
}
Event: 8.669 GC heap after
{Heap after GC invocations=5 (full 0):
 PSYoungGen      total 29184K, used 4082K [0x00000000d5580000, 0x00000000d7900000, 0x0000000100000000)
  eden space 25088K, 0% used [0x00000000d5580000,0x00000000d5580000,0x00000000d6e00000)
  from space 4096K, 99% used [0x00000000d6e80000,0x00000000d727ca58,0x00000000d7280000)
  to   space 5632K, 0% used [0x00000000d7380000,0x00000000d7380000,0x00000000d7900000)
 ParOldGen       total 68608K, used 7712K [0x0000000080000000, 0x0000000084300000, 0x00000000d5580000)
  object space 68608K, 11% used [0x0000000080000000,0x0000000080788088,0x0000000084300000)
 Metaspace       used 15561K, committed 16192K, reserved 1114112K
  class space    used 1626K, committed 1920K, reserved 1048576K
}
Event: 9.465 GC heap before
{Heap before GC invocations=6 (full 0):
 PSYoungGen      total 29184K, used 29170K [0x00000000d5580000, 0x00000000d7900000, 0x0000000100000000)
  eden space 25088K, 100% used [0x00000000d5580000,0x00000000d6e00000,0x00000000d6e00000)
  from space 4096K, 99% used [0x00000000d6e80000,0x00000000d727ca58,0x00000000d7280000)
  to   space 5632K, 0% used [0x00000000d7380000,0x00000000d7380000,0x00000000d7900000)
 ParOldGen       total 68608K, used 7712K [0x0000000080000000, 0x0000000084300000, 0x00000000d5580000)
  object space 68608K, 11% used [0x0000000080000000,0x0000000080788088,0x0000000084300000)
 Metaspace       used 17894K, committed 18688K, reserved 1114112K
  class space    used 1885K, committed 2240K, reserved 1048576K
}
Event: 9.471 GC heap after
{Heap after GC invocations=6 (full 0):
 PSYoungGen      total 29184K, used 4549K [0x00000000d5580000, 0x00000000d7800000, 0x0000000100000000)
  eden space 24576K, 0% used [0x00000000d5580000,0x00000000d5580000,0x00000000d6d80000)
  from space 4608K, 98% used [0x00000000d7380000,0x00000000d77f1408,0x00000000d7800000)
  to   space 5120K, 0% used [0x00000000d6e00000,0x00000000d6e00000,0x00000000d7300000)
 ParOldGen       total 68608K, used 7720K [0x0000000080000000, 0x0000000084300000, 0x00000000d5580000)
  object space 68608K, 11% used [0x0000000080000000,0x000000008078a088,0x0000000084300000)
 Metaspace       used 17894K, committed 18688K, reserved 1114112K
  class space    used 1885K, committed 2240K, reserved 1048576K
}
Event: 10.007 GC heap before
{Heap before GC invocations=7 (full 0):
 PSYoungGen      total 29184K, used 28359K [0x00000000d5580000, 0x00000000d7800000, 0x0000000100000000)
  eden space 24576K, 96% used [0x00000000d5580000,0x00000000d6cc0a70,0x00000000d6d80000)
  from space 4608K, 98% used [0x00000000d7380000,0x00000000d77f1408,0x00000000d7800000)
  to   space 5120K, 0% used [0x00000000d6e00000,0x00000000d6e00000,0x00000000d7300000)
 ParOldGen       total 68608K, used 7720K [0x0000000080000000, 0x0000000084300000, 0x00000000d5580000)
  object space 68608K, 11% used [0x0000000080000000,0x000000008078a088,0x0000000084300000)
 Metaspace       used 20724K, committed 21504K, reserved 1114112K
  class space    used 2162K, committed 2496K, reserved 1048576K
}
Event: 10.014 GC heap after
{Heap after GC invocations=7 (full 0):
 PSYoungGen      total 29696K, used 5111K [0x00000000d5580000, 0x00000000d7e80000, 0x0000000100000000)
  eden space 24576K, 0% used [0x00000000d5580000,0x00000000d5580000,0x00000000d6d80000)
  from space 5120K, 99% used [0x00000000d6e00000,0x00000000d72fdd08,0x00000000d7300000)
  to   space 8704K, 0% used [0x00000000d7600000,0x00000000d7600000,0x00000000d7e80000)
 ParOldGen       total 68608K, used 10598K [0x0000000080000000, 0x0000000084300000, 0x00000000d5580000)
  object space 68608K, 15% used [0x0000000080000000,0x0000000080a59ba8,0x0000000084300000)
 Metaspace       used 20724K, committed 21504K, reserved 1114112K
  class space    used 2162K, committed 2496K, reserved 1048576K
}
Event: 10.014 GC heap before
{Heap before GC invocations=8 (full 1):
 PSYoungGen      total 29696K, used 5111K [0x00000000d5580000, 0x00000000d7e80000, 0x0000000100000000)
  eden space 24576K, 0% used [0x00000000d5580000,0x00000000d5580000,0x00000000d6d80000)
  from space 5120K, 99% used [0x00000000d6e00000,0x00000000d72fdd08,0x00000000d7300000)
  to   space 8704K, 0% used [0x00000000d7600000,0x00000000d7600000,0x00000000d7e80000)
 ParOldGen       total 68608K, used 10598K [0x0000000080000000, 0x0000000084300000, 0x00000000d5580000)
  object space 68608K, 15% used [0x0000000080000000,0x0000000080a59ba8,0x0000000084300000)
 Metaspace       used 20724K, committed 21504K, reserved 1114112K
  class space    used 2162K, committed 2496K, reserved 1048576K
}
Event: 10.057 GC heap after
{Heap after GC invocations=8 (full 1):
 PSYoungGen      total 29696K, used 0K [0x00000000d5580000, 0x00000000d7e80000, 0x0000000100000000)
  eden space 24576K, 0% used [0x00000000d5580000,0x00000000d5580000,0x00000000d6d80000)
  from space 5120K, 0% used [0x00000000d6e00000,0x00000000d6e00000,0x00000000d7300000)
  to   space 8704K, 0% used [0x00000000d7600000,0x00000000d7600000,0x00000000d7e80000)
 ParOldGen       total 68608K, used 15228K [0x0000000080000000, 0x0000000084300000, 0x00000000d5580000)
  object space 68608K, 22% used [0x0000000080000000,0x0000000080edf110,0x0000000084300000)
 Metaspace       used 20711K, committed 21504K, reserved 1114112K
  class space    used 2158K, committed 2496K, reserved 1048576K
}
Event: 10.389 GC heap before
{Heap before GC invocations=9 (full 1):
 PSYoungGen      total 29696K, used 24576K [0x00000000d5580000, 0x00000000d7e80000, 0x0000000100000000)
  eden space 24576K, 100% used [0x00000000d5580000,0x00000000d6d80000,0x00000000d6d80000)
  from space 5120K, 0% used [0x00000000d6e00000,0x00000000d6e00000,0x00000000d7300000)
  to   space 8704K, 0% used [0x00000000d7600000,0x00000000d7600000,0x00000000d7e80000)
 ParOldGen       total 68608K, used 15228K [0x0000000080000000, 0x0000000084300000, 0x00000000d5580000)
  object space 68608K, 22% used [0x0000000080000000,0x0000000080edf110,0x0000000084300000)
 Metaspace       used 23859K, committed 24640K, reserved 1114112K
  class space    used 2379K, committed 2688K, reserved 1048576K
}
Event: 10.392 GC heap after
{Heap after GC invocations=9 (full 1):
 PSYoungGen      total 24576K, used 320K [0x00000000d5580000, 0x00000000d7680000, 0x0000000100000000)
  eden space 24064K, 0% used [0x00000000d5580000,0x00000000d5580000,0x00000000d6d00000)
  from space 512K, 62% used [0x00000000d7600000,0x00000000d7650000,0x00000000d7680000)
  to   space 3584K, 0% used [0x00000000d6f80000,0x00000000d6f80000,0x00000000d7300000)
 ParOldGen       total 68608K, used 15236K [0x0000000080000000, 0x0000000084300000, 0x00000000d5580000)
  object space 68608K, 22% used [0x0000000080000000,0x0000000080ee1110,0x0000000084300000)
 Metaspace       used 23859K, committed 24640K, reserved 1114112K
  class space    used 2379K, committed 2688K, reserved 1048576K
}
Event: 10.614 GC heap before
{Heap before GC invocations=10 (full 1):
 PSYoungGen      total 24576K, used 24384K [0x00000000d5580000, 0x00000000d7680000, 0x0000000100000000)
  eden space 24064K, 100% used [0x00000000d5580000,0x00000000d6d00000,0x00000000d6d00000)
  from space 512K, 62% used [0x00000000d7600000,0x00000000d7650000,0x00000000d7680000)
  to   space 3584K, 0% used [0x00000000d6f80000,0x00000000d6f80000,0x00000000d7300000)
 ParOldGen       total 68608K, used 15236K [0x0000000080000000, 0x0000000084300000, 0x00000000d5580000)
  object space 68608K, 22% used [0x0000000080000000,0x0000000080ee1110,0x0000000084300000)
 Metaspace       used 25372K, committed 26176K, reserved 1114112K
  class space    used 2486K, committed 2816K, reserved 1048576K
}
Event: 10.617 GC heap after
{Heap after GC invocations=10 (full 1):
 PSYoungGen      total 27136K, used 2498K [0x00000000d5580000, 0x00000000d7680000, 0x0000000100000000)
  eden space 23552K, 0% used [0x00000000d5580000,0x00000000d5580000,0x00000000d6c80000)
  from space 3584K, 69% used [0x00000000d6f80000,0x00000000d71f09f0,0x00000000d7300000)
  to   space 3072K, 0% used [0x00000000d7380000,0x00000000d7380000,0x00000000d7680000)
 ParOldGen       total 68608K, used 15244K [0x0000000080000000, 0x0000000084300000, 0x00000000d5580000)
  object space 68608K, 22% used [0x0000000080000000,0x0000000080ee3110,0x0000000084300000)
 Metaspace       used 25372K, committed 26176K, reserved 1114112K
  class space    used 2486K, committed 2816K, reserved 1048576K
}

Dll operation events (9 events):
Event: 0.016 Loaded shared library c:\Users\Admin\.vscode\extensions\redhat.java-1.55.0-win32-x64\jre\21.0.11-win32-x86_64\bin\java.dll
Event: 0.173 Loaded shared library c:\Users\Admin\.vscode\extensions\redhat.java-1.55.0-win32-x64\jre\21.0.11-win32-x86_64\bin\zip.dll
Event: 0.221 Loaded shared library C:\Users\Admin\.vscode\extensions\redhat.java-1.55.0-win32-x64\jre\21.0.11-win32-x86_64\bin\instrument.dll
Event: 0.229 Loaded shared library C:\Users\Admin\.vscode\extensions\redhat.java-1.55.0-win32-x64\jre\21.0.11-win32-x86_64\bin\net.dll
Event: 0.233 Loaded shared library C:\Users\Admin\.vscode\extensions\redhat.java-1.55.0-win32-x64\jre\21.0.11-win32-x86_64\bin\nio.dll
Event: 0.239 Loaded shared library C:\Users\Admin\.vscode\extensions\redhat.java-1.55.0-win32-x64\jre\21.0.11-win32-x86_64\bin\zip.dll
Event: 0.271 Loaded shared library C:\Users\Admin\.vscode\extensions\redhat.java-1.55.0-win32-x64\jre\21.0.11-win32-x86_64\bin\jimage.dll
Event: 0.408 Loaded shared library c:\Users\Admin\.vscode\extensions\redhat.java-1.55.0-win32-x64\jre\21.0.11-win32-x86_64\bin\verify.dll
Event: 2.535 Loaded shared library C:\Users\Admin\AppData\Roaming\Code\User\globalStorage\redhat.java\1.55.0\config_win\org.eclipse.equinox.launcher\org.eclipse.equinox.launcher.win32.win32.x86_64_1.3.100.v20260613-0559\eclipse_11924.dll

Deoptimization events (20 events):
Event: 10.853 Thread 0x0000020fed6a3f60 Uncommon trap: trap_request=0xffffffde fr.pc=0x0000020fdb1b0db8 relative=0x00000000000000f8
Event: 10.853 Thread 0x0000020fed6a3f60 Uncommon trap: reason=class_check action=maybe_recompile pc=0x0000020fdb1b0db8 method=java.lang.Character.codePointAt(Ljava/lang/CharSequence;I)I @ 2 c2
Event: 10.853 Thread 0x0000020fed6a3f60 DEOPT PACKING pc=0x0000020fdb1b0db8 sp=0x000000bfc3afeb70
Event: 10.853 Thread 0x0000020fed6a3f60 DEOPT UNPACKING pc=0x0000020fdaac3aa2 sp=0x000000bfc3afeaf8 mode 2
Event: 10.853 Thread 0x0000020fed6a3f60 Uncommon trap: trap_request=0xffffff76 fr.pc=0x0000020fdb190580 relative=0x0000000000000380
Event: 10.853 Thread 0x0000020fed6a3f60 Uncommon trap: reason=predicate action=maybe_recompile pc=0x0000020fdb190580 method=java.util.regex.Pattern$BmpCharPropertyGreedy.match(Ljava/util/regex/Matcher;ILjava/lang/CharSequence;)Z @ 12 c2
Event: 10.853 Thread 0x0000020fed6a3f60 DEOPT PACKING pc=0x0000020fdb190580 sp=0x000000bfc3afeab0
Event: 10.853 Thread 0x0000020fed6a3f60 DEOPT UNPACKING pc=0x0000020fdaac3aa2 sp=0x000000bfc3afea58 mode 2
Event: 10.866 Thread 0x0000020fed6a3f60 Uncommon trap: trap_request=0xffffffde fr.pc=0x0000020fdb08acc8 relative=0x0000000000000508
Event: 10.866 Thread 0x0000020fed6a3f60 Uncommon trap: reason=class_check action=maybe_recompile pc=0x0000020fdb08acc8 method=java.io.BufferedInputStream.implRead([BII)I @ 100 c2
Event: 10.866 Thread 0x0000020fed6a3f60 DEOPT PACKING pc=0x0000020fdb08acc8 sp=0x000000bfc3afe7b0
Event: 10.866 Thread 0x0000020fed6a3f60 DEOPT UNPACKING pc=0x0000020fdaac3aa2 sp=0x000000bfc3afe788 mode 2
Event: 10.866 Thread 0x0000020fed6a3f60 Uncommon trap: trap_request=0xffffff45 fr.pc=0x0000020fdb08bd6c relative=0x000000000000020c
Event: 10.866 Thread 0x0000020fed6a3f60 Uncommon trap: reason=unstable_if action=reinterpret pc=0x0000020fdb08bd6c method=java.io.BufferedInputStream.read1([BII)I @ 34 c2
Event: 10.866 Thread 0x0000020fed6a3f60 DEOPT PACKING pc=0x0000020fdb08bd6c sp=0x000000bfc3afe740
Event: 10.866 Thread 0x0000020fed6a3f60 DEOPT UNPACKING pc=0x0000020fdaac3aa2 sp=0x000000bfc3afe6f8 mode 2
Event: 10.871 Thread 0x0000020fed6a3f60 Uncommon trap: trap_request=0xffffff45 fr.pc=0x0000020fdb08ace8 relative=0x0000000000000528
Event: 10.871 Thread 0x0000020fed6a3f60 Uncommon trap: reason=unstable_if action=reinterpret pc=0x0000020fdb08ace8 method=java.io.BufferedInputStream.read1([BII)I @ 34 c2
Event: 10.871 Thread 0x0000020fed6a3f60 DEOPT PACKING pc=0x0000020fdb08ace8 sp=0x000000bfc3afe7e0
Event: 10.871 Thread 0x0000020fed6a3f60 DEOPT UNPACKING pc=0x0000020fdaac3aa2 sp=0x000000bfc3afe728 mode 2

Classes loaded (20 events):
Event: 12.048 Loading class com/sun/org/apache/xml/internal/serializer/AttributesImplSerializer
Event: 12.048 Loading class org/xml/sax/helpers/AttributesImpl
Event: 12.049 Loading class org/xml/sax/helpers/AttributesImpl done
Event: 12.049 Loading class com/sun/org/apache/xml/internal/serializer/AttributesImplSerializer done
Event: 12.049 Loading class com/sun/org/apache/xml/internal/serializer/ElemContext
Event: 12.049 Loading class com/sun/org/apache/xml/internal/serializer/ElemContext done
Event: 12.049 Loading class com/sun/org/apache/xml/internal/serializer/ToStream$BoolStack
Event: 12.049 Loading class com/sun/org/apache/xml/internal/serializer/ToStream$BoolStack done
Event: 12.049 Loading class com/sun/org/apache/xml/internal/serializer/EncodingInfo
Event: 12.049 Loading class com/sun/org/apache/xml/internal/serializer/EncodingInfo done
Event: 12.049 Loading class com/sun/org/apache/xml/internal/serializer/ToStream$CharacterBuffer
Event: 12.049 Loading class com/sun/org/apache/xml/internal/serializer/ToStream$CharacterBuffer done
Event: 12.050 Loading class com/sun/org/apache/xml/internal/serializer/Encodings
Event: 12.050 Loading class com/sun/org/apache/xml/internal/serializer/Encodings done
Event: 12.050 Loading class com/sun/org/apache/xml/internal/serializer/Encodings$EncodingInfos
Event: 12.050 Loading class com/sun/org/apache/xml/internal/serializer/Encodings$EncodingInfos done
Event: 12.051 Loading class java/nio/charset/Charset$ExtendedProviderHolder
Event: 12.052 Loading class java/nio/charset/Charset$ExtendedProviderHolder done
Event: 12.052 Loading class java/nio/charset/Charset$ExtendedProviderHolder$1
Event: 12.052 Loading class java/nio/charset/Charset$ExtendedProviderHolder$1 done

Classes unloaded (7 events):
Event: 10.020 Thread 0x0000020fd02d4980 Unloading class 0x0000020f811acc00 'java/lang/invoke/LambdaForm$MH+0x0000020f811acc00'
Event: 10.020 Thread 0x0000020fd02d4980 Unloading class 0x0000020f811ac800 'java/lang/invoke/LambdaForm$MH+0x0000020f811ac800'
Event: 10.020 Thread 0x0000020fd02d4980 Unloading class 0x0000020f811ac400 'java/lang/invoke/LambdaForm$MH+0x0000020f811ac400'
Event: 10.020 Thread 0x0000020fd02d4980 Unloading class 0x0000020f811ac000 'java/lang/invoke/LambdaForm$MH+0x0000020f811ac000'
Event: 10.020 Thread 0x0000020fd02d4980 Unloading class 0x0000020f811abc00 'java/lang/invoke/LambdaForm$BMH+0x0000020f811abc00'
Event: 10.020 Thread 0x0000020fd02d4980 Unloading class 0x0000020f811ab800 'java/lang/invoke/LambdaForm$DMH+0x0000020f811ab800'
Event: 10.020 Thread 0x0000020fd02d4980 Unloading class 0x0000020f811aa400 'java/lang/invoke/LambdaForm$DMH+0x0000020f811aa400'

Classes redefined (0 events):
No events

Internal exceptions (20 events):
Event: 10.548 Thread 0x0000020fedc02c30 Exception <a 'java/io/FileNotFoundException'{0x00000000d6a02268}> (0x00000000d6a02268) 
thrown [s\src\hotspot\share\prims\jni.cpp, line 520]
Event: 10.549 Thread 0x0000020fedc02c30 Exception <a 'java/io/FileNotFoundException'{0x00000000d6a03260}> (0x00000000d6a03260) 
thrown [s\src\hotspot\share\prims\jni.cpp, line 520]
Event: 10.766 Thread 0x0000020fedc02c30 Exception <a 'java/lang/NoSuchMethodError'{0x00000000d5b74a48}: 'java.lang.Object java.lang.invoke.DirectMethodHandle$Holder.invokeStaticInit(java.lang.Object, int, int, int, int)'> (0x00000000d5b74a48) 
thrown [s\src\hotspot\share\interpreter\linkResolver.cpp, line 773]
Event: 10.809 Thread 0x0000020fed6a3f60 Exception <a 'java/lang/NoSuchMethodError'{0x00000000d5ccf5d8}: 'java.lang.Object java.lang.invoke.DirectMethodHandle$Holder.invokeStaticInit(java.lang.Object, java.lang.Object, java.lang.Object, java.lang.Object, java.lang.Object, java.lang.Object, java.lang.Object)'> (0x00000000d5ccf5d8) 
thrown [s\src\hotspot\share\interpreter\linkResolver.cpp, line 773]
Event: 10.809 Thread 0x0000020fed6a3f60 Exception <a 'java/lang/NoSuchMethodError'{0x00000000d5cd3db0}: 'java.lang.Object java.lang.invoke.Invokers$Holder.invoke_MT(java.lang.Object, java.lang.Object, java.lang.Object, java.lang.Object, java.lang.Object, java.lang.Object, java.lang.Object, java.lang.Object, java.lang.Object)'> (0x00000000d5cd3db0) 
thrown [s\src\hotspot\share\interpreter\linkResolver.cpp, line 773]
Event: 10.818 Thread 0x0000020fed6a38d0 Exception <a 'java/lang/NoSuchMethodError'{0x00000000d5db0c10}: 'int java.lang.invoke.DirectMethodHandle$Holder.invokeVirtual(java.lang.Object, java.lang.Object, java.lang.Object)'> (0x00000000d5db0c10) 
thrown [s\src\hotspot\share\interpreter\linkResolver.cpp, line 773]
Event: 10.819 Thread 0x0000020fed6a38d0 Exception <a 'java/lang/NoSuchMethodError'{0x00000000d5db4b88}: 'int java.lang.invoke.DirectMethodHandle$Holder.invokeStaticInit(java.lang.Object, int, int)'> (0x00000000d5db4b88) 
thrown [s\src\hotspot\share\interpreter\linkResolver.cpp, line 773]
Event: 10.820 Thread 0x0000020fed6a38d0 Exception <a 'java/lang/NoSuchMethodError'{0x00000000d5dbc140}: 'int java.lang.invoke.DirectMethodHandle$Holder.invokeStaticInit(java.lang.Object, long, long)'> (0x00000000d5dbc140) 
thrown [s\src\hotspot\share\interpreter\linkResolver.cpp, line 773]
Event: 10.821 Thread 0x0000020fed6a38d0 Exception <a 'java/lang/NoSuchMethodError'{0x00000000d5dc2d28}: 'int java.lang.invoke.DirectMethodHandle$Holder.invokeStaticInit(java.lang.Object, float, float)'> (0x00000000d5dc2d28) 
thrown [s\src\hotspot\share\interpreter\linkResolver.cpp, line 773]
Event: 10.822 Thread 0x0000020fed6a38d0 Exception <a 'java/lang/NoSuchMethodError'{0x00000000d5dc9948}: 'int java.lang.invoke.DirectMethodHandle$Holder.invokeStaticInit(java.lang.Object, double, double)'> (0x00000000d5dc9948) 
thrown [s\src\hotspot\share\interpreter\linkResolver.cpp, line 773]
Event: 10.823 Thread 0x0000020fed6a38d0 Exception <a 'java/lang/NoSuchMethodError'{0x00000000d5dcdd40}: 'int java.lang.invoke.DirectMethodHandle$Holder.invokeStatic(java.lang.Object, long)'> (0x00000000d5dcdd40) 
thrown [s\src\hotspot\share\interpreter\linkResolver.cpp, line 773]
Event: 10.828 Thread 0x0000020fed6a38d0 Exception <a 'java/lang/NoSuchMethodError'{0x00000000d5e6ba10}: 'int java.lang.invoke.Invokers$Holder.linkToTargetMethod(java.lang.Object, java.lang.Object)'> (0x00000000d5e6ba10) 
thrown [s\src\hotspot\share\interpreter\linkResolver.cpp, line 773]
Event: 10.828 Thread 0x0000020fed6a3f60 Exception <a 'java/lang/NoSuchMethodError'{0x00000000d5e727c8}: 'int java.lang.invoke.Invokers$Holder.linkToTargetMethod(java.lang.Object, java.lang.Object)'> (0x00000000d5e727c8) 
thrown [s\src\hotspot\share\interpreter\linkResolver.cpp, line 773]
Event: 10.830 Thread 0x0000020fed6a38d0 Exception <a 'java/lang/NoSuchMethodError'{0x00000000d5e85518}: 'int java.lang.invoke.DirectMethodHandle$Holder.invokeSpecial(java.lang.Object, java.lang.Object, java.lang.Object, java.lang.Object)'> (0x00000000d5e85518) 
thrown [s\src\hotspot\share\interpreter\linkResolver.cpp, line 773]
Event: 10.831 Thread 0x0000020fedc02c30 Exception <a 'java/lang/NoSuchMethodError'{0x00000000d5e16838}: 'java.lang.Object java.lang.invoke.DirectMethodHandle$Holder.invokeStaticInit(java.lang.Object, java.lang.Object, int, int, int, int)'> (0x00000000d5e16838) 
thrown [s\src\hotspot\share\interpreter\linkResolver.cpp, line 773]
Event: 10.833 Thread 0x0000020fed6a38d0 Exception <a 'java/lang/NoSuchMethodError'{0x00000000d5e961b8}: 'java.lang.Object java.lang.invoke.DirectMethodHandle$Holder.invokeStatic(java.lang.Object, int, java.lang.Object, java.lang.Object)'> (0x00000000d5e961b8) 
thrown [s\src\hotspot\share\interpreter\linkResolver.cpp, line 773]
Event: 10.833 Thread 0x0000020fed6a38d0 Exception <a 'java/lang/NoSuchMethodError'{0x00000000d5eac4b8}: 'java.lang.Object java.lang.invoke.DelegatingMethodHandle$Holder.delegate(java.lang.Object, int, java.lang.Object, java.lang.Object)'> (0x00000000d5eac4b8) 
thrown [s\src\hotspot\share\interpreter\linkResolver.cpp, line 773]
Event: 10.837 Thread 0x0000020fed6a38d0 Exception <a 'java/lang/NoSuchMethodError'{0x00000000d5ecf390}: 'int java.lang.invoke.Invokers$Holder.linkToTargetMethod(java.lang.Object, java.lang.Object, java.lang.Object)'> (0x00000000d5ecf390) 
thrown [s\src\hotspot\share\interpreter\linkResolver.cpp, line 773]
Event: 10.885 Thread 0x0000020fed6a3f60 Exception <a 'java/lang/NoSuchMethodError'{0x00000000d61dd110}: 'java.lang.Object java.lang.invoke.DirectMethodHandle$Holder.invokeSpecialIFC(java.lang.Object, java.lang.Object, java.lang.Object, java.lang.Object)'> (0x00000000d61dd110) 
thrown [s\src\hotspot\share\interpreter\linkResolver.cpp, line 773]
Event: 10.985 Thread 0x0000020fedc02c30 Exception <a 'java/lang/ClassNotFoundException'{0x00000000d689c4c0}: com/sun/org/apache/xml/internal/serializer/spi/XMLEntitiesProvider> (0x00000000d689c4c0) 
thrown [s\src\hotspot\share\classfile\systemDictionary.cpp, line 313]

ZGC Phase Switch (0 events):
No events

VM Operations (20 events):
Event: 9.368 Executing safepoint VM operation: ICBufferFull done
Event: 9.465 Executing safepoint VM operation: ParallelGCFailedAllocation (Allocation Failure)
Event: 9.471 Executing safepoint VM operation: ParallelGCFailedAllocation (Allocation Failure) done
Event: 10.007 Executing safepoint VM operation: CollectForMetadataAllocation (Metadata GC Threshold)
Event: 10.057 Executing safepoint VM operation: CollectForMetadataAllocation (Metadata GC Threshold) done
Event: 10.389 Executing safepoint VM operation: ParallelGCFailedAllocation (Allocation Failure)
Event: 10.392 Executing safepoint VM operation: ParallelGCFailedAllocation (Allocation Failure) done
Event: 10.614 Executing safepoint VM operation: ParallelGCFailedAllocation (Allocation Failure)
Event: 10.617 Executing safepoint VM operation: ParallelGCFailedAllocation (Allocation Failure) done
Event: 10.733 Executing non-safepoint VM operation: HandshakeAllThreads (Deoptimize)
Event: 10.733 Executing non-safepoint VM operation: HandshakeAllThreads (Deoptimize) done
Event: 10.777 Executing non-safepoint VM operation: HandshakeAllThreads (Deoptimize)
Event: 10.777 Executing non-safepoint VM operation: HandshakeAllThreads (Deoptimize) done
Event: 10.802 Executing non-safepoint VM operation: HandshakeAllThreads (Deoptimize)
Event: 10.802 Executing non-safepoint VM operation: HandshakeAllThreads (Deoptimize) done
Event: 10.837 Executing non-safepoint VM operation: HandshakeAllThreads (Deoptimize)
Event: 10.837 Executing non-safepoint VM operation: HandshakeAllThreads (Deoptimize) done
Event: 11.843 Executing safepoint VM operation: Cleanup
Event: 12.048 Executing safepoint VM operation: Cleanup done
Event: 13.057 Executing safepoint VM operation: Cleanup

Memory protections (0 events):
No events

Nmethod flushes (0 events):
No events

Events (20 events):
Event: 2.603 Thread 0x0000020fd033d190 Thread added: 0x0000020fedc02c30
Event: 2.634 Thread 0x0000020fe825c4f0 Thread exited: 0x0000020fe825c4f0
Event: 2.887 Thread 0x0000020fd03f5eb0 Thread added: 0x0000020fedcd06e0
Event: 3.270 Thread 0x0000020fedc02c30 Thread added: 0x0000020fede8b7e0
Event: 3.734 Thread 0x0000020fedcd06e0 Thread exited: 0x0000020fedcd06e0
Event: 5.357 Thread 0x0000020fedc02c30 Thread added: 0x0000020fee53ba10
Event: 6.586 Thread 0x0000020fe805a390 Thread added: 0x0000020fedb43c50
Event: 6.586 Thread 0x0000020fe805a390 Thread added: 0x0000020fedb44300
Event: 7.866 Thread 0x0000020fedc02c30 Thread added: 0x0000020feddc9f70
Event: 8.719 Thread 0x0000020fedb44300 Thread exited: 0x0000020fedb44300
Event: 8.728 Thread 0x0000020fedc02c30 Thread added: 0x0000020fed6a38d0
Event: 8.759 Thread 0x0000020fedb43c50 Thread exited: 0x0000020fedb43c50
Event: 8.770 Thread 0x0000020fedc02c30 Thread added: 0x0000020fed6a3f60
Event: 8.932 Thread 0x0000020fe805a390 Thread added: 0x0000020fedb43c50
Event: 10.193 Thread 0x0000020fedb43c50 Thread exited: 0x0000020fedb43c50
Event: 10.588 Thread 0x0000020fe805a390 Thread added: 0x0000020fee2d5d70
Event: 10.588 Thread 0x0000020fe805a390 Thread added: 0x0000020fedf735a0
Event: 10.706 Thread 0x0000020fedc02c30 Thread added: 0x0000020fed6a45f0
Event: 10.804 Thread 0x0000020fed6a3f60 Thread added: 0x0000020fed6a3240
Event: 10.930 Thread 0x0000020fed6a3240 Thread added: 0x0000020fef8c12c0


Dynamic libraries:
0x00007ff7ed2d0000 - 0x00007ff7ed2de000 	c:\Users\Admin\.vscode\extensions\redhat.java-1.55.0-win32-x64\jre\21.0.11-win32-x86_64\bin\java.exe
0x00007ffd31ad0000 - 0x00007ffd31d25000 	C:\Windows\SYSTEM32\ntdll.dll
0x00007ffd30150000 - 0x00007ffd30217000 	C:\Windows\System32\KERNEL32.DLL
0x00007ffd2f5e0000 - 0x00007ffd2f980000 	C:\Windows\System32\KERNELBASE.dll
0x00007ffd2f490000 - 0x00007ffd2f5da000 	C:\Windows\System32\ucrtbase.dll
0x00007ffd07790000 - 0x00007ffd077a8000 	c:\Users\Admin\.vscode\extensions\redhat.java-1.55.0-win32-x64\jre\21.0.11-win32-x86_64\bin\jli.dll
0x00007ffd054d0000 - 0x00007ffd054ee000 	c:\Users\Admin\.vscode\extensions\redhat.java-1.55.0-win32-x64\jre\21.0.11-win32-x86_64\bin\VCRUNTIME140.dll
0x00007ffd305f0000 - 0x00007ffd307af000 	C:\Windows\System32\USER32.dll
0x00007ffd1f920000 - 0x00007ffd1fbb0000 	C:\Windows\WinSxS\amd64_microsoft.windows.common-controls_6595b64144ccf1df_6.0.26100.1_none_fc2d3fda0fd46076\COMCTL32.dll
0x00007ffd2efc0000 - 0x00007ffd2efe7000 	C:\Windows\System32\win32u.dll
0x00007ffd2f990000 - 0x00007ffd2fa39000 	C:\Windows\System32\msvcrt.dll
0x00007ffd307c0000 - 0x00007ffd307ea000 	C:\Windows\System32\GDI32.dll
0x00007ffd2f170000 - 0x00007ffd2f291000 	C:\Windows\System32\gdi32full.dll
0x00007ffd2f2a0000 - 0x00007ffd2f343000 	C:\Windows\System32\msvcp_win.dll
0x00007ffd30300000 - 0x00007ffd3032f000 	C:\Windows\System32\IMM32.DLL
0x00007ffd142b0000 - 0x00007ffd142bc000 	c:\Users\Admin\.vscode\extensions\redhat.java-1.55.0-win32-x64\jre\21.0.11-win32-x86_64\bin\vcruntime140_1.dll
0x00007ffcf1410000 - 0x00007ffcf149d000 	c:\Users\Admin\.vscode\extensions\redhat.java-1.55.0-win32-x64\jre\21.0.11-win32-x86_64\bin\msvcp140.dll
0x00007ffc94950000 - 0x00007ffc956f2000 	c:\Users\Admin\.vscode\extensions\redhat.java-1.55.0-win32-x64\jre\21.0.11-win32-x86_64\bin\server\jvm.dll
0x00007ffd30530000 - 0x00007ffd305e2000 	C:\Windows\System32\ADVAPI32.dll
0x00007ffd307f0000 - 0x00007ffd30896000 	C:\Windows\System32\sechost.dll
0x00007ffd316c0000 - 0x00007ffd317d9000 	C:\Windows\System32\RPCRT4.dll
0x00007ffd31990000 - 0x00007ffd31a04000 	C:\Windows\System32\WS2_32.dll
0x00007ffd268e0000 - 0x00007ffd26916000 	C:\Windows\SYSTEM32\WINMM.dll
0x00007ffd277e0000 - 0x00007ffd277eb000 	C:\Windows\SYSTEM32\VERSION.dll
0x00007ffd2edc0000 - 0x00007ffd2ee0e000 	C:\Windows\SYSTEM32\POWRPROF.dll
0x00007ffd2eda0000 - 0x00007ffd2edb4000 	C:\Windows\SYSTEM32\UMPDC.dll
0x00007ffd2de70000 - 0x00007ffd2de8a000 	C:\Windows\SYSTEM32\kernel.appcore.dll
0x00007ffd141f0000 - 0x00007ffd141fa000 	c:\Users\Admin\.vscode\extensions\redhat.java-1.55.0-win32-x64\jre\21.0.11-win32-x86_64\bin\jimage.dll
0x00007ffd26ac0000 - 0x00007ffd26d01000 	C:\Windows\SYSTEM32\DBGHELP.DLL
0x00007ffd30bc0000 - 0x00007ffd30f35000 	C:\Windows\System32\combase.dll
0x00007ffd30220000 - 0x00007ffd302f6000 	C:\Windows\System32\OLEAUT32.dll
0x00007ffd152f0000 - 0x00007ffd15329000 	C:\Windows\SYSTEM32\dbgcore.DLL
0x00007ffd2ef20000 - 0x00007ffd2efb9000 	C:\Windows\System32\bcryptPrimitives.dll
0x00007ffd0d4c0000 - 0x00007ffd0d4cf000 	c:\Users\Admin\.vscode\extensions\redhat.java-1.55.0-win32-x64\jre\21.0.11-win32-x86_64\bin\instrument.dll
0x00007ffd054b0000 - 0x00007ffd054d0000 	c:\Users\Admin\.vscode\extensions\redhat.java-1.55.0-win32-x64\jre\21.0.11-win32-x86_64\bin\java.dll
0x00007ffd30f40000 - 0x00007ffd31626000 	C:\Windows\System32\SHELL32.dll
0x00007ffd2cda0000 - 0x00007ffd2d5cb000 	C:\Windows\SYSTEM32\windows.storage.dll
0x00007ffd308a0000 - 0x00007ffd30973000 	C:\Windows\System32\SHCORE.dll
0x00007ffd300f0000 - 0x00007ffd3014d000 	C:\Windows\System32\shlwapi.dll
0x00007ffd2ee40000 - 0x00007ffd2ee64000 	C:\Windows\SYSTEM32\profapi.dll
0x00007ffd16740000 - 0x00007ffd16758000 	c:\Users\Admin\.vscode\extensions\redhat.java-1.55.0-win32-x64\jre\21.0.11-win32-x86_64\bin\zip.dll
0x00007ffd17450000 - 0x00007ffd17460000 	C:\Users\Admin\.vscode\extensions\redhat.java-1.55.0-win32-x64\jre\21.0.11-win32-x86_64\bin\net.dll
0x00007ffd28e90000 - 0x00007ffd28fad000 	C:\Windows\SYSTEM32\WINHTTP.dll
0x00007ffd2e330000 - 0x00007ffd2e398000 	C:\Windows\system32\mswsock.dll
0x00007ffd14500000 - 0x00007ffd14516000 	C:\Users\Admin\.vscode\extensions\redhat.java-1.55.0-win32-x64\jre\21.0.11-win32-x86_64\bin\nio.dll
0x00007ffd0ade0000 - 0x00007ffd0adf0000 	c:\Users\Admin\.vscode\extensions\redhat.java-1.55.0-win32-x64\jre\21.0.11-win32-x86_64\bin\verify.dll
0x00007ffcf06f0000 - 0x00007ffcf0735000 	C:\Users\Admin\AppData\Roaming\Code\User\globalStorage\redhat.java\1.55.0\config_win\org.eclipse.equinox.launcher\org.eclipse.equinox.launcher.win32.win32.x86_64_1.3.100.v20260613-0559\eclipse_11924.dll
0x00007ffd2ff50000 - 0x00007ffd300e5000 	C:\Windows\System32\ole32.dll
0x00007ffd2e5b0000 - 0x00007ffd2e5cc000 	C:\Windows\SYSTEM32\CRYPTSP.dll
0x00007ffd2ddd0000 - 0x00007ffd2de08000 	C:\Windows\system32\rsaenh.dll
0x00007ffd2e3d0000 - 0x00007ffd2e3fb000 	C:\Windows\SYSTEM32\USERENV.dll
0x00007ffd2e7f0000 - 0x00007ffd2e816000 	C:\Windows\SYSTEM32\bcrypt.dll
0x00007ffd2e5d0000 - 0x00007ffd2e5dc000 	C:\Windows\SYSTEM32\CRYPTBASE.dll
0x00007ffd2d860000 - 0x00007ffd2d890000 	C:\Windows\SYSTEM32\IPHLPAPI.DLL
0x00007ffd30980000 - 0x00007ffd3098a000 	C:\Windows\System32\NSI.dll

JVMTI agents:
c:\Users\Admin\.vscode\extensions\redhat.java-1.55.0-win32-x64\lombok\lombok-1.18.39-4050.jar path:c:\Users\Admin\.vscode\extensions\redhat.java-1.55.0-win32-x64\jre\21.0.11-win32-x86_64\bin\instrument.dll, loaded, initialized, instrumentlib options:none

dbghelp: loaded successfully - version: 4.0.5 - missing functions: none
symbol engine: initialized successfully - sym options: 0x614 - pdb path: .;c:\Users\Admin\.vscode\extensions\redhat.java-1.55.0-win32-x64\jre\21.0.11-win32-x86_64\bin;C:\Windows\SYSTEM32;C:\Windows\WinSxS\amd64_microsoft.windows.common-controls_6595b64144ccf1df_6.0.26100.1_none_fc2d3fda0fd46076;c:\Users\Admin\.vscode\extensions\redhat.java-1.55.0-win32-x64\jre\21.0.11-win32-x86_64\bin\server;C:\Users\Admin\AppData\Roaming\Code\User\globalStorage\redhat.java\1.55.0\config_win\org.eclipse.equinox.launcher\org.eclipse.equinox.launcher.win32.win32.x86_64_1.3.100.v20260613-0559

VM Arguments:
jvm_args: --add-modules=ALL-SYSTEM --add-opens=java.base/java.util=ALL-UNNAMED --add-opens=java.base/java.lang=ALL-UNNAMED --add-opens=java.base/sun.nio.fs=ALL-UNNAMED -Declipse.application=org.eclipse.jdt.ls.core.id1 -Dosgi.bundles.defaultStartLevel=4 -Declipse.product=org.eclipse.jdt.ls.core.product -Djava.import.generatesMetadataFilesAtProjectRoot=false -DDetectVMInstallationsJob.disabled=true -Dfile.encoding=utf8 -XX:+UseParallelGC -XX:GCTimeRatio=4 -XX:AdaptiveSizePolicyWeight=90 -Dsun.zip.disableMemoryMapping=true -Xmx2G -Xms100m -Xlog:disable -javaagent:c:\Users\Admin\.vscode\extensions\redhat.java-1.55.0-win32-x64\lombok\lombok-1.18.39-4050.jar -XX:+HeapDumpOnOutOfMemoryError -XX:HeapDumpPath=c:\Users\Admin\AppData\Roaming\Code\User\workspaceStorage\801ed1664cc344b479297c66898efbba\redhat.java -Daether.dependencyCollector.impl=bf 
java_command: c:\Users\Admin\.vscode\extensions\redhat.java-1.55.0-win32-x64\server\plugins\org.eclipse.equinox.launcher_1.7.200.v20260619-2039.jar -configuration c:\Users\Admin\AppData\Roaming\Code\User\globalStorage\redhat.java\1.55.0\config_win -data c:\Users\Admin\AppData\Roaming\Code\User\workspaceStorage\801ed1664cc344b479297c66898efbba\redhat.java\jdt_ws --pipe=\\.\pipe\lsp-20f038b600ab04ee787a1de8ad58ec69-sock
java_class_path (initial): c:\Users\Admin\.vscode\extensions\redhat.java-1.55.0-win32-x64\server\plugins\org.eclipse.equinox.launcher_1.7.200.v20260619-2039.jar
Launcher Type: SUN_STANDARD

[Global flags]
    uintx AdaptiveSizePolicyWeight                 = 90                                        {product} {command line}
     intx CICompilerCount                          = 4                                         {product} {ergonomic}
    uintx GCTimeRatio                              = 4                                         {product} {command line}
     bool HeapDumpOnOutOfMemoryError               = true                                   {manageable} {command line}
    ccstr HeapDumpPath                             = c:\Users\Admin\AppData\Roaming\Code\User\workspaceStorage\801ed1664cc344b479297c66898efbba\redhat.java         {manageable} {command line}
   size_t InitialHeapSize                          = 104857600                                 {product} {command line}
   size_t MaxHeapSize                              = 2147483648                                {product} {command line}
   size_t MaxNewSize                               = 715653120                                 {product} {ergonomic}
   size_t MinHeapDeltaBytes                        = 524288                                    {product} {ergonomic}
   size_t MinHeapSize                              = 104857600                                 {product} {command line}
   size_t NewSize                                  = 34603008                                  {product} {ergonomic}
    uintx NonNMethodCodeHeapSize                   = 5839372                                {pd product} {ergonomic}
    uintx NonProfiledCodeHeapSize                  = 122909434                              {pd product} {ergonomic}
   size_t OldSize                                  = 70254592                                  {product} {ergonomic}
    uintx ProfiledCodeHeapSize                     = 122909434                              {pd product} {ergonomic}
    uintx ReservedCodeCacheSize                    = 251658240                              {pd product} {ergonomic}
     bool SegmentedCodeCache                       = true                                      {product} {ergonomic}
   size_t SoftMaxHeapSize                          = 2147483648                             {manageable} {ergonomic}
     bool UseCompressedOops                        = true                           {product lp64_product} {ergonomic}
     bool UseLargePagesIndividualAllocation        = false                                  {pd product} {ergonomic}
     bool UseParallelGC                            = true                                      {product} {command line}

Logging:
Log output configuration:
 #0: stdout all=off uptime,level,tags foldmultilines=false
 #1: stderr all=off uptime,level,tags foldmultilines=false

Release file:
JAVA_VERSION="21.0.11" 
MODULES="java.base java.compiler java.datatransfer java.xml java.prefs java.desktop java.instrument java.logging java.management java.security.sasl java.naming java.rmi java.management.rmi java.net.http java.scripting java.security.jgss java.transaction.xa java.sql java.sql.rowset java.xml.crypto java.se java.smartcardio jdk.accessibility jdk.internal.jvmstat jdk.attach jdk.charsets jdk.internal.opt jdk.zipfs jdk.compiler jdk.crypto.ec jdk.crypto.cryptoki jdk.crypto.mscapi jdk.dynalink jdk.internal.ed jdk.editpad jdk.hotspot.agent jdk.httpserver jdk.internal.le jdk.internal.vm.ci jdk.internal.vm.compiler jdk.internal.vm.compiler.management jdk.jartool jdk.javadoc jdk.jcmd jdk.management jdk.management.agent jdk.jconsole jdk.jdeps jdk.jdwp.agent jdk.jdi jdk.jfr jdk.jshell jdk.jsobject jdk.jstatd jdk.localedata jdk.management.jfr jdk.naming.dns jdk.naming.rmi jdk.net jdk.nio.mapmode jdk.random jdk.sctp jdk.security.auth jdk.security.jgss jdk.unsupported jdk.unsupported.desktop jdk.xml.dom" 

Environment Variables:
JAVA_HOME=C:\Program Files\Java\jdk-17
PATH=C:\Program Files\Python314\Scripts\;C:\Program Files\Python314\;C:\Windows\system32;C:\Windows;C:\Windows\System32\Wbem;C:\Windows\System32\WindowsPowerShell\v1.0\;C:\Windows\System32\OpenSSH\;C:\Program Files\Git\cmd;C:\Program Files\dotnet\;%ANDROID_HOME%\platform-tools;%ANDROID_HOME%\cmdline-tools\latest\bin;%ANDROID_HOME%\emulator;%JAVA_HOME%\bin;C:\Program Files\nodejs\;C:\Users\Admin\AppData\Local\Microsoft\WindowsApps;C:\flutter\bin;C:\Users\Admin\.dotnet\tools;C:\Users\Admin\AppData\Local\Android\Sdk\platform-tools;C:\Users\Admin\AppData\Local\Programs\Microsoft VS Code\bin;C:\Users\Admin\AppData\Roaming\npm
USERNAME=Admin
OS=Windows_NT
PROCESSOR_IDENTIFIER=AMD64 Family 23 Model 96 Stepping 1, AuthenticAMD
TMP=C:\Users\Admin\AppData\Local\Temp
TEMP=C:\Users\Admin\AppData\Local\Temp




Periodic native trim disabled

---------------  S Y S T E M  ---------------

OS:
 Windows 11 , 64 bit Build 26100 (10.0.26100.1)
OS uptime: 0 days 1:03 hours

CPU: total 12 (initial active 12) (12 cores per cpu, 2 threads per core) family 23 model 96 stepping 1 microcode 0x8600106, cx8, cmov, fxsr, ht, mmx, 3dnowpref, sse, sse2, sse3, ssse3, sse4a, sse4.1, sse4.2, popcnt, lzcnt, tsc, tscinvbit, avx, avx2, aes, clmul, bmi1, bmi2, adx, sha, fma, vzeroupper, clflush, clflushopt, rdtscp, rdpid, f16c
Processor Information for the first 12 processors :
  Max Mhz: 3001, Current Mhz: 2011, Mhz Limit: 3001

Memory: 4k page, system-wide physical 7598M (789M free)
TotalPageFile size 13742M (AvailPageFile size 2M)
current process WorkingSet (physical memory assigned to process): 173M, peak: 173M
current process commit charge ("private bytes"): 308M, peak: 309M

vm_info: OpenJDK 64-Bit Server VM (21.0.11+10-LTS) for windows-amd64 JRE (21.0.11+10-LTS), built on 2026-04-21T00:00:00Z by "admin" with MS VC++ 17.12 (VS2022)

END.
