#
# There is insufficient memory for the Java Runtime Environment to continue.
# Native memory allocation (malloc) failed to allocate 190480 bytes. Error detail: Chunk::new
# Possible reasons:
#   The system is out of physical RAM or swap space
#   This process is running with CompressedOops enabled, and the Java Heap may be blocking the growth of the native heap
# Possible solutions:
#   Reduce memory load on the system
#   Increase physical memory or swap space
#   Check if swap backing store is full
#   Decrease Java heap size (-Xmx/-Xms)
#   Decrease number of Java threads
#   Decrease Java thread stack sizes (-Xss)
#   Set larger code cache with -XX:ReservedCodeCacheSize=
#   JVM is running with Unscaled Compressed Oops mode in which the Java heap is
#     placed in the first 4GB address space. The Java Heap base address is the
#     maximum limit for the native heap growth. Please use -XX:HeapBaseMinAddress
#     to set the Java Heap base and to place the Java Heap above 4GB virtual address.
# This output file may be truncated or incomplete.
#
#  Out of Memory Error (arena.cpp:168), pid=24960, tid=7764
#
# JRE version: OpenJDK Runtime Environment Temurin-21.0.11+10 (21.0.11+10) (build 21.0.11+10-LTS)
# Java VM: OpenJDK 64-Bit Server VM Temurin-21.0.11+10 (21.0.11+10-LTS, mixed mode, sharing, tiered, compressed oops, compressed class ptrs, parallel gc, windows-amd64)
# No core dump will be written. Minidumps are not enabled by default on client versions of Windows
#

---------------  S U M M A R Y ------------

Command Line: --add-modules=ALL-SYSTEM --add-opens=java.base/java.util=ALL-UNNAMED --add-opens=java.base/java.lang=ALL-UNNAMED --add-opens=java.base/sun.nio.fs=ALL-UNNAMED -Declipse.application=org.eclipse.jdt.ls.core.id1 -Dosgi.bundles.defaultStartLevel=4 -Declipse.product=org.eclipse.jdt.ls.core.product -Djava.import.generatesMetadataFilesAtProjectRoot=false -DDetectVMInstallationsJob.disabled=true -Dfile.encoding=utf8 -XX:+UseParallelGC -XX:GCTimeRatio=4 -XX:AdaptiveSizePolicyWeight=90 -Dsun.zip.disableMemoryMapping=true -Xmx2G -Xms100m -Xlog:disable -javaagent:c:\Users\Admin\.vscode\extensions\redhat.java-1.55.0-win32-x64\lombok\lombok-1.18.39-4050.jar c:\Users\Admin\.vscode\extensions\redhat.java-1.55.0-win32-x64\server\plugins\org.eclipse.equinox.launcher_1.7.200.v20260619-2039.jar -configuration c:\Users\Admin\AppData\Roaming\Code\User\globalStorage\redhat.java\1.55.0\config_ss_win -data c:\Users\Admin\AppData\Roaming\Code\User\workspaceStorage\801ed1664cc344b479297c66898efbba\redhat.java\ss_ws --pipe=\\.\pipe\lsp-b8fa30a4a2ac75b98f7cb398640939dd-sock

Host: AMD Ryzen 5 4600H with Radeon Graphics         , 12 cores, 7G,  Windows 11 , 64 bit Build 26100 (10.0.26100.1)
Time: Mon Jul  6 08:58:41 2026 Malay Peninsula Standard Time elapsed time: 14.087193 seconds (0d 0h 0m 14s)

---------------  T H R E A D  ---------------

Current thread (0x000001f98ca29dd0):  JavaThread "C2 CompilerThread0" daemon [_thread_in_native, id=7764, stack(0x0000004e5b700000,0x0000004e5b800000) (1024K)]


Current CompileTask:
C2:14087 3303       4       org.lombokweb.asm.ClassReader::readMethod (1070 bytes)

Stack: [0x0000004e5b700000,0x0000004e5b800000]
Native frames: (J=compiled Java code, j=interpreted, Vv=VM code, C=native code)
V  [jvm.dll+0x6d7e19]
V  [jvm.dll+0x8b5096]
V  [jvm.dll+0x8b764e]
V  [jvm.dll+0x8b7d33]
V  [jvm.dll+0x284596]
V  [jvm.dll+0xc685d]
V  [jvm.dll+0xc6da1]
V  [jvm.dll+0x1422bf]
V  [jvm.dll+0x6605f2]
V  [jvm.dll+0x664ae6]
V  [jvm.dll+0x24c57b]
V  [jvm.dll+0x24bce0]
V  [jvm.dll+0x1cb4ae]
V  [jvm.dll+0x25baad]
V  [jvm.dll+0x25a03a]
V  [jvm.dll+0x3f868e]
V  [jvm.dll+0x85fb0d]
V  [jvm.dll+0x6d664d]
C  [ucrtbase.dll+0x43340]
C  [KERNEL32.DLL+0x31fd7]
C  [ntdll.dll+0x6d7d0]


---------------  P R O C E S S  ---------------

Threads class SMR info:
_java_thread_list=0x000001f9ec19f440, length=31, elements={
0x000001f98c96d5e0, 0x000001f98ca18050, 0x000001f98ca1a3c0, 0x000001f98ca1cc20,
0x000001f98ca1f690, 0x000001f98ca20930, 0x000001f98ca24b50, 0x000001f98ca29dd0,
0x000001f9e6021f80, 0x000001f9e628a930, 0x000001f9e6272970, 0x000001f9eb46b630,
0x000001f9eb46bca0, 0x000001f9eb46c580, 0x000001f9ebdcb2c0, 0x000001f9ebdcb930,
0x000001f9eb43a030, 0x000001f9eb539900, 0x000001f9eb9984b0, 0x000001f9eb997790,
0x000001f9eb9956c0, 0x000001f9eb997e20, 0x000001f9eb995030, 0x000001f9eb997100,
0x000001f9eb995d50, 0x000001f9eb9963e0, 0x000001f9eb996a70, 0x000001f9ebc302e0,
0x000001f9ebc2ef30, 0x000001f9ebc2fc50, 0x000001f9ebc2e210
}

Java Threads: ( => current thread )
  0x000001f98c96d5e0 JavaThread "main"                              [_thread_blocked, id=24884, stack(0x0000004e5ad00000,0x0000004e5ae00000) (1024K)]
  0x000001f98ca18050 JavaThread "Reference Handler"          daemon [_thread_blocked, id=11464, stack(0x0000004e5b100000,0x0000004e5b200000) (1024K)]
  0x000001f98ca1a3c0 JavaThread "Finalizer"                  daemon [_thread_blocked, id=12184, stack(0x0000004e5b200000,0x0000004e5b300000) (1024K)]
  0x000001f98ca1cc20 JavaThread "Signal Dispatcher"          daemon [_thread_blocked, id=12220, stack(0x0000004e5b300000,0x0000004e5b400000) (1024K)]
  0x000001f98ca1f690 JavaThread "Attach Listener"            daemon [_thread_blocked, id=11760, stack(0x0000004e5b400000,0x0000004e5b500000) (1024K)]
  0x000001f98ca20930 JavaThread "Service Thread"             daemon [_thread_blocked, id=8880, stack(0x0000004e5b500000,0x0000004e5b600000) (1024K)]
  0x000001f98ca24b50 JavaThread "Monitor Deflation Thread"   daemon [_thread_blocked, id=8752, stack(0x0000004e5b600000,0x0000004e5b700000) (1024K)]
=>0x000001f98ca29dd0 JavaThread "C2 CompilerThread0"         daemon [_thread_in_native, id=7764, stack(0x0000004e5b700000,0x0000004e5b800000) (1024K)]
  0x000001f9e6021f80 JavaThread "C1 CompilerThread0"         daemon [_thread_in_vm, id=11308, stack(0x0000004e5b800000,0x0000004e5b900000) (1024K)]
  0x000001f9e628a930 JavaThread "Common-Cleaner"             daemon [_thread_blocked, id=2724, stack(0x0000004e5b900000,0x0000004e5ba00000) (1024K)]
  0x000001f9e6272970 JavaThread "Notification Thread"        daemon [_thread_blocked, id=12060, stack(0x0000004e5ba00000,0x0000004e5bb00000) (1024K)]
  0x000001f9eb46b630 JavaThread "Equinox resolver thread - Equinox Container: f3ff517d-66e1-4f18-9ee3-b1158fe9fe00" daemon [_thread_blocked, id=20220, stack(0x0000004e5c300000,0x0000004e5c400000) (1024K)]
  0x000001f9eb46bca0 JavaThread "Equinox resolver thread - Equinox Container: f3ff517d-66e1-4f18-9ee3-b1158fe9fe00" daemon [_thread_blocked, id=25592, stack(0x0000004e5c400000,0x0000004e5c500000) (1024K)]
  0x000001f9eb46c580 JavaThread "Equinox resolver thread - Equinox Container: f3ff517d-66e1-4f18-9ee3-b1158fe9fe00" daemon [_thread_blocked, id=23068, stack(0x0000004e5c500000,0x0000004e5c600000) (1024K)]
  0x000001f9ebdcb2c0 JavaThread "Equinox resolver thread - Equinox Container: f3ff517d-66e1-4f18-9ee3-b1158fe9fe00" daemon [_thread_blocked, id=15696, stack(0x0000004e5c600000,0x0000004e5c700000) (1024K)]
  0x000001f9ebdcb930 JavaThread "Equinox resolver thread - Equinox Container: f3ff517d-66e1-4f18-9ee3-b1158fe9fe00" daemon [_thread_blocked, id=16052, stack(0x0000004e5c700000,0x0000004e5c800000) (1024K)]
  0x000001f9eb43a030 JavaThread "Equinox resolver thread - Equinox Container: f3ff517d-66e1-4f18-9ee3-b1158fe9fe00" daemon [_thread_blocked, id=25556, stack(0x0000004e5c800000,0x0000004e5c900000) (1024K)]
  0x000001f9eb539900 JavaThread "Active Thread: Equinox Container: f3ff517d-66e1-4f18-9ee3-b1158fe9fe00"        [_thread_blocked, id=25548, stack(0x0000004e5c900000,0x0000004e5ca00000) (1024K)]
  0x000001f9eb9984b0 JavaThread "Framework Event Dispatcher: Equinox Container: f3ff517d-66e1-4f18-9ee3-b1158fe9fe00" daemon [_thread_blocked, id=12348, stack(0x0000004e5c200000,0x0000004e5c300000) (1024K)]
  0x000001f9eb997790 JavaThread "Start Level: Equinox Container: f3ff517d-66e1-4f18-9ee3-b1158fe9fe00" daemon [_thread_in_native, id=12304, stack(0x0000004e5ca00000,0x0000004e5cb00000) (1024K)]
  0x000001f9eb9956c0 JavaThread "Refresh Thread: Equinox Container: f3ff517d-66e1-4f18-9ee3-b1158fe9fe00" daemon [_thread_blocked, id=3492, stack(0x0000004e5cd00000,0x0000004e5ce00000) (1024K)]
  0x000001f9eb997e20 JavaThread "Equinox resolver thread - Equinox Container: f3ff517d-66e1-4f18-9ee3-b1158fe9fe00" daemon [_thread_blocked, id=25088, stack(0x0000004e5ce00000,0x0000004e5cf00000) (1024K)]
  0x000001f9eb995030 JavaThread "Equinox resolver thread - Equinox Container: f3ff517d-66e1-4f18-9ee3-b1158fe9fe00" daemon [_thread_blocked, id=5524, stack(0x0000004e5cf00000,0x0000004e5d000000) (1024K)]
  0x000001f9eb997100 JavaThread "Equinox resolver thread - Equinox Container: f3ff517d-66e1-4f18-9ee3-b1158fe9fe00" daemon [_thread_blocked, id=25060, stack(0x0000004e5d000000,0x0000004e5d100000) (1024K)]
  0x000001f9eb995d50 JavaThread "Equinox resolver thread - Equinox Container: f3ff517d-66e1-4f18-9ee3-b1158fe9fe00" daemon [_thread_blocked, id=25020, stack(0x0000004e5d100000,0x0000004e5d200000) (1024K)]
  0x000001f9eb9963e0 JavaThread "Equinox resolver thread - Equinox Container: f3ff517d-66e1-4f18-9ee3-b1158fe9fe00" daemon [_thread_blocked, id=25096, stack(0x0000004e5d200000,0x0000004e5d300000) (1024K)]
  0x000001f9eb996a70 JavaThread "Equinox resolver thread - Equinox Container: f3ff517d-66e1-4f18-9ee3-b1158fe9fe00" daemon [_thread_blocked, id=5676, stack(0x0000004e5d300000,0x0000004e5d400000) (1024K)]
  0x000001f9ebc302e0 JavaThread "SCR Component Actor"        daemon [_thread_blocked, id=17140, stack(0x0000004e5d400000,0x0000004e5d500000) (1024K)]
  0x000001f9ebc2ef30 JavaThread "Worker-JM"                         [_thread_blocked, id=9516, stack(0x0000004e5d700000,0x0000004e5d800000) (1024K)]
  0x000001f9ebc2fc50 JavaThread "Worker-0"                          [_thread_blocked, id=23360, stack(0x0000004e5c100000,0x0000004e5c200000) (1024K)]
  0x000001f9ebc2e210 JavaThread "Worker-1"                          [_thread_blocked, id=24584, stack(0x0000004e5cc00000,0x0000004e5cd00000) (1024K)]
Total: 31

Other Threads:
  0x000001f98ca0eb30 VMThread "VM Thread"                           [id=22644, stack(0x0000004e5b000000,0x0000004e5b100000) (1024K)]
  0x000001f9a3a3ca00 WatcherThread "VM Periodic Task Thread"        [id=24892, stack(0x0000004e5af00000,0x0000004e5b000000) (1024K)]
  0x000001f98c98aae0 WorkerThread "GC Thread#0"                     [id=24928, stack(0x0000004e5ae00000,0x0000004e5af00000) (1024K)]
  0x000001f9eb1129b0 WorkerThread "GC Thread#1"                     [id=25388, stack(0x0000004e5bb00000,0x0000004e5bc00000) (1024K)]
  0x000001f9eb31f890 WorkerThread "GC Thread#2"                     [id=25392, stack(0x0000004e5bc00000,0x0000004e5bd00000) (1024K)]
  0x000001f9eb0a37a0 WorkerThread "GC Thread#3"                     [id=25396, stack(0x0000004e5bd00000,0x0000004e5be00000) (1024K)]
  0x000001f9eb0a3b50 WorkerThread "GC Thread#4"                     [id=25400, stack(0x0000004e5be00000,0x0000004e5bf00000) (1024K)]
  0x000001f9eb01e0b0 WorkerThread "GC Thread#5"                     [id=25408, stack(0x0000004e5bf00000,0x0000004e5c000000) (1024K)]
  0x000001f9eb01e460 WorkerThread "GC Thread#6"                     [id=25352, stack(0x0000004e5c000000,0x0000004e5c100000) (1024K)]
  0x000001f9eb9c40b0 WorkerThread "GC Thread#7"                     [id=12352, stack(0x0000004e5cb00000,0x0000004e5cc00000) (1024K)]
  0x000001f9ed0359f0 WorkerThread "GC Thread#8"                     [id=25304, stack(0x0000004e5d500000,0x0000004e5d600000) (1024K)]
  0x000001f9ecedefe0 WorkerThread "GC Thread#9"                     [id=25444, stack(0x0000004e5d600000,0x0000004e5d700000) (1024K)]
Total: 12

Threads with active compile tasks:
C2 CompilerThread0  14120 3303       4       org.lombokweb.asm.ClassReader::readMethod (1070 bytes)
C1 CompilerThread0  14120 3354       1       org.eclipse.osgi.internal.loader.EquinoxClassLoader::getDebug (5 bytes)
Total: 2

VM state: not at safepoint (normal execution)

VM Mutex/Monitor currently owned by a thread:  ([mutex/lock_event])
[0x00007ffc9b73d4f0] Metaspace_lock - owner thread: 0x000001f9eb997790
[0x00007ffc9b73e570] CompileThread_lock - owner thread: 0x000001f9e6021f80

Heap address: 0x0000000080000000, size: 2048 MB, Compressed Oops mode: 32-bit

CDS archive(s) mapped at: [0x000001f9a4000000-0x000001f9a4ba0000-0x000001f9a4ba0000), size 12189696, SharedBaseAddress: 0x000001f9a4000000, ArchiveRelocationMode: 1.
Compressed class space mapped at: 0x000001f9a5000000-0x000001f9e5000000, reserved size: 1073741824
Narrow klass base: 0x000001f9a4000000, Narrow klass shift: 0, Narrow klass range: 0x100000000

GC Precious Log:
 CardTable entry size: 512
 CPUs: 12 total, 12 available
 Memory: 7598M
 Large Page Support: Disabled
 NUMA Support: Disabled
 Compressed Oops: Enabled (32-bit)
 Alignments: Space 512K, Generation 512K, Heap 2M
 Heap Min Capacity: 100M
 Heap Initial Capacity: 100M
 Heap Max Capacity: 2G
 Pre-touch: Disabled
 Parallel Workers: 10

Heap:
 PSYoungGen      total 28160K, used 19067K [0x00000000d5580000, 0x00000000d7580000, 0x0000000100000000)
  eden space 24576K, 77% used [0x00000000d5580000,0x00000000d681ed10,0x00000000d6d80000)
  from space 3584K, 0% used [0x00000000d6e80000,0x00000000d6e80000,0x00000000d7200000)
  to   space 3584K, 0% used [0x00000000d7200000,0x00000000d7200000,0x00000000d7580000)
 ParOldGen       total 68608K, used 10523K [0x0000000080000000, 0x0000000084300000, 0x00000000d5580000)
  object space 68608K, 15% used [0x0000000080000000,0x0000000080a46c70,0x0000000084300000)
 Metaspace       used 21904K, committed 22528K, reserved 1114112K
  class space    used 2094K, committed 2368K, reserved 1048576K

Card table byte_map: [0x000001f99ee70000,0x000001f99f280000] _byte_map_base: 0x000001f99ea70000

Marking Bits: (ParMarkBitMap*) 0x00007ffc9b744460
 Begin Bits: [0x000001f99f530000, 0x000001f9a1530000)
 End Bits:   [0x000001f9a1530000, 0x000001f9a3530000)

Polling page: 0x000001f98b0d0000

Metaspace:

Usage:
  Non-class:     19.35 MB used.
      Class:      2.05 MB used.
       Both:     21.39 MB used.

Virtual space:
  Non-class space:       64.00 MB reserved,      19.69 MB ( 31%) committed,  1 nodes.
      Class space:        1.00 GB reserved,       2.31 MB ( <1%) committed,  1 nodes.
             Both:        1.06 GB reserved,      22.00 MB (  2%) committed. 

Chunk freelists:
   Non-Class:  11.81 MB
       Class:  13.48 MB
        Both:  25.30 MB

MaxMetaspaceSize: unlimited
CompressedClassSpaceSize: 1.00 GB
Initial GC threshold: 21.00 MB
Current GC threshold: 35.00 MB
CDS: on
 - commit_granule_bytes: 65536.
 - commit_granule_words: 8192.
 - virtual_space_node_default_size: 8388608.
 - enlarge_chunks_in_place: 1.
 - use_allocation_guard: 0.


Internal statistics:

num_allocs_failed_limit: 3.
num_arena_births: 456.
num_arena_deaths: 14.
num_vsnodes_births: 2.
num_vsnodes_deaths: 0.
num_space_committed: 352.
num_space_uncommitted: 0.
num_chunks_returned_to_freelist: 17.
num_chunks_taken_from_freelist: 1253.
num_chunk_merges: 7.
num_chunk_splits: 822.
num_chunks_enlarged: 557.
num_inconsistent_stats: 0.

CodeHeap 'non-profiled nmethods': size=120000Kb used=1466Kb max_used=1466Kb free=118533Kb
 bounds [0x000001f997760000, 0x000001f9979d0000, 0x000001f99ec90000]
CodeHeap 'profiled nmethods': size=120000Kb used=7059Kb max_used=7059Kb free=112940Kb
 bounds [0x000001f98fc90000, 0x000001f990380000, 0x000001f9971c0000]
CodeHeap 'non-nmethods': size=5760Kb used=1305Kb max_used=1312Kb free=4454Kb
 bounds [0x000001f9971c0000, 0x000001f997430000, 0x000001f997760000]
CodeCache: size=245760Kb, used=9830Kb, max_used=9837Kb, free=235927Kb
 total_blobs=3924, nmethods=3338, adapters=492, full_count=0
Compilation: enabled, stopped_count=0, restarted_count=0

Compilation events (20 events):
Event: 11.018 Thread 0x000001f9e6021f80 3341       3       org.eclipse.core.runtime.preferences.IEclipsePreferences$PreferenceChangeEvent::<init> (41 bytes)
Event: 11.019 Thread 0x000001f9e6021f80 nmethod 3341 0x000001f990369290 code [0x000001f990369480, 0x000001f9903699f0]
Event: 11.019 Thread 0x000001f9e6021f80 3342   !   3       org.eclipse.core.internal.preferences.EclipsePreferences::getChild (92 bytes)
Event: 11.019 Thread 0x000001f9e6021f80 nmethod 3342 0x000001f990369b90 code [0x000001f990369dc0, 0x000001f99036a6e0]
Event: 11.019 Thread 0x000001f9e6021f80 3343       3       org.eclipse.core.internal.preferences.EclipsePreferences::absolutePath (79 bytes)
Event: 12.023 Thread 0x000001f9e6021f80 nmethod 3343 0x000001f99036a990 code [0x000001f99036afe0, 0x000001f99036f3c8]
Event: 12.031 Thread 0x000001f9e6021f80 3344       3       org.eclipse.core.internal.preferences.PreferencesService::getRootNode (4 bytes)
Event: 12.031 Thread 0x000001f9e6021f80 nmethod 3344 0x000001f990370710 code [0x000001f9903708a0, 0x000001f9903709b8]
Event: 12.031 Thread 0x000001f9e6021f80 3345       3       org.eclipse.core.internal.preferences.RootPreferences::node (7 bytes)
Event: 12.031 Thread 0x000001f9e6021f80 nmethod 3345 0x000001f990370a90 code [0x000001f990370c40, 0x000001f990370d88]
Event: 12.031 Thread 0x000001f9e6021f80 3346       3       org.eclipse.core.internal.preferences.RootPreferences::getNode (135 bytes)
Event: 12.033 Thread 0x000001f9e6021f80 nmethod 3346 0x000001f990370e10 code [0x000001f990371160, 0x000001f990372500]
Event: 12.033 Thread 0x000001f9e6021f80 3347   !   3       org.eclipse.core.internal.preferences.EclipsePreferences::getOrCreate (108 bytes)
Event: 12.034 Thread 0x000001f9e6021f80 nmethod 3347 0x000001f990372c10 code [0x000001f990372e60, 0x000001f990373920]
Event: 12.034 Thread 0x000001f9e6021f80 3348       3       java.lang.StringConcatHelper::prepend (22 bytes)
Event: 12.034 Thread 0x000001f9e6021f80 nmethod 3348 0x000001f990373d10 code [0x000001f990373ec0, 0x000001f990374048]
Event: 12.037 Thread 0x000001f9e6021f80 3349       3       java.io.File::isFile (34 bytes)
Event: 12.038 Thread 0x000001f9e6021f80 nmethod 3349 0x000001f990374110 code [0x000001f990374300, 0x000001f990374708]
Event: 12.733 Thread 0x000001f9e6021f80 3350       3       java.util.concurrent.locks.LockSupport::setBlocker (12 bytes)
Event: 12.734 Thread 0x000001f9e6021f80 nmethod 3350 0x000001f990374890 code [0x000001f990374a40, 0x000001f990374c48]

GC Heap History (16 events):
Event: 1.841 GC heap before
{Heap before GC invocations=1 (full 0):
 PSYoungGen      total 29696K, used 25600K [0x00000000d5580000, 0x00000000d7680000, 0x0000000100000000)
  eden space 25600K, 100% used [0x00000000d5580000,0x00000000d6e80000,0x00000000d6e80000)
  from space 4096K, 0% used [0x00000000d7280000,0x00000000d7280000,0x00000000d7680000)
  to   space 4096K, 0% used [0x00000000d6e80000,0x00000000d6e80000,0x00000000d7280000)
 ParOldGen       total 68608K, used 0K [0x0000000080000000, 0x0000000084300000, 0x00000000d5580000)
  object space 68608K, 0% used [0x0000000080000000,0x0000000080000000,0x0000000084300000)
 Metaspace       used 4493K, committed 4672K, reserved 1114112K
  class space    used 493K, committed 576K, reserved 1048576K
}
Event: 1.861 GC heap after
{Heap after GC invocations=1 (full 0):
 PSYoungGen      total 29696K, used 3248K [0x00000000d5580000, 0x00000000d7680000, 0x0000000100000000)
  eden space 25600K, 0% used [0x00000000d5580000,0x00000000d5580000,0x00000000d6e80000)
  from space 4096K, 79% used [0x00000000d6e80000,0x00000000d71ac148,0x00000000d7280000)
  to   space 4096K, 0% used [0x00000000d7280000,0x00000000d7280000,0x00000000d7680000)
 ParOldGen       total 68608K, used 16K [0x0000000080000000, 0x0000000084300000, 0x00000000d5580000)
  object space 68608K, 0% used [0x0000000080000000,0x0000000080004000,0x0000000084300000)
 Metaspace       used 4493K, committed 4672K, reserved 1114112K
  class space    used 493K, committed 576K, reserved 1048576K
}
Event: 4.305 GC heap before
{Heap before GC invocations=2 (full 0):
 PSYoungGen      total 29696K, used 28848K [0x00000000d5580000, 0x00000000d7680000, 0x0000000100000000)
  eden space 25600K, 100% used [0x00000000d5580000,0x00000000d6e80000,0x00000000d6e80000)
  from space 4096K, 79% used [0x00000000d6e80000,0x00000000d71ac148,0x00000000d7280000)
  to   space 4096K, 0% used [0x00000000d7280000,0x00000000d7280000,0x00000000d7680000)
 ParOldGen       total 68608K, used 16K [0x0000000080000000, 0x0000000084300000, 0x00000000d5580000)
  object space 68608K, 0% used [0x0000000080000000,0x0000000080004000,0x0000000084300000)
 Metaspace       used 8374K, committed 8640K, reserved 1114112K
  class space    used 891K, committed 1024K, reserved 1048576K
}
Event: 4.315 GC heap after
{Heap after GC invocations=2 (full 0):
 PSYoungGen      total 29696K, used 4087K [0x00000000d5580000, 0x00000000d7680000, 0x0000000100000000)
  eden space 25600K, 0% used [0x00000000d5580000,0x00000000d5580000,0x00000000d6e80000)
  from space 4096K, 99% used [0x00000000d7280000,0x00000000d767de88,0x00000000d7680000)
  to   space 4096K, 0% used [0x00000000d6e80000,0x00000000d6e80000,0x00000000d7280000)
 ParOldGen       total 68608K, used 52K [0x0000000080000000, 0x0000000084300000, 0x00000000d5580000)
  object space 68608K, 0% used [0x0000000080000000,0x000000008000d010,0x0000000084300000)
 Metaspace       used 8374K, committed 8640K, reserved 1114112K
  class space    used 891K, committed 1024K, reserved 1048576K
}
Event: 5.168 GC heap before
{Heap before GC invocations=3 (full 0):
 PSYoungGen      total 29696K, used 29687K [0x00000000d5580000, 0x00000000d7680000, 0x0000000100000000)
  eden space 25600K, 100% used [0x00000000d5580000,0x00000000d6e80000,0x00000000d6e80000)
  from space 4096K, 99% used [0x00000000d7280000,0x00000000d767de88,0x00000000d7680000)
  to   space 4096K, 0% used [0x00000000d6e80000,0x00000000d6e80000,0x00000000d7280000)
 ParOldGen       total 68608K, used 52K [0x0000000080000000, 0x0000000084300000, 0x00000000d5580000)
  object space 68608K, 0% used [0x0000000080000000,0x000000008000d010,0x0000000084300000)
 Metaspace       used 8865K, committed 9152K, reserved 1114112K
  class space    used 924K, committed 1088K, reserved 1048576K
}
Event: 5.188 GC heap after
{Heap after GC invocations=3 (full 0):
 PSYoungGen      total 29696K, used 4066K [0x00000000d5580000, 0x00000000d7680000, 0x0000000100000000)
  eden space 25600K, 0% used [0x00000000d5580000,0x00000000d5580000,0x00000000d6e80000)
  from space 4096K, 99% used [0x00000000d6e80000,0x00000000d72788f0,0x00000000d7280000)
  to   space 4096K, 0% used [0x00000000d7280000,0x00000000d7280000,0x00000000d7680000)
 ParOldGen       total 68608K, used 6386K [0x0000000080000000, 0x0000000084300000, 0x00000000d5580000)
  object space 68608K, 9% used [0x0000000080000000,0x000000008063c910,0x0000000084300000)
 Metaspace       used 8865K, committed 9152K, reserved 1114112K
  class space    used 924K, committed 1088K, reserved 1048576K
}
Event: 6.496 GC heap before
{Heap before GC invocations=4 (full 0):
 PSYoungGen      total 29696K, used 29666K [0x00000000d5580000, 0x00000000d7680000, 0x0000000100000000)
  eden space 25600K, 100% used [0x00000000d5580000,0x00000000d6e80000,0x00000000d6e80000)
  from space 4096K, 99% used [0x00000000d6e80000,0x00000000d72788f0,0x00000000d7280000)
  to   space 4096K, 0% used [0x00000000d7280000,0x00000000d7280000,0x00000000d7680000)
 ParOldGen       total 68608K, used 6386K [0x0000000080000000, 0x0000000084300000, 0x00000000d5580000)
  object space 68608K, 9% used [0x0000000080000000,0x000000008063c910,0x0000000084300000)
 Metaspace       used 12618K, committed 13056K, reserved 1114112K
  class space    used 1323K, committed 1536K, reserved 1048576K
}
Event: 6.507 GC heap after
{Heap after GC invocations=4 (full 0):
 PSYoungGen      total 29696K, used 4064K [0x00000000d5580000, 0x00000000d7680000, 0x0000000100000000)
  eden space 25600K, 0% used [0x00000000d5580000,0x00000000d5580000,0x00000000d6e80000)
  from space 4096K, 99% used [0x00000000d7280000,0x00000000d76782d8,0x00000000d7680000)
  to   space 4096K, 0% used [0x00000000d6e80000,0x00000000d6e80000,0x00000000d7280000)
 ParOldGen       total 68608K, used 8039K [0x0000000080000000, 0x0000000084300000, 0x00000000d5580000)
  object space 68608K, 11% used [0x0000000080000000,0x00000000807d9c40,0x0000000084300000)
 Metaspace       used 12618K, committed 13056K, reserved 1114112K
  class space    used 1323K, committed 1536K, reserved 1048576K
}
Event: 9.562 GC heap before
{Heap before GC invocations=5 (full 0):
 PSYoungGen      total 29696K, used 29664K [0x00000000d5580000, 0x00000000d7680000, 0x0000000100000000)
  eden space 25600K, 100% used [0x00000000d5580000,0x00000000d6e80000,0x00000000d6e80000)
  from space 4096K, 99% used [0x00000000d7280000,0x00000000d76782d8,0x00000000d7680000)
  to   space 4096K, 0% used [0x00000000d6e80000,0x00000000d6e80000,0x00000000d7280000)
 ParOldGen       total 68608K, used 8039K [0x0000000080000000, 0x0000000084300000, 0x00000000d5580000)
  object space 68608K, 11% used [0x0000000080000000,0x00000000807d9c40,0x0000000084300000)
 Metaspace       used 17099K, committed 17792K, reserved 1114112K
  class space    used 1756K, committed 2048K, reserved 1048576K
}
Event: 10.567 GC heap after
{Heap after GC invocations=5 (full 0):
 PSYoungGen      total 29184K, used 4079K [0x00000000d5580000, 0x00000000d7a00000, 0x0000000100000000)
  eden space 25088K, 0% used [0x00000000d5580000,0x00000000d5580000,0x00000000d6e00000)
  from space 4096K, 99% used [0x00000000d6e80000,0x00000000d727bd30,0x00000000d7280000)
  to   space 6144K, 0% used [0x00000000d7400000,0x00000000d7400000,0x00000000d7a00000)
 ParOldGen       total 68608K, used 9794K [0x0000000080000000, 0x0000000084300000, 0x00000000d5580000)
  object space 68608K, 14% used [0x0000000080000000,0x0000000080990968,0x0000000084300000)
 Metaspace       used 17099K, committed 17792K, reserved 1114112K
  class space    used 1756K, committed 2048K, reserved 1048576K
}
Event: 10.849 GC heap before
{Heap before GC invocations=6 (full 0):
 PSYoungGen      total 29184K, used 29167K [0x00000000d5580000, 0x00000000d7a00000, 0x0000000100000000)
  eden space 25088K, 100% used [0x00000000d5580000,0x00000000d6e00000,0x00000000d6e00000)
  from space 4096K, 99% used [0x00000000d6e80000,0x00000000d727bd30,0x00000000d7280000)
  to   space 6144K, 0% used [0x00000000d7400000,0x00000000d7400000,0x00000000d7a00000)
 ParOldGen       total 68608K, used 9794K [0x0000000080000000, 0x0000000084300000, 0x00000000d5580000)
  object space 68608K, 14% used [0x0000000080000000,0x0000000080990968,0x0000000084300000)
 Metaspace       used 20280K, committed 20992K, reserved 1114112K
  class space    used 1977K, committed 2304K, reserved 1048576K
}
Event: 10.852 GC heap after
{Heap after GC invocations=6 (full 0):
 PSYoungGen      total 29184K, used 4470K [0x00000000d5580000, 0x00000000d7880000, 0x0000000100000000)
  eden space 24576K, 0% used [0x00000000d5580000,0x00000000d5580000,0x00000000d6d80000)
  from space 4608K, 97% used [0x00000000d7400000,0x00000000d785d8a0,0x00000000d7880000)
  to   space 5120K, 0% used [0x00000000d6e80000,0x00000000d6e80000,0x00000000d7380000)
 ParOldGen       total 68608K, used 9794K [0x0000000080000000, 0x0000000084300000, 0x00000000d5580000)
  object space 68608K, 14% used [0x0000000080000000,0x0000000080990968,0x0000000084300000)
 Metaspace       used 20280K, committed 20992K, reserved 1114112K
  class space    used 1977K, committed 2304K, reserved 1048576K
}
Event: 10.895 GC heap before
{Heap before GC invocations=7 (full 0):
 PSYoungGen      total 29184K, used 10451K [0x00000000d5580000, 0x00000000d7880000, 0x0000000100000000)
  eden space 24576K, 24% used [0x00000000d5580000,0x00000000d5b574a0,0x00000000d6d80000)
  from space 4608K, 97% used [0x00000000d7400000,0x00000000d785d8a0,0x00000000d7880000)
  to   space 5120K, 0% used [0x00000000d6e80000,0x00000000d6e80000,0x00000000d7380000)
 ParOldGen       total 68608K, used 9794K [0x0000000080000000, 0x0000000084300000, 0x00000000d5580000)
  object space 68608K, 14% used [0x0000000080000000,0x0000000080990968,0x0000000084300000)
 Metaspace       used 20890K, committed 21504K, reserved 1114112K
  class space    used 2014K, committed 2304K, reserved 1048576K
}
Event: 10.899 GC heap after
{Heap after GC invocations=7 (full 0):
 PSYoungGen      total 28160K, used 3465K [0x00000000d5580000, 0x00000000d7580000, 0x0000000100000000)
  eden space 24576K, 0% used [0x00000000d5580000,0x00000000d5580000,0x00000000d6d80000)
  from space 3584K, 96% used [0x00000000d6e80000,0x00000000d71e2778,0x00000000d7200000)
  to   space 3584K, 0% used [0x00000000d7200000,0x00000000d7200000,0x00000000d7580000)
 ParOldGen       total 68608K, used 10888K [0x0000000080000000, 0x0000000084300000, 0x00000000d5580000)
  object space 68608K, 15% used [0x0000000080000000,0x0000000080aa2028,0x0000000084300000)
 Metaspace       used 20890K, committed 21504K, reserved 1114112K
  class space    used 2014K, committed 2304K, reserved 1048576K
}
Event: 10.899 GC heap before
{Heap before GC invocations=8 (full 1):
 PSYoungGen      total 28160K, used 3465K [0x00000000d5580000, 0x00000000d7580000, 0x0000000100000000)
  eden space 24576K, 0% used [0x00000000d5580000,0x00000000d5580000,0x00000000d6d80000)
  from space 3584K, 96% used [0x00000000d6e80000,0x00000000d71e2778,0x00000000d7200000)
  to   space 3584K, 0% used [0x00000000d7200000,0x00000000d7200000,0x00000000d7580000)
 ParOldGen       total 68608K, used 10888K [0x0000000080000000, 0x0000000084300000, 0x00000000d5580000)
  object space 68608K, 15% used [0x0000000080000000,0x0000000080aa2028,0x0000000084300000)
 Metaspace       used 20890K, committed 21504K, reserved 1114112K
  class space    used 2014K, committed 2304K, reserved 1048576K
}
Event: 10.933 GC heap after
{Heap after GC invocations=8 (full 1):
 PSYoungGen      total 28160K, used 0K [0x00000000d5580000, 0x00000000d7580000, 0x0000000100000000)
  eden space 24576K, 0% used [0x00000000d5580000,0x00000000d5580000,0x00000000d6d80000)
  from space 3584K, 0% used [0x00000000d6e80000,0x00000000d6e80000,0x00000000d7200000)
  to   space 3584K, 0% used [0x00000000d7200000,0x00000000d7200000,0x00000000d7580000)
 ParOldGen       total 68608K, used 10523K [0x0000000080000000, 0x0000000084300000, 0x00000000d5580000)
  object space 68608K, 15% used [0x0000000080000000,0x0000000080a46c70,0x0000000084300000)
 Metaspace       used 20877K, committed 21504K, reserved 1114112K
  class space    used 2010K, committed 2304K, reserved 1048576K
}

Dll operation events (11 events):
Event: 0.030 Loaded shared library c:\Users\Admin\.vscode\extensions\redhat.java-1.55.0-win32-x64\jre\21.0.11-win32-x86_64\bin\java.dll
Event: 0.199 Loaded shared library c:\Users\Admin\.vscode\extensions\redhat.java-1.55.0-win32-x64\jre\21.0.11-win32-x86_64\bin\zip.dll
Event: 0.247 Loaded shared library C:\Users\Admin\.vscode\extensions\redhat.java-1.55.0-win32-x64\jre\21.0.11-win32-x86_64\bin\instrument.dll
Event: 0.257 Loaded shared library C:\Users\Admin\.vscode\extensions\redhat.java-1.55.0-win32-x64\jre\21.0.11-win32-x86_64\bin\net.dll
Event: 0.262 Loaded shared library C:\Users\Admin\.vscode\extensions\redhat.java-1.55.0-win32-x64\jre\21.0.11-win32-x86_64\bin\nio.dll
Event: 0.267 Loaded shared library C:\Users\Admin\.vscode\extensions\redhat.java-1.55.0-win32-x64\jre\21.0.11-win32-x86_64\bin\zip.dll
Event: 0.303 Loaded shared library C:\Users\Admin\.vscode\extensions\redhat.java-1.55.0-win32-x64\jre\21.0.11-win32-x86_64\bin\jimage.dll
Event: 0.431 Loaded shared library c:\Users\Admin\.vscode\extensions\redhat.java-1.55.0-win32-x64\jre\21.0.11-win32-x86_64\bin\verify.dll
Event: 4.873 Loaded shared library C:\Users\Admin\AppData\Roaming\Code\User\globalStorage\redhat.java\1.55.0\config_ss_win\org.eclipse.equinox.launcher\org.eclipse.equinox.launcher.win32.win32.x86_64_1.3.100.v20260613-0559\eclipse_11924.dll
Event: 7.064 Loaded shared library C:\Users\Admin\.vscode\extensions\redhat.java-1.55.0-win32-x64\jre\21.0.11-win32-x86_64\bin\management.dll
Event: 7.073 Loaded shared library C:\Users\Admin\.vscode\extensions\redhat.java-1.55.0-win32-x64\jre\21.0.11-win32-x86_64\bin\management_ext.dll

Deoptimization events (20 events):
Event: 9.502 Thread 0x000001f9eb997790 Uncommon trap: trap_request=0xffffff45 fr.pc=0x000001f9978afce4 relative=0x00000000000006a4
Event: 9.502 Thread 0x000001f9eb997790 Uncommon trap: reason=unstable_if action=reinterpret pc=0x000001f9978afce4 method=java.util.regex.Matcher.search(I)Z @ 30 c2
Event: 9.502 Thread 0x000001f9eb997790 DEOPT PACKING pc=0x000001f9978afce4 sp=0x0000004e5caefae0
Event: 9.502 Thread 0x000001f9eb997790 DEOPT UNPACKING pc=0x000001f997213aa2 sp=0x0000004e5caefab0 mode 2
Event: 9.503 Thread 0x000001f9eb997790 Uncommon trap: trap_request=0xffffffde fr.pc=0x000001f9978aef14 relative=0x00000000000003b4
Event: 9.503 Thread 0x000001f9eb997790 Uncommon trap: reason=class_check action=maybe_recompile pc=0x000001f9978aef14 method=java.util.regex.Pattern$BmpCharPropertyGreedy.match(Ljava/util/regex/Matcher;ILjava/lang/CharSequence;)Z @ 70 c2
Event: 9.503 Thread 0x000001f9eb997790 DEOPT PACKING pc=0x000001f9978aef14 sp=0x0000004e5caef740
Event: 9.503 Thread 0x000001f9eb997790 DEOPT UNPACKING pc=0x000001f997213aa2 sp=0x0000004e5caef6e8 mode 2
Event: 9.503 Thread 0x000001f9eb997790 Uncommon trap: trap_request=0xffffffde fr.pc=0x000001f9978aef14 relative=0x00000000000003b4
Event: 9.503 Thread 0x000001f9eb997790 Uncommon trap: reason=class_check action=maybe_recompile pc=0x000001f9978aef14 method=java.util.regex.Pattern$BmpCharPropertyGreedy.match(Ljava/util/regex/Matcher;ILjava/lang/CharSequence;)Z @ 70 c2
Event: 9.503 Thread 0x000001f9eb997790 DEOPT PACKING pc=0x000001f9978aef14 sp=0x0000004e5caef590
Event: 9.503 Thread 0x000001f9eb997790 DEOPT UNPACKING pc=0x000001f997213aa2 sp=0x0000004e5caef538 mode 2
Event: 10.854 Thread 0x000001f9eb997790 Uncommon trap: trap_request=0xffffff45 fr.pc=0x000001f9978cbc6c relative=0x000000000000014c
Event: 10.854 Thread 0x000001f9eb997790 Uncommon trap: reason=unstable_if action=reinterpret pc=0x000001f9978cbc6c method=org.lombokweb.asm.ByteVector.putByteArray([BII)Lorg/lombokweb/asm/ByteVector; @ 20 c2
Event: 10.854 Thread 0x000001f9eb997790 DEOPT PACKING pc=0x000001f9978cbc6c sp=0x0000004e5caf2920
Event: 10.854 Thread 0x000001f9eb997790 DEOPT UNPACKING pc=0x000001f997213aa2 sp=0x0000004e5caf28f0 mode 2
Event: 10.854 Thread 0x000001f9eb997790 Uncommon trap: trap_request=0xffffff45 fr.pc=0x000001f9978cb5a4 relative=0x0000000000000364
Event: 10.854 Thread 0x000001f9eb997790 Uncommon trap: reason=unstable_if action=reinterpret pc=0x000001f9978cb5a4 method=org.lombokweb.asm.Label.resolve([BLorg/lombokweb/asm/ByteVector;I)Z @ 81 c2
Event: 10.854 Thread 0x000001f9eb997790 DEOPT PACKING pc=0x000001f9978cb5a4 sp=0x0000004e5caf29b0
Event: 10.854 Thread 0x000001f9eb997790 DEOPT UNPACKING pc=0x000001f997213aa2 sp=0x0000004e5caf28b8 mode 2

Classes loaded (20 events):
Event: 9.523 Loading class java/util/zip/GZIPOutputStream
Event: 9.524 Loading class java/util/zip/GZIPOutputStream done
Event: 9.524 Loading class java/util/zip/GZIPInputStream
Event: 9.524 Loading class java/util/zip/GZIPInputStream done
Event: 9.530 Loading class java/net/SocketTimeoutException
Event: 9.531 Loading class java/io/InterruptedIOException
Event: 9.531 Loading class java/io/InterruptedIOException done
Event: 9.531 Loading class java/net/SocketTimeoutException done
Event: 9.531 Loading class java/net/SocketException
Event: 9.531 Loading class java/net/SocketException done
Event: 9.531 Loading class java/net/UnknownHostException
Event: 9.531 Loading class java/net/UnknownHostException done
Event: 9.531 Loading class java/net/ProtocolException
Event: 9.531 Loading class java/net/ProtocolException done
Event: 9.557 Loading class java/lang/ThreadLocal$SuppliedThreadLocal
Event: 9.557 Loading class java/lang/ThreadLocal$SuppliedThreadLocal done
Event: 10.570 Loading class java/io/FileWriter
Event: 10.570 Loading class java/io/FileWriter done
Event: 10.646 Loading class java/lang/NegativeArraySizeException
Event: 10.646 Loading class java/lang/NegativeArraySizeException done

Classes unloaded (7 events):
Event: 10.905 Thread 0x000001f98ca0eb30 Unloading class 0x000001f9a519c800 'java/lang/invoke/LambdaForm$MH+0x000001f9a519c800'
Event: 10.905 Thread 0x000001f98ca0eb30 Unloading class 0x000001f9a519c400 'java/lang/invoke/LambdaForm$MH+0x000001f9a519c400'
Event: 10.905 Thread 0x000001f98ca0eb30 Unloading class 0x000001f9a519c000 'java/lang/invoke/LambdaForm$MH+0x000001f9a519c000'
Event: 10.905 Thread 0x000001f98ca0eb30 Unloading class 0x000001f9a519bc00 'java/lang/invoke/LambdaForm$MH+0x000001f9a519bc00'
Event: 10.905 Thread 0x000001f98ca0eb30 Unloading class 0x000001f9a519b800 'java/lang/invoke/LambdaForm$BMH+0x000001f9a519b800'
Event: 10.905 Thread 0x000001f98ca0eb30 Unloading class 0x000001f9a519b400 'java/lang/invoke/LambdaForm$DMH+0x000001f9a519b400'
Event: 10.905 Thread 0x000001f98ca0eb30 Unloading class 0x000001f9a519a000 'java/lang/invoke/LambdaForm$DMH+0x000001f9a519a000'

Classes redefined (0 events):
No events

Internal exceptions (20 events):
Event: 7.358 Thread 0x000001f9eb997790 Exception <a 'java/lang/NoSuchMethodError'{0x00000000d6760bd0}: 'java.lang.Object java.lang.invoke.DirectMethodHandle$Holder.invokeSpecial(java.lang.Object, java.lang.Object, java.lang.Object, int, java.lang.Object, java.lang.Object)'> (0x00000000d6760bd0) 
thrown [s\src\hotspot\share\interpreter\linkResolver.cpp, line 773]
Event: 7.360 Thread 0x000001f9eb997790 Exception <a 'java/lang/NoSuchMethodError'{0x00000000d67686a8}: 'java.lang.Object java.lang.invoke.DirectMethodHandle$Holder.newInvokeSpecial(java.lang.Object, java.lang.Object, java.lang.Object, int, java.lang.Object)'> (0x00000000d67686a8) 
thrown [s\src\hotspot\share\interpreter\linkResolver.cpp, line 773]
Event: 7.361 Thread 0x000001f9eb997790 Exception <a 'java/lang/NoSuchMethodError'{0x00000000d676c628}: 'java.lang.Object java.lang.invoke.DirectMethodHandle$Holder.invokeSpecial(java.lang.Object, java.lang.Object, java.lang.Object, java.lang.Object, int, java.lang.Object)'> (0x00000000d676c628) 
thrown [s\src\hotspot\share\interpreter\linkResolver.cpp, line 773]
Event: 7.362 Thread 0x000001f9eb997790 Exception <a 'java/lang/NoSuchMethodError'{0x00000000d6770168}: 'java.lang.Object java.lang.invoke.Invokers$Holder.linkToTargetMethod(java.lang.Object, java.lang.Object, int, java.lang.Object, java.lang.Object)'> (0x00000000d6770168) 
thrown [s\src\hotspot\share\interpreter\linkResolver.cpp, line 773]
Event: 7.364 Thread 0x000001f9ebc2fc50 Exception <a 'java/lang/NoSuchMethodError'{0x00000000d66a4b40}: 'java.lang.Object java.lang.invoke.DirectMethodHandle$Holder.invokeSpecial(java.lang.Object, java.lang.Object, int, java.lang.Object, java.lang.Object)'> (0x00000000d66a4b40) 
thrown [s\src\hotspot\share\interpreter\linkResolver.cpp, line 773]
Event: 7.365 Thread 0x000001f9ebc2fc50 Exception <a 'java/lang/NoSuchMethodError'{0x00000000d66ab878}: 'java.lang.Object java.lang.invoke.DirectMethodHandle$Holder.newInvokeSpecial(java.lang.Object, java.lang.Object, int, java.lang.Object)'> (0x00000000d66ab878) 
thrown [s\src\hotspot\share\interpreter\linkResolver.cpp, line 773]
Event: 7.367 Thread 0x000001f9ebc2fc50 Exception <a 'java/lang/NoSuchMethodError'{0x00000000d67aaac8}: 'java.lang.Object java.lang.invoke.DirectMethodHandle$Holder.invokeSpecial(java.lang.Object, java.lang.Object, java.lang.Object, int, java.lang.Object)'> (0x00000000d67aaac8) 
thrown [s\src\hotspot\share\interpreter\linkResolver.cpp, line 773]
Event: 7.403 Thread 0x000001f9eb997790 Exception <a 'java/lang/NoSuchMethodError'{0x00000000d6893240}: 'void java.lang.invoke.DirectMethodHandle$Holder.invokeSpecial(java.lang.Object, java.lang.Object, java.lang.Object, java.lang.Object, java.lang.Object)'> (0x00000000d6893240) 
thrown [s\src\hotspot\share\interpreter\linkResolver.cpp, line 773]
Event: 9.486 Thread 0x000001f9eb997790 Exception <a 'java/lang/NoSuchMethodError'{0x00000000d6a6f038}: 'double java.lang.invoke.DirectMethodHandle$Holder.invokeStatic(java.lang.Object, java.lang.Object)'> (0x00000000d6a6f038) 
thrown [s\src\hotspot\share\interpreter\linkResolver.cpp, line 773]
Event: 9.487 Thread 0x000001f9eb997790 Exception <a 'java/lang/NoSuchMethodError'{0x00000000d6a726f8}: 'double java.lang.invoke.DirectMethodHandle$Holder.invokeStaticInit(java.lang.Object, java.lang.Object)'> (0x00000000d6a726f8) 
thrown [s\src\hotspot\share\interpreter\linkResolver.cpp, line 773]
Event: 10.652 Thread 0x000001f9eb997790 Exception <a 'java/io/FileNotFoundException'{0x00000000d6176698}> (0x00000000d6176698) 
thrown [s\src\hotspot\share\prims\jni.cpp, line 520]
Event: 10.652 Thread 0x000001f9eb997790 Exception <a 'java/io/FileNotFoundException'{0x00000000d61774c8}> (0x00000000d61774c8) 
thrown [s\src\hotspot\share\prims\jni.cpp, line 520]
Event: 10.652 Thread 0x000001f9eb997790 Exception <a 'java/io/FileNotFoundException'{0x00000000d61783f8}> (0x00000000d61783f8) 
thrown [s\src\hotspot\share\prims\jni.cpp, line 520]
Event: 10.805 Thread 0x000001f9eb997790 Exception <a 'java/lang/NoSuchMethodError'{0x00000000d6ac2ec8}: 'int java.lang.invoke.DirectMethodHandle$Holder.invokeStaticInit(java.lang.Object, java.lang.Object, java.lang.Object)'> (0x00000000d6ac2ec8) 
thrown [s\src\hotspot\share\interpreter\linkResolver.cpp, line 773]
Event: 10.854 Thread 0x000001f9eb997790 Implicit null exception at 0x000001f9978cbb75 to 0x000001f9978cbc50
Event: 10.979 Thread 0x000001f9eb997790 Exception <a 'java/io/FileNotFoundException'{0x00000000d5865fd0}> (0x00000000d5865fd0) 
thrown [s\src\hotspot\share\prims\jni.cpp, line 520]
Event: 10.980 Thread 0x000001f9eb997790 Exception <a 'java/lang/NoSuchMethodError'{0x00000000d586d848}: 'java.lang.Object java.lang.invoke.DirectMethodHandle$Holder.newInvokeSpecial(java.lang.Object, int, java.lang.Object, java.lang.Object)'> (0x00000000d586d848) 
thrown [s\src\hotspot\share\interpreter\linkResolver.cpp, line 773]
Event: 11.020 Thread 0x000001f9eb997790 Exception <a 'java/io/FileNotFoundException'{0x00000000d6408b30}> (0x00000000d6408b30) 
thrown [s\src\hotspot\share\prims\jni.cpp, line 520]
Event: 11.020 Thread 0x000001f9eb997790 Exception <a 'java/io/FileNotFoundException'{0x00000000d6409b30}> (0x00000000d6409b30) 
thrown [s\src\hotspot\share\prims\jni.cpp, line 520]
Event: 11.022 Thread 0x000001f9eb997790 Exception <a 'java/io/FileNotFoundException'{0x00000000d6417b60}> (0x00000000d6417b60) 
thrown [s\src\hotspot\share\prims\jni.cpp, line 520]

ZGC Phase Switch (0 events):
No events

VM Operations (20 events):
Event: 6.640 Executing non-safepoint VM operation: HandshakeAllThreads (Deoptimize)
Event: 6.640 Executing non-safepoint VM operation: HandshakeAllThreads (Deoptimize) done
Event: 7.124 Executing non-safepoint VM operation: HandshakeAllThreads (Deoptimize)
Event: 7.124 Executing non-safepoint VM operation: HandshakeAllThreads (Deoptimize) done
Event: 7.136 Executing non-safepoint VM operation: HandshakeAllThreads (Deoptimize)
Event: 7.136 Executing non-safepoint VM operation: HandshakeAllThreads (Deoptimize) done
Event: 7.165 Executing non-safepoint VM operation: HandshakeAllThreads (Deoptimize)
Event: 7.165 Executing non-safepoint VM operation: HandshakeAllThreads (Deoptimize) done
Event: 7.218 Executing non-safepoint VM operation: HandshakeAllThreads (Deoptimize)
Event: 7.218 Executing non-safepoint VM operation: HandshakeAllThreads (Deoptimize) done
Event: 8.226 Executing safepoint VM operation: Cleanup
Event: 8.448 Executing safepoint VM operation: Cleanup done
Event: 9.562 Executing safepoint VM operation: ParallelGCFailedAllocation (Allocation Failure)
Event: 10.568 Executing safepoint VM operation: ParallelGCFailedAllocation (Allocation Failure) done
Event: 10.848 Executing safepoint VM operation: ParallelGCFailedAllocation (Allocation Failure)
Event: 10.852 Executing safepoint VM operation: ParallelGCFailedAllocation (Allocation Failure) done
Event: 10.895 Executing safepoint VM operation: CollectForMetadataAllocation (Metadata GC Threshold)
Event: 10.933 Executing safepoint VM operation: CollectForMetadataAllocation (Metadata GC Threshold) done
Event: 11.942 Executing safepoint VM operation: Cleanup
Event: 12.031 Executing safepoint VM operation: Cleanup done

Memory protections (0 events):
No events

Nmethod flushes (0 events):
No events

Events (20 events):
Event: 4.393 Thread 0x000001f9e6021f80 Thread added: 0x000001f9eb9d04c0
Event: 4.856 Thread 0x000001f98c96d5e0 Thread added: 0x000001f9eb9956c0
Event: 5.070 Thread 0x000001f9eb9956c0 Thread added: 0x000001f9eb997e20
Event: 5.071 Thread 0x000001f9eb9956c0 Thread added: 0x000001f9eb995030
Event: 5.071 Thread 0x000001f9eb9956c0 Thread added: 0x000001f9eb997100
Event: 5.071 Thread 0x000001f9eb9956c0 Thread added: 0x000001f9eb995d50
Event: 5.072 Thread 0x000001f9eb9956c0 Thread added: 0x000001f9eb9963e0
Event: 5.072 Thread 0x000001f9eb9956c0 Thread added: 0x000001f9eb996a70
Event: 5.476 Thread 0x000001f9eb997790 Thread added: 0x000001f9ebc302e0
Event: 5.693 Thread 0x000001f9eb9d04c0 Thread exited: 0x000001f9eb9d04c0
Event: 6.283 Thread 0x000001f9e6021f80 Thread added: 0x000001f9ecf0e390
Event: 6.730 Thread 0x000001f9eb997790 Thread added: 0x000001f9ebc2ef30
Event: 6.825 Thread 0x000001f9ecf0e390 Thread exited: 0x000001f9ecf0e390
Event: 7.046 Thread 0x000001f9eb5812d0 Thread exited: 0x000001f9eb5812d0
Event: 7.319 Thread 0x000001f9eb997790 Thread added: 0x000001f9ebc2fc50
Event: 7.365 Thread 0x000001f9eb997790 Thread added: 0x000001f9ebc2e210
Event: 9.517 Thread 0x000001f9e6021f80 Thread added: 0x000001f9ebd59df0
Event: 10.568 Thread 0x000001f9ebd59df0 Thread exited: 0x000001f9ebd59df0
Event: 10.609 Thread 0x000001f98ca29dd0 Thread added: 0x000001f9ec4bfd30
Event: 10.726 Thread 0x000001f9ec4bfd30 Thread exited: 0x000001f9ec4bfd30


Dynamic libraries:
0x00007ff682870000 - 0x00007ff68287e000 	c:\Users\Admin\.vscode\extensions\redhat.java-1.55.0-win32-x64\jre\21.0.11-win32-x86_64\bin\java.exe
0x00007ffd36bf0000 - 0x00007ffd36e45000 	C:\Windows\SYSTEM32\ntdll.dll
0x00007ffd367c0000 - 0x00007ffd36887000 	C:\Windows\System32\KERNEL32.DLL
0x00007ffd343e0000 - 0x00007ffd34780000 	C:\Windows\System32\KERNELBASE.dll
0x00007ffd34830000 - 0x00007ffd3497a000 	C:\Windows\System32\ucrtbase.dll
0x00007ffd19f00000 - 0x00007ffd19f1e000 	c:\Users\Admin\.vscode\extensions\redhat.java-1.55.0-win32-x64\jre\21.0.11-win32-x86_64\bin\VCRUNTIME140.dll
0x00007ffd1ac80000 - 0x00007ffd1ac98000 	c:\Users\Admin\.vscode\extensions\redhat.java-1.55.0-win32-x64\jre\21.0.11-win32-x86_64\bin\jli.dll
0x00007ffd36890000 - 0x00007ffd36a4f000 	C:\Windows\System32\USER32.dll
0x00007ffd343b0000 - 0x00007ffd343d7000 	C:\Windows\System32\win32u.dll
0x00007ffd21ab0000 - 0x00007ffd21d40000 	C:\Windows\WinSxS\amd64_microsoft.windows.common-controls_6595b64144ccf1df_6.0.26100.1_none_fc2d3fda0fd46076\COMCTL32.dll
0x00007ffd36790000 - 0x00007ffd367ba000 	C:\Windows\System32\GDI32.dll
0x00007ffd35c50000 - 0x00007ffd35cf9000 	C:\Windows\System32\msvcrt.dll
0x00007ffd34980000 - 0x00007ffd34aa1000 	C:\Windows\System32\gdi32full.dll
0x00007ffd340c0000 - 0x00007ffd34163000 	C:\Windows\System32\msvcp_win.dll
0x00007ffd364e0000 - 0x00007ffd3650f000 	C:\Windows\System32\IMM32.DLL
0x00007ffd2d0d0000 - 0x00007ffd2d0dc000 	c:\Users\Admin\.vscode\extensions\redhat.java-1.55.0-win32-x64\jre\21.0.11-win32-x86_64\bin\vcruntime140_1.dll
0x00007ffd0fb50000 - 0x00007ffd0fbdd000 	c:\Users\Admin\.vscode\extensions\redhat.java-1.55.0-win32-x64\jre\21.0.11-win32-x86_64\bin\msvcp140.dll
0x00007ffc9aa80000 - 0x00007ffc9b822000 	c:\Users\Admin\.vscode\extensions\redhat.java-1.55.0-win32-x64\jre\21.0.11-win32-x86_64\bin\server\jvm.dll
0x00007ffd36a60000 - 0x00007ffd36b12000 	C:\Windows\System32\ADVAPI32.dll
0x00007ffd362f0000 - 0x00007ffd36396000 	C:\Windows\System32\sechost.dll
0x00007ffd361c0000 - 0x00007ffd362d9000 	C:\Windows\System32\RPCRT4.dll
0x00007ffd366a0000 - 0x00007ffd36714000 	C:\Windows\System32\WS2_32.dll
0x00007ffd33ee0000 - 0x00007ffd33f2e000 	C:\Windows\SYSTEM32\POWRPROF.dll
0x00007ffd2a0f0000 - 0x00007ffd2a126000 	C:\Windows\SYSTEM32\WINMM.dll
0x00007ffd2c930000 - 0x00007ffd2c93b000 	C:\Windows\SYSTEM32\VERSION.dll
0x00007ffd33ec0000 - 0x00007ffd33ed4000 	C:\Windows\SYSTEM32\UMPDC.dll
0x00007ffd32f20000 - 0x00007ffd32f3a000 	C:\Windows\SYSTEM32\kernel.appcore.dll
0x00007ffd247c0000 - 0x00007ffd247ca000 	c:\Users\Admin\.vscode\extensions\redhat.java-1.55.0-win32-x64\jre\21.0.11-win32-x86_64\bin\jimage.dll
0x00007ffd2bbe0000 - 0x00007ffd2be21000 	C:\Windows\SYSTEM32\DBGHELP.DLL
0x00007ffd351a0000 - 0x00007ffd35515000 	C:\Windows\System32\combase.dll
0x00007ffd36520000 - 0x00007ffd365f6000 	C:\Windows\System32\OLEAUT32.dll
0x00007ffd253d0000 - 0x00007ffd25409000 	C:\Windows\SYSTEM32\dbgcore.DLL
0x00007ffd34790000 - 0x00007ffd34829000 	C:\Windows\System32\bcryptPrimitives.dll
0x00007ffd1b8e0000 - 0x00007ffd1b8ef000 	c:\Users\Admin\.vscode\extensions\redhat.java-1.55.0-win32-x64\jre\21.0.11-win32-x86_64\bin\instrument.dll
0x00007ffd19210000 - 0x00007ffd19230000 	c:\Users\Admin\.vscode\extensions\redhat.java-1.55.0-win32-x64\jre\21.0.11-win32-x86_64\bin\java.dll
0x00007ffd34ab0000 - 0x00007ffd35196000 	C:\Windows\System32\SHELL32.dll
0x00007ffd31ec0000 - 0x00007ffd326eb000 	C:\Windows\SYSTEM32\windows.storage.dll
0x00007ffd35d00000 - 0x00007ffd35dd3000 	C:\Windows\System32\SHCORE.dll
0x00007ffd36720000 - 0x00007ffd3677d000 	C:\Windows\System32\shlwapi.dll
0x00007ffd33f60000 - 0x00007ffd33f84000 	C:\Windows\SYSTEM32\profapi.dll
0x00007ffd191f0000 - 0x00007ffd19208000 	c:\Users\Admin\.vscode\extensions\redhat.java-1.55.0-win32-x64\jre\21.0.11-win32-x86_64\bin\zip.dll
0x00007ffd24060000 - 0x00007ffd24070000 	C:\Users\Admin\.vscode\extensions\redhat.java-1.55.0-win32-x64\jre\21.0.11-win32-x86_64\bin\net.dll
0x00007ffd2d990000 - 0x00007ffd2daad000 	C:\Windows\SYSTEM32\WINHTTP.dll
0x00007ffd33450000 - 0x00007ffd334b8000 	C:\Windows\system32\mswsock.dll
0x00007ffd18a00000 - 0x00007ffd18a16000 	C:\Users\Admin\.vscode\extensions\redhat.java-1.55.0-win32-x64\jre\21.0.11-win32-x86_64\bin\nio.dll
0x00007ffd1b590000 - 0x00007ffd1b5a0000 	c:\Users\Admin\.vscode\extensions\redhat.java-1.55.0-win32-x64\jre\21.0.11-win32-x86_64\bin\verify.dll
0x00007ffd0fb00000 - 0x00007ffd0fb45000 	C:\Users\Admin\AppData\Roaming\Code\User\globalStorage\redhat.java\1.55.0\config_ss_win\org.eclipse.equinox.launcher\org.eclipse.equinox.launcher.win32.win32.x86_64_1.3.100.v20260613-0559\eclipse_11924.dll
0x00007ffd35ab0000 - 0x00007ffd35c45000 	C:\Windows\System32\ole32.dll
0x00007ffd24220000 - 0x00007ffd2422a000 	C:\Users\Admin\.vscode\extensions\redhat.java-1.55.0-win32-x64\jre\21.0.11-win32-x86_64\bin\management.dll
0x00007ffd20ef0000 - 0x00007ffd20efc000 	C:\Users\Admin\.vscode\extensions\redhat.java-1.55.0-win32-x64\jre\21.0.11-win32-x86_64\bin\management_ext.dll
0x00007ffd36b20000 - 0x00007ffd36b28000 	C:\Windows\System32\PSAPI.DLL

JVMTI agents:
c:\Users\Admin\.vscode\extensions\redhat.java-1.55.0-win32-x64\lombok\lombok-1.18.39-4050.jar path:c:\Users\Admin\.vscode\extensions\redhat.java-1.55.0-win32-x64\jre\21.0.11-win32-x86_64\bin\instrument.dll, loaded, initialized, instrumentlib options:none

dbghelp: loaded successfully - version: 4.0.5 - missing functions: none
symbol engine: initialized successfully - sym options: 0x614 - pdb path: .;c:\Users\Admin\.vscode\extensions\redhat.java-1.55.0-win32-x64\jre\21.0.11-win32-x86_64\bin;C:\Windows\SYSTEM32;C:\Windows\WinSxS\amd64_microsoft.windows.common-controls_6595b64144ccf1df_6.0.26100.1_none_fc2d3fda0fd46076;c:\Users\Admin\.vscode\extensions\redhat.java-1.55.0-win32-x64\jre\21.0.11-win32-x86_64\bin\server;C:\Users\Admin\AppData\Roaming\Code\User\globalStorage\redhat.java\1.55.0\config_ss_win\org.eclipse.equinox.launcher\org.eclipse.equinox.launcher.win32.win32.x86_64_1.3.100.v20260613-0559

VM Arguments:
jvm_args: --add-modules=ALL-SYSTEM --add-opens=java.base/java.util=ALL-UNNAMED --add-opens=java.base/java.lang=ALL-UNNAMED --add-opens=java.base/sun.nio.fs=ALL-UNNAMED -Declipse.application=org.eclipse.jdt.ls.core.id1 -Dosgi.bundles.defaultStartLevel=4 -Declipse.product=org.eclipse.jdt.ls.core.product -Djava.import.generatesMetadataFilesAtProjectRoot=false -DDetectVMInstallationsJob.disabled=true -Dfile.encoding=utf8 -XX:+UseParallelGC -XX:GCTimeRatio=4 -XX:AdaptiveSizePolicyWeight=90 -Dsun.zip.disableMemoryMapping=true -Xmx2G -Xms100m -Xlog:disable -javaagent:c:\Users\Admin\.vscode\extensions\redhat.java-1.55.0-win32-x64\lombok\lombok-1.18.39-4050.jar 
java_command: c:\Users\Admin\.vscode\extensions\redhat.java-1.55.0-win32-x64\server\plugins\org.eclipse.equinox.launcher_1.7.200.v20260619-2039.jar -configuration c:\Users\Admin\AppData\Roaming\Code\User\globalStorage\redhat.java\1.55.0\config_ss_win -data c:\Users\Admin\AppData\Roaming\Code\User\workspaceStorage\801ed1664cc344b479297c66898efbba\redhat.java\ss_ws --pipe=\\.\pipe\lsp-b8fa30a4a2ac75b98f7cb398640939dd-sock
java_class_path (initial): c:\Users\Admin\.vscode\extensions\redhat.java-1.55.0-win32-x64\server\plugins\org.eclipse.equinox.launcher_1.7.200.v20260619-2039.jar
Launcher Type: SUN_STANDARD

[Global flags]
    uintx AdaptiveSizePolicyWeight                 = 90                                        {product} {command line}
     intx CICompilerCount                          = 4                                         {product} {ergonomic}
    uintx GCTimeRatio                              = 4                                         {product} {command line}
   size_t InitialHeapSize                          = 104857600                                 {product} {command line}
   size_t MaxHeapSize                              = 2147483648                                {product} {command line}
   size_t MaxNewSize                               = 715653120                                 {product} {ergonomic}
   size_t MinHeapDeltaBytes                        = 524288                                    {product} {ergonomic}
   size_t MinHeapSize                              = 104857600                                 {product} {command line}
   size_t NewSize                                  = 34603008                                  {product} {ergonomic}
    uintx NonNMethodCodeHeapSize                   = 5839372                                {pd product} {ergonomic}
    uintx NonProfiledCodeHeapSize                  = 122909434                              {pd product} {ergonomic}
   size_t OldSize                                  = 70254592                                  {product} {ergonomic}
    uintx ProfiledCodeHeapSize                     = 122909434                              {pd product} {ergonomic}
    uintx ReservedCodeCacheSize                    = 251658240                              {pd product} {ergonomic}
     bool SegmentedCodeCache                       = true                                      {product} {ergonomic}
   size_t SoftMaxHeapSize                          = 2147483648                             {manageable} {ergonomic}
     bool UseCompressedOops                        = true                           {product lp64_product} {ergonomic}
     bool UseLargePagesIndividualAllocation        = false                                  {pd product} {ergonomic}
     bool UseParallelGC                            = true                                      {product} {command line}

Logging:
Log output configuration:
 #0: stdout all=off uptime,level,tags foldmultilines=false
 #1: stderr all=off uptime,level,tags foldmultilines=false

Release file:
JAVA_VERSION="21.0.11" 
MODULES="java.base java.compiler java.datatransfer java.xml java.prefs java.desktop java.instrument java.logging java.management java.security.sasl java.naming java.rmi java.management.rmi java.net.http java.scripting java.security.jgss java.transaction.xa java.sql java.sql.rowset java.xml.crypto java.se java.smartcardio jdk.accessibility jdk.internal.jvmstat jdk.attach jdk.charsets jdk.internal.opt jdk.zipfs jdk.compiler jdk.crypto.ec jdk.crypto.cryptoki jdk.crypto.mscapi jdk.dynalink jdk.internal.ed jdk.editpad jdk.hotspot.agent jdk.httpserver jdk.internal.le jdk.internal.vm.ci jdk.internal.vm.compiler jdk.internal.vm.compiler.management jdk.jartool jdk.javadoc jdk.jcmd jdk.management jdk.management.agent jdk.jconsole jdk.jdeps jdk.jdwp.agent jdk.jdi jdk.jfr jdk.jshell jdk.jsobject jdk.jstatd jdk.localedata jdk.management.jfr jdk.naming.dns jdk.naming.rmi jdk.net jdk.nio.mapmode jdk.random jdk.sctp jdk.security.auth jdk.security.jgss jdk.unsupported jdk.unsupported.desktop jdk.xml.dom" 

Environment Variables:
JAVA_HOME=C:\Program Files\Java\jdk-17
PATH=C:\Program Files\Python314\Scripts\;C:\Program Files\Python314\;C:\Windows\system32;C:\Windows;C:\Windows\System32\Wbem;C:\Windows\System32\WindowsPowerShell\v1.0\;C:\Windows\System32\OpenSSH\;C:\Program Files\Git\cmd;C:\Program Files\dotnet\;%ANDROID_HOME%\platform-tools;%ANDROID_HOME%\cmdline-tools\latest\bin;%ANDROID_HOME%\emulator;%JAVA_HOME%\bin;C:\Program Files\nodejs\;C:\Users\Admin\AppData\Local\Microsoft\WindowsApps;C:\flutter\bin;C:\Users\Admin\.dotnet\tools;C:\Users\Admin\AppData\Local\Android\Sdk\platform-tools;C:\Users\Admin\AppData\Local\Programs\Microsoft VS Code\bin;C:\Users\Admin\AppData\Roaming\npm
USERNAME=Admin
OS=Windows_NT
PROCESSOR_IDENTIFIER=AMD64 Family 23 Model 96 Stepping 1, AuthenticAMD
TMP=C:\Users\Admin\AppData\Local\Temp
TEMP=C:\Users\Admin\AppData\Local\Temp




Periodic native trim disabled

---------------  S Y S T E M  ---------------

OS:
 Windows 11 , 64 bit Build 26100 (10.0.26100.1)
OS uptime: 0 days 0:58 hours

CPU: total 12 (initial active 12) (12 cores per cpu, 2 threads per core) family 23 model 96 stepping 1 microcode 0x8600106, cx8, cmov, fxsr, ht, mmx, 3dnowpref, sse, sse2, sse3, ssse3, sse4a, sse4.1, sse4.2, popcnt, lzcnt, tsc, tscinvbit, avx, avx2, aes, clmul, bmi1, bmi2, adx, sha, fma, vzeroupper, clflush, clflushopt, rdtscp, rdpid, f16c
Processor Information for the first 12 processors :
  Max Mhz: 3001, Current Mhz: 2011, Mhz Limit: 3001

Memory: 4k page, system-wide physical 7598M (814M free)
TotalPageFile size 13742M (AvailPageFile size 1M)
current process WorkingSet (physical memory assigned to process): 145M, peak: 145M
current process commit charge ("private bytes"): 286M, peak: 292M

vm_info: OpenJDK 64-Bit Server VM (21.0.11+10-LTS) for windows-amd64 JRE (21.0.11+10-LTS), built on 2026-04-21T00:00:00Z by "admin" with MS VC++ 17.12 (VS2022)

END.
