#
# There is insufficient memory for the Java Runtime Environment to continue.
# Native memory allocation (malloc) failed to allocate 1134416 bytes. Error detail: Chunk::new
# Possible reasons:
#   The system is out of physical RAM or swap space
#   This process is running with CompressedOops enabled, and the Java Heap may be blocking the growth of the native heap
# Possible solutions:
#   Reduce memory load on the system
#   Increase physical memory or swap space
#   Check if swap backing store is full
#   Decrease Java heap size (-Xmx/-Xms)
#   Decrease number of Java threads
#   Decrease Java thread stack sizes (-Xss)
#   Set larger code cache with -XX:ReservedCodeCacheSize=
#   JVM is running with Unscaled Compressed Oops mode in which the Java heap is
#     placed in the first 4GB address space. The Java Heap base address is the
#     maximum limit for the native heap growth. Please use -XX:HeapBaseMinAddress
#     to set the Java Heap base and to place the Java Heap above 4GB virtual address.
# This output file may be truncated or incomplete.
#
#  Out of Memory Error (arena.cpp:168), pid=24620, tid=24716
#
# JRE version: OpenJDK Runtime Environment Temurin-21.0.11+10 (21.0.11+10) (build 21.0.11+10-LTS)
# Java VM: OpenJDK 64-Bit Server VM Temurin-21.0.11+10 (21.0.11+10-LTS, mixed mode, sharing, tiered, compressed oops, compressed class ptrs, parallel gc, windows-amd64)
# No core dump will be written. Minidumps are not enabled by default on client versions of Windows
#

---------------  S U M M A R Y ------------

Command Line: --add-modules=ALL-SYSTEM --add-opens=java.base/java.util=ALL-UNNAMED --add-opens=java.base/java.lang=ALL-UNNAMED --add-opens=java.base/sun.nio.fs=ALL-UNNAMED -Declipse.application=org.eclipse.jdt.ls.core.id1 -Dosgi.bundles.defaultStartLevel=4 -Declipse.product=org.eclipse.jdt.ls.core.product -Djava.import.generatesMetadataFilesAtProjectRoot=false -DDetectVMInstallationsJob.disabled=true -Dfile.encoding=utf8 -XX:+UseParallelGC -XX:GCTimeRatio=4 -XX:AdaptiveSizePolicyWeight=90 -Dsun.zip.disableMemoryMapping=true -Xmx2G -Xms100m -Xlog:disable -javaagent:c:\Users\Admin\.vscode\extensions\redhat.java-1.55.0-win32-x64\lombok\lombok-1.18.39-4050.jar -XX:+HeapDumpOnOutOfMemoryError -XX:HeapDumpPath=c:\Users\Admin\AppData\Roaming\Code\User\workspaceStorage\801ed1664cc344b479297c66898efbba\redhat.java -Daether.dependencyCollector.impl=bf c:\Users\Admin\.vscode\extensions\redhat.java-1.55.0-win32-x64\server\plugins\org.eclipse.equinox.launcher_1.7.200.v20260619-2039.jar -configuration c:\Users\Admin\AppData\Roaming\Code\User\globalStorage\redhat.java\1.55.0\config_win -data c:\Users\Admin\AppData\Roaming\Code\User\workspaceStorage\801ed1664cc344b479297c66898efbba\redhat.java\jdt_ws --pipe=\\.\pipe\lsp-5016e778134ff8b9b891b24471eb7852-sock

Host: AMD Ryzen 5 4600H with Radeon Graphics         , 12 cores, 7G,  Windows 11 , 64 bit Build 26100 (10.0.26100.1)
Time: Wed Jul  8 09:09:26 2026 Malay Peninsula Standard Time elapsed time: 17.007207 seconds (0d 0h 0m 17s)

---------------  T H R E A D  ---------------

Current thread (0x000002546c93a050):  JavaThread "C2 CompilerThread0" daemon [_thread_in_native, id=24716, stack(0x0000006318a00000,0x0000006318b00000) (1024K)]


Current CompileTask:
C2:17007 3722       4       org.lombokweb.asm.ClassReader::readMethod (1070 bytes)

Stack: [0x0000006318a00000,0x0000006318b00000]
Native frames: (J=compiled Java code, j=interpreted, Vv=VM code, C=native code)
V  [jvm.dll+0x6d7e19]
V  [jvm.dll+0x8b5096]
V  [jvm.dll+0x8b764e]
V  [jvm.dll+0x8b7d33]
V  [jvm.dll+0x284596]
V  [jvm.dll+0xc685d]
V  [jvm.dll+0xc6da1]
V  [jvm.dll+0x3bed31]
V  [jvm.dll+0x38b2b2]
V  [jvm.dll+0x38a6fa]
V  [jvm.dll+0x24c700]
V  [jvm.dll+0x24bce0]
V  [jvm.dll+0x1cb4ae]
V  [jvm.dll+0x25baad]
V  [jvm.dll+0x25a03a]
V  [jvm.dll+0x3f868e]
V  [jvm.dll+0x85fb0d]
V  [jvm.dll+0x6d664d]
C  [ucrtbase.dll+0x43340]
C  [KERNEL32.DLL+0x31fd7]
C  [ntdll.dll+0x6d7d0]


---------------  P R O C E S S  ---------------

Threads class SMR info:
_java_thread_list=0x000002544d02f330, length=24, elements={
0x000002546c88b410, 0x000002547f9bd0c0, 0x000002546c9320a0, 0x000002546c9350e0,
0x000002546c935d40, 0x000002546c9387b0, 0x000002546c939210, 0x000002546c93a050,
0x0000025445f71c50, 0x00000254460f6930, 0x00000254462765f0, 0x000002544b49a630,
0x000002544ba3fc20, 0x000002544b9e2540, 0x000002544b8100b0, 0x000002544bbd59d0,
0x000002544c079ab0, 0x000002544609e0d0, 0x000002544be88d50, 0x000002544be89a70,
0x000002544b79c050, 0x000002544c195160, 0x000002544be886c0, 0x000002544be8bb40
}

Java Threads: ( => current thread )
  0x000002546c88b410 JavaThread "main"                              [_thread_blocked, id=25340, stack(0x0000006318000000,0x0000006318100000) (1024K)]
  0x000002547f9bd0c0 JavaThread "Reference Handler"          daemon [_thread_blocked, id=24708, stack(0x0000006318400000,0x0000006318500000) (1024K)]
  0x000002546c9320a0 JavaThread "Finalizer"                  daemon [_thread_blocked, id=24704, stack(0x0000006318500000,0x0000006318600000) (1024K)]
  0x000002546c9350e0 JavaThread "Signal Dispatcher"          daemon [_thread_blocked, id=24728, stack(0x0000006318600000,0x0000006318700000) (1024K)]
  0x000002546c935d40 JavaThread "Attach Listener"            daemon [_thread_blocked, id=24692, stack(0x0000006318700000,0x0000006318800000) (1024K)]
  0x000002546c9387b0 JavaThread "Service Thread"             daemon [_thread_blocked, id=24724, stack(0x0000006318800000,0x0000006318900000) (1024K)]
  0x000002546c939210 JavaThread "Monitor Deflation Thread"   daemon [_thread_blocked, id=24720, stack(0x0000006318900000,0x0000006318a00000) (1024K)]
=>0x000002546c93a050 JavaThread "C2 CompilerThread0"         daemon [_thread_in_native, id=24716, stack(0x0000006318a00000,0x0000006318b00000) (1024K)]
  0x0000025445f71c50 JavaThread "C1 CompilerThread0"         daemon [_thread_in_native, id=24700, stack(0x0000006318b00000,0x0000006318c00000) (1024K)]
  0x00000254460f6930 JavaThread "Common-Cleaner"             daemon [_thread_blocked, id=24684, stack(0x0000006318c00000,0x0000006318d00000) (1024K)]
  0x00000254462765f0 JavaThread "Notification Thread"        daemon [_thread_blocked, id=24736, stack(0x0000006318e00000,0x0000006318f00000) (1024K)]
  0x000002544b49a630 JavaThread "Active Thread: Equinox Container: 65875b2d-91fd-4d9b-97e5-56d84698c234"        [_thread_blocked, id=25116, stack(0x0000006318d00000,0x0000006318e00000) (1024K)]
  0x000002544ba3fc20 JavaThread "Refresh Thread: Equinox Container: 65875b2d-91fd-4d9b-97e5-56d84698c234" daemon [_thread_blocked, id=24920, stack(0x0000006319600000,0x0000006319700000) (1024K)]
  0x000002544b9e2540 JavaThread "Framework Event Dispatcher: Equinox Container: 65875b2d-91fd-4d9b-97e5-56d84698c234" daemon [_thread_blocked, id=24596, stack(0x0000006319700000,0x0000006319800000) (1024K)]
  0x000002544b8100b0 JavaThread "Start Level: Equinox Container: 65875b2d-91fd-4d9b-97e5-56d84698c234" daemon [_thread_in_native, id=25000, stack(0x0000006319800000,0x0000006319900000) (1024K)]
  0x000002544bbd59d0 JavaThread "Bundle File Closer"         daemon [_thread_blocked, id=25092, stack(0x0000006319c00000,0x0000006319d00000) (1024K)]
  0x000002544c079ab0 JavaThread "SCR Component Actor"        daemon [_thread_blocked, id=24952, stack(0x0000006319900000,0x0000006319a00000) (1024K)]
  0x000002544609e0d0 JavaThread "Worker-JM"                         [_thread_blocked, id=25232, stack(0x0000006319e00000,0x0000006319f00000) (1024K)]
  0x000002544be88d50 JavaThread "Worker-0: Repository registry initialization"        [_thread_in_Java, id=25164, stack(0x0000006319d00000,0x0000006319e00000) (1024K)]
  0x000002544be89a70 JavaThread "Worker-1: Updating Maven Dependencies"        [_thread_in_Java, id=24812, stack(0x0000006319f00000,0x000000631a000000) (1024K)]
  0x000002544b79c050 JavaThread "C2 CompilerThread1"         daemon [_thread_in_native, id=25504, stack(0x000000631a000000,0x000000631a100000) (1024K)]
  0x000002544c195160 JavaThread "C2 CompilerThread2"         daemon [_thread_in_native, id=20344, stack(0x000000631a100000,0x000000631a200000) (1024K)]
  0x000002544be886c0 JavaThread "Worker-2"                          [_thread_blocked, id=23896, stack(0x000000631a200000,0x000000631a300000) (1024K)]
  0x000002544be8bb40 JavaThread "Worker-3"                          [_thread_blocked, id=8268, stack(0x000000631a300000,0x000000631a400000) (1024K)]
Total: 24

Other Threads:
  0x000002546c931ac0 VMThread "VM Thread"                           [id=24712, stack(0x0000006318300000,0x0000006318400000) (1024K)]
  0x000002547f89ca10 WatcherThread "VM Periodic Task Thread"        [id=24696, stack(0x0000006318200000,0x0000006318300000) (1024K)]
  0x000002546c8a9620 WorkerThread "GC Thread#0"                     [id=25336, stack(0x0000006318100000,0x0000006318200000) (1024K)]
  0x000002544b325c70 WorkerThread "GC Thread#1"                     [id=25468, stack(0x0000006318f00000,0x0000006319000000) (1024K)]
  0x000002544b6ad540 WorkerThread "GC Thread#2"                     [id=25392, stack(0x0000006319000000,0x0000006319100000) (1024K)]
  0x000002544b7c1660 WorkerThread "GC Thread#3"                     [id=25368, stack(0x0000006319100000,0x0000006319200000) (1024K)]
  0x000002544b7c1a10 WorkerThread "GC Thread#4"                     [id=25472, stack(0x0000006319200000,0x0000006319300000) (1024K)]
  0x000002544b066fa0 WorkerThread "GC Thread#5"                     [id=25404, stack(0x0000006319300000,0x0000006319400000) (1024K)]
  0x000002544b067350 WorkerThread "GC Thread#6"                     [id=25412, stack(0x0000006319400000,0x0000006319500000) (1024K)]
  0x000002544b7b4890 WorkerThread "GC Thread#7"                     [id=24580, stack(0x0000006319500000,0x0000006319600000) (1024K)]
  0x000002544bf53fa0 WorkerThread "GC Thread#8"                     [id=25328, stack(0x0000006319a00000,0x0000006319b00000) (1024K)]
  0x000002544bab2f60 WorkerThread "GC Thread#9"                     [id=25536, stack(0x0000006319b00000,0x0000006319c00000) (1024K)]
Total: 12

Threads with active compile tasks:
C2 CompilerThread0  17079 3722       4       org.lombokweb.asm.ClassReader::readMethod (1070 bytes)
C2 CompilerThread1  17079 3788       4       lombok.patcher.PatchScript$MethodPatcher::visitMethod (158 bytes)
C2 CompilerThread2  17080 3817       4       java.lang.invoke.MethodType::makeImpl (109 bytes)
Total: 3

VM state: not at safepoint (normal execution)

VM Mutex/Monitor currently owned by a thread:  ([mutex/lock_event])
[0x00007ff8e026fbf0] SystemDictionary_lock - owner thread: 0x0000000000000000

Heap address: 0x0000000080000000, size: 2048 MB, Compressed Oops mode: 32-bit

CDS archive(s) mapped at: [0x0000025404000000-0x0000025404ba0000-0x0000025404ba0000), size 12189696, SharedBaseAddress: 0x0000025404000000, ArchiveRelocationMode: 1.
Compressed class space mapped at: 0x0000025405000000-0x0000025445000000, reserved size: 1073741824
Narrow klass base: 0x0000025404000000, Narrow klass shift: 0, Narrow klass range: 0x100000000

GC Precious Log:
 CardTable entry size: 512
 CPUs: 12 total, 12 available
 Memory: 7598M
 Large Page Support: Disabled
 NUMA Support: Disabled
 Compressed Oops: Enabled (32-bit)
 Alignments: Space 512K, Generation 512K, Heap 2M
 Heap Min Capacity: 100M
 Heap Initial Capacity: 100M
 Heap Max Capacity: 2G
 Pre-touch: Disabled
 Parallel Workers: 10

Heap:
 PSYoungGen      total 29184K, used 20427K [0x00000000d5580000, 0x00000000d7500000, 0x0000000100000000)
  eden space 23552K, 85% used [0x00000000d5580000,0x00000000d691aca8,0x00000000d6c80000)
  from space 5632K, 6% used [0x00000000d6d80000,0x00000000d6dd8000,0x00000000d7300000)
  to   space 2048K, 0% used [0x00000000d7300000,0x00000000d7300000,0x00000000d7500000)
 ParOldGen       total 68608K, used 13572K [0x0000000080000000, 0x0000000084300000, 0x00000000d5580000)
  object space 68608K, 19% used [0x0000000080000000,0x0000000080d41088,0x0000000084300000)
 Metaspace       used 25517K, committed 26368K, reserved 1114112K
  class space    used 2519K, committed 2880K, reserved 1048576K

Card table byte_map: [0x000002547ed00000,0x000002547f110000] _byte_map_base: 0x000002547e900000

Marking Bits: (ParMarkBitMap*) 0x00007ff8e0274460
 Begin Bits: [0x0000025400000000, 0x0000025402000000)
 End Bits:   [0x0000025402000000, 0x0000025404000000)

Polling page: 0x000002546c950000

Metaspace:

Usage:
  Non-class:     22.46 MB used.
      Class:      2.46 MB used.
       Both:     24.92 MB used.

Virtual space:
  Non-class space:       64.00 MB reserved,      22.94 MB ( 36%) committed,  1 nodes.
      Class space:        1.00 GB reserved,       2.81 MB ( <1%) committed,  1 nodes.
             Both:        1.06 GB reserved,      25.75 MB (  2%) committed. 

Chunk freelists:
   Non-Class:  8.20 MB
       Class:  13.04 MB
        Both:  21.24 MB

MaxMetaspaceSize: unlimited
CompressedClassSpaceSize: 1.00 GB
Initial GC threshold: 21.00 MB
Current GC threshold: 35.00 MB
CDS: on
 - commit_granule_bytes: 65536.
 - commit_granule_words: 8192.
 - virtual_space_node_default_size: 8388608.
 - enlarge_chunks_in_place: 1.
 - use_allocation_guard: 0.


Internal statistics:

num_allocs_failed_limit: 3.
num_arena_births: 684.
num_arena_deaths: 14.
num_vsnodes_births: 2.
num_vsnodes_deaths: 0.
num_space_committed: 412.
num_space_uncommitted: 0.
num_chunks_returned_to_freelist: 17.
num_chunks_taken_from_freelist: 1690.
num_chunk_merges: 6.
num_chunk_splits: 1115.
num_chunks_enlarged: 713.
num_inconsistent_stats: 0.

CodeHeap 'non-profiled nmethods': size=120000Kb used=1669Kb max_used=1669Kb free=118330Kb
 bounds [0x00000254775f0000, 0x0000025477860000, 0x000002547eb20000]
CodeHeap 'profiled nmethods': size=120000Kb used=7902Kb max_used=7902Kb free=112097Kb
 bounds [0x000002546fb20000, 0x00000254702e0000, 0x0000025477050000]
CodeHeap 'non-nmethods': size=5760Kb used=1320Kb max_used=1336Kb free=4439Kb
 bounds [0x0000025477050000, 0x00000254772c0000, 0x00000254775f0000]
CodeCache: size=245760Kb, used=10891Kb, max_used=10907Kb, free=234866Kb
 total_blobs=4422, nmethods=3815, adapters=513, full_count=0
Compilation: enabled, stopped_count=0, restarted_count=0

Compilation events (20 events):
Event: 15.953 Thread 0x0000025445f71c50 nmethod 3759 0x00000254702bdb90 code [0x00000254702bdda0, 0x00000254702be338]
Event: 15.953 Thread 0x0000025445f71c50 3760       3       org.eclipse.core.internal.registry.ReferenceMap$SoftRef::<init> (18 bytes)
Event: 15.953 Thread 0x0000025445f71c50 nmethod 3760 0x00000254702be590 code [0x00000254702be740, 0x00000254702bea18]
Event: 15.960 Thread 0x0000025445f71c50 3761       3       java.net.URL::<init> (7 bytes)
Event: 15.960 Thread 0x0000025445f71c50 nmethod 3761 0x00000254702beb90 code [0x00000254702bed40, 0x00000254702beef0]
Event: 15.964 Thread 0x0000025445f71c50 3762       1       java.net.URI::getRawPath (5 bytes)
Event: 15.964 Thread 0x0000025445f71c50 nmethod 3762 0x0000025477788410 code [0x00000254777885a0, 0x0000025477788668]
Event: 15.964 Thread 0x0000025445f71c50 3763       1       java.net.URI::getPort (5 bytes)
Event: 15.964 Thread 0x0000025445f71c50 nmethod 3763 0x0000025477788710 code [0x00000254777888a0, 0x0000025477788968]
Event: 15.974 Thread 0x0000025445f71c50 3764       3       java.net.URI::<init> (42 bytes)
Event: 15.975 Thread 0x0000025445f71c50 nmethod 3764 0x00000254702bf010 code [0x00000254702bf1c0, 0x00000254702bf370]
Event: 15.993 Thread 0x0000025445f71c50 3768       3       java.util.concurrent.locks.LockSupport::setBlocker (12 bytes)
Event: 15.993 Thread 0x0000025445f71c50 nmethod 3768 0x00000254702bf410 code [0x00000254702bf5c0, 0x00000254702bf7c8]
Event: 15.994 Thread 0x0000025445f71c50 3769       3       jdk.internal.misc.Unsafe::putReferenceOpaque (9 bytes)
Event: 15.994 Thread 0x0000025445f71c50 nmethod 3769 0x00000254702bf890 code [0x00000254702bfa20, 0x00000254702bfb50]
Event: 15.994 Thread 0x000002544b79c050 3729       4       java.lang.AbstractStringBuilder::append (77 bytes)
Event: 15.994 Thread 0x000002544c195160 3765       4       lombok.launch.ClassFileMetaData::decodeString (181 bytes)
Event: 16.221 Thread 0x0000025445f71c50 3770       1       org.eclipse.core.internal.jobs.InternalJob::previous (5 bytes)
Event: 16.221 Thread 0x0000025445f71c50 nmethod 3770 0x0000025477788a10 code [0x0000025477788ba0, 0x0000025477788c68]
Event: 16.252 Thread 0x0000025445f71c50 3771       3       java.util.concurrent.locks.AbstractQueuedSynchronizer::tryAcquireSharedNanos (62 bytes)

GC Heap History (20 events):
Event: 1.900 GC heap before
{Heap before GC invocations=1 (full 0):
 PSYoungGen      total 29696K, used 25600K [0x00000000d5580000, 0x00000000d7680000, 0x0000000100000000)
  eden space 25600K, 100% used [0x00000000d5580000,0x00000000d6e80000,0x00000000d6e80000)
  from space 4096K, 0% used [0x00000000d7280000,0x00000000d7280000,0x00000000d7680000)
  to   space 4096K, 0% used [0x00000000d6e80000,0x00000000d6e80000,0x00000000d7280000)
 ParOldGen       total 68608K, used 0K [0x0000000080000000, 0x0000000084300000, 0x00000000d5580000)
  object space 68608K, 0% used [0x0000000080000000,0x0000000080000000,0x0000000084300000)
 Metaspace       used 4362K, committed 4608K, reserved 1114112K
  class space    used 474K, committed 576K, reserved 1048576K
}
Event: 1.919 GC heap after
{Heap after GC invocations=1 (full 0):
 PSYoungGen      total 29696K, used 3312K [0x00000000d5580000, 0x00000000d7680000, 0x0000000100000000)
  eden space 25600K, 0% used [0x00000000d5580000,0x00000000d5580000,0x00000000d6e80000)
  from space 4096K, 80% used [0x00000000d6e80000,0x00000000d71bc148,0x00000000d7280000)
  to   space 4096K, 0% used [0x00000000d7280000,0x00000000d7280000,0x00000000d7680000)
 ParOldGen       total 68608K, used 0K [0x0000000080000000, 0x0000000084300000, 0x00000000d5580000)
  object space 68608K, 0% used [0x0000000080000000,0x0000000080000000,0x0000000084300000)
 Metaspace       used 4362K, committed 4608K, reserved 1114112K
  class space    used 474K, committed 576K, reserved 1048576K
}
Event: 3.407 GC heap before
{Heap before GC invocations=2 (full 0):
 PSYoungGen      total 29696K, used 28912K [0x00000000d5580000, 0x00000000d7680000, 0x0000000100000000)
  eden space 25600K, 100% used [0x00000000d5580000,0x00000000d6e80000,0x00000000d6e80000)
  from space 4096K, 80% used [0x00000000d6e80000,0x00000000d71bc148,0x00000000d7280000)
  to   space 4096K, 0% used [0x00000000d7280000,0x00000000d7280000,0x00000000d7680000)
 ParOldGen       total 68608K, used 0K [0x0000000080000000, 0x0000000084300000, 0x00000000d5580000)
  object space 68608K, 0% used [0x0000000080000000,0x0000000080000000,0x0000000084300000)
 Metaspace       used 8025K, committed 8320K, reserved 1114112K
  class space    used 837K, committed 960K, reserved 1048576K
}
Event: 3.417 GC heap after
{Heap after GC invocations=2 (full 0):
 PSYoungGen      total 29696K, used 4070K [0x00000000d5580000, 0x00000000d7680000, 0x0000000100000000)
  eden space 25600K, 0% used [0x00000000d5580000,0x00000000d5580000,0x00000000d6e80000)
  from space 4096K, 99% used [0x00000000d7280000,0x00000000d7679800,0x00000000d7680000)
  to   space 4096K, 0% used [0x00000000d6e80000,0x00000000d6e80000,0x00000000d7280000)
 ParOldGen       total 68608K, used 1972K [0x0000000080000000, 0x0000000084300000, 0x00000000d5580000)
  object space 68608K, 2% used [0x0000000080000000,0x00000000801ed078,0x0000000084300000)
 Metaspace       used 8025K, committed 8320K, reserved 1114112K
  class space    used 837K, committed 960K, reserved 1048576K
}
Event: 4.951 GC heap before
{Heap before GC invocations=3 (full 0):
 PSYoungGen      total 29696K, used 29510K [0x00000000d5580000, 0x00000000d7680000, 0x0000000100000000)
  eden space 25600K, 99% used [0x00000000d5580000,0x00000000d6e58188,0x00000000d6e80000)
  from space 4096K, 99% used [0x00000000d7280000,0x00000000d7679800,0x00000000d7680000)
  to   space 4096K, 0% used [0x00000000d6e80000,0x00000000d6e80000,0x00000000d7280000)
 ParOldGen       total 68608K, used 1972K [0x0000000080000000, 0x0000000084300000, 0x00000000d5580000)
  object space 68608K, 2% used [0x0000000080000000,0x00000000801ed078,0x0000000084300000)
 Metaspace       used 9449K, committed 9728K, reserved 1114112K
  class space    used 1007K, committed 1152K, reserved 1048576K
}
Event: 4.963 GC heap after
{Heap after GC invocations=3 (full 0):
 PSYoungGen      total 29696K, used 4085K [0x00000000d5580000, 0x00000000d7680000, 0x0000000100000000)
  eden space 25600K, 0% used [0x00000000d5580000,0x00000000d5580000,0x00000000d6e80000)
  from space 4096K, 99% used [0x00000000d6e80000,0x00000000d727d598,0x00000000d7280000)
  to   space 4096K, 0% used [0x00000000d7280000,0x00000000d7280000,0x00000000d7680000)
 ParOldGen       total 68608K, used 5083K [0x0000000080000000, 0x0000000084300000, 0x00000000d5580000)
  object space 68608K, 7% used [0x0000000080000000,0x00000000804f6e20,0x0000000084300000)
 Metaspace       used 9449K, committed 9728K, reserved 1114112K
  class space    used 1007K, committed 1152K, reserved 1048576K
}
Event: 7.512 GC heap before
{Heap before GC invocations=4 (full 0):
 PSYoungGen      total 29696K, used 29685K [0x00000000d5580000, 0x00000000d7680000, 0x0000000100000000)
  eden space 25600K, 100% used [0x00000000d5580000,0x00000000d6e80000,0x00000000d6e80000)
  from space 4096K, 99% used [0x00000000d6e80000,0x00000000d727d598,0x00000000d7280000)
  to   space 4096K, 0% used [0x00000000d7280000,0x00000000d7280000,0x00000000d7680000)
 ParOldGen       total 68608K, used 5083K [0x0000000080000000, 0x0000000084300000, 0x00000000d5580000)
  object space 68608K, 7% used [0x0000000080000000,0x00000000804f6e20,0x0000000084300000)
 Metaspace       used 11637K, committed 12032K, reserved 1114112K
  class space    used 1238K, committed 1408K, reserved 1048576K
}
Event: 7.521 GC heap after
{Heap after GC invocations=4 (full 0):
 PSYoungGen      total 29696K, used 4093K [0x00000000d5580000, 0x00000000d7680000, 0x0000000100000000)
  eden space 25600K, 0% used [0x00000000d5580000,0x00000000d5580000,0x00000000d6e80000)
  from space 4096K, 99% used [0x00000000d7280000,0x00000000d767f6f0,0x00000000d7680000)
  to   space 4096K, 0% used [0x00000000d6e80000,0x00000000d6e80000,0x00000000d7280000)
 ParOldGen       total 68608K, used 6569K [0x0000000080000000, 0x0000000084300000, 0x00000000d5580000)
  object space 68608K, 9% used [0x0000000080000000,0x000000008066a778,0x0000000084300000)
 Metaspace       used 11637K, committed 12032K, reserved 1114112K
  class space    used 1238K, committed 1408K, reserved 1048576K
}
Event: 8.924 GC heap before
{Heap before GC invocations=5 (full 0):
 PSYoungGen      total 29696K, used 29693K [0x00000000d5580000, 0x00000000d7680000, 0x0000000100000000)
  eden space 25600K, 100% used [0x00000000d5580000,0x00000000d6e80000,0x00000000d6e80000)
  from space 4096K, 99% used [0x00000000d7280000,0x00000000d767f6f0,0x00000000d7680000)
  to   space 4096K, 0% used [0x00000000d6e80000,0x00000000d6e80000,0x00000000d7280000)
 ParOldGen       total 68608K, used 6569K [0x0000000080000000, 0x0000000084300000, 0x00000000d5580000)
  object space 68608K, 9% used [0x0000000080000000,0x000000008066a778,0x0000000084300000)
 Metaspace       used 15585K, committed 16192K, reserved 1114112K
  class space    used 1628K, committed 1920K, reserved 1048576K
}
Event: 8.931 GC heap after
{Heap after GC invocations=5 (full 0):
 PSYoungGen      total 29184K, used 4093K [0x00000000d5580000, 0x00000000d7a00000, 0x0000000100000000)
  eden space 25088K, 0% used [0x00000000d5580000,0x00000000d5580000,0x00000000d6e00000)
  from space 4096K, 99% used [0x00000000d6e80000,0x00000000d727f470,0x00000000d7280000)
  to   space 6144K, 0% used [0x00000000d7400000,0x00000000d7400000,0x00000000d7a00000)
 ParOldGen       total 68608K, used 8018K [0x0000000080000000, 0x0000000084300000, 0x00000000d5580000)
  object space 68608K, 11% used [0x0000000080000000,0x00000000807d4850,0x0000000084300000)
 Metaspace       used 15585K, committed 16192K, reserved 1114112K
  class space    used 1628K, committed 1920K, reserved 1048576K
}
Event: 14.896 GC heap before
{Heap before GC invocations=6 (full 0):
 PSYoungGen      total 29184K, used 29181K [0x00000000d5580000, 0x00000000d7a00000, 0x0000000100000000)
  eden space 25088K, 100% used [0x00000000d5580000,0x00000000d6e00000,0x00000000d6e00000)
  from space 4096K, 99% used [0x00000000d6e80000,0x00000000d727f470,0x00000000d7280000)
  to   space 6144K, 0% used [0x00000000d7400000,0x00000000d7400000,0x00000000d7a00000)
 ParOldGen       total 68608K, used 8018K [0x0000000080000000, 0x0000000084300000, 0x00000000d5580000)
  object space 68608K, 11% used [0x0000000080000000,0x00000000807d4850,0x0000000084300000)
 Metaspace       used 17907K, committed 18688K, reserved 1114112K
  class space    used 1886K, committed 2240K, reserved 1048576K
}
Event: 14.901 GC heap after
{Heap after GC invocations=6 (full 0):
 PSYoungGen      total 29184K, used 4306K [0x00000000d5580000, 0x00000000d7880000, 0x0000000100000000)
  eden space 24576K, 0% used [0x00000000d5580000,0x00000000d5580000,0x00000000d6d80000)
  from space 4608K, 93% used [0x00000000d7400000,0x00000000d7834b28,0x00000000d7880000)
  to   space 5120K, 0% used [0x00000000d6e80000,0x00000000d6e80000,0x00000000d7380000)
 ParOldGen       total 68608K, used 8026K [0x0000000080000000, 0x0000000084300000, 0x00000000d5580000)
  object space 68608K, 11% used [0x0000000080000000,0x00000000807d6850,0x0000000084300000)
 Metaspace       used 17907K, committed 18688K, reserved 1114112K
  class space    used 1886K, committed 2240K, reserved 1048576K
}
Event: 15.409 GC heap before
{Heap before GC invocations=7 (full 0):
 PSYoungGen      total 29184K, used 28882K [0x00000000d5580000, 0x00000000d7880000, 0x0000000100000000)
  eden space 24576K, 100% used [0x00000000d5580000,0x00000000d6d80000,0x00000000d6d80000)
  from space 4608K, 93% used [0x00000000d7400000,0x00000000d7834b28,0x00000000d7880000)
  to   space 5120K, 0% used [0x00000000d6e80000,0x00000000d6e80000,0x00000000d7380000)
 ParOldGen       total 68608K, used 8026K [0x0000000080000000, 0x0000000084300000, 0x00000000d5580000)
  object space 68608K, 11% used [0x0000000080000000,0x00000000807d6850,0x0000000084300000)
 Metaspace       used 20620K, committed 21440K, reserved 1114112K
  class space    used 2155K, committed 2496K, reserved 1048576K
}
Event: 15.414 GC heap after
{Heap after GC invocations=7 (full 0):
 PSYoungGen      total 29184K, used 5115K [0x00000000d5580000, 0x00000000d7c00000, 0x0000000100000000)
  eden space 24064K, 0% used [0x00000000d5580000,0x00000000d5580000,0x00000000d6d00000)
  from space 5120K, 99% used [0x00000000d6e80000,0x00000000d737eeb0,0x00000000d7380000)
  to   space 7680K, 0% used [0x00000000d7480000,0x00000000d7480000,0x00000000d7c00000)
 ParOldGen       total 68608K, used 10074K [0x0000000080000000, 0x0000000084300000, 0x00000000d5580000)
  object space 68608K, 14% used [0x0000000080000000,0x00000000809d6868,0x0000000084300000)
 Metaspace       used 20620K, committed 21440K, reserved 1114112K
  class space    used 2155K, committed 2496K, reserved 1048576K
}
Event: 15.438 GC heap before
{Heap before GC invocations=8 (full 0):
 PSYoungGen      total 29184K, used 11393K [0x00000000d5580000, 0x00000000d7c00000, 0x0000000100000000)
  eden space 24064K, 26% used [0x00000000d5580000,0x00000000d5ba1908,0x00000000d6d00000)
  from space 5120K, 99% used [0x00000000d6e80000,0x00000000d737eeb0,0x00000000d7380000)
  to   space 7680K, 0% used [0x00000000d7480000,0x00000000d7480000,0x00000000d7c00000)
 ParOldGen       total 68608K, used 10074K [0x0000000080000000, 0x0000000084300000, 0x00000000d5580000)
  object space 68608K, 14% used [0x0000000080000000,0x00000000809d6868,0x0000000084300000)
 Metaspace       used 20642K, committed 21504K, reserved 1114112K
  class space    used 2155K, committed 2496K, reserved 1048576K
}
Event: 15.441 GC heap after
{Heap after GC invocations=8 (full 0):
 PSYoungGen      total 28160K, used 3973K [0x00000000d5580000, 0x00000000d7880000, 0x0000000100000000)
  eden space 24064K, 0% used [0x00000000d5580000,0x00000000d5580000,0x00000000d6d00000)
  from space 4096K, 97% used [0x00000000d7480000,0x00000000d7861710,0x00000000d7880000)
  to   space 5632K, 0% used [0x00000000d6d80000,0x00000000d6d80000,0x00000000d7300000)
 ParOldGen       total 68608K, used 11159K [0x0000000080000000, 0x0000000084300000, 0x00000000d5580000)
  object space 68608K, 16% used [0x0000000080000000,0x0000000080ae5e58,0x0000000084300000)
 Metaspace       used 20642K, committed 21504K, reserved 1114112K
  class space    used 2155K, committed 2496K, reserved 1048576K
}
Event: 15.441 GC heap before
{Heap before GC invocations=9 (full 1):
 PSYoungGen      total 28160K, used 3973K [0x00000000d5580000, 0x00000000d7880000, 0x0000000100000000)
  eden space 24064K, 0% used [0x00000000d5580000,0x00000000d5580000,0x00000000d6d00000)
  from space 4096K, 97% used [0x00000000d7480000,0x00000000d7861710,0x00000000d7880000)
  to   space 5632K, 0% used [0x00000000d6d80000,0x00000000d6d80000,0x00000000d7300000)
 ParOldGen       total 68608K, used 11159K [0x0000000080000000, 0x0000000084300000, 0x00000000d5580000)
  object space 68608K, 16% used [0x0000000080000000,0x0000000080ae5e58,0x0000000084300000)
 Metaspace       used 20642K, committed 21504K, reserved 1114112K
  class space    used 2155K, committed 2496K, reserved 1048576K
}
Event: 15.486 GC heap after
{Heap after GC invocations=9 (full 1):
 PSYoungGen      total 28160K, used 0K [0x00000000d5580000, 0x00000000d7880000, 0x0000000100000000)
  eden space 24064K, 0% used [0x00000000d5580000,0x00000000d5580000,0x00000000d6d00000)
  from space 4096K, 0% used [0x00000000d7480000,0x00000000d7480000,0x00000000d7880000)
  to   space 5632K, 0% used [0x00000000d6d80000,0x00000000d6d80000,0x00000000d7300000)
 ParOldGen       total 68608K, used 13564K [0x0000000080000000, 0x0000000084300000, 0x00000000d5580000)
  object space 68608K, 19% used [0x0000000080000000,0x0000000080d3f088,0x0000000084300000)
 Metaspace       used 20630K, committed 21504K, reserved 1114112K
  class space    used 2151K, committed 2496K, reserved 1048576K
}
Event: 15.879 GC heap before
{Heap before GC invocations=10 (full 1):
 PSYoungGen      total 28160K, used 24064K [0x00000000d5580000, 0x00000000d7880000, 0x0000000100000000)
  eden space 24064K, 100% used [0x00000000d5580000,0x00000000d6d00000,0x00000000d6d00000)
  from space 4096K, 0% used [0x00000000d7480000,0x00000000d7480000,0x00000000d7880000)
  to   space 5632K, 0% used [0x00000000d6d80000,0x00000000d6d80000,0x00000000d7300000)
 ParOldGen       total 68608K, used 13564K [0x0000000080000000, 0x0000000084300000, 0x00000000d5580000)
  object space 68608K, 19% used [0x0000000080000000,0x0000000080d3f088,0x0000000084300000)
 Metaspace       used 24552K, committed 25408K, reserved 1114112K
  class space    used 2442K, committed 2816K, reserved 1048576K
}
Event: 15.881 GC heap after
{Heap after GC invocations=10 (full 1):
 PSYoungGen      total 29184K, used 352K [0x00000000d5580000, 0x00000000d7500000, 0x0000000100000000)
  eden space 23552K, 0% used [0x00000000d5580000,0x00000000d5580000,0x00000000d6c80000)
  from space 5632K, 6% used [0x00000000d6d80000,0x00000000d6dd8000,0x00000000d7300000)
  to   space 2048K, 0% used [0x00000000d7300000,0x00000000d7300000,0x00000000d7500000)
 ParOldGen       total 68608K, used 13572K [0x0000000080000000, 0x0000000084300000, 0x00000000d5580000)
  object space 68608K, 19% used [0x0000000080000000,0x0000000080d41088,0x0000000084300000)
 Metaspace       used 24552K, committed 25408K, reserved 1114112K
  class space    used 2442K, committed 2816K, reserved 1048576K
}

Dll operation events (9 events):
Event: 0.034 Loaded shared library c:\Users\Admin\.vscode\extensions\redhat.java-1.55.0-win32-x64\jre\21.0.11-win32-x86_64\bin\java.dll
Event: 0.326 Loaded shared library c:\Users\Admin\.vscode\extensions\redhat.java-1.55.0-win32-x64\jre\21.0.11-win32-x86_64\bin\zip.dll
Event: 0.376 Loaded shared library C:\Users\Admin\.vscode\extensions\redhat.java-1.55.0-win32-x64\jre\21.0.11-win32-x86_64\bin\instrument.dll
Event: 0.397 Loaded shared library C:\Users\Admin\.vscode\extensions\redhat.java-1.55.0-win32-x64\jre\21.0.11-win32-x86_64\bin\net.dll
Event: 0.403 Loaded shared library C:\Users\Admin\.vscode\extensions\redhat.java-1.55.0-win32-x64\jre\21.0.11-win32-x86_64\bin\nio.dll
Event: 0.411 Loaded shared library C:\Users\Admin\.vscode\extensions\redhat.java-1.55.0-win32-x64\jre\21.0.11-win32-x86_64\bin\zip.dll
Event: 0.459 Loaded shared library C:\Users\Admin\.vscode\extensions\redhat.java-1.55.0-win32-x64\jre\21.0.11-win32-x86_64\bin\jimage.dll
Event: 0.665 Loaded shared library c:\Users\Admin\.vscode\extensions\redhat.java-1.55.0-win32-x64\jre\21.0.11-win32-x86_64\bin\verify.dll
Event: 3.432 Loaded shared library C:\Users\Admin\AppData\Roaming\Code\User\globalStorage\redhat.java\1.55.0\config_win\org.eclipse.equinox.launcher\org.eclipse.equinox.launcher.win32.win32.x86_64_1.3.100.v20260613-0559\eclipse_11924.dll

Deoptimization events (20 events):
Event: 15.240 Thread 0x000002544b8100b0 DEOPT PACKING pc=0x000002547777168c sp=0x00000063198f8100
Event: 15.240 Thread 0x000002544b8100b0 DEOPT UNPACKING pc=0x00000254770a3aa2 sp=0x00000063198f8098 mode 2
Event: 15.240 Thread 0x000002544b8100b0 Uncommon trap: trap_request=0xffffff45 fr.pc=0x0000025477730df0 relative=0x0000000000001010
Event: 15.240 Thread 0x000002544b8100b0 Uncommon trap: reason=unstable_if action=reinterpret pc=0x0000025477730df0 method=jdk.internal.org.objectweb.asm.Frame.execute(IILjdk/internal/org/objectweb/asm/Symbol;Ljdk/internal/org/objectweb/asm/SymbolTable;)V @ 1 c2
Event: 15.240 Thread 0x000002544b8100b0 DEOPT PACKING pc=0x0000025477730df0 sp=0x00000063198f7e70
Event: 15.240 Thread 0x000002544b8100b0 DEOPT UNPACKING pc=0x00000254770a3aa2 sp=0x00000063198f7df8 mode 2
Event: 15.377 Thread 0x000002544b8100b0 Uncommon trap: trap_request=0xffffff45 fr.pc=0x000002547777cb90 relative=0x0000000000000890
Event: 15.377 Thread 0x000002544b8100b0 Uncommon trap: reason=unstable_if action=reinterpret pc=0x000002547777cb90 method=org.lombokweb.asm.ClassReader.readUTF8(I[C)Ljava/lang/String; @ 11 c2
Event: 15.377 Thread 0x000002544b8100b0 DEOPT PACKING pc=0x000002547777cb90 sp=0x00000063198ef5d0
Event: 15.377 Thread 0x000002544b8100b0 DEOPT UNPACKING pc=0x00000254770a3aa2 sp=0x00000063198ef5d8 mode 2
Event: 15.779 Thread 0x000002544b8100b0 Uncommon trap: trap_request=0xffffff45 fr.pc=0x00000254777874ec relative=0x000000000000014c
Event: 15.779 Thread 0x000002544b8100b0 Uncommon trap: reason=unstable_if action=reinterpret pc=0x00000254777874ec method=org.lombokweb.asm.ByteVector.putByteArray([BII)Lorg/lombokweb/asm/ByteVector; @ 20 c2
Event: 15.779 Thread 0x000002544b8100b0 DEOPT PACKING pc=0x00000254777874ec sp=0x00000063198f2760
Event: 15.779 Thread 0x000002544b8100b0 DEOPT UNPACKING pc=0x00000254770a3aa2 sp=0x00000063198f2730 mode 2
Event: 15.779 Thread 0x000002544b8100b0 Uncommon trap: trap_request=0xffffff45 fr.pc=0x0000025477786924 relative=0x0000000000000364
Event: 15.779 Thread 0x000002544b8100b0 Uncommon trap: reason=unstable_if action=reinterpret pc=0x0000025477786924 method=org.lombokweb.asm.Label.resolve([BLorg/lombokweb/asm/ByteVector;I)Z @ 81 c2
Event: 15.779 Thread 0x000002544b8100b0 DEOPT PACKING pc=0x0000025477786924 sp=0x00000063198f27f0
Event: 15.779 Thread 0x000002544b8100b0 DEOPT UNPACKING pc=0x00000254770a3aa2 sp=0x00000063198f26f8 mode 2
Event: 16.000 Thread 0x000002544b8100b0 DEOPT PACKING pc=0x00000254700c8fb9 sp=0x00000063198f4990
Event: 17.000 Thread 0x000002544b8100b0 DEOPT UNPACKING pc=0x00000254770a4242 sp=0x00000063198f3e90 mode 0

Classes loaded (20 events):
Event: 15.264 Loading class java/util/zip/GZIPInputStream
Event: 15.264 Loading class java/util/zip/GZIPInputStream done
Event: 15.269 Loading class java/io/StringReader
Event: 15.269 Loading class java/io/StringReader done
Event: 15.314 Loading class java/net/SocketTimeoutException
Event: 15.314 Loading class java/io/InterruptedIOException
Event: 15.314 Loading class java/io/InterruptedIOException done
Event: 15.314 Loading class java/net/SocketTimeoutException done
Event: 15.314 Loading class java/net/SocketException
Event: 15.314 Loading class java/net/SocketException done
Event: 15.314 Loading class java/net/UnknownHostException
Event: 15.314 Loading class java/net/UnknownHostException done
Event: 15.314 Loading class java/net/ProtocolException
Event: 15.314 Loading class java/net/ProtocolException done
Event: 15.344 Loading class java/lang/ThreadLocal$SuppliedThreadLocal
Event: 15.344 Loading class java/lang/ThreadLocal$SuppliedThreadLocal done
Event: 15.356 Loading class java/io/FileWriter
Event: 15.356 Loading class java/io/FileWriter done
Event: 15.356 Loading class java/lang/NegativeArraySizeException
Event: 15.356 Loading class java/lang/NegativeArraySizeException done

Classes unloaded (7 events):
Event: 15.447 Thread 0x000002546c931ac0 Unloading class 0x00000254051aac00 'java/lang/invoke/LambdaForm$MH+0x00000254051aac00'
Event: 15.447 Thread 0x000002546c931ac0 Unloading class 0x00000254051aa800 'java/lang/invoke/LambdaForm$MH+0x00000254051aa800'
Event: 15.447 Thread 0x000002546c931ac0 Unloading class 0x00000254051aa400 'java/lang/invoke/LambdaForm$MH+0x00000254051aa400'
Event: 15.447 Thread 0x000002546c931ac0 Unloading class 0x00000254051aa000 'java/lang/invoke/LambdaForm$MH+0x00000254051aa000'
Event: 15.447 Thread 0x000002546c931ac0 Unloading class 0x00000254051a9c00 'java/lang/invoke/LambdaForm$BMH+0x00000254051a9c00'
Event: 15.447 Thread 0x000002546c931ac0 Unloading class 0x00000254051a9800 'java/lang/invoke/LambdaForm$DMH+0x00000254051a9800'
Event: 15.447 Thread 0x000002546c931ac0 Unloading class 0x00000254051a8400 'java/lang/invoke/LambdaForm$DMH+0x00000254051a8400'

Classes redefined (0 events):
No events

Internal exceptions (20 events):
Event: 8.937 Thread 0x000002544b8100b0 Exception <a 'java/lang/NoSuchMethodError'{0x00000000d558ed30}: 'java.lang.Object java.lang.invoke.Invokers$Holder.linkToTargetMethod(java.lang.Object, java.lang.Object, long, java.lang.Object)'> (0x00000000d558ed30) 
thrown [s\src\hotspot\share\interpreter\linkResolver.cpp, line 773]
Event: 8.958 Thread 0x000002544b8100b0 Exception <a 'java/lang/NoSuchMethodError'{0x00000000d562ac08}: 'int java.lang.invoke.DirectMethodHandle$Holder.invokeStaticInit(java.lang.Object, java.lang.Object, java.lang.Object)'> (0x00000000d562ac08) 
thrown [s\src\hotspot\share\interpreter\linkResolver.cpp, line 773]
Event: 9.003 Thread 0x000002544b8100b0 Exception <a 'java/lang/IncompatibleClassChangeError'{0x00000000d56f0b28}: Found class java.lang.Object, but interface was expected> (0x00000000d56f0b28) 
thrown [s\src\hotspot\share\interpreter\linkResolver.cpp, line 840]
Event: 9.006 Thread 0x000002544b8100b0 Exception <a 'java/lang/NoSuchMethodError'{0x00000000d56f45c0}: 'java.lang.Object java.lang.invoke.DirectMethodHandle$Holder.invokeSpecial(java.lang.Object, java.lang.Object, java.lang.Object, int, java.lang.Object, java.lang.Object)'> (0x00000000d56f45c0) 
thrown [s\src\hotspot\share\interpreter\linkResolver.cpp, line 773]
Event: 9.008 Thread 0x000002544b8100b0 Exception <a 'java/lang/NoSuchMethodError'{0x00000000d56fbfd8}: 'java.lang.Object java.lang.invoke.DirectMethodHandle$Holder.newInvokeSpecial(java.lang.Object, java.lang.Object, java.lang.Object, int, java.lang.Object)'> (0x00000000d56fbfd8) 
thrown [s\src\hotspot\share\interpreter\linkResolver.cpp, line 773]
Event: 9.009 Thread 0x000002544b8100b0 Exception <a 'java/lang/NoSuchMethodError'{0x00000000d56fff58}: 'java.lang.Object java.lang.invoke.DirectMethodHandle$Holder.invokeSpecial(java.lang.Object, java.lang.Object, java.lang.Object, java.lang.Object, int, java.lang.Object)'> (0x00000000d56fff58) 
thrown [s\src\hotspot\share\interpreter\linkResolver.cpp, line 773]
Event: 9.010 Thread 0x000002544b8100b0 Exception <a 'java/lang/NoSuchMethodError'{0x00000000d5703a98}: 'java.lang.Object java.lang.invoke.Invokers$Holder.linkToTargetMethod(java.lang.Object, java.lang.Object, int, java.lang.Object, java.lang.Object)'> (0x00000000d5703a98) 
thrown [s\src\hotspot\share\interpreter\linkResolver.cpp, line 773]
Event: 9.012 Thread 0x000002544be88d50 Exception <a 'java/lang/NoSuchMethodError'{0x00000000d55e7230}: 'java.lang.Object java.lang.invoke.DirectMethodHandle$Holder.invokeSpecial(java.lang.Object, java.lang.Object, int, java.lang.Object, java.lang.Object)'> (0x00000000d55e7230) 
thrown [s\src\hotspot\share\interpreter\linkResolver.cpp, line 773]
Event: 9.052 Thread 0x000002544b8100b0 Exception <a 'java/lang/NoSuchMethodError'{0x00000000d583d1c0}: 'void java.lang.invoke.DirectMethodHandle$Holder.invokeSpecial(java.lang.Object, java.lang.Object, java.lang.Object, java.lang.Object, java.lang.Object)'> (0x00000000d583d1c0) 
thrown [s\src\hotspot\share\interpreter\linkResolver.cpp, line 773]
Event: 14.406 Thread 0x000002544b8100b0 Exception <a 'java/lang/NoSuchMethodError'{0x00000000d5ffe610}: 'java.lang.Object java.lang.invoke.DirectMethodHandle$Holder.invokeInterface(java.lang.Object, java.lang.Object, java.lang.Object)'> (0x00000000d5ffe610) 
thrown [s\src\hotspot\share\interpreter\linkResolver.cpp, line 773]
Event: 14.604 Thread 0x000002544b8100b0 Exception <a 'java/lang/NoSuchMethodError'{0x00000000d6512a90}: 'java.lang.Object java.lang.invoke.Invokers$Holder.linkToTargetMethod(java.lang.Object, long, java.lang.Object, java.lang.Object)'> (0x00000000d6512a90) 
thrown [s\src\hotspot\share\interpreter\linkResolver.cpp, line 773]
Event: 14.863 Thread 0x000002544b8100b0 Exception <a 'java/io/FileNotFoundException'{0x00000000d6cc90a8}> (0x00000000d6cc90a8) 
thrown [s\src\hotspot\share\prims\jni.cpp, line 520]
Event: 14.865 Thread 0x000002544b8100b0 Exception <a 'java/lang/NoSuchMethodError'{0x00000000d6cd18a8}: 'java.lang.Object java.lang.invoke.DirectMethodHandle$Holder.newInvokeSpecial(java.lang.Object, int, java.lang.Object, java.lang.Object)'> (0x00000000d6cd18a8) 
thrown [s\src\hotspot\share\interpreter\linkResolver.cpp, line 773]
Event: 15.083 Thread 0x000002544b8100b0 Exception <a 'java/lang/NoSuchMethodError'{0x00000000d5cb5340}: 'void java.lang.invoke.DirectMethodHandle$Holder.invokeSpecial(java.lang.Object, java.lang.Object, java.lang.Object, int)'> (0x00000000d5cb5340) 
thrown [s\src\hotspot\share\interpreter\linkResolver.cpp, line 773]
Event: 15.095 Thread 0x000002544b8100b0 Exception <a 'java/lang/NoSuchMethodError'{0x00000000d5d1b480}: 'long java.lang.invoke.Invokers$Holder.invokeExact_MT(java.lang.Object, java.lang.Object)'> (0x00000000d5d1b480) 
thrown [s\src\hotspot\share\interpreter\linkResolver.cpp, line 773]
Event: 15.240 Thread 0x000002544b8100b0 Exception <a 'java/lang/NoSuchMethodError'{0x00000000d62fae10}: 'double java.lang.invoke.DirectMethodHandle$Holder.invokeStatic(java.lang.Object, java.lang.Object)'> (0x00000000d62fae10) 
thrown [s\src\hotspot\share\interpreter\linkResolver.cpp, line 773]
Event: 15.241 Thread 0x000002544b8100b0 Exception <a 'java/lang/NoSuchMethodError'{0x00000000d62fe4a0}: 'double java.lang.invoke.DirectMethodHandle$Holder.invokeStaticInit(java.lang.Object, java.lang.Object)'> (0x00000000d62fe4a0) 
thrown [s\src\hotspot\share\interpreter\linkResolver.cpp, line 773]
Event: 15.779 Thread 0x000002544b8100b0 Implicit null exception at 0x00000254777873f5 to 0x00000254777874d0
Event: 15.946 Thread 0x000002544b8100b0 Exception <a 'java/io/FileNotFoundException'{0x00000000d62b3db0}> (0x00000000d62b3db0) 
thrown [s\src\hotspot\share\prims\jni.cpp, line 520]
Event: 15.947 Thread 0x000002544b8100b0 Exception <a 'java/io/FileNotFoundException'{0x00000000d62b4da8}> (0x00000000d62b4da8) 
thrown [s\src\hotspot\share\prims\jni.cpp, line 520]

ZGC Phase Switch (0 events):
No events

VM Operations (20 events):
Event: 9.178 Executing non-safepoint VM operation: HandshakeAllThreads (Deoptimize) done
Event: 10.187 Executing safepoint VM operation: Cleanup
Event: 10.187 Executing safepoint VM operation: Cleanup done
Event: 11.278 Executing non-safepoint VM operation: HandshakeAllThreads (Deoptimize)
Event: 11.279 Executing non-safepoint VM operation: HandshakeAllThreads (Deoptimize) done
Event: 11.279 Executing safepoint VM operation: Cleanup
Event: 11.279 Executing safepoint VM operation: Cleanup done
Event: 11.291 Executing non-safepoint VM operation: HandshakeAllThreads (Deoptimize)
Event: 11.291 Executing non-safepoint VM operation: HandshakeAllThreads (Deoptimize) done
Event: 12.292 Executing safepoint VM operation: Cleanup
Event: 14.332 Executing safepoint VM operation: Cleanup done
Event: 14.896 Executing safepoint VM operation: ParallelGCFailedAllocation (Allocation Failure)
Event: 14.901 Executing safepoint VM operation: ParallelGCFailedAllocation (Allocation Failure) done
Event: 15.409 Executing safepoint VM operation: ParallelGCFailedAllocation (Allocation Failure)
Event: 15.414 Executing safepoint VM operation: ParallelGCFailedAllocation (Allocation Failure) done
Event: 15.438 Executing safepoint VM operation: CollectForMetadataAllocation (Metadata GC Threshold)
Event: 15.486 Executing safepoint VM operation: CollectForMetadataAllocation (Metadata GC Threshold) done
Event: 15.879 Executing safepoint VM operation: ParallelGCFailedAllocation (Allocation Failure)
Event: 15.881 Executing safepoint VM operation: ParallelGCFailedAllocation (Allocation Failure) done
Event: 16.887 Executing safepoint VM operation: Cleanup

Memory protections (0 events):
No events

Nmethod flushes (0 events):
No events

Events (20 events):
Event: 0.644 Thread 0x000002546c93a050 Thread added: 0x0000025446250f80
Event: 0.901 Thread 0x000002546c88b410 Thread added: 0x00000254462765f0
Event: 2.023 Thread 0x0000025446250f80 Thread exited: 0x0000025446250f80
Event: 3.040 Thread 0x000002546c88b410 Thread added: 0x000002544b49a630
Event: 3.422 Thread 0x000002546c88b410 Thread added: 0x000002544ba3fc20
Event: 3.709 Thread 0x000002544ba3fc20 Thread added: 0x000002544b9e2540
Event: 3.724 Thread 0x000002546c88b410 Thread added: 0x000002544b8100b0
Event: 4.880 Thread 0x0000025445f71c50 Thread added: 0x000002544bee3530
Event: 5.084 Thread 0x000002544b8100b0 Thread added: 0x000002544bbd59d0
Event: 5.208 Thread 0x000002544bee3530 Thread exited: 0x000002544bee3530
Event: 7.247 Thread 0x000002544b8100b0 Thread added: 0x000002544c079ab0
Event: 7.636 Thread 0x0000025445f71c50 Thread added: 0x000002544bd722b0
Event: 8.176 Thread 0x000002544b8100b0 Thread added: 0x000002544609e0d0
Event: 8.274 Thread 0x000002544bd722b0 Thread exited: 0x000002544bd722b0
Event: 8.948 Thread 0x000002544b8100b0 Thread added: 0x000002544be88d50
Event: 9.015 Thread 0x000002544b8100b0 Thread added: 0x000002544be89a70
Event: 10.189 Thread 0x0000025445f71c50 Thread added: 0x000002544bb7f070
Event: 15.546 Thread 0x000002544bb7f070 Thread exited: 0x000002544bb7f070
Event: 15.994 Thread 0x0000025445f71c50 Thread added: 0x000002544b79c050
Event: 15.994 Thread 0x0000025445f71c50 Thread added: 0x000002544c195160


Dynamic libraries:
0x00007ff7a0090000 - 0x00007ff7a009e000 	c:\Users\Admin\.vscode\extensions\redhat.java-1.55.0-win32-x64\jre\21.0.11-win32-x86_64\bin\java.exe
0x00007ff92ebf0000 - 0x00007ff92ee45000 	C:\Windows\SYSTEM32\ntdll.dll
0x00007ff92e510000 - 0x00007ff92e5d7000 	C:\Windows\System32\KERNEL32.DLL
0x00007ff92c040000 - 0x00007ff92c3e0000 	C:\Windows\System32\KERNELBASE.dll
0x00007ff92c4a0000 - 0x00007ff92c5ea000 	C:\Windows\System32\ucrtbase.dll
0x00007ff914260000 - 0x00007ff91427e000 	c:\Users\Admin\.vscode\extensions\redhat.java-1.55.0-win32-x64\jre\21.0.11-win32-x86_64\bin\VCRUNTIME140.dll
0x00007ff913300000 - 0x00007ff913318000 	c:\Users\Admin\.vscode\extensions\redhat.java-1.55.0-win32-x64\jre\21.0.11-win32-x86_64\bin\jli.dll
0x00007ff92ce60000 - 0x00007ff92d01f000 	C:\Windows\System32\USER32.dll
0x00007ff91c6d0000 - 0x00007ff91c960000 	C:\Windows\WinSxS\amd64_microsoft.windows.common-controls_6595b64144ccf1df_6.0.26100.1_none_fc2d3fda0fd46076\COMCTL32.dll
0x00007ff92c5f0000 - 0x00007ff92c617000 	C:\Windows\System32\win32u.dll
0x00007ff92e5e0000 - 0x00007ff92e689000 	C:\Windows\System32\msvcrt.dll
0x00007ff92e720000 - 0x00007ff92e74a000 	C:\Windows\System32\GDI32.dll
0x00007ff92c620000 - 0x00007ff92c741000 	C:\Windows\System32\gdi32full.dll
0x00007ff92c3f0000 - 0x00007ff92c493000 	C:\Windows\System32\msvcp_win.dll
0x00007ff92dda0000 - 0x00007ff92ddcf000 	C:\Windows\System32\IMM32.DLL
0x00007ff923f70000 - 0x00007ff923f7c000 	c:\Users\Admin\.vscode\extensions\redhat.java-1.55.0-win32-x64\jre\21.0.11-win32-x86_64\bin\vcruntime140_1.dll
0x00007ff911be0000 - 0x00007ff911c6d000 	c:\Users\Admin\.vscode\extensions\redhat.java-1.55.0-win32-x64\jre\21.0.11-win32-x86_64\bin\msvcp140.dll
0x00007ff8df5b0000 - 0x00007ff8e0352000 	c:\Users\Admin\.vscode\extensions\redhat.java-1.55.0-win32-x64\jre\21.0.11-win32-x86_64\bin\server\jvm.dll
0x00007ff92dce0000 - 0x00007ff92dd92000 	C:\Windows\System32\ADVAPI32.dll
0x00007ff92d7b0000 - 0x00007ff92d856000 	C:\Windows\System32\sechost.dll
0x00007ff92e170000 - 0x00007ff92e289000 	C:\Windows\System32\RPCRT4.dll
0x00007ff92df50000 - 0x00007ff92dfc4000 	C:\Windows\System32\WS2_32.dll
0x00007ff9228c0000 - 0x00007ff9228f6000 	C:\Windows\SYSTEM32\WINMM.dll
0x00007ff92bee0000 - 0x00007ff92bf2e000 	C:\Windows\SYSTEM32\POWRPROF.dll
0x00007ff924950000 - 0x00007ff92495b000 	C:\Windows\SYSTEM32\VERSION.dll
0x00007ff92bec0000 - 0x00007ff92bed4000 	C:\Windows\SYSTEM32\UMPDC.dll
0x00007ff92af20000 - 0x00007ff92af3a000 	C:\Windows\SYSTEM32\kernel.appcore.dll
0x00007ff929310000 - 0x00007ff92931a000 	c:\Users\Admin\.vscode\extensions\redhat.java-1.55.0-win32-x64\jre\21.0.11-win32-x86_64\bin\jimage.dll
0x00007ff923c00000 - 0x00007ff923e41000 	C:\Windows\SYSTEM32\DBGHELP.DLL
0x00007ff92cab0000 - 0x00007ff92ce25000 	C:\Windows\System32\combase.dll
0x00007ff92e380000 - 0x00007ff92e456000 	C:\Windows\System32\OLEAUT32.dll
0x00007ff901670000 - 0x00007ff9016a9000 	C:\Windows\SYSTEM32\dbgcore.DLL
0x00007ff92c950000 - 0x00007ff92c9e9000 	C:\Windows\System32\bcryptPrimitives.dll
0x00007ff923ab0000 - 0x00007ff923abf000 	c:\Users\Admin\.vscode\extensions\redhat.java-1.55.0-win32-x64\jre\21.0.11-win32-x86_64\bin\instrument.dll
0x00007ff91b1d0000 - 0x00007ff91b1f0000 	c:\Users\Admin\.vscode\extensions\redhat.java-1.55.0-win32-x64\jre\21.0.11-win32-x86_64\bin\java.dll
0x00007ff92d0b0000 - 0x00007ff92d796000 	C:\Windows\System32\SHELL32.dll
0x00007ff929ec0000 - 0x00007ff92a6eb000 	C:\Windows\SYSTEM32\windows.storage.dll
0x00007ff92dde0000 - 0x00007ff92deb3000 	C:\Windows\System32\SHCORE.dll
0x00007ff92eb40000 - 0x00007ff92eb9d000 	C:\Windows\System32\shlwapi.dll
0x00007ff92bf60000 - 0x00007ff92bf84000 	C:\Windows\SYSTEM32\profapi.dll
0x00007ff918150000 - 0x00007ff918168000 	c:\Users\Admin\.vscode\extensions\redhat.java-1.55.0-win32-x64\jre\21.0.11-win32-x86_64\bin\zip.dll
0x00007ff9270a0000 - 0x00007ff9270b0000 	C:\Users\Admin\.vscode\extensions\redhat.java-1.55.0-win32-x64\jre\21.0.11-win32-x86_64\bin\net.dll
0x00007ff925b10000 - 0x00007ff925c2d000 	C:\Windows\SYSTEM32\WINHTTP.dll
0x00007ff92b450000 - 0x00007ff92b4b8000 	C:\Windows\system32\mswsock.dll
0x00007ff915710000 - 0x00007ff915726000 	C:\Users\Admin\.vscode\extensions\redhat.java-1.55.0-win32-x64\jre\21.0.11-win32-x86_64\bin\nio.dll
0x00007ff91f300000 - 0x00007ff91f310000 	c:\Users\Admin\.vscode\extensions\redhat.java-1.55.0-win32-x64\jre\21.0.11-win32-x86_64\bin\verify.dll
0x00007ff9053f0000 - 0x00007ff905435000 	C:\Users\Admin\AppData\Roaming\Code\User\globalStorage\redhat.java\1.55.0\config_win\org.eclipse.equinox.launcher\org.eclipse.equinox.launcher.win32.win32.x86_64_1.3.100.v20260613-0559\eclipse_11924.dll
0x00007ff92dfd0000 - 0x00007ff92e165000 	C:\Windows\System32\ole32.dll

JVMTI agents:
c:\Users\Admin\.vscode\extensions\redhat.java-1.55.0-win32-x64\lombok\lombok-1.18.39-4050.jar path:c:\Users\Admin\.vscode\extensions\redhat.java-1.55.0-win32-x64\jre\21.0.11-win32-x86_64\bin\instrument.dll, loaded, initialized, instrumentlib options:none

dbghelp: loaded successfully - version: 4.0.5 - missing functions: none
symbol engine: initialized successfully - sym options: 0x614 - pdb path: .;c:\Users\Admin\.vscode\extensions\redhat.java-1.55.0-win32-x64\jre\21.0.11-win32-x86_64\bin;C:\Windows\SYSTEM32;C:\Windows\WinSxS\amd64_microsoft.windows.common-controls_6595b64144ccf1df_6.0.26100.1_none_fc2d3fda0fd46076;c:\Users\Admin\.vscode\extensions\redhat.java-1.55.0-win32-x64\jre\21.0.11-win32-x86_64\bin\server;C:\Users\Admin\AppData\Roaming\Code\User\globalStorage\redhat.java\1.55.0\config_win\org.eclipse.equinox.launcher\org.eclipse.equinox.launcher.win32.win32.x86_64_1.3.100.v20260613-0559

VM Arguments:
jvm_args: --add-modules=ALL-SYSTEM --add-opens=java.base/java.util=ALL-UNNAMED --add-opens=java.base/java.lang=ALL-UNNAMED --add-opens=java.base/sun.nio.fs=ALL-UNNAMED -Declipse.application=org.eclipse.jdt.ls.core.id1 -Dosgi.bundles.defaultStartLevel=4 -Declipse.product=org.eclipse.jdt.ls.core.product -Djava.import.generatesMetadataFilesAtProjectRoot=false -DDetectVMInstallationsJob.disabled=true -Dfile.encoding=utf8 -XX:+UseParallelGC -XX:GCTimeRatio=4 -XX:AdaptiveSizePolicyWeight=90 -Dsun.zip.disableMemoryMapping=true -Xmx2G -Xms100m -Xlog:disable -javaagent:c:\Users\Admin\.vscode\extensions\redhat.java-1.55.0-win32-x64\lombok\lombok-1.18.39-4050.jar -XX:+HeapDumpOnOutOfMemoryError -XX:HeapDumpPath=c:\Users\Admin\AppData\Roaming\Code\User\workspaceStorage\801ed1664cc344b479297c66898efbba\redhat.java -Daether.dependencyCollector.impl=bf 
java_command: c:\Users\Admin\.vscode\extensions\redhat.java-1.55.0-win32-x64\server\plugins\org.eclipse.equinox.launcher_1.7.200.v20260619-2039.jar -configuration c:\Users\Admin\AppData\Roaming\Code\User\globalStorage\redhat.java\1.55.0\config_win -data c:\Users\Admin\AppData\Roaming\Code\User\workspaceStorage\801ed1664cc344b479297c66898efbba\redhat.java\jdt_ws --pipe=\\.\pipe\lsp-5016e778134ff8b9b891b24471eb7852-sock
java_class_path (initial): c:\Users\Admin\.vscode\extensions\redhat.java-1.55.0-win32-x64\server\plugins\org.eclipse.equinox.launcher_1.7.200.v20260619-2039.jar
Launcher Type: SUN_STANDARD

[Global flags]
    uintx AdaptiveSizePolicyWeight                 = 90                                        {product} {command line}
     intx CICompilerCount                          = 4                                         {product} {ergonomic}
    uintx GCTimeRatio                              = 4                                         {product} {command line}
     bool HeapDumpOnOutOfMemoryError               = true                                   {manageable} {command line}
    ccstr HeapDumpPath                             = c:\Users\Admin\AppData\Roaming\Code\User\workspaceStorage\801ed1664cc344b479297c66898efbba\redhat.java         {manageable} {command line}
   size_t InitialHeapSize                          = 104857600                                 {product} {command line}
   size_t MaxHeapSize                              = 2147483648                                {product} {command line}
   size_t MaxNewSize                               = 715653120                                 {product} {ergonomic}
   size_t MinHeapDeltaBytes                        = 524288                                    {product} {ergonomic}
   size_t MinHeapSize                              = 104857600                                 {product} {command line}
   size_t NewSize                                  = 34603008                                  {product} {ergonomic}
    uintx NonNMethodCodeHeapSize                   = 5839372                                {pd product} {ergonomic}
    uintx NonProfiledCodeHeapSize                  = 122909434                              {pd product} {ergonomic}
   size_t OldSize                                  = 70254592                                  {product} {ergonomic}
    uintx ProfiledCodeHeapSize                     = 122909434                              {pd product} {ergonomic}
    uintx ReservedCodeCacheSize                    = 251658240                              {pd product} {ergonomic}
     bool SegmentedCodeCache                       = true                                      {product} {ergonomic}
   size_t SoftMaxHeapSize                          = 2147483648                             {manageable} {ergonomic}
     bool UseCompressedOops                        = true                           {product lp64_product} {ergonomic}
     bool UseLargePagesIndividualAllocation        = false                                  {pd product} {ergonomic}
     bool UseParallelGC                            = true                                      {product} {command line}

Logging:
Log output configuration:
 #0: stdout all=off uptime,level,tags foldmultilines=false
 #1: stderr all=off uptime,level,tags foldmultilines=false

Release file:
JAVA_VERSION="21.0.11" 
MODULES="java.base java.compiler java.datatransfer java.xml java.prefs java.desktop java.instrument java.logging java.management java.security.sasl java.naming java.rmi java.management.rmi java.net.http java.scripting java.security.jgss java.transaction.xa java.sql java.sql.rowset java.xml.crypto java.se java.smartcardio jdk.accessibility jdk.internal.jvmstat jdk.attach jdk.charsets jdk.internal.opt jdk.zipfs jdk.compiler jdk.crypto.ec jdk.crypto.cryptoki jdk.crypto.mscapi jdk.dynalink jdk.internal.ed jdk.editpad jdk.hotspot.agent jdk.httpserver jdk.internal.le jdk.internal.vm.ci jdk.internal.vm.compiler jdk.internal.vm.compiler.management jdk.jartool jdk.javadoc jdk.jcmd jdk.management jdk.management.agent jdk.jconsole jdk.jdeps jdk.jdwp.agent jdk.jdi jdk.jfr jdk.jshell jdk.jsobject jdk.jstatd jdk.localedata jdk.management.jfr jdk.naming.dns jdk.naming.rmi jdk.net jdk.nio.mapmode jdk.random jdk.sctp jdk.security.auth jdk.security.jgss jdk.unsupported jdk.unsupported.desktop jdk.xml.dom" 

Environment Variables:
JAVA_HOME=C:\Program Files\Java\jdk-17
PATH=C:\Program Files\Python314\Scripts\;C:\Program Files\Python314\;C:\Windows\system32;C:\Windows;C:\Windows\System32\Wbem;C:\Windows\System32\WindowsPowerShell\v1.0\;C:\Windows\System32\OpenSSH\;C:\Program Files\Git\cmd;C:\Program Files\dotnet\;%ANDROID_HOME%\platform-tools;%ANDROID_HOME%\cmdline-tools\latest\bin;%ANDROID_HOME%\emulator;%JAVA_HOME%\bin;C:\Program Files\nodejs\;C:\Users\Admin\AppData\Local\Microsoft\WindowsApps;C:\flutter\bin;C:\Users\Admin\.dotnet\tools;C:\Users\Admin\AppData\Local\Android\Sdk\platform-tools;C:\Users\Admin\AppData\Local\Programs\Microsoft VS Code\bin;C:\Users\Admin\AppData\Roaming\npm
USERNAME=Admin
OS=Windows_NT
PROCESSOR_IDENTIFIER=AMD64 Family 23 Model 96 Stepping 1, AuthenticAMD
TMP=C:\Users\Admin\AppData\Local\Temp
TEMP=C:\Users\Admin\AppData\Local\Temp




Periodic native trim disabled

---------------  S Y S T E M  ---------------

OS:
 Windows 11 , 64 bit Build 26100 (10.0.26100.1)
OS uptime: 0 days 0:56 hours

CPU: total 12 (initial active 12) (12 cores per cpu, 2 threads per core) family 23 model 96 stepping 1 microcode 0x8600106, cx8, cmov, fxsr, ht, mmx, 3dnowpref, sse, sse2, sse3, ssse3, sse4a, sse4.1, sse4.2, popcnt, lzcnt, tsc, tscinvbit, avx, avx2, aes, clmul, bmi1, bmi2, adx, sha, fma, vzeroupper, clflush, clflushopt, rdtscp, rdpid, f16c
Processor Information for the first 12 processors :
  Max Mhz: 3001, Current Mhz: 2011, Mhz Limit: 3001

Memory: 4k page, system-wide physical 7598M (765M free)
TotalPageFile size 13742M (AvailPageFile size 32M)
current process WorkingSet (physical memory assigned to process): 154M, peak: 157M
current process commit charge ("private bytes"): 292M, peak: 295M

vm_info: OpenJDK 64-Bit Server VM (21.0.11+10-LTS) for windows-amd64 JRE (21.0.11+10-LTS), built on 2026-04-21T00:00:00Z by "admin" with MS VC++ 17.12 (VS2022)

END.
