#
# There is insufficient memory for the Java Runtime Environment to continue.
# Native memory allocation (malloc) failed to allocate 1129936 bytes. Error detail: Chunk::new
# Possible reasons:
#   The system is out of physical RAM or swap space
#   This process is running with CompressedOops enabled, and the Java Heap may be blocking the growth of the native heap
# Possible solutions:
#   Reduce memory load on the system
#   Increase physical memory or swap space
#   Check if swap backing store is full
#   Decrease Java heap size (-Xmx/-Xms)
#   Decrease number of Java threads
#   Decrease Java thread stack sizes (-Xss)
#   Set larger code cache with -XX:ReservedCodeCacheSize=
#   JVM is running with Unscaled Compressed Oops mode in which the Java heap is
#     placed in the first 4GB address space. The Java Heap base address is the
#     maximum limit for the native heap growth. Please use -XX:HeapBaseMinAddress
#     to set the Java Heap base and to place the Java Heap above 4GB virtual address.
# This output file may be truncated or incomplete.
#
#  Out of Memory Error (arena.cpp:168), pid=8356, tid=16020
#
# JRE version: OpenJDK Runtime Environment Temurin-21.0.11+10 (21.0.11+10) (build 21.0.11+10-LTS)
# Java VM: OpenJDK 64-Bit Server VM Temurin-21.0.11+10 (21.0.11+10-LTS, mixed mode, sharing, tiered, compressed oops, compressed class ptrs, parallel gc, windows-amd64)
# No core dump will be written. Minidumps are not enabled by default on client versions of Windows
#

---------------  S U M M A R Y ------------

Command Line: --add-modules=ALL-SYSTEM --add-opens=java.base/java.util=ALL-UNNAMED --add-opens=java.base/java.lang=ALL-UNNAMED --add-opens=java.base/sun.nio.fs=ALL-UNNAMED -Declipse.application=org.eclipse.jdt.ls.core.id1 -Dosgi.bundles.defaultStartLevel=4 -Declipse.product=org.eclipse.jdt.ls.core.product -Djava.import.generatesMetadataFilesAtProjectRoot=false -DDetectVMInstallationsJob.disabled=true -Dfile.encoding=utf8 -XX:+UseParallelGC -XX:GCTimeRatio=4 -XX:AdaptiveSizePolicyWeight=90 -Dsun.zip.disableMemoryMapping=true -Xmx2G -Xms100m -Xlog:disable -javaagent:c:\Users\Admin\.vscode\extensions\redhat.java-1.55.0-win32-x64\lombok\lombok-1.18.39-4050.jar -XX:+HeapDumpOnOutOfMemoryError -XX:HeapDumpPath=c:\Users\Admin\AppData\Roaming\Code\User\workspaceStorage\801ed1664cc344b479297c66898efbba\redhat.java -Daether.dependencyCollector.impl=bf c:\Users\Admin\.vscode\extensions\redhat.java-1.55.0-win32-x64\server\plugins\org.eclipse.equinox.launcher_1.7.200.v20260619-2039.jar -configuration c:\Users\Admin\AppData\Roaming\Code\User\globalStorage\redhat.java\1.55.0\config_win -data c:\Users\Admin\AppData\Roaming\Code\User\workspaceStorage\801ed1664cc344b479297c66898efbba\redhat.java\jdt_ws --pipe=\\.\pipe\lsp-d9290bfa945645e76025d670c4c7a9ba-sock

Host: AMD Ryzen 5 4600H with Radeon Graphics         , 12 cores, 7G,  Windows 11 , 64 bit Build 26100 (10.0.26100.1)
Time: Tue Jul  7 09:30:38 2026 Malay Peninsula Standard Time elapsed time: 20.970569 seconds (0d 0h 0m 20s)

---------------  T H R E A D  ---------------

Current thread (0x000001e891f4f820):  JavaThread "C2 CompilerThread1" daemon [_thread_in_native, id=16020, stack(0x0000004c3ff00000,0x0000004c40000000) (1024K)]


Current CompileTask:
C2:20970 3786       4       org.eclipse.osgi.internal.serviceregistry.ServiceRegistry::notifyHooksPrivileged (57 bytes)

Stack: [0x0000004c3ff00000,0x0000004c40000000]
Native frames: (J=compiled Java code, j=interpreted, Vv=VM code, C=native code)
V  [jvm.dll+0x6d7e19]
V  [jvm.dll+0x8b5096]
V  [jvm.dll+0x8b764e]
V  [jvm.dll+0x8b7d33]
V  [jvm.dll+0x284596]
V  [jvm.dll+0xc685d]
V  [jvm.dll+0xc6da1]
V  [jvm.dll+0x3bed31]
V  [jvm.dll+0x38b2b2]
V  [jvm.dll+0x38a6fa]
V  [jvm.dll+0x24c700]
V  [jvm.dll+0x24bce0]
V  [jvm.dll+0x1cb4ae]
V  [jvm.dll+0x25baad]
V  [jvm.dll+0x25a03a]
V  [jvm.dll+0x3f868e]
V  [jvm.dll+0x85fb0d]
V  [jvm.dll+0x6d664d]
C  [ucrtbase.dll+0x43340]
C  [KERNEL32.DLL+0x31fd7]
C  [ntdll.dll+0x6d7d0]


---------------  P R O C E S S  ---------------

Threads class SMR info:
_java_thread_list=0x000001e892b3c9f0, length=24, elements={
0x000001e830ab8740, 0x000001e832eecfe0, 0x000001e88c880820, 0x000001e88c8841f0,
0x000001e88c886d60, 0x000001e88c8877c0, 0x000001e88c888220, 0x000001e88c889060,
0x000001e88c8931b0, 0x000001e88ca97e70, 0x000001e88cbcbb70, 0x000001e89166dcc0,
0x000001e8918f8940, 0x000001e891177e20, 0x000001e891ab9880, 0x000001e89185f810,
0x000001e8921a08d0, 0x000001e892478a00, 0x000001e8910fd420, 0x000001e8910fdab0,
0x000001e8910fcd90, 0x000001e8910fe7d0, 0x000001e891f4f820, 0x000001e892412e60
}

Java Threads: ( => current thread )
  0x000001e830ab8740 JavaThread "main"                              [_thread_blocked, id=30724, stack(0x0000004c3df00000,0x0000004c3e000000) (1024K)]
  0x000001e832eecfe0 JavaThread "Reference Handler"          daemon [_thread_blocked, id=29608, stack(0x0000004c3e300000,0x0000004c3e400000) (1024K)]
  0x000001e88c880820 JavaThread "Finalizer"                  daemon [_thread_blocked, id=14576, stack(0x0000004c3e400000,0x0000004c3e500000) (1024K)]
  0x000001e88c8841f0 JavaThread "Signal Dispatcher"          daemon [_thread_blocked, id=30768, stack(0x0000004c3e500000,0x0000004c3e600000) (1024K)]
  0x000001e88c886d60 JavaThread "Attach Listener"            daemon [_thread_blocked, id=31416, stack(0x0000004c3e600000,0x0000004c3e700000) (1024K)]
  0x000001e88c8877c0 JavaThread "Service Thread"             daemon [_thread_blocked, id=30808, stack(0x0000004c3e700000,0x0000004c3e800000) (1024K)]
  0x000001e88c888220 JavaThread "Monitor Deflation Thread"   daemon [_thread_blocked, id=31448, stack(0x0000004c3e800000,0x0000004c3e900000) (1024K)]
  0x000001e88c889060 JavaThread "C2 CompilerThread0"         daemon [_thread_in_native, id=17776, stack(0x0000004c3e900000,0x0000004c3ea00000) (1024K)]
  0x000001e88c8931b0 JavaThread "C1 CompilerThread0"         daemon [_thread_blocked, id=5736, stack(0x0000004c3ea00000,0x0000004c3eb00000) (1024K)]
  0x000001e88ca97e70 JavaThread "Common-Cleaner"             daemon [_thread_blocked, id=30040, stack(0x0000004c3ec00000,0x0000004c3ed00000) (1024K)]
  0x000001e88cbcbb70 JavaThread "Notification Thread"        daemon [_thread_blocked, id=25880, stack(0x0000004c3eb00000,0x0000004c3ec00000) (1024K)]
  0x000001e89166dcc0 JavaThread "Active Thread: Equinox Container: 5217f505-dc69-4fad-b8bf-d84466ae94f1"        [_thread_blocked, id=30696, stack(0x0000004c3f500000,0x0000004c3f600000) (1024K)]
  0x000001e8918f8940 JavaThread "Refresh Thread: Equinox Container: 5217f505-dc69-4fad-b8bf-d84466ae94f1" daemon [_thread_blocked, id=17688, stack(0x0000004c3f700000,0x0000004c3f800000) (1024K)]
  0x000001e891177e20 JavaThread "Framework Event Dispatcher: Equinox Container: 5217f505-dc69-4fad-b8bf-d84466ae94f1" daemon [_thread_blocked, id=31524, stack(0x0000004c3f400000,0x0000004c3f500000) (1024K)]
  0x000001e891ab9880 JavaThread "Start Level: Equinox Container: 5217f505-dc69-4fad-b8bf-d84466ae94f1" daemon [_thread_in_native, id=31008, stack(0x0000004c3ed00000,0x0000004c3ee00000) (1024K)]
  0x000001e89185f810 JavaThread "Bundle File Closer"         daemon [_thread_blocked, id=31004, stack(0x0000004c3fc00000,0x0000004c3fd00000) (1024K)]
  0x000001e8921a08d0 JavaThread "SCR Component Actor"        daemon [_thread_blocked, id=10428, stack(0x0000004c3f800000,0x0000004c3f900000) (1024K)]
  0x000001e892478a00 JavaThread "Worker-JM"                         [_thread_blocked, id=31344, stack(0x0000004c3fd00000,0x0000004c3fe00000) (1024K)]
  0x000001e8910fd420 JavaThread "Worker-0: Updating Maven Dependencies"        [_thread_blocked, id=30056, stack(0x0000004c3f900000,0x0000004c3fa00000) (1024K)]
  0x000001e8910fdab0 JavaThread "Worker-1: Repository registry initialization"        [_thread_in_vm, id=27772, stack(0x0000004c3fe00000,0x0000004c3ff00000) (1024K)]
  0x000001e8910fcd90 JavaThread "Worker-2"                          [_thread_blocked, id=30072, stack(0x0000004c40000000,0x0000004c40100000) (1024K)]
  0x000001e8910fe7d0 JavaThread "Worker-3"                          [_thread_blocked, id=4636, stack(0x0000004c40100000,0x0000004c40200000) (1024K)]
=>0x000001e891f4f820 JavaThread "C2 CompilerThread1"         daemon [_thread_in_native, id=16020, stack(0x0000004c3ff00000,0x0000004c40000000) (1024K)]
  0x000001e892412e60 JavaThread "C2 CompilerThread2"         daemon [_thread_in_native, id=26780, stack(0x0000004c40200000,0x0000004c40300000) (1024K)]
Total: 24

Other Threads:
  0x000001e832ed49a0 VMThread "VM Thread"                           [id=17532, stack(0x0000004c3e200000,0x0000004c3e300000) (1024K)]
  0x000001e832dccb20 WatcherThread "VM Periodic Task Thread"        [id=29876, stack(0x0000004c3e100000,0x0000004c3e200000) (1024K)]
  0x000001e832f58550 WorkerThread "GC Thread#0"                     [id=29488, stack(0x0000004c3e000000,0x0000004c3e100000) (1024K)]
  0x000001e8917f4340 WorkerThread "GC Thread#1"                     [id=26988, stack(0x0000004c3ee00000,0x0000004c3ef00000) (1024K)]
  0x000001e8917f46f0 WorkerThread "GC Thread#2"                     [id=31604, stack(0x0000004c3ef00000,0x0000004c3f000000) (1024K)]
  0x000001e8917f4aa0 WorkerThread "GC Thread#3"                     [id=4276, stack(0x0000004c3f000000,0x0000004c3f100000) (1024K)]
  0x000001e89144e740 WorkerThread "GC Thread#4"                     [id=5712, stack(0x0000004c3f100000,0x0000004c3f200000) (1024K)]
  0x000001e89144eaf0 WorkerThread "GC Thread#5"                     [id=31588, stack(0x0000004c3f200000,0x0000004c3f300000) (1024K)]
  0x000001e89144eea0 WorkerThread "GC Thread#6"                     [id=15020, stack(0x0000004c3f300000,0x0000004c3f400000) (1024K)]
  0x000001e891843d30 WorkerThread "GC Thread#7"                     [id=31720, stack(0x0000004c3f600000,0x0000004c3f700000) (1024K)]
  0x000001e891ff07b0 WorkerThread "GC Thread#8"                     [id=31492, stack(0x0000004c3fa00000,0x0000004c3fb00000) (1024K)]
  0x000001e891ff0b60 WorkerThread "GC Thread#9"                     [id=29280, stack(0x0000004c3fb00000,0x0000004c3fc00000) (1024K)]
Total: 12

Threads with active compile tasks:
C2 CompilerThread0  21008 3794       4       org.lombokweb.asm.ClassReader::readMethod (1070 bytes)
C2 CompilerThread1  21008 3786       4       org.eclipse.osgi.internal.serviceregistry.ServiceRegistry::notifyHooksPrivileged (57 bytes)
C2 CompilerThread2  21008 3796       4       java.util.Collections$SetFromMap::remove (19 bytes)
Total: 3

VM state: not at safepoint (normal execution)

VM Mutex/Monitor currently owned by a thread: None

Heap address: 0x0000000080000000, size: 2048 MB, Compressed Oops mode: 32-bit

CDS archive(s) mapped at: [0x000001e84a000000-0x000001e84aba0000-0x000001e84aba0000), size 12189696, SharedBaseAddress: 0x000001e84a000000, ArchiveRelocationMode: 1.
Compressed class space mapped at: 0x000001e84b000000-0x000001e88b000000, reserved size: 1073741824
Narrow klass base: 0x000001e84a000000, Narrow klass shift: 0, Narrow klass range: 0x100000000

GC Precious Log:
 CardTable entry size: 512
 CPUs: 12 total, 12 available
 Memory: 7598M
 Large Page Support: Disabled
 NUMA Support: Disabled
 Compressed Oops: Enabled (32-bit)
 Alignments: Space 512K, Generation 512K, Heap 2M
 Heap Min Capacity: 100M
 Heap Initial Capacity: 100M
 Heap Max Capacity: 2G
 Pre-touch: Disabled
 Parallel Workers: 10

Heap:
 PSYoungGen      total 25088K, used 17291K [0x00000000d5580000, 0x00000000d7300000, 0x0000000100000000)
  eden space 23552K, 67% used [0x00000000d5580000,0x00000000d65101c8,0x00000000d6c80000)
  from space 1536K, 88% used [0x00000000d7180000,0x00000000d72d2c98,0x00000000d7300000)
  to   space 2048K, 0% used [0x00000000d6f00000,0x00000000d6f00000,0x00000000d7100000)
 ParOldGen       total 68608K, used 14691K [0x0000000080000000, 0x0000000084300000, 0x00000000d5580000)
  object space 68608K, 21% used [0x0000000080000000,0x0000000080e58c48,0x0000000084300000)
 Metaspace       used 27844K, committed 28736K, reserved 1114112K
  class space    used 2853K, committed 3200K, reserved 1048576K

Card table byte_map: [0x000001e8328e0000,0x000001e832cf0000] _byte_map_base: 0x000001e8324e0000

Marking Bits: (ParMarkBitMap*) 0x00007ffa71c44460
 Begin Bits: [0x000001e8453f0000, 0x000001e8473f0000)
 End Bits:   [0x000001e8473f0000, 0x000001e8493f0000)

Polling page: 0x000001e830a70000

Metaspace:

Usage:
  Non-class:     24.41 MB used.
      Class:      2.79 MB used.
       Both:     27.19 MB used.

Virtual space:
  Non-class space:       64.00 MB reserved,      24.94 MB ( 39%) committed,  1 nodes.
      Class space:        1.00 GB reserved,       3.12 MB ( <1%) committed,  1 nodes.
             Both:        1.06 GB reserved,      28.06 MB (  3%) committed. 

Chunk freelists:
   Non-Class:  6.86 MB
       Class:  12.76 MB
        Both:  19.62 MB

MaxMetaspaceSize: unlimited
CompressedClassSpaceSize: 1.00 GB
Initial GC threshold: 21.00 MB
Current GC threshold: 35.00 MB
CDS: on
 - commit_granule_bytes: 65536.
 - commit_granule_words: 8192.
 - virtual_space_node_default_size: 8388608.
 - enlarge_chunks_in_place: 1.
 - use_allocation_guard: 0.


Internal statistics:

num_allocs_failed_limit: 3.
num_arena_births: 692.
num_arena_deaths: 14.
num_vsnodes_births: 2.
num_vsnodes_deaths: 0.
num_space_committed: 449.
num_space_uncommitted: 0.
num_chunks_returned_to_freelist: 17.
num_chunks_taken_from_freelist: 1868.
num_chunk_merges: 9.
num_chunk_splits: 1189.
num_chunks_enlarged: 695.
num_inconsistent_stats: 0.

CodeHeap 'non-profiled nmethods': size=120000Kb used=1780Kb max_used=1780Kb free=118219Kb
 bounds [0x000001e83dc10000, 0x000001e83de80000, 0x000001e845140000]
CodeHeap 'profiled nmethods': size=120000Kb used=7995Kb max_used=7995Kb free=112004Kb
 bounds [0x000001e836140000, 0x000001e836910000, 0x000001e83d670000]
CodeHeap 'non-nmethods': size=5760Kb used=1322Kb max_used=1337Kb free=4437Kb
 bounds [0x000001e83d670000, 0x000001e83d8e0000, 0x000001e83dc10000]
CodeCache: size=245760Kb, used=11097Kb, max_used=11112Kb, free=234660Kb
 total_blobs=4482, nmethods=3871, adapters=517, full_count=0
Compilation: enabled, stopped_count=0, restarted_count=0

Compilation events (20 events):
Event: 19.971 Thread 0x000001e88c8931b0 nmethod 3829 0x000001e8368f3990 code [0x000001e8368f3b20, 0x000001e8368f3c60]
Event: 19.974 Thread 0x000001e88c8931b0 3831       3       org.eclipse.core.internal.preferences.ImmutableMap$ArrayMap::internalPut (85 bytes)
Event: 19.975 Thread 0x000001e88c8931b0 nmethod 3831 0x000001e8368f3d10 code [0x000001e8368f3f20, 0x000001e8368f4650]
Event: 19.975 Thread 0x000001e88c8931b0 3832       3       org.eclipse.core.internal.preferences.EclipsePreferences::parent (9 bytes)
Event: 19.975 Thread 0x000001e88c8931b0 nmethod 3832 0x000001e8368f4910 code [0x000001e8368f4ae0, 0x000001e8368f4ec0]
Event: 19.975 Thread 0x000001e88c8931b0 3834       3       org.eclipse.core.internal.preferences.ImmutableMap$ArrayMap::get (54 bytes)
Event: 19.976 Thread 0x000001e88c8931b0 nmethod 3834 0x000001e8368f5090 code [0x000001e8368f5280, 0x000001e8368f55b8]
Event: 19.976 Thread 0x000001e88c8931b0 3836       3       org.eclipse.core.internal.preferences.ImmutableMap$ArrayMap::<init> (50 bytes)
Event: 19.976 Thread 0x000001e88c8931b0 nmethod 3836 0x000001e8368f5810 code [0x000001e8368f5a00, 0x000001e8368f5e10]
Event: 19.976 Thread 0x000001e88c8931b0 3837       3       org.eclipse.core.internal.preferences.ImmutableMap$ArrayMap::put (138 bytes)
Event: 19.977 Thread 0x000001e88c8931b0 nmethod 3837 0x000001e8368f5f90 code [0x000001e8368f61c0, 0x000001e8368f67f0]
Event: 19.977 Thread 0x000001e88c8931b0 3833       3       org.eclipse.core.runtime.ListenerList$ListenerListIterator::hasNext (16 bytes)
Event: 19.977 Thread 0x000001e88c8931b0 nmethod 3833 0x000001e8368f6b10 code [0x000001e8368f6cc0, 0x000001e8368f6e40]
Event: 19.977 Thread 0x000001e88c8931b0 3835   !   3       org.eclipse.core.internal.preferences.EclipsePreferences::internalPut (87 bytes)
Event: 19.977 Thread 0x000001e88c8931b0 nmethod 3835 0x000001e8368f6f10 code [0x000001e8368f7160, 0x000001e8368f7a00]
Event: 19.977 Thread 0x000001e88c8931b0 3838       3       org.eclipse.core.runtime.ListenerList::iterator (12 bytes)
Event: 19.977 Thread 0x000001e88c8931b0 nmethod 3838 0x000001e8368f7f90 code [0x000001e8368f8140, 0x000001e8368f8388]
Event: 19.977 Thread 0x000001e88c8931b0 3839       3       org.eclipse.core.runtime.ListenerList$ListenerListIterator::<init> (10 bytes)
Event: 19.978 Thread 0x000001e88c8931b0 nmethod 3839 0x000001e8368f8490 code [0x000001e8368f8640, 0x000001e8368f87c8]
Event: 19.978 Thread 0x000001e88c8931b0 3840       3       org.eclipse.core.internal.preferences.EclipsePreferences::put (43 bytes)

GC Heap History (20 events):
Event: 2.933 GC heap before
{Heap before GC invocations=2 (full 0):
 PSYoungGen      total 29696K, used 28903K [0x00000000d5580000, 0x00000000d7680000, 0x0000000100000000)
  eden space 25600K, 100% used [0x00000000d5580000,0x00000000d6e80000,0x00000000d6e80000)
  from space 4096K, 80% used [0x00000000d6e80000,0x00000000d71b9e98,0x00000000d7280000)
  to   space 4096K, 0% used [0x00000000d7280000,0x00000000d7280000,0x00000000d7680000)
 ParOldGen       total 68608K, used 16K [0x0000000080000000, 0x0000000084300000, 0x00000000d5580000)
  object space 68608K, 0% used [0x0000000080000000,0x0000000080004000,0x0000000084300000)
 Metaspace       used 7985K, committed 8256K, reserved 1114112K
  class space    used 832K, committed 960K, reserved 1048576K
}
Event: 2.945 GC heap after
{Heap after GC invocations=2 (full 0):
 PSYoungGen      total 29696K, used 4087K [0x00000000d5580000, 0x00000000d7680000, 0x0000000100000000)
  eden space 25600K, 0% used [0x00000000d5580000,0x00000000d5580000,0x00000000d6e80000)
  from space 4096K, 99% used [0x00000000d7280000,0x00000000d767dea8,0x00000000d7680000)
  to   space 4096K, 0% used [0x00000000d6e80000,0x00000000d6e80000,0x00000000d7280000)
 ParOldGen       total 68608K, used 1951K [0x0000000080000000, 0x0000000084300000, 0x00000000d5580000)
  object space 68608K, 2% used [0x0000000080000000,0x00000000801e7c98,0x0000000084300000)
 Metaspace       used 7985K, committed 8256K, reserved 1114112K
  class space    used 832K, committed 960K, reserved 1048576K
}
Event: 4.067 GC heap before
{Heap before GC invocations=3 (full 0):
 PSYoungGen      total 29696K, used 29679K [0x00000000d5580000, 0x00000000d7680000, 0x0000000100000000)
  eden space 25600K, 99% used [0x00000000d5580000,0x00000000d6e7df40,0x00000000d6e80000)
  from space 4096K, 99% used [0x00000000d7280000,0x00000000d767dea8,0x00000000d7680000)
  to   space 4096K, 0% used [0x00000000d6e80000,0x00000000d6e80000,0x00000000d7280000)
 ParOldGen       total 68608K, used 1951K [0x0000000080000000, 0x0000000084300000, 0x00000000d5580000)
  object space 68608K, 2% used [0x0000000080000000,0x00000000801e7c98,0x0000000084300000)
 Metaspace       used 9440K, committed 9728K, reserved 1114112K
  class space    used 1007K, committed 1152K, reserved 1048576K
}
Event: 4.078 GC heap after
{Heap after GC invocations=3 (full 0):
 PSYoungGen      total 29696K, used 4093K [0x00000000d5580000, 0x00000000d7680000, 0x0000000100000000)
  eden space 25600K, 0% used [0x00000000d5580000,0x00000000d5580000,0x00000000d6e80000)
  from space 4096K, 99% used [0x00000000d6e80000,0x00000000d727f510,0x00000000d7280000)
  to   space 4096K, 0% used [0x00000000d7280000,0x00000000d7280000,0x00000000d7680000)
 ParOldGen       total 68608K, used 4899K [0x0000000080000000, 0x0000000084300000, 0x00000000d5580000)
  object space 68608K, 7% used [0x0000000080000000,0x00000000804c8f88,0x0000000084300000)
 Metaspace       used 9440K, committed 9728K, reserved 1114112K
  class space    used 1007K, committed 1152K, reserved 1048576K
}
Event: 6.696 GC heap before
{Heap before GC invocations=4 (full 0):
 PSYoungGen      total 29696K, used 29693K [0x00000000d5580000, 0x00000000d7680000, 0x0000000100000000)
  eden space 25600K, 100% used [0x00000000d5580000,0x00000000d6e80000,0x00000000d6e80000)
  from space 4096K, 99% used [0x00000000d6e80000,0x00000000d727f510,0x00000000d7280000)
  to   space 4096K, 0% used [0x00000000d7280000,0x00000000d7280000,0x00000000d7680000)
 ParOldGen       total 68608K, used 4899K [0x0000000080000000, 0x0000000084300000, 0x00000000d5580000)
  object space 68608K, 7% used [0x0000000080000000,0x00000000804c8f88,0x0000000084300000)
 Metaspace       used 11617K, committed 11968K, reserved 1114112K
  class space    used 1232K, committed 1408K, reserved 1048576K
}
Event: 6.705 GC heap after
{Heap after GC invocations=4 (full 0):
 PSYoungGen      total 29696K, used 4093K [0x00000000d5580000, 0x00000000d7680000, 0x0000000100000000)
  eden space 25600K, 0% used [0x00000000d5580000,0x00000000d5580000,0x00000000d6e80000)
  from space 4096K, 99% used [0x00000000d7280000,0x00000000d767f6c8,0x00000000d7680000)
  to   space 4096K, 0% used [0x00000000d6e80000,0x00000000d6e80000,0x00000000d7280000)
 ParOldGen       total 68608K, used 6600K [0x0000000080000000, 0x0000000084300000, 0x00000000d5580000)
  object space 68608K, 9% used [0x0000000080000000,0x0000000080672040,0x0000000084300000)
 Metaspace       used 11617K, committed 11968K, reserved 1114112K
  class space    used 1232K, committed 1408K, reserved 1048576K
}
Event: 7.888 GC heap before
{Heap before GC invocations=5 (full 0):
 PSYoungGen      total 29696K, used 29693K [0x00000000d5580000, 0x00000000d7680000, 0x0000000100000000)
  eden space 25600K, 100% used [0x00000000d5580000,0x00000000d6e80000,0x00000000d6e80000)
  from space 4096K, 99% used [0x00000000d7280000,0x00000000d767f6c8,0x00000000d7680000)
  to   space 4096K, 0% used [0x00000000d6e80000,0x00000000d6e80000,0x00000000d7280000)
 ParOldGen       total 68608K, used 6600K [0x0000000080000000, 0x0000000084300000, 0x00000000d5580000)
  object space 68608K, 9% used [0x0000000080000000,0x0000000080672040,0x0000000084300000)
 Metaspace       used 15654K, committed 16256K, reserved 1114112K
  class space    used 1631K, committed 1920K, reserved 1048576K
}
Event: 7.894 GC heap after
{Heap after GC invocations=5 (full 0):
 PSYoungGen      total 29184K, used 4092K [0x00000000d5580000, 0x00000000d7a00000, 0x0000000100000000)
  eden space 25088K, 0% used [0x00000000d5580000,0x00000000d5580000,0x00000000d6e00000)
  from space 4096K, 99% used [0x00000000d6e80000,0x00000000d727f188,0x00000000d7280000)
  to   space 6144K, 0% used [0x00000000d7400000,0x00000000d7400000,0x00000000d7a00000)
 ParOldGen       total 68608K, used 7998K [0x0000000080000000, 0x0000000084300000, 0x00000000d5580000)
  object space 68608K, 11% used [0x0000000080000000,0x00000000807cfbd0,0x0000000084300000)
 Metaspace       used 15654K, committed 16256K, reserved 1114112K
  class space    used 1631K, committed 1920K, reserved 1048576K
}
Event: 11.733 GC heap before
{Heap before GC invocations=6 (full 0):
 PSYoungGen      total 29184K, used 29180K [0x00000000d5580000, 0x00000000d7a00000, 0x0000000100000000)
  eden space 25088K, 100% used [0x00000000d5580000,0x00000000d6e00000,0x00000000d6e00000)
  from space 4096K, 99% used [0x00000000d6e80000,0x00000000d727f188,0x00000000d7280000)
  to   space 6144K, 0% used [0x00000000d7400000,0x00000000d7400000,0x00000000d7a00000)
 ParOldGen       total 68608K, used 7998K [0x0000000080000000, 0x0000000084300000, 0x00000000d5580000)
  object space 68608K, 11% used [0x0000000080000000,0x00000000807cfbd0,0x0000000084300000)
 Metaspace       used 17832K, committed 18624K, reserved 1114112K
  class space    used 1878K, committed 2240K, reserved 1048576K
}
Event: 11.741 GC heap after
{Heap after GC invocations=6 (full 0):
 PSYoungGen      total 29184K, used 4442K [0x00000000d5580000, 0x00000000d7880000, 0x0000000100000000)
  eden space 24576K, 0% used [0x00000000d5580000,0x00000000d5580000,0x00000000d6d80000)
  from space 4608K, 96% used [0x00000000d7400000,0x00000000d78569e8,0x00000000d7880000)
  to   space 5120K, 0% used [0x00000000d6e80000,0x00000000d6e80000,0x00000000d7380000)
 ParOldGen       total 68608K, used 8006K [0x0000000080000000, 0x0000000084300000, 0x00000000d5580000)
  object space 68608K, 11% used [0x0000000080000000,0x00000000807d1bd0,0x0000000084300000)
 Metaspace       used 17832K, committed 18624K, reserved 1114112K
  class space    used 1878K, committed 2240K, reserved 1048576K
}
Event: 12.572 GC heap before
{Heap before GC invocations=7 (full 0):
 PSYoungGen      total 29184K, used 29018K [0x00000000d5580000, 0x00000000d7880000, 0x0000000100000000)
  eden space 24576K, 100% used [0x00000000d5580000,0x00000000d6d80000,0x00000000d6d80000)
  from space 4608K, 96% used [0x00000000d7400000,0x00000000d78569e8,0x00000000d7880000)
  to   space 5120K, 0% used [0x00000000d6e80000,0x00000000d6e80000,0x00000000d7380000)
 ParOldGen       total 68608K, used 8006K [0x0000000080000000, 0x0000000084300000, 0x00000000d5580000)
  object space 68608K, 11% used [0x0000000080000000,0x00000000807d1bd0,0x0000000084300000)
 Metaspace       used 20696K, committed 21440K, reserved 1114112K
  class space    used 2157K, committed 2496K, reserved 1048576K
}
Event: 14.598 GC heap after
{Heap after GC invocations=7 (full 0):
 PSYoungGen      total 29696K, used 5094K [0x00000000d5580000, 0x00000000d7880000, 0x0000000100000000)
  eden space 24576K, 0% used [0x00000000d5580000,0x00000000d5580000,0x00000000d6d80000)
  from space 5120K, 99% used [0x00000000d6e80000,0x00000000d7379ac0,0x00000000d7380000)
  to   space 4608K, 0% used [0x00000000d7400000,0x00000000d7400000,0x00000000d7880000)
 ParOldGen       total 68608K, used 10280K [0x0000000080000000, 0x0000000084300000, 0x00000000d5580000)
  object space 68608K, 14% used [0x0000000080000000,0x0000000080a0a028,0x0000000084300000)
 Metaspace       used 20696K, committed 21440K, reserved 1114112K
  class space    used 2157K, committed 2496K, reserved 1048576K
}
Event: 15.627 GC heap before
{Heap before GC invocations=8 (full 0):
 PSYoungGen      total 29696K, used 7932K [0x00000000d5580000, 0x00000000d7880000, 0x0000000100000000)
  eden space 24576K, 11% used [0x00000000d5580000,0x00000000d5845878,0x00000000d6d80000)
  from space 5120K, 99% used [0x00000000d6e80000,0x00000000d7379ac0,0x00000000d7380000)
  to   space 4608K, 0% used [0x00000000d7400000,0x00000000d7400000,0x00000000d7880000)
 ParOldGen       total 68608K, used 10280K [0x0000000080000000, 0x0000000084300000, 0x00000000d5580000)
  object space 68608K, 14% used [0x0000000080000000,0x0000000080a0a028,0x0000000084300000)
 Metaspace       used 20730K, committed 21504K, reserved 1114112K
  class space    used 2159K, committed 2496K, reserved 1048576K
}
Event: 16.634 GC heap after
{Heap after GC invocations=8 (full 0):
 PSYoungGen      total 28672K, used 4603K [0x00000000d5580000, 0x00000000d7a00000, 0x0000000100000000)
  eden space 24064K, 0% used [0x00000000d5580000,0x00000000d5580000,0x00000000d6d00000)
  from space 4608K, 99% used [0x00000000d7400000,0x00000000d787ee58,0x00000000d7880000)
  to   space 6656K, 0% used [0x00000000d6d00000,0x00000000d6d00000,0x00000000d7380000)
 ParOldGen       total 68608K, used 11698K [0x0000000080000000, 0x0000000084300000, 0x00000000d5580000)
  object space 68608K, 17% used [0x0000000080000000,0x0000000080b6cbe0,0x0000000084300000)
 Metaspace       used 20730K, committed 21504K, reserved 1114112K
  class space    used 2159K, committed 2496K, reserved 1048576K
}
Event: 16.634 GC heap before
{Heap before GC invocations=9 (full 1):
 PSYoungGen      total 28672K, used 4603K [0x00000000d5580000, 0x00000000d7a00000, 0x0000000100000000)
  eden space 24064K, 0% used [0x00000000d5580000,0x00000000d5580000,0x00000000d6d00000)
  from space 4608K, 99% used [0x00000000d7400000,0x00000000d787ee58,0x00000000d7880000)
  to   space 6656K, 0% used [0x00000000d6d00000,0x00000000d6d00000,0x00000000d7380000)
 ParOldGen       total 68608K, used 11698K [0x0000000080000000, 0x0000000084300000, 0x00000000d5580000)
  object space 68608K, 17% used [0x0000000080000000,0x0000000080b6cbe0,0x0000000084300000)
 Metaspace       used 20730K, committed 21504K, reserved 1114112K
  class space    used 2159K, committed 2496K, reserved 1048576K
}
Event: 16.684 GC heap after
{Heap after GC invocations=9 (full 1):
 PSYoungGen      total 28672K, used 0K [0x00000000d5580000, 0x00000000d7a00000, 0x0000000100000000)
  eden space 24064K, 0% used [0x00000000d5580000,0x00000000d5580000,0x00000000d6d00000)
  from space 4608K, 0% used [0x00000000d7400000,0x00000000d7400000,0x00000000d7880000)
  to   space 6656K, 0% used [0x00000000d6d00000,0x00000000d6d00000,0x00000000d7380000)
 ParOldGen       total 68608K, used 14659K [0x0000000080000000, 0x0000000084300000, 0x00000000d5580000)
  object space 68608K, 21% used [0x0000000080000000,0x0000000080e50f98,0x0000000084300000)
 Metaspace       used 20717K, committed 21504K, reserved 1114112K
  class space    used 2155K, committed 2496K, reserved 1048576K
}
Event: 17.321 GC heap before
{Heap before GC invocations=10 (full 1):
 PSYoungGen      total 28672K, used 24064K [0x00000000d5580000, 0x00000000d7a00000, 0x0000000100000000)
  eden space 24064K, 100% used [0x00000000d5580000,0x00000000d6d00000,0x00000000d6d00000)
  from space 4608K, 0% used [0x00000000d7400000,0x00000000d7400000,0x00000000d7880000)
  to   space 6656K, 0% used [0x00000000d6d00000,0x00000000d6d00000,0x00000000d7380000)
 ParOldGen       total 68608K, used 14680K [0x0000000080000000, 0x0000000084300000, 0x00000000d5580000)
  object space 68608K, 21% used [0x0000000080000000,0x0000000080e56320,0x0000000084300000)
 Metaspace       used 23830K, committed 24768K, reserved 1114112K
  class space    used 2439K, committed 2880K, reserved 1048576K
}
Event: 17.326 GC heap after
{Heap after GC invocations=10 (full 1):
 PSYoungGen      total 25600K, used 1099K [0x00000000d5580000, 0x00000000d7480000, 0x0000000100000000)
  eden space 24064K, 0% used [0x00000000d5580000,0x00000000d5580000,0x00000000d6d00000)
  from space 1536K, 71% used [0x00000000d6d00000,0x00000000d6e12c98,0x00000000d6e80000)
  to   space 3072K, 0% used [0x00000000d7180000,0x00000000d7180000,0x00000000d7480000)
 ParOldGen       total 68608K, used 14688K [0x0000000080000000, 0x0000000084300000, 0x00000000d5580000)
  object space 68608K, 21% used [0x0000000080000000,0x0000000080e58320,0x0000000084300000)
 Metaspace       used 23830K, committed 24768K, reserved 1114112K
  class space    used 2439K, committed 2880K, reserved 1048576K
}
Event: 17.941 GC heap before
{Heap before GC invocations=11 (full 1):
 PSYoungGen      total 25600K, used 25163K [0x00000000d5580000, 0x00000000d7480000, 0x0000000100000000)
  eden space 24064K, 100% used [0x00000000d5580000,0x00000000d6d00000,0x00000000d6d00000)
  from space 1536K, 71% used [0x00000000d6d00000,0x00000000d6e12c98,0x00000000d6e80000)
  to   space 3072K, 0% used [0x00000000d7180000,0x00000000d7180000,0x00000000d7480000)
 ParOldGen       total 68608K, used 14691K [0x0000000080000000, 0x0000000084300000, 0x00000000d5580000)
  object space 68608K, 21% used [0x0000000080000000,0x0000000080e58c48,0x0000000084300000)
 Metaspace       used 27258K, committed 28160K, reserved 1114112K
  class space    used 2802K, committed 3200K, reserved 1048576K
}
Event: 17.944 GC heap after
{Heap after GC invocations=11 (full 1):
 PSYoungGen      total 25088K, used 1355K [0x00000000d5580000, 0x00000000d7300000, 0x0000000100000000)
  eden space 23552K, 0% used [0x00000000d5580000,0x00000000d5580000,0x00000000d6c80000)
  from space 1536K, 88% used [0x00000000d7180000,0x00000000d72d2c98,0x00000000d7300000)
  to   space 2048K, 0% used [0x00000000d6f00000,0x00000000d6f00000,0x00000000d7100000)
 ParOldGen       total 68608K, used 14691K [0x0000000080000000, 0x0000000084300000, 0x00000000d5580000)
  object space 68608K, 21% used [0x0000000080000000,0x0000000080e58c48,0x0000000084300000)
 Metaspace       used 27258K, committed 28160K, reserved 1114112K
  class space    used 2802K, committed 3200K, reserved 1048576K
}

Dll operation events (9 events):
Event: 0.023 Loaded shared library c:\Users\Admin\.vscode\extensions\redhat.java-1.55.0-win32-x64\jre\21.0.11-win32-x86_64\bin\java.dll
Event: 0.181 Loaded shared library c:\Users\Admin\.vscode\extensions\redhat.java-1.55.0-win32-x64\jre\21.0.11-win32-x86_64\bin\zip.dll
Event: 0.228 Loaded shared library C:\Users\Admin\.vscode\extensions\redhat.java-1.55.0-win32-x64\jre\21.0.11-win32-x86_64\bin\instrument.dll
Event: 0.246 Loaded shared library C:\Users\Admin\.vscode\extensions\redhat.java-1.55.0-win32-x64\jre\21.0.11-win32-x86_64\bin\net.dll
Event: 0.250 Loaded shared library C:\Users\Admin\.vscode\extensions\redhat.java-1.55.0-win32-x64\jre\21.0.11-win32-x86_64\bin\nio.dll
Event: 0.256 Loaded shared library C:\Users\Admin\.vscode\extensions\redhat.java-1.55.0-win32-x64\jre\21.0.11-win32-x86_64\bin\zip.dll
Event: 0.293 Loaded shared library C:\Users\Admin\.vscode\extensions\redhat.java-1.55.0-win32-x64\jre\21.0.11-win32-x86_64\bin\jimage.dll
Event: 0.476 Loaded shared library c:\Users\Admin\.vscode\extensions\redhat.java-1.55.0-win32-x64\jre\21.0.11-win32-x86_64\bin\verify.dll
Event: 2.993 Loaded shared library C:\Users\Admin\AppData\Roaming\Code\User\globalStorage\redhat.java\1.55.0\config_win\org.eclipse.equinox.launcher\org.eclipse.equinox.launcher.win32.win32.x86_64_1.3.100.v20260613-0559\eclipse_11924.dll

Deoptimization events (20 events):
Event: 16.916 Thread 0x000001e8910fdab0 Uncommon trap: trap_request=0xffffffde fr.pc=0x000001e83ddb30b8 relative=0x00000000000000f8
Event: 16.916 Thread 0x000001e8910fdab0 Uncommon trap: reason=class_check action=maybe_recompile pc=0x000001e83ddb30b8 method=java.lang.Character.codePointAt(Ljava/lang/CharSequence;I)I @ 2 c2
Event: 16.916 Thread 0x000001e8910fdab0 DEOPT PACKING pc=0x000001e83ddb30b8 sp=0x0000004c3fefea90
Event: 16.916 Thread 0x000001e8910fdab0 DEOPT UNPACKING pc=0x000001e83d6c3aa2 sp=0x0000004c3fefea28 mode 2
Event: 16.916 Thread 0x000001e8910fdab0 Uncommon trap: trap_request=0xffffff76 fr.pc=0x000001e83dd8f200 relative=0x0000000000000380
Event: 16.916 Thread 0x000001e8910fdab0 Uncommon trap: reason=predicate action=maybe_recompile pc=0x000001e83dd8f200 method=java.util.regex.Pattern$BmpCharPropertyGreedy.match(Ljava/util/regex/Matcher;ILjava/lang/CharSequence;)Z @ 12 c2
Event: 16.916 Thread 0x000001e8910fdab0 DEOPT PACKING pc=0x000001e83dd8f200 sp=0x0000004c3fefe9e0
Event: 16.916 Thread 0x000001e8910fdab0 DEOPT UNPACKING pc=0x000001e83d6c3aa2 sp=0x0000004c3fefe988 mode 2
Event: 16.932 Thread 0x000001e8910fdab0 Uncommon trap: trap_request=0xffffffde fr.pc=0x000001e83dc89034 relative=0x00000000000005f4
Event: 16.932 Thread 0x000001e8910fdab0 Uncommon trap: reason=class_check action=maybe_recompile pc=0x000001e83dc89034 method=java.io.BufferedInputStream.implRead([BII)I @ 100 c2
Event: 16.932 Thread 0x000001e8910fdab0 DEOPT PACKING pc=0x000001e83dc89034 sp=0x0000004c3fefe6d0
Event: 16.932 Thread 0x000001e8910fdab0 DEOPT UNPACKING pc=0x000001e83d6c3aa2 sp=0x0000004c3fefe6a8 mode 2
Event: 16.941 Thread 0x000001e8910fdab0 Uncommon trap: trap_request=0xffffffde fr.pc=0x000001e83dc89034 relative=0x00000000000005f4
Event: 16.941 Thread 0x000001e8910fdab0 Uncommon trap: reason=class_check action=maybe_recompile pc=0x000001e83dc89034 method=java.io.BufferedInputStream.implRead([BII)I @ 100 c2
Event: 16.941 Thread 0x000001e8910fdab0 DEOPT PACKING pc=0x000001e83dc89034 sp=0x0000004c3fefe700
Event: 16.941 Thread 0x000001e8910fdab0 DEOPT UNPACKING pc=0x000001e83d6c3aa2 sp=0x0000004c3fefe6d8 mode 2
Event: 17.673 Thread 0x000001e891ab9880 Uncommon trap: trap_request=0xffffff45 fr.pc=0x000001e83ddc2a6c relative=0x000000000000014c
Event: 17.673 Thread 0x000001e891ab9880 Uncommon trap: reason=unstable_if action=reinterpret pc=0x000001e83ddc2a6c method=org.lombokweb.asm.ByteVector.putByteArray([BII)Lorg/lombokweb/asm/ByteVector; @ 20 c2
Event: 17.673 Thread 0x000001e891ab9880 DEOPT PACKING pc=0x000001e83ddc2a6c sp=0x0000004c3edf2680
Event: 17.673 Thread 0x000001e891ab9880 DEOPT UNPACKING pc=0x000001e83d6c3aa2 sp=0x0000004c3edf2650 mode 2

Classes loaded (20 events):
Event: 17.570 Loading class sun/reflect/annotation/TypeAnnotation$LocationInfo
Event: 17.570 Loading class sun/reflect/annotation/TypeAnnotation$LocationInfo done
Event: 17.570 Loading class sun/reflect/annotation/TypeAnnotation$LocationInfo$Location
Event: 17.570 Loading class sun/reflect/annotation/TypeAnnotation$LocationInfo$Location done
Event: 17.570 Loading class sun/reflect/annotation/AnnotatedTypeFactory
Event: 17.571 Loading class sun/reflect/annotation/AnnotatedTypeFactory done
Event: 17.571 Loading class sun/reflect/annotation/AnnotatedTypeFactory$AnnotatedTypeBaseImpl
Event: 17.574 Loading class sun/reflect/annotation/AnnotatedTypeFactory$AnnotatedTypeBaseImpl done
Event: 17.865 Loading class java/lang/reflect/UndeclaredThrowableException
Event: 17.865 Loading class java/lang/reflect/UndeclaredThrowableException done
Event: 17.870 Loading class java/lang/annotation/ElementType
Event: 17.870 Loading class java/lang/annotation/ElementType done
Event: 17.871 Loading class java/lang/annotation/Documented
Event: 17.871 Loading class java/lang/annotation/Documented done
Event: 17.940 Loading class java/lang/reflect/ParameterizedType
Event: 17.941 Loading class java/lang/reflect/ParameterizedType done
Event: 18.951 Loading class java/lang/reflect/WildcardType
Event: 18.951 Loading class java/lang/reflect/WildcardType done
Event: 18.954 Loading class sun/reflect/generics/tree/TypeVariableSignature
Event: 18.954 Loading class sun/reflect/generics/tree/TypeVariableSignature done

Classes unloaded (7 events):
Event: 16.641 Thread 0x000001e832ed49a0 Unloading class 0x000001e84b1aec00 'java/lang/invoke/LambdaForm$MH+0x000001e84b1aec00'
Event: 16.641 Thread 0x000001e832ed49a0 Unloading class 0x000001e84b1ae800 'java/lang/invoke/LambdaForm$MH+0x000001e84b1ae800'
Event: 16.641 Thread 0x000001e832ed49a0 Unloading class 0x000001e84b1ae400 'java/lang/invoke/LambdaForm$MH+0x000001e84b1ae400'
Event: 16.641 Thread 0x000001e832ed49a0 Unloading class 0x000001e84b1ae000 'java/lang/invoke/LambdaForm$MH+0x000001e84b1ae000'
Event: 16.641 Thread 0x000001e832ed49a0 Unloading class 0x000001e84b1adc00 'java/lang/invoke/LambdaForm$BMH+0x000001e84b1adc00'
Event: 16.641 Thread 0x000001e832ed49a0 Unloading class 0x000001e84b1ad800 'java/lang/invoke/LambdaForm$DMH+0x000001e84b1ad800'
Event: 16.641 Thread 0x000001e832ed49a0 Unloading class 0x000001e84b1ac400 'java/lang/invoke/LambdaForm$DMH+0x000001e84b1ac400'

Classes redefined (0 events):
No events

Internal exceptions (20 events):
Event: 12.137 Thread 0x000001e891ab9880 Exception <a 'java/lang/NoSuchMethodError'{0x00000000d5d29968}: 'void java.lang.invoke.DirectMethodHandle$Holder.invokeSpecial(java.lang.Object, java.lang.Object, java.lang.Object, int)'> (0x00000000d5d29968) 
thrown [s\src\hotspot\share\interpreter\linkResolver.cpp, line 773]
Event: 12.159 Thread 0x000001e891ab9880 Exception <a 'java/lang/NoSuchMethodError'{0x00000000d5d8fab8}: 'long java.lang.invoke.Invokers$Holder.invokeExact_MT(java.lang.Object, java.lang.Object)'> (0x00000000d5d8fab8) 
thrown [s\src\hotspot\share\interpreter\linkResolver.cpp, line 773]
Event: 12.462 Thread 0x000001e891ab9880 Exception <a 'java/lang/NoSuchMethodError'{0x00000000d63edf48}: 'double java.lang.invoke.DirectMethodHandle$Holder.invokeStatic(java.lang.Object, java.lang.Object)'> (0x00000000d63edf48) 
thrown [s\src\hotspot\share\interpreter\linkResolver.cpp, line 773]
Event: 12.463 Thread 0x000001e891ab9880 Exception <a 'java/lang/NoSuchMethodError'{0x00000000d63f15d8}: 'double java.lang.invoke.DirectMethodHandle$Holder.invokeStaticInit(java.lang.Object, java.lang.Object)'> (0x00000000d63f15d8) 
thrown [s\src\hotspot\share\interpreter\linkResolver.cpp, line 773]
Event: 16.695 Thread 0x000001e8910fdab0 Exception <a 'java/lang/NoSuchMethodError'{0x00000000d5630ea8}: 'java.lang.Object java.lang.invoke.DirectMethodHandle$Holder.invokeStaticInit(java.lang.Object, java.lang.Object, java.lang.Object, java.lang.Object, java.lang.Object, java.lang.Object, java.lang.Object)'> (0x00000000d5630ea8) 
thrown [s\src\hotspot\share\interpreter\linkResolver.cpp, line 773]
Event: 16.703 Thread 0x000001e8910fdab0 Exception <a 'java/lang/NoSuchMethodError'{0x00000000d5635ab0}: 'java.lang.Object java.lang.invoke.Invokers$Holder.invoke_MT(java.lang.Object, java.lang.Object, java.lang.Object, java.lang.Object, java.lang.Object, java.lang.Object, java.lang.Object, java.lang.Object, java.lang.Object)'> (0x00000000d5635ab0) 
thrown [s\src\hotspot\share\interpreter\linkResolver.cpp, line 773]
Event: 16.755 Thread 0x000001e8910fdab0 Exception <a 'java/lang/NoSuchMethodError'{0x00000000d58a26a0}: 'int java.lang.invoke.DirectMethodHandle$Holder.invokeVirtual(java.lang.Object, java.lang.Object, java.lang.Object)'> (0x00000000d58a26a0) 
thrown [s\src\hotspot\share\interpreter\linkResolver.cpp, line 773]
Event: 16.761 Thread 0x000001e8910fdab0 Exception <a 'java/lang/NoSuchMethodError'{0x00000000d58a6368}: 'int java.lang.invoke.DirectMethodHandle$Holder.invokeStaticInit(java.lang.Object, int, int)'> (0x00000000d58a6368) 
thrown [s\src\hotspot\share\interpreter\linkResolver.cpp, line 773]
Event: 16.763 Thread 0x000001e8910fdab0 Exception <a 'java/lang/NoSuchMethodError'{0x00000000d5924510}: 'int java.lang.invoke.DirectMethodHandle$Holder.invokeStaticInit(java.lang.Object, long, long)'> (0x00000000d5924510) 
thrown [s\src\hotspot\share\interpreter\linkResolver.cpp, line 773]
Event: 16.771 Thread 0x000001e8910fdab0 Exception <a 'java/lang/NoSuchMethodError'{0x00000000d592ae40}: 'int java.lang.invoke.DirectMethodHandle$Holder.invokeStaticInit(java.lang.Object, float, float)'> (0x00000000d592ae40) 
thrown [s\src\hotspot\share\interpreter\linkResolver.cpp, line 773]
Event: 16.789 Thread 0x000001e8910fdab0 Exception <a 'java/lang/NoSuchMethodError'{0x00000000d599d430}: 'int java.lang.invoke.DirectMethodHandle$Holder.invokeStaticInit(java.lang.Object, double, double)'> (0x00000000d599d430) 
thrown [s\src\hotspot\share\interpreter\linkResolver.cpp, line 773]
Event: 16.790 Thread 0x000001e8910fdab0 Exception <a 'java/lang/NoSuchMethodError'{0x00000000d59a1578}: 'int java.lang.invoke.DirectMethodHandle$Holder.invokeStatic(java.lang.Object, long)'> (0x00000000d59a1578) 
thrown [s\src\hotspot\share\interpreter\linkResolver.cpp, line 773]
Event: 16.862 Thread 0x000001e8910fd420 Exception <a 'java/lang/NoSuchMethodError'{0x00000000d5b0ac38}: 'int java.lang.invoke.Invokers$Holder.linkToTargetMethod(java.lang.Object, java.lang.Object)'> (0x00000000d5b0ac38) 
thrown [s\src\hotspot\share\interpreter\linkResolver.cpp, line 773]
Event: 16.863 Thread 0x000001e8910fdab0 Exception <a 'java/lang/NoSuchMethodError'{0x00000000d5b82350}: 'int java.lang.invoke.Invokers$Holder.linkToTargetMethod(java.lang.Object, java.lang.Object)'> (0x00000000d5b82350) 
thrown [s\src\hotspot\share\interpreter\linkResolver.cpp, line 773]
Event: 16.869 Thread 0x000001e8910fd420 Exception <a 'java/lang/NoSuchMethodError'{0x00000000d5b8b918}: 'int java.lang.invoke.DirectMethodHandle$Holder.invokeSpecial(java.lang.Object, java.lang.Object, java.lang.Object, java.lang.Object)'> (0x00000000d5b8b918) 
thrown [s\src\hotspot\share\interpreter\linkResolver.cpp, line 773]
Event: 16.890 Thread 0x000001e8910fd420 Exception <a 'java/lang/NoSuchMethodError'{0x00000000d5bc5f48}: 'java.lang.Object java.lang.invoke.DirectMethodHandle$Holder.invokeStatic(java.lang.Object, int, java.lang.Object, java.lang.Object)'> (0x00000000d5bc5f48) 
thrown [s\src\hotspot\share\interpreter\linkResolver.cpp, line 773]
Event: 16.891 Thread 0x000001e8910fd420 Exception <a 'java/lang/NoSuchMethodError'{0x00000000d5bc9728}: 'java.lang.Object java.lang.invoke.DelegatingMethodHandle$Holder.delegate(java.lang.Object, int, java.lang.Object, java.lang.Object)'> (0x00000000d5bc9728) 
thrown [s\src\hotspot\share\interpreter\linkResolver.cpp, line 773]
Event: 16.899 Thread 0x000001e8910fd420 Exception <a 'java/lang/NoSuchMethodError'{0x00000000d5c0cb20}: 'int java.lang.invoke.Invokers$Holder.linkToTargetMethod(java.lang.Object, java.lang.Object, java.lang.Object)'> (0x00000000d5c0cb20) 
thrown [s\src\hotspot\share\interpreter\linkResolver.cpp, line 773]
Event: 16.983 Thread 0x000001e8910fdab0 Exception <a 'java/lang/NoSuchMethodError'{0x00000000d5e51b10}: 'java.lang.Object java.lang.invoke.DirectMethodHandle$Holder.invokeSpecialIFC(java.lang.Object, java.lang.Object, java.lang.Object, java.lang.Object)'> (0x00000000d5e51b10) 
thrown [s\src\hotspot\share\interpreter\linkResolver.cpp, line 773]
Event: 17.673 Thread 0x000001e891ab9880 Implicit null exception at 0x000001e83ddc2975 to 0x000001e83ddc2a50

ZGC Phase Switch (0 events):
No events

VM Operations (20 events):
Event: 9.246 Executing safepoint VM operation: Cleanup
Event: 10.465 Executing safepoint VM operation: Cleanup done
Event: 11.467 Executing safepoint VM operation: Cleanup
Event: 11.691 Executing safepoint VM operation: Cleanup done
Event: 11.733 Executing safepoint VM operation: ParallelGCFailedAllocation (Allocation Failure)
Event: 11.741 Executing safepoint VM operation: ParallelGCFailedAllocation (Allocation Failure) done
Event: 12.571 Executing safepoint VM operation: ParallelGCFailedAllocation (Allocation Failure)
Event: 14.598 Executing safepoint VM operation: ParallelGCFailedAllocation (Allocation Failure) done
Event: 14.608 Executing safepoint VM operation: CollectForMetadataAllocation (Metadata GC Threshold)
Event: 16.684 Executing safepoint VM operation: CollectForMetadataAllocation (Metadata GC Threshold) done
Event: 16.891 Executing non-safepoint VM operation: HandshakeAllThreads (Deoptimize)
Event: 16.892 Executing non-safepoint VM operation: HandshakeAllThreads (Deoptimize) done
Event: 17.320 Executing safepoint VM operation: ParallelGCFailedAllocation (Allocation Failure)
Event: 17.320 Executing safepoint VM operation: ParallelGCFailedAllocation (Allocation Failure) done
Event: 17.321 Executing safepoint VM operation: ParallelGCSystemGC (GCLocker Initiated GC)
Event: 17.326 Executing safepoint VM operation: ParallelGCSystemGC (GCLocker Initiated GC) done
Event: 17.941 Executing safepoint VM operation: ParallelGCFailedAllocation (Allocation Failure)
Event: 17.944 Executing safepoint VM operation: ParallelGCFailedAllocation (Allocation Failure) done
Event: 19.955 Executing safepoint VM operation: Cleanup
Event: 19.971 Executing safepoint VM operation: Cleanup done

Memory protections (0 events):
No events

Nmethod flushes (0 events):
No events

Events (20 events):
Event: 3.110 Thread 0x000001e830ab8740 Thread added: 0x000001e891ab9880
Event: 3.569 Thread 0x000001e88c8931b0 Thread added: 0x000001e891842160
Event: 3.575 Thread 0x000001e88c8931b0 Thread added: 0x000001e891842fe0
Event: 4.205 Thread 0x000001e891ab9880 Thread added: 0x000001e89185f810
Event: 4.246 Thread 0x000001e891842fe0 Thread exited: 0x000001e891842fe0
Event: 4.894 Thread 0x000001e891842160 Thread exited: 0x000001e891842160
Event: 6.413 Thread 0x000001e891ab9880 Thread added: 0x000001e8921a08d0
Event: 6.831 Thread 0x000001e88c8931b0 Thread added: 0x000001e891a4d8f0
Event: 7.447 Thread 0x000001e891ab9880 Thread added: 0x000001e892478a00
Event: 7.883 Thread 0x000001e891a4d8f0 Thread exited: 0x000001e891a4d8f0
Event: 7.903 Thread 0x000001e891ab9880 Thread added: 0x000001e8910fd420
Event: 7.964 Thread 0x000001e891ab9880 Thread added: 0x000001e8910fdab0
Event: 8.435 Thread 0x000001e88c8931b0 Thread added: 0x000001e892611ae0
Event: 10.466 Thread 0x000001e892611ae0 Thread added: 0x000001e892bdc8c0
Event: 11.696 Thread 0x000001e892bdc8c0 Thread exited: 0x000001e892bdc8c0
Event: 14.598 Thread 0x000001e8910fd420 Thread added: 0x000001e8910fcd90
Event: 14.599 Thread 0x000001e8910fcd90 Thread added: 0x000001e8910fe7d0
Event: 16.813 Thread 0x000001e892611ae0 Thread exited: 0x000001e892611ae0
Event: 17.383 Thread 0x000001e88c889060 Thread added: 0x000001e891f4f820
Event: 18.950 Thread 0x000001e88c8931b0 Thread added: 0x000001e892412e60


Dynamic libraries:
0x00007ff7b6880000 - 0x00007ff7b688e000 	c:\Users\Admin\.vscode\extensions\redhat.java-1.55.0-win32-x64\jre\21.0.11-win32-x86_64\bin\java.exe
0x00007ffaf6d90000 - 0x00007ffaf6fe5000 	C:\Windows\SYSTEM32\ntdll.dll
0x00007ffaf5d90000 - 0x00007ffaf5e57000 	C:\Windows\System32\KERNEL32.DLL
0x00007ffaf44b0000 - 0x00007ffaf4850000 	C:\Windows\System32\KERNELBASE.dll
0x00007ffaf4360000 - 0x00007ffaf44aa000 	C:\Windows\System32\ucrtbase.dll
0x00007ffada0a0000 - 0x00007ffada0b8000 	c:\Users\Admin\.vscode\extensions\redhat.java-1.55.0-win32-x64\jre\21.0.11-win32-x86_64\bin\jli.dll
0x00007ffaf6090000 - 0x00007ffaf624f000 	C:\Windows\System32\USER32.dll
0x00007ffaf4900000 - 0x00007ffaf4927000 	C:\Windows\System32\win32u.dll
0x00007ffad9980000 - 0x00007ffad999e000 	c:\Users\Admin\.vscode\extensions\redhat.java-1.55.0-win32-x64\jre\21.0.11-win32-x86_64\bin\VCRUNTIME140.dll
0x00007ffaf5130000 - 0x00007ffaf515a000 	C:\Windows\System32\GDI32.dll
0x00007ffaf4930000 - 0x00007ffaf4a51000 	C:\Windows\System32\gdi32full.dll
0x00007ffaf4ae0000 - 0x00007ffaf4b83000 	C:\Windows\System32\msvcp_win.dll
0x00007ffae2330000 - 0x00007ffae25c0000 	C:\Windows\WinSxS\amd64_microsoft.windows.common-controls_6595b64144ccf1df_6.0.26100.1_none_fc2d3fda0fd46076\COMCTL32.dll
0x00007ffaf6890000 - 0x00007ffaf6939000 	C:\Windows\System32\msvcrt.dll
0x00007ffaf5ee0000 - 0x00007ffaf5f0f000 	C:\Windows\System32\IMM32.DLL
0x00007ffaed1c0000 - 0x00007ffaed1cc000 	c:\Users\Admin\.vscode\extensions\redhat.java-1.55.0-win32-x64\jre\21.0.11-win32-x86_64\bin\vcruntime140_1.dll
0x00007ffabf230000 - 0x00007ffabf2bd000 	c:\Users\Admin\.vscode\extensions\redhat.java-1.55.0-win32-x64\jre\21.0.11-win32-x86_64\bin\msvcp140.dll
0x00007ffa70f80000 - 0x00007ffa71d22000 	c:\Users\Admin\.vscode\extensions\redhat.java-1.55.0-win32-x64\jre\21.0.11-win32-x86_64\bin\server\jvm.dll
0x00007ffaf5fd0000 - 0x00007ffaf6082000 	C:\Windows\System32\ADVAPI32.dll
0x00007ffaf5860000 - 0x00007ffaf5906000 	C:\Windows\System32\sechost.dll
0x00007ffaf6450000 - 0x00007ffaf6569000 	C:\Windows\System32\RPCRT4.dll
0x00007ffaf4dd0000 - 0x00007ffaf4e44000 	C:\Windows\System32\WS2_32.dll
0x00007ffaf4080000 - 0x00007ffaf40ce000 	C:\Windows\SYSTEM32\POWRPROF.dll
0x00007ffaea7d0000 - 0x00007ffaea806000 	C:\Windows\SYSTEM32\WINMM.dll
0x00007ffaecaf0000 - 0x00007ffaecafb000 	C:\Windows\SYSTEM32\VERSION.dll
0x00007ffaf4060000 - 0x00007ffaf4074000 	C:\Windows\SYSTEM32\UMPDC.dll
0x00007ffaf30c0000 - 0x00007ffaf30da000 	C:\Windows\SYSTEM32\kernel.appcore.dll
0x00007ffaef400000 - 0x00007ffaef40a000 	c:\Users\Admin\.vscode\extensions\redhat.java-1.55.0-win32-x64\jre\21.0.11-win32-x86_64\bin\jimage.dll
0x00007ffaebda0000 - 0x00007ffaebfe1000 	C:\Windows\SYSTEM32\DBGHELP.DLL
0x00007ffaf69c0000 - 0x00007ffaf6d35000 	C:\Windows\System32\combase.dll
0x00007ffaf5050000 - 0x00007ffaf5126000 	C:\Windows\System32\OLEAUT32.dll
0x00007ffada0c0000 - 0x00007ffada0f9000 	C:\Windows\SYSTEM32\dbgcore.DLL
0x00007ffaf4860000 - 0x00007ffaf48f9000 	C:\Windows\System32\bcryptPrimitives.dll
0x00007ffaecea0000 - 0x00007ffaeceaf000 	c:\Users\Admin\.vscode\extensions\redhat.java-1.55.0-win32-x64\jre\21.0.11-win32-x86_64\bin\instrument.dll
0x00007ffaef2f0000 - 0x00007ffaef310000 	c:\Users\Admin\.vscode\extensions\redhat.java-1.55.0-win32-x64\jre\21.0.11-win32-x86_64\bin\java.dll
0x00007ffaf5160000 - 0x00007ffaf5846000 	C:\Windows\System32\SHELL32.dll
0x00007ffaf2060000 - 0x00007ffaf288b000 	C:\Windows\SYSTEM32\windows.storage.dll
0x00007ffaf4f60000 - 0x00007ffaf5033000 	C:\Windows\System32\SHCORE.dll
0x00007ffaf6570000 - 0x00007ffaf65cd000 	C:\Windows\System32\shlwapi.dll
0x00007ffaf4100000 - 0x00007ffaf4124000 	C:\Windows\SYSTEM32\profapi.dll
0x00007ffaeebf0000 - 0x00007ffaeec08000 	c:\Users\Admin\.vscode\extensions\redhat.java-1.55.0-win32-x64\jre\21.0.11-win32-x86_64\bin\zip.dll
0x00007ffaef2e0000 - 0x00007ffaef2f0000 	C:\Users\Admin\.vscode\extensions\redhat.java-1.55.0-win32-x64\jre\21.0.11-win32-x86_64\bin\net.dll
0x00007ffaedcb0000 - 0x00007ffaeddcd000 	C:\Windows\SYSTEM32\WINHTTP.dll
0x00007ffaf35f0000 - 0x00007ffaf3658000 	C:\Windows\system32\mswsock.dll
0x00007ffaed140000 - 0x00007ffaed156000 	C:\Users\Admin\.vscode\extensions\redhat.java-1.55.0-win32-x64\jre\21.0.11-win32-x86_64\bin\nio.dll
0x00007ffae9b30000 - 0x00007ffae9b40000 	c:\Users\Admin\.vscode\extensions\redhat.java-1.55.0-win32-x64\jre\21.0.11-win32-x86_64\bin\verify.dll
0x00007ffabf770000 - 0x00007ffabf7b5000 	C:\Users\Admin\AppData\Roaming\Code\User\globalStorage\redhat.java\1.55.0\config_win\org.eclipse.equinox.launcher\org.eclipse.equinox.launcher.win32.win32.x86_64_1.3.100.v20260613-0559\eclipse_11924.dll
0x00007ffaf62b0000 - 0x00007ffaf6445000 	C:\Windows\System32\ole32.dll

JVMTI agents:
c:\Users\Admin\.vscode\extensions\redhat.java-1.55.0-win32-x64\lombok\lombok-1.18.39-4050.jar path:c:\Users\Admin\.vscode\extensions\redhat.java-1.55.0-win32-x64\jre\21.0.11-win32-x86_64\bin\instrument.dll, loaded, initialized, instrumentlib options:none

dbghelp: loaded successfully - version: 4.0.5 - missing functions: none
symbol engine: initialized successfully - sym options: 0x614 - pdb path: .;c:\Users\Admin\.vscode\extensions\redhat.java-1.55.0-win32-x64\jre\21.0.11-win32-x86_64\bin;C:\Windows\SYSTEM32;C:\Windows\WinSxS\amd64_microsoft.windows.common-controls_6595b64144ccf1df_6.0.26100.1_none_fc2d3fda0fd46076;c:\Users\Admin\.vscode\extensions\redhat.java-1.55.0-win32-x64\jre\21.0.11-win32-x86_64\bin\server;C:\Users\Admin\AppData\Roaming\Code\User\globalStorage\redhat.java\1.55.0\config_win\org.eclipse.equinox.launcher\org.eclipse.equinox.launcher.win32.win32.x86_64_1.3.100.v20260613-0559

VM Arguments:
jvm_args: --add-modules=ALL-SYSTEM --add-opens=java.base/java.util=ALL-UNNAMED --add-opens=java.base/java.lang=ALL-UNNAMED --add-opens=java.base/sun.nio.fs=ALL-UNNAMED -Declipse.application=org.eclipse.jdt.ls.core.id1 -Dosgi.bundles.defaultStartLevel=4 -Declipse.product=org.eclipse.jdt.ls.core.product -Djava.import.generatesMetadataFilesAtProjectRoot=false -DDetectVMInstallationsJob.disabled=true -Dfile.encoding=utf8 -XX:+UseParallelGC -XX:GCTimeRatio=4 -XX:AdaptiveSizePolicyWeight=90 -Dsun.zip.disableMemoryMapping=true -Xmx2G -Xms100m -Xlog:disable -javaagent:c:\Users\Admin\.vscode\extensions\redhat.java-1.55.0-win32-x64\lombok\lombok-1.18.39-4050.jar -XX:+HeapDumpOnOutOfMemoryError -XX:HeapDumpPath=c:\Users\Admin\AppData\Roaming\Code\User\workspaceStorage\801ed1664cc344b479297c66898efbba\redhat.java -Daether.dependencyCollector.impl=bf 
java_command: c:\Users\Admin\.vscode\extensions\redhat.java-1.55.0-win32-x64\server\plugins\org.eclipse.equinox.launcher_1.7.200.v20260619-2039.jar -configuration c:\Users\Admin\AppData\Roaming\Code\User\globalStorage\redhat.java\1.55.0\config_win -data c:\Users\Admin\AppData\Roaming\Code\User\workspaceStorage\801ed1664cc344b479297c66898efbba\redhat.java\jdt_ws --pipe=\\.\pipe\lsp-d9290bfa945645e76025d670c4c7a9ba-sock
java_class_path (initial): c:\Users\Admin\.vscode\extensions\redhat.java-1.55.0-win32-x64\server\plugins\org.eclipse.equinox.launcher_1.7.200.v20260619-2039.jar
Launcher Type: SUN_STANDARD

[Global flags]
    uintx AdaptiveSizePolicyWeight                 = 90                                        {product} {command line}
     intx CICompilerCount                          = 4                                         {product} {ergonomic}
    uintx GCTimeRatio                              = 4                                         {product} {command line}
     bool HeapDumpOnOutOfMemoryError               = true                                   {manageable} {command line}
    ccstr HeapDumpPath                             = c:\Users\Admin\AppData\Roaming\Code\User\workspaceStorage\801ed1664cc344b479297c66898efbba\redhat.java         {manageable} {command line}
   size_t InitialHeapSize                          = 104857600                                 {product} {command line}
   size_t MaxHeapSize                              = 2147483648                                {product} {command line}
   size_t MaxNewSize                               = 715653120                                 {product} {ergonomic}
   size_t MinHeapDeltaBytes                        = 524288                                    {product} {ergonomic}
   size_t MinHeapSize                              = 104857600                                 {product} {command line}
   size_t NewSize                                  = 34603008                                  {product} {ergonomic}
    uintx NonNMethodCodeHeapSize                   = 5839372                                {pd product} {ergonomic}
    uintx NonProfiledCodeHeapSize                  = 122909434                              {pd product} {ergonomic}
   size_t OldSize                                  = 70254592                                  {product} {ergonomic}
    uintx ProfiledCodeHeapSize                     = 122909434                              {pd product} {ergonomic}
    uintx ReservedCodeCacheSize                    = 251658240                              {pd product} {ergonomic}
     bool SegmentedCodeCache                       = true                                      {product} {ergonomic}
   size_t SoftMaxHeapSize                          = 2147483648                             {manageable} {ergonomic}
     bool UseCompressedOops                        = true                           {product lp64_product} {ergonomic}
     bool UseLargePagesIndividualAllocation        = false                                  {pd product} {ergonomic}
     bool UseParallelGC                            = true                                      {product} {command line}

Logging:
Log output configuration:
 #0: stdout all=off uptime,level,tags foldmultilines=false
 #1: stderr all=off uptime,level,tags foldmultilines=false

Release file:
JAVA_VERSION="21.0.11" 
MODULES="java.base java.compiler java.datatransfer java.xml java.prefs java.desktop java.instrument java.logging java.management java.security.sasl java.naming java.rmi java.management.rmi java.net.http java.scripting java.security.jgss java.transaction.xa java.sql java.sql.rowset java.xml.crypto java.se java.smartcardio jdk.accessibility jdk.internal.jvmstat jdk.attach jdk.charsets jdk.internal.opt jdk.zipfs jdk.compiler jdk.crypto.ec jdk.crypto.cryptoki jdk.crypto.mscapi jdk.dynalink jdk.internal.ed jdk.editpad jdk.hotspot.agent jdk.httpserver jdk.internal.le jdk.internal.vm.ci jdk.internal.vm.compiler jdk.internal.vm.compiler.management jdk.jartool jdk.javadoc jdk.jcmd jdk.management jdk.management.agent jdk.jconsole jdk.jdeps jdk.jdwp.agent jdk.jdi jdk.jfr jdk.jshell jdk.jsobject jdk.jstatd jdk.localedata jdk.management.jfr jdk.naming.dns jdk.naming.rmi jdk.net jdk.nio.mapmode jdk.random jdk.sctp jdk.security.auth jdk.security.jgss jdk.unsupported jdk.unsupported.desktop jdk.xml.dom" 

Environment Variables:
JAVA_HOME=C:\Program Files\Java\jdk-17
PATH=C:\Program Files\Python314\Scripts\;C:\Program Files\Python314\;C:\Windows\system32;C:\Windows;C:\Windows\System32\Wbem;C:\Windows\System32\WindowsPowerShell\v1.0\;C:\Windows\System32\OpenSSH\;C:\Program Files\Git\cmd;C:\Program Files\dotnet\;%ANDROID_HOME%\platform-tools;%ANDROID_HOME%\cmdline-tools\latest\bin;%ANDROID_HOME%\emulator;%JAVA_HOME%\bin;C:\Program Files\nodejs\;C:\Users\Admin\AppData\Local\Microsoft\WindowsApps;C:\flutter\bin;C:\Users\Admin\.dotnet\tools;C:\Users\Admin\AppData\Local\Android\Sdk\platform-tools;C:\Users\Admin\AppData\Local\Programs\Microsoft VS Code\bin;C:\Users\Admin\AppData\Roaming\npm
USERNAME=Admin
OS=Windows_NT
PROCESSOR_IDENTIFIER=AMD64 Family 23 Model 96 Stepping 1, AuthenticAMD
TMP=C:\Users\Admin\AppData\Local\Temp
TEMP=C:\Users\Admin\AppData\Local\Temp




Periodic native trim disabled

---------------  S Y S T E M  ---------------

OS:
 Windows 11 , 64 bit Build 26100 (10.0.26100.1)
OS uptime: 0 days 1:35 hours

CPU: total 12 (initial active 12) (12 cores per cpu, 2 threads per core) family 23 model 96 stepping 1 microcode 0x8600106, cx8, cmov, fxsr, ht, mmx, 3dnowpref, sse, sse2, sse3, ssse3, sse4a, sse4.1, sse4.2, popcnt, lzcnt, tsc, tscinvbit, avx, avx2, aes, clmul, bmi1, bmi2, adx, sha, fma, vzeroupper, clflush, clflushopt, rdtscp, rdpid, f16c
Processor Information for the first 12 processors :
  Max Mhz: 3001, Current Mhz: 2011, Mhz Limit: 3001

Memory: 4k page, system-wide physical 7598M (679M free)
TotalPageFile size 13742M (AvailPageFile size 5M)
current process WorkingSet (physical memory assigned to process): 165M, peak: 165M
current process commit charge ("private bytes"): 301M, peak: 301M

vm_info: OpenJDK 64-Bit Server VM (21.0.11+10-LTS) for windows-amd64 JRE (21.0.11+10-LTS), built on 2026-04-21T00:00:00Z by "admin" with MS VC++ 17.12 (VS2022)

END.
