#
# There is insufficient memory for the Java Runtime Environment to continue.
# Native memory allocation (malloc) failed to allocate 1889552 bytes. Error detail: Chunk::new
# Possible reasons:
#   The system is out of physical RAM or swap space
#   This process is running with CompressedOops enabled, and the Java Heap may be blocking the growth of the native heap
# Possible solutions:
#   Reduce memory load on the system
#   Increase physical memory or swap space
#   Check if swap backing store is full
#   Decrease Java heap size (-Xmx/-Xms)
#   Decrease number of Java threads
#   Decrease Java thread stack sizes (-Xss)
#   Set larger code cache with -XX:ReservedCodeCacheSize=
#   JVM is running with Unscaled Compressed Oops mode in which the Java heap is
#     placed in the first 4GB address space. The Java Heap base address is the
#     maximum limit for the native heap growth. Please use -XX:HeapBaseMinAddress
#     to set the Java Heap base and to place the Java Heap above 4GB virtual address.
# This output file may be truncated or incomplete.
#
#  Out of Memory Error (arena.cpp:168), pid=16964, tid=17208
#
# JRE version: OpenJDK Runtime Environment Temurin-21.0.11+10 (21.0.11+10) (build 21.0.11+10-LTS)
# Java VM: OpenJDK 64-Bit Server VM Temurin-21.0.11+10 (21.0.11+10-LTS, mixed mode, sharing, tiered, compressed oops, compressed class ptrs, parallel gc, windows-amd64)
# No core dump will be written. Minidumps are not enabled by default on client versions of Windows
#

---------------  S U M M A R Y ------------

Command Line: --add-modules=ALL-SYSTEM --add-opens=java.base/java.util=ALL-UNNAMED --add-opens=java.base/java.lang=ALL-UNNAMED --add-opens=java.base/sun.nio.fs=ALL-UNNAMED -Declipse.application=org.eclipse.jdt.ls.core.id1 -Dosgi.bundles.defaultStartLevel=4 -Declipse.product=org.eclipse.jdt.ls.core.product -Djava.import.generatesMetadataFilesAtProjectRoot=false -DDetectVMInstallationsJob.disabled=true -Dfile.encoding=utf8 -XX:+UseParallelGC -XX:GCTimeRatio=4 -XX:AdaptiveSizePolicyWeight=90 -Dsun.zip.disableMemoryMapping=true -Xmx2G -Xms100m -Xlog:disable -javaagent:c:\Users\Admin\.vscode\extensions\redhat.java-1.55.0-win32-x64\lombok\lombok-1.18.39-4050.jar c:\Users\Admin\.vscode\extensions\redhat.java-1.55.0-win32-x64\server\plugins\org.eclipse.equinox.launcher_1.7.200.v20260619-2039.jar -configuration c:\Users\Admin\AppData\Roaming\Code\User\globalStorage\redhat.java\1.55.0\config_ss_win -data c:\Users\Admin\AppData\Roaming\Code\User\workspaceStorage\801ed1664cc344b479297c66898efbba\redhat.java\ss_ws --pipe=\\.\pipe\lsp-59bdadc0a27ee927f746b4941e2302ed-sock

Host: AMD Ryzen 5 4600H with Radeon Graphics         , 12 cores, 7G,  Windows 11 , 64 bit Build 26100 (10.0.26100.1)
Time: Mon Jul  6 13:44:50 2026 Malay Peninsula Standard Time elapsed time: 7.183410 seconds (0d 0h 0m 7s)

---------------  T H R E A D  ---------------

Current thread (0x000001ba723464c0):  JavaThread "C2 CompilerThread0" daemon [_thread_in_native, id=17208, stack(0x0000006f31700000,0x0000006f31800000) (1024K)]


Current CompileTask:
C2:7183 2534       4       org.lombokweb.asm.ClassReader::readMethod (1070 bytes)

Stack: [0x0000006f31700000,0x0000006f31800000]
Native frames: (J=compiled Java code, j=interpreted, Vv=VM code, C=native code)
V  [jvm.dll+0x6d7e19]
V  [jvm.dll+0x8b5096]
V  [jvm.dll+0x8b764e]
V  [jvm.dll+0x8b7d33]
V  [jvm.dll+0x284596]
V  [jvm.dll+0xc685d]
V  [jvm.dll+0xc6da1]
V  [jvm.dll+0x3bed6b]
V  [jvm.dll+0x1e4149]
V  [jvm.dll+0x24c853]
V  [jvm.dll+0x24bce0]
V  [jvm.dll+0x1cb4ae]
V  [jvm.dll+0x25baad]
V  [jvm.dll+0x25a03a]
V  [jvm.dll+0x3f868e]
V  [jvm.dll+0x85fb0d]
V  [jvm.dll+0x6d664d]
C  [ucrtbase.dll+0x43340]
C  [KERNEL32.DLL+0x31fd7]
C  [ntdll.dll+0x6d7d0]


---------------  P R O C E S S  ---------------

Threads class SMR info:
_java_thread_list=0x000001ba779ca240, length=20, elements={
0x000001ba18a2c420, 0x000001ba723344b0, 0x000001ba189ddb60, 0x000001ba723382a0,
0x000001ba7233af90, 0x000001ba7233cda0, 0x000001ba72340fc0, 0x000001ba723464c0,
0x000001ba72355670, 0x000001ba725966c0, 0x000001ba7269c2d0, 0x000001ba72e22580,
0x000001ba72f2e790, 0x000001ba72703290, 0x000001ba770a1290, 0x000001ba773dbd60,
0x000001ba77220750, 0x000001ba77534200, 0x000001ba7797ea70, 0x000001ba72588e90
}

Java Threads: ( => current thread )
  0x000001ba18a2c420 JavaThread "main"                              [_thread_blocked, id=17384, stack(0x0000006f30d00000,0x0000006f30e00000) (1024K)]
  0x000001ba723344b0 JavaThread "Reference Handler"          daemon [_thread_blocked, id=17004, stack(0x0000006f31100000,0x0000006f31200000) (1024K)]
  0x000001ba189ddb60 JavaThread "Finalizer"                  daemon [_thread_blocked, id=16392, stack(0x0000006f31200000,0x0000006f31300000) (1024K)]
  0x000001ba723382a0 JavaThread "Signal Dispatcher"          daemon [_thread_blocked, id=16376, stack(0x0000006f31300000,0x0000006f31400000) (1024K)]
  0x000001ba7233af90 JavaThread "Attach Listener"            daemon [_thread_blocked, id=5428, stack(0x0000006f31400000,0x0000006f31500000) (1024K)]
  0x000001ba7233cda0 JavaThread "Service Thread"             daemon [_thread_blocked, id=15588, stack(0x0000006f31500000,0x0000006f31600000) (1024K)]
  0x000001ba72340fc0 JavaThread "Monitor Deflation Thread"   daemon [_thread_blocked, id=16172, stack(0x0000006f31600000,0x0000006f31700000) (1024K)]
=>0x000001ba723464c0 JavaThread "C2 CompilerThread0"         daemon [_thread_in_native, id=17208, stack(0x0000006f31700000,0x0000006f31800000) (1024K)]
  0x000001ba72355670 JavaThread "C1 CompilerThread0"         daemon [_thread_blocked, id=16388, stack(0x0000006f31800000,0x0000006f31900000) (1024K)]
  0x000001ba725966c0 JavaThread "Common-Cleaner"             daemon [_thread_blocked, id=16564, stack(0x0000006f31a00000,0x0000006f31b00000) (1024K)]
  0x000001ba7269c2d0 JavaThread "Notification Thread"        daemon [_thread_blocked, id=2412, stack(0x0000006f31b00000,0x0000006f31c00000) (1024K)]
  0x000001ba72e22580 JavaThread "Active Thread: Equinox Container: f2d066ed-d88c-4f9a-b0d8-00cc57599cf7"        [_thread_blocked, id=17472, stack(0x0000006f31c00000,0x0000006f31d00000) (1024K)]
  0x000001ba72f2e790 JavaThread "Framework Event Dispatcher: Equinox Container: f2d066ed-d88c-4f9a-b0d8-00cc57599cf7" daemon [_thread_blocked, id=17592, stack(0x0000006f32300000,0x0000006f32400000) (1024K)]
  0x000001ba72703290 JavaThread "Start Level: Equinox Container: f2d066ed-d88c-4f9a-b0d8-00cc57599cf7" daemon [_thread_in_vm, id=17596, stack(0x0000006f32400000,0x0000006f32500000) (1024K)]
  0x000001ba770a1290 JavaThread "SCR Component Actor"        daemon [_thread_blocked, id=17604, stack(0x0000006f32600000,0x0000006f32700000) (1024K)]
  0x000001ba773dbd60 JavaThread "Worker-JM"                         [_thread_blocked, id=17800, stack(0x0000006f32700000,0x0000006f32800000) (1024K)]
  0x000001ba77220750 JavaThread "Worker-0"                          [_thread_blocked, id=17836, stack(0x0000006f32900000,0x0000006f32a00000) (1024K)]
  0x000001ba77534200 JavaThread "Worker-1"                          [_thread_blocked, id=17844, stack(0x0000006f32a00000,0x0000006f32b00000) (1024K)]
  0x000001ba7797ea70 JavaThread "C2 CompilerThread1"         daemon [_thread_in_vm, id=18056, stack(0x0000006f32c00000,0x0000006f32d00000) (1024K)]
  0x000001ba72588e90 JavaThread "C2 CompilerThread2"         daemon [_thread_in_native, id=18312, stack(0x0000006f32b00000,0x0000006f32c00000) (1024K)]
Total: 20

Other Threads:
  0x000001ba18aee090 VMThread "VM Thread"                           [id=15172, stack(0x0000006f31000000,0x0000006f31100000) (1024K)]
  0x000001ba188bca00 WatcherThread "VM Periodic Task Thread"        [id=15544, stack(0x0000006f30f00000,0x0000006f31000000) (1024K)]
  0x000001ba18a4a690 WorkerThread "GC Thread#0"                     [id=16596, stack(0x0000006f30e00000,0x0000006f30f00000) (1024K)]
  0x000001ba77048b70 WorkerThread "GC Thread#1"                     [id=13916, stack(0x0000006f31d00000,0x0000006f31e00000) (1024K)]
  0x000001ba77049320 WorkerThread "GC Thread#2"                     [id=7296, stack(0x0000006f31e00000,0x0000006f31f00000) (1024K)]
  0x000001ba72afddb0 WorkerThread "GC Thread#3"                     [id=16400, stack(0x0000006f31f00000,0x0000006f32000000) (1024K)]
  0x000001ba72afe160 WorkerThread "GC Thread#4"                     [id=15496, stack(0x0000006f32000000,0x0000006f32100000) (1024K)]
  0x000001ba72afe510 WorkerThread "GC Thread#5"                     [id=16928, stack(0x0000006f32100000,0x0000006f32200000) (1024K)]
  0x000001ba729deb30 WorkerThread "GC Thread#6"                     [id=16396, stack(0x0000006f32200000,0x0000006f32300000) (1024K)]
  0x000001ba72f22eb0 WorkerThread "GC Thread#7"                     [id=17600, stack(0x0000006f32500000,0x0000006f32600000) (1024K)]
  0x000001ba774cd810 WorkerThread "GC Thread#8"                     [id=17820, stack(0x0000006f31900000,0x0000006f31a00000) (1024K)]
  0x000001ba774de2e0 WorkerThread "GC Thread#9"                     [id=17824, stack(0x0000006f32800000,0x0000006f32900000) (1024K)]
Total: 12

Threads with active compile tasks:
C2 CompilerThread0  8220 2534       4       org.lombokweb.asm.ClassReader::readMethod (1070 bytes)
C2 CompilerThread1  8221 2901       4       java.util.TreeMap::put (221 bytes)
C2 CompilerThread2  8221 2896       4       java.lang.StringLatin1::compareToCI (108 bytes)
Total: 3

VM state: not at safepoint (normal execution)

VM Mutex/Monitor currently owned by a thread: None

Heap address: 0x0000000080000000, size: 2048 MB, Compressed Oops mode: 32-bit

CDS archive(s) mapped at: [0x000001ba30000000-0x000001ba30ba0000-0x000001ba30ba0000), size 12189696, SharedBaseAddress: 0x000001ba30000000, ArchiveRelocationMode: 1.
Compressed class space mapped at: 0x000001ba31000000-0x000001ba71000000, reserved size: 1073741824
Narrow klass base: 0x000001ba30000000, Narrow klass shift: 0, Narrow klass range: 0x100000000

GC Precious Log:
 CardTable entry size: 512
 CPUs: 12 total, 12 available
 Memory: 7598M
 Large Page Support: Disabled
 NUMA Support: Disabled
 Compressed Oops: Enabled (32-bit)
 Alignments: Space 512K, Generation 512K, Heap 2M
 Heap Min Capacity: 100M
 Heap Initial Capacity: 100M
 Heap Max Capacity: 2G
 Pre-touch: Disabled
 Parallel Workers: 10

Heap:
 PSYoungGen      total 30720K, used 13814K [0x00000000d5580000, 0x00000000d7900000, 0x0000000100000000)
  eden space 25088K, 55% used [0x00000000d5580000,0x00000000d62fd910,0x00000000d6e00000)
  from space 5632K, 0% used [0x00000000d7380000,0x00000000d7380000,0x00000000d7900000)
  to   space 5632K, 0% used [0x00000000d6e00000,0x00000000d6e00000,0x00000000d7380000)
 ParOldGen       total 68608K, used 10046K [0x0000000080000000, 0x0000000084300000, 0x00000000d5580000)
  object space 68608K, 14% used [0x0000000080000000,0x00000000809cfa98,0x0000000084300000)
 Metaspace       used 23404K, committed 24064K, reserved 1114112K
  class space    used 2251K, committed 2560K, reserved 1048576K

Card table byte_map: [0x000001ba183d0000,0x000001ba187e0000] _byte_map_base: 0x000001ba17fd0000

Marking Bits: (ParMarkBitMap*) 0x00007ffc95614460
 Begin Bits: [0x000001ba2aee0000, 0x000001ba2cee0000)
 End Bits:   [0x000001ba2cee0000, 0x000001ba2eee0000)

Polling page: 0x000001ba16550000

Metaspace:

Usage:
  Non-class:     20.66 MB used.
      Class:      2.20 MB used.
       Both:     22.86 MB used.

Virtual space:
  Non-class space:       64.00 MB reserved,      21.00 MB ( 33%) committed,  1 nodes.
      Class space:        1.00 GB reserved,       2.50 MB ( <1%) committed,  1 nodes.
             Both:        1.06 GB reserved,      23.50 MB (  2%) committed. 

Chunk freelists:
   Non-Class:  10.61 MB
       Class:  13.46 MB
        Both:  24.07 MB

MaxMetaspaceSize: unlimited
CompressedClassSpaceSize: 1.00 GB
Initial GC threshold: 21.00 MB
Current GC threshold: 35.00 MB
CDS: on
 - commit_granule_bytes: 65536.
 - commit_granule_words: 8192.
 - virtual_space_node_default_size: 8388608.
 - enlarge_chunks_in_place: 1.
 - use_allocation_guard: 0.


Internal statistics:

num_allocs_failed_limit: 3.
num_arena_births: 496.
num_arena_deaths: 14.
num_vsnodes_births: 2.
num_vsnodes_deaths: 0.
num_space_committed: 376.
num_space_uncommitted: 0.
num_chunks_returned_to_freelist: 17.
num_chunks_taken_from_freelist: 1344.
num_chunk_merges: 9.
num_chunk_splits: 872.
num_chunks_enlarged: 568.
num_inconsistent_stats: 0.

CodeHeap 'non-profiled nmethods': size=120000Kb used=1159Kb max_used=1159Kb free=118840Kb
 bounds [0x000001ba23700000, 0x000001ba23970000, 0x000001ba2ac30000]
CodeHeap 'profiled nmethods': size=120000Kb used=5924Kb max_used=5924Kb free=114075Kb
 bounds [0x000001ba1bc30000, 0x000001ba1c200000, 0x000001ba23160000]
CodeHeap 'non-nmethods': size=5760Kb used=1312Kb max_used=1352Kb free=4447Kb
 bounds [0x000001ba23160000, 0x000001ba233d0000, 0x000001ba23700000]
CodeCache: size=245760Kb, used=8395Kb, max_used=8435Kb, free=237362Kb
 total_blobs=3490, nmethods=2893, adapters=503, full_count=0
Compilation: enabled, stopped_count=0, restarted_count=0

Compilation events (20 events):
Event: 5.118 Thread 0x000001ba72355670 2868       1       jdk.xml.internal.XMLSecurityManager$Limit::systemProperty (5 bytes)
Event: 5.118 Thread 0x000001ba72355670 nmethod 2868 0x000001ba23819e90 code [0x000001ba2381a020, 0x000001ba2381a0e8]
Event: 5.119 Thread 0x000001ba72355670 2869       3       jdk.xml.internal.SecuritySupport$$Lambda/0x000001ba310d0d00::run (8 bytes)
Event: 5.119 Thread 0x000001ba72355670 nmethod 2869 0x000001ba1c1e9010 code [0x000001ba1c1e9200, 0x000001ba1c1e95c8]
Event: 5.119 Thread 0x000001ba72355670 2870       3       jdk.xml.internal.SecuritySupport::lambda$getSystemProperty$0 (5 bytes)
Event: 5.119 Thread 0x000001ba72355670 nmethod 2870 0x000001ba1c1e9790 code [0x000001ba1c1e9960, 0x000001ba1c1e9cb8]
Event: 5.121 Thread 0x000001ba72355670 2871       3       java.lang.invoke.MethodHandleNatives::linkCallSite (65 bytes)
Event: 5.122 Thread 0x000001ba72355670 nmethod 2871 0x000001ba1c1e9e10 code [0x000001ba1c1ea000, 0x000001ba1c1ea548]
Event: 5.122 Thread 0x000001ba72355670 2872       3       java.lang.invoke.MethodHandleNatives::linkCallSiteImpl (119 bytes)
Event: 5.122 Thread 0x000001ba72355670 nmethod 2872 0x000001ba1c1ea710 code [0x000001ba1c1ea940, 0x000001ba1c1eb1d0]
Event: 5.123 Thread 0x000001ba72355670 2873       3       java.lang.invoke.ConstantCallSite::<init> (17 bytes)
Event: 5.123 Thread 0x000001ba72355670 nmethod 2873 0x000001ba1c1eb590 code [0x000001ba1c1eb740, 0x000001ba1c1eb9e0]
Event: 5.123 Thread 0x000001ba72355670 2874       3       java.lang.invoke.DirectMethodHandle$Constructor::viewAsType (49 bytes)
Event: 5.123 Thread 0x000001ba72355670 nmethod 2874 0x000001ba1c1ebb10 code [0x000001ba1c1ebcc0, 0x000001ba1c1ebe98]
Event: 5.124 Thread 0x000001ba7797ea70 nmethod 2837 0x000001ba2381a190 code [0x000001ba2381a3c0, 0x000001ba2381aba0]
Event: 5.125 Thread 0x000001ba7797ea70 2821       4       jdk.internal.jimage.ImageLocation::verify (218 bytes)
Event: 5.149 Thread 0x000001ba72355670 2876       3       java.lang.invoke.MemberName::asSpecial (89 bytes)
Event: 5.150 Thread 0x000001ba72355670 nmethod 2876 0x000001ba1c1ebf90 code [0x000001ba1c1ec260, 0x000001ba1c1ecec8]
Event: 5.150 Thread 0x000001ba72355670 2877       3       java.nio.Buffer::position (52 bytes)
Event: 5.150 Thread 0x000001ba72355670 nmethod 2877 0x000001ba1c1ed310 code [0x000001ba1c1ed4c0, 0x000001ba1c1ed718]

GC Heap History (14 events):
Event: 1.394 GC heap before
{Heap before GC invocations=1 (full 0):
 PSYoungGen      total 29696K, used 25600K [0x00000000d5580000, 0x00000000d7680000, 0x0000000100000000)
  eden space 25600K, 100% used [0x00000000d5580000,0x00000000d6e80000,0x00000000d6e80000)
  from space 4096K, 0% used [0x00000000d7280000,0x00000000d7280000,0x00000000d7680000)
  to   space 4096K, 0% used [0x00000000d6e80000,0x00000000d6e80000,0x00000000d7280000)
 ParOldGen       total 68608K, used 0K [0x0000000080000000, 0x0000000084300000, 0x00000000d5580000)
  object space 68608K, 0% used [0x0000000080000000,0x0000000080000000,0x0000000084300000)
 Metaspace       used 4369K, committed 4608K, reserved 1114112K
  class space    used 475K, committed 576K, reserved 1048576K
}
Event: 1.409 GC heap after
{Heap after GC invocations=1 (full 0):
 PSYoungGen      total 29696K, used 3303K [0x00000000d5580000, 0x00000000d7680000, 0x0000000100000000)
  eden space 25600K, 0% used [0x00000000d5580000,0x00000000d5580000,0x00000000d6e80000)
  from space 4096K, 80% used [0x00000000d6e80000,0x00000000d71b9e98,0x00000000d7280000)
  to   space 4096K, 0% used [0x00000000d7280000,0x00000000d7280000,0x00000000d7680000)
 ParOldGen       total 68608K, used 8K [0x0000000080000000, 0x0000000084300000, 0x00000000d5580000)
  object space 68608K, 0% used [0x0000000080000000,0x0000000080002000,0x0000000084300000)
 Metaspace       used 4369K, committed 4608K, reserved 1114112K
  class space    used 475K, committed 576K, reserved 1048576K
}
Event: 2.524 GC heap before
{Heap before GC invocations=2 (full 0):
 PSYoungGen      total 29696K, used 28903K [0x00000000d5580000, 0x00000000d7680000, 0x0000000100000000)
  eden space 25600K, 100% used [0x00000000d5580000,0x00000000d6e80000,0x00000000d6e80000)
  from space 4096K, 80% used [0x00000000d6e80000,0x00000000d71b9e98,0x00000000d7280000)
  to   space 4096K, 0% used [0x00000000d7280000,0x00000000d7280000,0x00000000d7680000)
 ParOldGen       total 68608K, used 8K [0x0000000080000000, 0x0000000084300000, 0x00000000d5580000)
  object space 68608K, 0% used [0x0000000080000000,0x0000000080002000,0x0000000084300000)
 Metaspace       used 8205K, committed 8512K, reserved 1114112K
  class space    used 873K, committed 1024K, reserved 1048576K
}
Event: 2.539 GC heap after
{Heap after GC invocations=2 (full 0):
 PSYoungGen      total 29696K, used 4077K [0x00000000d5580000, 0x00000000d7680000, 0x0000000100000000)
  eden space 25600K, 0% used [0x00000000d5580000,0x00000000d5580000,0x00000000d6e80000)
  from space 4096K, 99% used [0x00000000d7280000,0x00000000d767b6a8,0x00000000d7680000)
  to   space 4096K, 0% used [0x00000000d6e80000,0x00000000d6e80000,0x00000000d7280000)
 ParOldGen       total 68608K, used 1078K [0x0000000080000000, 0x0000000084300000, 0x00000000d5580000)
  object space 68608K, 1% used [0x0000000080000000,0x000000008010d840,0x0000000084300000)
 Metaspace       used 8205K, committed 8512K, reserved 1114112K
  class space    used 873K, committed 1024K, reserved 1048576K
}
Event: 3.454 GC heap before
{Heap before GC invocations=3 (full 0):
 PSYoungGen      total 29696K, used 29677K [0x00000000d5580000, 0x00000000d7680000, 0x0000000100000000)
  eden space 25600K, 100% used [0x00000000d5580000,0x00000000d6e80000,0x00000000d6e80000)
  from space 4096K, 99% used [0x00000000d7280000,0x00000000d767b6a8,0x00000000d7680000)
  to   space 4096K, 0% used [0x00000000d6e80000,0x00000000d6e80000,0x00000000d7280000)
 ParOldGen       total 68608K, used 1078K [0x0000000080000000, 0x0000000084300000, 0x00000000d5580000)
  object space 68608K, 1% used [0x0000000080000000,0x000000008010d840,0x0000000084300000)
 Metaspace       used 13031K, committed 13568K, reserved 1114112K
  class space    used 1383K, committed 1600K, reserved 1048576K
}
Event: 3.463 GC heap after
{Heap after GC invocations=3 (full 0):
 PSYoungGen      total 29696K, used 4066K [0x00000000d5580000, 0x00000000d7680000, 0x0000000100000000)
  eden space 25600K, 0% used [0x00000000d5580000,0x00000000d5580000,0x00000000d6e80000)
  from space 4096K, 99% used [0x00000000d6e80000,0x00000000d7278bc8,0x00000000d7280000)
  to   space 4096K, 0% used [0x00000000d7280000,0x00000000d7280000,0x00000000d7680000)
 ParOldGen       total 68608K, used 2786K [0x0000000080000000, 0x0000000084300000, 0x00000000d5580000)
  object space 68608K, 4% used [0x0000000080000000,0x00000000802b8a98,0x0000000084300000)
 Metaspace       used 13031K, committed 13568K, reserved 1114112K
  class space    used 1383K, committed 1600K, reserved 1048576K
}
Event: 4.030 GC heap before
{Heap before GC invocations=4 (full 0):
 PSYoungGen      total 29696K, used 29666K [0x00000000d5580000, 0x00000000d7680000, 0x0000000100000000)
  eden space 25600K, 100% used [0x00000000d5580000,0x00000000d6e80000,0x00000000d6e80000)
  from space 4096K, 99% used [0x00000000d6e80000,0x00000000d7278bc8,0x00000000d7280000)
  to   space 4096K, 0% used [0x00000000d7280000,0x00000000d7280000,0x00000000d7680000)
 ParOldGen       total 68608K, used 2786K [0x0000000080000000, 0x0000000084300000, 0x00000000d5580000)
  object space 68608K, 4% used [0x0000000080000000,0x00000000802b8a98,0x0000000084300000)
 Metaspace       used 15975K, committed 16640K, reserved 1114112K
  class space    used 1662K, committed 1920K, reserved 1048576K
}
Event: 4.035 GC heap after
{Heap after GC invocations=4 (full 0):
 PSYoungGen      total 29696K, used 4079K [0x00000000d5580000, 0x00000000d7680000, 0x0000000100000000)
  eden space 25600K, 0% used [0x00000000d5580000,0x00000000d5580000,0x00000000d6e80000)
  from space 4096K, 99% used [0x00000000d7280000,0x00000000d767bf40,0x00000000d7680000)
  to   space 4096K, 0% used [0x00000000d6e80000,0x00000000d6e80000,0x00000000d7280000)
 ParOldGen       total 68608K, used 5283K [0x0000000080000000, 0x0000000084300000, 0x00000000d5580000)
  object space 68608K, 7% used [0x0000000080000000,0x0000000080528d08,0x0000000084300000)
 Metaspace       used 15975K, committed 16640K, reserved 1114112K
  class space    used 1662K, committed 1920K, reserved 1048576K
}
Event: 4.429 GC heap before
{Heap before GC invocations=5 (full 0):
 PSYoungGen      total 29696K, used 29679K [0x00000000d5580000, 0x00000000d7680000, 0x0000000100000000)
  eden space 25600K, 100% used [0x00000000d5580000,0x00000000d6e80000,0x00000000d6e80000)
  from space 4096K, 99% used [0x00000000d7280000,0x00000000d767bf40,0x00000000d7680000)
  to   space 4096K, 0% used [0x00000000d6e80000,0x00000000d6e80000,0x00000000d7280000)
 ParOldGen       total 68608K, used 5283K [0x0000000080000000, 0x0000000084300000, 0x00000000d5580000)
  object space 68608K, 7% used [0x0000000080000000,0x0000000080528d08,0x0000000084300000)
 Metaspace       used 20209K, committed 20864K, reserved 1114112K
  class space    used 1975K, committed 2240K, reserved 1048576K
}
Event: 4.434 GC heap after
{Heap after GC invocations=5 (full 0):
 PSYoungGen      total 29184K, used 4091K [0x00000000d5580000, 0x00000000d7900000, 0x0000000100000000)
  eden space 25088K, 0% used [0x00000000d5580000,0x00000000d5580000,0x00000000d6e00000)
  from space 4096K, 99% used [0x00000000d6e80000,0x00000000d727ef00,0x00000000d7280000)
  to   space 5632K, 0% used [0x00000000d7380000,0x00000000d7380000,0x00000000d7900000)
 ParOldGen       total 68608K, used 5828K [0x0000000080000000, 0x0000000084300000, 0x00000000d5580000)
  object space 68608K, 8% used [0x0000000080000000,0x00000000805b1270,0x0000000084300000)
 Metaspace       used 20209K, committed 20864K, reserved 1114112K
  class space    used 1975K, committed 2240K, reserved 1048576K
}
Event: 4.652 GC heap before
{Heap before GC invocations=6 (full 0):
 PSYoungGen      total 29184K, used 23634K [0x00000000d5580000, 0x00000000d7900000, 0x0000000100000000)
  eden space 25088K, 77% used [0x00000000d5580000,0x00000000d6895b70,0x00000000d6e00000)
  from space 4096K, 99% used [0x00000000d6e80000,0x00000000d727ef00,0x00000000d7280000)
  to   space 5632K, 0% used [0x00000000d7380000,0x00000000d7380000,0x00000000d7900000)
 ParOldGen       total 68608K, used 5828K [0x0000000080000000, 0x0000000084300000, 0x00000000d5580000)
  object space 68608K, 8% used [0x0000000080000000,0x00000000805b1270,0x0000000084300000)
 Metaspace       used 20944K, committed 21504K, reserved 1114112K
  class space    used 2014K, committed 2304K, reserved 1048576K
}
Event: 4.658 GC heap after
{Heap after GC invocations=6 (full 0):
 PSYoungGen      total 30720K, used 5421K [0x00000000d5580000, 0x00000000d7900000, 0x0000000100000000)
  eden space 25088K, 0% used [0x00000000d5580000,0x00000000d5580000,0x00000000d6e00000)
  from space 5632K, 96% used [0x00000000d7380000,0x00000000d78cb680,0x00000000d7900000)
  to   space 5632K, 0% used [0x00000000d6e00000,0x00000000d6e00000,0x00000000d7380000)
 ParOldGen       total 68608K, used 6617K [0x0000000080000000, 0x0000000084300000, 0x00000000d5580000)
  object space 68608K, 9% used [0x0000000080000000,0x0000000080676780,0x0000000084300000)
 Metaspace       used 20944K, committed 21504K, reserved 1114112K
  class space    used 2014K, committed 2304K, reserved 1048576K
}
Event: 4.658 GC heap before
{Heap before GC invocations=7 (full 1):
 PSYoungGen      total 30720K, used 5421K [0x00000000d5580000, 0x00000000d7900000, 0x0000000100000000)
  eden space 25088K, 0% used [0x00000000d5580000,0x00000000d5580000,0x00000000d6e00000)
  from space 5632K, 96% used [0x00000000d7380000,0x00000000d78cb680,0x00000000d7900000)
  to   space 5632K, 0% used [0x00000000d6e00000,0x00000000d6e00000,0x00000000d7380000)
 ParOldGen       total 68608K, used 6617K [0x0000000080000000, 0x0000000084300000, 0x00000000d5580000)
  object space 68608K, 9% used [0x0000000080000000,0x0000000080676780,0x0000000084300000)
 Metaspace       used 20944K, committed 21504K, reserved 1114112K
  class space    used 2014K, committed 2304K, reserved 1048576K
}
Event: 4.692 GC heap after
{Heap after GC invocations=7 (full 1):
 PSYoungGen      total 30720K, used 0K [0x00000000d5580000, 0x00000000d7900000, 0x0000000100000000)
  eden space 25088K, 0% used [0x00000000d5580000,0x00000000d5580000,0x00000000d6e00000)
  from space 5632K, 0% used [0x00000000d7380000,0x00000000d7380000,0x00000000d7900000)
  to   space 5632K, 0% used [0x00000000d6e00000,0x00000000d6e00000,0x00000000d7380000)
 ParOldGen       total 68608K, used 10046K [0x0000000080000000, 0x0000000084300000, 0x00000000d5580000)
  object space 68608K, 14% used [0x0000000080000000,0x00000000809cfa98,0x0000000084300000)
 Metaspace       used 20931K, committed 21504K, reserved 1114112K
  class space    used 2011K, committed 2304K, reserved 1048576K
}

Dll operation events (9 events):
Event: 0.021 Loaded shared library c:\Users\Admin\.vscode\extensions\redhat.java-1.55.0-win32-x64\jre\21.0.11-win32-x86_64\bin\java.dll
Event: 0.144 Loaded shared library c:\Users\Admin\.vscode\extensions\redhat.java-1.55.0-win32-x64\jre\21.0.11-win32-x86_64\bin\zip.dll
Event: 0.186 Loaded shared library C:\Users\Admin\.vscode\extensions\redhat.java-1.55.0-win32-x64\jre\21.0.11-win32-x86_64\bin\instrument.dll
Event: 0.195 Loaded shared library C:\Users\Admin\.vscode\extensions\redhat.java-1.55.0-win32-x64\jre\21.0.11-win32-x86_64\bin\net.dll
Event: 0.198 Loaded shared library C:\Users\Admin\.vscode\extensions\redhat.java-1.55.0-win32-x64\jre\21.0.11-win32-x86_64\bin\nio.dll
Event: 0.206 Loaded shared library C:\Users\Admin\.vscode\extensions\redhat.java-1.55.0-win32-x64\jre\21.0.11-win32-x86_64\bin\zip.dll
Event: 0.246 Loaded shared library C:\Users\Admin\.vscode\extensions\redhat.java-1.55.0-win32-x64\jre\21.0.11-win32-x86_64\bin\jimage.dll
Event: 0.383 Loaded shared library c:\Users\Admin\.vscode\extensions\redhat.java-1.55.0-win32-x64\jre\21.0.11-win32-x86_64\bin\verify.dll
Event: 2.470 Loaded shared library C:\Users\Admin\AppData\Roaming\Code\User\globalStorage\redhat.java\1.55.0\config_ss_win\org.eclipse.equinox.launcher\org.eclipse.equinox.launcher.win32.win32.x86_64_1.3.100.v20260613-0559\eclipse_11924.dll

Deoptimization events (20 events):
Event: 4.793 Thread 0x000001ba72703290 DEOPT PACKING pc=0x000001ba237a4234 sp=0x0000006f324fde60
Event: 4.793 Thread 0x000001ba72703290 DEOPT UNPACKING pc=0x000001ba231b3aa2 sp=0x0000006f324fdd60 mode 2
Event: 4.818 Thread 0x000001ba72703290 DEOPT PACKING pc=0x000001ba1c141e21 sp=0x0000006f324fd9d0
Event: 4.818 Thread 0x000001ba72703290 DEOPT UNPACKING pc=0x000001ba231b4242 sp=0x0000006f324fce90 mode 0
Event: 4.824 Thread 0x000001ba72703290 Uncommon trap: trap_request=0xffffff45 fr.pc=0x000001ba237f6880 relative=0x00000000000003a0
Event: 4.824 Thread 0x000001ba72703290 Uncommon trap: reason=unstable_if action=reinterpret pc=0x000001ba237f6880 method=java.util.regex.Pattern$BmpCharPropertyGreedy.match(Ljava/util/regex/Matcher;ILjava/lang/CharSequence;)Z @ 12 c2
Event: 4.824 Thread 0x000001ba72703290 DEOPT PACKING pc=0x000001ba237f6880 sp=0x0000006f324fd910
Event: 4.824 Thread 0x000001ba72703290 DEOPT UNPACKING pc=0x000001ba231b3aa2 sp=0x0000006f324fd8a8 mode 2
Event: 5.043 Thread 0x000001ba72703290 Uncommon trap: trap_request=0xffffffde fr.pc=0x000001ba2380dfa8 relative=0x0000000000000708
Event: 5.043 Thread 0x000001ba72703290 Uncommon trap: reason=class_check action=maybe_recompile pc=0x000001ba2380dfa8 method=java.util.HashMap.putVal(ILjava/lang/Object;Ljava/lang/Object;ZZ)Ljava/lang/Object; @ 91 c2
Event: 5.043 Thread 0x000001ba72703290 DEOPT PACKING pc=0x000001ba2380dfa8 sp=0x0000006f324fdbe0
Event: 5.043 Thread 0x000001ba72703290 DEOPT UNPACKING pc=0x000001ba231b3aa2 sp=0x0000006f324fdae8 mode 2
Event: 5.043 Thread 0x000001ba72703290 Uncommon trap: trap_request=0xffffffde fr.pc=0x000001ba2380dfa8 relative=0x0000000000000708
Event: 5.043 Thread 0x000001ba72703290 Uncommon trap: reason=class_check action=maybe_recompile pc=0x000001ba2380dfa8 method=java.util.HashMap.putVal(ILjava/lang/Object;Ljava/lang/Object;ZZ)Ljava/lang/Object; @ 91 c2
Event: 5.043 Thread 0x000001ba72703290 DEOPT PACKING pc=0x000001ba2380dfa8 sp=0x0000006f324fdbe0
Event: 5.043 Thread 0x000001ba72703290 DEOPT UNPACKING pc=0x000001ba231b3aa2 sp=0x0000006f324fdae8 mode 2
Event: 5.056 Thread 0x000001ba72703290 Uncommon trap: trap_request=0xffffffcc fr.pc=0x000001ba23814cfc relative=0x000000000000033c
Event: 5.056 Thread 0x000001ba72703290 Uncommon trap: reason=intrinsic_or_type_checked_inlining action=make_not_entrant pc=0x000001ba23814cfc method=java.util.Arrays.copyOf([Ljava/lang/Object;ILjava/lang/Class;)[Ljava/lang/Object; @ 35 c2
Event: 5.056 Thread 0x000001ba72703290 DEOPT PACKING pc=0x000001ba23814cfc sp=0x0000006f324fe9a0
Event: 5.056 Thread 0x000001ba72703290 DEOPT UNPACKING pc=0x000001ba231b3aa2 sp=0x0000006f324fe930 mode 2

Classes loaded (20 events):
Event: 5.151 Loading class com/sun/org/apache/xml/internal/serializer/XMLEntities_en_US done
Event: 5.151 Loading class sun/util/ResourceBundleEnumeration
Event: 5.152 Loading class sun/util/ResourceBundleEnumeration done
Event: 5.152 Loading class com/sun/org/apache/xml/internal/serializer/CharInfo$CharKey
Event: 5.152 Loading class com/sun/org/apache/xml/internal/serializer/CharInfo$CharKey done
Event: 5.152 Loading class com/sun/org/apache/xml/internal/serializer/AttributesImplSerializer
Event: 5.152 Loading class org/xml/sax/helpers/AttributesImpl
Event: 5.153 Loading class org/xml/sax/helpers/AttributesImpl done
Event: 5.153 Loading class com/sun/org/apache/xml/internal/serializer/AttributesImplSerializer done
Event: 5.153 Loading class com/sun/org/apache/xml/internal/serializer/ElemContext
Event: 5.153 Loading class com/sun/org/apache/xml/internal/serializer/ElemContext done
Event: 5.153 Loading class com/sun/org/apache/xml/internal/serializer/ToStream$BoolStack
Event: 5.153 Loading class com/sun/org/apache/xml/internal/serializer/ToStream$BoolStack done
Event: 5.153 Loading class com/sun/org/apache/xml/internal/serializer/EncodingInfo
Event: 5.154 Loading class com/sun/org/apache/xml/internal/serializer/EncodingInfo done
Event: 5.154 Loading class com/sun/org/apache/xml/internal/serializer/ToStream$CharacterBuffer
Event: 5.154 Loading class com/sun/org/apache/xml/internal/serializer/ToStream$CharacterBuffer done
Event: 5.154 Loading class com/sun/org/apache/xml/internal/serializer/Encodings
Event: 6.169 Loading class com/sun/org/apache/xml/internal/serializer/Encodings done
Event: 6.184 Loading class com/sun/org/apache/xml/internal/serializer/Encodings$EncodingInfos

Classes unloaded (7 events):
Event: 4.664 Thread 0x000001ba18aee090 Unloading class 0x000001ba3118cc00 'java/lang/invoke/LambdaForm$MH+0x000001ba3118cc00'
Event: 4.664 Thread 0x000001ba18aee090 Unloading class 0x000001ba3118c800 'java/lang/invoke/LambdaForm$MH+0x000001ba3118c800'
Event: 4.664 Thread 0x000001ba18aee090 Unloading class 0x000001ba3118c400 'java/lang/invoke/LambdaForm$MH+0x000001ba3118c400'
Event: 4.664 Thread 0x000001ba18aee090 Unloading class 0x000001ba3118c000 'java/lang/invoke/LambdaForm$MH+0x000001ba3118c000'
Event: 4.664 Thread 0x000001ba18aee090 Unloading class 0x000001ba3118bc00 'java/lang/invoke/LambdaForm$BMH+0x000001ba3118bc00'
Event: 4.664 Thread 0x000001ba18aee090 Unloading class 0x000001ba3118b800 'java/lang/invoke/LambdaForm$DMH+0x000001ba3118b800'
Event: 4.664 Thread 0x000001ba18aee090 Unloading class 0x000001ba3118a400 'java/lang/invoke/LambdaForm$DMH+0x000001ba3118a400'

Classes redefined (0 events):
No events

Internal exceptions (20 events):
Event: 3.741 Thread 0x000001ba72703290 Exception <a 'java/lang/NoSuchMethodError'{0x00000000d5e35818}: 'int java.lang.invoke.DirectMethodHandle$Holder.invokeStaticInit(java.lang.Object, java.lang.Object, java.lang.Object)'> (0x00000000d5e35818) 
thrown [s\src\hotspot\share\interpreter\linkResolver.cpp, line 773]
Event: 3.762 Thread 0x000001ba72703290 Exception <a 'java/lang/IncompatibleClassChangeError'{0x00000000d5ed09c0}: Found class java.lang.Object, but interface was expected> (0x00000000d5ed09c0) 
thrown [s\src\hotspot\share\interpreter\linkResolver.cpp, line 840]
Event: 3.764 Thread 0x000001ba72703290 Exception <a 'java/lang/NoSuchMethodError'{0x00000000d5ed4570}: 'java.lang.Object java.lang.invoke.DirectMethodHandle$Holder.invokeSpecial(java.lang.Object, java.lang.Object, java.lang.Object, int, java.lang.Object, java.lang.Object)'> (0x00000000d5ed4570) 
thrown [s\src\hotspot\share\interpreter\linkResolver.cpp, line 773]
Event: 3.765 Thread 0x000001ba72703290 Exception <a 'java/lang/NoSuchMethodError'{0x00000000d5edc048}: 'java.lang.Object java.lang.invoke.DirectMethodHandle$Holder.newInvokeSpecial(java.lang.Object, java.lang.Object, java.lang.Object, int, java.lang.Object)'> (0x00000000d5edc048) 
thrown [s\src\hotspot\share\interpreter\linkResolver.cpp, line 773]
Event: 3.766 Thread 0x000001ba72703290 Exception <a 'java/lang/NoSuchMethodError'{0x00000000d5edffc8}: 'java.lang.Object java.lang.invoke.DirectMethodHandle$Holder.invokeSpecial(java.lang.Object, java.lang.Object, java.lang.Object, java.lang.Object, int, java.lang.Object)'> (0x00000000d5edffc8) 
thrown [s\src\hotspot\share\interpreter\linkResolver.cpp, line 773]
Event: 3.766 Thread 0x000001ba72703290 Exception <a 'java/lang/NoSuchMethodError'{0x00000000d5ee3b08}: 'java.lang.Object java.lang.invoke.Invokers$Holder.linkToTargetMethod(java.lang.Object, java.lang.Object, int, java.lang.Object, java.lang.Object)'> (0x00000000d5ee3b08) 
thrown [s\src\hotspot\share\interpreter\linkResolver.cpp, line 773]
Event: 3.768 Thread 0x000001ba77220750 Exception <a 'java/lang/NoSuchMethodError'{0x00000000d5dfa358}: 'java.lang.Object java.lang.invoke.DirectMethodHandle$Holder.invokeSpecial(java.lang.Object, java.lang.Object, int, java.lang.Object, java.lang.Object)'> (0x00000000d5dfa358) 
thrown [s\src\hotspot\share\interpreter\linkResolver.cpp, line 773]
Event: 3.769 Thread 0x000001ba77220750 Exception <a 'java/lang/NoSuchMethodError'{0x00000000d5e01090}: 'java.lang.Object java.lang.invoke.DirectMethodHandle$Holder.newInvokeSpecial(java.lang.Object, java.lang.Object, int, java.lang.Object)'> (0x00000000d5e01090) 
thrown [s\src\hotspot\share\interpreter\linkResolver.cpp, line 773]
Event: 3.770 Thread 0x000001ba77220750 Exception <a 'java/lang/NoSuchMethodError'{0x00000000d5e04970}: 'java.lang.Object java.lang.invoke.DirectMethodHandle$Holder.invokeSpecial(java.lang.Object, java.lang.Object, java.lang.Object, int, java.lang.Object)'> (0x00000000d5e04970) 
thrown [s\src\hotspot\share\interpreter\linkResolver.cpp, line 773]
Event: 3.803 Thread 0x000001ba72703290 Exception <a 'java/lang/NoSuchMethodError'{0x00000000d6034a40}: 'void java.lang.invoke.DirectMethodHandle$Holder.invokeSpecial(java.lang.Object, java.lang.Object, java.lang.Object, java.lang.Object, java.lang.Object)'> (0x00000000d6034a40) 
thrown [s\src\hotspot\share\interpreter\linkResolver.cpp, line 773]
Event: 3.856 Thread 0x000001ba72703290 Exception <a 'java/lang/NoSuchMethodError'{0x00000000d6245778}: 'double java.lang.invoke.DirectMethodHandle$Holder.invokeStatic(java.lang.Object, java.lang.Object)'> (0x00000000d6245778) 
thrown [s\src\hotspot\share\interpreter\linkResolver.cpp, line 773]
Event: 3.857 Thread 0x000001ba72703290 Exception <a 'java/lang/NoSuchMethodError'{0x00000000d6248e38}: 'double java.lang.invoke.DirectMethodHandle$Holder.invokeStaticInit(java.lang.Object, java.lang.Object)'> (0x00000000d6248e38) 
thrown [s\src\hotspot\share\interpreter\linkResolver.cpp, line 773]
Event: 4.321 Thread 0x000001ba72703290 Implicit null exception at 0x000001ba237ffc75 to 0x000001ba237ffd50
Event: 4.480 Thread 0x000001ba72703290 Exception <a 'java/io/FileNotFoundException'{0x00000000d6136e10}> (0x00000000d6136e10) 
thrown [s\src\hotspot\share\prims\jni.cpp, line 520]
Event: 4.480 Thread 0x000001ba72703290 Exception <a 'java/io/FileNotFoundException'{0x00000000d6137e10}> (0x00000000d6137e10) 
thrown [s\src\hotspot\share\prims\jni.cpp, line 520]
Event: 4.727 Thread 0x000001ba72703290 Exception <a 'java/lang/NoSuchMethodError'{0x00000000d56aaf10}: 'java.lang.Object java.lang.invoke.DirectMethodHandle$Holder.newInvokeSpecial(java.lang.Object, int, java.lang.Object, java.lang.Object)'> (0x00000000d56aaf10) 
thrown [s\src\hotspot\share\interpreter\linkResolver.cpp, line 773]
Event: 4.810 Thread 0x000001ba72703290 Exception <a 'sun/nio/fs/WindowsException'{0x00000000d589b3d8}> (0x00000000d589b3d8) 
thrown [s\src\hotspot\share\prims\jni.cpp, line 520]
Event: 4.898 Thread 0x000001ba72703290 Exception <a 'java/lang/NoSuchMethodError'{0x00000000d5b8fc30}: 'java.lang.Object java.lang.invoke.DirectMethodHandle$Holder.invokeStaticInit(java.lang.Object, int, int, int, int)'> (0x00000000d5b8fc30) 
thrown [s\src\hotspot\share\interpreter\linkResolver.cpp, line 773]
Event: 4.945 Thread 0x000001ba72703290 Exception <a 'java/lang/NoSuchMethodError'{0x00000000d5cd5ee0}: 'java.lang.Object java.lang.invoke.DirectMethodHandle$Holder.invokeStaticInit(java.lang.Object, java.lang.Object, int, int, int, int)'> (0x00000000d5cd5ee0) 
thrown [s\src\hotspot\share\interpreter\linkResolver.cpp, line 773]
Event: 5.147 Thread 0x000001ba72703290 Exception <a 'java/lang/ClassNotFoundException'{0x00000000d6183988}: com/sun/org/apache/xml/internal/serializer/spi/XMLEntitiesProvider> (0x00000000d6183988) 
thrown [s\src\hotspot\share\classfile\systemDictionary.cpp, line 313]

ZGC Phase Switch (0 events):
No events

VM Operations (20 events):
Event: 3.555 Executing non-safepoint VM operation: HandshakeAllThreads (Deoptimize)
Event: 3.555 Executing non-safepoint VM operation: HandshakeAllThreads (Deoptimize) done
Event: 3.562 Executing non-safepoint VM operation: HandshakeAllThreads (Deoptimize)
Event: 3.562 Executing non-safepoint VM operation: HandshakeAllThreads (Deoptimize) done
Event: 3.588 Executing non-safepoint VM operation: HandshakeAllThreads (Deoptimize)
Event: 3.588 Executing non-safepoint VM operation: HandshakeAllThreads (Deoptimize) done
Event: 4.030 Executing safepoint VM operation: ParallelGCFailedAllocation (Allocation Failure)
Event: 4.035 Executing safepoint VM operation: ParallelGCFailedAllocation (Allocation Failure) done
Event: 4.429 Executing safepoint VM operation: ParallelGCFailedAllocation (Allocation Failure)
Event: 4.434 Executing safepoint VM operation: ParallelGCFailedAllocation (Allocation Failure) done
Event: 4.652 Executing safepoint VM operation: CollectForMetadataAllocation (Metadata GC Threshold)
Event: 4.692 Executing safepoint VM operation: CollectForMetadataAllocation (Metadata GC Threshold) done
Event: 4.791 Executing non-safepoint VM operation: HandshakeAllThreads (Deoptimize)
Event: 4.792 Executing non-safepoint VM operation: HandshakeAllThreads (Deoptimize) done
Event: 4.884 Executing non-safepoint VM operation: HandshakeAllThreads (Deoptimize)
Event: 4.884 Executing non-safepoint VM operation: HandshakeAllThreads (Deoptimize) done
Event: 4.951 Executing non-safepoint VM operation: HandshakeAllThreads (Deoptimize)
Event: 4.951 Executing non-safepoint VM operation: HandshakeAllThreads (Deoptimize) done
Event: 5.959 Executing safepoint VM operation: Cleanup
Event: 6.184 Executing safepoint VM operation: Cleanup done

Memory protections (0 events):
No events

Nmethod flushes (0 events):
No events

Events (20 events):
Event: 0.165 Thread 0x000001ba72355670 Thread added: 0x000001ba7255c8f0
Event: 0.190 Thread 0x000001ba18a2c420 Thread added: 0x000001ba725966c0
Event: 0.570 Thread 0x000001ba18a2c420 Thread added: 0x000001ba7269c2d0
Event: 0.860 Thread 0x000001ba72355670 Thread added: 0x000001ba726e8cb0
Event: 1.474 Thread 0x000001ba726e8cb0 Thread exited: 0x000001ba726e8cb0
Event: 1.475 Thread 0x000001ba7255c8f0 Thread exited: 0x000001ba7255c8f0
Event: 1.736 Thread 0x000001ba72355670 Thread added: 0x000001ba72c8e170
Event: 2.089 Thread 0x000001ba18a2c420 Thread added: 0x000001ba72e22580
Event: 2.451 Thread 0x000001ba18a2c420 Thread added: 0x000001ba72f2e790
Event: 2.460 Thread 0x000001ba18a2c420 Thread added: 0x000001ba72703290
Event: 2.553 Thread 0x000001ba72703290 Thread added: 0x000001ba770a1290
Event: 2.555 Thread 0x000001ba72c8e170 Thread exited: 0x000001ba72c8e170
Event: 2.921 Thread 0x000001ba72355670 Thread added: 0x000001ba72af6080
Event: 3.263 Thread 0x000001ba72703290 Thread added: 0x000001ba773dbd60
Event: 3.306 Thread 0x000001ba72af6080 Thread exited: 0x000001ba72af6080
Event: 3.731 Thread 0x000001ba72703290 Thread added: 0x000001ba77220750
Event: 3.769 Thread 0x000001ba72703290 Thread added: 0x000001ba77534200
Event: 4.645 Thread 0x000001ba72703290 Thread added: 0x000001ba775afdf0
Event: 4.715 Thread 0x000001ba72355670 Thread added: 0x000001ba7797ea70
Event: 4.857 Thread 0x000001ba775afdf0 Thread exited: 0x000001ba775afdf0


Dynamic libraries:
0x00007ff7ed2d0000 - 0x00007ff7ed2de000 	c:\Users\Admin\.vscode\extensions\redhat.java-1.55.0-win32-x64\jre\21.0.11-win32-x86_64\bin\java.exe
0x00007ffd31ad0000 - 0x00007ffd31d25000 	C:\Windows\SYSTEM32\ntdll.dll
0x00007ffd30150000 - 0x00007ffd30217000 	C:\Windows\System32\KERNEL32.DLL
0x00007ffd2f5e0000 - 0x00007ffd2f980000 	C:\Windows\System32\KERNELBASE.dll
0x00007ffd2f490000 - 0x00007ffd2f5da000 	C:\Windows\System32\ucrtbase.dll
0x00007ffd054d0000 - 0x00007ffd054ee000 	c:\Users\Admin\.vscode\extensions\redhat.java-1.55.0-win32-x64\jre\21.0.11-win32-x86_64\bin\VCRUNTIME140.dll
0x00007ffd07790000 - 0x00007ffd077a8000 	c:\Users\Admin\.vscode\extensions\redhat.java-1.55.0-win32-x64\jre\21.0.11-win32-x86_64\bin\jli.dll
0x00007ffd305f0000 - 0x00007ffd307af000 	C:\Windows\System32\USER32.dll
0x00007ffd1f920000 - 0x00007ffd1fbb0000 	C:\Windows\WinSxS\amd64_microsoft.windows.common-controls_6595b64144ccf1df_6.0.26100.1_none_fc2d3fda0fd46076\COMCTL32.dll
0x00007ffd2efc0000 - 0x00007ffd2efe7000 	C:\Windows\System32\win32u.dll
0x00007ffd2f990000 - 0x00007ffd2fa39000 	C:\Windows\System32\msvcrt.dll
0x00007ffd307c0000 - 0x00007ffd307ea000 	C:\Windows\System32\GDI32.dll
0x00007ffd2f170000 - 0x00007ffd2f291000 	C:\Windows\System32\gdi32full.dll
0x00007ffd2f2a0000 - 0x00007ffd2f343000 	C:\Windows\System32\msvcp_win.dll
0x00007ffd30300000 - 0x00007ffd3032f000 	C:\Windows\System32\IMM32.DLL
0x00007ffd142b0000 - 0x00007ffd142bc000 	c:\Users\Admin\.vscode\extensions\redhat.java-1.55.0-win32-x64\jre\21.0.11-win32-x86_64\bin\vcruntime140_1.dll
0x00007ffcf1410000 - 0x00007ffcf149d000 	c:\Users\Admin\.vscode\extensions\redhat.java-1.55.0-win32-x64\jre\21.0.11-win32-x86_64\bin\msvcp140.dll
0x00007ffc94950000 - 0x00007ffc956f2000 	c:\Users\Admin\.vscode\extensions\redhat.java-1.55.0-win32-x64\jre\21.0.11-win32-x86_64\bin\server\jvm.dll
0x00007ffd30530000 - 0x00007ffd305e2000 	C:\Windows\System32\ADVAPI32.dll
0x00007ffd307f0000 - 0x00007ffd30896000 	C:\Windows\System32\sechost.dll
0x00007ffd316c0000 - 0x00007ffd317d9000 	C:\Windows\System32\RPCRT4.dll
0x00007ffd31990000 - 0x00007ffd31a04000 	C:\Windows\System32\WS2_32.dll
0x00007ffd2edc0000 - 0x00007ffd2ee0e000 	C:\Windows\SYSTEM32\POWRPROF.dll
0x00007ffd268e0000 - 0x00007ffd26916000 	C:\Windows\SYSTEM32\WINMM.dll
0x00007ffd277e0000 - 0x00007ffd277eb000 	C:\Windows\SYSTEM32\VERSION.dll
0x00007ffd2eda0000 - 0x00007ffd2edb4000 	C:\Windows\SYSTEM32\UMPDC.dll
0x00007ffd2de70000 - 0x00007ffd2de8a000 	C:\Windows\SYSTEM32\kernel.appcore.dll
0x00007ffd141f0000 - 0x00007ffd141fa000 	c:\Users\Admin\.vscode\extensions\redhat.java-1.55.0-win32-x64\jre\21.0.11-win32-x86_64\bin\jimage.dll
0x00007ffd26ac0000 - 0x00007ffd26d01000 	C:\Windows\SYSTEM32\DBGHELP.DLL
0x00007ffd30bc0000 - 0x00007ffd30f35000 	C:\Windows\System32\combase.dll
0x00007ffd30220000 - 0x00007ffd302f6000 	C:\Windows\System32\OLEAUT32.dll
0x00007ffd152f0000 - 0x00007ffd15329000 	C:\Windows\SYSTEM32\dbgcore.DLL
0x00007ffd2ef20000 - 0x00007ffd2efb9000 	C:\Windows\System32\bcryptPrimitives.dll
0x00007ffd0d4c0000 - 0x00007ffd0d4cf000 	c:\Users\Admin\.vscode\extensions\redhat.java-1.55.0-win32-x64\jre\21.0.11-win32-x86_64\bin\instrument.dll
0x00007ffd054b0000 - 0x00007ffd054d0000 	c:\Users\Admin\.vscode\extensions\redhat.java-1.55.0-win32-x64\jre\21.0.11-win32-x86_64\bin\java.dll
0x00007ffd30f40000 - 0x00007ffd31626000 	C:\Windows\System32\SHELL32.dll
0x00007ffd2cda0000 - 0x00007ffd2d5cb000 	C:\Windows\SYSTEM32\windows.storage.dll
0x00007ffd308a0000 - 0x00007ffd30973000 	C:\Windows\System32\SHCORE.dll
0x00007ffd300f0000 - 0x00007ffd3014d000 	C:\Windows\System32\shlwapi.dll
0x00007ffd2ee40000 - 0x00007ffd2ee64000 	C:\Windows\SYSTEM32\profapi.dll
0x00007ffd16740000 - 0x00007ffd16758000 	c:\Users\Admin\.vscode\extensions\redhat.java-1.55.0-win32-x64\jre\21.0.11-win32-x86_64\bin\zip.dll
0x00007ffd17450000 - 0x00007ffd17460000 	C:\Users\Admin\.vscode\extensions\redhat.java-1.55.0-win32-x64\jre\21.0.11-win32-x86_64\bin\net.dll
0x00007ffd28e90000 - 0x00007ffd28fad000 	C:\Windows\SYSTEM32\WINHTTP.dll
0x00007ffd2e330000 - 0x00007ffd2e398000 	C:\Windows\system32\mswsock.dll
0x00007ffd14500000 - 0x00007ffd14516000 	C:\Users\Admin\.vscode\extensions\redhat.java-1.55.0-win32-x64\jre\21.0.11-win32-x86_64\bin\nio.dll
0x00007ffd0ade0000 - 0x00007ffd0adf0000 	c:\Users\Admin\.vscode\extensions\redhat.java-1.55.0-win32-x64\jre\21.0.11-win32-x86_64\bin\verify.dll
0x00007ffcd54d0000 - 0x00007ffcd5515000 	C:\Users\Admin\AppData\Roaming\Code\User\globalStorage\redhat.java\1.55.0\config_ss_win\org.eclipse.equinox.launcher\org.eclipse.equinox.launcher.win32.win32.x86_64_1.3.100.v20260613-0559\eclipse_11924.dll
0x00007ffd2ff50000 - 0x00007ffd300e5000 	C:\Windows\System32\ole32.dll
0x00007ffd2e5b0000 - 0x00007ffd2e5cc000 	C:\Windows\SYSTEM32\CRYPTSP.dll
0x00007ffd2ddd0000 - 0x00007ffd2de08000 	C:\Windows\system32\rsaenh.dll
0x00007ffd2e3d0000 - 0x00007ffd2e3fb000 	C:\Windows\SYSTEM32\USERENV.dll
0x00007ffd2e7f0000 - 0x00007ffd2e816000 	C:\Windows\SYSTEM32\bcrypt.dll
0x00007ffd2e5d0000 - 0x00007ffd2e5dc000 	C:\Windows\SYSTEM32\CRYPTBASE.dll
0x00007ffd2d860000 - 0x00007ffd2d890000 	C:\Windows\SYSTEM32\IPHLPAPI.DLL
0x00007ffd30980000 - 0x00007ffd3098a000 	C:\Windows\System32\NSI.dll

JVMTI agents:
c:\Users\Admin\.vscode\extensions\redhat.java-1.55.0-win32-x64\lombok\lombok-1.18.39-4050.jar path:c:\Users\Admin\.vscode\extensions\redhat.java-1.55.0-win32-x64\jre\21.0.11-win32-x86_64\bin\instrument.dll, loaded, initialized, instrumentlib options:none

dbghelp: loaded successfully - version: 4.0.5 - missing functions: none
symbol engine: initialized successfully - sym options: 0x614 - pdb path: .;c:\Users\Admin\.vscode\extensions\redhat.java-1.55.0-win32-x64\jre\21.0.11-win32-x86_64\bin;C:\Windows\SYSTEM32;C:\Windows\WinSxS\amd64_microsoft.windows.common-controls_6595b64144ccf1df_6.0.26100.1_none_fc2d3fda0fd46076;c:\Users\Admin\.vscode\extensions\redhat.java-1.55.0-win32-x64\jre\21.0.11-win32-x86_64\bin\server;C:\Users\Admin\AppData\Roaming\Code\User\globalStorage\redhat.java\1.55.0\config_ss_win\org.eclipse.equinox.launcher\org.eclipse.equinox.launcher.win32.win32.x86_64_1.3.100.v20260613-0559

VM Arguments:
jvm_args: --add-modules=ALL-SYSTEM --add-opens=java.base/java.util=ALL-UNNAMED --add-opens=java.base/java.lang=ALL-UNNAMED --add-opens=java.base/sun.nio.fs=ALL-UNNAMED -Declipse.application=org.eclipse.jdt.ls.core.id1 -Dosgi.bundles.defaultStartLevel=4 -Declipse.product=org.eclipse.jdt.ls.core.product -Djava.import.generatesMetadataFilesAtProjectRoot=false -DDetectVMInstallationsJob.disabled=true -Dfile.encoding=utf8 -XX:+UseParallelGC -XX:GCTimeRatio=4 -XX:AdaptiveSizePolicyWeight=90 -Dsun.zip.disableMemoryMapping=true -Xmx2G -Xms100m -Xlog:disable -javaagent:c:\Users\Admin\.vscode\extensions\redhat.java-1.55.0-win32-x64\lombok\lombok-1.18.39-4050.jar 
java_command: c:\Users\Admin\.vscode\extensions\redhat.java-1.55.0-win32-x64\server\plugins\org.eclipse.equinox.launcher_1.7.200.v20260619-2039.jar -configuration c:\Users\Admin\AppData\Roaming\Code\User\globalStorage\redhat.java\1.55.0\config_ss_win -data c:\Users\Admin\AppData\Roaming\Code\User\workspaceStorage\801ed1664cc344b479297c66898efbba\redhat.java\ss_ws --pipe=\\.\pipe\lsp-59bdadc0a27ee927f746b4941e2302ed-sock
java_class_path (initial): c:\Users\Admin\.vscode\extensions\redhat.java-1.55.0-win32-x64\server\plugins\org.eclipse.equinox.launcher_1.7.200.v20260619-2039.jar
Launcher Type: SUN_STANDARD

[Global flags]
    uintx AdaptiveSizePolicyWeight                 = 90                                        {product} {command line}
     intx CICompilerCount                          = 4                                         {product} {ergonomic}
    uintx GCTimeRatio                              = 4                                         {product} {command line}
   size_t InitialHeapSize                          = 104857600                                 {product} {command line}
   size_t MaxHeapSize                              = 2147483648                                {product} {command line}
   size_t MaxNewSize                               = 715653120                                 {product} {ergonomic}
   size_t MinHeapDeltaBytes                        = 524288                                    {product} {ergonomic}
   size_t MinHeapSize                              = 104857600                                 {product} {command line}
   size_t NewSize                                  = 34603008                                  {product} {ergonomic}
    uintx NonNMethodCodeHeapSize                   = 5839372                                {pd product} {ergonomic}
    uintx NonProfiledCodeHeapSize                  = 122909434                              {pd product} {ergonomic}
   size_t OldSize                                  = 70254592                                  {product} {ergonomic}
    uintx ProfiledCodeHeapSize                     = 122909434                              {pd product} {ergonomic}
    uintx ReservedCodeCacheSize                    = 251658240                              {pd product} {ergonomic}
     bool SegmentedCodeCache                       = true                                      {product} {ergonomic}
   size_t SoftMaxHeapSize                          = 2147483648                             {manageable} {ergonomic}
     bool UseCompressedOops                        = true                           {product lp64_product} {ergonomic}
     bool UseLargePagesIndividualAllocation        = false                                  {pd product} {ergonomic}
     bool UseParallelGC                            = true                                      {product} {command line}

Logging:
Log output configuration:
 #0: stdout all=off uptime,level,tags foldmultilines=false
 #1: stderr all=off uptime,level,tags foldmultilines=false

Release file:
JAVA_VERSION="21.0.11" 
MODULES="java.base java.compiler java.datatransfer java.xml java.prefs java.desktop java.instrument java.logging java.management java.security.sasl java.naming java.rmi java.management.rmi java.net.http java.scripting java.security.jgss java.transaction.xa java.sql java.sql.rowset java.xml.crypto java.se java.smartcardio jdk.accessibility jdk.internal.jvmstat jdk.attach jdk.charsets jdk.internal.opt jdk.zipfs jdk.compiler jdk.crypto.ec jdk.crypto.cryptoki jdk.crypto.mscapi jdk.dynalink jdk.internal.ed jdk.editpad jdk.hotspot.agent jdk.httpserver jdk.internal.le jdk.internal.vm.ci jdk.internal.vm.compiler jdk.internal.vm.compiler.management jdk.jartool jdk.javadoc jdk.jcmd jdk.management jdk.management.agent jdk.jconsole jdk.jdeps jdk.jdwp.agent jdk.jdi jdk.jfr jdk.jshell jdk.jsobject jdk.jstatd jdk.localedata jdk.management.jfr jdk.naming.dns jdk.naming.rmi jdk.net jdk.nio.mapmode jdk.random jdk.sctp jdk.security.auth jdk.security.jgss jdk.unsupported jdk.unsupported.desktop jdk.xml.dom" 

Environment Variables:
JAVA_HOME=C:\Program Files\Java\jdk-17
PATH=C:\Program Files\Python314\Scripts\;C:\Program Files\Python314\;C:\Windows\system32;C:\Windows;C:\Windows\System32\Wbem;C:\Windows\System32\WindowsPowerShell\v1.0\;C:\Windows\System32\OpenSSH\;C:\Program Files\Git\cmd;C:\Program Files\dotnet\;%ANDROID_HOME%\platform-tools;%ANDROID_HOME%\cmdline-tools\latest\bin;%ANDROID_HOME%\emulator;%JAVA_HOME%\bin;C:\Program Files\nodejs\;C:\Users\Admin\AppData\Local\Microsoft\WindowsApps;C:\flutter\bin;C:\Users\Admin\.dotnet\tools;C:\Users\Admin\AppData\Local\Android\Sdk\platform-tools;C:\Users\Admin\AppData\Local\Programs\Microsoft VS Code\bin;C:\Users\Admin\AppData\Roaming\npm
USERNAME=Admin
OS=Windows_NT
PROCESSOR_IDENTIFIER=AMD64 Family 23 Model 96 Stepping 1, AuthenticAMD
TMP=C:\Users\Admin\AppData\Local\Temp
TEMP=C:\Users\Admin\AppData\Local\Temp




Periodic native trim disabled

---------------  S Y S T E M  ---------------

OS:
 Windows 11 , 64 bit Build 26100 (10.0.26100.1)
OS uptime: 0 days 1:03 hours

CPU: total 12 (initial active 12) (12 cores per cpu, 2 threads per core) family 23 model 96 stepping 1 microcode 0x8600106, cx8, cmov, fxsr, ht, mmx, 3dnowpref, sse, sse2, sse3, ssse3, sse4a, sse4.1, sse4.2, popcnt, lzcnt, tsc, tscinvbit, avx, avx2, aes, clmul, bmi1, bmi2, adx, sha, fma, vzeroupper, clflush, clflushopt, rdtscp, rdpid, f16c
Processor Information for the first 12 processors :
  Max Mhz: 3001, Current Mhz: 2011, Mhz Limit: 3001

Memory: 4k page, system-wide physical 7598M (942M free)
TotalPageFile size 13742M (AvailPageFile size 6M)
current process WorkingSet (physical memory assigned to process): 152M, peak: 153M
current process commit charge ("private bytes"): 294M, peak: 294M

vm_info: OpenJDK 64-Bit Server VM (21.0.11+10-LTS) for windows-amd64 JRE (21.0.11+10-LTS), built on 2026-04-21T00:00:00Z by "admin" with MS VC++ 17.12 (VS2022)

END.
