#
# There is insufficient memory for the Java Runtime Environment to continue.
# Native memory allocation (malloc) failed to allocate 2052704 bytes. Error detail: Chunk::new
# Possible reasons:
#   The system is out of physical RAM or swap space
#   This process is running with CompressedOops enabled, and the Java Heap may be blocking the growth of the native heap
# Possible solutions:
#   Reduce memory load on the system
#   Increase physical memory or swap space
#   Check if swap backing store is full
#   Decrease Java heap size (-Xmx/-Xms)
#   Decrease number of Java threads
#   Decrease Java thread stack sizes (-Xss)
#   Set larger code cache with -XX:ReservedCodeCacheSize=
#   JVM is running with Unscaled Compressed Oops mode in which the Java heap is
#     placed in the first 4GB address space. The Java Heap base address is the
#     maximum limit for the native heap growth. Please use -XX:HeapBaseMinAddress
#     to set the Java Heap base and to place the Java Heap above 4GB virtual address.
# This output file may be truncated or incomplete.
#
#  Out of Memory Error (arena.cpp:168), pid=31476, tid=17264
#
# JRE version: OpenJDK Runtime Environment Temurin-21.0.11+10 (21.0.11+10) (build 21.0.11+10-LTS)
# Java VM: OpenJDK 64-Bit Server VM Temurin-21.0.11+10 (21.0.11+10-LTS, mixed mode, sharing, tiered, compressed oops, compressed class ptrs, parallel gc, windows-amd64)
# No core dump will be written. Minidumps are not enabled by default on client versions of Windows
#

---------------  S U M M A R Y ------------

Command Line: --add-modules=ALL-SYSTEM --add-opens=java.base/java.util=ALL-UNNAMED --add-opens=java.base/java.lang=ALL-UNNAMED --add-opens=java.base/sun.nio.fs=ALL-UNNAMED -Declipse.application=org.eclipse.jdt.ls.core.id1 -Dosgi.bundles.defaultStartLevel=4 -Declipse.product=org.eclipse.jdt.ls.core.product -Djava.import.generatesMetadataFilesAtProjectRoot=false -DDetectVMInstallationsJob.disabled=true -Dfile.encoding=utf8 -XX:+UseParallelGC -XX:GCTimeRatio=4 -XX:AdaptiveSizePolicyWeight=90 -Dsun.zip.disableMemoryMapping=true -Xmx2G -Xms100m -Xlog:disable -javaagent:c:\Users\Admin\.vscode\extensions\redhat.java-1.55.0-win32-x64\lombok\lombok-1.18.39-4050.jar -XX:+HeapDumpOnOutOfMemoryError -XX:HeapDumpPath=c:\Users\Admin\AppData\Roaming\Code\User\workspaceStorage\801ed1664cc344b479297c66898efbba\redhat.java -Daether.dependencyCollector.impl=bf c:\Users\Admin\.vscode\extensions\redhat.java-1.55.0-win32-x64\server\plugins\org.eclipse.equinox.launcher_1.7.200.v20260619-2039.jar -configuration c:\Users\Admin\AppData\Roaming\Code\User\globalStorage\redhat.java\1.55.0\config_win -data c:\Users\Admin\AppData\Roaming\Code\User\workspaceStorage\801ed1664cc344b479297c66898efbba\redhat.java\jdt_ws --pipe=\\.\pipe\lsp-1264d2e9a21a38318de8c62b1667bd75-sock

Host: AMD Ryzen 5 4600H with Radeon Graphics         , 12 cores, 7G,  Windows 11 , 64 bit Build 26100 (10.0.26100.1)
Time: Mon Jul  6 09:16:42 2026 Malay Peninsula Standard Time elapsed time: 17.960738 seconds (0d 0h 0m 17s)

---------------  T H R E A D  ---------------

Current thread (0x000001c92447deb0):  JavaThread "C2 CompilerThread0" daemon [_thread_in_native, id=17264, stack(0x000000951df00000,0x000000951e000000) (1024K)]


Current CompileTask:
C2:17960 3749       4       org.lombokweb.asm.ClassReader::readMethod (1070 bytes)

Stack: [0x000000951df00000,0x000000951e000000]
Native frames: (J=compiled Java code, j=interpreted, Vv=VM code, C=native code)
V  [jvm.dll+0x6d7e19]
V  [jvm.dll+0x8b5096]
V  [jvm.dll+0x8b764e]
V  [jvm.dll+0x8b7d33]
V  [jvm.dll+0x284596]
V  [jvm.dll+0xc685d]
V  [jvm.dll+0xc6da1]
V  [jvm.dll+0x3bed6b]
V  [jvm.dll+0x1e4149]
V  [jvm.dll+0x24c853]
V  [jvm.dll+0x24bce0]
V  [jvm.dll+0x1cb4ae]
V  [jvm.dll+0x25baad]
V  [jvm.dll+0x25a03a]
V  [jvm.dll+0x3f868e]
V  [jvm.dll+0x85fb0d]
V  [jvm.dll+0x6d664d]
C  [ucrtbase.dll+0x43340]
C  [KERNEL32.DLL+0x31fd7]
C  [ntdll.dll+0x6d7d0]


---------------  P R O C E S S  ---------------

Threads class SMR info:
_java_thread_list=0x000001c97ec7c490, length=25, elements={
0x000001c9243cc420, 0x000001c92437cf70, 0x000001c924470560, 0x000001c924472f90,
0x000001c924473bf0, 0x000001c924476660, 0x000001c92447a670, 0x000001c92447deb0,
0x000001c924481c40, 0x000001c97d332bc0, 0x000001c97d4ab930, 0x000001c97e53d810,
0x000001c97e5332e0, 0x000001c97e5c8480, 0x000001c97eb05540, 0x000001c97f10cd70,
0x000001c97f528880, 0x000001c97e6bc010, 0x000001c97e7f0bd0, 0x000001c97e7ef820,
0x000001c97e7efeb0, 0x000001c9043d7b30, 0x000001c97e7ed750, 0x000001c97e445560,
0x000001c97e7edde0
}

Java Threads: ( => current thread )
  0x000001c9243cc420 JavaThread "main"                              [_thread_blocked, id=31512, stack(0x000000951d500000,0x000000951d600000) (1024K)]
  0x000001c92437cf70 JavaThread "Reference Handler"          daemon [_thread_blocked, id=5492, stack(0x000000951d900000,0x000000951da00000) (1024K)]
  0x000001c924470560 JavaThread "Finalizer"                  daemon [_thread_blocked, id=30412, stack(0x000000951da00000,0x000000951db00000) (1024K)]
  0x000001c924472f90 JavaThread "Signal Dispatcher"          daemon [_thread_blocked, id=29752, stack(0x000000951db00000,0x000000951dc00000) (1024K)]
  0x000001c924473bf0 JavaThread "Attach Listener"            daemon [_thread_blocked, id=31704, stack(0x000000951dc00000,0x000000951dd00000) (1024K)]
  0x000001c924476660 JavaThread "Service Thread"             daemon [_thread_blocked, id=13484, stack(0x000000951dd00000,0x000000951de00000) (1024K)]
  0x000001c92447a670 JavaThread "Monitor Deflation Thread"   daemon [_thread_blocked, id=24468, stack(0x000000951de00000,0x000000951df00000) (1024K)]
=>0x000001c92447deb0 JavaThread "C2 CompilerThread0"         daemon [_thread_in_native, id=17264, stack(0x000000951df00000,0x000000951e000000) (1024K)]
  0x000001c924481c40 JavaThread "C1 CompilerThread0"         daemon [_thread_in_native, id=29376, stack(0x000000951e000000,0x000000951e100000) (1024K)]
  0x000001c97d332bc0 JavaThread "Common-Cleaner"             daemon [_thread_blocked, id=3844, stack(0x000000951e100000,0x000000951e200000) (1024K)]
  0x000001c97d4ab930 JavaThread "Notification Thread"        daemon [_thread_blocked, id=26164, stack(0x000000951e200000,0x000000951e300000) (1024K)]
  0x000001c97e53d810 JavaThread "Active Thread: Equinox Container: f80fadc9-8d52-46df-8a8e-c7412401b7cd"        [_thread_blocked, id=32504, stack(0x000000951e900000,0x000000951ea00000) (1024K)]
  0x000001c97e5332e0 JavaThread "Refresh Thread: Equinox Container: f80fadc9-8d52-46df-8a8e-c7412401b7cd" daemon [_thread_blocked, id=32760, stack(0x000000951ec00000,0x000000951ed00000) (1024K)]
  0x000001c97e5c8480 JavaThread "Framework Event Dispatcher: Equinox Container: f80fadc9-8d52-46df-8a8e-c7412401b7cd" daemon [_thread_blocked, id=10628, stack(0x000000951ed00000,0x000000951ee00000) (1024K)]
  0x000001c97eb05540 JavaThread "Start Level: Equinox Container: f80fadc9-8d52-46df-8a8e-c7412401b7cd" daemon [_thread_in_vm, id=8856, stack(0x000000951ee00000,0x000000951ef00000) (1024K)]
  0x000001c97f10cd70 JavaThread "Bundle File Closer"         daemon [_thread_blocked, id=31200, stack(0x000000951f100000,0x000000951f200000) (1024K)]
  0x000001c97f528880 JavaThread "SCR Component Actor"        daemon [_thread_blocked, id=31928, stack(0x000000951ea00000,0x000000951eb00000) (1024K)]
  0x000001c97e6bc010 JavaThread "Worker-JM"                         [_thread_blocked, id=32064, stack(0x000000951f200000,0x000000951f300000) (1024K)]
  0x000001c97e7f0bd0 JavaThread "Worker-0: Updating Maven Dependencies"        [_thread_in_native, id=32060, stack(0x000000951f300000,0x000000951f400000) (1024K)]
  0x000001c97e7ef820 JavaThread "Worker-1: Repository registry initialization"        [_thread_blocked, id=32124, stack(0x000000951f400000,0x000000951f500000) (1024K)]
  0x000001c97e7efeb0 JavaThread "Worker-2"                          [_thread_blocked, id=32648, stack(0x000000951f500000,0x000000951f600000) (1024K)]
  0x000001c9043d7b30 JavaThread "C2 CompilerThread1"         daemon [_thread_in_native, id=32484, stack(0x000000951f600000,0x000000951f700000) (1024K)]
  0x000001c97e7ed750 JavaThread "Worker-3"                          [_thread_blocked, id=29132, stack(0x000000951f700000,0x000000951f800000) (1024K)]
  0x000001c97e445560 JavaThread "C2 CompilerThread2"         daemon [_thread_in_native, id=30820, stack(0x000000951f800000,0x000000951f900000) (1024K)]
  0x000001c97e7edde0 JavaThread "Java indexing"              daemon [_thread_blocked, id=31788, stack(0x000000951f900000,0x000000951fa00000) (1024K)]
Total: 25

Other Threads:
  0x000001c9243640c0 VMThread "VM Thread"                           [id=25160, stack(0x000000951d800000,0x000000951d900000) (1024K)]
  0x000001c92425ca00 WatcherThread "VM Periodic Task Thread"        [id=28840, stack(0x000000951d700000,0x000000951d800000) (1024K)]
  0x000001c9243ea790 WorkerThread "GC Thread#0"                     [id=29692, stack(0x000000951d600000,0x000000951d700000) (1024K)]
  0x000001c97e6da0f0 WorkerThread "GC Thread#1"                     [id=32028, stack(0x000000951e300000,0x000000951e400000) (1024K)]
  0x000001c97e6da4a0 WorkerThread "GC Thread#2"                     [id=32084, stack(0x000000951e400000,0x000000951e500000) (1024K)]
  0x000001c97e6da850 WorkerThread "GC Thread#3"                     [id=32088, stack(0x000000951e500000,0x000000951e600000) (1024K)]
  0x000001c97e450160 WorkerThread "GC Thread#4"                     [id=32092, stack(0x000000951e600000,0x000000951e700000) (1024K)]
  0x000001c97e62a250 WorkerThread "GC Thread#5"                     [id=32096, stack(0x000000951e700000,0x000000951e800000) (1024K)]
  0x000001c97e62a600 WorkerThread "GC Thread#6"                     [id=32100, stack(0x000000951e800000,0x000000951e900000) (1024K)]
  0x000001c97e566d90 WorkerThread "GC Thread#7"                     [id=32752, stack(0x000000951eb00000,0x000000951ec00000) (1024K)]
  0x000001c97ee564c0 WorkerThread "GC Thread#8"                     [id=31472, stack(0x000000951ef00000,0x000000951f000000) (1024K)]
  0x000001c97ee56870 WorkerThread "GC Thread#9"                     [id=27964, stack(0x000000951f000000,0x000000951f100000) (1024K)]
Total: 12

Threads with active compile tasks:
C2 CompilerThread0  17995 3749       4       org.lombokweb.asm.ClassReader::readMethod (1070 bytes)
C1 CompilerThread0  17996 4367       3       com.sun.org.apache.xerces.internal.dom.NodeImpl::hasStringValue (29 bytes)
C2 CompilerThread1  17996 3732   !   4       org.eclipse.osgi.internal.loader.classpath.ClasspathManager::findClassImpl (328 bytes)
C2 CompilerThread2  17996 4297       4       java.lang.String$CaseInsensitiveComparator::compare (68 bytes)
Total: 4

VM state: not at safepoint (normal execution)

VM Mutex/Monitor currently owned by a thread: None

Heap address: 0x0000000080000000, size: 2048 MB, Compressed Oops mode: 32-bit

CDS archive(s) mapped at: [0x000001c93b000000-0x000001c93bba0000-0x000001c93bba0000), size 12189696, SharedBaseAddress: 0x000001c93b000000, ArchiveRelocationMode: 1.
Compressed class space mapped at: 0x000001c93c000000-0x000001c97c000000, reserved size: 1073741824
Narrow klass base: 0x000001c93b000000, Narrow klass shift: 0, Narrow klass range: 0x100000000

GC Precious Log:
 CardTable entry size: 512
 CPUs: 12 total, 12 available
 Memory: 7598M
 Large Page Support: Disabled
 NUMA Support: Disabled
 Compressed Oops: Enabled (32-bit)
 Alignments: Space 512K, Generation 512K, Heap 2M
 Heap Min Capacity: 100M
 Heap Initial Capacity: 100M
 Heap Max Capacity: 2G
 Pre-touch: Disabled
 Parallel Workers: 10

Heap:
 PSYoungGen      total 23552K, used 16441K [0x00000000d5580000, 0x00000000d7380000, 0x0000000100000000)
  eden space 22016K, 68% used [0x00000000d5580000,0x00000000d6441f08,0x00000000d6b00000)
  from space 1536K, 86% used [0x00000000d7200000,0x00000000d734c8a8,0x00000000d7380000)
  to   space 1536K, 0% used [0x00000000d7080000,0x00000000d7080000,0x00000000d7200000)
 ParOldGen       total 68608K, used 16400K [0x0000000080000000, 0x0000000084300000, 0x00000000d5580000)
  object space 68608K, 23% used [0x0000000080000000,0x00000000810043e8,0x0000000084300000)
 Metaspace       used 32336K, committed 33280K, reserved 1114112K
  class space    used 3365K, committed 3712K, reserved 1048576K

Card table byte_map: [0x000001c923d70000,0x000001c924180000] _byte_map_base: 0x000001c923970000

Marking Bits: (ParMarkBitMap*) 0x00007ffc97e44460
 Begin Bits: [0x000001c936880000, 0x000001c938880000)
 End Bits:   [0x000001c938880000, 0x000001c93a880000)

Polling page: 0x000001c922190000

Metaspace:

Usage:
  Non-class:     28.29 MB used.
      Class:      3.29 MB used.
       Both:     31.58 MB used.

Virtual space:
  Non-class space:       64.00 MB reserved,      28.88 MB ( 45%) committed,  1 nodes.
      Class space:        1.00 GB reserved,       3.62 MB ( <1%) committed,  1 nodes.
             Both:        1.06 GB reserved,      32.50 MB (  3%) committed. 

Chunk freelists:
   Non-Class:  2.59 MB
       Class:  12.38 MB
        Both:  14.97 MB

MaxMetaspaceSize: unlimited
CompressedClassSpaceSize: 1.00 GB
Initial GC threshold: 21.00 MB
Current GC threshold: 35.00 MB
CDS: on
 - commit_granule_bytes: 65536.
 - commit_granule_words: 8192.
 - virtual_space_node_default_size: 8388608.
 - enlarge_chunks_in_place: 1.
 - use_allocation_guard: 0.


Internal statistics:

num_allocs_failed_limit: 3.
num_arena_births: 718.
num_arena_deaths: 14.
num_vsnodes_births: 2.
num_vsnodes_deaths: 0.
num_space_committed: 520.
num_space_uncommitted: 0.
num_chunks_returned_to_freelist: 17.
num_chunks_taken_from_freelist: 2097.
num_chunk_merges: 9.
num_chunk_splits: 1308.
num_chunks_enlarged: 744.
num_inconsistent_stats: 0.

CodeHeap 'non-profiled nmethods': size=120000Kb used=1836Kb max_used=1836Kb free=118163Kb
 bounds [0x000001c92f0a0000, 0x000001c92f310000, 0x000001c9365d0000]
CodeHeap 'profiled nmethods': size=120000Kb used=9268Kb max_used=9268Kb free=110732Kb
 bounds [0x000001c9275d0000, 0x000001c927ee0000, 0x000001c92eb00000]
CodeHeap 'non-nmethods': size=5760Kb used=1333Kb max_used=1352Kb free=4426Kb
 bounds [0x000001c92eb00000, 0x000001c92ed70000, 0x000001c92f0a0000]
CodeCache: size=245760Kb, used=12437Kb, max_used=12456Kb, free=233321Kb
 total_blobs=4980, nmethods=4359, adapters=527, full_count=0
Compilation: enabled, stopped_count=0, restarted_count=0

Compilation events (20 events):
Event: 16.949 Thread 0x000001c924481c40 4317       3       com.google.inject.spi.Elements$RecordingBinder::bind (6 bytes)
Event: 16.949 Thread 0x000001c924481c40 nmethod 4317 0x000001c927eb5610 code [0x000001c927eb57c0, 0x000001c927eb5918]
Event: 16.951 Thread 0x000001c924481c40 4319   !   3       org.eclipse.sisu.space.URLClassSpace::loadClass (31 bytes)
Event: 16.951 Thread 0x000001c924481c40 nmethod 4319 0x000001c927eb5a10 code [0x000001c927eb5c00, 0x000001c927eb5ff0]
Event: 16.951 Thread 0x000001c924481c40 4321       3       java.nio.MappedByteBuffer::position (8 bytes)
Event: 16.951 Thread 0x000001c924481c40 nmethod 4321 0x000001c927eb6210 code [0x000001c927eb63c0, 0x000001c927eb6570]
Event: 16.951 Thread 0x000001c924481c40 4322       3       java.lang.Class$Atomic::casReflectionData (13 bytes)
Event: 16.952 Thread 0x000001c924481c40 nmethod 4322 0x000001c927eb6690 code [0x000001c927eb6820, 0x000001c927eb6940]
Event: 16.952 Thread 0x000001c924481c40 4320       3       org.codehaus.plexus.classworlds.realm.ClassRealm::loadClass (7 bytes)
Event: 16.952 Thread 0x000001c924481c40 nmethod 4320 0x000001c927eb6a10 code [0x000001c927eb6bc0, 0x000001c927eb6d88]
Event: 16.955 Thread 0x000001c924481c40 4323       3       jdk.internal.jimage.ImageBufferCache$2::compare (13 bytes)
Event: 16.956 Thread 0x000001c924481c40 nmethod 4323 0x000001c927eb6e90 code [0x000001c927eb70c0, 0x000001c927eb7aa8]
Event: 16.956 Thread 0x000001c924481c40 4324       3       jdk.internal.jimage.ImageBufferCache$2::compare (12 bytes)
Event: 16.957 Thread 0x000001c924481c40 nmethod 4324 0x000001c927eb7d10 code [0x000001c927eb7f20, 0x000001c927eb8680]
Event: 16.957 Thread 0x000001c924481c40 4325       1       java.util.AbstractMap$SimpleEntry::getValue (5 bytes)
Event: 16.957 Thread 0x000001c924481c40 nmethod 4325 0x000001c92f267a10 code [0x000001c92f267ba0, 0x000001c92f267c68]
Event: 16.957 Thread 0x000001c924481c40 4326       1       java.lang.reflect.Constructor::getConstructorAccessor (5 bytes)
Event: 16.957 Thread 0x000001c924481c40 nmethod 4326 0x000001c92f267d10 code [0x000001c92f267ea0, 0x000001c92f267f68]
Event: 16.957 Thread 0x000001c924481c40 4327       1       java.lang.reflect.Constructor::getRoot (5 bytes)
Event: 16.957 Thread 0x000001c924481c40 nmethod 4327 0x000001c92f268010 code [0x000001c92f2681a0, 0x000001c92f268268]

GC Heap History (20 events):
Event: 9.717 GC heap before
{Heap before GC invocations=4 (full 0):
 PSYoungGen      total 29696K, used 29691K [0x00000000d5580000, 0x00000000d7680000, 0x0000000100000000)
  eden space 25600K, 100% used [0x00000000d5580000,0x00000000d6e80000,0x00000000d6e80000)
  from space 4096K, 99% used [0x00000000d6e80000,0x00000000d727ec98,0x00000000d7280000)
  to   space 4096K, 0% used [0x00000000d7280000,0x00000000d7280000,0x00000000d7680000)
 ParOldGen       total 68608K, used 4846K [0x0000000080000000, 0x0000000084300000, 0x00000000d5580000)
  object space 68608K, 7% used [0x0000000080000000,0x00000000804bbaf0,0x0000000084300000)
 Metaspace       used 11635K, committed 12032K, reserved 1114112K
  class space    used 1232K, committed 1408K, reserved 1048576K
}
Event: 9.729 GC heap after
{Heap after GC invocations=4 (full 0):
 PSYoungGen      total 29696K, used 4087K [0x00000000d5580000, 0x00000000d7680000, 0x0000000100000000)
  eden space 25600K, 0% used [0x00000000d5580000,0x00000000d5580000,0x00000000d6e80000)
  from space 4096K, 99% used [0x00000000d7280000,0x00000000d767dd70,0x00000000d7680000)
  to   space 4096K, 0% used [0x00000000d6e80000,0x00000000d6e80000,0x00000000d7280000)
 ParOldGen       total 68608K, used 6608K [0x0000000080000000, 0x0000000084300000, 0x00000000d5580000)
  object space 68608K, 9% used [0x0000000080000000,0x0000000080674258,0x0000000084300000)
 Metaspace       used 11635K, committed 12032K, reserved 1114112K
  class space    used 1232K, committed 1408K, reserved 1048576K
}
Event: 10.801 GC heap before
{Heap before GC invocations=5 (full 0):
 PSYoungGen      total 29696K, used 29687K [0x00000000d5580000, 0x00000000d7680000, 0x0000000100000000)
  eden space 25600K, 100% used [0x00000000d5580000,0x00000000d6e80000,0x00000000d6e80000)
  from space 4096K, 99% used [0x00000000d7280000,0x00000000d767dd70,0x00000000d7680000)
  to   space 4096K, 0% used [0x00000000d6e80000,0x00000000d6e80000,0x00000000d7280000)
 ParOldGen       total 68608K, used 6608K [0x0000000080000000, 0x0000000084300000, 0x00000000d5580000)
  object space 68608K, 9% used [0x0000000080000000,0x0000000080674258,0x0000000084300000)
 Metaspace       used 15605K, committed 16256K, reserved 1114112K
  class space    used 1626K, committed 1920K, reserved 1048576K
}
Event: 10.809 GC heap after
{Heap after GC invocations=5 (full 0):
 PSYoungGen      total 29184K, used 4064K [0x00000000d5580000, 0x00000000d7900000, 0x0000000100000000)
  eden space 25088K, 0% used [0x00000000d5580000,0x00000000d5580000,0x00000000d6e00000)
  from space 4096K, 99% used [0x00000000d6e80000,0x00000000d7278138,0x00000000d7280000)
  to   space 5632K, 0% used [0x00000000d7380000,0x00000000d7380000,0x00000000d7900000)
 ParOldGen       total 68608K, used 7704K [0x0000000080000000, 0x0000000084300000, 0x00000000d5580000)
  object space 68608K, 11% used [0x0000000080000000,0x0000000080786260,0x0000000084300000)
 Metaspace       used 15605K, committed 16256K, reserved 1114112K
  class space    used 1626K, committed 1920K, reserved 1048576K
}
Event: 11.828 GC heap before
{Heap before GC invocations=6 (full 0):
 PSYoungGen      total 29184K, used 29152K [0x00000000d5580000, 0x00000000d7900000, 0x0000000100000000)
  eden space 25088K, 100% used [0x00000000d5580000,0x00000000d6e00000,0x00000000d6e00000)
  from space 4096K, 99% used [0x00000000d6e80000,0x00000000d7278138,0x00000000d7280000)
  to   space 5632K, 0% used [0x00000000d7380000,0x00000000d7380000,0x00000000d7900000)
 ParOldGen       total 68608K, used 7704K [0x0000000080000000, 0x0000000084300000, 0x00000000d5580000)
  object space 68608K, 11% used [0x0000000080000000,0x0000000080786260,0x0000000084300000)
 Metaspace       used 17932K, committed 18688K, reserved 1114112K
  class space    used 1884K, committed 2240K, reserved 1048576K
}
Event: 11.836 GC heap after
{Heap after GC invocations=6 (full 0):
 PSYoungGen      total 29184K, used 4536K [0x00000000d5580000, 0x00000000d7800000, 0x0000000100000000)
  eden space 24576K, 0% used [0x00000000d5580000,0x00000000d5580000,0x00000000d6d80000)
  from space 4608K, 98% used [0x00000000d7380000,0x00000000d77ee288,0x00000000d7800000)
  to   space 5120K, 0% used [0x00000000d6e00000,0x00000000d6e00000,0x00000000d7300000)
 ParOldGen       total 68608K, used 7712K [0x0000000080000000, 0x0000000084300000, 0x00000000d5580000)
  object space 68608K, 11% used [0x0000000080000000,0x0000000080788260,0x0000000084300000)
 Metaspace       used 17932K, committed 18688K, reserved 1114112K
  class space    used 1884K, committed 2240K, reserved 1048576K
}
Event: 12.593 GC heap before
{Heap before GC invocations=7 (full 0):
 PSYoungGen      total 29184K, used 29112K [0x00000000d5580000, 0x00000000d7800000, 0x0000000100000000)
  eden space 24576K, 100% used [0x00000000d5580000,0x00000000d6d80000,0x00000000d6d80000)
  from space 4608K, 98% used [0x00000000d7380000,0x00000000d77ee288,0x00000000d7800000)
  to   space 5120K, 0% used [0x00000000d6e00000,0x00000000d6e00000,0x00000000d7300000)
 ParOldGen       total 68608K, used 7712K [0x0000000080000000, 0x0000000084300000, 0x00000000d5580000)
  object space 68608K, 11% used [0x0000000080000000,0x0000000080788260,0x0000000084300000)
 Metaspace       used 20575K, committed 21376K, reserved 1114112K
  class space    used 2147K, committed 2496K, reserved 1048576K
}
Event: 12.605 GC heap after
{Heap after GC invocations=7 (full 0):
 PSYoungGen      total 29184K, used 5105K [0x00000000d5580000, 0x00000000d7e00000, 0x0000000100000000)
  eden space 24064K, 0% used [0x00000000d5580000,0x00000000d5580000,0x00000000d6d00000)
  from space 5120K, 99% used [0x00000000d6e00000,0x00000000d72fc770,0x00000000d7300000)
  to   space 8704K, 0% used [0x00000000d7580000,0x00000000d7580000,0x00000000d7e00000)
 ParOldGen       total 68608K, used 10453K [0x0000000080000000, 0x0000000084300000, 0x00000000d5580000)
  object space 68608K, 15% used [0x0000000080000000,0x0000000080a35460,0x0000000084300000)
 Metaspace       used 20575K, committed 21376K, reserved 1114112K
  class space    used 2147K, committed 2496K, reserved 1048576K
}
Event: 12.664 GC heap before
{Heap before GC invocations=8 (full 0):
 PSYoungGen      total 29184K, used 11152K [0x00000000d5580000, 0x00000000d7e00000, 0x0000000100000000)
  eden space 24064K, 25% used [0x00000000d5580000,0x00000000d5b67a48,0x00000000d6d00000)
  from space 5120K, 99% used [0x00000000d6e00000,0x00000000d72fc770,0x00000000d7300000)
  to   space 8704K, 0% used [0x00000000d7580000,0x00000000d7580000,0x00000000d7e00000)
 ParOldGen       total 68608K, used 10453K [0x0000000080000000, 0x0000000084300000, 0x00000000d5580000)
  object space 68608K, 15% used [0x0000000080000000,0x0000000080a35460,0x0000000084300000)
 Metaspace       used 20748K, committed 21504K, reserved 1114112K
  class space    used 2149K, committed 2496K, reserved 1048576K
}
Event: 12.669 GC heap after
{Heap after GC invocations=8 (full 0):
 PSYoungGen      total 28672K, used 4464K [0x00000000d5580000, 0x00000000d7a00000, 0x0000000100000000)
  eden space 24064K, 0% used [0x00000000d5580000,0x00000000d5580000,0x00000000d6d00000)
  from space 4608K, 96% used [0x00000000d7580000,0x00000000d79dc248,0x00000000d7a00000)
  to   space 6144K, 0% used [0x00000000d6e00000,0x00000000d6e00000,0x00000000d7400000)
 ParOldGen       total 68608K, used 11423K [0x0000000080000000, 0x0000000084300000, 0x00000000d5580000)
  object space 68608K, 16% used [0x0000000080000000,0x0000000080b27f18,0x0000000084300000)
 Metaspace       used 20748K, committed 21504K, reserved 1114112K
  class space    used 2149K, committed 2496K, reserved 1048576K
}
Event: 12.669 GC heap before
{Heap before GC invocations=9 (full 1):
 PSYoungGen      total 28672K, used 4464K [0x00000000d5580000, 0x00000000d7a00000, 0x0000000100000000)
  eden space 24064K, 0% used [0x00000000d5580000,0x00000000d5580000,0x00000000d6d00000)
  from space 4608K, 96% used [0x00000000d7580000,0x00000000d79dc248,0x00000000d7a00000)
  to   space 6144K, 0% used [0x00000000d6e00000,0x00000000d6e00000,0x00000000d7400000)
 ParOldGen       total 68608K, used 11423K [0x0000000080000000, 0x0000000084300000, 0x00000000d5580000)
  object space 68608K, 16% used [0x0000000080000000,0x0000000080b27f18,0x0000000084300000)
 Metaspace       used 20748K, committed 21504K, reserved 1114112K
  class space    used 2149K, committed 2496K, reserved 1048576K
}
Event: 12.730 GC heap after
{Heap after GC invocations=9 (full 1):
 PSYoungGen      total 28672K, used 0K [0x00000000d5580000, 0x00000000d7a00000, 0x0000000100000000)
  eden space 24064K, 0% used [0x00000000d5580000,0x00000000d5580000,0x00000000d6d00000)
  from space 4608K, 0% used [0x00000000d7580000,0x00000000d7580000,0x00000000d7a00000)
  to   space 6144K, 0% used [0x00000000d6e00000,0x00000000d6e00000,0x00000000d7400000)
 ParOldGen       total 68608K, used 13745K [0x0000000080000000, 0x0000000084300000, 0x00000000d5580000)
  object space 68608K, 20% used [0x0000000080000000,0x0000000080d6c7a0,0x0000000084300000)
 Metaspace       used 20735K, committed 21504K, reserved 1114112K
  class space    used 2146K, committed 2496K, reserved 1048576K
}
Event: 13.361 GC heap before
{Heap before GC invocations=10 (full 1):
 PSYoungGen      total 28672K, used 24064K [0x00000000d5580000, 0x00000000d7a00000, 0x0000000100000000)
  eden space 24064K, 100% used [0x00000000d5580000,0x00000000d6d00000,0x00000000d6d00000)
  from space 4608K, 0% used [0x00000000d7580000,0x00000000d7580000,0x00000000d7a00000)
  to   space 6144K, 0% used [0x00000000d6e00000,0x00000000d6e00000,0x00000000d7400000)
 ParOldGen       total 68608K, used 13745K [0x0000000080000000, 0x0000000084300000, 0x00000000d5580000)
  object space 68608K, 20% used [0x0000000080000000,0x0000000080d6c7a0,0x0000000084300000)
 Metaspace       used 24631K, committed 25472K, reserved 1114112K
  class space    used 2493K, committed 2880K, reserved 1048576K
}
Event: 13.364 GC heap after
{Heap after GC invocations=10 (full 1):
 PSYoungGen      total 24064K, used 512K [0x00000000d5580000, 0x00000000d7600000, 0x0000000100000000)
  eden space 23552K, 0% used [0x00000000d5580000,0x00000000d5580000,0x00000000d6c80000)
  from space 512K, 100% used [0x00000000d6e00000,0x00000000d6e80000,0x00000000d6e80000)
  to   space 2560K, 0% used [0x00000000d7380000,0x00000000d7380000,0x00000000d7600000)
 ParOldGen       total 68608K, used 13753K [0x0000000080000000, 0x0000000084300000, 0x00000000d5580000)
  object space 68608K, 20% used [0x0000000080000000,0x0000000080d6e7a0,0x0000000084300000)
 Metaspace       used 24631K, committed 25472K, reserved 1114112K
  class space    used 2493K, committed 2880K, reserved 1048576K
}
Event: 13.904 GC heap before
{Heap before GC invocations=11 (full 1):
 PSYoungGen      total 24064K, used 24064K [0x00000000d5580000, 0x00000000d7600000, 0x0000000100000000)
  eden space 23552K, 100% used [0x00000000d5580000,0x00000000d6c80000,0x00000000d6c80000)
  from space 512K, 100% used [0x00000000d6e00000,0x00000000d6e80000,0x00000000d6e80000)
  to   space 2560K, 0% used [0x00000000d7380000,0x00000000d7380000,0x00000000d7600000)
 ParOldGen       total 68608K, used 13753K [0x0000000080000000, 0x0000000084300000, 0x00000000d5580000)
  object space 68608K, 20% used [0x0000000080000000,0x0000000080d6e7a0,0x0000000084300000)
 Metaspace       used 27549K, committed 28416K, reserved 1114112K
  class space    used 2822K, committed 3200K, reserved 1048576K
}
Event: 13.909 GC heap after
{Heap after GC invocations=11 (full 1):
 PSYoungGen      total 25600K, used 2536K [0x00000000d5580000, 0x00000000d7600000, 0x0000000100000000)
  eden space 23040K, 0% used [0x00000000d5580000,0x00000000d5580000,0x00000000d6c00000)
  from space 2560K, 99% used [0x00000000d7380000,0x00000000d75fa2b0,0x00000000d7600000)
  to   space 3072K, 0% used [0x00000000d7000000,0x00000000d7000000,0x00000000d7300000)
 ParOldGen       total 68608K, used 13769K [0x0000000080000000, 0x0000000084300000, 0x00000000d5580000)
  object space 68608K, 20% used [0x0000000080000000,0x0000000080d727a0,0x0000000084300000)
 Metaspace       used 27549K, committed 28416K, reserved 1114112K
  class space    used 2822K, committed 3200K, reserved 1048576K
}
Event: 14.276 GC heap before
{Heap before GC invocations=12 (full 1):
 PSYoungGen      total 25600K, used 25576K [0x00000000d5580000, 0x00000000d7600000, 0x0000000100000000)
  eden space 23040K, 100% used [0x00000000d5580000,0x00000000d6c00000,0x00000000d6c00000)
  from space 2560K, 99% used [0x00000000d7380000,0x00000000d75fa2b0,0x00000000d7600000)
  to   space 3072K, 0% used [0x00000000d7000000,0x00000000d7000000,0x00000000d7300000)
 ParOldGen       total 68608K, used 13769K [0x0000000080000000, 0x0000000084300000, 0x00000000d5580000)
  object space 68608K, 20% used [0x0000000080000000,0x0000000080d727a0,0x0000000084300000)
 Metaspace       used 28225K, committed 29056K, reserved 1114112K
  class space    used 2908K, committed 3264K, reserved 1048576K
}
Event: 14.281 GC heap after
{Heap after GC invocations=12 (full 1):
 PSYoungGen      total 24064K, used 1122K [0x00000000d5580000, 0x00000000d7400000, 0x0000000100000000)
  eden space 22528K, 0% used [0x00000000d5580000,0x00000000d5580000,0x00000000d6b80000)
  from space 1536K, 73% used [0x00000000d7000000,0x00000000d7118ab8,0x00000000d7180000)
  to   space 2048K, 0% used [0x00000000d7200000,0x00000000d7200000,0x00000000d7400000)
 ParOldGen       total 68608K, used 16096K [0x0000000080000000, 0x0000000084300000, 0x00000000d5580000)
  object space 68608K, 23% used [0x0000000080000000,0x0000000080fb83a8,0x0000000084300000)
 Metaspace       used 28225K, committed 29056K, reserved 1114112K
  class space    used 2908K, committed 3264K, reserved 1048576K
}
Event: 14.690 GC heap before
{Heap before GC invocations=13 (full 1):
 PSYoungGen      total 24064K, used 23650K [0x00000000d5580000, 0x00000000d7400000, 0x0000000100000000)
  eden space 22528K, 100% used [0x00000000d5580000,0x00000000d6b80000,0x00000000d6b80000)
  from space 1536K, 73% used [0x00000000d7000000,0x00000000d7118ab8,0x00000000d7180000)
  to   space 2048K, 0% used [0x00000000d7200000,0x00000000d7200000,0x00000000d7400000)
 ParOldGen       total 68608K, used 16096K [0x0000000080000000, 0x0000000084300000, 0x00000000d5580000)
  object space 68608K, 23% used [0x0000000080000000,0x0000000080fb83a8,0x0000000084300000)
 Metaspace       used 30374K, committed 31232K, reserved 1114112K
  class space    used 3123K, committed 3456K, reserved 1048576K
}
Event: 14.693 GC heap after
{Heap after GC invocations=13 (full 1):
 PSYoungGen      total 23552K, used 1330K [0x00000000d5580000, 0x00000000d7380000, 0x0000000100000000)
  eden space 22016K, 0% used [0x00000000d5580000,0x00000000d5580000,0x00000000d6b00000)
  from space 1536K, 86% used [0x00000000d7200000,0x00000000d734c8a8,0x00000000d7380000)
  to   space 1536K, 0% used [0x00000000d7080000,0x00000000d7080000,0x00000000d7200000)
 ParOldGen       total 68608K, used 16400K [0x0000000080000000, 0x0000000084300000, 0x00000000d5580000)
  object space 68608K, 23% used [0x0000000080000000,0x00000000810043e8,0x0000000084300000)
 Metaspace       used 30374K, committed 31232K, reserved 1114112K
  class space    used 3123K, committed 3456K, reserved 1048576K
}

Dll operation events (9 events):
Event: 0.050 Loaded shared library c:\Users\Admin\.vscode\extensions\redhat.java-1.55.0-win32-x64\jre\21.0.11-win32-x86_64\bin\java.dll
Event: 0.360 Loaded shared library c:\Users\Admin\.vscode\extensions\redhat.java-1.55.0-win32-x64\jre\21.0.11-win32-x86_64\bin\zip.dll
Event: 0.451 Loaded shared library C:\Users\Admin\.vscode\extensions\redhat.java-1.55.0-win32-x64\jre\21.0.11-win32-x86_64\bin\instrument.dll
Event: 0.471 Loaded shared library C:\Users\Admin\.vscode\extensions\redhat.java-1.55.0-win32-x64\jre\21.0.11-win32-x86_64\bin\net.dll
Event: 0.476 Loaded shared library C:\Users\Admin\.vscode\extensions\redhat.java-1.55.0-win32-x64\jre\21.0.11-win32-x86_64\bin\nio.dll
Event: 0.490 Loaded shared library C:\Users\Admin\.vscode\extensions\redhat.java-1.55.0-win32-x64\jre\21.0.11-win32-x86_64\bin\zip.dll
Event: 0.543 Loaded shared library C:\Users\Admin\.vscode\extensions\redhat.java-1.55.0-win32-x64\jre\21.0.11-win32-x86_64\bin\jimage.dll
Event: 0.914 Loaded shared library c:\Users\Admin\.vscode\extensions\redhat.java-1.55.0-win32-x64\jre\21.0.11-win32-x86_64\bin\verify.dll
Event: 5.675 Loaded shared library C:\Users\Admin\AppData\Roaming\Code\User\globalStorage\redhat.java\1.55.0\config_win\org.eclipse.equinox.launcher\org.eclipse.equinox.launcher.win32.win32.x86_64_1.3.100.v20260613-0559\eclipse_11924.dll

Deoptimization events (20 events):
Event: 14.453 Thread 0x000001c97eb05540 DEOPT PACKING pc=0x000001c92f145af8 sp=0x000000951eefdb40
Event: 14.453 Thread 0x000001c97eb05540 DEOPT UNPACKING pc=0x000001c92eb53aa2 sp=0x000000951eefda40 mode 2
Event: 14.453 Thread 0x000001c97eb05540 Uncommon trap: trap_request=0xffffffc6 fr.pc=0x000001c92f145af8 relative=0x0000000000000a18
Event: 14.453 Thread 0x000001c97eb05540 Uncommon trap: reason=bimorphic_or_optimized_type_check action=maybe_recompile pc=0x000001c92f145af8 method=java.util.HashMap.putVal(ILjava/lang/Object;Ljava/lang/Object;ZZ)Ljava/lang/Object; @ 56 c2
Event: 14.453 Thread 0x000001c97eb05540 DEOPT PACKING pc=0x000001c92f145af8 sp=0x000000951eefdb40
Event: 14.453 Thread 0x000001c97eb05540 DEOPT UNPACKING pc=0x000001c92eb53aa2 sp=0x000000951eefda40 mode 2
Event: 14.453 Thread 0x000001c97eb05540 Uncommon trap: trap_request=0xffffffc6 fr.pc=0x000001c92f145af8 relative=0x0000000000000a18
Event: 14.453 Thread 0x000001c97eb05540 Uncommon trap: reason=bimorphic_or_optimized_type_check action=maybe_recompile pc=0x000001c92f145af8 method=java.util.HashMap.putVal(ILjava/lang/Object;Ljava/lang/Object;ZZ)Ljava/lang/Object; @ 56 c2
Event: 14.453 Thread 0x000001c97eb05540 DEOPT PACKING pc=0x000001c92f145af8 sp=0x000000951eefdb40
Event: 14.453 Thread 0x000001c97eb05540 DEOPT UNPACKING pc=0x000001c92eb53aa2 sp=0x000000951eefda40 mode 2
Event: 14.453 Thread 0x000001c97eb05540 Uncommon trap: trap_request=0xffffffc6 fr.pc=0x000001c92f145af8 relative=0x0000000000000a18
Event: 14.453 Thread 0x000001c97eb05540 Uncommon trap: reason=bimorphic_or_optimized_type_check action=maybe_recompile pc=0x000001c92f145af8 method=java.util.HashMap.putVal(ILjava/lang/Object;Ljava/lang/Object;ZZ)Ljava/lang/Object; @ 56 c2
Event: 14.453 Thread 0x000001c97eb05540 DEOPT PACKING pc=0x000001c92f145af8 sp=0x000000951eefdb40
Event: 14.453 Thread 0x000001c97eb05540 DEOPT UNPACKING pc=0x000001c92eb53aa2 sp=0x000000951eefda40 mode 2
Event: 14.499 Thread 0x000001c97e7f0bd0 DEOPT PACKING pc=0x000001c927e2b7d3 sp=0x000000951f3fdf00
Event: 14.499 Thread 0x000001c97e7f0bd0 DEOPT UNPACKING pc=0x000001c92eb54242 sp=0x000000951f3fd370 mode 0
Event: 14.577 Thread 0x000001c97eb05540 DEOPT PACKING pc=0x000001c927e3e720 sp=0x000000951eefcd40
Event: 14.577 Thread 0x000001c97eb05540 DEOPT UNPACKING pc=0x000001c92eb54242 sp=0x000000951eefc1d8 mode 0
Event: 14.580 Thread 0x000001c97eb05540 DEOPT PACKING pc=0x000001c927e3e82f sp=0x000000951eefcd40
Event: 14.581 Thread 0x000001c97eb05540 DEOPT UNPACKING pc=0x000001c92eb54242 sp=0x000000951eefc1d8 mode 0

Classes loaded (20 events):
Event: 16.939 Loading class sun/nio/cs/ISO_8859_15
Event: 16.939 Loading class sun/nio/cs/ISO_8859_15 done
Event: 16.944 Loading class sun/nio/cs/DoubleByte$Decoder
Event: 16.944 Loading class sun/nio/cs/DoubleByte$Decoder done
Event: 16.945 Loading class sun/nio/cs/DoubleByte$Encoder
Event: 16.945 Loading class sun/nio/cs/DoubleByte$Encoder done
Event: 16.946 Loading class sun/nio/cs/MS1251
Event: 16.946 Loading class sun/nio/cs/MS1251 done
Event: 16.946 Loading class sun/nio/cs/MS1250
Event: 16.946 Loading class sun/nio/cs/MS1250 done
Event: 16.947 Loading class sun/nio/cs/ISO_8859_2
Event: 16.948 Loading class sun/nio/cs/ISO_8859_2 done
Event: 16.951 Loading class sun/nio/cs/ISO_8859_4
Event: 16.952 Loading class sun/nio/cs/ISO_8859_4 done
Event: 16.952 Loading class sun/nio/cs/ISO_8859_5
Event: 16.952 Loading class sun/nio/cs/ISO_8859_5 done
Event: 16.954 Loading class sun/nio/cs/ISO_8859_9
Event: 16.954 Loading class sun/nio/cs/ISO_8859_9 done
Event: 16.956 Loading class sun/nio/cs/ISO_8859_7
Event: 16.956 Loading class sun/nio/cs/ISO_8859_7 done

Classes unloaded (7 events):
Event: 12.678 Thread 0x000001c9243640c0 Unloading class 0x000001c93c1af400 'java/lang/invoke/LambdaForm$MH+0x000001c93c1af400'
Event: 12.678 Thread 0x000001c9243640c0 Unloading class 0x000001c93c1af000 'java/lang/invoke/LambdaForm$MH+0x000001c93c1af000'
Event: 12.678 Thread 0x000001c9243640c0 Unloading class 0x000001c93c1aec00 'java/lang/invoke/LambdaForm$MH+0x000001c93c1aec00'
Event: 12.678 Thread 0x000001c9243640c0 Unloading class 0x000001c93c1ae800 'java/lang/invoke/LambdaForm$MH+0x000001c93c1ae800'
Event: 12.678 Thread 0x000001c9243640c0 Unloading class 0x000001c93c1ae400 'java/lang/invoke/LambdaForm$BMH+0x000001c93c1ae400'
Event: 12.678 Thread 0x000001c9243640c0 Unloading class 0x000001c93c1ae000 'java/lang/invoke/LambdaForm$DMH+0x000001c93c1ae000'
Event: 12.678 Thread 0x000001c9243640c0 Unloading class 0x000001c93c1acc00 'java/lang/invoke/LambdaForm$DMH+0x000001c93c1acc00'

Classes redefined (0 events):
No events

Internal exceptions (20 events):
Event: 13.142 Thread 0x000001c97e7ef820 Exception <a 'java/lang/NoSuchMethodError'{0x00000000d61be3e0}: 'java.lang.Object java.lang.invoke.Invokers$Holder.invoke_MT(java.lang.Object, java.lang.Object, java.lang.Object, java.lang.Object, java.lang.Object, java.lang.Object, java.lang.Object, java.lang.Object, java.lang.Object)'> (0x00000000d61be3e0) 
thrown [s\src\hotspot\share\interpreter\linkResolver.cpp, line 773]
Event: 13.156 Thread 0x000001c97e7ef820 Exception <a 'java/lang/NoSuchMethodError'{0x00000000d62e28a8}: 'int java.lang.invoke.DirectMethodHandle$Holder.invokeVirtual(java.lang.Object, java.lang.Object, java.lang.Object)'> (0x00000000d62e28a8) 
thrown [s\src\hotspot\share\interpreter\linkResolver.cpp, line 773]
Event: 13.157 Thread 0x000001c97e7ef820 Exception <a 'java/lang/NoSuchMethodError'{0x00000000d62ef288}: 'int java.lang.invoke.DirectMethodHandle$Holder.invokeStaticInit(java.lang.Object, int, int)'> (0x00000000d62ef288) 
thrown [s\src\hotspot\share\interpreter\linkResolver.cpp, line 773]
Event: 13.159 Thread 0x000001c97e7ef820 Exception <a 'java/lang/NoSuchMethodError'{0x00000000d62ff058}: 'int java.lang.invoke.DirectMethodHandle$Holder.invokeStaticInit(java.lang.Object, long, long)'> (0x00000000d62ff058) 
thrown [s\src\hotspot\share\interpreter\linkResolver.cpp, line 773]
Event: 13.160 Thread 0x000001c97e7ef820 Exception <a 'java/lang/NoSuchMethodError'{0x00000000d6305740}: 'int java.lang.invoke.DirectMethodHandle$Holder.invokeStaticInit(java.lang.Object, float, float)'> (0x00000000d6305740) 
thrown [s\src\hotspot\share\interpreter\linkResolver.cpp, line 773]
Event: 13.163 Thread 0x000001c97e7ef820 Exception <a 'java/lang/NoSuchMethodError'{0x00000000d630c070}: 'int java.lang.invoke.DirectMethodHandle$Holder.invokeStaticInit(java.lang.Object, double, double)'> (0x00000000d630c070) 
thrown [s\src\hotspot\share\interpreter\linkResolver.cpp, line 773]
Event: 13.164 Thread 0x000001c97e7ef820 Exception <a 'java/lang/NoSuchMethodError'{0x00000000d6310400}: 'int java.lang.invoke.DirectMethodHandle$Holder.invokeStatic(java.lang.Object, long)'> (0x00000000d6310400) 
thrown [s\src\hotspot\share\interpreter\linkResolver.cpp, line 773]
Event: 13.171 Thread 0x000001c97e7f0bd0 Exception <a 'java/lang/NoSuchMethodError'{0x00000000d633fc08}: 'int java.lang.invoke.Invokers$Holder.linkToTargetMethod(java.lang.Object, java.lang.Object)'> (0x00000000d633fc08) 
thrown [s\src\hotspot\share\interpreter\linkResolver.cpp, line 773]
Event: 13.172 Thread 0x000001c97e7ef820 Exception <a 'java/lang/NoSuchMethodError'{0x00000000d633c060}: 'int java.lang.invoke.Invokers$Holder.linkToTargetMethod(java.lang.Object, java.lang.Object)'> (0x00000000d633c060) 
thrown [s\src\hotspot\share\interpreter\linkResolver.cpp, line 773]
Event: 13.175 Thread 0x000001c97e7ef820 Exception <a 'java/lang/NoSuchMethodError'{0x00000000d634d420}: 'int java.lang.invoke.DirectMethodHandle$Holder.invokeSpecial(java.lang.Object, java.lang.Object, java.lang.Object, java.lang.Object)'> (0x00000000d634d420) 
thrown [s\src\hotspot\share\interpreter\linkResolver.cpp, line 773]
Event: 13.177 Thread 0x000001c97e7ef820 Exception <a 'java/lang/NoSuchMethodError'{0x00000000d63d5798}: 'java.lang.Object java.lang.invoke.DirectMethodHandle$Holder.invokeStatic(java.lang.Object, int, java.lang.Object, java.lang.Object)'> (0x00000000d63d5798) 
thrown [s\src\hotspot\share\interpreter\linkResolver.cpp, line 773]
Event: 13.179 Thread 0x000001c97e7ef820 Exception <a 'java/lang/NoSuchMethodError'{0x00000000d63d8f78}: 'java.lang.Object java.lang.invoke.DelegatingMethodHandle$Holder.delegate(java.lang.Object, int, java.lang.Object, java.lang.Object)'> (0x00000000d63d8f78) 
thrown [s\src\hotspot\share\interpreter\linkResolver.cpp, line 773]
Event: 13.184 Thread 0x000001c97e7ef820 Exception <a 'java/lang/NoSuchMethodError'{0x00000000d63f8850}: 'int java.lang.invoke.Invokers$Holder.linkToTargetMethod(java.lang.Object, java.lang.Object, java.lang.Object)'> (0x00000000d63f8850) 
thrown [s\src\hotspot\share\interpreter\linkResolver.cpp, line 773]
Event: 13.267 Thread 0x000001c97e7f0bd0 Exception <a 'java/lang/NoSuchMethodError'{0x00000000d67f5378}: 'java.lang.Object java.lang.invoke.DirectMethodHandle$Holder.invokeSpecialIFC(java.lang.Object, java.lang.Object, java.lang.Object, java.lang.Object)'> (0x00000000d67f5378) 
thrown [s\src\hotspot\share\interpreter\linkResolver.cpp, line 773]
Event: 14.013 Thread 0x000001c97eb05540 Exception <a 'java/io/FileNotFoundException'{0x00000000d5fffea8}> (0x00000000d5fffea8) 
thrown [s\src\hotspot\share\prims\jni.cpp, line 520]
Event: 14.013 Thread 0x000001c97eb05540 Exception <a 'java/io/FileNotFoundException'{0x00000000d6000ea0}> (0x00000000d6000ea0) 
thrown [s\src\hotspot\share\prims\jni.cpp, line 520]
Event: 14.070 Thread 0x000001c97e7f0bd0 Exception <a 'java/lang/NoClassDefFoundError'{0x00000000d6191730}: javax/enterprise/inject/Typed> (0x00000000d6191730) 
thrown [s\src\hotspot\share\classfile\systemDictionary.cpp, line 302]
Event: 14.488 Thread 0x000001c97eb05540 Exception <a 'java/lang/NoSuchMethodError'{0x00000000d61ca590}: 'java.lang.Object java.lang.invoke.DirectMethodHandle$Holder.invokeStaticInit(java.lang.Object, int, int, int, int)'> (0x00000000d61ca590) 
thrown [s\src\hotspot\share\interpreter\linkResolver.cpp, line 773]
Event: 14.592 Thread 0x000001c97eb05540 Exception <a 'java/lang/NoSuchMethodError'{0x00000000d6607e00}: 'java.lang.Object java.lang.invoke.DirectMethodHandle$Holder.invokeStaticInit(java.lang.Object, java.lang.Object, int, int, int, int)'> (0x00000000d6607e00) 
thrown [s\src\hotspot\share\interpreter\linkResolver.cpp, line 773]
Event: 14.866 Thread 0x000001c97eb05540 Exception <a 'java/lang/ClassNotFoundException'{0x00000000d5d17000}: com/sun/org/apache/xml/internal/serializer/spi/XMLEntitiesProvider> (0x00000000d5d17000) 
thrown [s\src\hotspot\share\classfile\systemDictionary.cpp, line 313]

ZGC Phase Switch (0 events):
No events

VM Operations (20 events):
Event: 13.361 Executing safepoint VM operation: ParallelGCFailedAllocation (Allocation Failure)
Event: 13.364 Executing safepoint VM operation: ParallelGCFailedAllocation (Allocation Failure) done
Event: 13.904 Executing safepoint VM operation: ParallelGCFailedAllocation (Allocation Failure)
Event: 13.909 Executing safepoint VM operation: ParallelGCFailedAllocation (Allocation Failure) done
Event: 14.033 Executing non-safepoint VM operation: HandshakeAllThreads (Deoptimize)
Event: 14.042 Executing non-safepoint VM operation: HandshakeAllThreads (Deoptimize) done
Event: 14.276 Executing safepoint VM operation: ParallelGCFailedAllocation (Allocation Failure)
Event: 14.282 Executing safepoint VM operation: ParallelGCFailedAllocation (Allocation Failure) done
Event: 14.452 Executing non-safepoint VM operation: HandshakeAllThreads (Deoptimize)
Event: 14.452 Executing non-safepoint VM operation: HandshakeAllThreads (Deoptimize) done
Event: 14.570 Executing non-safepoint VM operation: HandshakeAllThreads (Deoptimize)
Event: 14.570 Executing non-safepoint VM operation: HandshakeAllThreads (Deoptimize) done
Event: 14.678 Executing safepoint VM operation: ParallelGCFailedAllocation (Allocation Failure)
Event: 14.693 Executing safepoint VM operation: ParallelGCFailedAllocation (Allocation Failure) done
Event: 15.700 Executing safepoint VM operation: Cleanup
Event: 16.921 Executing safepoint VM operation: Cleanup done
Event: 16.945 Executing non-safepoint VM operation: HandshakeAllThreads (Deoptimize)
Event: 16.945 Executing non-safepoint VM operation: HandshakeAllThreads (Deoptimize) done
Event: 17.957 Executing safepoint VM operation: Cleanup
Event: 17.957 Executing safepoint VM operation: Cleanup done

Memory protections (0 events):
No events

Nmethod flushes (0 events):
No events

Events (20 events):
Event: 5.657 Thread 0x000001c9243cc420 Thread added: 0x000001c97e5332e0
Event: 5.806 Thread 0x000001c97e5332e0 Thread added: 0x000001c97e5c8480
Event: 5.816 Thread 0x000001c9243cc420 Thread added: 0x000001c97eb05540
Event: 5.862 Thread 0x000001c97e574ab0 Thread exited: 0x000001c97e574ab0
Event: 6.297 Thread 0x000001c92447deb0 Thread added: 0x000001c97d50e0b0
Event: 7.056 Thread 0x000001c97eb05540 Thread added: 0x000001c97f10cd70
Event: 7.714 Thread 0x000001c97d50e0b0 Thread exited: 0x000001c97d50e0b0
Event: 9.204 Thread 0x000001c97eb05540 Thread added: 0x000001c97f528880
Event: 10.333 Thread 0x000001c97eb05540 Thread added: 0x000001c97e6bc010
Event: 10.823 Thread 0x000001c97eb05540 Thread added: 0x000001c97e7f0bd0
Event: 10.879 Thread 0x000001c97eb05540 Thread added: 0x000001c97e7ef820
Event: 12.068 Thread 0x000001c924481c40 Thread added: 0x000001c97efa1fe0
Event: 12.324 Thread 0x000001c97efa1fe0 Thread exited: 0x000001c97efa1fe0
Event: 12.606 Thread 0x000001c924481c40 Thread added: 0x000001c97eea6430
Event: 13.114 Thread 0x000001c97eea6430 Thread exited: 0x000001c97eea6430
Event: 13.133 Thread 0x000001c97e7ef820 Thread added: 0x000001c97e7efeb0
Event: 13.206 Thread 0x000001c924481c40 Thread added: 0x000001c9043d7b30
Event: 13.234 Thread 0x000001c97e7efeb0 Thread added: 0x000001c97e7ed750
Event: 13.934 Thread 0x000001c924481c40 Thread added: 0x000001c97e445560
Event: 14.410 Thread 0x000001c97eb05540 Thread added: 0x000001c97e7edde0


Dynamic libraries:
0x00007ff66e360000 - 0x00007ff66e36e000 	c:\Users\Admin\.vscode\extensions\redhat.java-1.55.0-win32-x64\jre\21.0.11-win32-x86_64\bin\java.exe
0x00007ffd36bf0000 - 0x00007ffd36e45000 	C:\Windows\SYSTEM32\ntdll.dll
0x00007ffd367c0000 - 0x00007ffd36887000 	C:\Windows\System32\KERNEL32.DLL
0x00007ffd343e0000 - 0x00007ffd34780000 	C:\Windows\System32\KERNELBASE.dll
0x00007ffd34830000 - 0x00007ffd3497a000 	C:\Windows\System32\ucrtbase.dll
0x00007ffd10080000 - 0x00007ffd1009e000 	c:\Users\Admin\.vscode\extensions\redhat.java-1.55.0-win32-x64\jre\21.0.11-win32-x86_64\bin\VCRUNTIME140.dll
0x00007ffd10f40000 - 0x00007ffd10f58000 	c:\Users\Admin\.vscode\extensions\redhat.java-1.55.0-win32-x64\jre\21.0.11-win32-x86_64\bin\jli.dll
0x00007ffd36890000 - 0x00007ffd36a4f000 	C:\Windows\System32\USER32.dll
0x00007ffd343b0000 - 0x00007ffd343d7000 	C:\Windows\System32\win32u.dll
0x00007ffd21ab0000 - 0x00007ffd21d40000 	C:\Windows\WinSxS\amd64_microsoft.windows.common-controls_6595b64144ccf1df_6.0.26100.1_none_fc2d3fda0fd46076\COMCTL32.dll
0x00007ffd36790000 - 0x00007ffd367ba000 	C:\Windows\System32\GDI32.dll
0x00007ffd35c50000 - 0x00007ffd35cf9000 	C:\Windows\System32\msvcrt.dll
0x00007ffd34980000 - 0x00007ffd34aa1000 	C:\Windows\System32\gdi32full.dll
0x00007ffd340c0000 - 0x00007ffd34163000 	C:\Windows\System32\msvcp_win.dll
0x00007ffd364e0000 - 0x00007ffd3650f000 	C:\Windows\System32\IMM32.DLL
0x00007ffd247c0000 - 0x00007ffd247cc000 	c:\Users\Admin\.vscode\extensions\redhat.java-1.55.0-win32-x64\jre\21.0.11-win32-x86_64\bin\vcruntime140_1.dll
0x00007ffcdbe50000 - 0x00007ffcdbedd000 	c:\Users\Admin\.vscode\extensions\redhat.java-1.55.0-win32-x64\jre\21.0.11-win32-x86_64\bin\msvcp140.dll
0x00007ffc97180000 - 0x00007ffc97f22000 	c:\Users\Admin\.vscode\extensions\redhat.java-1.55.0-win32-x64\jre\21.0.11-win32-x86_64\bin\server\jvm.dll
0x00007ffd36a60000 - 0x00007ffd36b12000 	C:\Windows\System32\ADVAPI32.dll
0x00007ffd362f0000 - 0x00007ffd36396000 	C:\Windows\System32\sechost.dll
0x00007ffd361c0000 - 0x00007ffd362d9000 	C:\Windows\System32\RPCRT4.dll
0x00007ffd366a0000 - 0x00007ffd36714000 	C:\Windows\System32\WS2_32.dll
0x00007ffd33ee0000 - 0x00007ffd33f2e000 	C:\Windows\SYSTEM32\POWRPROF.dll
0x00007ffd2a0f0000 - 0x00007ffd2a126000 	C:\Windows\SYSTEM32\WINMM.dll
0x00007ffd2c930000 - 0x00007ffd2c93b000 	C:\Windows\SYSTEM32\VERSION.dll
0x00007ffd33ec0000 - 0x00007ffd33ed4000 	C:\Windows\SYSTEM32\UMPDC.dll
0x00007ffd32f20000 - 0x00007ffd32f3a000 	C:\Windows\SYSTEM32\kernel.appcore.dll
0x00007ffd24220000 - 0x00007ffd2422a000 	c:\Users\Admin\.vscode\extensions\redhat.java-1.55.0-win32-x64\jre\21.0.11-win32-x86_64\bin\jimage.dll
0x00007ffd2bbe0000 - 0x00007ffd2be21000 	C:\Windows\SYSTEM32\DBGHELP.DLL
0x00007ffd351a0000 - 0x00007ffd35515000 	C:\Windows\System32\combase.dll
0x00007ffd36520000 - 0x00007ffd365f6000 	C:\Windows\System32\OLEAUT32.dll
0x00007ffd253d0000 - 0x00007ffd25409000 	C:\Windows\SYSTEM32\dbgcore.DLL
0x00007ffd34790000 - 0x00007ffd34829000 	C:\Windows\System32\bcryptPrimitives.dll
0x00007ffd20de0000 - 0x00007ffd20def000 	c:\Users\Admin\.vscode\extensions\redhat.java-1.55.0-win32-x64\jre\21.0.11-win32-x86_64\bin\instrument.dll
0x00007ffd0f170000 - 0x00007ffd0f190000 	c:\Users\Admin\.vscode\extensions\redhat.java-1.55.0-win32-x64\jre\21.0.11-win32-x86_64\bin\java.dll
0x00007ffd34ab0000 - 0x00007ffd35196000 	C:\Windows\System32\SHELL32.dll
0x00007ffd31ec0000 - 0x00007ffd326eb000 	C:\Windows\SYSTEM32\windows.storage.dll
0x00007ffd35d00000 - 0x00007ffd35dd3000 	C:\Windows\System32\SHCORE.dll
0x00007ffd36720000 - 0x00007ffd3677d000 	C:\Windows\System32\shlwapi.dll
0x00007ffd33f60000 - 0x00007ffd33f84000 	C:\Windows\SYSTEM32\profapi.dll
0x00007ffd097d0000 - 0x00007ffd097e8000 	c:\Users\Admin\.vscode\extensions\redhat.java-1.55.0-win32-x64\jre\21.0.11-win32-x86_64\bin\zip.dll
0x00007ffd20ec0000 - 0x00007ffd20ed0000 	C:\Users\Admin\.vscode\extensions\redhat.java-1.55.0-win32-x64\jre\21.0.11-win32-x86_64\bin\net.dll
0x00007ffd2d990000 - 0x00007ffd2daad000 	C:\Windows\SYSTEM32\WINHTTP.dll
0x00007ffd33450000 - 0x00007ffd334b8000 	C:\Windows\system32\mswsock.dll
0x00007ffd094b0000 - 0x00007ffd094c6000 	C:\Users\Admin\.vscode\extensions\redhat.java-1.55.0-win32-x64\jre\21.0.11-win32-x86_64\bin\nio.dll
0x00007ffd1bfc0000 - 0x00007ffd1bfd0000 	c:\Users\Admin\.vscode\extensions\redhat.java-1.55.0-win32-x64\jre\21.0.11-win32-x86_64\bin\verify.dll
0x00007ffd0b280000 - 0x00007ffd0b2c5000 	C:\Users\Admin\AppData\Roaming\Code\User\globalStorage\redhat.java\1.55.0\config_win\org.eclipse.equinox.launcher\org.eclipse.equinox.launcher.win32.win32.x86_64_1.3.100.v20260613-0559\eclipse_11924.dll
0x00007ffd35ab0000 - 0x00007ffd35c45000 	C:\Windows\System32\ole32.dll
0x00007ffd336d0000 - 0x00007ffd336ec000 	C:\Windows\SYSTEM32\CRYPTSP.dll
0x00007ffd32e80000 - 0x00007ffd32eb8000 	C:\Windows\system32\rsaenh.dll
0x00007ffd334f0000 - 0x00007ffd3351b000 	C:\Windows\SYSTEM32\USERENV.dll
0x00007ffd33910000 - 0x00007ffd33936000 	C:\Windows\SYSTEM32\bcrypt.dll
0x00007ffd336f0000 - 0x00007ffd336fc000 	C:\Windows\SYSTEM32\CRYPTBASE.dll
0x00007ffd32980000 - 0x00007ffd329b0000 	C:\Windows\SYSTEM32\IPHLPAPI.DLL
0x00007ffd362e0000 - 0x00007ffd362ea000 	C:\Windows\System32\NSI.dll

JVMTI agents:
c:\Users\Admin\.vscode\extensions\redhat.java-1.55.0-win32-x64\lombok\lombok-1.18.39-4050.jar path:c:\Users\Admin\.vscode\extensions\redhat.java-1.55.0-win32-x64\jre\21.0.11-win32-x86_64\bin\instrument.dll, loaded, initialized, instrumentlib options:none

dbghelp: loaded successfully - version: 4.0.5 - missing functions: none
symbol engine: initialized successfully - sym options: 0x614 - pdb path: .;c:\Users\Admin\.vscode\extensions\redhat.java-1.55.0-win32-x64\jre\21.0.11-win32-x86_64\bin;C:\Windows\SYSTEM32;C:\Windows\WinSxS\amd64_microsoft.windows.common-controls_6595b64144ccf1df_6.0.26100.1_none_fc2d3fda0fd46076;c:\Users\Admin\.vscode\extensions\redhat.java-1.55.0-win32-x64\jre\21.0.11-win32-x86_64\bin\server;C:\Users\Admin\AppData\Roaming\Code\User\globalStorage\redhat.java\1.55.0\config_win\org.eclipse.equinox.launcher\org.eclipse.equinox.launcher.win32.win32.x86_64_1.3.100.v20260613-0559

VM Arguments:
jvm_args: --add-modules=ALL-SYSTEM --add-opens=java.base/java.util=ALL-UNNAMED --add-opens=java.base/java.lang=ALL-UNNAMED --add-opens=java.base/sun.nio.fs=ALL-UNNAMED -Declipse.application=org.eclipse.jdt.ls.core.id1 -Dosgi.bundles.defaultStartLevel=4 -Declipse.product=org.eclipse.jdt.ls.core.product -Djava.import.generatesMetadataFilesAtProjectRoot=false -DDetectVMInstallationsJob.disabled=true -Dfile.encoding=utf8 -XX:+UseParallelGC -XX:GCTimeRatio=4 -XX:AdaptiveSizePolicyWeight=90 -Dsun.zip.disableMemoryMapping=true -Xmx2G -Xms100m -Xlog:disable -javaagent:c:\Users\Admin\.vscode\extensions\redhat.java-1.55.0-win32-x64\lombok\lombok-1.18.39-4050.jar -XX:+HeapDumpOnOutOfMemoryError -XX:HeapDumpPath=c:\Users\Admin\AppData\Roaming\Code\User\workspaceStorage\801ed1664cc344b479297c66898efbba\redhat.java -Daether.dependencyCollector.impl=bf 
java_command: c:\Users\Admin\.vscode\extensions\redhat.java-1.55.0-win32-x64\server\plugins\org.eclipse.equinox.launcher_1.7.200.v20260619-2039.jar -configuration c:\Users\Admin\AppData\Roaming\Code\User\globalStorage\redhat.java\1.55.0\config_win -data c:\Users\Admin\AppData\Roaming\Code\User\workspaceStorage\801ed1664cc344b479297c66898efbba\redhat.java\jdt_ws --pipe=\\.\pipe\lsp-1264d2e9a21a38318de8c62b1667bd75-sock
java_class_path (initial): c:\Users\Admin\.vscode\extensions\redhat.java-1.55.0-win32-x64\server\plugins\org.eclipse.equinox.launcher_1.7.200.v20260619-2039.jar
Launcher Type: SUN_STANDARD

[Global flags]
    uintx AdaptiveSizePolicyWeight                 = 90                                        {product} {command line}
     intx CICompilerCount                          = 4                                         {product} {ergonomic}
    uintx GCTimeRatio                              = 4                                         {product} {command line}
     bool HeapDumpOnOutOfMemoryError               = true                                   {manageable} {command line}
    ccstr HeapDumpPath                             = c:\Users\Admin\AppData\Roaming\Code\User\workspaceStorage\801ed1664cc344b479297c66898efbba\redhat.java         {manageable} {command line}
   size_t InitialHeapSize                          = 104857600                                 {product} {command line}
   size_t MaxHeapSize                              = 2147483648                                {product} {command line}
   size_t MaxNewSize                               = 715653120                                 {product} {ergonomic}
   size_t MinHeapDeltaBytes                        = 524288                                    {product} {ergonomic}
   size_t MinHeapSize                              = 104857600                                 {product} {command line}
   size_t NewSize                                  = 34603008                                  {product} {ergonomic}
    uintx NonNMethodCodeHeapSize                   = 5839372                                {pd product} {ergonomic}
    uintx NonProfiledCodeHeapSize                  = 122909434                              {pd product} {ergonomic}
   size_t OldSize                                  = 70254592                                  {product} {ergonomic}
    uintx ProfiledCodeHeapSize                     = 122909434                              {pd product} {ergonomic}
    uintx ReservedCodeCacheSize                    = 251658240                              {pd product} {ergonomic}
     bool SegmentedCodeCache                       = true                                      {product} {ergonomic}
   size_t SoftMaxHeapSize                          = 2147483648                             {manageable} {ergonomic}
     bool UseCompressedOops                        = true                           {product lp64_product} {ergonomic}
     bool UseLargePagesIndividualAllocation        = false                                  {pd product} {ergonomic}
     bool UseParallelGC                            = true                                      {product} {command line}

Logging:
Log output configuration:
 #0: stdout all=off uptime,level,tags foldmultilines=false
 #1: stderr all=off uptime,level,tags foldmultilines=false

Release file:
JAVA_VERSION="21.0.11" 
MODULES="java.base java.compiler java.datatransfer java.xml java.prefs java.desktop java.instrument java.logging java.management java.security.sasl java.naming java.rmi java.management.rmi java.net.http java.scripting java.security.jgss java.transaction.xa java.sql java.sql.rowset java.xml.crypto java.se java.smartcardio jdk.accessibility jdk.internal.jvmstat jdk.attach jdk.charsets jdk.internal.opt jdk.zipfs jdk.compiler jdk.crypto.ec jdk.crypto.cryptoki jdk.crypto.mscapi jdk.dynalink jdk.internal.ed jdk.editpad jdk.hotspot.agent jdk.httpserver jdk.internal.le jdk.internal.vm.ci jdk.internal.vm.compiler jdk.internal.vm.compiler.management jdk.jartool jdk.javadoc jdk.jcmd jdk.management jdk.management.agent jdk.jconsole jdk.jdeps jdk.jdwp.agent jdk.jdi jdk.jfr jdk.jshell jdk.jsobject jdk.jstatd jdk.localedata jdk.management.jfr jdk.naming.dns jdk.naming.rmi jdk.net jdk.nio.mapmode jdk.random jdk.sctp jdk.security.auth jdk.security.jgss jdk.unsupported jdk.unsupported.desktop jdk.xml.dom" 

Environment Variables:
JAVA_HOME=C:\Program Files\Java\jdk-17
PATH=C:\Program Files\Python314\Scripts\;C:\Program Files\Python314\;C:\Windows\system32;C:\Windows;C:\Windows\System32\Wbem;C:\Windows\System32\WindowsPowerShell\v1.0\;C:\Windows\System32\OpenSSH\;C:\Program Files\Git\cmd;C:\Program Files\dotnet\;%ANDROID_HOME%\platform-tools;%ANDROID_HOME%\cmdline-tools\latest\bin;%ANDROID_HOME%\emulator;%JAVA_HOME%\bin;C:\Program Files\nodejs\;C:\Users\Admin\AppData\Local\Microsoft\WindowsApps;C:\flutter\bin;C:\Users\Admin\.dotnet\tools;C:\Users\Admin\AppData\Local\Android\Sdk\platform-tools;C:\Users\Admin\AppData\Local\Programs\Microsoft VS Code\bin;C:\Users\Admin\AppData\Roaming\npm
USERNAME=Admin
OS=Windows_NT
PROCESSOR_IDENTIFIER=AMD64 Family 23 Model 96 Stepping 1, AuthenticAMD
TMP=C:\Users\Admin\AppData\Local\Temp
TEMP=C:\Users\Admin\AppData\Local\Temp




Periodic native trim disabled

---------------  S Y S T E M  ---------------

OS:
 Windows 11 , 64 bit Build 26100 (10.0.26100.1)
OS uptime: 0 days 1:16 hours

CPU: total 12 (initial active 12) (12 cores per cpu, 2 threads per core) family 23 model 96 stepping 1 microcode 0x8600106, cx8, cmov, fxsr, ht, mmx, 3dnowpref, sse, sse2, sse3, ssse3, sse4a, sse4.1, sse4.2, popcnt, lzcnt, tsc, tscinvbit, avx, avx2, aes, clmul, bmi1, bmi2, adx, sha, fma, vzeroupper, clflush, clflushopt, rdtscp, rdpid, f16c
Processor Information for the first 12 processors :
  Max Mhz: 3001, Current Mhz: 2011, Mhz Limit: 3001

Memory: 4k page, system-wide physical 7598M (855M free)
TotalPageFile size 13742M (AvailPageFile size 4M)
current process WorkingSet (physical memory assigned to process): 203M, peak: 205M
current process commit charge ("private bytes"): 338M, peak: 340M

vm_info: OpenJDK 64-Bit Server VM (21.0.11+10-LTS) for windows-amd64 JRE (21.0.11+10-LTS), built on 2026-04-21T00:00:00Z by "admin" with MS VC++ 17.12 (VS2022)

END.
