#
# There is insufficient memory for the Java Runtime Environment to continue.
# Native memory allocation (malloc) failed to allocate 228176 bytes. Error detail: Chunk::new
# Possible reasons:
#   The system is out of physical RAM or swap space
#   This process is running with CompressedOops enabled, and the Java Heap may be blocking the growth of the native heap
# Possible solutions:
#   Reduce memory load on the system
#   Increase physical memory or swap space
#   Check if swap backing store is full
#   Decrease Java heap size (-Xmx/-Xms)
#   Decrease number of Java threads
#   Decrease Java thread stack sizes (-Xss)
#   Set larger code cache with -XX:ReservedCodeCacheSize=
#   JVM is running with Unscaled Compressed Oops mode in which the Java heap is
#     placed in the first 4GB address space. The Java Heap base address is the
#     maximum limit for the native heap growth. Please use -XX:HeapBaseMinAddress
#     to set the Java Heap base and to place the Java Heap above 4GB virtual address.
# This output file may be truncated or incomplete.
#
#  Out of Memory Error (arena.cpp:168), pid=8700, tid=26212
#
# JRE version: OpenJDK Runtime Environment Temurin-21.0.11+10 (21.0.11+10) (build 21.0.11+10-LTS)
# Java VM: OpenJDK 64-Bit Server VM Temurin-21.0.11+10 (21.0.11+10-LTS, mixed mode, sharing, tiered, compressed oops, compressed class ptrs, parallel gc, windows-amd64)
# No core dump will be written. Minidumps are not enabled by default on client versions of Windows
#

---------------  S U M M A R Y ------------

Command Line: --add-modules=ALL-SYSTEM --add-opens=java.base/java.util=ALL-UNNAMED --add-opens=java.base/java.lang=ALL-UNNAMED --add-opens=java.base/sun.nio.fs=ALL-UNNAMED -Declipse.application=org.eclipse.jdt.ls.core.id1 -Dosgi.bundles.defaultStartLevel=4 -Declipse.product=org.eclipse.jdt.ls.core.product -Djava.import.generatesMetadataFilesAtProjectRoot=false -DDetectVMInstallationsJob.disabled=true -Dfile.encoding=utf8 -XX:+UseParallelGC -XX:GCTimeRatio=4 -XX:AdaptiveSizePolicyWeight=90 -Dsun.zip.disableMemoryMapping=true -Xmx2G -Xms100m -Xlog:disable -javaagent:c:\Users\Admin\.vscode\extensions\redhat.java-1.55.0-win32-x64\lombok\lombok-1.18.39-4050.jar -XX:+HeapDumpOnOutOfMemoryError -XX:HeapDumpPath=c:\Users\Admin\AppData\Roaming\Code\User\workspaceStorage\801ed1664cc344b479297c66898efbba\redhat.java -Daether.dependencyCollector.impl=bf c:\Users\Admin\.vscode\extensions\redhat.java-1.55.0-win32-x64\server\plugins\org.eclipse.equinox.launcher_1.7.200.v20260619-2039.jar -configuration c:\Users\Admin\AppData\Roaming\Code\User\globalStorage\redhat.java\1.55.0\config_win -data c:\Users\Admin\AppData\Roaming\Code\User\workspaceStorage\801ed1664cc344b479297c66898efbba\redhat.java\jdt_ws --pipe=\\.\pipe\lsp-0711abc8dc4309bdc5eb73e82858ea61-sock

Host: AMD Ryzen 5 4600H with Radeon Graphics         , 12 cores, 7G,  Windows 11 , 64 bit Build 26100 (10.0.26100.1)
Time: Mon Jul  6 09:01:44 2026 Malay Peninsula Standard Time elapsed time: 6.823348 seconds (0d 0h 0m 6s)

---------------  T H R E A D  ---------------

Current thread (0x000002564a94d9f0):  JavaThread "C2 CompilerThread0" daemon [_thread_in_native, id=26212, stack(0x000000b5a3b00000,0x000000b5a3c00000) (1024K)]


Current CompileTask:
C2:6823 1568   !   4       lombok.patcher.ScriptManager$OurClassFileTransformer::transform (473 bytes)

Stack: [0x000000b5a3b00000,0x000000b5a3c00000]
Native frames: (J=compiled Java code, j=interpreted, Vv=VM code, C=native code)
V  [jvm.dll+0x6d7e19]
V  [jvm.dll+0x8b5096]
V  [jvm.dll+0x8b764e]
V  [jvm.dll+0x8b7d33]
V  [jvm.dll+0x284596]
V  [jvm.dll+0xc685d]
V  [jvm.dll+0xc6da1]
V  [jvm.dll+0x2fb4ee]
V  [jvm.dll+0x5fe9a4]
V  [jvm.dll+0x255d67]
V  [jvm.dll+0x24ddab]
V  [jvm.dll+0x24bbe6]
V  [jvm.dll+0x1cb4ae]
V  [jvm.dll+0x25baad]
V  [jvm.dll+0x25a03a]
V  [jvm.dll+0x3f868e]
V  [jvm.dll+0x85fb0d]
V  [jvm.dll+0x6d664d]
C  [ucrtbase.dll+0x43340]
C  [KERNEL32.DLL+0x31fd7]
C  [ntdll.dll+0x6d7d0]


---------------  P R O C E S S  ---------------

Threads class SMR info:
_java_thread_list=0x00000256639fea60, length=19, elements={
0x00000256483982d0, 0x000002564a84d970, 0x000002564a84e940, 0x000002564a943c00,
0x000002564a944c10, 0x000002564a948440, 0x000002564a949640, 0x000002564a94d9f0,
0x000002564a9554f0, 0x00000256627f9330, 0x0000025662907d30, 0x00000256639f5380,
0x0000025663cf7ba0, 0x0000025663b87600, 0x0000025663897d30, 0x00000256638983a0,
0x00000256680e42d0, 0x00000256680e4940, 0x0000025663c32820
}

Java Threads: ( => current thread )
  0x00000256483982d0 JavaThread "main"                              [_thread_in_vm, id=25680, stack(0x000000b5a3100000,0x000000b5a3200000) (1024K)]
  0x000002564a84d970 JavaThread "Reference Handler"          daemon [_thread_blocked, id=26588, stack(0x000000b5a3500000,0x000000b5a3600000) (1024K)]
  0x000002564a84e940 JavaThread "Finalizer"                  daemon [_thread_blocked, id=25984, stack(0x000000b5a3600000,0x000000b5a3700000) (1024K)]
  0x000002564a943c00 JavaThread "Signal Dispatcher"          daemon [_thread_blocked, id=22948, stack(0x000000b5a3700000,0x000000b5a3800000) (1024K)]
  0x000002564a944c10 JavaThread "Attach Listener"            daemon [_thread_blocked, id=17680, stack(0x000000b5a3800000,0x000000b5a3900000) (1024K)]
  0x000002564a948440 JavaThread "Service Thread"             daemon [_thread_blocked, id=26556, stack(0x000000b5a3900000,0x000000b5a3a00000) (1024K)]
  0x000002564a949640 JavaThread "Monitor Deflation Thread"   daemon [_thread_blocked, id=16892, stack(0x000000b5a3a00000,0x000000b5a3b00000) (1024K)]
=>0x000002564a94d9f0 JavaThread "C2 CompilerThread0"         daemon [_thread_in_native, id=26212, stack(0x000000b5a3b00000,0x000000b5a3c00000) (1024K)]
  0x000002564a9554f0 JavaThread "C1 CompilerThread0"         daemon [_thread_blocked, id=23688, stack(0x000000b5a3c00000,0x000000b5a3d00000) (1024K)]
  0x00000256627f9330 JavaThread "Common-Cleaner"             daemon [_thread_blocked, id=11408, stack(0x000000b5a3d00000,0x000000b5a3e00000) (1024K)]
  0x0000025662907d30 JavaThread "Notification Thread"        daemon [_thread_blocked, id=11760, stack(0x000000b5a3e00000,0x000000b5a3f00000) (1024K)]
  0x00000256639f5380 JavaThread "C2 CompilerThread1"         daemon [_thread_blocked, id=20712, stack(0x000000b5a4500000,0x000000b5a4600000) (1024K)]
  0x0000025663cf7ba0 JavaThread "Equinox resolver thread - Equinox Container: 95149154-35e6-46e3-b662-360d418a6f7b" daemon [_thread_blocked, id=25200, stack(0x000000b5a4700000,0x000000b5a4800000) (1024K)]
  0x0000025663b87600 JavaThread "Equinox resolver thread - Equinox Container: 95149154-35e6-46e3-b662-360d418a6f7b" daemon [_thread_blocked, id=4892, stack(0x000000b5a4800000,0x000000b5a4900000) (1024K)]
  0x0000025663897d30 JavaThread "Equinox resolver thread - Equinox Container: 95149154-35e6-46e3-b662-360d418a6f7b" daemon [_thread_blocked, id=24084, stack(0x000000b5a4900000,0x000000b5a4a00000) (1024K)]
  0x00000256638983a0 JavaThread "Equinox resolver thread - Equinox Container: 95149154-35e6-46e3-b662-360d418a6f7b" daemon [_thread_blocked, id=25808, stack(0x000000b5a4a00000,0x000000b5a4b00000) (1024K)]
  0x00000256680e42d0 JavaThread "Equinox resolver thread - Equinox Container: 95149154-35e6-46e3-b662-360d418a6f7b" daemon [_thread_blocked, id=8352, stack(0x000000b5a4b00000,0x000000b5a4c00000) (1024K)]
  0x00000256680e4940 JavaThread "Equinox resolver thread - Equinox Container: 95149154-35e6-46e3-b662-360d418a6f7b" daemon [_thread_blocked, id=14304, stack(0x000000b5a4c00000,0x000000b5a4d00000) (1024K)]
  0x0000025663c32820 JavaThread "Active Thread: Equinox Container: 95149154-35e6-46e3-b662-360d418a6f7b"        [_thread_blocked, id=12128, stack(0x000000b5a4600000,0x000000b5a4700000) (1024K)]
Total: 19

Other Threads:
  0x000002564a834970 VMThread "VM Thread"                           [id=2928, stack(0x000000b5a3400000,0x000000b5a3500000) (1024K)]
  0x000002564a72ca00 WatcherThread "VM Periodic Task Thread"        [id=22984, stack(0x000000b5a3300000,0x000000b5a3400000) (1024K)]
  0x000002564a8ba3e0 WorkerThread "GC Thread#0"                     [id=19508, stack(0x000000b5a3200000,0x000000b5a3300000) (1024K)]
  0x0000025663628090 WorkerThread "GC Thread#1"                     [id=20692, stack(0x000000b5a3f00000,0x000000b5a4000000) (1024K)]
  0x0000025663925de0 WorkerThread "GC Thread#2"                     [id=24356, stack(0x000000b5a4000000,0x000000b5a4100000) (1024K)]
  0x0000025663926190 WorkerThread "GC Thread#3"                     [id=23152, stack(0x000000b5a4100000,0x000000b5a4200000) (1024K)]
  0x0000025663926540 WorkerThread "GC Thread#4"                     [id=23204, stack(0x000000b5a4200000,0x000000b5a4300000) (1024K)]
  0x00000256635c5e40 WorkerThread "GC Thread#5"                     [id=1112, stack(0x000000b5a4300000,0x000000b5a4400000) (1024K)]
  0x00000256635c61f0 WorkerThread "GC Thread#6"                     [id=23276, stack(0x000000b5a4400000,0x000000b5a4500000) (1024K)]
Total: 9

Threads with active compile tasks:
C2 CompilerThread0  6862 1568   !   4       lombok.patcher.ScriptManager$OurClassFileTransformer::transform (473 bytes)
Total: 1

VM state: not at safepoint (normal execution)

VM Mutex/Monitor currently owned by a thread: None

Heap address: 0x0000000080000000, size: 2048 MB, Compressed Oops mode: 32-bit

CDS archive(s) mapped at: [0x0000025600000000-0x0000025600ba0000-0x0000025600ba0000), size 12189696, SharedBaseAddress: 0x0000025600000000, ArchiveRelocationMode: 1.
Compressed class space mapped at: 0x0000025601000000-0x0000025641000000, reserved size: 1073741824
Narrow klass base: 0x0000025600000000, Narrow klass shift: 0, Narrow klass range: 0x100000000

GC Precious Log:
 CardTable entry size: 512
 CPUs: 12 total, 12 available
 Memory: 7598M
 Large Page Support: Disabled
 NUMA Support: Disabled
 Compressed Oops: Enabled (32-bit)
 Alignments: Space 512K, Generation 512K, Heap 2M
 Heap Min Capacity: 100M
 Heap Initial Capacity: 100M
 Heap Max Capacity: 2G
 Pre-touch: Disabled
 Parallel Workers: 10

Heap:
 PSYoungGen      total 29696K, used 25398K [0x00000000d5580000, 0x00000000d7680000, 0x0000000100000000)
  eden space 25600K, 86% used [0x00000000d5580000,0x00000000d6b198b8,0x00000000d6e80000)
  from space 4096K, 80% used [0x00000000d6e80000,0x00000000d71b4148,0x00000000d7280000)
  to   space 4096K, 0% used [0x00000000d7280000,0x00000000d7280000,0x00000000d7680000)
 ParOldGen       total 68608K, used 0K [0x0000000080000000, 0x0000000084300000, 0x00000000d5580000)
  object space 68608K, 0% used [0x0000000080000000,0x0000000080000000,0x0000000084300000)
 Metaspace       used 8025K, committed 8320K, reserved 1114112K
  class space    used 843K, committed 1024K, reserved 1048576K

Card table byte_map: [0x000002564a240000,0x000002564a650000] _byte_map_base: 0x0000025649e40000

Marking Bits: (ParMarkBitMap*) 0x00007ffc97e44460
 Begin Bits: [0x000002565cd50000, 0x000002565ed50000)
 End Bits:   [0x000002565ed50000, 0x0000025660d50000)

Polling page: 0x0000025648690000

Metaspace:

Usage:
  Non-class:      7.01 MB used.
      Class:    844.02 KB used.
       Both:      7.84 MB used.

Virtual space:
  Non-class space:       64.00 MB reserved,       7.19 MB ( 11%) committed,  1 nodes.
      Class space:        1.00 GB reserved,       1.00 MB ( <1%) committed,  1 nodes.
             Both:        1.06 GB reserved,       8.19 MB ( <1%) committed. 

Chunk freelists:
   Non-Class:  8.81 MB
       Class:  14.92 MB
        Both:  23.73 MB

MaxMetaspaceSize: unlimited
CompressedClassSpaceSize: 1.00 GB
Initial GC threshold: 21.00 MB
Current GC threshold: 21.00 MB
CDS: on
 - commit_granule_bytes: 65536.
 - commit_granule_words: 8192.
 - virtual_space_node_default_size: 8388608.
 - enlarge_chunks_in_place: 1.
 - use_allocation_guard: 0.


Internal statistics:

num_allocs_failed_limit: 0.
num_arena_births: 212.
num_arena_deaths: 0.
num_vsnodes_births: 2.
num_vsnodes_deaths: 0.
num_space_committed: 131.
num_space_uncommitted: 0.
num_chunks_returned_to_freelist: 0.
num_chunks_taken_from_freelist: 396.
num_chunk_merges: 0.
num_chunk_splits: 257.
num_chunks_enlarged: 173.
num_inconsistent_stats: 0.

CodeHeap 'non-profiled nmethods': size=120000Kb used=632Kb max_used=632Kb free=119367Kb
 bounds [0x0000025655570000, 0x00000256557e0000, 0x000002565caa0000]
CodeHeap 'profiled nmethods': size=120000Kb used=2906Kb max_used=2906Kb free=117093Kb
 bounds [0x000002564daa0000, 0x000002564dd80000, 0x0000025654fd0000]
CodeHeap 'non-nmethods': size=5760Kb used=1214Kb max_used=1244Kb free=4545Kb
 bounds [0x0000025654fd0000, 0x0000025655240000, 0x0000025655570000]
CodeCache: size=245760Kb, used=4752Kb, max_used=4782Kb, free=241005Kb
 total_blobs=2086, nmethods=1609, adapters=384, full_count=0
Compilation: enabled, stopped_count=0, restarted_count=0

Compilation events (20 events):
Event: 4.791 Thread 0x000002564a9554f0 nmethod 1566 0x000002564dd59910 code [0x000002564dd59ac0, 0x000002564dd59c58]
Event: 4.791 Thread 0x000002564a9554f0 1567       3       java.util.Collections$UnmodifiableCollection::toArray (10 bytes)
Event: 4.792 Thread 0x000002564a9554f0 nmethod 1567 0x000002564dd59d10 code [0x000002564dd59ec0, 0x000002564dd5a098]
Event: 4.795 Thread 0x000002564a94d9f0 1568   !   4       lombok.patcher.ScriptManager$OurClassFileTransformer::transform (473 bytes)
Event: 4.802 Thread 0x000002564a9554f0 1569       3       java.lang.Math::clamp (49 bytes)
Event: 4.803 Thread 0x000002564a9554f0 nmethod 1569 0x000002564dd5a190 code [0x000002564dd5a3e0, 0x000002564dd5aba8]
Event: 4.803 Thread 0x000002564a9554f0 1570       3       java.lang.Math::min (12 bytes)
Event: 4.804 Thread 0x000002564a9554f0 nmethod 1570 0x000002564dd5af10 code [0x000002564dd5b0a0, 0x000002564dd5b1d0]
Event: 4.804 Thread 0x000002564a9554f0 1571       3       java.lang.invoke.LambdaForm$DMH/0x0000025601098400::newInvokeSpecial (27 bytes)
Event: 4.805 Thread 0x000002564a9554f0 nmethod 1571 0x000002564dd5b290 code [0x000002564dd5b4a0, 0x000002564dd5bcd8]
Event: 4.805 Thread 0x000002564a9554f0 1572       3       sun.security.provider.SHA2::resetHashes (19 bytes)
Event: 4.805 Thread 0x000002564a9554f0 nmethod 1572 0x000002564dd5bf90 code [0x000002564dd5c140, 0x000002564dd5c2f0]
Event: 4.805 Thread 0x000002564a9554f0 1576       3       sun.security.provider.ByteArrayAccess::i2bBig (33 bytes)
Event: 4.806 Thread 0x000002564a9554f0 nmethod 1576 0x000002564dd5c410 code [0x000002564dd5c620, 0x000002564dd5cd20]
Event: 4.806 Thread 0x000002564a9554f0 1573   !   3       sun.security.provider.DigestBase::engineDigest (33 bytes)
Event: 4.806 Thread 0x000002564a9554f0 nmethod 1573 0x000002564dd5d090 code [0x000002564dd5d260, 0x000002564dd5d510]
Event: 4.806 Thread 0x000002564a9554f0 1574       3       sun.security.provider.DigestBase::engineDigest (112 bytes)
Event: 4.807 Thread 0x000002564a9554f0 nmethod 1574 0x000002564dd5d610 code [0x000002564dd5d8e0, 0x000002564dd5e4e8]
Event: 4.807 Thread 0x000002564a9554f0 1575       3       sun.security.provider.SHA2::implDigest (98 bytes)
Event: 6.817 Thread 0x000002564a9554f0 nmethod 1575 0x000002564dd5e990 code [0x000002564dd5eca0, 0x000002564dd5fde0]

GC Heap History (2 events):
Event: 2.331 GC heap before
{Heap before GC invocations=1 (full 0):
 PSYoungGen      total 29696K, used 25600K [0x00000000d5580000, 0x00000000d7680000, 0x0000000100000000)
  eden space 25600K, 100% used [0x00000000d5580000,0x00000000d6e80000,0x00000000d6e80000)
  from space 4096K, 0% used [0x00000000d7280000,0x00000000d7280000,0x00000000d7680000)
  to   space 4096K, 0% used [0x00000000d6e80000,0x00000000d6e80000,0x00000000d7280000)
 ParOldGen       total 68608K, used 0K [0x0000000080000000, 0x0000000084300000, 0x00000000d5580000)
  object space 68608K, 0% used [0x0000000080000000,0x0000000080000000,0x0000000084300000)
 Metaspace       used 4488K, committed 4736K, reserved 1114112K
  class space    used 491K, committed 576K, reserved 1048576K
}
Event: 2.359 GC heap after
{Heap after GC invocations=1 (full 0):
 PSYoungGen      total 29696K, used 3280K [0x00000000d5580000, 0x00000000d7680000, 0x0000000100000000)
  eden space 25600K, 0% used [0x00000000d5580000,0x00000000d5580000,0x00000000d6e80000)
  from space 4096K, 80% used [0x00000000d6e80000,0x00000000d71b4148,0x00000000d7280000)
  to   space 4096K, 0% used [0x00000000d7280000,0x00000000d7280000,0x00000000d7680000)
 ParOldGen       total 68608K, used 0K [0x0000000080000000, 0x0000000084300000, 0x00000000d5580000)
  object space 68608K, 0% used [0x0000000080000000,0x0000000080000000,0x0000000084300000)
 Metaspace       used 4488K, committed 4736K, reserved 1114112K
  class space    used 491K, committed 576K, reserved 1048576K
}

Dll operation events (8 events):
Event: 0.022 Loaded shared library c:\Users\Admin\.vscode\extensions\redhat.java-1.55.0-win32-x64\jre\21.0.11-win32-x86_64\bin\java.dll
Event: 0.313 Loaded shared library c:\Users\Admin\.vscode\extensions\redhat.java-1.55.0-win32-x64\jre\21.0.11-win32-x86_64\bin\zip.dll
Event: 0.383 Loaded shared library C:\Users\Admin\.vscode\extensions\redhat.java-1.55.0-win32-x64\jre\21.0.11-win32-x86_64\bin\instrument.dll
Event: 0.398 Loaded shared library C:\Users\Admin\.vscode\extensions\redhat.java-1.55.0-win32-x64\jre\21.0.11-win32-x86_64\bin\net.dll
Event: 0.405 Loaded shared library C:\Users\Admin\.vscode\extensions\redhat.java-1.55.0-win32-x64\jre\21.0.11-win32-x86_64\bin\nio.dll
Event: 0.418 Loaded shared library C:\Users\Admin\.vscode\extensions\redhat.java-1.55.0-win32-x64\jre\21.0.11-win32-x86_64\bin\zip.dll
Event: 0.465 Loaded shared library C:\Users\Admin\.vscode\extensions\redhat.java-1.55.0-win32-x64\jre\21.0.11-win32-x86_64\bin\jimage.dll
Event: 0.705 Loaded shared library c:\Users\Admin\.vscode\extensions\redhat.java-1.55.0-win32-x64\jre\21.0.11-win32-x86_64\bin\verify.dll

Deoptimization events (20 events):
Event: 3.240 Thread 0x00000256483982d0 Uncommon trap: trap_request=0xffffffc6 fr.pc=0x00000256555abb50 relative=0x0000000000000290
Event: 3.240 Thread 0x00000256483982d0 Uncommon trap: reason=bimorphic_or_optimized_type_check action=maybe_recompile pc=0x00000256555abb50 method=java.util.Collections$UnmodifiableCollection$1.next()Ljava/lang/Object; @ 4 c2
Event: 3.240 Thread 0x00000256483982d0 DEOPT PACKING pc=0x00000256555abb50 sp=0x000000b5a31f88f0
Event: 3.240 Thread 0x00000256483982d0 DEOPT UNPACKING pc=0x0000025655023aa2 sp=0x000000b5a31f88a0 mode 2
Event: 3.240 Thread 0x00000256483982d0 Uncommon trap: trap_request=0xffffffc6 fr.pc=0x00000256555abb50 relative=0x0000000000000290
Event: 3.240 Thread 0x00000256483982d0 Uncommon trap: reason=bimorphic_or_optimized_type_check action=maybe_recompile pc=0x00000256555abb50 method=java.util.Collections$UnmodifiableCollection$1.next()Ljava/lang/Object; @ 4 c2
Event: 3.240 Thread 0x00000256483982d0 DEOPT PACKING pc=0x00000256555abb50 sp=0x000000b5a31f88f0
Event: 3.240 Thread 0x00000256483982d0 DEOPT UNPACKING pc=0x0000025655023aa2 sp=0x000000b5a31f88a0 mode 2
Event: 3.396 Thread 0x00000256483982d0 Uncommon trap: trap_request=0xffffff45 fr.pc=0x00000256555b74a0 relative=0x00000000000004a0
Event: 3.396 Thread 0x00000256483982d0 Uncommon trap: reason=unstable_if action=reinterpret pc=0x00000256555b74a0 method=java.util.HashMap$HashIterator.<init>(Ljava/util/HashMap;)V @ 45 c2
Event: 3.396 Thread 0x00000256483982d0 DEOPT PACKING pc=0x00000256555b74a0 sp=0x000000b5a31fe8f0
Event: 3.396 Thread 0x00000256483982d0 DEOPT UNPACKING pc=0x0000025655023aa2 sp=0x000000b5a31fe760 mode 2
Event: 4.730 Thread 0x00000256483982d0 Uncommon trap: trap_request=0xffffff45 fr.pc=0x00000256555e6fcc relative=0x00000000000000ac
Event: 4.730 Thread 0x00000256483982d0 Uncommon trap: reason=unstable_if action=reinterpret pc=0x00000256555e6fcc method=java.util.concurrent.locks.ReentrantLock$NonfairSync.initialTryLock()Z @ 10 c2
Event: 4.730 Thread 0x00000256483982d0 DEOPT PACKING pc=0x00000256555e6fcc sp=0x000000b5a31feb50
Event: 4.730 Thread 0x00000256483982d0 DEOPT UNPACKING pc=0x0000025655023aa2 sp=0x000000b5a31feae0 mode 2
Event: 4.772 Thread 0x00000256483982d0 Uncommon trap: trap_request=0xffffff45 fr.pc=0x00000256555e6c60 relative=0x0000000000000040
Event: 4.772 Thread 0x00000256483982d0 Uncommon trap: reason=unstable_if action=reinterpret pc=0x00000256555e6c60 method=java.util.concurrent.locks.AbstractQueuedSynchronizer.signalNext(Ljava/util/concurrent/locks/AbstractQueuedSynchronizer$Node;)V @ 1 c2
Event: 4.772 Thread 0x00000256483982d0 DEOPT PACKING pc=0x00000256555e6c60 sp=0x000000b5a31fe950
Event: 4.772 Thread 0x00000256483982d0 DEOPT UNPACKING pc=0x0000025655023aa2 sp=0x000000b5a31fe8e0 mode 2

Classes loaded (20 events):
Event: 3.555 Loading class java/util/concurrent/ThreadPoolExecutor$AbortPolicy
Event: 3.555 Loading class java/util/concurrent/ThreadPoolExecutor$AbortPolicy done
Event: 3.558 Loading class java/util/concurrent/ThreadPoolExecutor$Worker
Event: 3.559 Loading class java/util/concurrent/ThreadPoolExecutor$Worker done
Event: 4.765 Loading class java/util/concurrent/ScheduledThreadPoolExecutor
Event: 4.766 Loading class java/util/concurrent/ScheduledExecutorService
Event: 4.766 Loading class java/util/concurrent/ScheduledExecutorService done
Event: 4.766 Loading class java/util/concurrent/ScheduledThreadPoolExecutor done
Event: 4.766 Loading class java/util/concurrent/ScheduledThreadPoolExecutor$DelayedWorkQueue
Event: 4.767 Loading class java/util/concurrent/ScheduledThreadPoolExecutor$DelayedWorkQueue done
Event: 4.767 Loading class java/util/concurrent/RunnableScheduledFuture
Event: 4.767 Loading class java/util/concurrent/ScheduledFuture
Event: 4.767 Loading class java/util/concurrent/Delayed
Event: 4.767 Loading class java/util/concurrent/Delayed done
Event: 4.767 Loading class java/util/concurrent/ScheduledFuture done
Event: 4.768 Loading class java/util/concurrent/RunnableScheduledFuture done
Event: 4.768 Loading class java/util/concurrent/ScheduledThreadPoolExecutor$ScheduledFutureTask
Event: 4.768 Loading class java/util/concurrent/ScheduledThreadPoolExecutor$ScheduledFutureTask done
Event: 4.804 Loading class java/net/ContentHandlerFactory
Event: 4.804 Loading class java/net/ContentHandlerFactory done

Classes unloaded (0 events):
No events

Classes redefined (0 events):
No events

Internal exceptions (20 events):
Event: 1.624 Thread 0x00000256483982d0 Exception <a 'java/lang/NoSuchMethodError'{0x00000000d656f478}: 'int java.lang.invoke.DirectMethodHandle$Holder.invokeStatic(java.lang.Object, java.lang.Object, java.lang.Object, java.lang.Object, java.lang.Object)'> (0x00000000d656f478) 
thrown [s\src\hotspot\share\interpreter\linkResolver.cpp, line 773]
Event: 1.684 Thread 0x00000256483982d0 Exception <a 'java/lang/NoSuchMethodError'{0x00000000d6604e90}: 'java.lang.Object java.lang.invoke.DirectMethodHandle$Holder.invokeInterface(java.lang.Object, java.lang.Object, int)'> (0x00000000d6604e90) 
thrown [s\src\hotspot\share\interpreter\linkResolver.cpp, line 773]
Event: 1.715 Thread 0x00000256483982d0 Exception <a 'sun/nio/fs/WindowsException'{0x00000000d664df30}> (0x00000000d664df30) 
thrown [s\src\hotspot\share\prims\jni.cpp, line 520]
Event: 1.716 Thread 0x00000256483982d0 Exception <a 'sun/nio/fs/WindowsException'{0x00000000d6653c98}> (0x00000000d6653c98) 
thrown [s\src\hotspot\share\prims\jni.cpp, line 520]
Event: 2.101 Thread 0x00000256483982d0 Exception <a 'java/lang/NoSuchMethodError'{0x00000000d6ac27f0}: 'java.lang.ClassLoader java.lang.ClassLoader.getPlatformClassLoader(java.lang.Class)'> (0x00000000d6ac27f0) 
thrown [s\src\hotspot\share\interpreter\linkResolver.cpp, line 773]
Event: 2.425 Thread 0x00000256483982d0 Exception <a 'java/lang/ClassNotFoundException'{0x00000000d55e0880}: sun/net/www/protocol/c/Handler> (0x00000000d55e0880) 
thrown [s\src\hotspot\share\classfile\systemDictionary.cpp, line 313]
Event: 2.441 Thread 0x00000256483982d0 Exception <a 'java/lang/ClassNotFoundException'{0x00000000d55e1be0}: sun/net/www/protocol/c/Handler> (0x00000000d55e1be0) 
thrown [s\src\hotspot\share\classfile\systemDictionary.cpp, line 313]
Event: 2.444 Thread 0x00000256483982d0 Exception <a 'java/lang/ClassNotFoundException'{0x00000000d55e2d58}: sun/net/www/protocol/c/Handler> (0x00000000d55e2d58) 
thrown [s\src\hotspot\share\classfile\systemDictionary.cpp, line 313]
Event: 2.509 Thread 0x00000256483982d0 Exception <a 'java/io/FileNotFoundException'{0x00000000d560dd38}> (0x00000000d560dd38) 
thrown [s\src\hotspot\share\prims\jni.cpp, line 520]
Event: 2.634 Thread 0x00000256483982d0 Implicit null exception at 0x00000256555c97c9 to 0x00000256555ca12c
Event: 2.634 Thread 0x00000256483982d0 Implicit null exception at 0x00000256555dc79a to 0x00000256555dc9a0
Event: 2.636 Thread 0x00000256483982d0 Exception <a 'java/lang/NoSuchMethodError'{0x00000000d573f908}: 'void java.lang.invoke.DirectMethodHandle$Holder.invokeStatic(java.lang.Object, java.lang.Object, java.lang.Object, java.lang.Object)'> (0x00000000d573f908) 
thrown [s\src\hotspot\share\interpreter\linkResolver.cpp, line 773]
Event: 2.638 Thread 0x00000256483982d0 Implicit null exception at 0x00000256555c901a to 0x00000256555c9224
Event: 2.639 Thread 0x00000256483982d0 Implicit null exception at 0x00000256555c4d3d to 0x00000256555c4dc1
Event: 2.940 Thread 0x00000256483982d0 Exception <a 'java/lang/NoSuchMethodError'{0x00000000d5b84098}: 'int java.lang.invoke.DirectMethodHandle$Holder.invokeVirtual(java.lang.Object, java.lang.Object)'> (0x00000000d5b84098) 
thrown [s\src\hotspot\share\interpreter\linkResolver.cpp, line 773]
Event: 3.700 Thread 0x00000256483982d0 Exception <a 'java/lang/IncompatibleClassChangeError'{0x00000000d664dcb0}: Found class java.lang.Object, but interface was expected> (0x00000000d664dcb0) 
thrown [s\src\hotspot\share\interpreter\linkResolver.cpp, line 840]
Event: 3.702 Thread 0x00000256483982d0 Exception <a 'java/lang/NoSuchMethodError'{0x00000000d6657030}: 'void java.lang.invoke.DirectMethodHandle$Holder.invokeInterface(java.lang.Object, java.lang.Object, java.lang.Object)'> (0x00000000d6657030) 
thrown [s\src\hotspot\share\interpreter\linkResolver.cpp, line 773]
Event: 4.753 Thread 0x00000256483982d0 Exception <a 'java/lang/NoSuchMethodError'{0x00000000d6824060}: 'int java.lang.invoke.DirectMethodHandle$Holder.invokeStaticInit(java.lang.Object, java.lang.Object, java.lang.Object, java.lang.Object)'> (0x00000000d6824060) 
thrown [s\src\hotspot\share\interpreter\linkResolver.cpp, line 773]
Event: 4.755 Thread 0x00000256483982d0 Exception <a 'java/lang/NoSuchMethodError'{0x00000000d682e910}: 'void java.lang.invoke.DirectMethodHandle$Holder.invokeStaticInit(java.lang.Object, java.lang.Object)'> (0x00000000d682e910) 
thrown [s\src\hotspot\share\interpreter\linkResolver.cpp, line 773]
Event: 4.757 Thread 0x00000256483982d0 Exception <a 'java/lang/NoSuchMethodError'{0x00000000d6833e70}: 'int java.lang.invoke.DirectMethodHandle$Holder.invokeStaticInit(java.lang.Object, java.lang.Object)'> (0x00000000d6833e70) 
thrown [s\src\hotspot\share\interpreter\linkResolver.cpp, line 773]

ZGC Phase Switch (0 events):
No events

VM Operations (17 events):
Event: 0.310 Executing non-safepoint VM operation: HandshakeAllThreads (Deoptimize)
Event: 0.310 Executing non-safepoint VM operation: HandshakeAllThreads (Deoptimize) done
Event: 0.499 Executing non-safepoint VM operation: HandshakeAllThreads (Deoptimize)
Event: 0.499 Executing non-safepoint VM operation: HandshakeAllThreads (Deoptimize) done
Event: 1.477 Executing non-safepoint VM operation: HandshakeAllThreads (Deoptimize)
Event: 1.477 Executing non-safepoint VM operation: HandshakeAllThreads (Deoptimize) done
Event: 1.477 Executing safepoint VM operation: Cleanup
Event: 1.477 Executing safepoint VM operation: Cleanup done
Event: 2.331 Executing safepoint VM operation: ParallelGCFailedAllocation (Allocation Failure)
Event: 2.359 Executing safepoint VM operation: ParallelGCFailedAllocation (Allocation Failure) done
Event: 3.364 Executing safepoint VM operation: Cleanup
Event: 3.364 Executing safepoint VM operation: Cleanup done
Event: 4.366 Executing safepoint VM operation: Cleanup
Event: 4.366 Executing safepoint VM operation: Cleanup done
Event: 4.786 Executing non-safepoint VM operation: HandshakeAllThreads (Deoptimize)
Event: 4.786 Executing non-safepoint VM operation: HandshakeAllThreads (Deoptimize) done
Event: 5.791 Executing safepoint VM operation: Cleanup

Memory protections (0 events):
No events

Nmethod flushes (0 events):
No events

Events (20 events):
Event: 0.202 Thread 0x00000256483982d0 Thread added: 0x000002564a943c00
Event: 0.202 Thread 0x00000256483982d0 Thread added: 0x000002564a944c10
Event: 0.202 Thread 0x00000256483982d0 Thread added: 0x000002564a948440
Event: 0.202 Thread 0x00000256483982d0 Thread added: 0x000002564a949640
Event: 0.202 Thread 0x00000256483982d0 Thread added: 0x000002564a94d9f0
Event: 0.203 Thread 0x00000256483982d0 Thread added: 0x000002564a9554f0
Event: 0.389 Thread 0x00000256483982d0 Thread added: 0x00000256627f9330
Event: 0.983 Thread 0x00000256483982d0 Thread added: 0x0000025662907d30
Event: 2.421 Thread 0x000002564a94d9f0 Thread added: 0x00000256636fee30
Event: 2.793 Thread 0x00000256636fee30 Thread exited: 0x00000256636fee30
Event: 3.038 Thread 0x000002564a9554f0 Thread added: 0x00000256639f5380
Event: 3.038 Thread 0x000002564a9554f0 Thread added: 0x000002566394e330
Event: 3.559 Thread 0x00000256483982d0 Thread added: 0x0000025663cf7ba0
Event: 3.566 Thread 0x0000025663cf7ba0 Thread added: 0x0000025663b87600
Event: 3.582 Thread 0x00000256483982d0 Thread added: 0x0000025663897d30
Event: 3.692 Thread 0x00000256483982d0 Thread added: 0x00000256638983a0
Event: 3.694 Thread 0x00000256483982d0 Thread added: 0x00000256680e42d0
Event: 3.697 Thread 0x00000256483982d0 Thread added: 0x00000256680e4940
Event: 4.720 Thread 0x000002566394e330 Thread exited: 0x000002566394e330
Event: 4.769 Thread 0x00000256483982d0 Thread added: 0x0000025663c32820


Dynamic libraries:
0x00007ff66e360000 - 0x00007ff66e36e000 	c:\Users\Admin\.vscode\extensions\redhat.java-1.55.0-win32-x64\jre\21.0.11-win32-x86_64\bin\java.exe
0x00007ffd36bf0000 - 0x00007ffd36e45000 	C:\Windows\SYSTEM32\ntdll.dll
0x00007ffd367c0000 - 0x00007ffd36887000 	C:\Windows\System32\KERNEL32.DLL
0x00007ffd343e0000 - 0x00007ffd34780000 	C:\Windows\System32\KERNELBASE.dll
0x00007ffd34830000 - 0x00007ffd3497a000 	C:\Windows\System32\ucrtbase.dll
0x00007ffd10f40000 - 0x00007ffd10f58000 	c:\Users\Admin\.vscode\extensions\redhat.java-1.55.0-win32-x64\jre\21.0.11-win32-x86_64\bin\jli.dll
0x00007ffd10080000 - 0x00007ffd1009e000 	c:\Users\Admin\.vscode\extensions\redhat.java-1.55.0-win32-x64\jre\21.0.11-win32-x86_64\bin\VCRUNTIME140.dll
0x00007ffd36890000 - 0x00007ffd36a4f000 	C:\Windows\System32\USER32.dll
0x00007ffd21ab0000 - 0x00007ffd21d40000 	C:\Windows\WinSxS\amd64_microsoft.windows.common-controls_6595b64144ccf1df_6.0.26100.1_none_fc2d3fda0fd46076\COMCTL32.dll
0x00007ffd343b0000 - 0x00007ffd343d7000 	C:\Windows\System32\win32u.dll
0x00007ffd36790000 - 0x00007ffd367ba000 	C:\Windows\System32\GDI32.dll
0x00007ffd35c50000 - 0x00007ffd35cf9000 	C:\Windows\System32\msvcrt.dll
0x00007ffd34980000 - 0x00007ffd34aa1000 	C:\Windows\System32\gdi32full.dll
0x00007ffd340c0000 - 0x00007ffd34163000 	C:\Windows\System32\msvcp_win.dll
0x00007ffd364e0000 - 0x00007ffd3650f000 	C:\Windows\System32\IMM32.DLL
0x00007ffd247c0000 - 0x00007ffd247cc000 	c:\Users\Admin\.vscode\extensions\redhat.java-1.55.0-win32-x64\jre\21.0.11-win32-x86_64\bin\vcruntime140_1.dll
0x00007ffcdbe50000 - 0x00007ffcdbedd000 	c:\Users\Admin\.vscode\extensions\redhat.java-1.55.0-win32-x64\jre\21.0.11-win32-x86_64\bin\msvcp140.dll
0x00007ffc97180000 - 0x00007ffc97f22000 	c:\Users\Admin\.vscode\extensions\redhat.java-1.55.0-win32-x64\jre\21.0.11-win32-x86_64\bin\server\jvm.dll
0x00007ffd36a60000 - 0x00007ffd36b12000 	C:\Windows\System32\ADVAPI32.dll
0x00007ffd362f0000 - 0x00007ffd36396000 	C:\Windows\System32\sechost.dll
0x00007ffd361c0000 - 0x00007ffd362d9000 	C:\Windows\System32\RPCRT4.dll
0x00007ffd366a0000 - 0x00007ffd36714000 	C:\Windows\System32\WS2_32.dll
0x00007ffd33ee0000 - 0x00007ffd33f2e000 	C:\Windows\SYSTEM32\POWRPROF.dll
0x00007ffd2a0f0000 - 0x00007ffd2a126000 	C:\Windows\SYSTEM32\WINMM.dll
0x00007ffd2c930000 - 0x00007ffd2c93b000 	C:\Windows\SYSTEM32\VERSION.dll
0x00007ffd33ec0000 - 0x00007ffd33ed4000 	C:\Windows\SYSTEM32\UMPDC.dll
0x00007ffd32f20000 - 0x00007ffd32f3a000 	C:\Windows\SYSTEM32\kernel.appcore.dll
0x00007ffd24220000 - 0x00007ffd2422a000 	c:\Users\Admin\.vscode\extensions\redhat.java-1.55.0-win32-x64\jre\21.0.11-win32-x86_64\bin\jimage.dll
0x00007ffd2bbe0000 - 0x00007ffd2be21000 	C:\Windows\SYSTEM32\DBGHELP.DLL
0x00007ffd351a0000 - 0x00007ffd35515000 	C:\Windows\System32\combase.dll
0x00007ffd36520000 - 0x00007ffd365f6000 	C:\Windows\System32\OLEAUT32.dll
0x00007ffd253d0000 - 0x00007ffd25409000 	C:\Windows\SYSTEM32\dbgcore.DLL
0x00007ffd34790000 - 0x00007ffd34829000 	C:\Windows\System32\bcryptPrimitives.dll
0x00007ffd170e0000 - 0x00007ffd170ef000 	c:\Users\Admin\.vscode\extensions\redhat.java-1.55.0-win32-x64\jre\21.0.11-win32-x86_64\bin\instrument.dll
0x00007ffd0f170000 - 0x00007ffd0f190000 	c:\Users\Admin\.vscode\extensions\redhat.java-1.55.0-win32-x64\jre\21.0.11-win32-x86_64\bin\java.dll
0x00007ffd34ab0000 - 0x00007ffd35196000 	C:\Windows\System32\SHELL32.dll
0x00007ffd31ec0000 - 0x00007ffd326eb000 	C:\Windows\SYSTEM32\windows.storage.dll
0x00007ffd35d00000 - 0x00007ffd35dd3000 	C:\Windows\System32\SHCORE.dll
0x00007ffd36720000 - 0x00007ffd3677d000 	C:\Windows\System32\shlwapi.dll
0x00007ffd33f60000 - 0x00007ffd33f84000 	C:\Windows\SYSTEM32\profapi.dll
0x00007ffd097d0000 - 0x00007ffd097e8000 	c:\Users\Admin\.vscode\extensions\redhat.java-1.55.0-win32-x64\jre\21.0.11-win32-x86_64\bin\zip.dll
0x00007ffd20ec0000 - 0x00007ffd20ed0000 	C:\Users\Admin\.vscode\extensions\redhat.java-1.55.0-win32-x64\jre\21.0.11-win32-x86_64\bin\net.dll
0x00007ffd2d990000 - 0x00007ffd2daad000 	C:\Windows\SYSTEM32\WINHTTP.dll
0x00007ffd33450000 - 0x00007ffd334b8000 	C:\Windows\system32\mswsock.dll
0x00007ffd094b0000 - 0x00007ffd094c6000 	C:\Users\Admin\.vscode\extensions\redhat.java-1.55.0-win32-x64\jre\21.0.11-win32-x86_64\bin\nio.dll
0x00007ffd1b8e0000 - 0x00007ffd1b8f0000 	c:\Users\Admin\.vscode\extensions\redhat.java-1.55.0-win32-x64\jre\21.0.11-win32-x86_64\bin\verify.dll

JVMTI agents:
c:\Users\Admin\.vscode\extensions\redhat.java-1.55.0-win32-x64\lombok\lombok-1.18.39-4050.jar path:c:\Users\Admin\.vscode\extensions\redhat.java-1.55.0-win32-x64\jre\21.0.11-win32-x86_64\bin\instrument.dll, loaded, initialized, instrumentlib options:none

dbghelp: loaded successfully - version: 4.0.5 - missing functions: none
symbol engine: initialized successfully - sym options: 0x614 - pdb path: .;c:\Users\Admin\.vscode\extensions\redhat.java-1.55.0-win32-x64\jre\21.0.11-win32-x86_64\bin;C:\Windows\SYSTEM32;C:\Windows\WinSxS\amd64_microsoft.windows.common-controls_6595b64144ccf1df_6.0.26100.1_none_fc2d3fda0fd46076;c:\Users\Admin\.vscode\extensions\redhat.java-1.55.0-win32-x64\jre\21.0.11-win32-x86_64\bin\server

VM Arguments:
jvm_args: --add-modules=ALL-SYSTEM --add-opens=java.base/java.util=ALL-UNNAMED --add-opens=java.base/java.lang=ALL-UNNAMED --add-opens=java.base/sun.nio.fs=ALL-UNNAMED -Declipse.application=org.eclipse.jdt.ls.core.id1 -Dosgi.bundles.defaultStartLevel=4 -Declipse.product=org.eclipse.jdt.ls.core.product -Djava.import.generatesMetadataFilesAtProjectRoot=false -DDetectVMInstallationsJob.disabled=true -Dfile.encoding=utf8 -XX:+UseParallelGC -XX:GCTimeRatio=4 -XX:AdaptiveSizePolicyWeight=90 -Dsun.zip.disableMemoryMapping=true -Xmx2G -Xms100m -Xlog:disable -javaagent:c:\Users\Admin\.vscode\extensions\redhat.java-1.55.0-win32-x64\lombok\lombok-1.18.39-4050.jar -XX:+HeapDumpOnOutOfMemoryError -XX:HeapDumpPath=c:\Users\Admin\AppData\Roaming\Code\User\workspaceStorage\801ed1664cc344b479297c66898efbba\redhat.java -Daether.dependencyCollector.impl=bf 
java_command: c:\Users\Admin\.vscode\extensions\redhat.java-1.55.0-win32-x64\server\plugins\org.eclipse.equinox.launcher_1.7.200.v20260619-2039.jar -configuration c:\Users\Admin\AppData\Roaming\Code\User\globalStorage\redhat.java\1.55.0\config_win -data c:\Users\Admin\AppData\Roaming\Code\User\workspaceStorage\801ed1664cc344b479297c66898efbba\redhat.java\jdt_ws --pipe=\\.\pipe\lsp-0711abc8dc4309bdc5eb73e82858ea61-sock
java_class_path (initial): c:\Users\Admin\.vscode\extensions\redhat.java-1.55.0-win32-x64\server\plugins\org.eclipse.equinox.launcher_1.7.200.v20260619-2039.jar
Launcher Type: SUN_STANDARD

[Global flags]
    uintx AdaptiveSizePolicyWeight                 = 90                                        {product} {command line}
     intx CICompilerCount                          = 4                                         {product} {ergonomic}
    uintx GCTimeRatio                              = 4                                         {product} {command line}
     bool HeapDumpOnOutOfMemoryError               = true                                   {manageable} {command line}
    ccstr HeapDumpPath                             = c:\Users\Admin\AppData\Roaming\Code\User\workspaceStorage\801ed1664cc344b479297c66898efbba\redhat.java         {manageable} {command line}
   size_t InitialHeapSize                          = 104857600                                 {product} {command line}
   size_t MaxHeapSize                              = 2147483648                                {product} {command line}
   size_t MaxNewSize                               = 715653120                                 {product} {ergonomic}
   size_t MinHeapDeltaBytes                        = 524288                                    {product} {ergonomic}
   size_t MinHeapSize                              = 104857600                                 {product} {command line}
   size_t NewSize                                  = 34603008                                  {product} {ergonomic}
    uintx NonNMethodCodeHeapSize                   = 5839372                                {pd product} {ergonomic}
    uintx NonProfiledCodeHeapSize                  = 122909434                              {pd product} {ergonomic}
   size_t OldSize                                  = 70254592                                  {product} {ergonomic}
    uintx ProfiledCodeHeapSize                     = 122909434                              {pd product} {ergonomic}
    uintx ReservedCodeCacheSize                    = 251658240                              {pd product} {ergonomic}
     bool SegmentedCodeCache                       = true                                      {product} {ergonomic}
   size_t SoftMaxHeapSize                          = 2147483648                             {manageable} {ergonomic}
     bool UseCompressedOops                        = true                           {product lp64_product} {ergonomic}
     bool UseLargePagesIndividualAllocation        = false                                  {pd product} {ergonomic}
     bool UseParallelGC                            = true                                      {product} {command line}

Logging:
Log output configuration:
 #0: stdout all=off uptime,level,tags foldmultilines=false
 #1: stderr all=off uptime,level,tags foldmultilines=false

Release file:
JAVA_VERSION="21.0.11" 
MODULES="java.base java.compiler java.datatransfer java.xml java.prefs java.desktop java.instrument java.logging java.management java.security.sasl java.naming java.rmi java.management.rmi java.net.http java.scripting java.security.jgss java.transaction.xa java.sql java.sql.rowset java.xml.crypto java.se java.smartcardio jdk.accessibility jdk.internal.jvmstat jdk.attach jdk.charsets jdk.internal.opt jdk.zipfs jdk.compiler jdk.crypto.ec jdk.crypto.cryptoki jdk.crypto.mscapi jdk.dynalink jdk.internal.ed jdk.editpad jdk.hotspot.agent jdk.httpserver jdk.internal.le jdk.internal.vm.ci jdk.internal.vm.compiler jdk.internal.vm.compiler.management jdk.jartool jdk.javadoc jdk.jcmd jdk.management jdk.management.agent jdk.jconsole jdk.jdeps jdk.jdwp.agent jdk.jdi jdk.jfr jdk.jshell jdk.jsobject jdk.jstatd jdk.localedata jdk.management.jfr jdk.naming.dns jdk.naming.rmi jdk.net jdk.nio.mapmode jdk.random jdk.sctp jdk.security.auth jdk.security.jgss jdk.unsupported jdk.unsupported.desktop jdk.xml.dom" 

Environment Variables:
JAVA_HOME=C:\Program Files\Java\jdk-17
PATH=C:\Program Files\Python314\Scripts\;C:\Program Files\Python314\;C:\Windows\system32;C:\Windows;C:\Windows\System32\Wbem;C:\Windows\System32\WindowsPowerShell\v1.0\;C:\Windows\System32\OpenSSH\;C:\Program Files\Git\cmd;C:\Program Files\dotnet\;%ANDROID_HOME%\platform-tools;%ANDROID_HOME%\cmdline-tools\latest\bin;%ANDROID_HOME%\emulator;%JAVA_HOME%\bin;C:\Program Files\nodejs\;C:\Users\Admin\AppData\Local\Microsoft\WindowsApps;C:\flutter\bin;C:\Users\Admin\.dotnet\tools;C:\Users\Admin\AppData\Local\Android\Sdk\platform-tools;C:\Users\Admin\AppData\Local\Programs\Microsoft VS Code\bin;C:\Users\Admin\AppData\Roaming\npm
USERNAME=Admin
OS=Windows_NT
PROCESSOR_IDENTIFIER=AMD64 Family 23 Model 96 Stepping 1, AuthenticAMD
TMP=C:\Users\Admin\AppData\Local\Temp
TEMP=C:\Users\Admin\AppData\Local\Temp




Periodic native trim disabled

---------------  S Y S T E M  ---------------

OS:
 Windows 11 , 64 bit Build 26100 (10.0.26100.1)
OS uptime: 0 days 1:01 hours

CPU: total 12 (initial active 12) (12 cores per cpu, 2 threads per core) family 23 model 96 stepping 1 microcode 0x8600106, cx8, cmov, fxsr, ht, mmx, 3dnowpref, sse, sse2, sse3, ssse3, sse4a, sse4.1, sse4.2, popcnt, lzcnt, tsc, tscinvbit, avx, avx2, aes, clmul, bmi1, bmi2, adx, sha, fma, vzeroupper, clflush, clflushopt, rdtscp, rdpid, f16c
Processor Information for the first 12 processors :
  Max Mhz: 3001, Current Mhz: 2011, Mhz Limit: 3001

Memory: 4k page, system-wide physical 7598M (873M free)
TotalPageFile size 13742M (AvailPageFile size 6M)
current process WorkingSet (physical memory assigned to process): 86M, peak: 90M
current process commit charge ("private bytes"): 244M, peak: 249M

vm_info: OpenJDK 64-Bit Server VM (21.0.11+10-LTS) for windows-amd64 JRE (21.0.11+10-LTS), built on 2026-04-21T00:00:00Z by "admin" with MS VC++ 17.12 (VS2022)

END.
