#
# There is insufficient memory for the Java Runtime Environment to continue.
# Native memory allocation (malloc) failed to allocate 1547536 bytes. Error detail: Chunk::new
# Possible reasons:
#   The system is out of physical RAM or swap space
#   This process is running with CompressedOops enabled, and the Java Heap may be blocking the growth of the native heap
# Possible solutions:
#   Reduce memory load on the system
#   Increase physical memory or swap space
#   Check if swap backing store is full
#   Decrease Java heap size (-Xmx/-Xms)
#   Decrease number of Java threads
#   Decrease Java thread stack sizes (-Xss)
#   Set larger code cache with -XX:ReservedCodeCacheSize=
#   JVM is running with Unscaled Compressed Oops mode in which the Java heap is
#     placed in the first 4GB address space. The Java Heap base address is the
#     maximum limit for the native heap growth. Please use -XX:HeapBaseMinAddress
#     to set the Java Heap base and to place the Java Heap above 4GB virtual address.
# This output file may be truncated or incomplete.
#
#  Out of Memory Error (arena.cpp:168), pid=26880, tid=21436
#
# JRE version: OpenJDK Runtime Environment Temurin-21.0.11+10 (21.0.11+10) (build 21.0.11+10-LTS)
# Java VM: OpenJDK 64-Bit Server VM Temurin-21.0.11+10 (21.0.11+10-LTS, mixed mode, sharing, tiered, compressed oops, compressed class ptrs, parallel gc, windows-amd64)
# No core dump will be written. Minidumps are not enabled by default on client versions of Windows
#

---------------  S U M M A R Y ------------

Command Line: --add-modules=ALL-SYSTEM --add-opens=java.base/java.util=ALL-UNNAMED --add-opens=java.base/java.lang=ALL-UNNAMED --add-opens=java.base/sun.nio.fs=ALL-UNNAMED -Declipse.application=org.eclipse.jdt.ls.core.id1 -Dosgi.bundles.defaultStartLevel=4 -Declipse.product=org.eclipse.jdt.ls.core.product -Djava.import.generatesMetadataFilesAtProjectRoot=false -DDetectVMInstallationsJob.disabled=true -Dfile.encoding=utf8 -XX:+UseParallelGC -XX:GCTimeRatio=4 -XX:AdaptiveSizePolicyWeight=90 -Dsun.zip.disableMemoryMapping=true -Xmx2G -Xms100m -Xlog:disable -javaagent:c:\Users\Admin\.vscode\extensions\redhat.java-1.55.0-win32-x64\lombok\lombok-1.18.39-4050.jar -XX:+HeapDumpOnOutOfMemoryError -XX:HeapDumpPath=c:\Users\Admin\AppData\Roaming\Code\User\workspaceStorage\801ed1664cc344b479297c66898efbba\redhat.java -Daether.dependencyCollector.impl=bf c:\Users\Admin\.vscode\extensions\redhat.java-1.55.0-win32-x64\server\plugins\org.eclipse.equinox.launcher_1.7.200.v20260619-2039.jar -configuration c:\Users\Admin\AppData\Roaming\Code\User\globalStorage\redhat.java\1.55.0\config_win -data c:\Users\Admin\AppData\Roaming\Code\User\workspaceStorage\801ed1664cc344b479297c66898efbba\redhat.java\jdt_ws --pipe=\\.\pipe\lsp-d495207c7b0448aeee11eac4b1a2ff9e-sock

Host: AMD Ryzen 5 4600H with Radeon Graphics         , 12 cores, 7G,  Windows 11 , 64 bit Build 26100 (10.0.26100.1)
Time: Tue Jul  7 14:52:15 2026 Malay Peninsula Standard Time elapsed time: 17.032131 seconds (0d 0h 0m 17s)

---------------  T H R E A D  ---------------

Current thread (0x00000260d0745f90):  JavaThread "C2 CompilerThread1" daemon [_thread_in_native, id=21436, stack(0x000000b062400000,0x000000b062500000) (1024K)]


Current CompileTask:
C2:17032 5626   !   4       org.eclipse.osgi.internal.loader.classpath.ClasspathManager::findClassImpl (328 bytes)

Stack: [0x000000b062400000,0x000000b062500000]
Native frames: (J=compiled Java code, j=interpreted, Vv=VM code, C=native code)
V  [jvm.dll+0x6d7e19]
V  [jvm.dll+0x8b5096]
V  [jvm.dll+0x8b764e]
V  [jvm.dll+0x8b7d33]
V  [jvm.dll+0x284596]
V  [jvm.dll+0xc685d]
V  [jvm.dll+0xc6da1]
V  [jvm.dll+0x3bed31]
V  [jvm.dll+0x1e3f42]
V  [jvm.dll+0x24c853]
V  [jvm.dll+0x24bce0]
V  [jvm.dll+0x1cb4ae]
V  [jvm.dll+0x25baad]
V  [jvm.dll+0x25a03a]
V  [jvm.dll+0x3f868e]
V  [jvm.dll+0x85fb0d]
V  [jvm.dll+0x6d664d]
C  [ucrtbase.dll+0x43340]
C  [KERNEL32.DLL+0x31fd7]
C  [ntdll.dll+0x6d7d0]


---------------  P R O C E S S  ---------------

Threads class SMR info:
_java_thread_list=0x00000260d285d2a0, length=44, elements={
0x00000260ef9ec1b0, 0x00000260f92b0080, 0x00000260f92b1ac0, 0x00000260f92b9de0,
0x00000260f92bacc0, 0x00000260f92bd730, 0x00000260f92bef50, 0x00000260f92c21a0,
0x00000260f932e530, 0x00000260f94fe650, 0x00000260f9640900, 0x00000260f9641620,
0x00000260f9640f90, 0x00000260f963e830, 0x00000260f963e1a0, 0x00000260f963f550,
0x00000260f9640270, 0x00000260f963fbe0, 0x00000260f963eec0, 0x00000260fe53b480,
0x00000260fe53a760, 0x00000260d0745f90, 0x00000260d0746e50, 0x00000260fe53e270,
0x00000260fe53c1a0, 0x00000260fe53dbe0, 0x00000260fe53adf0, 0x00000260fe53e900,
0x00000260fe53cec0, 0x00000260fe53c830, 0x00000260fe53d550, 0x00000260fe53ef90,
0x00000260fe53bb10, 0x00000260fe540340, 0x00000260fe541d80, 0x00000260fe53f620,
0x00000260fe5409d0, 0x00000260fe541060, 0x00000260fe5416f0, 0x00000260fe53fcb0,
0x00000260d1b503f0, 0x00000260d1b4f040, 0x00000260d1b51110, 0x00000260d1b517a0
}

Java Threads: ( => current thread )
  0x00000260ef9ec1b0 JavaThread "main"                              [_thread_blocked, id=26912, stack(0x000000b060400000,0x000000b060500000) (1024K)]
  0x00000260f92b0080 JavaThread "Reference Handler"          daemon [_thread_blocked, id=27020, stack(0x000000b060800000,0x000000b060900000) (1024K)]
  0x00000260f92b1ac0 JavaThread "Finalizer"                  daemon [_thread_blocked, id=27024, stack(0x000000b060900000,0x000000b060a00000) (1024K)]
  0x00000260f92b9de0 JavaThread "Signal Dispatcher"          daemon [_thread_blocked, id=27028, stack(0x000000b060a00000,0x000000b060b00000) (1024K)]
  0x00000260f92bacc0 JavaThread "Attach Listener"            daemon [_thread_blocked, id=27032, stack(0x000000b060b00000,0x000000b060c00000) (1024K)]
  0x00000260f92bd730 JavaThread "Service Thread"             daemon [_thread_blocked, id=27036, stack(0x000000b060c00000,0x000000b060d00000) (1024K)]
  0x00000260f92bef50 JavaThread "Monitor Deflation Thread"   daemon [_thread_blocked, id=27040, stack(0x000000b060d00000,0x000000b060e00000) (1024K)]
  0x00000260f92c21a0 JavaThread "C2 CompilerThread0"         daemon [_thread_in_native, id=27044, stack(0x000000b060e00000,0x000000b060f00000) (1024K)]
  0x00000260f932e530 JavaThread "C1 CompilerThread0"         daemon [_thread_in_native, id=27048, stack(0x000000b060f00000,0x000000b061000000) (1024K)]
  0x00000260f94fe650 JavaThread "Common-Cleaner"             daemon [_thread_blocked, id=27296, stack(0x000000b061000000,0x000000b061100000) (1024K)]
  0x00000260f9640900 JavaThread "Notification Thread"        daemon [_thread_blocked, id=27368, stack(0x000000b061100000,0x000000b061200000) (1024K)]
  0x00000260f9641620 JavaThread "Active Thread: Equinox Container: 99c93605-3284-4fd4-b57d-e2d22021068f"        [_thread_blocked, id=26784, stack(0x000000b061200000,0x000000b061300000) (1024K)]
  0x00000260f9640f90 JavaThread "Refresh Thread: Equinox Container: 99c93605-3284-4fd4-b57d-e2d22021068f" daemon [_thread_blocked, id=27116, stack(0x000000b061a00000,0x000000b061b00000) (1024K)]
  0x00000260f963e830 JavaThread "Framework Event Dispatcher: Equinox Container: 99c93605-3284-4fd4-b57d-e2d22021068f" daemon [_thread_blocked, id=15472, stack(0x000000b061b00000,0x000000b061c00000) (1024K)]
  0x00000260f963e1a0 JavaThread "Start Level: Equinox Container: 99c93605-3284-4fd4-b57d-e2d22021068f" daemon [_thread_blocked, id=15412, stack(0x000000b061c00000,0x000000b061d00000) (1024K)]
  0x00000260f963f550 JavaThread "Bundle File Closer"         daemon [_thread_blocked, id=27148, stack(0x000000b062100000,0x000000b062200000) (1024K)]
  0x00000260f9640270 JavaThread "SCR Component Actor"        daemon [_thread_blocked, id=27204, stack(0x000000b061d00000,0x000000b061e00000) (1024K)]
  0x00000260f963fbe0 JavaThread "Worker-JM"                         [_thread_blocked, id=18792, stack(0x000000b061e00000,0x000000b061f00000) (1024K)]
  0x00000260f963eec0 JavaThread "Worker-0"                          [_thread_blocked, id=26644, stack(0x000000b062200000,0x000000b062300000) (1024K)]
  0x00000260fe53b480 JavaThread "Worker-1: Updating Maven Dependencies"        [_thread_in_vm, id=27324, stack(0x000000b062300000,0x000000b062400000) (1024K)]
  0x00000260fe53a760 JavaThread "Worker-2: Repository registry initialization"        [_thread_in_vm, id=26796, stack(0x000000b062500000,0x000000b062600000) (1024K)]
=>0x00000260d0745f90 JavaThread "C2 CompilerThread1"         daemon [_thread_in_native, id=21436, stack(0x000000b062400000,0x000000b062500000) (1024K)]
  0x00000260d0746e50 JavaThread "C2 CompilerThread2"         daemon [_thread_blocked, id=26812, stack(0x000000b062600000,0x000000b062700000) (1024K)]
  0x00000260fe53e270 JavaThread "Worker-3: Initialize After Load"        [_thread_blocked, id=7336, stack(0x000000b062700000,0x000000b062800000) (1024K)]
  0x00000260fe53c1a0 JavaThread "Java indexing"              daemon [_thread_blocked, id=25712, stack(0x000000b062800000,0x000000b062900000) (1024K)]
  0x00000260fe53dbe0 JavaThread "JNA Cleaner"                daemon [_thread_blocked, id=25664, stack(0x000000b062900000,0x000000b062a00000) (1024K)]
  0x00000260fe53adf0 JavaThread "Worker-4"                          [_thread_blocked, id=25544, stack(0x000000b062c00000,0x000000b062d00000) (1024K)]
  0x00000260fe53e900 JavaThread "Worker-5"                          [_thread_blocked, id=17444, stack(0x000000b062d00000,0x000000b062e00000) (1024K)]
  0x00000260fe53cec0 JavaThread "Thread-1"                   daemon [_thread_in_native, id=24116, stack(0x000000b062e00000,0x000000b062f00000) (1024K)]
  0x00000260fe53c830 JavaThread "Thread-2"                   daemon [_thread_in_native, id=20992, stack(0x000000b062f00000,0x000000b063000000) (1024K)]
  0x00000260fe53d550 JavaThread "Thread-3"                   daemon [_thread_in_native, id=23792, stack(0x000000b063000000,0x000000b063100000) (1024K)]
  0x00000260fe53ef90 JavaThread "Thread-4"                   daemon [_thread_in_native, id=22580, stack(0x000000b063100000,0x000000b063200000) (1024K)]
  0x00000260fe53bb10 JavaThread "Thread-5"                   daemon [_thread_in_native, id=27180, stack(0x000000b063200000,0x000000b063300000) (1024K)]
  0x00000260fe540340 JavaThread "Thread-6"                   daemon [_thread_in_native, id=24060, stack(0x000000b063300000,0x000000b063400000) (1024K)]
  0x00000260fe541d80 JavaThread "Thread-7"                   daemon [_thread_in_native, id=23156, stack(0x000000b063400000,0x000000b063500000) (1024K)]
  0x00000260fe53f620 JavaThread "Thread-8"                   daemon [_thread_in_native, id=25372, stack(0x000000b063500000,0x000000b063600000) (1024K)]
  0x00000260fe5409d0 JavaThread "Thread-9"                   daemon [_thread_in_native, id=27284, stack(0x000000b063600000,0x000000b063700000) (1024K)]
  0x00000260fe541060 JavaThread "Thread-10"                  daemon [_thread_in_native, id=27092, stack(0x000000b063700000,0x000000b063800000) (1024K)]
  0x00000260fe5416f0 JavaThread "Thread-11"                  daemon [_thread_in_native, id=27308, stack(0x000000b063800000,0x000000b063900000) (1024K)]
  0x00000260fe53fcb0 JavaThread "Thread-12"                  daemon [_thread_in_native, id=27184, stack(0x000000b063900000,0x000000b063a00000) (1024K)]
  0x00000260d1b503f0 JavaThread "Thread-13"                  daemon [_thread_in_native, id=27512, stack(0x000000b063a00000,0x000000b063b00000) (1024K)]
  0x00000260d1b4f040 JavaThread "pool-2-thread-1"                   [_thread_blocked, id=27508, stack(0x000000b063b00000,0x000000b063c00000) (1024K)]
  0x00000260d1b51110 JavaThread "WorkspaceEventsHandler"            [_thread_blocked, id=27136, stack(0x000000b063c00000,0x000000b063d00000) (1024K)]
  0x00000260d1b517a0 JavaThread "pool-1-thread-1"                   [_thread_blocked, id=27164, stack(0x000000b063d00000,0x000000b063e00000) (1024K)]
Total: 44

Other Threads:
  0x00000260ef984540 VMThread "VM Thread"                           [id=26960, stack(0x000000b060700000,0x000000b060800000) (1024K)]
  0x00000260ef87ca00 WatcherThread "VM Periodic Task Thread"        [id=26956, stack(0x000000b060600000,0x000000b060700000) (1024K)]
  0x00000260efa0a420 WorkerThread "GC Thread#0"                     [id=26936, stack(0x000000b060500000,0x000000b060600000) (1024K)]
  0x00000260f9a2a2d0 WorkerThread "GC Thread#1"                     [id=27464, stack(0x000000b061400000,0x000000b061500000) (1024K)]
  0x00000260fe101010 WorkerThread "GC Thread#2"                     [id=27468, stack(0x000000b061500000,0x000000b061600000) (1024K)]
  0x00000260fe1013c0 WorkerThread "GC Thread#3"                     [id=27472, stack(0x000000b061600000,0x000000b061700000) (1024K)]
  0x00000260fe101770 WorkerThread "GC Thread#4"                     [id=27476, stack(0x000000b061700000,0x000000b061800000) (1024K)]
  0x00000260fe101b20 WorkerThread "GC Thread#5"                     [id=27480, stack(0x000000b061800000,0x000000b061900000) (1024K)]
  0x00000260f9af36d0 WorkerThread "GC Thread#6"                     [id=27484, stack(0x000000b061900000,0x000000b061a00000) (1024K)]
  0x00000260fe26fde0 WorkerThread "GC Thread#7"                     [id=12292, stack(0x000000b061300000,0x000000b061400000) (1024K)]
  0x00000260fe1afbc0 WorkerThread "GC Thread#8"                     [id=27152, stack(0x000000b061f00000,0x000000b062000000) (1024K)]
  0x00000260fe6da1a0 WorkerThread "GC Thread#9"                     [id=27156, stack(0x000000b062000000,0x000000b062100000) (1024K)]
Total: 12

Threads with active compile tasks:
C2 CompilerThread0  17089 5751       4       java.lang.invoke.MethodType::makeImpl (109 bytes)
C1 CompilerThread0  17089 5809       3       java.lang.invoke.InnerClassLambdaMetafactory::spinInnerClass (118 bytes)
C2 CompilerThread1  17090 5626   !   4       org.eclipse.osgi.internal.loader.classpath.ClasspathManager::findClassImpl (328 bytes)
Total: 3

VM state: not at safepoint (normal execution)

VM Mutex/Monitor currently owned by a thread: None

Heap address: 0x0000000080000000, size: 2048 MB, Compressed Oops mode: 32-bit

CDS archive(s) mapped at: [0x000002608f000000-0x000002608fba0000-0x000002608fba0000), size 12189696, SharedBaseAddress: 0x000002608f000000, ArchiveRelocationMode: 1.
Compressed class space mapped at: 0x0000026090000000-0x00000260d0000000, reserved size: 1073741824
Narrow klass base: 0x000002608f000000, Narrow klass shift: 0, Narrow klass range: 0x100000000

GC Precious Log:
 CardTable entry size: 512
 CPUs: 12 total, 12 available
 Memory: 7598M
 Large Page Support: Disabled
 NUMA Support: Disabled
 Compressed Oops: Enabled (32-bit)
 Alignments: Space 512K, Generation 512K, Heap 2M
 Heap Min Capacity: 100M
 Heap Initial Capacity: 100M
 Heap Max Capacity: 2G
 Pre-touch: Disabled
 Parallel Workers: 10

Heap:
 PSYoungGen      total 23552K, used 12465K [0x00000000d5580000, 0x00000000d7100000, 0x0000000100000000)
  eden space 22016K, 49% used [0x00000000d5580000,0x00000000d602c668,0x00000000d6b00000)
  from space 1536K, 100% used [0x00000000d6f00000,0x00000000d7080000,0x00000000d7080000)
  to   space 512K, 0% used [0x00000000d7080000,0x00000000d7080000,0x00000000d7100000)
 ParOldGen       total 68608K, used 21136K [0x0000000080000000, 0x0000000084300000, 0x00000000d5580000)
  object space 68608K, 30% used [0x0000000080000000,0x00000000814a4250,0x0000000084300000)
 Metaspace       used 42906K, committed 44032K, reserved 1114112K
  class space    used 4706K, committed 5184K, reserved 1048576K

Card table byte_map: [0x00000260ef390000,0x00000260ef7a0000] _byte_map_base: 0x00000260eef90000

Marking Bits: (ParMarkBitMap*) 0x00007ffb9c044460
 Begin Bits: [0x00000260f2ea0000, 0x00000260f4ea0000)
 End Bits:   [0x00000260f4ea0000, 0x00000260f6ea0000)

Polling page: 0x00000260ed830000

Metaspace:

Usage:
  Non-class:     37.30 MB used.
      Class:      4.60 MB used.
       Both:     41.90 MB used.

Virtual space:
  Non-class space:       64.00 MB reserved,      37.94 MB ( 59%) committed,  1 nodes.
      Class space:        1.00 GB reserved,       5.06 MB ( <1%) committed,  1 nodes.
             Both:        1.06 GB reserved,      43.00 MB (  4%) committed. 

Chunk freelists:
   Non-Class:  9.17 MB
       Class:  10.95 MB
        Both:  20.12 MB

MaxMetaspaceSize: unlimited
CompressedClassSpaceSize: 1.00 GB
Initial GC threshold: 21.00 MB
Current GC threshold: 58.38 MB
CDS: on
 - commit_granule_bytes: 65536.
 - commit_granule_words: 8192.
 - virtual_space_node_default_size: 8388608.
 - enlarge_chunks_in_place: 1.
 - use_allocation_guard: 0.


Internal statistics:

num_allocs_failed_limit: 6.
num_arena_births: 808.
num_arena_deaths: 40.
num_vsnodes_births: 2.
num_vsnodes_deaths: 0.
num_space_committed: 688.
num_space_uncommitted: 0.
num_chunks_returned_to_freelist: 53.
num_chunks_taken_from_freelist: 2768.
num_chunk_merges: 11.
num_chunk_splits: 1677.
num_chunks_enlarged: 935.
num_inconsistent_stats: 0.

CodeHeap 'non-profiled nmethods': size=120000Kb used=2568Kb max_used=2568Kb free=117431Kb
 bounds [0x0000026087ad0000, 0x0000026087d60000, 0x000002608f000000]
CodeHeap 'profiled nmethods': size=120000Kb used=10498Kb max_used=10498Kb free=109501Kb
 bounds [0x0000026080000000, 0x0000026080a50000, 0x0000026087530000]
CodeHeap 'non-nmethods': size=5760Kb used=1352Kb max_used=1418Kb free=4407Kb
 bounds [0x0000026087530000, 0x00000260877a0000, 0x0000026087ad0000]
CodeCache: size=245760Kb, used=14418Kb, max_used=14484Kb, free=231339Kb
 total_blobs=5893, nmethods=5245, adapters=554, full_count=0
Compilation: enabled, stopped_count=0, restarted_count=0

Compilation events (20 events):
Event: 16.010 Thread 0x00000260d0746e50 5763       4       jdk.internal.org.objectweb.asm.SymbolTable::put (150 bytes)
Event: 16.010 Thread 0x00000260f932e530 nmethod 5774 0x0000026080a2b090 code [0x0000026080a2b240, 0x0000026080a2b440]
Event: 16.014 Thread 0x00000260f932e530 5775       3       org.eclipse.sisu.bean.BeanPropertyField::getType (11 bytes)
Event: 16.016 Thread 0x00000260f932e530 nmethod 5775 0x0000026080a2b510 code [0x0000026080a2b820, 0x0000026080a2cb88]
Event: 16.016 Thread 0x00000260f932e530 5777       3       java.util.AbstractSequentialList::<init> (5 bytes)
Event: 16.016 Thread 0x00000260f932e530 nmethod 5777 0x0000026080a2d310 code [0x0000026080a2d4c0, 0x0000026080a2d6f0]
Event: 16.018 Thread 0x00000260f932e530 5778   !   3       sun.reflect.generics.factory.CoreReflectionFactory::makeNamedType (21 bytes)
Event: 16.018 Thread 0x00000260f932e530 nmethod 5778 0x0000026080a2d810 code [0x0000026080a2d9e0, 0x0000026080a2dc78]
Event: 16.018 Thread 0x00000260f932e530 5779       3       sun.reflect.generics.factory.CoreReflectionFactory::getDeclsLoader (85 bytes)
Event: 16.019 Thread 0x00000260f932e530 nmethod 5779 0x0000026080a2de10 code [0x0000026080a2e060, 0x0000026080a2ebf0]
Event: 16.020 Thread 0x00000260d0746e50 nmethod 5763 0x0000026087d4f090 code [0x0000026087d4f240, 0x0000026087d4f6b8]
Event: 16.020 Thread 0x00000260d0746e50 5776       4       java.util.Arrays::equals (43 bytes)
Event: 16.020 Thread 0x00000260f932e530 5780       3       com.google.inject.internal.aop.ClassBuilding::visitMembers (46 bytes)
Event: 16.021 Thread 0x00000260f932e530 nmethod 5780 0x0000026080a2ee90 code [0x0000026080a2f080, 0x0000026080a2f528]
Event: 16.021 Thread 0x00000260f932e530 5781       3       org.objectweb.asm.ClassWriter::visitField (53 bytes)
Event: 16.021 Thread 0x00000260f932e530 nmethod 5781 0x0000026080a2f710 code [0x0000026080a2f8c0, 0x0000026080a2fb48]
Event: 16.021 Thread 0x00000260f932e530 5782       3       org.objectweb.asm.FieldWriter::<init> (69 bytes)
Event: 16.021 Thread 0x00000260d0746e50 nmethod 5776 0x0000026087d4f910 code [0x0000026087d4faa0, 0x0000026087d4fb90]
Event: 16.022 Thread 0x00000260d0746e50 5772       4       java.lang.invoke.MethodType::<init> (15 bytes)
Event: 17.028 Thread 0x00000260f932e530 nmethod 5782 0x0000026080a2fc90 code [0x0000026080a2fe80, 0x0000026080a301f8]

GC Heap History (20 events):
Event: 11.584 GC heap before
{Heap before GC invocations=10 (full 1):
 PSYoungGen      total 29184K, used 24064K [0x00000000d5580000, 0x00000000d7a00000, 0x0000000100000000)
  eden space 24064K, 100% used [0x00000000d5580000,0x00000000d6d00000,0x00000000d6d00000)
  from space 5120K, 0% used [0x00000000d7500000,0x00000000d7500000,0x00000000d7a00000)
  to   space 6144K, 0% used [0x00000000d6e00000,0x00000000d6e00000,0x00000000d7400000)
 ParOldGen       total 68608K, used 15235K [0x0000000080000000, 0x0000000084300000, 0x00000000d5580000)
  object space 68608K, 22% used [0x0000000080000000,0x0000000080ee0d58,0x0000000084300000)
 Metaspace       used 23986K, committed 24768K, reserved 1114112K
  class space    used 2394K, committed 2752K, reserved 1048576K
}
Event: 11.587 GC heap after
{Heap after GC invocations=10 (full 1):
 PSYoungGen      total 24064K, used 320K [0x00000000d5580000, 0x00000000d7580000, 0x0000000100000000)
  eden space 23552K, 0% used [0x00000000d5580000,0x00000000d5580000,0x00000000d6c80000)
  from space 512K, 62% used [0x00000000d6e00000,0x00000000d6e50000,0x00000000d6e80000)
  to   space 2560K, 0% used [0x00000000d7300000,0x00000000d7300000,0x00000000d7580000)
 ParOldGen       total 68608K, used 15243K [0x0000000080000000, 0x0000000084300000, 0x00000000d5580000)
  object space 68608K, 22% used [0x0000000080000000,0x0000000080ee2d58,0x0000000084300000)
 Metaspace       used 23986K, committed 24768K, reserved 1114112K
  class space    used 2394K, committed 2752K, reserved 1048576K
}
Event: 11.892 GC heap before
{Heap before GC invocations=11 (full 1):
 PSYoungGen      total 24064K, used 23872K [0x00000000d5580000, 0x00000000d7580000, 0x0000000100000000)
  eden space 23552K, 100% used [0x00000000d5580000,0x00000000d6c80000,0x00000000d6c80000)
  from space 512K, 62% used [0x00000000d6e00000,0x00000000d6e50000,0x00000000d6e80000)
  to   space 2560K, 0% used [0x00000000d7300000,0x00000000d7300000,0x00000000d7580000)
 ParOldGen       total 68608K, used 15243K [0x0000000080000000, 0x0000000084300000, 0x00000000d5580000)
  object space 68608K, 22% used [0x0000000080000000,0x0000000080ee2d58,0x0000000084300000)
 Metaspace       used 25637K, committed 26496K, reserved 1114112K
  class space    used 2528K, committed 2880K, reserved 1048576K
}
Event: 11.895 GC heap after
{Heap after GC invocations=11 (full 1):
 PSYoungGen      total 25600K, used 2280K [0x00000000d5580000, 0x00000000d7580000, 0x0000000100000000)
  eden space 23040K, 0% used [0x00000000d5580000,0x00000000d5580000,0x00000000d6c00000)
  from space 2560K, 89% used [0x00000000d7300000,0x00000000d753a2b0,0x00000000d7580000)
  to   space 3072K, 0% used [0x00000000d6f80000,0x00000000d6f80000,0x00000000d7280000)
 ParOldGen       total 68608K, used 15251K [0x0000000080000000, 0x0000000084300000, 0x00000000d5580000)
  object space 68608K, 22% used [0x0000000080000000,0x0000000080ee4d58,0x0000000084300000)
 Metaspace       used 25637K, committed 26496K, reserved 1114112K
  class space    used 2528K, committed 2880K, reserved 1048576K
}
Event: 12.520 GC heap before
{Heap before GC invocations=12 (full 1):
 PSYoungGen      total 25600K, used 25320K [0x00000000d5580000, 0x00000000d7580000, 0x0000000100000000)
  eden space 23040K, 100% used [0x00000000d5580000,0x00000000d6c00000,0x00000000d6c00000)
  from space 2560K, 89% used [0x00000000d7300000,0x00000000d753a2b0,0x00000000d7580000)
  to   space 3072K, 0% used [0x00000000d6f80000,0x00000000d6f80000,0x00000000d7280000)
 ParOldGen       total 68608K, used 15251K [0x0000000080000000, 0x0000000084300000, 0x00000000d5580000)
  object space 68608K, 22% used [0x0000000080000000,0x0000000080ee4d58,0x0000000084300000)
 Metaspace       used 28296K, committed 29248K, reserved 1114112K
  class space    used 2833K, committed 3264K, reserved 1048576K
}
Event: 12.526 GC heap after
{Heap after GC invocations=12 (full 1):
 PSYoungGen      total 24064K, used 1156K [0x00000000d5580000, 0x00000000d7380000, 0x0000000100000000)
  eden space 22528K, 0% used [0x00000000d5580000,0x00000000d5580000,0x00000000d6b80000)
  from space 1536K, 75% used [0x00000000d6f80000,0x00000000d70a1350,0x00000000d7100000)
  to   space 2048K, 0% used [0x00000000d7180000,0x00000000d7180000,0x00000000d7380000)
 ParOldGen       total 68608K, used 17330K [0x0000000080000000, 0x0000000084300000, 0x00000000d5580000)
  object space 68608K, 25% used [0x0000000080000000,0x00000000810ec8a8,0x0000000084300000)
 Metaspace       used 28296K, committed 29248K, reserved 1114112K
  class space    used 2833K, committed 3264K, reserved 1048576K
}
Event: 12.976 GC heap before
{Heap before GC invocations=13 (full 1):
 PSYoungGen      total 24064K, used 23684K [0x00000000d5580000, 0x00000000d7380000, 0x0000000100000000)
  eden space 22528K, 100% used [0x00000000d5580000,0x00000000d6b80000,0x00000000d6b80000)
  from space 1536K, 75% used [0x00000000d6f80000,0x00000000d70a1350,0x00000000d7100000)
  to   space 2048K, 0% used [0x00000000d7180000,0x00000000d7180000,0x00000000d7380000)
 ParOldGen       total 68608K, used 17330K [0x0000000080000000, 0x0000000084300000, 0x00000000d5580000)
  object space 68608K, 25% used [0x0000000080000000,0x00000000810ec8a8,0x0000000084300000)
 Metaspace       used 31165K, committed 32192K, reserved 1114112K
  class space    used 3209K, committed 3648K, reserved 1048576K
}
Event: 12.980 GC heap after
{Heap after GC invocations=13 (full 1):
 PSYoungGen      total 23552K, used 1085K [0x00000000d5580000, 0x00000000d7300000, 0x0000000100000000)
  eden space 22016K, 0% used [0x00000000d5580000,0x00000000d5580000,0x00000000d6b00000)
  from space 1536K, 70% used [0x00000000d7180000,0x00000000d728f6b0,0x00000000d7300000)
  to   space 1536K, 0% used [0x00000000d7000000,0x00000000d7000000,0x00000000d7180000)
 ParOldGen       total 68608K, used 18278K [0x0000000080000000, 0x0000000084300000, 0x00000000d5580000)
  object space 68608K, 26% used [0x0000000080000000,0x00000000811d9bf8,0x0000000084300000)
 Metaspace       used 31165K, committed 32192K, reserved 1114112K
  class space    used 3209K, committed 3648K, reserved 1048576K
}
Event: 13.366 GC heap before
{Heap before GC invocations=14 (full 1):
 PSYoungGen      total 23552K, used 23101K [0x00000000d5580000, 0x00000000d7300000, 0x0000000100000000)
  eden space 22016K, 100% used [0x00000000d5580000,0x00000000d6b00000,0x00000000d6b00000)
  from space 1536K, 70% used [0x00000000d7180000,0x00000000d728f6b0,0x00000000d7300000)
  to   space 1536K, 0% used [0x00000000d7000000,0x00000000d7000000,0x00000000d7180000)
 ParOldGen       total 68608K, used 18278K [0x0000000080000000, 0x0000000084300000, 0x00000000d5580000)
  object space 68608K, 26% used [0x0000000080000000,0x00000000811d9bf8,0x0000000084300000)
 Metaspace       used 33190K, committed 34304K, reserved 1114112K
  class space    used 3457K, committed 3904K, reserved 1048576K
}
Event: 13.370 GC heap after
{Heap after GC invocations=14 (full 1):
 PSYoungGen      total 23552K, used 1526K [0x00000000d5580000, 0x00000000d7200000, 0x0000000100000000)
  eden space 22016K, 0% used [0x00000000d5580000,0x00000000d5580000,0x00000000d6b00000)
  from space 1536K, 99% used [0x00000000d7000000,0x00000000d717d900,0x00000000d7180000)
  to   space 512K, 0% used [0x00000000d7180000,0x00000000d7180000,0x00000000d7200000)
 ParOldGen       total 68608K, used 19305K [0x0000000080000000, 0x0000000084300000, 0x00000000d5580000)
  object space 68608K, 28% used [0x0000000080000000,0x00000000812da4c8,0x0000000084300000)
 Metaspace       used 33190K, committed 34304K, reserved 1114112K
  class space    used 3457K, committed 3904K, reserved 1048576K
}
Event: 13.512 GC heap before
{Heap before GC invocations=15 (full 1):
 PSYoungGen      total 23552K, used 14137K [0x00000000d5580000, 0x00000000d7200000, 0x0000000100000000)
  eden space 22016K, 57% used [0x00000000d5580000,0x00000000d61d0ee0,0x00000000d6b00000)
  from space 1536K, 99% used [0x00000000d7000000,0x00000000d717d900,0x00000000d7180000)
  to   space 512K, 0% used [0x00000000d7180000,0x00000000d7180000,0x00000000d7200000)
 ParOldGen       total 68608K, used 19305K [0x0000000080000000, 0x0000000084300000, 0x00000000d5580000)
  object space 68608K, 28% used [0x0000000080000000,0x00000000812da4c8,0x0000000084300000)
 Metaspace       used 34682K, committed 35840K, reserved 1114112K
  class space    used 3636K, committed 4160K, reserved 1048576K
}
Event: 13.515 GC heap after
{Heap after GC invocations=15 (full 1):
 PSYoungGen      total 22528K, used 448K [0x00000000d5580000, 0x00000000d7200000, 0x0000000100000000)
  eden space 22016K, 0% used [0x00000000d5580000,0x00000000d5580000,0x00000000d6b00000)
  from space 512K, 87% used [0x00000000d7180000,0x00000000d71f0000,0x00000000d7200000)
  to   space 1536K, 0% used [0x00000000d6f00000,0x00000000d6f00000,0x00000000d7080000)
 ParOldGen       total 68608K, used 20724K [0x0000000080000000, 0x0000000084300000, 0x00000000d5580000)
  object space 68608K, 30% used [0x0000000080000000,0x000000008143d280,0x0000000084300000)
 Metaspace       used 34682K, committed 35840K, reserved 1114112K
  class space    used 3636K, committed 4160K, reserved 1048576K
}
Event: 13.515 GC heap before
{Heap before GC invocations=16 (full 2):
 PSYoungGen      total 22528K, used 448K [0x00000000d5580000, 0x00000000d7200000, 0x0000000100000000)
  eden space 22016K, 0% used [0x00000000d5580000,0x00000000d5580000,0x00000000d6b00000)
  from space 512K, 87% used [0x00000000d7180000,0x00000000d71f0000,0x00000000d7200000)
  to   space 1536K, 0% used [0x00000000d6f00000,0x00000000d6f00000,0x00000000d7080000)
 ParOldGen       total 68608K, used 20724K [0x0000000080000000, 0x0000000084300000, 0x00000000d5580000)
  object space 68608K, 30% used [0x0000000080000000,0x000000008143d280,0x0000000084300000)
 Metaspace       used 34682K, committed 35840K, reserved 1114112K
  class space    used 3636K, committed 4160K, reserved 1048576K
}
Event: 13.580 GC heap after
{Heap after GC invocations=16 (full 2):
 PSYoungGen      total 22528K, used 0K [0x00000000d5580000, 0x00000000d7200000, 0x0000000100000000)
  eden space 22016K, 0% used [0x00000000d5580000,0x00000000d5580000,0x00000000d6b00000)
  from space 512K, 0% used [0x00000000d7180000,0x00000000d7180000,0x00000000d7200000)
  to   space 1536K, 0% used [0x00000000d6f00000,0x00000000d6f00000,0x00000000d7080000)
 ParOldGen       total 68608K, used 18037K [0x0000000080000000, 0x0000000084300000, 0x00000000d5580000)
  object space 68608K, 26% used [0x0000000080000000,0x000000008119d520,0x0000000084300000)
 Metaspace       used 34659K, committed 35840K, reserved 1114112K
  class space    used 3629K, committed 4160K, reserved 1048576K
}
Event: 13.939 GC heap before
{Heap before GC invocations=17 (full 2):
 PSYoungGen      total 22528K, used 22016K [0x00000000d5580000, 0x00000000d7200000, 0x0000000100000000)
  eden space 22016K, 100% used [0x00000000d5580000,0x00000000d6b00000,0x00000000d6b00000)
  from space 512K, 0% used [0x00000000d7180000,0x00000000d7180000,0x00000000d7200000)
  to   space 1536K, 0% used [0x00000000d6f00000,0x00000000d6f00000,0x00000000d7080000)
 ParOldGen       total 68608K, used 18037K [0x0000000080000000, 0x0000000084300000, 0x00000000d5580000)
  object space 68608K, 26% used [0x0000000080000000,0x000000008119d520,0x0000000084300000)
 Metaspace       used 36722K, committed 37888K, reserved 1114112K
  class space    used 3911K, committed 4416K, reserved 1048576K
}
Event: 13.941 GC heap after
{Heap after GC invocations=17 (full 2):
 PSYoungGen      total 23552K, used 1536K [0x00000000d5580000, 0x00000000d7200000, 0x0000000100000000)
  eden space 22016K, 0% used [0x00000000d5580000,0x00000000d5580000,0x00000000d6b00000)
  from space 1536K, 100% used [0x00000000d6f00000,0x00000000d7080000,0x00000000d7080000)
  to   space 1536K, 0% used [0x00000000d7080000,0x00000000d7080000,0x00000000d7200000)
 ParOldGen       total 68608K, used 18637K [0x0000000080000000, 0x0000000084300000, 0x00000000d5580000)
  object space 68608K, 27% used [0x0000000080000000,0x0000000081233520,0x0000000084300000)
 Metaspace       used 36722K, committed 37888K, reserved 1114112K
  class space    used 3911K, committed 4416K, reserved 1048576K
}
Event: 14.432 GC heap before
{Heap before GC invocations=18 (full 2):
 PSYoungGen      total 23552K, used 23552K [0x00000000d5580000, 0x00000000d7200000, 0x0000000100000000)
  eden space 22016K, 100% used [0x00000000d5580000,0x00000000d6b00000,0x00000000d6b00000)
  from space 1536K, 100% used [0x00000000d6f00000,0x00000000d7080000,0x00000000d7080000)
  to   space 1536K, 0% used [0x00000000d7080000,0x00000000d7080000,0x00000000d7200000)
 ParOldGen       total 68608K, used 18637K [0x0000000080000000, 0x0000000084300000, 0x00000000d5580000)
  object space 68608K, 27% used [0x0000000080000000,0x0000000081233520,0x0000000084300000)
 Metaspace       used 39241K, committed 40320K, reserved 1114112K
  class space    used 4216K, committed 4672K, reserved 1048576K
}
Event: 14.436 GC heap after
{Heap after GC invocations=18 (full 2):
 PSYoungGen      total 23552K, used 1056K [0x00000000d5580000, 0x00000000d7200000, 0x0000000100000000)
  eden space 22016K, 0% used [0x00000000d5580000,0x00000000d5580000,0x00000000d6b00000)
  from space 1536K, 68% used [0x00000000d7080000,0x00000000d7188000,0x00000000d7200000)
  to   space 1536K, 0% used [0x00000000d6f00000,0x00000000d6f00000,0x00000000d7080000)
 ParOldGen       total 68608K, used 20133K [0x0000000080000000, 0x0000000084300000, 0x00000000d5580000)
  object space 68608K, 29% used [0x0000000080000000,0x00000000813a9530,0x0000000084300000)
 Metaspace       used 39241K, committed 40320K, reserved 1114112K
  class space    used 4216K, committed 4672K, reserved 1048576K
}
Event: 15.303 GC heap before
{Heap before GC invocations=19 (full 2):
 PSYoungGen      total 23552K, used 23072K [0x00000000d5580000, 0x00000000d7200000, 0x0000000100000000)
  eden space 22016K, 100% used [0x00000000d5580000,0x00000000d6b00000,0x00000000d6b00000)
  from space 1536K, 68% used [0x00000000d7080000,0x00000000d7188000,0x00000000d7200000)
  to   space 1536K, 0% used [0x00000000d6f00000,0x00000000d6f00000,0x00000000d7080000)
 ParOldGen       total 68608K, used 20133K [0x0000000080000000, 0x0000000084300000, 0x00000000d5580000)
  object space 68608K, 29% used [0x0000000080000000,0x00000000813a9530,0x0000000084300000)
 Metaspace       used 41746K, committed 42944K, reserved 1114112K
  class space    used 4558K, committed 5056K, reserved 1048576K
}
Event: 15.308 GC heap after
{Heap after GC invocations=19 (full 2):
 PSYoungGen      total 23552K, used 1536K [0x00000000d5580000, 0x00000000d7100000, 0x0000000100000000)
  eden space 22016K, 0% used [0x00000000d5580000,0x00000000d5580000,0x00000000d6b00000)
  from space 1536K, 100% used [0x00000000d6f00000,0x00000000d7080000,0x00000000d7080000)
  to   space 512K, 0% used [0x00000000d7080000,0x00000000d7080000,0x00000000d7100000)
 ParOldGen       total 68608K, used 21136K [0x0000000080000000, 0x0000000084300000, 0x00000000d5580000)
  object space 68608K, 30% used [0x0000000080000000,0x00000000814a4250,0x0000000084300000)
 Metaspace       used 41746K, committed 42944K, reserved 1114112K
  class space    used 4558K, committed 5056K, reserved 1048576K
}

Dll operation events (10 events):
Event: 0.059 Loaded shared library c:\Users\Admin\.vscode\extensions\redhat.java-1.55.0-win32-x64\jre\21.0.11-win32-x86_64\bin\java.dll
Event: 0.353 Loaded shared library c:\Users\Admin\.vscode\extensions\redhat.java-1.55.0-win32-x64\jre\21.0.11-win32-x86_64\bin\zip.dll
Event: 0.399 Loaded shared library C:\Users\Admin\.vscode\extensions\redhat.java-1.55.0-win32-x64\jre\21.0.11-win32-x86_64\bin\instrument.dll
Event: 0.413 Loaded shared library C:\Users\Admin\.vscode\extensions\redhat.java-1.55.0-win32-x64\jre\21.0.11-win32-x86_64\bin\net.dll
Event: 0.419 Loaded shared library C:\Users\Admin\.vscode\extensions\redhat.java-1.55.0-win32-x64\jre\21.0.11-win32-x86_64\bin\nio.dll
Event: 0.466 Loaded shared library C:\Users\Admin\.vscode\extensions\redhat.java-1.55.0-win32-x64\jre\21.0.11-win32-x86_64\bin\zip.dll
Event: 0.532 Loaded shared library C:\Users\Admin\.vscode\extensions\redhat.java-1.55.0-win32-x64\jre\21.0.11-win32-x86_64\bin\jimage.dll
Event: 0.823 Loaded shared library c:\Users\Admin\.vscode\extensions\redhat.java-1.55.0-win32-x64\jre\21.0.11-win32-x86_64\bin\verify.dll
Event: 4.315 Loaded shared library C:\Users\Admin\AppData\Roaming\Code\User\globalStorage\redhat.java\1.55.0\config_win\org.eclipse.equinox.launcher\org.eclipse.equinox.launcher.win32.win32.x86_64_1.3.100.v20260613-0559\eclipse_11924.dll
Event: 12.987 Loaded shared library C:\Users\Admin\AppData\Local\Temp\jna-63116079\jna3925964575330078648.dll

Deoptimization events (20 events):
Event: 15.854 Thread 0x00000260fe53a760 Uncommon trap: trap_request=0xffffffd6 fr.pc=0x0000026087d45bcc relative=0x0000000000000d0c
Event: 15.854 Thread 0x00000260fe53a760 Uncommon trap: reason=array_check action=maybe_recompile pc=0x0000026087d45bcc method=com.google.inject.internal.MoreTypes$ParameterizedTypeImpl.<init>(Ljava/lang/reflect/Type;Ljava/lang/reflect/Type;[Ljava/lang/reflect/Type;)V @ 200 c2
Event: 15.854 Thread 0x00000260fe53a760 DEOPT PACKING pc=0x0000026087d45bcc sp=0x000000b0625fbc40
Event: 15.854 Thread 0x00000260fe53a760 DEOPT UNPACKING pc=0x0000026087583aa2 sp=0x000000b0625fbaf8 mode 2
Event: 15.854 Thread 0x00000260fe53a760 Uncommon trap: trap_request=0xffffffd6 fr.pc=0x0000026087d45bcc relative=0x0000000000000d0c
Event: 15.854 Thread 0x00000260fe53a760 Uncommon trap: reason=array_check action=maybe_recompile pc=0x0000026087d45bcc method=com.google.inject.internal.MoreTypes$ParameterizedTypeImpl.<init>(Ljava/lang/reflect/Type;Ljava/lang/reflect/Type;[Ljava/lang/reflect/Type;)V @ 200 c2
Event: 15.854 Thread 0x00000260fe53a760 DEOPT PACKING pc=0x0000026087d45bcc sp=0x000000b0625fbc20
Event: 15.854 Thread 0x00000260fe53a760 DEOPT UNPACKING pc=0x0000026087583aa2 sp=0x000000b0625fbad8 mode 2
Event: 15.881 Thread 0x00000260fe53a760 Uncommon trap: trap_request=0xffffff54 fr.pc=0x0000026087cc025c relative=0x000000000000533c
Event: 15.881 Thread 0x00000260fe53a760 Uncommon trap: reason=speculate_null_assert action=make_not_entrant pc=0x0000026087cc025c method=jdk.internal.util.ReferencedKeyMap.existingKey(Ljdk/internal/util/ReferencedKeyMap;Ljava/lang/Object;)Ljava/lang/Object; @ 18 c2
Event: 15.881 Thread 0x00000260fe53a760 DEOPT PACKING pc=0x0000026087cc025c sp=0x000000b0625fdb50
Event: 15.881 Thread 0x00000260fe53a760 DEOPT UNPACKING pc=0x0000026087583aa2 sp=0x000000b0625fda30 mode 2
Event: 15.886 Thread 0x00000260fe53b480 Uncommon trap: trap_request=0xffffff45 fr.pc=0x0000026087c7bddc relative=0x000000000000027c
Event: 15.886 Thread 0x00000260fe53b480 Uncommon trap: reason=unstable_if action=reinterpret pc=0x0000026087c7bddc method=java.util.concurrent.locks.ReentrantReadWriteLock$Sync.tryAcquireShared(I)I @ 55 c2
Event: 15.886 Thread 0x00000260fe53b480 DEOPT PACKING pc=0x0000026087c7bddc sp=0x000000b0623fe1d0
Event: 15.886 Thread 0x00000260fe53b480 DEOPT UNPACKING pc=0x0000026087583aa2 sp=0x000000b0623fe0f8 mode 2
Event: 15.944 Thread 0x00000260fe53a760 Uncommon trap: trap_request=0xffffffd6 fr.pc=0x0000026087d42df0 relative=0x0000000000000930
Event: 15.944 Thread 0x00000260fe53a760 Uncommon trap: reason=array_check action=maybe_recompile pc=0x0000026087d42df0 method=com.google.inject.internal.MoreTypes$ParameterizedTypeImpl.<init>(Ljava/lang/reflect/Type;Ljava/lang/reflect/Type;[Ljava/lang/reflect/Type;)V @ 200 c2
Event: 15.944 Thread 0x00000260fe53a760 DEOPT PACKING pc=0x0000026087d42df0 sp=0x000000b0625f9f30
Event: 15.944 Thread 0x00000260fe53a760 DEOPT UNPACKING pc=0x0000026087583aa2 sp=0x000000b0625f9e50 mode 2

Classes loaded (20 events):
Event: 14.388 Loading class java/nio/channels/SelectableChannel
Event: 14.388 Loading class java/nio/channels/SelectableChannel done
Event: 14.388 Loading class java/nio/channels/spi/AbstractSelectableChannel done
Event: 14.388 Loading class java/nio/channels/SocketChannel done
Event: 14.391 Loading class java/nio/channels/ServerSocketChannel
Event: 14.391 Loading class java/nio/channels/ServerSocketChannel done
Event: 14.402 Loading class sun/reflect/generics/repository/FieldRepository
Event: 14.402 Loading class sun/reflect/generics/repository/FieldRepository done
Event: 14.410 Loading class jdk/internal/reflect/MethodHandleIntegerFieldAccessorImpl
Event: 14.410 Loading class jdk/internal/reflect/MethodHandleIntegerFieldAccessorImpl done
Event: 14.615 Loading class java/nio/file/AccessDeniedException
Event: 14.615 Loading class java/nio/file/AccessDeniedException done
Event: 14.731 Loading class java/lang/ExceptionInInitializerError
Event: 14.731 Loading class java/lang/ExceptionInInitializerError done
Event: 14.732 Loading class sun/misc/Unsafe
Event: 14.733 Loading class sun/misc/Unsafe done
Event: 14.778 Loading class jdk/internal/org/objectweb/asm/ClassReader
Event: 14.779 Loading class jdk/internal/org/objectweb/asm/ClassReader done
Event: 15.460 Loading class java/lang/ProcessEnvironment$CheckedKeySet
Event: 15.465 Loading class java/lang/ProcessEnvironment$CheckedKeySet done

Classes unloaded (20 events):
Event: 11.100 Thread 0x00000260ef984540 Unloading class 0x00000260901acc00 'java/lang/invoke/LambdaForm$MH+0x00000260901acc00'
Event: 11.100 Thread 0x00000260ef984540 Unloading class 0x00000260901ac800 'java/lang/invoke/LambdaForm$MH+0x00000260901ac800'
Event: 11.100 Thread 0x00000260ef984540 Unloading class 0x00000260901ac400 'java/lang/invoke/LambdaForm$MH+0x00000260901ac400'
Event: 11.100 Thread 0x00000260ef984540 Unloading class 0x00000260901ac000 'java/lang/invoke/LambdaForm$MH+0x00000260901ac000'
Event: 11.100 Thread 0x00000260ef984540 Unloading class 0x00000260901abc00 'java/lang/invoke/LambdaForm$BMH+0x00000260901abc00'
Event: 11.100 Thread 0x00000260ef984540 Unloading class 0x00000260901ab800 'java/lang/invoke/LambdaForm$DMH+0x00000260901ab800'
Event: 11.100 Thread 0x00000260ef984540 Unloading class 0x00000260901aa400 'java/lang/invoke/LambdaForm$DMH+0x00000260901aa400'
Event: 13.526 Thread 0x00000260ef984540 Unloading class 0x00000260902f9400 'java/lang/invoke/LambdaForm$MH+0x00000260902f9400'
Event: 13.526 Thread 0x00000260ef984540 Unloading class 0x00000260902f8c00 'java/lang/invoke/LambdaForm$MH+0x00000260902f8c00'
Event: 13.526 Thread 0x00000260ef984540 Unloading class 0x00000260902f8400 'java/lang/invoke/LambdaForm$MH+0x00000260902f8400'
Event: 13.526 Thread 0x00000260ef984540 Unloading class 0x00000260902f3c00 'java/lang/invoke/LambdaForm$MH+0x00000260902f3c00'
Event: 13.526 Thread 0x00000260ef984540 Unloading class 0x00000260902f3000 'java/lang/invoke/LambdaForm$MH+0x00000260902f3000'
Event: 13.526 Thread 0x00000260ef984540 Unloading class 0x00000260902ef800 'java/lang/invoke/LambdaForm$MH+0x00000260902ef800'
Event: 13.526 Thread 0x00000260ef984540 Unloading class 0x00000260902ef000 'java/lang/invoke/LambdaForm$MH+0x00000260902ef000'
Event: 13.526 Thread 0x00000260ef984540 Unloading class 0x00000260902eec00 'java/lang/invoke/LambdaForm$MH+0x00000260902eec00'
Event: 13.526 Thread 0x00000260ef984540 Unloading class 0x00000260902ee000 'java/lang/invoke/LambdaForm$MH+0x00000260902ee000'
Event: 13.526 Thread 0x00000260ef984540 Unloading class 0x00000260902ed800 'java/lang/invoke/LambdaForm$MH+0x00000260902ed800'
Event: 13.526 Thread 0x00000260ef984540 Unloading class 0x00000260902ecc00 'java/lang/invoke/LambdaForm$MH+0x00000260902ecc00'
Event: 13.526 Thread 0x00000260ef984540 Unloading class 0x00000260902ec800 'java/lang/invoke/LambdaForm$MH+0x00000260902ec800'
Event: 13.526 Thread 0x00000260ef984540 Unloading class 0x00000260902ec000 'java/lang/invoke/LambdaForm$DMH+0x00000260902ec000'

Classes redefined (0 events):
No events

Internal exceptions (20 events):
Event: 13.078 Thread 0x00000260f963e1a0 Exception <a 'java/io/FileNotFoundException'{0x00000000d5b6fd08}> (0x00000000d5b6fd08) 
thrown [s\src\hotspot\share\prims\jni.cpp, line 520]
Event: 13.107 Thread 0x00000260f963e1a0 Exception <a 'java/io/FileNotFoundException'{0x00000000d5c1fde8}> (0x00000000d5c1fde8) 
thrown [s\src\hotspot\share\prims\jni.cpp, line 520]
Event: 13.133 Thread 0x00000260f963e1a0 Exception <a 'java/lang/NoSuchMethodError'{0x00000000d5cfd468}: 'void java.lang.invoke.DelegatingMethodHandle$Holder.reinvoke_L(java.lang.Object, java.lang.Object, int)'> (0x00000000d5cfd468) 
thrown [s\src\hotspot\share\interpreter\linkResolver.cpp, line 773]
Event: 13.135 Thread 0x00000260f963e1a0 Exception <a 'java/lang/NoSuchMethodError'{0x00000000d5dd5280}: 'int java.lang.invoke.Invokers$Holder.invokeExact_MT(java.lang.Object, java.lang.Object, java.lang.Object)'> (0x00000000d5dd5280) 
thrown [s\src\hotspot\share\interpreter\linkResolver.cpp, line 773]
Event: 13.140 Thread 0x00000260f963e1a0 Exception <a 'java/lang/UnsatisfiedLinkError'{0x00000000d5de3cf8}: The specified procedure could not be found.
> (0x00000000d5de3cf8) 
thrown [s\src\hotspot\share\prims\jni.cpp, line 539]
Event: 13.152 Thread 0x00000260f963e1a0 Exception <a 'java/lang/NoSuchMethodError'{0x00000000d5df0b30}: 'void java.lang.invoke.Invokers$Holder.invokeExact_MT(java.lang.Object, java.lang.Object, int, java.lang.Object)'> (0x00000000d5df0b30) 
thrown [s\src\hotspot\share\interpreter\linkResolver.cpp, line 773]
Event: 13.332 Thread 0x00000260f963eec0 Exception <a 'java/lang/NoSuchMethodError'{0x00000000d67ddd08}: 'void java.lang.invoke.DirectMethodHandle$Holder.invokeStaticInit(java.lang.Object, java.lang.Object, java.lang.Object, java.lang.Object)'> (0x00000000d67ddd08) 
thrown [s\src\hotspot\share\interpreter\linkResolver.cpp, line 773]
Event: 13.495 Thread 0x00000260ef9ec1b0 Exception <a 'java/lang/NoSuchMethodError'{0x00000000d5febf70}: 'java.lang.Object java.lang.invoke.DirectMethodHandle$Holder.invokeStatic(java.lang.Object, long, java.lang.Object)'> (0x00000000d5febf70) 
thrown [s\src\hotspot\share\interpreter\linkResolver.cpp, line 773]
Event: 13.496 Thread 0x00000260ef9ec1b0 Exception <a 'java/lang/NoSuchMethodError'{0x00000000d600a228}: 'java.lang.Object java.lang.invoke.DirectMethodHandle$Holder.invokeStaticInit(java.lang.Object, long, java.lang.Object)'> (0x00000000d600a228) 
thrown [s\src\hotspot\share\interpreter\linkResolver.cpp, line 773]
Event: 13.497 Thread 0x00000260ef9ec1b0 Exception <a 'java/lang/NoSuchMethodError'{0x00000000d600f8e8}: 'java.lang.Object java.lang.invoke.DirectMethodHandle$Holder.newInvokeSpecial(java.lang.Object, long)'> (0x00000000d600f8e8) 
thrown [s\src\hotspot\share\interpreter\linkResolver.cpp, line 773]
Event: 13.965 Thread 0x00000260ef9ec1b0 Exception <a 'java/lang/NoSuchMethodError'{0x00000000d57684b8}: 'void java.lang.invoke.DirectMethodHandle$Holder.invokeSpecial(java.lang.Object, java.lang.Object, java.lang.Object, java.lang.Object, java.lang.Object, java.lang.Object)'> (0x00000000d57684b8) 
thrown [s\src\hotspot\share\interpreter\linkResolver.cpp, line 773]
Event: 13.967 Thread 0x00000260ef9ec1b0 Exception <a 'java/lang/IncompatibleClassChangeError'{0x00000000d5770598}: Found class java.lang.Object, but interface was expected> (0x00000000d5770598) 
thrown [s\src\hotspot\share\interpreter\linkResolver.cpp, line 840]
Event: 13.967 Thread 0x00000260ef9ec1b0 Exception <a 'java/lang/IncompatibleClassChangeError'{0x00000000d5771710}: Found class java.lang.Object, but interface was expected> (0x00000000d5771710) 
thrown [s\src\hotspot\share\interpreter\linkResolver.cpp, line 840]
Event: 14.723 Thread 0x00000260fe53a760 Exception <a 'java/lang/NoSuchMethodError'{0x00000000d5fdce38}: 'void java.lang.invoke.DirectMethodHandle$Holder.invokeStaticInit(java.lang.Object, java.lang.Object, java.lang.Object)'> (0x00000000d5fdce38) 
thrown [s\src\hotspot\share\interpreter\linkResolver.cpp, line 773]
Event: 14.736 Thread 0x00000260fe53a760 Exception <a 'java/lang/ExceptionInInitializerError'{0x00000000d601f6c0}> (0x00000000d601f6c0) 
thrown [s\src\hotspot\share\oops\instanceKlass.cpp, line 1218]
Event: 14.771 Thread 0x00000260fe53a760 Exception <a 'java/lang/NoSuchMethodError'{0x00000000d609fd78}: 'long java.lang.invoke.DirectMethodHandle$Holder.invokeStatic(java.lang.Object, java.lang.Object, int)'> (0x00000000d609fd78) 
thrown [s\src\hotspot\share\interpreter\linkResolver.cpp, line 773]
Event: 14.781 Thread 0x00000260fe53a760 Implicit null exception at 0x0000026087c0bdfe to 0x0000026087c0c070
Event: 14.781 Thread 0x00000260fe53a760 Implicit null exception at 0x0000026087b8651c to 0x0000026087b87430
Event: 14.786 Thread 0x00000260fe53a760 Exception <a 'java/lang/NoSuchMethodError'{0x00000000d60dfe68}: 'java.lang.Object java.lang.invoke.Invokers$Holder.invokeExact_MT(java.lang.Object, int, java.lang.Object)'> (0x00000000d60dfe68) 
thrown [s\src\hotspot\share\interpreter\linkResolver.cpp, line 773]
Event: 15.415 Thread 0x00000260fe53a760 Exception <a 'java/lang/NoClassDefFoundError'{0x00000000d5849428}: com/google/inject/servlet/ServletModuleTargetVisitor> (0x00000000d5849428) 
thrown [s\src\hotspot\share\classfile\systemDictionary.cpp, line 302]

ZGC Phase Switch (0 events):
No events

VM Operations (20 events):
Event: 13.030 Executing non-safepoint VM operation: HandshakeAllThreads (Deoptimize) done
Event: 13.360 Executing safepoint VM operation: ParallelGCFailedAllocation (Allocation Failure)
Event: 13.370 Executing safepoint VM operation: ParallelGCFailedAllocation (Allocation Failure) done
Event: 13.512 Executing safepoint VM operation: CollectForMetadataAllocation (Metadata GC Threshold)
Event: 13.580 Executing safepoint VM operation: CollectForMetadataAllocation (Metadata GC Threshold) done
Event: 13.875 Executing non-safepoint VM operation: HandshakeAllThreads (Deoptimize)
Event: 13.875 Executing non-safepoint VM operation: HandshakeAllThreads (Deoptimize) done
Event: 13.939 Executing safepoint VM operation: ParallelGCFailedAllocation (Allocation Failure)
Event: 13.941 Executing safepoint VM operation: ParallelGCFailedAllocation (Allocation Failure) done
Event: 14.035 Executing non-safepoint VM operation: HandshakeAllThreads (Deoptimize)
Event: 14.036 Executing non-safepoint VM operation: HandshakeAllThreads (Deoptimize) done
Event: 14.390 Executing non-safepoint VM operation: HandshakeAllThreads (Deoptimize)
Event: 14.390 Executing non-safepoint VM operation: HandshakeAllThreads (Deoptimize) done
Event: 14.432 Executing safepoint VM operation: ParallelGCFailedAllocation (Allocation Failure)
Event: 14.436 Executing safepoint VM operation: ParallelGCFailedAllocation (Allocation Failure) done
Event: 14.864 Executing non-safepoint VM operation: HandshakeAllThreads (Deoptimize)
Event: 14.865 Executing non-safepoint VM operation: HandshakeAllThreads (Deoptimize) done
Event: 15.303 Executing safepoint VM operation: ParallelGCFailedAllocation (Allocation Failure)
Event: 15.308 Executing safepoint VM operation: ParallelGCFailedAllocation (Allocation Failure) done
Event: 16.314 Executing safepoint VM operation: Cleanup

Memory protections (0 events):
No events

Nmethod flushes (20 events):
Event: 13.547 Thread 0x00000260ef984540 flushing  nmethod 0x000002608061ab90
Event: 13.547 Thread 0x00000260ef984540 flushing  nmethod 0x000002608061af90
Event: 13.547 Thread 0x00000260ef984540 flushing  nmethod 0x000002608061bb10
Event: 13.547 Thread 0x00000260ef984540 flushing  nmethod 0x000002608061c390
Event: 13.547 Thread 0x00000260ef984540 flushing  nmethod 0x000002608061d090
Event: 13.547 Thread 0x00000260ef984540 flushing  nmethod 0x000002608061dd90
Event: 13.547 Thread 0x00000260ef984540 flushing  nmethod 0x000002608061e090
Event: 13.547 Thread 0x00000260ef984540 flushing  nmethod 0x000002608061e490
Event: 13.547 Thread 0x00000260ef984540 flushing  nmethod 0x0000026080627a10
Event: 13.547 Thread 0x00000260ef984540 flushing  nmethod 0x0000026080629690
Event: 13.547 Thread 0x00000260ef984540 flushing  nmethod 0x0000026080647f10
Event: 13.547 Thread 0x00000260ef984540 flushing  nmethod 0x000002608065c490
Event: 13.547 Thread 0x00000260ef984540 flushing  nmethod 0x0000026080660910
Event: 13.547 Thread 0x00000260ef984540 flushing  nmethod 0x0000026080667610
Event: 13.547 Thread 0x00000260ef984540 flushing  nmethod 0x00000260806bce90
Event: 13.547 Thread 0x00000260ef984540 flushing  nmethod 0x00000260806d1d90
Event: 13.547 Thread 0x00000260ef984540 flushing  nmethod 0x00000260806e5210
Event: 13.547 Thread 0x00000260ef984540 flushing  nmethod 0x00000260806e5c10
Event: 13.547 Thread 0x00000260ef984540 flushing  nmethod 0x0000026080708910
Event: 13.547 Thread 0x00000260ef984540 flushing  nmethod 0x0000026080746210

Events (20 events):
Event: 12.160 Thread 0x00000260f963e1a0 Thread added: 0x00000260fe53c1a0
Event: 13.043 Thread 0x00000260f963e1a0 Thread added: 0x00000260fe53dbe0
Event: 13.262 Thread 0x00000260f963eec0 Thread added: 0x00000260fe53adf0
Event: 13.450 Thread 0x00000260fe53adf0 Thread added: 0x00000260fe53e900
Event: 13.586 Thread 0x00000260ef9ec1b0 Thread added: 0x00000260fe53cec0
Event: 13.586 Thread 0x00000260ef9ec1b0 Thread added: 0x00000260fe53c830
Event: 13.587 Thread 0x00000260ef9ec1b0 Thread added: 0x00000260fe53d550
Event: 13.587 Thread 0x00000260ef9ec1b0 Thread added: 0x00000260fe53ef90
Event: 13.587 Thread 0x00000260ef9ec1b0 Thread added: 0x00000260fe53bb10
Event: 13.587 Thread 0x00000260ef9ec1b0 Thread added: 0x00000260fe540340
Event: 13.589 Thread 0x00000260ef9ec1b0 Thread added: 0x00000260fe541d80
Event: 13.589 Thread 0x00000260ef9ec1b0 Thread added: 0x00000260fe53f620
Event: 13.590 Thread 0x00000260ef9ec1b0 Thread added: 0x00000260fe5409d0
Event: 13.590 Thread 0x00000260ef9ec1b0 Thread added: 0x00000260fe541060
Event: 13.590 Thread 0x00000260ef9ec1b0 Thread added: 0x00000260fe5416f0
Event: 13.590 Thread 0x00000260ef9ec1b0 Thread added: 0x00000260fe53fcb0
Event: 13.590 Thread 0x00000260ef9ec1b0 Thread added: 0x00000260d1b503f0
Event: 13.640 Thread 0x00000260ef9ec1b0 Thread added: 0x00000260d1b4f040
Event: 14.029 Thread 0x00000260ef9ec1b0 Thread added: 0x00000260d1b51110
Event: 14.030 Thread 0x00000260ef9ec1b0 Thread added: 0x00000260d1b517a0


Dynamic libraries:
0x00007ff7d01e0000 - 0x00007ff7d01ee000 	c:\Users\Admin\.vscode\extensions\redhat.java-1.55.0-win32-x64\jre\21.0.11-win32-x86_64\bin\java.exe
0x00007ffc084d0000 - 0x00007ffc08725000 	C:\Windows\SYSTEM32\ntdll.dll
0x00007ffc070e0000 - 0x00007ffc071a7000 	C:\Windows\System32\KERNEL32.DLL
0x00007ffc05920000 - 0x00007ffc05cc0000 	C:\Windows\System32\KERNELBASE.dll
0x00007ffc06240000 - 0x00007ffc0638a000 	C:\Windows\System32\ucrtbase.dll
0x00007ffbeafc0000 - 0x00007ffbeafd8000 	c:\Users\Admin\.vscode\extensions\redhat.java-1.55.0-win32-x64\jre\21.0.11-win32-x86_64\bin\jli.dll
0x00007ffc06a20000 - 0x00007ffc06bdf000 	C:\Windows\System32\USER32.dll
0x00007ffc05cd0000 - 0x00007ffc05cf7000 	C:\Windows\System32\win32u.dll
0x00007ffc07a90000 - 0x00007ffc07aba000 	C:\Windows\System32\GDI32.dll
0x00007ffc05e80000 - 0x00007ffc05fa1000 	C:\Windows\System32\gdi32full.dll
0x00007ffc06030000 - 0x00007ffc060d3000 	C:\Windows\System32\msvcp_win.dll
0x00007ffbe9e80000 - 0x00007ffbe9e9e000 	c:\Users\Admin\.vscode\extensions\redhat.java-1.55.0-win32-x64\jre\21.0.11-win32-x86_64\bin\VCRUNTIME140.dll
0x00007ffbf1c90000 - 0x00007ffbf1f20000 	C:\Windows\WinSxS\amd64_microsoft.windows.common-controls_6595b64144ccf1df_6.0.26100.1_none_fc2d3fda0fd46076\COMCTL32.dll
0x00007ffc07b30000 - 0x00007ffc07bd9000 	C:\Windows\System32\msvcrt.dll
0x00007ffc08450000 - 0x00007ffc0847f000 	C:\Windows\System32\IMM32.DLL
0x00007ffc00610000 - 0x00007ffc0061c000 	c:\Users\Admin\.vscode\extensions\redhat.java-1.55.0-win32-x64\jre\21.0.11-win32-x86_64\bin\vcruntime140_1.dll
0x00007ffbe8c80000 - 0x00007ffbe8d0d000 	c:\Users\Admin\.vscode\extensions\redhat.java-1.55.0-win32-x64\jre\21.0.11-win32-x86_64\bin\msvcp140.dll
0x00007ffb9b380000 - 0x00007ffb9c122000 	c:\Users\Admin\.vscode\extensions\redhat.java-1.55.0-win32-x64\jre\21.0.11-win32-x86_64\bin\server\jvm.dll
0x00007ffc068d0000 - 0x00007ffc06982000 	C:\Windows\System32\ADVAPI32.dll
0x00007ffc06480000 - 0x00007ffc06526000 	C:\Windows\System32\sechost.dll
0x00007ffc06530000 - 0x00007ffc06649000 	C:\Windows\System32\RPCRT4.dll
0x00007ffc069a0000 - 0x00007ffc06a14000 	C:\Windows\System32\WS2_32.dll
0x00007ffbfcb10000 - 0x00007ffbfcb46000 	C:\Windows\SYSTEM32\WINMM.dll
0x00007ffc057c0000 - 0x00007ffc0580e000 	C:\Windows\SYSTEM32\POWRPROF.dll
0x00007ffbfe1e0000 - 0x00007ffbfe1eb000 	C:\Windows\SYSTEM32\VERSION.dll
0x00007ffc057a0000 - 0x00007ffc057b4000 	C:\Windows\SYSTEM32\UMPDC.dll
0x00007ffc04800000 - 0x00007ffc0481a000 	C:\Windows\SYSTEM32\kernel.appcore.dll
0x00007ffbff090000 - 0x00007ffbff09a000 	c:\Users\Admin\.vscode\extensions\redhat.java-1.55.0-win32-x64\jre\21.0.11-win32-x86_64\bin\jimage.dll
0x00007ffbfcef0000 - 0x00007ffbfd131000 	C:\Windows\SYSTEM32\DBGHELP.DLL
0x00007ffc06d60000 - 0x00007ffc070d5000 	C:\Windows\System32\combase.dll
0x00007ffc07be0000 - 0x00007ffc07cb6000 	C:\Windows\System32\OLEAUT32.dll
0x00007ffbef860000 - 0x00007ffbef899000 	C:\Windows\SYSTEM32\dbgcore.DLL
0x00007ffc060e0000 - 0x00007ffc06179000 	C:\Windows\System32\bcryptPrimitives.dll
0x00007ffbecfb0000 - 0x00007ffbecfbf000 	c:\Users\Admin\.vscode\extensions\redhat.java-1.55.0-win32-x64\jre\21.0.11-win32-x86_64\bin\instrument.dll
0x00007ffbe93c0000 - 0x00007ffbe93e0000 	c:\Users\Admin\.vscode\extensions\redhat.java-1.55.0-win32-x64\jre\21.0.11-win32-x86_64\bin\java.dll
0x00007ffc07cc0000 - 0x00007ffc083a6000 	C:\Windows\System32\SHELL32.dll
0x00007ffc037a0000 - 0x00007ffc03fcb000 	C:\Windows\SYSTEM32\windows.storage.dll
0x00007ffc06c80000 - 0x00007ffc06d53000 	C:\Windows\System32\SHCORE.dll
0x00007ffc06870000 - 0x00007ffc068cd000 	C:\Windows\System32\shlwapi.dll
0x00007ffc05840000 - 0x00007ffc05864000 	C:\Windows\SYSTEM32\profapi.dll
0x00007ffbe7c60000 - 0x00007ffbe7c78000 	c:\Users\Admin\.vscode\extensions\redhat.java-1.55.0-win32-x64\jre\21.0.11-win32-x86_64\bin\zip.dll
0x00007ffbf63c0000 - 0x00007ffbf63d0000 	C:\Users\Admin\.vscode\extensions\redhat.java-1.55.0-win32-x64\jre\21.0.11-win32-x86_64\bin\net.dll
0x00007ffbff4a0000 - 0x00007ffbff5bd000 	C:\Windows\SYSTEM32\WINHTTP.dll
0x00007ffc04cc0000 - 0x00007ffc04d28000 	C:\Windows\system32\mswsock.dll
0x00007ffbe79a0000 - 0x00007ffbe79b6000 	C:\Users\Admin\.vscode\extensions\redhat.java-1.55.0-win32-x64\jre\21.0.11-win32-x86_64\bin\nio.dll
0x00007ffbf6830000 - 0x00007ffbf6840000 	c:\Users\Admin\.vscode\extensions\redhat.java-1.55.0-win32-x64\jre\21.0.11-win32-x86_64\bin\verify.dll
0x00007ffbdb7a0000 - 0x00007ffbdb7e5000 	C:\Users\Admin\AppData\Roaming\Code\User\globalStorage\redhat.java\1.55.0\config_win\org.eclipse.equinox.launcher\org.eclipse.equinox.launcher.win32.win32.x86_64_1.3.100.v20260613-0559\eclipse_11924.dll
0x00007ffc066d0000 - 0x00007ffc06865000 	C:\Windows\System32\ole32.dll
0x00007ffc04f40000 - 0x00007ffc04f5c000 	C:\Windows\SYSTEM32\CRYPTSP.dll
0x00007ffc04760000 - 0x00007ffc04798000 	C:\Windows\system32\rsaenh.dll
0x00007ffc04d60000 - 0x00007ffc04d8b000 	C:\Windows\SYSTEM32\USERENV.dll
0x00007ffc05180000 - 0x00007ffc051a6000 	C:\Windows\SYSTEM32\bcrypt.dll
0x00007ffc04f60000 - 0x00007ffc04f6c000 	C:\Windows\SYSTEM32\CRYPTBASE.dll
0x00007ffc04260000 - 0x00007ffc04290000 	C:\Windows\SYSTEM32\IPHLPAPI.DLL
0x00007ffc07970000 - 0x00007ffc0797a000 	C:\Windows\System32\NSI.dll
0x00007ffbc4e60000 - 0x00007ffbc4ea9000 	C:\Users\Admin\AppData\Local\Temp\jna-63116079\jna3925964575330078648.dll
0x00007ffc08440000 - 0x00007ffc08448000 	C:\Windows\System32\PSAPI.DLL
0x00007ffbffda0000 - 0x00007ffbffdbc000 	C:\Windows\SYSTEM32\dhcpcsvc6.DLL
0x00007ffbffc20000 - 0x00007ffbffc42000 	C:\Windows\SYSTEM32\dhcpcsvc.DLL

JVMTI agents:
c:\Users\Admin\.vscode\extensions\redhat.java-1.55.0-win32-x64\lombok\lombok-1.18.39-4050.jar path:c:\Users\Admin\.vscode\extensions\redhat.java-1.55.0-win32-x64\jre\21.0.11-win32-x86_64\bin\instrument.dll, loaded, initialized, instrumentlib options:none

dbghelp: loaded successfully - version: 4.0.5 - missing functions: none
symbol engine: initialized successfully - sym options: 0x614 - pdb path: .;c:\Users\Admin\.vscode\extensions\redhat.java-1.55.0-win32-x64\jre\21.0.11-win32-x86_64\bin;C:\Windows\SYSTEM32;C:\Windows\WinSxS\amd64_microsoft.windows.common-controls_6595b64144ccf1df_6.0.26100.1_none_fc2d3fda0fd46076;c:\Users\Admin\.vscode\extensions\redhat.java-1.55.0-win32-x64\jre\21.0.11-win32-x86_64\bin\server;C:\Users\Admin\AppData\Roaming\Code\User\globalStorage\redhat.java\1.55.0\config_win\org.eclipse.equinox.launcher\org.eclipse.equinox.launcher.win32.win32.x86_64_1.3.100.v20260613-0559;C:\Users\Admin\AppData\Local\Temp\jna-63116079

VM Arguments:
jvm_args: --add-modules=ALL-SYSTEM --add-opens=java.base/java.util=ALL-UNNAMED --add-opens=java.base/java.lang=ALL-UNNAMED --add-opens=java.base/sun.nio.fs=ALL-UNNAMED -Declipse.application=org.eclipse.jdt.ls.core.id1 -Dosgi.bundles.defaultStartLevel=4 -Declipse.product=org.eclipse.jdt.ls.core.product -Djava.import.generatesMetadataFilesAtProjectRoot=false -DDetectVMInstallationsJob.disabled=true -Dfile.encoding=utf8 -XX:+UseParallelGC -XX:GCTimeRatio=4 -XX:AdaptiveSizePolicyWeight=90 -Dsun.zip.disableMemoryMapping=true -Xmx2G -Xms100m -Xlog:disable -javaagent:c:\Users\Admin\.vscode\extensions\redhat.java-1.55.0-win32-x64\lombok\lombok-1.18.39-4050.jar -XX:+HeapDumpOnOutOfMemoryError -XX:HeapDumpPath=c:\Users\Admin\AppData\Roaming\Code\User\workspaceStorage\801ed1664cc344b479297c66898efbba\redhat.java -Daether.dependencyCollector.impl=bf 
java_command: c:\Users\Admin\.vscode\extensions\redhat.java-1.55.0-win32-x64\server\plugins\org.eclipse.equinox.launcher_1.7.200.v20260619-2039.jar -configuration c:\Users\Admin\AppData\Roaming\Code\User\globalStorage\redhat.java\1.55.0\config_win -data c:\Users\Admin\AppData\Roaming\Code\User\workspaceStorage\801ed1664cc344b479297c66898efbba\redhat.java\jdt_ws --pipe=\\.\pipe\lsp-d495207c7b0448aeee11eac4b1a2ff9e-sock
java_class_path (initial): c:\Users\Admin\.vscode\extensions\redhat.java-1.55.0-win32-x64\server\plugins\org.eclipse.equinox.launcher_1.7.200.v20260619-2039.jar
Launcher Type: SUN_STANDARD

[Global flags]
    uintx AdaptiveSizePolicyWeight                 = 90                                        {product} {command line}
     intx CICompilerCount                          = 4                                         {product} {ergonomic}
    uintx GCTimeRatio                              = 4                                         {product} {command line}
     bool HeapDumpOnOutOfMemoryError               = true                                   {manageable} {command line}
    ccstr HeapDumpPath                             = c:\Users\Admin\AppData\Roaming\Code\User\workspaceStorage\801ed1664cc344b479297c66898efbba\redhat.java         {manageable} {command line}
   size_t InitialHeapSize                          = 104857600                                 {product} {command line}
   size_t MaxHeapSize                              = 2147483648                                {product} {command line}
   size_t MaxNewSize                               = 715653120                                 {product} {ergonomic}
   size_t MinHeapDeltaBytes                        = 524288                                    {product} {ergonomic}
   size_t MinHeapSize                              = 104857600                                 {product} {command line}
   size_t NewSize                                  = 34603008                                  {product} {ergonomic}
    uintx NonNMethodCodeHeapSize                   = 5839372                                {pd product} {ergonomic}
    uintx NonProfiledCodeHeapSize                  = 122909434                              {pd product} {ergonomic}
   size_t OldSize                                  = 70254592                                  {product} {ergonomic}
    uintx ProfiledCodeHeapSize                     = 122909434                              {pd product} {ergonomic}
    uintx ReservedCodeCacheSize                    = 251658240                              {pd product} {ergonomic}
     bool SegmentedCodeCache                       = true                                      {product} {ergonomic}
   size_t SoftMaxHeapSize                          = 2147483648                             {manageable} {ergonomic}
     bool UseCompressedOops                        = true                           {product lp64_product} {ergonomic}
     bool UseLargePagesIndividualAllocation        = false                                  {pd product} {ergonomic}
     bool UseParallelGC                            = true                                      {product} {command line}

Logging:
Log output configuration:
 #0: stdout all=off uptime,level,tags foldmultilines=false
 #1: stderr all=off uptime,level,tags foldmultilines=false

Release file:
JAVA_VERSION="21.0.11" 
MODULES="java.base java.compiler java.datatransfer java.xml java.prefs java.desktop java.instrument java.logging java.management java.security.sasl java.naming java.rmi java.management.rmi java.net.http java.scripting java.security.jgss java.transaction.xa java.sql java.sql.rowset java.xml.crypto java.se java.smartcardio jdk.accessibility jdk.internal.jvmstat jdk.attach jdk.charsets jdk.internal.opt jdk.zipfs jdk.compiler jdk.crypto.ec jdk.crypto.cryptoki jdk.crypto.mscapi jdk.dynalink jdk.internal.ed jdk.editpad jdk.hotspot.agent jdk.httpserver jdk.internal.le jdk.internal.vm.ci jdk.internal.vm.compiler jdk.internal.vm.compiler.management jdk.jartool jdk.javadoc jdk.jcmd jdk.management jdk.management.agent jdk.jconsole jdk.jdeps jdk.jdwp.agent jdk.jdi jdk.jfr jdk.jshell jdk.jsobject jdk.jstatd jdk.localedata jdk.management.jfr jdk.naming.dns jdk.naming.rmi jdk.net jdk.nio.mapmode jdk.random jdk.sctp jdk.security.auth jdk.security.jgss jdk.unsupported jdk.unsupported.desktop jdk.xml.dom" 

Environment Variables:
JAVA_HOME=C:\Program Files\Java\jdk-17
PATH=C:\Program Files\Python314\Scripts\;C:\Program Files\Python314\;C:\Windows\system32;C:\Windows;C:\Windows\System32\Wbem;C:\Windows\System32\WindowsPowerShell\v1.0\;C:\Windows\System32\OpenSSH\;C:\Program Files\Git\cmd;C:\Program Files\dotnet\;%ANDROID_HOME%\platform-tools;%ANDROID_HOME%\cmdline-tools\latest\bin;%ANDROID_HOME%\emulator;%JAVA_HOME%\bin;C:\Program Files\nodejs\;C:\Users\Admin\AppData\Local\Microsoft\WindowsApps;C:\flutter\bin;C:\Users\Admin\.dotnet\tools;C:\Users\Admin\AppData\Local\Android\Sdk\platform-tools;C:\Users\Admin\AppData\Local\Programs\Microsoft VS Code\bin;C:\Users\Admin\AppData\Roaming\npm
USERNAME=Admin
OS=Windows_NT
PROCESSOR_IDENTIFIER=AMD64 Family 23 Model 96 Stepping 1, AuthenticAMD
TMP=C:\Users\Admin\AppData\Local\Temp
TEMP=C:\Users\Admin\AppData\Local\Temp




Periodic native trim disabled

---------------  S Y S T E M  ---------------

OS:
 Windows 11 , 64 bit Build 26100 (10.0.26100.1)
OS uptime: 0 days 1:12 hours

CPU: total 12 (initial active 12) (12 cores per cpu, 2 threads per core) family 23 model 96 stepping 1 microcode 0x8600106, cx8, cmov, fxsr, ht, mmx, 3dnowpref, sse, sse2, sse3, ssse3, sse4a, sse4.1, sse4.2, popcnt, lzcnt, tsc, tscinvbit, avx, avx2, aes, clmul, bmi1, bmi2, adx, sha, fma, vzeroupper, clflush, clflushopt, rdtscp, rdpid, f16c
Processor Information for the first 12 processors :
  Max Mhz: 3001, Current Mhz: 2011, Mhz Limit: 3001

Memory: 4k page, system-wide physical 7598M (565M free)
TotalPageFile size 13742M (AvailPageFile size 39M)
current process WorkingSet (physical memory assigned to process): 204M, peak: 227M
current process commit charge ("private bytes"): 335M, peak: 355M

vm_info: OpenJDK 64-Bit Server VM (21.0.11+10-LTS) for windows-amd64 JRE (21.0.11+10-LTS), built on 2026-04-21T00:00:00Z by "admin" with MS VC++ 17.12 (VS2022)

END.
