#
# There is insufficient memory for the Java Runtime Environment to continue.
# Native memory allocation (malloc) failed to allocate 1138256 bytes. Error detail: Chunk::new
# Possible reasons:
#   The system is out of physical RAM or swap space
#   This process is running with CompressedOops enabled, and the Java Heap may be blocking the growth of the native heap
# Possible solutions:
#   Reduce memory load on the system
#   Increase physical memory or swap space
#   Check if swap backing store is full
#   Decrease Java heap size (-Xmx/-Xms)
#   Decrease number of Java threads
#   Decrease Java thread stack sizes (-Xss)
#   Set larger code cache with -XX:ReservedCodeCacheSize=
#   JVM is running with Unscaled Compressed Oops mode in which the Java heap is
#     placed in the first 4GB address space. The Java Heap base address is the
#     maximum limit for the native heap growth. Please use -XX:HeapBaseMinAddress
#     to set the Java Heap base and to place the Java Heap above 4GB virtual address.
# This output file may be truncated or incomplete.
#
#  Out of Memory Error (arena.cpp:168), pid=8144, tid=10636
#
# JRE version: OpenJDK Runtime Environment Temurin-21.0.11+10 (21.0.11+10) (build 21.0.11+10-LTS)
# Java VM: OpenJDK 64-Bit Server VM Temurin-21.0.11+10 (21.0.11+10-LTS, mixed mode, sharing, tiered, compressed oops, compressed class ptrs, parallel gc, windows-amd64)
# No core dump will be written. Minidumps are not enabled by default on client versions of Windows
#

---------------  S U M M A R Y ------------

Command Line: --add-modules=ALL-SYSTEM --add-opens=java.base/java.util=ALL-UNNAMED --add-opens=java.base/java.lang=ALL-UNNAMED --add-opens=java.base/sun.nio.fs=ALL-UNNAMED -Declipse.application=org.eclipse.jdt.ls.core.id1 -Dosgi.bundles.defaultStartLevel=4 -Declipse.product=org.eclipse.jdt.ls.core.product -Djava.import.generatesMetadataFilesAtProjectRoot=false -DDetectVMInstallationsJob.disabled=true -Dfile.encoding=utf8 -XX:+UseParallelGC -XX:GCTimeRatio=4 -XX:AdaptiveSizePolicyWeight=90 -Dsun.zip.disableMemoryMapping=true -Xmx2G -Xms100m -Xlog:disable -javaagent:c:\Users\Admin\.vscode\extensions\redhat.java-1.55.0-win32-x64\lombok\lombok-1.18.39-4050.jar c:\Users\Admin\.vscode\extensions\redhat.java-1.55.0-win32-x64\server\plugins\org.eclipse.equinox.launcher_1.7.200.v20260619-2039.jar -configuration c:\Users\Admin\AppData\Roaming\Code\User\globalStorage\redhat.java\1.55.0\config_ss_win -data c:\Users\Admin\AppData\Roaming\Code\User\workspaceStorage\801ed1664cc344b479297c66898efbba\redhat.java\ss_ws --pipe=\\.\pipe\lsp-521fabbe1e451f5ce41ff5d0f25be1de-sock

Host: AMD Ryzen 5 4600H with Radeon Graphics         , 12 cores, 7G,  Windows 11 , 64 bit Build 26100 (10.0.26100.1)
Time: Mon Jul  6 09:01:54 2026 Malay Peninsula Standard Time elapsed time: 17.154155 seconds (0d 0h 0m 17s)

---------------  T H R E A D  ---------------

Current thread (0x0000029b519cc270):  JavaThread "C2 CompilerThread0" daemon [_thread_in_native, id=10636, stack(0x000000f30ee00000,0x000000f30ef00000) (1024K)]


Current CompileTask:
C2:17154 3253       4       org.lombokweb.asm.ClassReader::readMethod (1070 bytes)

Stack: [0x000000f30ee00000,0x000000f30ef00000]
Native frames: (J=compiled Java code, j=interpreted, Vv=VM code, C=native code)
V  [jvm.dll+0x6d7e19]
V  [jvm.dll+0x8b5096]
V  [jvm.dll+0x8b764e]
V  [jvm.dll+0x8b7d33]
V  [jvm.dll+0x284596]
V  [jvm.dll+0xc685d]
V  [jvm.dll+0xc6da1]
V  [jvm.dll+0x3bed31]
V  [jvm.dll+0x38b2b2]
V  [jvm.dll+0x38a6fa]
V  [jvm.dll+0x24c700]
V  [jvm.dll+0x24bce0]
V  [jvm.dll+0x1cb4ae]
V  [jvm.dll+0x25baad]
V  [jvm.dll+0x25a03a]
V  [jvm.dll+0x3f868e]
V  [jvm.dll+0x85fb0d]
V  [jvm.dll+0x6d664d]
C  [ucrtbase.dll+0x43340]
C  [KERNEL32.DLL+0x31fd7]
C  [ntdll.dll+0x6d7d0]


---------------  P R O C E S S  ---------------

Threads class SMR info:
_java_thread_list=0x0000029b56012f50, length=34, elements={
0x0000029b75d08db0, 0x0000029b7803e690, 0x0000029b51992aa0, 0x0000029b51996020,
0x0000029b51998a90, 0x0000029b5199caa0, 0x0000029b519a2800, 0x0000029b519cc270,
0x0000029b519cd6f0, 0x0000029b51bc6270, 0x0000029b51cf5830, 0x0000029b566cc8c0,
0x0000029b566ccf30, 0x0000029b566cd5a0, 0x0000029b5685c700, 0x0000029b566a3070,
0x0000029b566a36e0, 0x0000029b564fc830, 0x0000029b519aaea0, 0x0000029b519abbc0,
0x0000029b519aa180, 0x0000029b519ab530, 0x0000029b519ac250, 0x0000029b519ac8e0,
0x0000029b519a9460, 0x0000029b519a9af0, 0x0000029b519aa810, 0x0000029b56630e20,
0x0000029b56630790, 0x0000029b56632860, 0x0000029b56631b40, 0x0000029b57a98040,
0x0000029b586bb4e0, 0x0000029b566321d0
}

Java Threads: ( => current thread )
  0x0000029b75d08db0 JavaThread "main"                              [_thread_blocked, id=23196, stack(0x000000f30e400000,0x000000f30e500000) (1024K)]
  0x0000029b7803e690 JavaThread "Reference Handler"          daemon [_thread_blocked, id=25316, stack(0x000000f30e800000,0x000000f30e900000) (1024K)]
  0x0000029b51992aa0 JavaThread "Finalizer"                  daemon [_thread_blocked, id=9056, stack(0x000000f30e900000,0x000000f30ea00000) (1024K)]
  0x0000029b51996020 JavaThread "Signal Dispatcher"          daemon [_thread_blocked, id=26176, stack(0x000000f30ea00000,0x000000f30eb00000) (1024K)]
  0x0000029b51998a90 JavaThread "Attach Listener"            daemon [_thread_blocked, id=23504, stack(0x000000f30eb00000,0x000000f30ec00000) (1024K)]
  0x0000029b5199caa0 JavaThread "Service Thread"             daemon [_thread_blocked, id=23564, stack(0x000000f30ec00000,0x000000f30ed00000) (1024K)]
  0x0000029b519a2800 JavaThread "Monitor Deflation Thread"   daemon [_thread_blocked, id=404, stack(0x000000f30ed00000,0x000000f30ee00000) (1024K)]
=>0x0000029b519cc270 JavaThread "C2 CompilerThread0"         daemon [_thread_in_native, id=10636, stack(0x000000f30ee00000,0x000000f30ef00000) (1024K)]
  0x0000029b519cd6f0 JavaThread "C1 CompilerThread0"         daemon [_thread_blocked, id=24316, stack(0x000000f30ef00000,0x000000f30f000000) (1024K)]
  0x0000029b51bc6270 JavaThread "Common-Cleaner"             daemon [_thread_blocked, id=7012, stack(0x000000f30f000000,0x000000f30f100000) (1024K)]
  0x0000029b51cf5830 JavaThread "Notification Thread"        daemon [_thread_blocked, id=24768, stack(0x000000f30f100000,0x000000f30f200000) (1024K)]
  0x0000029b566cc8c0 JavaThread "Equinox resolver thread - Equinox Container: ffec481a-a462-4772-9b23-fd14d42a835c" daemon [_thread_blocked, id=14508, stack(0x000000f30f800000,0x000000f30f900000) (1024K)]
  0x0000029b566ccf30 JavaThread "Equinox resolver thread - Equinox Container: ffec481a-a462-4772-9b23-fd14d42a835c" daemon [_thread_blocked, id=15200, stack(0x000000f30f900000,0x000000f30fa00000) (1024K)]
  0x0000029b566cd5a0 JavaThread "Equinox resolver thread - Equinox Container: ffec481a-a462-4772-9b23-fd14d42a835c" daemon [_thread_blocked, id=1528, stack(0x000000f30fa00000,0x000000f30fb00000) (1024K)]
  0x0000029b5685c700 JavaThread "Equinox resolver thread - Equinox Container: ffec481a-a462-4772-9b23-fd14d42a835c" daemon [_thread_blocked, id=20748, stack(0x000000f30fb00000,0x000000f30fc00000) (1024K)]
  0x0000029b566a3070 JavaThread "Equinox resolver thread - Equinox Container: ffec481a-a462-4772-9b23-fd14d42a835c" daemon [_thread_blocked, id=23112, stack(0x000000f30fc00000,0x000000f30fd00000) (1024K)]
  0x0000029b566a36e0 JavaThread "Equinox resolver thread - Equinox Container: ffec481a-a462-4772-9b23-fd14d42a835c" daemon [_thread_blocked, id=13848, stack(0x000000f30fd00000,0x000000f30fe00000) (1024K)]
  0x0000029b564fc830 JavaThread "Active Thread: Equinox Container: ffec481a-a462-4772-9b23-fd14d42a835c"        [_thread_blocked, id=6904, stack(0x000000f30fe00000,0x000000f30ff00000) (1024K)]
  0x0000029b519aaea0 JavaThread "Framework Event Dispatcher: Equinox Container: ffec481a-a462-4772-9b23-fd14d42a835c" daemon [_thread_blocked, id=26300, stack(0x000000f310000000,0x000000f310100000) (1024K)]
  0x0000029b519abbc0 JavaThread "Start Level: Equinox Container: ffec481a-a462-4772-9b23-fd14d42a835c" daemon [_thread_in_vm, id=26384, stack(0x000000f310100000,0x000000f310200000) (1024K)]
  0x0000029b519aa180 JavaThread "Refresh Thread: Equinox Container: ffec481a-a462-4772-9b23-fd14d42a835c" daemon [_thread_blocked, id=26356, stack(0x000000f310300000,0x000000f310400000) (1024K)]
  0x0000029b519ab530 JavaThread "Equinox resolver thread - Equinox Container: ffec481a-a462-4772-9b23-fd14d42a835c" daemon [_thread_blocked, id=23984, stack(0x000000f310400000,0x000000f310500000) (1024K)]
  0x0000029b519ac250 JavaThread "Equinox resolver thread - Equinox Container: ffec481a-a462-4772-9b23-fd14d42a835c" daemon [_thread_blocked, id=17556, stack(0x000000f310500000,0x000000f310600000) (1024K)]
  0x0000029b519ac8e0 JavaThread "Equinox resolver thread - Equinox Container: ffec481a-a462-4772-9b23-fd14d42a835c" daemon [_thread_blocked, id=26560, stack(0x000000f310600000,0x000000f310700000) (1024K)]
  0x0000029b519a9460 JavaThread "Equinox resolver thread - Equinox Container: ffec481a-a462-4772-9b23-fd14d42a835c" daemon [_thread_blocked, id=26156, stack(0x000000f310700000,0x000000f310800000) (1024K)]
  0x0000029b519a9af0 JavaThread "Equinox resolver thread - Equinox Container: ffec481a-a462-4772-9b23-fd14d42a835c" daemon [_thread_blocked, id=26160, stack(0x000000f310800000,0x000000f310900000) (1024K)]
  0x0000029b519aa810 JavaThread "Equinox resolver thread - Equinox Container: ffec481a-a462-4772-9b23-fd14d42a835c" daemon [_thread_blocked, id=5844, stack(0x000000f310900000,0x000000f310a00000) (1024K)]
  0x0000029b56630e20 JavaThread "SCR Component Actor"        daemon [_thread_blocked, id=26092, stack(0x000000f310b00000,0x000000f310c00000) (1024K)]
  0x0000029b56630790 JavaThread "Worker-JM"                         [_thread_blocked, id=26900, stack(0x000000f310e00000,0x000000f310f00000) (1024K)]
  0x0000029b56632860 JavaThread "Worker-0"                          [_thread_blocked, id=27256, stack(0x000000f30ff00000,0x000000f310000000) (1024K)]
  0x0000029b56631b40 JavaThread "Worker-1"                          [_thread_blocked, id=27260, stack(0x000000f310a00000,0x000000f310b00000) (1024K)]
  0x0000029b57a98040 JavaThread "C2 CompilerThread1"         daemon [_thread_blocked, id=27460, stack(0x000000f310f00000,0x000000f311000000) (1024K)]
  0x0000029b586bb4e0 JavaThread "C2 CompilerThread2"         daemon [_thread_blocked, id=27464, stack(0x000000f311000000,0x000000f311100000) (1024K)]
  0x0000029b566321d0 JavaThread "Java indexing"              daemon [_thread_blocked, id=27472, stack(0x000000f311100000,0x000000f311200000) (1024K)]
Total: 34

Other Threads:
  0x0000029b780243e0 VMThread "VM Thread"                           [id=24220, stack(0x000000f30e700000,0x000000f30e800000) (1024K)]
  0x0000029b77f1ca00 WatcherThread "VM Periodic Task Thread"        [id=25944, stack(0x000000f30e600000,0x000000f30e700000) (1024K)]
  0x0000029b780aaa00 WorkerThread "GC Thread#0"                     [id=26044, stack(0x000000f30e500000,0x000000f30e600000) (1024K)]
  0x0000029b561afe60 WorkerThread "GC Thread#1"                     [id=23828, stack(0x000000f30f200000,0x000000f30f300000) (1024K)]
  0x0000029b56402a10 WorkerThread "GC Thread#2"                     [id=25908, stack(0x000000f30f300000,0x000000f30f400000) (1024K)]
  0x0000029b561b0210 WorkerThread "GC Thread#3"                     [id=24592, stack(0x000000f30f400000,0x000000f30f500000) (1024K)]
  0x0000029b561b05c0 WorkerThread "GC Thread#4"                     [id=24584, stack(0x000000f30f500000,0x000000f30f600000) (1024K)]
  0x0000029b561d9ff0 WorkerThread "GC Thread#5"                     [id=25760, stack(0x000000f30f600000,0x000000f30f700000) (1024K)]
  0x0000029b561da3a0 WorkerThread "GC Thread#6"                     [id=26368, stack(0x000000f30f700000,0x000000f30f800000) (1024K)]
  0x0000029b566bc3d0 WorkerThread "GC Thread#7"                     [id=25940, stack(0x000000f310200000,0x000000f310300000) (1024K)]
  0x0000029b577462d0 WorkerThread "GC Thread#8"                     [id=26840, stack(0x000000f310c00000,0x000000f310d00000) (1024K)]
  0x0000029b57746680 WorkerThread "GC Thread#9"                     [id=26844, stack(0x000000f310d00000,0x000000f310e00000) (1024K)]
Total: 12

Threads with active compile tasks:
C2 CompilerThread0  17182 3253       4       org.lombokweb.asm.ClassReader::readMethod (1070 bytes)
Total: 1

VM state: at safepoint (normal execution)

VM Mutex/Monitor currently owned by a thread:  ([mutex/lock_event])
[0x00007ffc97e3f570] Threads_lock - owner thread: 0x0000029b780243e0
[0x00007ffc97e3f670] Heap_lock - owner thread: 0x0000029b519abbc0

Heap address: 0x0000000080000000, size: 2048 MB, Compressed Oops mode: 32-bit

CDS archive(s) mapped at: [0x0000029b0f000000-0x0000029b0fba0000-0x0000029b0fba0000), size 12189696, SharedBaseAddress: 0x0000029b0f000000, ArchiveRelocationMode: 1.
Compressed class space mapped at: 0x0000029b10000000-0x0000029b50000000, reserved size: 1073741824
Narrow klass base: 0x0000029b0f000000, Narrow klass shift: 0, Narrow klass range: 0x100000000

GC Precious Log:
 CardTable entry size: 512
 CPUs: 12 total, 12 available
 Memory: 7598M
 Large Page Support: Disabled
 NUMA Support: Disabled
 Compressed Oops: Enabled (32-bit)
 Alignments: Space 512K, Generation 512K, Heap 2M
 Heap Min Capacity: 100M
 Heap Initial Capacity: 100M
 Heap Max Capacity: 2G
 Pre-touch: Disabled
 Parallel Workers: 10

Heap:
 PSYoungGen      total 28672K, used 24576K [0x00000000d5580000, 0x00000000d7580000, 0x0000000100000000)
  eden space 24576K, 100% used [0x00000000d5580000,0x00000000d6d80000,0x00000000d6d80000)
  from space 4096K, 0% used [0x00000000d6e80000,0x00000000d6e80000,0x00000000d7280000)
  to   space 3072K, 94% used [0x00000000d7280000,0x00000000d75562c0,0x00000000d7580000)
 ParOldGen       total 68608K, used 10495K [0x0000000080000000, 0x0000000084300000, 0x00000000d5580000)
  object space 68608K, 15% used [0x0000000080000000,0x0000000080a3ffb8,0x0000000084300000)
 Metaspace       used 22528K, committed 23104K, reserved 1114112K
  class space    used 2142K, committed 2432K, reserved 1048576K

Card table byte_map: [0x0000029b77a30000,0x0000029b77e40000] _byte_map_base: 0x0000029b77630000

Marking Bits: (ParMarkBitMap*) 0x00007ffc97e44460
 Begin Bits: [0x0000029b7b540000, 0x0000029b7d540000)
 End Bits:   [0x0000029b7d540000, 0x0000029b7f540000)

Polling page: 0x0000029b77670000

Metaspace:

Usage:
  Non-class:     19.91 MB used.
      Class:      2.09 MB used.
       Both:     22.00 MB used.

Virtual space:
  Non-class space:       64.00 MB reserved,      20.19 MB ( 32%) committed,  1 nodes.
      Class space:        1.00 GB reserved,       2.38 MB ( <1%) committed,  1 nodes.
             Both:        1.06 GB reserved,      22.56 MB (  2%) committed. 

Chunk freelists:
   Non-Class:  11.70 MB
       Class:  13.45 MB
        Both:  25.15 MB

MaxMetaspaceSize: unlimited
CompressedClassSpaceSize: 1.00 GB
Initial GC threshold: 21.00 MB
Current GC threshold: 35.00 MB
CDS: on
 - commit_granule_bytes: 65536.
 - commit_granule_words: 8192.
 - virtual_space_node_default_size: 8388608.
 - enlarge_chunks_in_place: 1.
 - use_allocation_guard: 0.


Internal statistics:

num_allocs_failed_limit: 3.
num_arena_births: 470.
num_arena_deaths: 14.
num_vsnodes_births: 2.
num_vsnodes_deaths: 0.
num_space_committed: 362.
num_space_uncommitted: 0.
num_chunks_returned_to_freelist: 17.
num_chunks_taken_from_freelist: 1286.
num_chunk_merges: 7.
num_chunk_splits: 852.
num_chunks_enlarged: 571.
num_inconsistent_stats: 0.

CodeHeap 'non-profiled nmethods': size=120000Kb used=1492Kb max_used=1492Kb free=118507Kb
 bounds [0x0000029b07ad0000, 0x0000029b07d40000, 0x0000029b0f000000]
CodeHeap 'profiled nmethods': size=120000Kb used=7200Kb max_used=7200Kb free=112799Kb
 bounds [0x0000029b00000000, 0x0000029b00710000, 0x0000029b07530000]
CodeHeap 'non-nmethods': size=5760Kb used=1308Kb max_used=1334Kb free=4451Kb
 bounds [0x0000029b07530000, 0x0000029b077a0000, 0x0000029b07ad0000]
CodeCache: size=245760Kb, used=10000Kb, max_used=10026Kb, free=235757Kb
 total_blobs=4044, nmethods=3456, adapters=494, full_count=0
Compilation: enabled, stopped_count=0, restarted_count=0

Compilation events (20 events):
Event: 16.126 Thread 0x0000029b519cd6f0 3449       3       java.lang.AbstractStringBuilder::append (45 bytes)
Event: 16.126 Thread 0x0000029b519cd6f0 nmethod 3449 0x0000029b006f8410 code [0x0000029b006f8620, 0x0000029b006f8b48]
Event: 16.126 Thread 0x0000029b519cd6f0 3440       3       sun.util.locale.LocaleUtils::isEmpty (19 bytes)
Event: 16.127 Thread 0x0000029b519cd6f0 nmethod 3440 0x0000029b006f8d90 code [0x0000029b006f8f40, 0x0000029b006f9178]
Event: 16.127 Thread 0x0000029b519cd6f0 3441       3       sun.util.locale.InternalLocaleBuilder::getBaseLocale (187 bytes)
Event: 16.128 Thread 0x0000029b519cd6f0 nmethod 3441 0x0000029b006f9210 code [0x0000029b006f9540, 0x0000029b006fa4d8]
Event: 16.128 Thread 0x0000029b519cd6f0 3442       3       sun.util.locale.InternalLocaleBuilder::getLocaleExtensions (65 bytes)
Event: 16.129 Thread 0x0000029b519cd6f0 nmethod 3442 0x0000029b006fab90 code [0x0000029b006fade0, 0x0000029b006fb5d8]
Event: 16.129 Thread 0x0000029b519cd6f0 3443       3       sun.util.locale.LocaleUtils::isEmpty (19 bytes)
Event: 16.129 Thread 0x0000029b519cd6f0 nmethod 3443 0x0000029b006fb810 code [0x0000029b006fb9c0, 0x0000029b006fbbf8]
Event: 16.129 Thread 0x0000029b519cd6f0 3444       3       sun.util.locale.LanguageTag::parseExtlangs (114 bytes)
Event: 16.130 Thread 0x0000029b519cd6f0 nmethod 3444 0x0000029b006fbc90 code [0x0000029b006fbf00, 0x0000029b006fc938]
Event: 16.130 Thread 0x0000029b519cd6f0 3439       3       sun.util.locale.LocaleObjectCache::normalizeKey (2 bytes)
Event: 16.130 Thread 0x0000029b519cd6f0 nmethod 3439 0x0000029b006fcc90 code [0x0000029b006fce20, 0x0000029b006fcf30]
Event: 16.133 Thread 0x0000029b519cd6f0 3450       3       sun.nio.fs.WindowsPathParser::parse (6 bytes)
Event: 16.134 Thread 0x0000029b519cd6f0 nmethod 3450 0x0000029b006fcf90 code [0x0000029b006fd140, 0x0000029b006fd260]
Event: 16.134 Thread 0x0000029b519cd6f0 3452       3       java.lang.AbstractStringBuilder::append (77 bytes)
Event: 16.134 Thread 0x0000029b519cd6f0 nmethod 3452 0x0000029b006fd310 code [0x0000029b006fd520, 0x0000029b006fdbc8]
Event: 16.134 Thread 0x0000029b519cd6f0 3451       3       sun.nio.fs.WindowsPathParser::parse (504 bytes)
Event: 16.138 Thread 0x0000029b586bb4e0 nmethod 3445 0x0000029b07c3d110 code [0x0000029b07c3d340, 0x0000029b07c3dc18]

GC Heap History (16 events):
Event: 1.852 GC heap before
{Heap before GC invocations=1 (full 0):
 PSYoungGen      total 29696K, used 25600K [0x00000000d5580000, 0x00000000d7680000, 0x0000000100000000)
  eden space 25600K, 100% used [0x00000000d5580000,0x00000000d6e80000,0x00000000d6e80000)
  from space 4096K, 0% used [0x00000000d7280000,0x00000000d7280000,0x00000000d7680000)
  to   space 4096K, 0% used [0x00000000d6e80000,0x00000000d6e80000,0x00000000d7280000)
 ParOldGen       total 68608K, used 0K [0x0000000080000000, 0x0000000084300000, 0x00000000d5580000)
  object space 68608K, 0% used [0x0000000080000000,0x0000000080000000,0x0000000084300000)
 Metaspace       used 4353K, committed 4608K, reserved 1114112K
  class space    used 474K, committed 576K, reserved 1048576K
}
Event: 1.870 GC heap after
{Heap after GC invocations=1 (full 0):
 PSYoungGen      total 29696K, used 3303K [0x00000000d5580000, 0x00000000d7680000, 0x0000000100000000)
  eden space 25600K, 0% used [0x00000000d5580000,0x00000000d5580000,0x00000000d6e80000)
  from space 4096K, 80% used [0x00000000d6e80000,0x00000000d71b9e98,0x00000000d7280000)
  to   space 4096K, 0% used [0x00000000d7280000,0x00000000d7280000,0x00000000d7680000)
 ParOldGen       total 68608K, used 16K [0x0000000080000000, 0x0000000084300000, 0x00000000d5580000)
  object space 68608K, 0% used [0x0000000080000000,0x0000000080004000,0x0000000084300000)
 Metaspace       used 4353K, committed 4608K, reserved 1114112K
  class space    used 474K, committed 576K, reserved 1048576K
}
Event: 3.692 GC heap before
{Heap before GC invocations=2 (full 0):
 PSYoungGen      total 29696K, used 28903K [0x00000000d5580000, 0x00000000d7680000, 0x0000000100000000)
  eden space 25600K, 100% used [0x00000000d5580000,0x00000000d6e80000,0x00000000d6e80000)
  from space 4096K, 80% used [0x00000000d6e80000,0x00000000d71b9e98,0x00000000d7280000)
  to   space 4096K, 0% used [0x00000000d7280000,0x00000000d7280000,0x00000000d7680000)
 ParOldGen       total 68608K, used 16K [0x0000000080000000, 0x0000000084300000, 0x00000000d5580000)
  object space 68608K, 0% used [0x0000000080000000,0x0000000080004000,0x0000000084300000)
 Metaspace       used 8255K, committed 8512K, reserved 1114112K
  class space    used 881K, committed 960K, reserved 1048576K
}
Event: 3.705 GC heap after
{Heap after GC invocations=2 (full 0):
 PSYoungGen      total 29696K, used 4087K [0x00000000d5580000, 0x00000000d7680000, 0x0000000100000000)
  eden space 25600K, 0% used [0x00000000d5580000,0x00000000d5580000,0x00000000d6e80000)
  from space 4096K, 99% used [0x00000000d7280000,0x00000000d767de88,0x00000000d7680000)
  to   space 4096K, 0% used [0x00000000d6e80000,0x00000000d6e80000,0x00000000d7280000)
 ParOldGen       total 68608K, used 40K [0x0000000080000000, 0x0000000084300000, 0x00000000d5580000)
  object space 68608K, 0% used [0x0000000080000000,0x000000008000a000,0x0000000084300000)
 Metaspace       used 8255K, committed 8512K, reserved 1114112K
  class space    used 881K, committed 960K, reserved 1048576K
}
Event: 8.519 GC heap before
{Heap before GC invocations=3 (full 0):
 PSYoungGen      total 29696K, used 29687K [0x00000000d5580000, 0x00000000d7680000, 0x0000000100000000)
  eden space 25600K, 100% used [0x00000000d5580000,0x00000000d6e80000,0x00000000d6e80000)
  from space 4096K, 99% used [0x00000000d7280000,0x00000000d767de88,0x00000000d7680000)
  to   space 4096K, 0% used [0x00000000d6e80000,0x00000000d6e80000,0x00000000d7280000)
 ParOldGen       total 68608K, used 40K [0x0000000080000000, 0x0000000084300000, 0x00000000d5580000)
  object space 68608K, 0% used [0x0000000080000000,0x000000008000a000,0x0000000084300000)
 Metaspace       used 8735K, committed 9024K, reserved 1114112K
  class space    used 914K, committed 1088K, reserved 1048576K
}
Event: 8.535 GC heap after
{Heap after GC invocations=3 (full 0):
 PSYoungGen      total 29696K, used 4079K [0x00000000d5580000, 0x00000000d7680000, 0x0000000100000000)
  eden space 25600K, 0% used [0x00000000d5580000,0x00000000d5580000,0x00000000d6e80000)
  from space 4096K, 99% used [0x00000000d6e80000,0x00000000d727bdf0,0x00000000d7280000)
  to   space 4096K, 0% used [0x00000000d7280000,0x00000000d7280000,0x00000000d7680000)
 ParOldGen       total 68608K, used 6366K [0x0000000080000000, 0x0000000084300000, 0x00000000d5580000)
  object space 68608K, 9% used [0x0000000080000000,0x0000000080637860,0x0000000084300000)
 Metaspace       used 8735K, committed 9024K, reserved 1114112K
  class space    used 914K, committed 1088K, reserved 1048576K
}
Event: 9.969 GC heap before
{Heap before GC invocations=4 (full 0):
 PSYoungGen      total 29696K, used 29679K [0x00000000d5580000, 0x00000000d7680000, 0x0000000100000000)
  eden space 25600K, 100% used [0x00000000d5580000,0x00000000d6e80000,0x00000000d6e80000)
  from space 4096K, 99% used [0x00000000d6e80000,0x00000000d727bdf0,0x00000000d7280000)
  to   space 4096K, 0% used [0x00000000d7280000,0x00000000d7280000,0x00000000d7680000)
 ParOldGen       total 68608K, used 6366K [0x0000000080000000, 0x0000000084300000, 0x00000000d5580000)
  object space 68608K, 9% used [0x0000000080000000,0x0000000080637860,0x0000000084300000)
 Metaspace       used 12544K, committed 12992K, reserved 1114112K
  class space    used 1315K, committed 1536K, reserved 1048576K
}
Event: 9.982 GC heap after
{Heap after GC invocations=4 (full 0):
 PSYoungGen      total 29696K, used 4073K [0x00000000d5580000, 0x00000000d7680000, 0x0000000100000000)
  eden space 25600K, 0% used [0x00000000d5580000,0x00000000d5580000,0x00000000d6e80000)
  from space 4096K, 99% used [0x00000000d7280000,0x00000000d767a5f8,0x00000000d7680000)
  to   space 4096K, 0% used [0x00000000d6e80000,0x00000000d6e80000,0x00000000d7280000)
 ParOldGen       total 68608K, used 8138K [0x0000000080000000, 0x0000000084300000, 0x00000000d5580000)
  object space 68608K, 11% used [0x0000000080000000,0x00000000807f2898,0x0000000084300000)
 Metaspace       used 12544K, committed 12992K, reserved 1114112K
  class space    used 1315K, committed 1536K, reserved 1048576K
}
Event: 13.361 GC heap before
{Heap before GC invocations=5 (full 0):
 PSYoungGen      total 29696K, used 29673K [0x00000000d5580000, 0x00000000d7680000, 0x0000000100000000)
  eden space 25600K, 100% used [0x00000000d5580000,0x00000000d6e80000,0x00000000d6e80000)
  from space 4096K, 99% used [0x00000000d7280000,0x00000000d767a5f8,0x00000000d7680000)
  to   space 4096K, 0% used [0x00000000d6e80000,0x00000000d6e80000,0x00000000d7280000)
 ParOldGen       total 68608K, used 8138K [0x0000000080000000, 0x0000000084300000, 0x00000000d5580000)
  object space 68608K, 11% used [0x0000000080000000,0x00000000807f2898,0x0000000084300000)
 Metaspace       used 17045K, committed 17664K, reserved 1114112K
  class space    used 1751K, committed 2048K, reserved 1048576K
}
Event: 13.365 GC heap after
{Heap after GC invocations=5 (full 0):
 PSYoungGen      total 29184K, used 4087K [0x00000000d5580000, 0x00000000d7a00000, 0x0000000100000000)
  eden space 25088K, 0% used [0x00000000d5580000,0x00000000d5580000,0x00000000d6e00000)
  from space 4096K, 99% used [0x00000000d6e80000,0x00000000d727ded8,0x00000000d7280000)
  to   space 6144K, 0% used [0x00000000d7400000,0x00000000d7400000,0x00000000d7a00000)
 ParOldGen       total 68608K, used 9752K [0x0000000080000000, 0x0000000084300000, 0x00000000d5580000)
  object space 68608K, 14% used [0x0000000080000000,0x00000000809862d8,0x0000000084300000)
 Metaspace       used 17045K, committed 17664K, reserved 1114112K
  class space    used 1751K, committed 2048K, reserved 1048576K
}
Event: 13.666 GC heap before
{Heap before GC invocations=6 (full 0):
 PSYoungGen      total 29184K, used 29145K [0x00000000d5580000, 0x00000000d7a00000, 0x0000000100000000)
  eden space 25088K, 99% used [0x00000000d5580000,0x00000000d6df8890,0x00000000d6e00000)
  from space 4096K, 99% used [0x00000000d6e80000,0x00000000d727ded8,0x00000000d7280000)
  to   space 6144K, 0% used [0x00000000d7400000,0x00000000d7400000,0x00000000d7a00000)
 ParOldGen       total 68608K, used 9752K [0x0000000080000000, 0x0000000084300000, 0x00000000d5580000)
  object space 68608K, 14% used [0x0000000080000000,0x00000000809862d8,0x0000000084300000)
 Metaspace       used 20240K, committed 20928K, reserved 1114112K
  class space    used 1973K, committed 2304K, reserved 1048576K
}
Event: 13.669 GC heap after
{Heap after GC invocations=6 (full 0):
 PSYoungGen      total 29184K, used 4476K [0x00000000d5580000, 0x00000000d7880000, 0x0000000100000000)
  eden space 24576K, 0% used [0x00000000d5580000,0x00000000d5580000,0x00000000d6d80000)
  from space 4608K, 97% used [0x00000000d7400000,0x00000000d785f3d0,0x00000000d7880000)
  to   space 5120K, 0% used [0x00000000d6e80000,0x00000000d6e80000,0x00000000d7380000)
 ParOldGen       total 68608K, used 9752K [0x0000000080000000, 0x0000000084300000, 0x00000000d5580000)
  object space 68608K, 14% used [0x0000000080000000,0x00000000809862d8,0x0000000084300000)
 Metaspace       used 20240K, committed 20928K, reserved 1114112K
  class space    used 1973K, committed 2304K, reserved 1048576K
}
Event: 15.783 GC heap before
{Heap before GC invocations=7 (full 0):
 PSYoungGen      total 29184K, used 10965K [0x00000000d5580000, 0x00000000d7880000, 0x0000000100000000)
  eden space 24576K, 26% used [0x00000000d5580000,0x00000000d5bd61f0,0x00000000d6d80000)
  from space 4608K, 97% used [0x00000000d7400000,0x00000000d785f3d0,0x00000000d7880000)
  to   space 5120K, 0% used [0x00000000d6e80000,0x00000000d6e80000,0x00000000d7380000)
 ParOldGen       total 68608K, used 9752K [0x0000000080000000, 0x0000000084300000, 0x00000000d5580000)
  object space 68608K, 14% used [0x0000000080000000,0x00000000809862d8,0x0000000084300000)
 Metaspace       used 20918K, committed 21504K, reserved 1114112K
  class space    used 2011K, committed 2304K, reserved 1048576K
}
Event: 15.787 GC heap after
{Heap after GC invocations=7 (full 0):
 PSYoungGen      total 28672K, used 3611K [0x00000000d5580000, 0x00000000d7580000, 0x0000000100000000)
  eden space 24576K, 0% used [0x00000000d5580000,0x00000000d5580000,0x00000000d6d80000)
  from space 4096K, 88% used [0x00000000d6e80000,0x00000000d7206ea0,0x00000000d7280000)
  to   space 3072K, 0% used [0x00000000d7280000,0x00000000d7280000,0x00000000d7580000)
 ParOldGen       total 68608K, used 10814K [0x0000000080000000, 0x0000000084300000, 0x00000000d5580000)
  object space 68608K, 15% used [0x0000000080000000,0x0000000080a8f9a8,0x0000000084300000)
 Metaspace       used 20918K, committed 21504K, reserved 1114112K
  class space    used 2011K, committed 2304K, reserved 1048576K
}
Event: 15.787 GC heap before
{Heap before GC invocations=8 (full 1):
 PSYoungGen      total 28672K, used 3611K [0x00000000d5580000, 0x00000000d7580000, 0x0000000100000000)
  eden space 24576K, 0% used [0x00000000d5580000,0x00000000d5580000,0x00000000d6d80000)
  from space 4096K, 88% used [0x00000000d6e80000,0x00000000d7206ea0,0x00000000d7280000)
  to   space 3072K, 0% used [0x00000000d7280000,0x00000000d7280000,0x00000000d7580000)
 ParOldGen       total 68608K, used 10814K [0x0000000080000000, 0x0000000084300000, 0x00000000d5580000)
  object space 68608K, 15% used [0x0000000080000000,0x0000000080a8f9a8,0x0000000084300000)
 Metaspace       used 20918K, committed 21504K, reserved 1114112K
  class space    used 2011K, committed 2304K, reserved 1048576K
}
Event: 15.819 GC heap after
{Heap after GC invocations=8 (full 1):
 PSYoungGen      total 28672K, used 0K [0x00000000d5580000, 0x00000000d7580000, 0x0000000100000000)
  eden space 24576K, 0% used [0x00000000d5580000,0x00000000d5580000,0x00000000d6d80000)
  from space 4096K, 0% used [0x00000000d6e80000,0x00000000d6e80000,0x00000000d7280000)
  to   space 3072K, 0% used [0x00000000d7280000,0x00000000d7280000,0x00000000d7580000)
 ParOldGen       total 68608K, used 10487K [0x0000000080000000, 0x0000000084300000, 0x00000000d5580000)
  object space 68608K, 15% used [0x0000000080000000,0x0000000080a3dfb8,0x0000000084300000)
 Metaspace       used 20905K, committed 21504K, reserved 1114112K
  class space    used 2007K, committed 2304K, reserved 1048576K
}

Dll operation events (11 events):
Event: 0.027 Loaded shared library c:\Users\Admin\.vscode\extensions\redhat.java-1.55.0-win32-x64\jre\21.0.11-win32-x86_64\bin\java.dll
Event: 0.207 Loaded shared library c:\Users\Admin\.vscode\extensions\redhat.java-1.55.0-win32-x64\jre\21.0.11-win32-x86_64\bin\zip.dll
Event: 0.265 Loaded shared library C:\Users\Admin\.vscode\extensions\redhat.java-1.55.0-win32-x64\jre\21.0.11-win32-x86_64\bin\instrument.dll
Event: 0.278 Loaded shared library C:\Users\Admin\.vscode\extensions\redhat.java-1.55.0-win32-x64\jre\21.0.11-win32-x86_64\bin\net.dll
Event: 0.283 Loaded shared library C:\Users\Admin\.vscode\extensions\redhat.java-1.55.0-win32-x64\jre\21.0.11-win32-x86_64\bin\nio.dll
Event: 0.291 Loaded shared library C:\Users\Admin\.vscode\extensions\redhat.java-1.55.0-win32-x64\jre\21.0.11-win32-x86_64\bin\zip.dll
Event: 0.344 Loaded shared library C:\Users\Admin\.vscode\extensions\redhat.java-1.55.0-win32-x64\jre\21.0.11-win32-x86_64\bin\jimage.dll
Event: 0.529 Loaded shared library c:\Users\Admin\.vscode\extensions\redhat.java-1.55.0-win32-x64\jre\21.0.11-win32-x86_64\bin\verify.dll
Event: 5.358 Loaded shared library C:\Users\Admin\AppData\Roaming\Code\User\globalStorage\redhat.java\1.55.0\config_ss_win\org.eclipse.equinox.launcher\org.eclipse.equinox.launcher.win32.win32.x86_64_1.3.100.v20260613-0559\eclipse_11924.dll
Event: 10.871 Loaded shared library C:\Users\Admin\.vscode\extensions\redhat.java-1.55.0-win32-x64\jre\21.0.11-win32-x86_64\bin\management.dll
Event: 10.881 Loaded shared library C:\Users\Admin\.vscode\extensions\redhat.java-1.55.0-win32-x64\jre\21.0.11-win32-x86_64\bin\management_ext.dll

Deoptimization events (20 events):
Event: 16.116 Thread 0x0000029b519abbc0 Uncommon trap: trap_request=0xffffff45 fr.pc=0x0000029b07b26c0c relative=0x000000000000006c
Event: 16.116 Thread 0x0000029b519abbc0 Uncommon trap: reason=unstable_if action=reinterpret pc=0x0000029b07b26c0c method=java.lang.AbstractStringBuilder.isLatin1()Z @ 10 c2
Event: 16.116 Thread 0x0000029b519abbc0 DEOPT PACKING pc=0x0000029b07b26c0c sp=0x000000f3101fe1b0
Event: 16.116 Thread 0x0000029b519abbc0 DEOPT UNPACKING pc=0x0000029b07583aa2 sp=0x000000f3101fe140 mode 2
Event: 16.123 Thread 0x0000029b519abbc0 Uncommon trap: trap_request=0xffffffc6 fr.pc=0x0000029b07c2cb24 relative=0x0000000000000944
Event: 16.123 Thread 0x0000029b519abbc0 Uncommon trap: reason=bimorphic_or_optimized_type_check action=maybe_recompile pc=0x0000029b07c2cb24 method=java.util.HashMap.putVal(ILjava/lang/Object;Ljava/lang/Object;ZZ)Ljava/lang/Object; @ 56 c2
Event: 16.123 Thread 0x0000029b519abbc0 DEOPT PACKING pc=0x0000029b07c2cb24 sp=0x000000f3101fd960
Event: 16.123 Thread 0x0000029b519abbc0 DEOPT UNPACKING pc=0x0000029b07583aa2 sp=0x000000f3101fd8c8 mode 2
Event: 16.123 Thread 0x0000029b519abbc0 Uncommon trap: trap_request=0xffffffc6 fr.pc=0x0000029b07c2cb24 relative=0x0000000000000944
Event: 16.123 Thread 0x0000029b519abbc0 Uncommon trap: reason=bimorphic_or_optimized_type_check action=maybe_recompile pc=0x0000029b07c2cb24 method=java.util.HashMap.putVal(ILjava/lang/Object;Ljava/lang/Object;ZZ)Ljava/lang/Object; @ 56 c2
Event: 16.123 Thread 0x0000029b519abbc0 DEOPT PACKING pc=0x0000029b07c2cb24 sp=0x000000f3101fd960
Event: 16.123 Thread 0x0000029b519abbc0 DEOPT UNPACKING pc=0x0000029b07583aa2 sp=0x000000f3101fd8c8 mode 2
Event: 16.123 Thread 0x0000029b519abbc0 Uncommon trap: trap_request=0xffffffc6 fr.pc=0x0000029b07c2cb24 relative=0x0000000000000944
Event: 16.123 Thread 0x0000029b519abbc0 Uncommon trap: reason=bimorphic_or_optimized_type_check action=maybe_recompile pc=0x0000029b07c2cb24 method=java.util.HashMap.putVal(ILjava/lang/Object;Ljava/lang/Object;ZZ)Ljava/lang/Object; @ 56 c2
Event: 16.123 Thread 0x0000029b519abbc0 DEOPT PACKING pc=0x0000029b07c2cb24 sp=0x000000f3101fd960
Event: 16.123 Thread 0x0000029b519abbc0 DEOPT UNPACKING pc=0x0000029b07583aa2 sp=0x000000f3101fd8c8 mode 2
Event: 16.123 Thread 0x0000029b519abbc0 Uncommon trap: trap_request=0xffffffc6 fr.pc=0x0000029b07c2cb24 relative=0x0000000000000944
Event: 16.123 Thread 0x0000029b519abbc0 Uncommon trap: reason=bimorphic_or_optimized_type_check action=maybe_recompile pc=0x0000029b07c2cb24 method=java.util.HashMap.putVal(ILjava/lang/Object;Ljava/lang/Object;ZZ)Ljava/lang/Object; @ 56 c2
Event: 16.123 Thread 0x0000029b519abbc0 DEOPT PACKING pc=0x0000029b07c2cb24 sp=0x000000f3101fd960
Event: 16.123 Thread 0x0000029b519abbc0 DEOPT UNPACKING pc=0x0000029b07583aa2 sp=0x000000f3101fd8c8 mode 2

Classes loaded (20 events):
Event: 16.122 Loading class java/lang/ProcessEnvironment$EntryComparator done
Event: 16.123 Loading class java/lang/ProcessEnvironment$CheckedEntrySet
Event: 16.123 Loading class java/lang/ProcessEnvironment$CheckedEntrySet done
Event: 16.123 Loading class java/lang/ProcessEnvironment$CheckedEntrySet$1
Event: 16.123 Loading class java/lang/ProcessEnvironment$CheckedEntrySet$1 done
Event: 16.123 Loading class java/lang/ProcessEnvironment$CheckedEntry
Event: 16.123 Loading class java/lang/ProcessEnvironment$CheckedEntry done
Event: 16.133 Loading class sun/nio/fs/WindowsSecurityDescriptor
Event: 16.134 Loading class sun/nio/fs/WindowsSecurityDescriptor done
Event: 16.134 Loading class sun/nio/fs/WindowsException
Event: 16.135 Loading class sun/nio/fs/WindowsException done
Event: 16.135 Loading class java/nio/file/FileAlreadyExistsException
Event: 16.135 Loading class java/nio/file/FileAlreadyExistsException done
Event: 16.135 Loading class java/nio/file/Path$1
Event: 16.136 Loading class java/nio/file/Path$1 done
Event: 16.136 Loading class sun/nio/fs/WindowsPath$1
Event: 16.136 Loading class sun/nio/fs/WindowsPath$1 done
Event: 16.137 Loading class sun/nio/cs/ISO_8859_1$Encoder
Event: 16.138 Loading class sun/nio/cs/ISO_8859_1$Encoder done
Event: 16.138 Loading class sun/nio/cs/Surrogate$Parser

Classes unloaded (7 events):
Event: 15.792 Thread 0x0000029b780243e0 Unloading class 0x0000029b101a1000 'java/lang/invoke/LambdaForm$MH+0x0000029b101a1000'
Event: 15.792 Thread 0x0000029b780243e0 Unloading class 0x0000029b101a0c00 'java/lang/invoke/LambdaForm$MH+0x0000029b101a0c00'
Event: 15.792 Thread 0x0000029b780243e0 Unloading class 0x0000029b101a0800 'java/lang/invoke/LambdaForm$MH+0x0000029b101a0800'
Event: 15.792 Thread 0x0000029b780243e0 Unloading class 0x0000029b101a0400 'java/lang/invoke/LambdaForm$MH+0x0000029b101a0400'
Event: 15.792 Thread 0x0000029b780243e0 Unloading class 0x0000029b101a0000 'java/lang/invoke/LambdaForm$BMH+0x0000029b101a0000'
Event: 15.792 Thread 0x0000029b780243e0 Unloading class 0x0000029b1019fc00 'java/lang/invoke/LambdaForm$DMH+0x0000029b1019fc00'
Event: 15.792 Thread 0x0000029b780243e0 Unloading class 0x0000029b1019e800 'java/lang/invoke/LambdaForm$DMH+0x0000029b1019e800'

Classes redefined (0 events):
No events

Internal exceptions (20 events):
Event: 13.201 Thread 0x0000029b519abbc0 Exception <a 'java/lang/NoSuchMethodError'{0x00000000d672d0d0}: 'java.lang.Object java.lang.invoke.Invokers$Holder.linkToTargetMethod(java.lang.Object, java.lang.Object, int, java.lang.Object, java.lang.Object)'> (0x00000000d672d0d0) 
thrown [s\src\hotspot\share\interpreter\linkResolver.cpp, line 773]
Event: 13.202 Thread 0x0000029b56632860 Exception <a 'java/lang/NoSuchMethodError'{0x00000000d6660040}: 'java.lang.Object java.lang.invoke.DirectMethodHandle$Holder.invokeSpecial(java.lang.Object, java.lang.Object, int, java.lang.Object, java.lang.Object)'> (0x00000000d6660040) 
thrown [s\src\hotspot\share\interpreter\linkResolver.cpp, line 773]
Event: 13.203 Thread 0x0000029b56632860 Exception <a 'java/lang/NoSuchMethodError'{0x00000000d6666d78}: 'java.lang.Object java.lang.invoke.DirectMethodHandle$Holder.newInvokeSpecial(java.lang.Object, java.lang.Object, int, java.lang.Object)'> (0x00000000d6666d78) 
thrown [s\src\hotspot\share\interpreter\linkResolver.cpp, line 773]
Event: 13.204 Thread 0x0000029b56632860 Exception <a 'java/lang/NoSuchMethodError'{0x00000000d666a658}: 'java.lang.Object java.lang.invoke.DirectMethodHandle$Holder.invokeSpecial(java.lang.Object, java.lang.Object, java.lang.Object, int, java.lang.Object)'> (0x00000000d666a658) 
thrown [s\src\hotspot\share\interpreter\linkResolver.cpp, line 773]
Event: 13.231 Thread 0x0000029b519abbc0 Exception <a 'java/lang/NoSuchMethodError'{0x00000000d6859e60}: 'void java.lang.invoke.DirectMethodHandle$Holder.invokeSpecial(java.lang.Object, java.lang.Object, java.lang.Object, java.lang.Object, java.lang.Object)'> (0x00000000d6859e60) 
thrown [s\src\hotspot\share\interpreter\linkResolver.cpp, line 773]
Event: 13.288 Thread 0x0000029b519abbc0 Exception <a 'java/lang/NoSuchMethodError'{0x00000000d6ac1790}: 'double java.lang.invoke.DirectMethodHandle$Holder.invokeStatic(java.lang.Object, java.lang.Object)'> (0x00000000d6ac1790) 
thrown [s\src\hotspot\share\interpreter\linkResolver.cpp, line 773]
Event: 13.288 Thread 0x0000029b519abbc0 Exception <a 'java/lang/NoSuchMethodError'{0x00000000d6ac4e50}: 'double java.lang.invoke.DirectMethodHandle$Holder.invokeStaticInit(java.lang.Object, java.lang.Object)'> (0x00000000d6ac4e50) 
thrown [s\src\hotspot\share\interpreter\linkResolver.cpp, line 773]
Event: 13.462 Thread 0x0000029b519abbc0 Exception <a 'java/io/FileNotFoundException'{0x00000000d61b8058}> (0x00000000d61b8058) 
thrown [s\src\hotspot\share\prims\jni.cpp, line 520]
Event: 13.462 Thread 0x0000029b519abbc0 Exception <a 'java/io/FileNotFoundException'{0x00000000d61b8e88}> (0x00000000d61b8e88) 
thrown [s\src\hotspot\share\prims\jni.cpp, line 520]
Event: 13.462 Thread 0x0000029b519abbc0 Exception <a 'java/io/FileNotFoundException'{0x00000000d61b9db8}> (0x00000000d61b9db8) 
thrown [s\src\hotspot\share\prims\jni.cpp, line 520]
Event: 13.618 Thread 0x0000029b519abbc0 Exception <a 'java/lang/NoSuchMethodError'{0x00000000d6b048a8}: 'int java.lang.invoke.DirectMethodHandle$Holder.invokeStaticInit(java.lang.Object, java.lang.Object, java.lang.Object)'> (0x00000000d6b048a8) 
thrown [s\src\hotspot\share\interpreter\linkResolver.cpp, line 773]
Event: 13.674 Thread 0x0000029b519abbc0 Implicit null exception at 0x0000029b07c2adf5 to 0x0000029b07c2aed0
Event: 15.873 Thread 0x0000029b519abbc0 Exception <a 'java/io/FileNotFoundException'{0x00000000d5878198}> (0x00000000d5878198) 
thrown [s\src\hotspot\share\prims\jni.cpp, line 520]
Event: 15.875 Thread 0x0000029b519abbc0 Exception <a 'java/lang/NoSuchMethodError'{0x00000000d587fa10}: 'java.lang.Object java.lang.invoke.DirectMethodHandle$Holder.newInvokeSpecial(java.lang.Object, int, java.lang.Object, java.lang.Object)'> (0x00000000d587fa10) 
thrown [s\src\hotspot\share\interpreter\linkResolver.cpp, line 773]
Event: 15.917 Thread 0x0000029b519abbc0 Exception <a 'java/io/FileNotFoundException'{0x00000000d6411200}> (0x00000000d6411200) 
thrown [s\src\hotspot\share\prims\jni.cpp, line 520]
Event: 15.917 Thread 0x0000029b519abbc0 Exception <a 'java/io/FileNotFoundException'{0x00000000d6412200}> (0x00000000d6412200) 
thrown [s\src\hotspot\share\prims\jni.cpp, line 520]
Event: 15.919 Thread 0x0000029b519abbc0 Exception <a 'java/io/FileNotFoundException'{0x00000000d6420230}> (0x00000000d6420230) 
thrown [s\src\hotspot\share\prims\jni.cpp, line 520]
Event: 16.068 Thread 0x0000029b519abbc0 Exception <a 'java/io/FileNotFoundException'{0x00000000d6af87b0}> (0x00000000d6af87b0) 
thrown [s\src\hotspot\share\prims\jni.cpp, line 520]
Event: 16.135 Thread 0x0000029b519abbc0 Exception <a 'sun/nio/fs/WindowsException'{0x00000000d6cd05b8}> (0x00000000d6cd05b8) 
thrown [s\src\hotspot\share\prims\jni.cpp, line 520]
Event: 16.135 Thread 0x0000029b519abbc0 Exception <a 'sun/nio/fs/WindowsException'{0x00000000d6cd42a0}> (0x00000000d6cd42a0) 
thrown [s\src\hotspot\share\prims\jni.cpp, line 520]

ZGC Phase Switch (0 events):
No events

VM Operations (20 events):
Event: 10.975 Executing non-safepoint VM operation: HandshakeAllThreads (Deoptimize) done
Event: 11.014 Executing non-safepoint VM operation: HandshakeAllThreads (Deoptimize)
Event: 11.015 Executing non-safepoint VM operation: HandshakeAllThreads (Deoptimize) done
Event: 11.015 Executing safepoint VM operation: Cleanup
Event: 11.015 Executing safepoint VM operation: Cleanup done
Event: 11.076 Executing non-safepoint VM operation: HandshakeAllThreads (Deoptimize)
Event: 11.076 Executing non-safepoint VM operation: HandshakeAllThreads (Deoptimize) done
Event: 12.086 Executing safepoint VM operation: Cleanup
Event: 12.086 Executing safepoint VM operation: Cleanup done
Event: 13.361 Executing safepoint VM operation: ParallelGCFailedAllocation (Allocation Failure)
Event: 13.365 Executing safepoint VM operation: ParallelGCFailedAllocation (Allocation Failure) done
Event: 13.665 Executing safepoint VM operation: ParallelGCFailedAllocation (Allocation Failure)
Event: 13.669 Executing safepoint VM operation: ParallelGCFailedAllocation (Allocation Failure) done
Event: 15.681 Executing safepoint VM operation: Cleanup
Event: 15.773 Executing safepoint VM operation: Cleanup done
Event: 15.783 Executing safepoint VM operation: CollectForMetadataAllocation (Metadata GC Threshold)
Event: 15.819 Executing safepoint VM operation: CollectForMetadataAllocation (Metadata GC Threshold) done
Event: 16.122 Executing non-safepoint VM operation: HandshakeAllThreads (Deoptimize)
Event: 16.122 Executing non-safepoint VM operation: HandshakeAllThreads (Deoptimize) done
Event: 17.134 Executing safepoint VM operation: Cleanup

Memory protections (0 events):
No events

Nmethod flushes (0 events):
No events

Events (20 events):
Event: 8.485 Thread 0x0000029b519cd6f0 Thread added: 0x0000029b566ae630
Event: 8.771 Thread 0x0000029b519abbc0 Thread added: 0x0000029b56630e20
Event: 8.961 Thread 0x0000029b566ae630 Thread exited: 0x0000029b566ae630
Event: 8.961 Thread 0x0000029b5660fba0 Thread exited: 0x0000029b5660fba0
Event: 9.094 Thread 0x0000029b519cd6f0 Thread added: 0x0000029b5660fba0
Event: 9.497 Thread 0x0000029b519cd6f0 Thread added: 0x0000029b573be2a0
Event: 10.373 Thread 0x0000029b519abbc0 Thread added: 0x0000029b56630790
Event: 10.449 Thread 0x0000029b573be2a0 Thread exited: 0x0000029b573be2a0
Event: 10.449 Thread 0x0000029b5660fba0 Thread exited: 0x0000029b5660fba0
Event: 10.556 Thread 0x0000029b519cd6f0 Thread added: 0x0000029b5660fba0
Event: 10.899 Thread 0x0000029b5660fba0 Thread exited: 0x0000029b5660fba0
Event: 11.030 Thread 0x0000029b519cd6f0 Thread added: 0x0000029b56b23e40
Event: 12.145 Thread 0x0000029b56b23e40 Thread exited: 0x0000029b56b23e40
Event: 13.170 Thread 0x0000029b519abbc0 Thread added: 0x0000029b56632860
Event: 13.203 Thread 0x0000029b519abbc0 Thread added: 0x0000029b56631b40
Event: 13.420 Thread 0x0000029b519cd6f0 Thread added: 0x0000029b585250e0
Event: 13.578 Thread 0x0000029b585250e0 Thread exited: 0x0000029b585250e0
Event: 15.906 Thread 0x0000029b519cd6f0 Thread added: 0x0000029b57a98040
Event: 15.943 Thread 0x0000029b57a98040 Thread added: 0x0000029b586bb4e0
Event: 16.057 Thread 0x0000029b519abbc0 Thread added: 0x0000029b566321d0


Dynamic libraries:
0x00007ff66e360000 - 0x00007ff66e36e000 	c:\Users\Admin\.vscode\extensions\redhat.java-1.55.0-win32-x64\jre\21.0.11-win32-x86_64\bin\java.exe
0x00007ffd36bf0000 - 0x00007ffd36e45000 	C:\Windows\SYSTEM32\ntdll.dll
0x00007ffd367c0000 - 0x00007ffd36887000 	C:\Windows\System32\KERNEL32.DLL
0x00007ffd343e0000 - 0x00007ffd34780000 	C:\Windows\System32\KERNELBASE.dll
0x00007ffd34830000 - 0x00007ffd3497a000 	C:\Windows\System32\ucrtbase.dll
0x00007ffd10f40000 - 0x00007ffd10f58000 	c:\Users\Admin\.vscode\extensions\redhat.java-1.55.0-win32-x64\jre\21.0.11-win32-x86_64\bin\jli.dll
0x00007ffd10080000 - 0x00007ffd1009e000 	c:\Users\Admin\.vscode\extensions\redhat.java-1.55.0-win32-x64\jre\21.0.11-win32-x86_64\bin\VCRUNTIME140.dll
0x00007ffd36890000 - 0x00007ffd36a4f000 	C:\Windows\System32\USER32.dll
0x00007ffd343b0000 - 0x00007ffd343d7000 	C:\Windows\System32\win32u.dll
0x00007ffd21ab0000 - 0x00007ffd21d40000 	C:\Windows\WinSxS\amd64_microsoft.windows.common-controls_6595b64144ccf1df_6.0.26100.1_none_fc2d3fda0fd46076\COMCTL32.dll
0x00007ffd36790000 - 0x00007ffd367ba000 	C:\Windows\System32\GDI32.dll
0x00007ffd35c50000 - 0x00007ffd35cf9000 	C:\Windows\System32\msvcrt.dll
0x00007ffd34980000 - 0x00007ffd34aa1000 	C:\Windows\System32\gdi32full.dll
0x00007ffd340c0000 - 0x00007ffd34163000 	C:\Windows\System32\msvcp_win.dll
0x00007ffd364e0000 - 0x00007ffd3650f000 	C:\Windows\System32\IMM32.DLL
0x00007ffd247c0000 - 0x00007ffd247cc000 	c:\Users\Admin\.vscode\extensions\redhat.java-1.55.0-win32-x64\jre\21.0.11-win32-x86_64\bin\vcruntime140_1.dll
0x00007ffcdbe50000 - 0x00007ffcdbedd000 	c:\Users\Admin\.vscode\extensions\redhat.java-1.55.0-win32-x64\jre\21.0.11-win32-x86_64\bin\msvcp140.dll
0x00007ffc97180000 - 0x00007ffc97f22000 	c:\Users\Admin\.vscode\extensions\redhat.java-1.55.0-win32-x64\jre\21.0.11-win32-x86_64\bin\server\jvm.dll
0x00007ffd36a60000 - 0x00007ffd36b12000 	C:\Windows\System32\ADVAPI32.dll
0x00007ffd362f0000 - 0x00007ffd36396000 	C:\Windows\System32\sechost.dll
0x00007ffd361c0000 - 0x00007ffd362d9000 	C:\Windows\System32\RPCRT4.dll
0x00007ffd366a0000 - 0x00007ffd36714000 	C:\Windows\System32\WS2_32.dll
0x00007ffd33ee0000 - 0x00007ffd33f2e000 	C:\Windows\SYSTEM32\POWRPROF.dll
0x00007ffd2a0f0000 - 0x00007ffd2a126000 	C:\Windows\SYSTEM32\WINMM.dll
0x00007ffd2c930000 - 0x00007ffd2c93b000 	C:\Windows\SYSTEM32\VERSION.dll
0x00007ffd33ec0000 - 0x00007ffd33ed4000 	C:\Windows\SYSTEM32\UMPDC.dll
0x00007ffd32f20000 - 0x00007ffd32f3a000 	C:\Windows\SYSTEM32\kernel.appcore.dll
0x00007ffd24220000 - 0x00007ffd2422a000 	c:\Users\Admin\.vscode\extensions\redhat.java-1.55.0-win32-x64\jre\21.0.11-win32-x86_64\bin\jimage.dll
0x00007ffd2bbe0000 - 0x00007ffd2be21000 	C:\Windows\SYSTEM32\DBGHELP.DLL
0x00007ffd351a0000 - 0x00007ffd35515000 	C:\Windows\System32\combase.dll
0x00007ffd36520000 - 0x00007ffd365f6000 	C:\Windows\System32\OLEAUT32.dll
0x00007ffd253d0000 - 0x00007ffd25409000 	C:\Windows\SYSTEM32\dbgcore.DLL
0x00007ffd34790000 - 0x00007ffd34829000 	C:\Windows\System32\bcryptPrimitives.dll
0x00007ffd170e0000 - 0x00007ffd170ef000 	c:\Users\Admin\.vscode\extensions\redhat.java-1.55.0-win32-x64\jre\21.0.11-win32-x86_64\bin\instrument.dll
0x00007ffd0f170000 - 0x00007ffd0f190000 	c:\Users\Admin\.vscode\extensions\redhat.java-1.55.0-win32-x64\jre\21.0.11-win32-x86_64\bin\java.dll
0x00007ffd34ab0000 - 0x00007ffd35196000 	C:\Windows\System32\SHELL32.dll
0x00007ffd31ec0000 - 0x00007ffd326eb000 	C:\Windows\SYSTEM32\windows.storage.dll
0x00007ffd35d00000 - 0x00007ffd35dd3000 	C:\Windows\System32\SHCORE.dll
0x00007ffd36720000 - 0x00007ffd3677d000 	C:\Windows\System32\shlwapi.dll
0x00007ffd33f60000 - 0x00007ffd33f84000 	C:\Windows\SYSTEM32\profapi.dll
0x00007ffd097d0000 - 0x00007ffd097e8000 	c:\Users\Admin\.vscode\extensions\redhat.java-1.55.0-win32-x64\jre\21.0.11-win32-x86_64\bin\zip.dll
0x00007ffd20ec0000 - 0x00007ffd20ed0000 	C:\Users\Admin\.vscode\extensions\redhat.java-1.55.0-win32-x64\jre\21.0.11-win32-x86_64\bin\net.dll
0x00007ffd2d990000 - 0x00007ffd2daad000 	C:\Windows\SYSTEM32\WINHTTP.dll
0x00007ffd33450000 - 0x00007ffd334b8000 	C:\Windows\system32\mswsock.dll
0x00007ffd094b0000 - 0x00007ffd094c6000 	C:\Users\Admin\.vscode\extensions\redhat.java-1.55.0-win32-x64\jre\21.0.11-win32-x86_64\bin\nio.dll
0x00007ffd1b8e0000 - 0x00007ffd1b8f0000 	c:\Users\Admin\.vscode\extensions\redhat.java-1.55.0-win32-x64\jre\21.0.11-win32-x86_64\bin\verify.dll
0x00007ffcf7250000 - 0x00007ffcf7295000 	C:\Users\Admin\AppData\Roaming\Code\User\globalStorage\redhat.java\1.55.0\config_ss_win\org.eclipse.equinox.launcher\org.eclipse.equinox.launcher.win32.win32.x86_64_1.3.100.v20260613-0559\eclipse_11924.dll
0x00007ffd35ab0000 - 0x00007ffd35c45000 	C:\Windows\System32\ole32.dll
0x00007ffd12620000 - 0x00007ffd1262a000 	C:\Users\Admin\.vscode\extensions\redhat.java-1.55.0-win32-x64\jre\21.0.11-win32-x86_64\bin\management.dll
0x00007ffd11880000 - 0x00007ffd1188c000 	C:\Users\Admin\.vscode\extensions\redhat.java-1.55.0-win32-x64\jre\21.0.11-win32-x86_64\bin\management_ext.dll
0x00007ffd36b20000 - 0x00007ffd36b28000 	C:\Windows\System32\PSAPI.DLL

JVMTI agents:
c:\Users\Admin\.vscode\extensions\redhat.java-1.55.0-win32-x64\lombok\lombok-1.18.39-4050.jar path:c:\Users\Admin\.vscode\extensions\redhat.java-1.55.0-win32-x64\jre\21.0.11-win32-x86_64\bin\instrument.dll, loaded, initialized, instrumentlib options:none

dbghelp: loaded successfully - version: 4.0.5 - missing functions: none
symbol engine: initialized successfully - sym options: 0x614 - pdb path: .;c:\Users\Admin\.vscode\extensions\redhat.java-1.55.0-win32-x64\jre\21.0.11-win32-x86_64\bin;C:\Windows\SYSTEM32;C:\Windows\WinSxS\amd64_microsoft.windows.common-controls_6595b64144ccf1df_6.0.26100.1_none_fc2d3fda0fd46076;c:\Users\Admin\.vscode\extensions\redhat.java-1.55.0-win32-x64\jre\21.0.11-win32-x86_64\bin\server;C:\Users\Admin\AppData\Roaming\Code\User\globalStorage\redhat.java\1.55.0\config_ss_win\org.eclipse.equinox.launcher\org.eclipse.equinox.launcher.win32.win32.x86_64_1.3.100.v20260613-0559

VM Arguments:
jvm_args: --add-modules=ALL-SYSTEM --add-opens=java.base/java.util=ALL-UNNAMED --add-opens=java.base/java.lang=ALL-UNNAMED --add-opens=java.base/sun.nio.fs=ALL-UNNAMED -Declipse.application=org.eclipse.jdt.ls.core.id1 -Dosgi.bundles.defaultStartLevel=4 -Declipse.product=org.eclipse.jdt.ls.core.product -Djava.import.generatesMetadataFilesAtProjectRoot=false -DDetectVMInstallationsJob.disabled=true -Dfile.encoding=utf8 -XX:+UseParallelGC -XX:GCTimeRatio=4 -XX:AdaptiveSizePolicyWeight=90 -Dsun.zip.disableMemoryMapping=true -Xmx2G -Xms100m -Xlog:disable -javaagent:c:\Users\Admin\.vscode\extensions\redhat.java-1.55.0-win32-x64\lombok\lombok-1.18.39-4050.jar 
java_command: c:\Users\Admin\.vscode\extensions\redhat.java-1.55.0-win32-x64\server\plugins\org.eclipse.equinox.launcher_1.7.200.v20260619-2039.jar -configuration c:\Users\Admin\AppData\Roaming\Code\User\globalStorage\redhat.java\1.55.0\config_ss_win -data c:\Users\Admin\AppData\Roaming\Code\User\workspaceStorage\801ed1664cc344b479297c66898efbba\redhat.java\ss_ws --pipe=\\.\pipe\lsp-521fabbe1e451f5ce41ff5d0f25be1de-sock
java_class_path (initial): c:\Users\Admin\.vscode\extensions\redhat.java-1.55.0-win32-x64\server\plugins\org.eclipse.equinox.launcher_1.7.200.v20260619-2039.jar
Launcher Type: SUN_STANDARD

[Global flags]
    uintx AdaptiveSizePolicyWeight                 = 90                                        {product} {command line}
     intx CICompilerCount                          = 4                                         {product} {ergonomic}
    uintx GCTimeRatio                              = 4                                         {product} {command line}
   size_t InitialHeapSize                          = 104857600                                 {product} {command line}
   size_t MaxHeapSize                              = 2147483648                                {product} {command line}
   size_t MaxNewSize                               = 715653120                                 {product} {ergonomic}
   size_t MinHeapDeltaBytes                        = 524288                                    {product} {ergonomic}
   size_t MinHeapSize                              = 104857600                                 {product} {command line}
   size_t NewSize                                  = 34603008                                  {product} {ergonomic}
    uintx NonNMethodCodeHeapSize                   = 5839372                                {pd product} {ergonomic}
    uintx NonProfiledCodeHeapSize                  = 122909434                              {pd product} {ergonomic}
   size_t OldSize                                  = 70254592                                  {product} {ergonomic}
    uintx ProfiledCodeHeapSize                     = 122909434                              {pd product} {ergonomic}
    uintx ReservedCodeCacheSize                    = 251658240                              {pd product} {ergonomic}
     bool SegmentedCodeCache                       = true                                      {product} {ergonomic}
   size_t SoftMaxHeapSize                          = 2147483648                             {manageable} {ergonomic}
     bool UseCompressedOops                        = true                           {product lp64_product} {ergonomic}
     bool UseLargePagesIndividualAllocation        = false                                  {pd product} {ergonomic}
     bool UseParallelGC                            = true                                      {product} {command line}

Logging:
Log output configuration:
 #0: stdout all=off uptime,level,tags foldmultilines=false
 #1: stderr all=off uptime,level,tags foldmultilines=false

Release file:
JAVA_VERSION="21.0.11" 
MODULES="java.base java.compiler java.datatransfer java.xml java.prefs java.desktop java.instrument java.logging java.management java.security.sasl java.naming java.rmi java.management.rmi java.net.http java.scripting java.security.jgss java.transaction.xa java.sql java.sql.rowset java.xml.crypto java.se java.smartcardio jdk.accessibility jdk.internal.jvmstat jdk.attach jdk.charsets jdk.internal.opt jdk.zipfs jdk.compiler jdk.crypto.ec jdk.crypto.cryptoki jdk.crypto.mscapi jdk.dynalink jdk.internal.ed jdk.editpad jdk.hotspot.agent jdk.httpserver jdk.internal.le jdk.internal.vm.ci jdk.internal.vm.compiler jdk.internal.vm.compiler.management jdk.jartool jdk.javadoc jdk.jcmd jdk.management jdk.management.agent jdk.jconsole jdk.jdeps jdk.jdwp.agent jdk.jdi jdk.jfr jdk.jshell jdk.jsobject jdk.jstatd jdk.localedata jdk.management.jfr jdk.naming.dns jdk.naming.rmi jdk.net jdk.nio.mapmode jdk.random jdk.sctp jdk.security.auth jdk.security.jgss jdk.unsupported jdk.unsupported.desktop jdk.xml.dom" 

Environment Variables:
JAVA_HOME=C:\Program Files\Java\jdk-17
PATH=C:\Program Files\Python314\Scripts\;C:\Program Files\Python314\;C:\Windows\system32;C:\Windows;C:\Windows\System32\Wbem;C:\Windows\System32\WindowsPowerShell\v1.0\;C:\Windows\System32\OpenSSH\;C:\Program Files\Git\cmd;C:\Program Files\dotnet\;%ANDROID_HOME%\platform-tools;%ANDROID_HOME%\cmdline-tools\latest\bin;%ANDROID_HOME%\emulator;%JAVA_HOME%\bin;C:\Program Files\nodejs\;C:\Users\Admin\AppData\Local\Microsoft\WindowsApps;C:\flutter\bin;C:\Users\Admin\.dotnet\tools;C:\Users\Admin\AppData\Local\Android\Sdk\platform-tools;C:\Users\Admin\AppData\Local\Programs\Microsoft VS Code\bin;C:\Users\Admin\AppData\Roaming\npm
USERNAME=Admin
OS=Windows_NT
PROCESSOR_IDENTIFIER=AMD64 Family 23 Model 96 Stepping 1, AuthenticAMD
TMP=C:\Users\Admin\AppData\Local\Temp
TEMP=C:\Users\Admin\AppData\Local\Temp




Periodic native trim disabled

---------------  S Y S T E M  ---------------

OS:
 Windows 11 , 64 bit Build 26100 (10.0.26100.1)
OS uptime: 0 days 1:01 hours

CPU: total 12 (initial active 12) (12 cores per cpu, 2 threads per core) family 23 model 96 stepping 1 microcode 0x8600106, cx8, cmov, fxsr, ht, mmx, 3dnowpref, sse, sse2, sse3, ssse3, sse4a, sse4.1, sse4.2, popcnt, lzcnt, tsc, tscinvbit, avx, avx2, aes, clmul, bmi1, bmi2, adx, sha, fma, vzeroupper, clflush, clflushopt, rdtscp, rdpid, f16c
Processor Information for the first 12 processors :
  Max Mhz: 3001, Current Mhz: 2011, Mhz Limit: 3001

Memory: 4k page, system-wide physical 7598M (591M free)
TotalPageFile size 13742M (AvailPageFile size 5M)
current process WorkingSet (physical memory assigned to process): 153M, peak: 158M
current process commit charge ("private bytes"): 293M, peak: 298M

vm_info: OpenJDK 64-Bit Server VM (21.0.11+10-LTS) for windows-amd64 JRE (21.0.11+10-LTS), built on 2026-04-21T00:00:00Z by "admin" with MS VC++ 17.12 (VS2022)

END.
