#
# There is insufficient memory for the Java Runtime Environment to continue.
# Native memory allocation (malloc) failed to allocate 181696 bytes. Error detail: Chunk::new
# Possible reasons:
#   The system is out of physical RAM or swap space
#   This process is running with CompressedOops enabled, and the Java Heap may be blocking the growth of the native heap
# Possible solutions:
#   Reduce memory load on the system
#   Increase physical memory or swap space
#   Check if swap backing store is full
#   Decrease Java heap size (-Xmx/-Xms)
#   Decrease number of Java threads
#   Decrease Java thread stack sizes (-Xss)
#   Set larger code cache with -XX:ReservedCodeCacheSize=
#   JVM is running with Unscaled Compressed Oops mode in which the Java heap is
#     placed in the first 4GB address space. The Java Heap base address is the
#     maximum limit for the native heap growth. Please use -XX:HeapBaseMinAddress
#     to set the Java Heap base and to place the Java Heap above 4GB virtual address.
# This output file may be truncated or incomplete.
#
#  Out of Memory Error (arena.cpp:168), pid=44048, tid=36092
#
# JRE version: OpenJDK Runtime Environment Temurin-21.0.11+10 (21.0.11+10) (build 21.0.11+10-LTS)
# Java VM: OpenJDK 64-Bit Server VM Temurin-21.0.11+10 (21.0.11+10-LTS, mixed mode, sharing, tiered, compressed oops, compressed class ptrs, parallel gc, windows-amd64)
# No core dump will be written. Minidumps are not enabled by default on client versions of Windows
#

---------------  S U M M A R Y ------------

Command Line: --add-modules=ALL-SYSTEM --add-opens=java.base/java.util=ALL-UNNAMED --add-opens=java.base/java.lang=ALL-UNNAMED --add-opens=java.base/sun.nio.fs=ALL-UNNAMED -Declipse.application=org.eclipse.jdt.ls.core.id1 -Dosgi.bundles.defaultStartLevel=4 -Declipse.product=org.eclipse.jdt.ls.core.product -Djava.import.generatesMetadataFilesAtProjectRoot=false -DDetectVMInstallationsJob.disabled=true -Dfile.encoding=utf8 -XX:+UseParallelGC -XX:GCTimeRatio=4 -XX:AdaptiveSizePolicyWeight=90 -Dsun.zip.disableMemoryMapping=true -Xmx2G -Xms100m -Xlog:disable -javaagent:c:\Users\Admin\.vscode\extensions\redhat.java-1.55.0-win32-x64\lombok\lombok-1.18.39-4050.jar c:\Users\Admin\.vscode\extensions\redhat.java-1.55.0-win32-x64\server\plugins\org.eclipse.equinox.launcher_1.7.200.v20260619-2039.jar -configuration c:\Users\Admin\AppData\Roaming\Code\User\globalStorage\redhat.java\1.55.0\config_ss_win -data c:\Users\Admin\AppData\Roaming\Code\User\workspaceStorage\801ed1664cc344b479297c66898efbba\redhat.java\ss_ws --pipe=\\.\pipe\lsp-e1a0bde0725bd3eba2f468fe3b774e7c-sock

Host: AMD Ryzen 5 4600H with Radeon Graphics         , 12 cores, 7G,  Windows 11 , 64 bit Build 26100 (10.0.26100.1)
Time: Mon Jul  6 09:44:10 2026 Malay Peninsula Standard Time elapsed time: 9.095029 seconds (0d 0h 0m 9s)

---------------  T H R E A D  ---------------

Current thread (0x00000244edbe2290):  JavaThread "C2 CompilerThread1" daemon [_thread_in_native, id=36092, stack(0x000000515dc00000,0x000000515dd00000) (1024K)]


Current CompileTask:
C2:9095 1929 %     4       java.io.DataInputStream::readUTF @ 92 (501 bytes)

Stack: [0x000000515dc00000,0x000000515dd00000]
Native frames: (J=compiled Java code, j=interpreted, Vv=VM code, C=native code)
V  [jvm.dll+0x6d7e19]
V  [jvm.dll+0x8b5096]
V  [jvm.dll+0x8b764e]
V  [jvm.dll+0x8b7d33]
V  [jvm.dll+0x284596]
V  [jvm.dll+0xc685d]
V  [jvm.dll+0xc6da1]
V  [jvm.dll+0x2fb4ee]
V  [jvm.dll+0x5fe9a4]
V  [jvm.dll+0x255d67]
V  [jvm.dll+0x25612d]
V  [jvm.dll+0x24e6a0]
V  [jvm.dll+0x24bbe6]
V  [jvm.dll+0x1cb4ae]
V  [jvm.dll+0x25baad]
V  [jvm.dll+0x25a03a]
V  [jvm.dll+0x3f868e]
V  [jvm.dll+0x85fb0d]
V  [jvm.dll+0x6d664d]
C  [ucrtbase.dll+0x43340]
C  [KERNEL32.DLL+0x31fd7]
C  [ntdll.dll+0x6d7d0]


---------------  P R O C E S S  ---------------

Threads class SMR info:
_java_thread_list=0x00000244ed92c810, length=17, elements={
0x0000024492dfd660, 0x00000244ed0144b0, 0x00000244a9fbc380, 0x00000244ed016900,
0x00000244ed017360, 0x00000244ed017dc0, 0x00000244ed018820, 0x00000244ed019660,
0x00000244ed0502d0, 0x00000244ed2187b0, 0x00000244ed3639c0, 0x00000244edb87d20,
0x00000244ed8935c0, 0x00000244ed94fdc0, 0x00000244f2098ba0, 0x00000244edbe2290,
0x00000244ed639d50
}

Java Threads: ( => current thread )
  0x0000024492dfd660 JavaThread "main"                              [_thread_blocked, id=38516, stack(0x000000515c800000,0x000000515c900000) (1024K)]
  0x00000244ed0144b0 JavaThread "Reference Handler"          daemon [_thread_blocked, id=44600, stack(0x000000515cc00000,0x000000515cd00000) (1024K)]
  0x00000244a9fbc380 JavaThread "Finalizer"                  daemon [_thread_blocked, id=42312, stack(0x000000515cd00000,0x000000515ce00000) (1024K)]
  0x00000244ed016900 JavaThread "Signal Dispatcher"          daemon [_thread_blocked, id=39644, stack(0x000000515ce00000,0x000000515cf00000) (1024K)]
  0x00000244ed017360 JavaThread "Attach Listener"            daemon [_thread_blocked, id=43124, stack(0x000000515cf00000,0x000000515d000000) (1024K)]
  0x00000244ed017dc0 JavaThread "Service Thread"             daemon [_thread_blocked, id=43684, stack(0x000000515d000000,0x000000515d100000) (1024K)]
  0x00000244ed018820 JavaThread "Monitor Deflation Thread"   daemon [_thread_blocked, id=44696, stack(0x000000515d100000,0x000000515d200000) (1024K)]
  0x00000244ed019660 JavaThread "C2 CompilerThread0"         daemon [_thread_in_native, id=43524, stack(0x000000515d200000,0x000000515d300000) (1024K)]
  0x00000244ed0502d0 JavaThread "C1 CompilerThread0"         daemon [_thread_in_native, id=43820, stack(0x000000515d300000,0x000000515d400000) (1024K)]
  0x00000244ed2187b0 JavaThread "Common-Cleaner"             daemon [_thread_blocked, id=44040, stack(0x000000515d400000,0x000000515d500000) (1024K)]
  0x00000244ed3639c0 JavaThread "Notification Thread"        daemon [_thread_blocked, id=38312, stack(0x000000515d500000,0x000000515d600000) (1024K)]
  0x00000244edb87d20 JavaThread "Active Thread: Equinox Container: 57ca852e-655c-48d5-a2b6-d75e2b06da90"        [_thread_blocked, id=45656, stack(0x000000515dd00000,0x000000515de00000) (1024K)]
  0x00000244ed8935c0 JavaThread "Framework Event Dispatcher: Equinox Container: 57ca852e-655c-48d5-a2b6-d75e2b06da90" daemon [_thread_blocked, id=43408, stack(0x000000515de00000,0x000000515df00000) (1024K)]
  0x00000244ed94fdc0 JavaThread "Start Level: Equinox Container: 57ca852e-655c-48d5-a2b6-d75e2b06da90" daemon [_thread_in_vm, id=38880, stack(0x000000515df00000,0x000000515e000000) (1024K)]
  0x00000244f2098ba0 JavaThread "SCR Component Actor"        daemon [_thread_blocked, id=44940, stack(0x000000515e100000,0x000000515e200000) (1024K)]
=>0x00000244edbe2290 JavaThread "C2 CompilerThread1"         daemon [_thread_in_native, id=36092, stack(0x000000515dc00000,0x000000515dd00000) (1024K)]
  0x00000244ed639d50 JavaThread "C2 CompilerThread2"         daemon [_thread_in_native, id=40944, stack(0x000000515e200000,0x000000515e300000) (1024K)]
Total: 17

Other Threads:
  0x0000024492ebe050 VMThread "VM Thread"                           [id=43936, stack(0x000000515cb00000,0x000000515cc00000) (1024K)]
  0x00000244a9e9ca00 WatcherThread "VM Periodic Task Thread"        [id=35460, stack(0x000000515ca00000,0x000000515cb00000) (1024K)]
  0x0000024492e1bcd0 WorkerThread "GC Thread#0"                     [id=43772, stack(0x000000515c900000,0x000000515ca00000) (1024K)]
  0x00000244ed6e2230 WorkerThread "GC Thread#1"                     [id=34256, stack(0x000000515d600000,0x000000515d700000) (1024K)]
  0x00000244ed663100 WorkerThread "GC Thread#2"                     [id=44680, stack(0x000000515d700000,0x000000515d800000) (1024K)]
  0x00000244ed6634b0 WorkerThread "GC Thread#3"                     [id=43980, stack(0x000000515d800000,0x000000515d900000) (1024K)]
  0x00000244ed6e69a0 WorkerThread "GC Thread#4"                     [id=44192, stack(0x000000515d900000,0x000000515da00000) (1024K)]
  0x00000244ed6e6d50 WorkerThread "GC Thread#5"                     [id=38256, stack(0x000000515da00000,0x000000515db00000) (1024K)]
  0x00000244ed6e7100 WorkerThread "GC Thread#6"                     [id=36904, stack(0x000000515db00000,0x000000515dc00000) (1024K)]
  0x00000244eda4aec0 WorkerThread "GC Thread#7"                     [id=39676, stack(0x000000515e000000,0x000000515e100000) (1024K)]
Total: 10

Threads with active compile tasks:
C2 CompilerThread0  10132 1927       4       java.io.DataInputStream::readFully (59 bytes)
C1 CompilerThread0  10132 1941   !   3       org.eclipse.osgi.internal.hooks.EclipseLazyStarter::postFindLocalClass (394 bytes)
C2 CompilerThread1  10132 1929 %     4       java.io.DataInputStream::readUTF @ 92 (501 bytes)
C2 CompilerThread2  10132 1928       4       java.util.Objects::checkFromIndexSize (8 bytes)
Total: 4

VM state: not at safepoint (normal execution)

VM Mutex/Monitor currently owned by a thread: None

Heap address: 0x0000000080000000, size: 2048 MB, Compressed Oops mode: 32-bit

CDS archive(s) mapped at: [0x00000244aa000000-0x00000244aaba0000-0x00000244aaba0000), size 12189696, SharedBaseAddress: 0x00000244aa000000, ArchiveRelocationMode: 1.
Compressed class space mapped at: 0x00000244ab000000-0x00000244eb000000, reserved size: 1073741824
Narrow klass base: 0x00000244aa000000, Narrow klass shift: 0, Narrow klass range: 0x100000000

GC Precious Log:
 CardTable entry size: 512
 CPUs: 12 total, 12 available
 Memory: 7598M
 Large Page Support: Disabled
 NUMA Support: Disabled
 Compressed Oops: Enabled (32-bit)
 Alignments: Space 512K, Generation 512K, Heap 2M
 Heap Min Capacity: 100M
 Heap Initial Capacity: 100M
 Heap Max Capacity: 2G
 Pre-touch: Disabled
 Parallel Workers: 10

Heap:
 PSYoungGen      total 29696K, used 17076K [0x00000000d5580000, 0x00000000d7680000, 0x0000000100000000)
  eden space 25600K, 50% used [0x00000000d5580000,0x00000000d62322f8,0x00000000d6e80000)
  from space 4096K, 99% used [0x00000000d7280000,0x00000000d767b010,0x00000000d7680000)
  to   space 4096K, 0% used [0x00000000d6e80000,0x00000000d6e80000,0x00000000d7280000)
 ParOldGen       total 68608K, used 1053K [0x0000000080000000, 0x0000000084300000, 0x00000000d5580000)
  object space 68608K, 1% used [0x0000000080000000,0x00000000801076b8,0x0000000084300000)
 Metaspace       used 10783K, committed 11200K, reserved 1114112K
  class space    used 1160K, committed 1344K, reserved 1048576K

Card table byte_map: [0x00000244a5300000,0x00000244a5710000] _byte_map_base: 0x00000244a4f00000

Marking Bits: (ParMarkBitMap*) 0x00007ffc97e44460
 Begin Bits: [0x00000244a59c0000, 0x00000244a79c0000)
 End Bits:   [0x00000244a79c0000, 0x00000244a99c0000)

Polling page: 0x0000024491330000

Metaspace:

Usage:
  Non-class:      9.40 MB used.
      Class:      1.13 MB used.
       Both:     10.53 MB used.

Virtual space:
  Non-class space:       64.00 MB reserved,       9.62 MB ( 15%) committed,  1 nodes.
      Class space:        1.00 GB reserved,       1.31 MB ( <1%) committed,  1 nodes.
             Both:        1.06 GB reserved,      10.94 MB (  1%) committed. 

Chunk freelists:
   Non-Class:  6.01 MB
       Class:  14.69 MB
        Both:  20.69 MB

MaxMetaspaceSize: unlimited
CompressedClassSpaceSize: 1.00 GB
Initial GC threshold: 21.00 MB
Current GC threshold: 21.00 MB
CDS: on
 - commit_granule_bytes: 65536.
 - commit_granule_words: 8192.
 - virtual_space_node_default_size: 8388608.
 - enlarge_chunks_in_place: 1.
 - use_allocation_guard: 0.


Internal statistics:

num_allocs_failed_limit: 0.
num_arena_births: 252.
num_arena_deaths: 0.
num_vsnodes_births: 2.
num_vsnodes_deaths: 0.
num_space_committed: 175.
num_space_uncommitted: 0.
num_chunks_returned_to_freelist: 0.
num_chunks_taken_from_freelist: 560.
num_chunk_merges: 0.
num_chunk_splits: 358.
num_chunks_enlarged: 239.
num_inconsistent_stats: 0.

CodeHeap 'non-profiled nmethods': size=120000Kb used=760Kb max_used=760Kb free=119239Kb
 bounds [0x000002449dbf0000, 0x000002449de60000, 0x00000244a5120000]
CodeHeap 'profiled nmethods': size=120000Kb used=3709Kb max_used=3709Kb free=116290Kb
 bounds [0x0000024496120000, 0x00000244964c0000, 0x000002449d650000]
CodeHeap 'non-nmethods': size=5760Kb used=1224Kb max_used=1241Kb free=4535Kb
 bounds [0x000002449d650000, 0x000002449d8c0000, 0x000002449dbf0000]
CodeCache: size=245760Kb, used=5693Kb, max_used=5710Kb, free=240064Kb
 total_blobs=2423, nmethods=1933, adapters=397, full_count=0
Compilation: enabled, stopped_count=0, restarted_count=0

Compilation events (20 events):
Event: 6.037 Thread 0x00000244ed0502d0 nmethod 1921 0x00000244964ae810 code [0x00000244964ae9a0, 0x00000244964aeb08]
Event: 6.037 Thread 0x00000244ed0502d0 1923       3       java.lang.invoke.MethodHandles$Lookup::<init> (84 bytes)
Event: 6.038 Thread 0x00000244ed0502d0 nmethod 1923 0x00000244964aeb90 code [0x00000244964aed40, 0x00000244964aef00]
Event: 6.040 Thread 0x00000244ed019660 nmethod 1915 0x000002449dcaa890 code [0x000002449dcaaa80, 0x000002449dcaaf88]
Event: 6.040 Thread 0x00000244ed019660 1917       4       jdk.internal.org.objectweb.asm.ByteVector::putByte (39 bytes)
Event: 6.041 Thread 0x00000244ed019660 nmethod 1917 0x000002449dcab410 code [0x000002449dcab5a0, 0x000002449dcab708]
Event: 6.041 Thread 0x00000244ed019660 1916       4       jdk.internal.org.objectweb.asm.SymbolTable$Entry::<init> (17 bytes)
Event: 6.042 Thread 0x00000244ed019660 nmethod 1916 0x000002449dcab810 code [0x000002449dcab9a0, 0x000002449dcaba58]
Event: 6.044 Thread 0x00000244ed019660 1924       4       jdk.internal.misc.InternalLock::lock (8 bytes)
Event: 6.046 Thread 0x00000244ed019660 nmethod 1924 0x000002449dcabb10 code [0x000002449dcabca0, 0x000002449dcabe18]
Event: 6.047 Thread 0x00000244ed019660 1927       4       java.io.DataInputStream::readFully (59 bytes)
Event: 6.047 Thread 0x00000244edbe2290 1929 %     4       java.io.DataInputStream::readUTF @ 92 (501 bytes)
Event: 6.047 Thread 0x00000244ed639d50 1926   !   4       java.io.BufferedInputStream::read (69 bytes)
Event: 6.050 Thread 0x00000244ed0502d0 1931       3       java.util.WeakHashMap::get (75 bytes)
Event: 7.064 Thread 0x00000244ed0502d0 nmethod 1931 0x00000244964aef90 code [0x00000244964af1c0, 0x00000244964afa28]
Event: 7.064 Thread 0x00000244ed0502d0 1932       3       java.util.concurrent.TimeUnit::toNanos (45 bytes)
Event: 8.066 Thread 0x00000244ed0502d0 nmethod 1932 0x00000244964afd90 code [0x00000244964aff40, 0x00000244964b0190]
Event: 8.754 Thread 0x00000244ed0502d0 1934       3       java.lang.Thread::getContextClassLoader (30 bytes)
Event: 8.754 Thread 0x00000244ed0502d0 nmethod 1934 0x00000244964b0210 code [0x00000244964b03c0, 0x00000244964b0618]
Event: 8.754 Thread 0x00000244ed0502d0 1933   !   3       org.eclipse.osgi.internal.framework.BundleContextImpl::dispatchEvent (577 bytes)

GC Heap History (4 events):
Event: 2.118 GC heap before
{Heap before GC invocations=1 (full 0):
 PSYoungGen      total 29696K, used 25600K [0x00000000d5580000, 0x00000000d7680000, 0x0000000100000000)
  eden space 25600K, 100% used [0x00000000d5580000,0x00000000d6e80000,0x00000000d6e80000)
  from space 4096K, 0% used [0x00000000d7280000,0x00000000d7280000,0x00000000d7680000)
  to   space 4096K, 0% used [0x00000000d6e80000,0x00000000d6e80000,0x00000000d7280000)
 ParOldGen       total 68608K, used 0K [0x0000000080000000, 0x0000000084300000, 0x00000000d5580000)
  object space 68608K, 0% used [0x0000000080000000,0x0000000080000000,0x0000000084300000)
 Metaspace       used 4349K, committed 4608K, reserved 1114112K
  class space    used 474K, committed 576K, reserved 1048576K
}
Event: 2.136 GC heap after
{Heap after GC invocations=1 (full 0):
 PSYoungGen      total 29696K, used 3319K [0x00000000d5580000, 0x00000000d7680000, 0x0000000100000000)
  eden space 25600K, 0% used [0x00000000d5580000,0x00000000d5580000,0x00000000d6e80000)
  from space 4096K, 81% used [0x00000000d6e80000,0x00000000d71bdea8,0x00000000d7280000)
  to   space 4096K, 0% used [0x00000000d7280000,0x00000000d7280000,0x00000000d7680000)
 ParOldGen       total 68608K, used 16K [0x0000000080000000, 0x0000000084300000, 0x00000000d5580000)
  object space 68608K, 0% used [0x0000000080000000,0x0000000080004000,0x0000000084300000)
 Metaspace       used 4349K, committed 4608K, reserved 1114112K
  class space    used 474K, committed 576K, reserved 1048576K
}
Event: 3.718 GC heap before
{Heap before GC invocations=2 (full 0):
 PSYoungGen      total 29696K, used 28919K [0x00000000d5580000, 0x00000000d7680000, 0x0000000100000000)
  eden space 25600K, 100% used [0x00000000d5580000,0x00000000d6e80000,0x00000000d6e80000)
  from space 4096K, 81% used [0x00000000d6e80000,0x00000000d71bdea8,0x00000000d7280000)
  to   space 4096K, 0% used [0x00000000d7280000,0x00000000d7280000,0x00000000d7680000)
 ParOldGen       total 68608K, used 16K [0x0000000080000000, 0x0000000084300000, 0x00000000d5580000)
  object space 68608K, 0% used [0x0000000080000000,0x0000000080004000,0x0000000084300000)
 Metaspace       used 8165K, committed 8448K, reserved 1114112K
  class space    used 866K, committed 960K, reserved 1048576K
}
Event: 3.727 GC heap after
{Heap after GC invocations=2 (full 0):
 PSYoungGen      total 29696K, used 4076K [0x00000000d5580000, 0x00000000d7680000, 0x0000000100000000)
  eden space 25600K, 0% used [0x00000000d5580000,0x00000000d5580000,0x00000000d6e80000)
  from space 4096K, 99% used [0x00000000d7280000,0x00000000d767b010,0x00000000d7680000)
  to   space 4096K, 0% used [0x00000000d6e80000,0x00000000d6e80000,0x00000000d7280000)
 ParOldGen       total 68608K, used 1053K [0x0000000080000000, 0x0000000084300000, 0x00000000d5580000)
  object space 68608K, 1% used [0x0000000080000000,0x00000000801076b8,0x0000000084300000)
 Metaspace       used 8165K, committed 8448K, reserved 1114112K
  class space    used 866K, committed 960K, reserved 1048576K
}

Dll operation events (9 events):
Event: 0.030 Loaded shared library c:\Users\Admin\.vscode\extensions\redhat.java-1.55.0-win32-x64\jre\21.0.11-win32-x86_64\bin\java.dll
Event: 0.221 Loaded shared library c:\Users\Admin\.vscode\extensions\redhat.java-1.55.0-win32-x64\jre\21.0.11-win32-x86_64\bin\zip.dll
Event: 0.285 Loaded shared library C:\Users\Admin\.vscode\extensions\redhat.java-1.55.0-win32-x64\jre\21.0.11-win32-x86_64\bin\instrument.dll
Event: 0.301 Loaded shared library C:\Users\Admin\.vscode\extensions\redhat.java-1.55.0-win32-x64\jre\21.0.11-win32-x86_64\bin\net.dll
Event: 0.305 Loaded shared library C:\Users\Admin\.vscode\extensions\redhat.java-1.55.0-win32-x64\jre\21.0.11-win32-x86_64\bin\nio.dll
Event: 0.312 Loaded shared library C:\Users\Admin\.vscode\extensions\redhat.java-1.55.0-win32-x64\jre\21.0.11-win32-x86_64\bin\zip.dll
Event: 0.373 Loaded shared library C:\Users\Admin\.vscode\extensions\redhat.java-1.55.0-win32-x64\jre\21.0.11-win32-x86_64\bin\jimage.dll
Event: 0.566 Loaded shared library c:\Users\Admin\.vscode\extensions\redhat.java-1.55.0-win32-x64\jre\21.0.11-win32-x86_64\bin\verify.dll
Event: 3.682 Loaded shared library C:\Users\Admin\AppData\Roaming\Code\User\globalStorage\redhat.java\1.55.0\config_ss_win\org.eclipse.equinox.launcher\org.eclipse.equinox.launcher.win32.win32.x86_64_1.3.100.v20260613-0559\eclipse_11924.dll

Deoptimization events (20 events):
Event: 3.704 Thread 0x00000244ed94fdc0 Uncommon trap: trap_request=0xffffff6e fr.pc=0x000002449dc5fa28 relative=0x0000000000000368
Event: 3.704 Thread 0x00000244ed94fdc0 Uncommon trap: reason=loop_limit_check action=maybe_recompile pc=0x000002449dc5fa28 method=java.lang.StringLatin1.indexOf([BI[BII)I @ 37 c2
Event: 3.704 Thread 0x00000244ed94fdc0 DEOPT PACKING pc=0x000002449dc5fa28 sp=0x000000515dff8d00
Event: 3.704 Thread 0x00000244ed94fdc0 DEOPT UNPACKING pc=0x000002449d6a3aa2 sp=0x000000515dff8c60 mode 2
Event: 3.738 Thread 0x0000024492dfd660 Uncommon trap: trap_request=0xffffff45 fr.pc=0x000002449dc6fbe0 relative=0x0000000000000040
Event: 3.738 Thread 0x0000024492dfd660 Uncommon trap: reason=unstable_if action=reinterpret pc=0x000002449dc6fbe0 method=java.util.concurrent.locks.AbstractQueuedSynchronizer.signalNext(Ljava/util/concurrent/locks/AbstractQueuedSynchronizer$Node;)V @ 1 c2
Event: 3.738 Thread 0x0000024492dfd660 DEOPT PACKING pc=0x000002449dc6fbe0 sp=0x000000515c8feb80
Event: 3.738 Thread 0x0000024492dfd660 DEOPT UNPACKING pc=0x000002449d6a3aa2 sp=0x000000515c8feb18 mode 2
Event: 5.961 Thread 0x00000244ed94fdc0 Uncommon trap: trap_request=0xffffff45 fr.pc=0x000002449dca62b0 relative=0x00000000000009d0
Event: 5.961 Thread 0x00000244ed94fdc0 Uncommon trap: reason=unstable_if action=reinterpret pc=0x000002449dca62b0 method=java.util.concurrent.ConcurrentHashMap.putVal(Ljava/lang/Object;Ljava/lang/Object;Z)Ljava/lang/Object; @ 148 c2
Event: 5.961 Thread 0x00000244ed94fdc0 DEOPT PACKING pc=0x000002449dca62b0 sp=0x000000515dff8d50
Event: 5.961 Thread 0x00000244ed94fdc0 DEOPT UNPACKING pc=0x000002449d6a3aa2 sp=0x000000515dff8cc0 mode 2
Event: 5.977 Thread 0x00000244ed94fdc0 Uncommon trap: trap_request=0xffffff45 fr.pc=0x000002449dc9c0f0 relative=0x00000000000013f0
Event: 5.977 Thread 0x00000244ed94fdc0 Uncommon trap: reason=unstable_if action=reinterpret pc=0x000002449dc9c0f0 method=java.io.WinNTFileSystem.normalize(Ljava/lang/String;II)Ljava/lang/String; @ 100 c2
Event: 5.977 Thread 0x00000244ed94fdc0 DEOPT PACKING pc=0x000002449dc9c0f0 sp=0x000000515dff9080
Event: 5.977 Thread 0x00000244ed94fdc0 DEOPT UNPACKING pc=0x000002449d6a3aa2 sp=0x000000515dff8fc0 mode 2
Event: 6.022 Thread 0x00000244ed94fdc0 Uncommon trap: trap_request=0xffffff45 fr.pc=0x000002449dc705b4 relative=0x0000000000000094
Event: 6.022 Thread 0x00000244ed94fdc0 Uncommon trap: reason=unstable_if action=reinterpret pc=0x000002449dc705b4 method=java.io.BufferedInputStream.getBufIfOpen(Z)[B @ 13 c2
Event: 6.022 Thread 0x00000244ed94fdc0 DEOPT PACKING pc=0x000002449dc705b4 sp=0x000000515dff8960
Event: 6.022 Thread 0x00000244ed94fdc0 DEOPT UNPACKING pc=0x000002449d6a3aa2 sp=0x000000515dff88e0 mode 2

Classes loaded (20 events):
Event: 6.018 Loading class java/lang/CloneNotSupportedException
Event: 6.018 Loading class java/lang/CloneNotSupportedException done
Event: 6.033 Loading class java/util/stream/ReferencePipeline$5
Event: 6.033 Loading class java/util/stream/LongPipeline$StatelessOp
Event: 6.034 Loading class java/util/stream/LongPipeline
Event: 6.035 Loading class java/util/stream/LongStream
Event: 6.036 Loading class java/util/stream/LongStream done
Event: 6.036 Loading class java/util/stream/LongPipeline done
Event: 6.036 Loading class java/util/stream/LongPipeline$StatelessOp done
Event: 6.036 Loading class java/util/stream/ReferencePipeline$5 done
Event: 6.036 Loading class java/util/function/LongBinaryOperator
Event: 6.036 Loading class java/util/function/LongBinaryOperator done
Event: 6.038 Loading class java/util/stream/ReduceOps$10
Event: 6.038 Loading class java/util/stream/ReduceOps$10 done
Event: 6.038 Loading class java/util/stream/ReduceOps$8ReducingSink
Event: 6.039 Loading class java/util/stream/Sink$OfLong
Event: 6.039 Loading class java/util/stream/Sink$OfLong done
Event: 6.039 Loading class java/util/stream/ReduceOps$8ReducingSink done
Event: 6.040 Loading class java/util/stream/ReferencePipeline$5$1
Event: 6.040 Loading class java/util/stream/ReferencePipeline$5$1 done

Classes unloaded (0 events):
No events

Classes redefined (0 events):
No events

Internal exceptions (20 events):
Event: 1.583 Thread 0x0000024492dfd660 Exception <a 'java/lang/NoSuchMethodError'{0x00000000d6602958}: 'java.lang.Object java.lang.invoke.DirectMethodHandle$Holder.invokeInterface(java.lang.Object, java.lang.Object, int)'> (0x00000000d6602958) 
thrown [s\src\hotspot\share\interpreter\linkResolver.cpp, line 773]
Event: 1.946 Thread 0x0000024492dfd660 Exception <a 'java/lang/NoSuchMethodError'{0x00000000d6a71db8}: 'java.lang.ClassLoader java.lang.ClassLoader.getPlatformClassLoader(java.lang.Class)'> (0x00000000d6a71db8) 
thrown [s\src\hotspot\share\interpreter\linkResolver.cpp, line 773]
Event: 2.145 Thread 0x0000024492dfd660 Exception <a 'java/lang/ClassNotFoundException'{0x00000000d5590038}: sun/net/www/protocol/c/Handler> (0x00000000d5590038) 
thrown [s\src\hotspot\share\classfile\systemDictionary.cpp, line 313]
Event: 2.146 Thread 0x0000024492dfd660 Exception <a 'java/lang/ClassNotFoundException'{0x00000000d5591398}: sun/net/www/protocol/c/Handler> (0x00000000d5591398) 
thrown [s\src\hotspot\share\classfile\systemDictionary.cpp, line 313]
Event: 2.147 Thread 0x0000024492dfd660 Exception <a 'java/lang/ClassNotFoundException'{0x00000000d5592510}: sun/net/www/protocol/c/Handler> (0x00000000d5592510) 
thrown [s\src\hotspot\share\classfile\systemDictionary.cpp, line 313]
Event: 2.164 Thread 0x0000024492dfd660 Exception <a 'java/io/FileNotFoundException'{0x00000000d55ba178}> (0x00000000d55ba178) 
thrown [s\src\hotspot\share\prims\jni.cpp, line 520]
Event: 2.305 Thread 0x0000024492dfd660 Exception <a 'java/lang/NoSuchMethodError'{0x00000000d56ed988}: 'void java.lang.invoke.DirectMethodHandle$Holder.invokeStatic(java.lang.Object, java.lang.Object, java.lang.Object, java.lang.Object)'> (0x00000000d56ed988) 
thrown [s\src\hotspot\share\interpreter\linkResolver.cpp, line 773]
Event: 2.547 Thread 0x0000024492dfd660 Exception <a 'java/lang/NoSuchMethodError'{0x00000000d59ac0d0}: 'void java.lang.invoke.DirectMethodHandle$Holder.invokeSpecial(java.lang.Object, java.lang.Object, java.lang.Object)'> (0x00000000d59ac0d0) 
thrown [s\src\hotspot\share\interpreter\linkResolver.cpp, line 773]
Event: 3.074 Thread 0x0000024492dfd660 Exception <a 'java/lang/NoSuchMethodError'{0x00000000d62beab0}: 'int java.lang.invoke.DirectMethodHandle$Holder.invokeVirtual(java.lang.Object, java.lang.Object)'> (0x00000000d62beab0) 
thrown [s\src\hotspot\share\interpreter\linkResolver.cpp, line 773]
Event: 3.200 Thread 0x0000024492dfd660 Exception <a 'java/lang/NoSuchMethodError'{0x00000000d64466f0}: 'int java.lang.invoke.DirectMethodHandle$Holder.invokeStaticInit(java.lang.Object, java.lang.Object, java.lang.Object, java.lang.Object)'> (0x00000000d64466f0) 
thrown [s\src\hotspot\share\interpreter\linkResolver.cpp, line 773]
Event: 3.203 Thread 0x0000024492dfd660 Exception <a 'java/lang/IncompatibleClassChangeError'{0x00000000d644edd8}: Found class java.lang.Object, but interface was expected> (0x00000000d644edd8) 
thrown [s\src\hotspot\share\interpreter\linkResolver.cpp, line 840]
Event: 3.209 Thread 0x0000024492dfd660 Exception <a 'java/lang/NoSuchMethodError'{0x00000000d6455c88}: 'void java.lang.invoke.DirectMethodHandle$Holder.invokeStaticInit(java.lang.Object, java.lang.Object)'> (0x00000000d6455c88) 
thrown [s\src\hotspot\share\interpreter\linkResolver.cpp, line 773]
Event: 3.211 Thread 0x0000024492dfd660 Exception <a 'java/lang/NoSuchMethodError'{0x00000000d645f9e8}: 'int java.lang.invoke.DirectMethodHandle$Holder.invokeStaticInit(java.lang.Object, java.lang.Object)'> (0x00000000d645f9e8) 
thrown [s\src\hotspot\share\interpreter\linkResolver.cpp, line 773]
Event: 3.352 Thread 0x0000024492dfd660 Exception <a 'java/lang/NoSuchMethodError'{0x00000000d66d2f80}: 'java.lang.Object java.lang.invoke.DirectMethodHandle$Holder.newInvokeSpecial(java.lang.Object, int, java.lang.Object)'> (0x00000000d66d2f80) 
thrown [s\src\hotspot\share\interpreter\linkResolver.cpp, line 773]
Event: 3.457 Thread 0x0000024492dfd660 Exception <a 'java/lang/ClassNotFoundException'{0x00000000d6901698}: sun/net/www/protocol/plurl/Handler> (0x00000000d6901698) 
thrown [s\src\hotspot\share\classfile\systemDictionary.cpp, line 313]
Event: 3.457 Thread 0x0000024492dfd660 Exception <a 'java/lang/ClassNotFoundException'{0x00000000d6902518}: sun/net/www/protocol/plurl/Handler> (0x00000000d6902518) 
thrown [s\src\hotspot\share\classfile\systemDictionary.cpp, line 313]
Event: 3.672 Thread 0x0000024492dfd660 Exception <a 'java/lang/UnsatisfiedLinkError'{0x00000000d6d39068}: 'void org.eclipse.equinox.launcher.JNIBridge._update_splash()'> (0x00000000d6d39068) 
thrown [s\src\hotspot\share\prims\nativeLookup.cpp, line 415]
Event: 3.805 Thread 0x00000244ed94fdc0 Exception <a 'java/lang/NullPointerException'{0x00000000d585e8d8}> (0x00000000d585e8d8) 
thrown [s\src\hotspot\share\interpreter\linkResolver.cpp, line 1372]
Event: 3.805 Thread 0x00000244ed94fdc0 Exception <a 'java/lang/NullPointerException'{0x00000000d585ebb8}> (0x00000000d585ebb8) 
thrown [s\src\hotspot\share\interpreter\linkResolver.cpp, line 1372]
Event: 6.032 Thread 0x00000244ed94fdc0 Exception <a 'java/lang/NoSuchMethodError'{0x00000000d61305c8}: 'long java.lang.invoke.DirectMethodHandle$Holder.invokeSpecial(java.lang.Object, java.lang.Object)'> (0x00000000d61305c8) 
thrown [s\src\hotspot\share\interpreter\linkResolver.cpp, line 773]

ZGC Phase Switch (0 events):
No events

VM Operations (20 events):
Event: 3.141 Executing safepoint VM operation: Cleanup
Event: 3.142 Executing safepoint VM operation: Cleanup done
Event: 3.294 Executing non-safepoint VM operation: HandshakeAllThreads (Deoptimize)
Event: 3.294 Executing non-safepoint VM operation: HandshakeAllThreads (Deoptimize) done
Event: 3.324 Executing non-safepoint VM operation: HandshakeAllThreads (Deoptimize)
Event: 3.324 Executing non-safepoint VM operation: HandshakeAllThreads (Deoptimize) done
Event: 3.414 Executing non-safepoint VM operation: HandshakeAllThreads (Deoptimize)
Event: 3.414 Executing non-safepoint VM operation: HandshakeAllThreads (Deoptimize) done
Event: 3.442 Executing non-safepoint VM operation: HandshakeAllThreads (Deoptimize)
Event: 3.442 Executing non-safepoint VM operation: HandshakeAllThreads (Deoptimize) done
Event: 3.718 Executing safepoint VM operation: ParallelGCFailedAllocation (Allocation Failure)
Event: 3.727 Executing safepoint VM operation: ParallelGCFailedAllocation (Allocation Failure) done
Event: 3.934 Executing non-safepoint VM operation: HandshakeAllThreads (Deoptimize)
Event: 3.934 Executing non-safepoint VM operation: HandshakeAllThreads (Deoptimize) done
Event: 4.936 Executing safepoint VM operation: Cleanup
Event: 4.985 Executing safepoint VM operation: Cleanup done
Event: 5.989 Executing safepoint VM operation: Cleanup
Event: 5.989 Executing safepoint VM operation: Cleanup done
Event: 7.000 Executing safepoint VM operation: Cleanup
Event: 7.000 Executing safepoint VM operation: Cleanup done

Memory protections (0 events):
No events

Nmethod flushes (0 events):
No events

Events (19 events):
Event: 0.084 Thread 0x0000024492dfd660 Thread added: 0x0000024492dfd660
Event: 0.143 Thread 0x0000024492dfd660 Thread added: 0x00000244ed0144b0
Event: 0.144 Thread 0x0000024492dfd660 Thread added: 0x00000244a9fbc380
Event: 0.144 Thread 0x0000024492dfd660 Thread added: 0x00000244ed016900
Event: 0.145 Thread 0x0000024492dfd660 Thread added: 0x00000244ed017360
Event: 0.145 Thread 0x0000024492dfd660 Thread added: 0x00000244ed017dc0
Event: 0.145 Thread 0x0000024492dfd660 Thread added: 0x00000244ed018820
Event: 0.145 Thread 0x0000024492dfd660 Thread added: 0x00000244ed019660
Event: 0.146 Thread 0x0000024492dfd660 Thread added: 0x00000244ed0502d0
Event: 0.292 Thread 0x0000024492dfd660 Thread added: 0x00000244ed2187b0
Event: 0.845 Thread 0x0000024492dfd660 Thread added: 0x00000244ed3639c0
Event: 2.806 Thread 0x00000244ed0502d0 Thread added: 0x00000244edbec010
Event: 3.250 Thread 0x0000024492dfd660 Thread added: 0x00000244edb87d20
Event: 3.659 Thread 0x0000024492dfd660 Thread added: 0x00000244ed8935c0
Event: 3.669 Thread 0x0000024492dfd660 Thread added: 0x00000244ed94fdc0
Event: 3.753 Thread 0x00000244ed94fdc0 Thread added: 0x00000244f2098ba0
Event: 3.878 Thread 0x00000244edbec010 Thread exited: 0x00000244edbec010
Event: 6.046 Thread 0x00000244ed019660 Thread added: 0x00000244edbe2290
Event: 6.047 Thread 0x00000244ed019660 Thread added: 0x00000244ed639d50


Dynamic libraries:
0x00007ff66e360000 - 0x00007ff66e36e000 	c:\Users\Admin\.vscode\extensions\redhat.java-1.55.0-win32-x64\jre\21.0.11-win32-x86_64\bin\java.exe
0x00007ffd36bf0000 - 0x00007ffd36e45000 	C:\Windows\SYSTEM32\ntdll.dll
0x00007ffd367c0000 - 0x00007ffd36887000 	C:\Windows\System32\KERNEL32.DLL
0x00007ffd343e0000 - 0x00007ffd34780000 	C:\Windows\System32\KERNELBASE.dll
0x00007ffd34830000 - 0x00007ffd3497a000 	C:\Windows\System32\ucrtbase.dll
0x00007ffd10080000 - 0x00007ffd1009e000 	c:\Users\Admin\.vscode\extensions\redhat.java-1.55.0-win32-x64\jre\21.0.11-win32-x86_64\bin\VCRUNTIME140.dll
0x00007ffd10f40000 - 0x00007ffd10f58000 	c:\Users\Admin\.vscode\extensions\redhat.java-1.55.0-win32-x64\jre\21.0.11-win32-x86_64\bin\jli.dll
0x00007ffd36890000 - 0x00007ffd36a4f000 	C:\Windows\System32\USER32.dll
0x00007ffd21ab0000 - 0x00007ffd21d40000 	C:\Windows\WinSxS\amd64_microsoft.windows.common-controls_6595b64144ccf1df_6.0.26100.1_none_fc2d3fda0fd46076\COMCTL32.dll
0x00007ffd343b0000 - 0x00007ffd343d7000 	C:\Windows\System32\win32u.dll
0x00007ffd35c50000 - 0x00007ffd35cf9000 	C:\Windows\System32\msvcrt.dll
0x00007ffd36790000 - 0x00007ffd367ba000 	C:\Windows\System32\GDI32.dll
0x00007ffd34980000 - 0x00007ffd34aa1000 	C:\Windows\System32\gdi32full.dll
0x00007ffd340c0000 - 0x00007ffd34163000 	C:\Windows\System32\msvcp_win.dll
0x00007ffd364e0000 - 0x00007ffd3650f000 	C:\Windows\System32\IMM32.DLL
0x00007ffd247c0000 - 0x00007ffd247cc000 	c:\Users\Admin\.vscode\extensions\redhat.java-1.55.0-win32-x64\jre\21.0.11-win32-x86_64\bin\vcruntime140_1.dll
0x00007ffcdbe50000 - 0x00007ffcdbedd000 	c:\Users\Admin\.vscode\extensions\redhat.java-1.55.0-win32-x64\jre\21.0.11-win32-x86_64\bin\msvcp140.dll
0x00007ffc97180000 - 0x00007ffc97f22000 	c:\Users\Admin\.vscode\extensions\redhat.java-1.55.0-win32-x64\jre\21.0.11-win32-x86_64\bin\server\jvm.dll
0x00007ffd36a60000 - 0x00007ffd36b12000 	C:\Windows\System32\ADVAPI32.dll
0x00007ffd362f0000 - 0x00007ffd36396000 	C:\Windows\System32\sechost.dll
0x00007ffd361c0000 - 0x00007ffd362d9000 	C:\Windows\System32\RPCRT4.dll
0x00007ffd366a0000 - 0x00007ffd36714000 	C:\Windows\System32\WS2_32.dll
0x00007ffd2a0f0000 - 0x00007ffd2a126000 	C:\Windows\SYSTEM32\WINMM.dll
0x00007ffd2c930000 - 0x00007ffd2c93b000 	C:\Windows\SYSTEM32\VERSION.dll
0x00007ffd33ee0000 - 0x00007ffd33f2e000 	C:\Windows\SYSTEM32\POWRPROF.dll
0x00007ffd33ec0000 - 0x00007ffd33ed4000 	C:\Windows\SYSTEM32\UMPDC.dll
0x00007ffd32f20000 - 0x00007ffd32f3a000 	C:\Windows\SYSTEM32\kernel.appcore.dll
0x00007ffd24220000 - 0x00007ffd2422a000 	c:\Users\Admin\.vscode\extensions\redhat.java-1.55.0-win32-x64\jre\21.0.11-win32-x86_64\bin\jimage.dll
0x00007ffd2bbe0000 - 0x00007ffd2be21000 	C:\Windows\SYSTEM32\DBGHELP.DLL
0x00007ffd351a0000 - 0x00007ffd35515000 	C:\Windows\System32\combase.dll
0x00007ffd36520000 - 0x00007ffd365f6000 	C:\Windows\System32\OLEAUT32.dll
0x00007ffd253d0000 - 0x00007ffd25409000 	C:\Windows\SYSTEM32\dbgcore.DLL
0x00007ffd34790000 - 0x00007ffd34829000 	C:\Windows\System32\bcryptPrimitives.dll
0x00007ffd20f00000 - 0x00007ffd20f0f000 	c:\Users\Admin\.vscode\extensions\redhat.java-1.55.0-win32-x64\jre\21.0.11-win32-x86_64\bin\instrument.dll
0x00007ffd0f170000 - 0x00007ffd0f190000 	c:\Users\Admin\.vscode\extensions\redhat.java-1.55.0-win32-x64\jre\21.0.11-win32-x86_64\bin\java.dll
0x00007ffd34ab0000 - 0x00007ffd35196000 	C:\Windows\System32\SHELL32.dll
0x00007ffd31ec0000 - 0x00007ffd326eb000 	C:\Windows\SYSTEM32\windows.storage.dll
0x00007ffd35d00000 - 0x00007ffd35dd3000 	C:\Windows\System32\SHCORE.dll
0x00007ffd36720000 - 0x00007ffd3677d000 	C:\Windows\System32\shlwapi.dll
0x00007ffd33f60000 - 0x00007ffd33f84000 	C:\Windows\SYSTEM32\profapi.dll
0x00007ffd097d0000 - 0x00007ffd097e8000 	c:\Users\Admin\.vscode\extensions\redhat.java-1.55.0-win32-x64\jre\21.0.11-win32-x86_64\bin\zip.dll
0x00007ffd20ec0000 - 0x00007ffd20ed0000 	C:\Users\Admin\.vscode\extensions\redhat.java-1.55.0-win32-x64\jre\21.0.11-win32-x86_64\bin\net.dll
0x00007ffd2d990000 - 0x00007ffd2daad000 	C:\Windows\SYSTEM32\WINHTTP.dll
0x00007ffd33450000 - 0x00007ffd334b8000 	C:\Windows\system32\mswsock.dll
0x00007ffd094b0000 - 0x00007ffd094c6000 	C:\Users\Admin\.vscode\extensions\redhat.java-1.55.0-win32-x64\jre\21.0.11-win32-x86_64\bin\nio.dll
0x00007ffd20de0000 - 0x00007ffd20df0000 	c:\Users\Admin\.vscode\extensions\redhat.java-1.55.0-win32-x64\jre\21.0.11-win32-x86_64\bin\verify.dll
0x00007ffd10720000 - 0x00007ffd10765000 	C:\Users\Admin\AppData\Roaming\Code\User\globalStorage\redhat.java\1.55.0\config_ss_win\org.eclipse.equinox.launcher\org.eclipse.equinox.launcher.win32.win32.x86_64_1.3.100.v20260613-0559\eclipse_11924.dll
0x00007ffd35ab0000 - 0x00007ffd35c45000 	C:\Windows\System32\ole32.dll

JVMTI agents:
c:\Users\Admin\.vscode\extensions\redhat.java-1.55.0-win32-x64\lombok\lombok-1.18.39-4050.jar path:c:\Users\Admin\.vscode\extensions\redhat.java-1.55.0-win32-x64\jre\21.0.11-win32-x86_64\bin\instrument.dll, loaded, initialized, instrumentlib options:none

dbghelp: loaded successfully - version: 4.0.5 - missing functions: none
symbol engine: initialized successfully - sym options: 0x614 - pdb path: .;c:\Users\Admin\.vscode\extensions\redhat.java-1.55.0-win32-x64\jre\21.0.11-win32-x86_64\bin;C:\Windows\SYSTEM32;C:\Windows\WinSxS\amd64_microsoft.windows.common-controls_6595b64144ccf1df_6.0.26100.1_none_fc2d3fda0fd46076;c:\Users\Admin\.vscode\extensions\redhat.java-1.55.0-win32-x64\jre\21.0.11-win32-x86_64\bin\server;C:\Users\Admin\AppData\Roaming\Code\User\globalStorage\redhat.java\1.55.0\config_ss_win\org.eclipse.equinox.launcher\org.eclipse.equinox.launcher.win32.win32.x86_64_1.3.100.v20260613-0559

VM Arguments:
jvm_args: --add-modules=ALL-SYSTEM --add-opens=java.base/java.util=ALL-UNNAMED --add-opens=java.base/java.lang=ALL-UNNAMED --add-opens=java.base/sun.nio.fs=ALL-UNNAMED -Declipse.application=org.eclipse.jdt.ls.core.id1 -Dosgi.bundles.defaultStartLevel=4 -Declipse.product=org.eclipse.jdt.ls.core.product -Djava.import.generatesMetadataFilesAtProjectRoot=false -DDetectVMInstallationsJob.disabled=true -Dfile.encoding=utf8 -XX:+UseParallelGC -XX:GCTimeRatio=4 -XX:AdaptiveSizePolicyWeight=90 -Dsun.zip.disableMemoryMapping=true -Xmx2G -Xms100m -Xlog:disable -javaagent:c:\Users\Admin\.vscode\extensions\redhat.java-1.55.0-win32-x64\lombok\lombok-1.18.39-4050.jar 
java_command: c:\Users\Admin\.vscode\extensions\redhat.java-1.55.0-win32-x64\server\plugins\org.eclipse.equinox.launcher_1.7.200.v20260619-2039.jar -configuration c:\Users\Admin\AppData\Roaming\Code\User\globalStorage\redhat.java\1.55.0\config_ss_win -data c:\Users\Admin\AppData\Roaming\Code\User\workspaceStorage\801ed1664cc344b479297c66898efbba\redhat.java\ss_ws --pipe=\\.\pipe\lsp-e1a0bde0725bd3eba2f468fe3b774e7c-sock
java_class_path (initial): c:\Users\Admin\.vscode\extensions\redhat.java-1.55.0-win32-x64\server\plugins\org.eclipse.equinox.launcher_1.7.200.v20260619-2039.jar
Launcher Type: SUN_STANDARD

[Global flags]
    uintx AdaptiveSizePolicyWeight                 = 90                                        {product} {command line}
     intx CICompilerCount                          = 4                                         {product} {ergonomic}
    uintx GCTimeRatio                              = 4                                         {product} {command line}
   size_t InitialHeapSize                          = 104857600                                 {product} {command line}
   size_t MaxHeapSize                              = 2147483648                                {product} {command line}
   size_t MaxNewSize                               = 715653120                                 {product} {ergonomic}
   size_t MinHeapDeltaBytes                        = 524288                                    {product} {ergonomic}
   size_t MinHeapSize                              = 104857600                                 {product} {command line}
   size_t NewSize                                  = 34603008                                  {product} {ergonomic}
    uintx NonNMethodCodeHeapSize                   = 5839372                                {pd product} {ergonomic}
    uintx NonProfiledCodeHeapSize                  = 122909434                              {pd product} {ergonomic}
   size_t OldSize                                  = 70254592                                  {product} {ergonomic}
    uintx ProfiledCodeHeapSize                     = 122909434                              {pd product} {ergonomic}
    uintx ReservedCodeCacheSize                    = 251658240                              {pd product} {ergonomic}
     bool SegmentedCodeCache                       = true                                      {product} {ergonomic}
   size_t SoftMaxHeapSize                          = 2147483648                             {manageable} {ergonomic}
     bool UseCompressedOops                        = true                           {product lp64_product} {ergonomic}
     bool UseLargePagesIndividualAllocation        = false                                  {pd product} {ergonomic}
     bool UseParallelGC                            = true                                      {product} {command line}

Logging:
Log output configuration:
 #0: stdout all=off uptime,level,tags foldmultilines=false
 #1: stderr all=off uptime,level,tags foldmultilines=false

Release file:
JAVA_VERSION="21.0.11" 
MODULES="java.base java.compiler java.datatransfer java.xml java.prefs java.desktop java.instrument java.logging java.management java.security.sasl java.naming java.rmi java.management.rmi java.net.http java.scripting java.security.jgss java.transaction.xa java.sql java.sql.rowset java.xml.crypto java.se java.smartcardio jdk.accessibility jdk.internal.jvmstat jdk.attach jdk.charsets jdk.internal.opt jdk.zipfs jdk.compiler jdk.crypto.ec jdk.crypto.cryptoki jdk.crypto.mscapi jdk.dynalink jdk.internal.ed jdk.editpad jdk.hotspot.agent jdk.httpserver jdk.internal.le jdk.internal.vm.ci jdk.internal.vm.compiler jdk.internal.vm.compiler.management jdk.jartool jdk.javadoc jdk.jcmd jdk.management jdk.management.agent jdk.jconsole jdk.jdeps jdk.jdwp.agent jdk.jdi jdk.jfr jdk.jshell jdk.jsobject jdk.jstatd jdk.localedata jdk.management.jfr jdk.naming.dns jdk.naming.rmi jdk.net jdk.nio.mapmode jdk.random jdk.sctp jdk.security.auth jdk.security.jgss jdk.unsupported jdk.unsupported.desktop jdk.xml.dom" 

Environment Variables:
JAVA_HOME=C:\Program Files\Java\jdk-17
PATH=C:\Program Files\Python314\Scripts\;C:\Program Files\Python314\;C:\Windows\system32;C:\Windows;C:\Windows\System32\Wbem;C:\Windows\System32\WindowsPowerShell\v1.0\;C:\Windows\System32\OpenSSH\;C:\Program Files\Git\cmd;C:\Program Files\dotnet\;%ANDROID_HOME%\platform-tools;%ANDROID_HOME%\cmdline-tools\latest\bin;%ANDROID_HOME%\emulator;%JAVA_HOME%\bin;C:\Program Files\nodejs\;C:\Users\Admin\AppData\Local\Microsoft\WindowsApps;C:\flutter\bin;C:\Users\Admin\.dotnet\tools;C:\Users\Admin\AppData\Local\Android\Sdk\platform-tools;C:\Users\Admin\AppData\Local\Programs\Microsoft VS Code\bin;C:\Users\Admin\AppData\Roaming\npm
USERNAME=Admin
OS=Windows_NT
PROCESSOR_IDENTIFIER=AMD64 Family 23 Model 96 Stepping 1, AuthenticAMD
TMP=C:\Users\Admin\AppData\Local\Temp
TEMP=C:\Users\Admin\AppData\Local\Temp




Periodic native trim disabled

---------------  S Y S T E M  ---------------

OS:
 Windows 11 , 64 bit Build 26100 (10.0.26100.1)
OS uptime: 0 days 1:43 hours

CPU: total 12 (initial active 12) (12 cores per cpu, 2 threads per core) family 23 model 96 stepping 1 microcode 0x8600106, cx8, cmov, fxsr, ht, mmx, 3dnowpref, sse, sse2, sse3, ssse3, sse4a, sse4.1, sse4.2, popcnt, lzcnt, tsc, tscinvbit, avx, avx2, aes, clmul, bmi1, bmi2, adx, sha, fma, vzeroupper, clflush, clflushopt, rdtscp, rdpid, f16c
Processor Information for the first 12 processors :
  Max Mhz: 3001, Current Mhz: 2011, Mhz Limit: 3001

Memory: 4k page, system-wide physical 7598M (635M free)
TotalPageFile size 13742M (AvailPageFile size 14M)
current process WorkingSet (physical memory assigned to process): 100M, peak: 101M
current process commit charge ("private bytes"): 252M, peak: 253M

vm_info: OpenJDK 64-Bit Server VM (21.0.11+10-LTS) for windows-amd64 JRE (21.0.11+10-LTS), built on 2026-04-21T00:00:00Z by "admin" with MS VC++ 17.12 (VS2022)

END.
