#
# There is insufficient memory for the Java Runtime Environment to continue.
# Native memory allocation (malloc) failed to allocate 1824432 bytes. Error detail: Chunk::new
# Possible reasons:
#   The system is out of physical RAM or swap space
#   This process is running with CompressedOops enabled, and the Java Heap may be blocking the growth of the native heap
# Possible solutions:
#   Reduce memory load on the system
#   Increase physical memory or swap space
#   Check if swap backing store is full
#   Decrease Java heap size (-Xmx/-Xms)
#   Decrease number of Java threads
#   Decrease Java thread stack sizes (-Xss)
#   Set larger code cache with -XX:ReservedCodeCacheSize=
#   JVM is running with Unscaled Compressed Oops mode in which the Java heap is
#     placed in the first 4GB address space. The Java Heap base address is the
#     maximum limit for the native heap growth. Please use -XX:HeapBaseMinAddress
#     to set the Java Heap base and to place the Java Heap above 4GB virtual address.
# This output file may be truncated or incomplete.
#
#  Out of Memory Error (arena.cpp:168), pid=26668, tid=26896
#
# JRE version: OpenJDK Runtime Environment Temurin-21.0.11+10 (21.0.11+10) (build 21.0.11+10-LTS)
# Java VM: OpenJDK 64-Bit Server VM Temurin-21.0.11+10 (21.0.11+10-LTS, mixed mode, sharing, tiered, compressed oops, compressed class ptrs, parallel gc, windows-amd64)
# No core dump will be written. Minidumps are not enabled by default on client versions of Windows
#

---------------  S U M M A R Y ------------

Command Line: --add-modules=ALL-SYSTEM --add-opens=java.base/java.util=ALL-UNNAMED --add-opens=java.base/java.lang=ALL-UNNAMED --add-opens=java.base/sun.nio.fs=ALL-UNNAMED -Declipse.application=org.eclipse.jdt.ls.core.id1 -Dosgi.bundles.defaultStartLevel=4 -Declipse.product=org.eclipse.jdt.ls.core.product -Djava.import.generatesMetadataFilesAtProjectRoot=false -DDetectVMInstallationsJob.disabled=true -Dfile.encoding=utf8 -XX:+UseParallelGC -XX:GCTimeRatio=4 -XX:AdaptiveSizePolicyWeight=90 -Dsun.zip.disableMemoryMapping=true -Xmx2G -Xms100m -Xlog:disable -javaagent:c:\Users\Admin\.vscode\extensions\redhat.java-1.55.0-win32-x64\lombok\lombok-1.18.39-4050.jar -XX:+HeapDumpOnOutOfMemoryError -XX:HeapDumpPath=c:\Users\Admin\AppData\Roaming\Code\User\workspaceStorage\801ed1664cc344b479297c66898efbba\redhat.java -Daether.dependencyCollector.impl=bf c:\Users\Admin\.vscode\extensions\redhat.java-1.55.0-win32-x64\server\plugins\org.eclipse.equinox.launcher_1.7.200.v20260619-2039.jar -configuration c:\Users\Admin\AppData\Roaming\Code\User\globalStorage\redhat.java\1.55.0\config_win -data c:\Users\Admin\AppData\Roaming\Code\User\workspaceStorage\801ed1664cc344b479297c66898efbba\redhat.java\jdt_ws --pipe=\\.\pipe\lsp-408e466076437428f9b73fa9b88df9ac-sock

Host: AMD Ryzen 5 4600H with Radeon Graphics         , 12 cores, 7G,  Windows 11 , 64 bit Build 26100 (10.0.26100.1)
Time: Wed Jul  8 09:11:24 2026 Malay Peninsula Standard Time elapsed time: 13.880066 seconds (0d 0h 0m 13s)

---------------  T H R E A D  ---------------

Current thread (0x000001eaf835f900):  JavaThread "C2 CompilerThread0" daemon [_thread_in_native, id=26896, stack(0x0000002523b00000,0x0000002523c00000) (1024K)]


Current CompileTask:
C2:13880 5661       4       java.lang.invoke.MethodType::makeImpl (109 bytes)

Stack: [0x0000002523b00000,0x0000002523c00000]
Native frames: (J=compiled Java code, j=interpreted, Vv=VM code, C=native code)
V  [jvm.dll+0x6d7e19]
V  [jvm.dll+0x8b5096]
V  [jvm.dll+0x8b764e]
V  [jvm.dll+0x8b7d33]
V  [jvm.dll+0x284596]
V  [jvm.dll+0xc685d]
V  [jvm.dll+0xc6da1]
V  [jvm.dll+0x3bed6b]
V  [jvm.dll+0x38b2b2]
V  [jvm.dll+0x38a6fa]
V  [jvm.dll+0x24c700]
V  [jvm.dll+0x24bce0]
V  [jvm.dll+0x1cb4ae]
V  [jvm.dll+0x25baad]
V  [jvm.dll+0x25a03a]
V  [jvm.dll+0x3f868e]
V  [jvm.dll+0x85fb0d]
V  [jvm.dll+0x6d664d]
C  [ucrtbase.dll+0x43340]
C  [KERNEL32.DLL+0x31fd7]
C  [ntdll.dll+0x6d7d0]


---------------  P R O C E S S  ---------------

Threads class SMR info:
_java_thread_list=0x000001eafd4e4350, length=44, elements={
0x000001eaec7a7190, 0x000001eaf83545d0, 0x000001eaf83556a0, 0x000001eaf8356520,
0x000001eaf8358da0, 0x000001eaf835b420, 0x000001eaf835ba90, 0x000001eaf835f900,
0x000001eaf838d070, 0x000001eaf85eb9f0, 0x000001eaf86b3870, 0x000001eaf8dc8530,
0x000001eafd03f080, 0x000001eafd071b50, 0x000001eafd072590, 0x000001eafd471ec0,
0x000001eafda0c800, 0x000001eafd294f00, 0x000001eaf8dfca40, 0x000001eaf8dfe480,
0x000001eaf8dfd760, 0x000001eaf8dfddf0, 0x000001eaf8dfd0d0, 0x000001eaf8dff1a0,
0x000001eaf88d0cc0, 0x000001eaf8dff830, 0x000001eaf8dffec0, 0x000001eafd401960,
0x000001eafd4012d0, 0x000001eafd4005b0, 0x000001eafd3fe4e0, 0x000001eafd401ff0,
0x000001eafd3feb70, 0x000001eafd402680, 0x000001eafd3ff890, 0x000001eafd3fff20,
0x000001eafd3ff200, 0x000001eafd402d10, 0x000001eafd400c40, 0x000001eafd4033a0,
0x000001eafd403a30, 0x000001eafd4040c0, 0x000001eafd405470, 0x000001eaf88d2ed0
}

Java Threads: ( => current thread )
  0x000001eaec7a7190 JavaThread "main"                              [_thread_blocked, id=26848, stack(0x0000002523100000,0x0000002523200000) (1024K)]
  0x000001eaf83545d0 JavaThread "Reference Handler"          daemon [_thread_blocked, id=26872, stack(0x0000002523500000,0x0000002523600000) (1024K)]
  0x000001eaf83556a0 JavaThread "Finalizer"                  daemon [_thread_blocked, id=26876, stack(0x0000002523600000,0x0000002523700000) (1024K)]
  0x000001eaf8356520 JavaThread "Signal Dispatcher"          daemon [_thread_blocked, id=26880, stack(0x0000002523700000,0x0000002523800000) (1024K)]
  0x000001eaf8358da0 JavaThread "Attach Listener"            daemon [_thread_blocked, id=26884, stack(0x0000002523800000,0x0000002523900000) (1024K)]
  0x000001eaf835b420 JavaThread "Service Thread"             daemon [_thread_blocked, id=26888, stack(0x0000002523900000,0x0000002523a00000) (1024K)]
  0x000001eaf835ba90 JavaThread "Monitor Deflation Thread"   daemon [_thread_blocked, id=26892, stack(0x0000002523a00000,0x0000002523b00000) (1024K)]
=>0x000001eaf835f900 JavaThread "C2 CompilerThread0"         daemon [_thread_in_native, id=26896, stack(0x0000002523b00000,0x0000002523c00000) (1024K)]
  0x000001eaf838d070 JavaThread "C1 CompilerThread0"         daemon [_thread_blocked, id=26900, stack(0x0000002523c00000,0x0000002523d00000) (1024K)]
  0x000001eaf85eb9f0 JavaThread "Common-Cleaner"             daemon [_thread_blocked, id=27008, stack(0x0000002523e00000,0x0000002523f00000) (1024K)]
  0x000001eaf86b3870 JavaThread "Notification Thread"        daemon [_thread_blocked, id=27092, stack(0x0000002523f00000,0x0000002524000000) (1024K)]
  0x000001eaf8dc8530 JavaThread "Active Thread: Equinox Container: 7c9d943a-c0d1-4872-8bd6-f6aa9f72220e"        [_thread_blocked, id=27564, stack(0x0000002524600000,0x0000002524700000) (1024K)]
  0x000001eafd03f080 JavaThread "Refresh Thread: Equinox Container: 7c9d943a-c0d1-4872-8bd6-f6aa9f72220e" daemon [_thread_blocked, id=26816, stack(0x0000002524800000,0x0000002524900000) (1024K)]
  0x000001eafd071b50 JavaThread "Framework Event Dispatcher: Equinox Container: 7c9d943a-c0d1-4872-8bd6-f6aa9f72220e" daemon [_thread_blocked, id=26804, stack(0x0000002524900000,0x0000002524a00000) (1024K)]
  0x000001eafd072590 JavaThread "Start Level: Equinox Container: 7c9d943a-c0d1-4872-8bd6-f6aa9f72220e" daemon [_thread_blocked, id=26796, stack(0x0000002524a00000,0x0000002524b00000) (1024K)]
  0x000001eafd471ec0 JavaThread "Bundle File Closer"         daemon [_thread_blocked, id=27188, stack(0x0000002524c00000,0x0000002524d00000) (1024K)]
  0x000001eafda0c800 JavaThread "SCR Component Actor"        daemon [_thread_blocked, id=24736, stack(0x0000002524d00000,0x0000002524e00000) (1024K)]
  0x000001eafd294f00 JavaThread "Worker-JM"                         [_thread_blocked, id=27356, stack(0x0000002524e00000,0x0000002524f00000) (1024K)]
  0x000001eaf8dfca40 JavaThread "Worker-0"                          [_thread_blocked, id=27244, stack(0x0000002524f00000,0x0000002525000000) (1024K)]
  0x000001eaf8dfe480 JavaThread "Worker-1"                          [_thread_blocked, id=27264, stack(0x0000002525000000,0x0000002525100000) (1024K)]
  0x000001eaf8dfd760 JavaThread "Worker-2"                          [_thread_blocked, id=11576, stack(0x0000002525100000,0x0000002525200000) (1024K)]
  0x000001eaf8dfddf0 JavaThread "Worker-3"                          [_thread_blocked, id=20284, stack(0x0000002525200000,0x0000002525300000) (1024K)]
  0x000001eaf8dfd0d0 JavaThread "Java indexing"              daemon [_thread_blocked, id=9404, stack(0x0000002525300000,0x0000002525400000) (1024K)]
  0x000001eaf8dff1a0 JavaThread "JNA Cleaner"                daemon [_thread_blocked, id=2892, stack(0x0000002525400000,0x0000002525500000) (1024K)]
  0x000001eaf88d0cc0 JavaThread "C2 CompilerThread1"         daemon [_thread_in_native, id=24172, stack(0x0000002525700000,0x0000002525800000) (1024K)]
  0x000001eaf8dff830 JavaThread "Worker-4"                          [_thread_blocked, id=12120, stack(0x0000002525800000,0x0000002525900000) (1024K)]
  0x000001eaf8dffec0 JavaThread "Worker-5"                          [_thread_blocked, id=6908, stack(0x0000002525900000,0x0000002525a00000) (1024K)]
  0x000001eafd401960 JavaThread "Thread-1"                   daemon [_thread_in_native, id=18380, stack(0x0000002525a00000,0x0000002525b00000) (1024K)]
  0x000001eafd4012d0 JavaThread "Thread-2"                   daemon [_thread_in_native, id=11956, stack(0x0000002525b00000,0x0000002525c00000) (1024K)]
  0x000001eafd4005b0 JavaThread "Thread-3"                   daemon [_thread_in_native, id=24100, stack(0x0000002525c00000,0x0000002525d00000) (1024K)]
  0x000001eafd3fe4e0 JavaThread "Thread-4"                   daemon [_thread_in_native, id=20436, stack(0x0000002525d00000,0x0000002525e00000) (1024K)]
  0x000001eafd401ff0 JavaThread "Thread-5"                   daemon [_thread_in_native, id=13276, stack(0x0000002525e00000,0x0000002525f00000) (1024K)]
  0x000001eafd3feb70 JavaThread "Thread-6"                   daemon [_thread_in_native, id=20468, stack(0x0000002525f00000,0x0000002526000000) (1024K)]
  0x000001eafd402680 JavaThread "Thread-7"                   daemon [_thread_in_native, id=11404, stack(0x0000002526000000,0x0000002526100000) (1024K)]
  0x000001eafd3ff890 JavaThread "Thread-8"                   daemon [_thread_in_native, id=4756, stack(0x0000002526100000,0x0000002526200000) (1024K)]
  0x000001eafd3fff20 JavaThread "Thread-9"                   daemon [_thread_in_native, id=23736, stack(0x0000002526200000,0x0000002526300000) (1024K)]
  0x000001eafd3ff200 JavaThread "Thread-10"                  daemon [_thread_in_native, id=25524, stack(0x0000002526300000,0x0000002526400000) (1024K)]
  0x000001eafd402d10 JavaThread "Thread-11"                  daemon [_thread_in_native, id=21552, stack(0x0000002526400000,0x0000002526500000) (1024K)]
  0x000001eafd400c40 JavaThread "Thread-12"                  daemon [_thread_in_native, id=24496, stack(0x0000002526500000,0x0000002526600000) (1024K)]
  0x000001eafd4033a0 JavaThread "Thread-13"                  daemon [_thread_in_native, id=26908, stack(0x0000002526600000,0x0000002526700000) (1024K)]
  0x000001eafd403a30 JavaThread "pool-2-thread-1"                   [_thread_blocked, id=27112, stack(0x0000002526700000,0x0000002526800000) (1024K)]
  0x000001eafd4040c0 JavaThread "WorkspaceEventsHandler"            [_thread_blocked, id=25856, stack(0x0000002526800000,0x0000002526900000) (1024K)]
  0x000001eafd405470 JavaThread "pool-1-thread-1"                   [_thread_in_native, id=25080, stack(0x0000002526900000,0x0000002526a00000) (1024K)]
  0x000001eaf88d2ed0 JavaThread "C2 CompilerThread2"         daemon [_thread_in_native, id=25624, stack(0x0000002526a00000,0x0000002526b00000) (1024K)]
Total: 44

Other Threads:
  0x000001eaeea36130 VMThread "VM Thread"                           [id=26868, stack(0x0000002523400000,0x0000002523500000) (1024K)]
  0x000001eaee92cb20 WatcherThread "VM Periodic Task Thread"        [id=26864, stack(0x0000002523300000,0x0000002523400000) (1024K)]
  0x000001eaeeabc150 WorkerThread "GC Thread#0"                     [id=26860, stack(0x0000002523200000,0x0000002523300000) (1024K)]
  0x000001eaf8998710 WorkerThread "GC Thread#1"                     [id=27400, stack(0x0000002524000000,0x0000002524100000) (1024K)]
  0x000001eaf8998ac0 WorkerThread "GC Thread#2"                     [id=27404, stack(0x0000002524100000,0x0000002524200000) (1024K)]
  0x000001eaf8998e70 WorkerThread "GC Thread#3"                     [id=27408, stack(0x0000002524200000,0x0000002524300000) (1024K)]
  0x000001eaf8999220 WorkerThread "GC Thread#4"                     [id=27412, stack(0x0000002524300000,0x0000002524400000) (1024K)]
  0x000001eaf89995d0 WorkerThread "GC Thread#5"                     [id=27416, stack(0x0000002524400000,0x0000002524500000) (1024K)]
  0x000001eaf8ddc110 WorkerThread "GC Thread#6"                     [id=27420, stack(0x0000002524500000,0x0000002524600000) (1024K)]
  0x000001eafd0565f0 WorkerThread "GC Thread#7"                     [id=26752, stack(0x0000002524700000,0x0000002524800000) (1024K)]
  0x000001eafd310ed0 WorkerThread "GC Thread#8"                     [id=27184, stack(0x0000002523d00000,0x0000002523e00000) (1024K)]
  0x000001eafd472e60 WorkerThread "GC Thread#9"                     [id=22928, stack(0x0000002524b00000,0x0000002524c00000) (1024K)]
Total: 12

Threads with active compile tasks:
C2 CompilerThread0  15931 5661       4       java.lang.invoke.MethodType::makeImpl (109 bytes)
C2 CompilerThread1  15931 5719   !   4       org.eclipse.osgi.internal.loader.BundleLoader::findClass0 (490 bytes)
C2 CompilerThread2  15931 5764   !   4       org.eclipse.osgi.internal.loader.classpath.ClasspathManager::findLocalClass (210 bytes)
Total: 3

VM state: not at safepoint (normal execution)

VM Mutex/Monitor currently owned by a thread: None

Heap address: 0x0000000080000000, size: 2048 MB, Compressed Oops mode: 32-bit

CDS archive(s) mapped at: [0x000001ea8f000000-0x000001ea8fba0000-0x000001ea8fba0000), size 12189696, SharedBaseAddress: 0x000001ea8f000000, ArchiveRelocationMode: 1.
Compressed class space mapped at: 0x000001ea90000000-0x000001ead0000000, reserved size: 1073741824
Narrow klass base: 0x000001ea8f000000, Narrow klass shift: 0, Narrow klass range: 0x100000000

GC Precious Log:
 CardTable entry size: 512
 CPUs: 12 total, 12 available
 Memory: 7598M
 Large Page Support: Disabled
 NUMA Support: Disabled
 Compressed Oops: Enabled (32-bit)
 Alignments: Space 512K, Generation 512K, Heap 2M
 Heap Min Capacity: 100M
 Heap Initial Capacity: 100M
 Heap Max Capacity: 2G
 Pre-touch: Disabled
 Parallel Workers: 10

Heap:
 PSYoungGen      total 23552K, used 22068K [0x00000000d5580000, 0x00000000d7100000, 0x0000000100000000)
  eden space 22016K, 93% used [0x00000000d5580000,0x00000000d699d220,0x00000000d6b00000)
  from space 1536K, 95% used [0x00000000d6f80000,0x00000000d70f0000,0x00000000d7100000)
  to   space 1536K, 0% used [0x00000000d6e00000,0x00000000d6e00000,0x00000000d6f80000)
 ParOldGen       total 68608K, used 21174K [0x0000000080000000, 0x0000000084300000, 0x00000000d5580000)
  object space 68608K, 30% used [0x0000000080000000,0x00000000814adb68,0x0000000084300000)
 Metaspace       used 44004K, committed 45248K, reserved 1114112K
  class space    used 4827K, committed 5376K, reserved 1048576K

Card table byte_map: [0x000001eaee440000,0x000001eaee850000] _byte_map_base: 0x000001eaee040000

Marking Bits: (ParMarkBitMap*) 0x00007ff8dc354460
 Begin Bits: [0x000001eaf1f50000, 0x000001eaf3f50000)
 End Bits:   [0x000001eaf3f50000, 0x000001eaf5f50000)

Polling page: 0x000001eaec8a0000

Metaspace:

Usage:
  Non-class:     38.26 MB used.
      Class:      4.71 MB used.
       Both:     42.97 MB used.

Virtual space:
  Non-class space:       64.00 MB reserved,      38.94 MB ( 61%) committed,  1 nodes.
      Class space:        1.00 GB reserved,       5.25 MB ( <1%) committed,  1 nodes.
             Both:        1.06 GB reserved,      44.19 MB (  4%) committed. 

Chunk freelists:
   Non-Class:  8.73 MB
       Class:  10.78 MB
        Both:  19.52 MB

MaxMetaspaceSize: unlimited
CompressedClassSpaceSize: 1.00 GB
Initial GC threshold: 21.00 MB
Current GC threshold: 58.38 MB
CDS: on
 - commit_granule_bytes: 65536.
 - commit_granule_words: 8192.
 - virtual_space_node_default_size: 8388608.
 - enlarge_chunks_in_place: 1.
 - use_allocation_guard: 0.


Internal statistics:

num_allocs_failed_limit: 6.
num_arena_births: 790.
num_arena_deaths: 14.
num_vsnodes_births: 2.
num_vsnodes_deaths: 0.
num_space_committed: 707.
num_space_uncommitted: 0.
num_chunks_returned_to_freelist: 20.
num_chunks_taken_from_freelist: 2691.
num_chunk_merges: 12.
num_chunk_splits: 1711.
num_chunks_enlarged: 1001.
num_inconsistent_stats: 0.

CodeHeap 'non-profiled nmethods': size=120000Kb used=2226Kb max_used=2226Kb free=117773Kb
 bounds [0x000001ea87ad0000, 0x000001ea87d40000, 0x000001ea8f000000]
CodeHeap 'profiled nmethods': size=120000Kb used=10431Kb max_used=10431Kb free=109568Kb
 bounds [0x000001ea80000000, 0x000001ea80a30000, 0x000001ea87530000]
CodeHeap 'non-nmethods': size=5760Kb used=1360Kb max_used=1425Kb free=4399Kb
 bounds [0x000001ea87530000, 0x000001ea877a0000, 0x000001ea87ad0000]
CodeCache: size=245760Kb, used=14017Kb, max_used=14082Kb, free=231740Kb
 total_blobs=5941, nmethods=5285, adapters=562, full_count=0
Compilation: enabled, stopped_count=0, restarted_count=0

Compilation events (20 events):
Event: 12.843 Thread 0x000001eaf838d070 5757       3       java.lang.invoke.SimpleMethodHandle::speciesData (4 bytes)
Event: 12.843 Thread 0x000001eaf838d070 nmethod 5757 0x000001ea80a1ee10 code [0x000001ea80a1efa0, 0x000001ea80a1f0b8]
Event: 12.845 Thread 0x000001eaf838d070 5759       1       org.eclipse.core.internal.registry.ReferenceMap$SoftRef::getNext (5 bytes)
Event: 12.845 Thread 0x000001eaf838d070 nmethod 5759 0x000001ea87cf7490 code [0x000001ea87cf7620, 0x000001ea87cf76e8]
Event: 12.845 Thread 0x000001eaf838d070 5760       3       org.eclipse.core.internal.registry.ConfigurationElement::intern (13 bytes)
Event: 12.845 Thread 0x000001eaf838d070 nmethod 5760 0x000001ea80a1f190 code [0x000001ea80a1f340, 0x000001ea80a1f4b8]
Event: 12.852 Thread 0x000001eaf838d070 5762       3       org.eclipse.core.internal.registry.ConfigurationElement::getAttributeAsIs (62 bytes)
Event: 12.853 Thread 0x000001eaf838d070 nmethod 5762 0x000001ea80a1f590 code [0x000001ea80a1f780, 0x000001ea80a1fb00]
Event: 12.853 Thread 0x000001eaf838d070 5761       3       org.eclipse.core.internal.registry.ConfigurationElement::getAttribute (6 bytes)
Event: 12.853 Thread 0x000001eaf838d070 nmethod 5761 0x000001ea80a1fd10 code [0x000001ea80a1fec0, 0x000001ea80a20018]
Event: 12.853 Thread 0x000001eaf838d070 5763       3       org.eclipse.core.internal.registry.ConfigurationElementHandle::getAttribute (9 bytes)
Event: 12.854 Thread 0x000001eaf838d070 nmethod 5763 0x000001ea80a20110 code [0x000001ea80a20300, 0x000001ea80a20908]
Event: 12.859 Thread 0x000001eaf838d070 5767       1       org.eclipse.core.internal.content.FileSpec::getType (5 bytes)
Event: 12.859 Thread 0x000001eaf838d070 nmethod 5767 0x000001ea87cf7d90 code [0x000001ea87cf7f20, 0x000001ea87cf7fe8]
Event: 12.867 Thread 0x000001eaf88d2ed0 nmethod 5754 0x000001ea87cf8090 code [0x000001ea87cf84e0, 0x000001ea87cfaf20]
Event: 12.868 Thread 0x000001eaf88d2ed0 5764   !   4       org.eclipse.osgi.internal.loader.classpath.ClasspathManager::findLocalClass (210 bytes)
Event: 12.872 Thread 0x000001eaf838d070 5768       3       com.google.gson.internal.bind.JsonTreeReader::peekStack (12 bytes)
Event: 12.872 Thread 0x000001eaf838d070 nmethod 5768 0x000001ea80a20b10 code [0x000001ea80a20cc0, 0x000001ea80a20df8]
Event: 12.872 Thread 0x000001eaf838d070 5769       3       com.google.gson.internal.bind.JsonTreeReader::peek (230 bytes)
Event: 13.877 Thread 0x000001eaf838d070 nmethod 5769 0x000001ea80a20f10 code [0x000001ea80a21320, 0x000001ea80a23000]

GC Heap History (20 events):
Event: 8.341 GC heap before
{Heap before GC invocations=9 (full 1):
 PSYoungGen      total 29696K, used 24576K [0x00000000d5580000, 0x00000000d7d80000, 0x0000000100000000)
  eden space 24576K, 100% used [0x00000000d5580000,0x00000000d6d80000,0x00000000d6d80000)
  from space 5120K, 0% used [0x00000000d6e00000,0x00000000d6e00000,0x00000000d7300000)
  to   space 8192K, 0% used [0x00000000d7580000,0x00000000d7580000,0x00000000d7d80000)
 ParOldGen       total 68608K, used 15067K [0x0000000080000000, 0x0000000084300000, 0x00000000d5580000)
  object space 68608K, 21% used [0x0000000080000000,0x0000000080eb6d58,0x0000000084300000)
 Metaspace       used 23696K, committed 24512K, reserved 1114112K
  class space    used 2367K, committed 2688K, reserved 1048576K
}
Event: 8.343 GC heap after
{Heap after GC invocations=9 (full 1):
 PSYoungGen      total 24576K, used 406K [0x00000000d5580000, 0x00000000d7600000, 0x0000000100000000)
  eden space 24064K, 0% used [0x00000000d5580000,0x00000000d5580000,0x00000000d6d00000)
  from space 512K, 79% used [0x00000000d7580000,0x00000000d75e58e8,0x00000000d7600000)
  to   space 3072K, 0% used [0x00000000d7000000,0x00000000d7000000,0x00000000d7300000)
 ParOldGen       total 68608K, used 15075K [0x0000000080000000, 0x0000000084300000, 0x00000000d5580000)
  object space 68608K, 21% used [0x0000000080000000,0x0000000080eb8d58,0x0000000084300000)
 Metaspace       used 23696K, committed 24512K, reserved 1114112K
  class space    used 2367K, committed 2688K, reserved 1048576K
}
Event: 8.616 GC heap before
{Heap before GC invocations=10 (full 1):
 PSYoungGen      total 24576K, used 24444K [0x00000000d5580000, 0x00000000d7600000, 0x0000000100000000)
  eden space 24064K, 99% used [0x00000000d5580000,0x00000000d6cf9970,0x00000000d6d00000)
  from space 512K, 79% used [0x00000000d7580000,0x00000000d75e58e8,0x00000000d7600000)
  to   space 3072K, 0% used [0x00000000d7000000,0x00000000d7000000,0x00000000d7300000)
 ParOldGen       total 68608K, used 15075K [0x0000000080000000, 0x0000000084300000, 0x00000000d5580000)
  object space 68608K, 21% used [0x0000000080000000,0x0000000080eb8d58,0x0000000084300000)
 Metaspace       used 25338K, committed 26176K, reserved 1114112K
  class space    used 2484K, committed 2816K, reserved 1048576K
}
Event: 8.619 GC heap after
{Heap after GC invocations=10 (full 1):
 PSYoungGen      total 26624K, used 2344K [0x00000000d5580000, 0x00000000d7600000, 0x0000000100000000)
  eden space 23552K, 0% used [0x00000000d5580000,0x00000000d5580000,0x00000000d6c80000)
  from space 3072K, 76% used [0x00000000d7000000,0x00000000d724a228,0x00000000d7300000)
  to   space 3072K, 0% used [0x00000000d7300000,0x00000000d7300000,0x00000000d7600000)
 ParOldGen       total 68608K, used 15083K [0x0000000080000000, 0x0000000084300000, 0x00000000d5580000)
  object space 68608K, 21% used [0x0000000080000000,0x0000000080ebad58,0x0000000084300000)
 Metaspace       used 25338K, committed 26176K, reserved 1114112K
  class space    used 2484K, committed 2816K, reserved 1048576K
}
Event: 8.991 GC heap before
{Heap before GC invocations=11 (full 1):
 PSYoungGen      total 26624K, used 25896K [0x00000000d5580000, 0x00000000d7600000, 0x0000000100000000)
  eden space 23552K, 100% used [0x00000000d5580000,0x00000000d6c80000,0x00000000d6c80000)
  from space 3072K, 76% used [0x00000000d7000000,0x00000000d724a228,0x00000000d7300000)
  to   space 3072K, 0% used [0x00000000d7300000,0x00000000d7300000,0x00000000d7600000)
 ParOldGen       total 68608K, used 15083K [0x0000000080000000, 0x0000000084300000, 0x00000000d5580000)
  object space 68608K, 21% used [0x0000000080000000,0x0000000080ebad58,0x0000000084300000)
 Metaspace       used 28211K, committed 29120K, reserved 1114112K
  class space    used 2801K, committed 3200K, reserved 1048576K
}
Event: 8.994 GC heap after
{Heap after GC invocations=11 (full 1):
 PSYoungGen      total 26112K, used 3053K [0x00000000d5580000, 0x00000000d7600000, 0x0000000100000000)
  eden space 23040K, 0% used [0x00000000d5580000,0x00000000d5580000,0x00000000d6c00000)
  from space 3072K, 99% used [0x00000000d7300000,0x00000000d75fb600,0x00000000d7600000)
  to   space 3584K, 0% used [0x00000000d6f00000,0x00000000d6f00000,0x00000000d7280000)
 ParOldGen       total 68608K, used 15223K [0x0000000080000000, 0x0000000084300000, 0x00000000d5580000)
  object space 68608K, 22% used [0x0000000080000000,0x0000000080edde40,0x0000000084300000)
 Metaspace       used 28211K, committed 29120K, reserved 1114112K
  class space    used 2801K, committed 3200K, reserved 1048576K
}
Event: 9.466 GC heap before
{Heap before GC invocations=12 (full 1):
 PSYoungGen      total 26112K, used 26093K [0x00000000d5580000, 0x00000000d7600000, 0x0000000100000000)
  eden space 23040K, 100% used [0x00000000d5580000,0x00000000d6c00000,0x00000000d6c00000)
  from space 3072K, 99% used [0x00000000d7300000,0x00000000d75fb600,0x00000000d7600000)
  to   space 3584K, 0% used [0x00000000d6f00000,0x00000000d6f00000,0x00000000d7280000)
 ParOldGen       total 68608K, used 15223K [0x0000000080000000, 0x0000000084300000, 0x00000000d5580000)
  object space 68608K, 22% used [0x0000000080000000,0x0000000080edde40,0x0000000084300000)
 Metaspace       used 31623K, committed 32640K, reserved 1114112K
  class space    used 3252K, committed 3648K, reserved 1048576K
}
Event: 9.471 GC heap after
{Heap after GC invocations=12 (full 1):
 PSYoungGen      total 24064K, used 1231K [0x00000000d5580000, 0x00000000d7380000, 0x0000000100000000)
  eden space 22528K, 0% used [0x00000000d5580000,0x00000000d5580000,0x00000000d6b80000)
  from space 1536K, 80% used [0x00000000d6f00000,0x00000000d7033e58,0x00000000d7080000)
  to   space 2048K, 0% used [0x00000000d7180000,0x00000000d7180000,0x00000000d7380000)
 ParOldGen       total 68608K, used 18177K [0x0000000080000000, 0x0000000084300000, 0x00000000d5580000)
  object space 68608K, 26% used [0x0000000080000000,0x00000000811c04e0,0x0000000084300000)
 Metaspace       used 31623K, committed 32640K, reserved 1114112K
  class space    used 3252K, committed 3648K, reserved 1048576K
}
Event: 9.705 GC heap before
{Heap before GC invocations=13 (full 1):
 PSYoungGen      total 24064K, used 23759K [0x00000000d5580000, 0x00000000d7380000, 0x0000000100000000)
  eden space 22528K, 99% used [0x00000000d5580000,0x00000000d6b7fff0,0x00000000d6b80000)
  from space 1536K, 80% used [0x00000000d6f00000,0x00000000d7033e58,0x00000000d7080000)
  to   space 2048K, 0% used [0x00000000d7180000,0x00000000d7180000,0x00000000d7380000)
 ParOldGen       total 68608K, used 18177K [0x0000000080000000, 0x0000000084300000, 0x00000000d5580000)
  object space 68608K, 26% used [0x0000000080000000,0x00000000811c04e0,0x0000000084300000)
 Metaspace       used 33630K, committed 34752K, reserved 1114112K
  class space    used 3494K, committed 3968K, reserved 1048576K
}
Event: 9.708 GC heap after
{Heap after GC invocations=13 (full 1):
 PSYoungGen      total 24064K, used 1593K [0x00000000d5580000, 0x00000000d7380000, 0x0000000100000000)
  eden space 22016K, 0% used [0x00000000d5580000,0x00000000d5580000,0x00000000d6b00000)
  from space 2048K, 77% used [0x00000000d7180000,0x00000000d730e488,0x00000000d7380000)
  to   space 2048K, 0% used [0x00000000d6f80000,0x00000000d6f80000,0x00000000d7180000)
 ParOldGen       total 68608K, used 19124K [0x0000000080000000, 0x0000000084300000, 0x00000000d5580000)
  object space 68608K, 27% used [0x0000000080000000,0x00000000812ad108,0x0000000084300000)
 Metaspace       used 33630K, committed 34752K, reserved 1114112K
  class space    used 3494K, committed 3968K, reserved 1048576K
}
Event: 9.842 GC heap before
{Heap before GC invocations=14 (full 1):
 PSYoungGen      total 24064K, used 13092K [0x00000000d5580000, 0x00000000d7380000, 0x0000000100000000)
  eden space 22016K, 52% used [0x00000000d5580000,0x00000000d60bacd0,0x00000000d6b00000)
  from space 2048K, 77% used [0x00000000d7180000,0x00000000d730e488,0x00000000d7380000)
  to   space 2048K, 0% used [0x00000000d6f80000,0x00000000d6f80000,0x00000000d7180000)
 ParOldGen       total 68608K, used 19124K [0x0000000080000000, 0x0000000084300000, 0x00000000d5580000)
  object space 68608K, 27% used [0x0000000080000000,0x00000000812ad108,0x0000000084300000)
 Metaspace       used 34756K, committed 35840K, reserved 1114112K
  class space    used 3642K, committed 4096K, reserved 1048576K
}
Event: 9.845 GC heap after
{Heap after GC invocations=14 (full 1):
 PSYoungGen      total 23040K, used 928K [0x00000000d5580000, 0x00000000d7200000, 0x0000000100000000)
  eden space 22016K, 0% used [0x00000000d5580000,0x00000000d5580000,0x00000000d6b00000)
  from space 1024K, 90% used [0x00000000d6f80000,0x00000000d7068000,0x00000000d7080000)
  to   space 1536K, 0% used [0x00000000d7080000,0x00000000d7080000,0x00000000d7200000)
 ParOldGen       total 68608K, used 20518K [0x0000000080000000, 0x0000000084300000, 0x00000000d5580000)
  object space 68608K, 29% used [0x0000000080000000,0x0000000081409bc0,0x0000000084300000)
 Metaspace       used 34756K, committed 35840K, reserved 1114112K
  class space    used 3642K, committed 4096K, reserved 1048576K
}
Event: 9.845 GC heap before
{Heap before GC invocations=15 (full 2):
 PSYoungGen      total 23040K, used 928K [0x00000000d5580000, 0x00000000d7200000, 0x0000000100000000)
  eden space 22016K, 0% used [0x00000000d5580000,0x00000000d5580000,0x00000000d6b00000)
  from space 1024K, 90% used [0x00000000d6f80000,0x00000000d7068000,0x00000000d7080000)
  to   space 1536K, 0% used [0x00000000d7080000,0x00000000d7080000,0x00000000d7200000)
 ParOldGen       total 68608K, used 20518K [0x0000000080000000, 0x0000000084300000, 0x00000000d5580000)
  object space 68608K, 29% used [0x0000000080000000,0x0000000081409bc0,0x0000000084300000)
 Metaspace       used 34756K, committed 35840K, reserved 1114112K
  class space    used 3642K, committed 4096K, reserved 1048576K
}
Event: 9.890 GC heap after
{Heap after GC invocations=15 (full 2):
 PSYoungGen      total 23040K, used 0K [0x00000000d5580000, 0x00000000d7200000, 0x0000000100000000)
  eden space 22016K, 0% used [0x00000000d5580000,0x00000000d5580000,0x00000000d6b00000)
  from space 1024K, 0% used [0x00000000d6f80000,0x00000000d6f80000,0x00000000d7080000)
  to   space 1536K, 0% used [0x00000000d7080000,0x00000000d7080000,0x00000000d7200000)
 ParOldGen       total 68608K, used 18558K [0x0000000080000000, 0x0000000084300000, 0x00000000d5580000)
  object space 68608K, 27% used [0x0000000080000000,0x000000008121fb58,0x0000000084300000)
 Metaspace       used 34756K, committed 35840K, reserved 1114112K
  class space    used 3642K, committed 4096K, reserved 1048576K
}
Event: 10.168 GC heap before
{Heap before GC invocations=16 (full 2):
 PSYoungGen      total 23040K, used 22016K [0x00000000d5580000, 0x00000000d7200000, 0x0000000100000000)
  eden space 22016K, 100% used [0x00000000d5580000,0x00000000d6b00000,0x00000000d6b00000)
  from space 1024K, 0% used [0x00000000d6f80000,0x00000000d6f80000,0x00000000d7080000)
  to   space 1536K, 0% used [0x00000000d7080000,0x00000000d7080000,0x00000000d7200000)
 ParOldGen       total 68608K, used 18558K [0x0000000080000000, 0x0000000084300000, 0x00000000d5580000)
  object space 68608K, 27% used [0x0000000080000000,0x000000008121fb58,0x0000000084300000)
 Metaspace       used 36653K, committed 37696K, reserved 1114112K
  class space    used 3896K, committed 4352K, reserved 1048576K
}
Event: 10.171 GC heap after
{Heap after GC invocations=16 (full 2):
 PSYoungGen      total 23552K, used 1520K [0x00000000d5580000, 0x00000000d7200000, 0x0000000100000000)
  eden space 22016K, 0% used [0x00000000d5580000,0x00000000d5580000,0x00000000d6b00000)
  from space 1536K, 98% used [0x00000000d7080000,0x00000000d71fc010,0x00000000d7200000)
  to   space 2048K, 0% used [0x00000000d6e00000,0x00000000d6e00000,0x00000000d7000000)
 ParOldGen       total 68608K, used 18750K [0x0000000080000000, 0x0000000084300000, 0x00000000d5580000)
  object space 68608K, 27% used [0x0000000080000000,0x000000008124fb58,0x0000000084300000)
 Metaspace       used 36653K, committed 37696K, reserved 1114112K
  class space    used 3896K, committed 4352K, reserved 1048576K
}
Event: 10.632 GC heap before
{Heap before GC invocations=17 (full 2):
 PSYoungGen      total 23552K, used 23536K [0x00000000d5580000, 0x00000000d7200000, 0x0000000100000000)
  eden space 22016K, 100% used [0x00000000d5580000,0x00000000d6b00000,0x00000000d6b00000)
  from space 1536K, 98% used [0x00000000d7080000,0x00000000d71fc010,0x00000000d7200000)
  to   space 2048K, 0% used [0x00000000d6e00000,0x00000000d6e00000,0x00000000d7000000)
 ParOldGen       total 68608K, used 18750K [0x0000000080000000, 0x0000000084300000, 0x00000000d5580000)
  object space 68608K, 27% used [0x0000000080000000,0x000000008124fb58,0x0000000084300000)
 Metaspace       used 39123K, committed 40256K, reserved 1114112K
  class space    used 4198K, committed 4672K, reserved 1048576K
}
Event: 10.636 GC heap after
{Heap after GC invocations=17 (full 2):
 PSYoungGen      total 23552K, used 1184K [0x00000000d5580000, 0x00000000d7100000, 0x0000000100000000)
  eden space 22016K, 0% used [0x00000000d5580000,0x00000000d5580000,0x00000000d6b00000)
  from space 1536K, 77% used [0x00000000d6e00000,0x00000000d6f28000,0x00000000d6f80000)
  to   space 1536K, 0% used [0x00000000d6f80000,0x00000000d6f80000,0x00000000d7100000)
 ParOldGen       total 68608K, used 20182K [0x0000000080000000, 0x0000000084300000, 0x00000000d5580000)
  object space 68608K, 29% used [0x0000000080000000,0x00000000813b5b68,0x0000000084300000)
 Metaspace       used 39123K, committed 40256K, reserved 1114112K
  class space    used 4198K, committed 4672K, reserved 1048576K
}
Event: 12.415 GC heap before
{Heap before GC invocations=18 (full 2):
 PSYoungGen      total 23552K, used 23200K [0x00000000d5580000, 0x00000000d7100000, 0x0000000100000000)
  eden space 22016K, 100% used [0x00000000d5580000,0x00000000d6b00000,0x00000000d6b00000)
  from space 1536K, 77% used [0x00000000d6e00000,0x00000000d6f28000,0x00000000d6f80000)
  to   space 1536K, 0% used [0x00000000d6f80000,0x00000000d6f80000,0x00000000d7100000)
 ParOldGen       total 68608K, used 20182K [0x0000000080000000, 0x0000000084300000, 0x00000000d5580000)
  object space 68608K, 29% used [0x0000000080000000,0x00000000813b5b68,0x0000000084300000)
 Metaspace       used 41583K, committed 42688K, reserved 1114112K
  class space    used 4529K, committed 4992K, reserved 1048576K
}
Event: 12.418 GC heap after
{Heap after GC invocations=18 (full 2):
 PSYoungGen      total 23552K, used 1472K [0x00000000d5580000, 0x00000000d7100000, 0x0000000100000000)
  eden space 22016K, 0% used [0x00000000d5580000,0x00000000d5580000,0x00000000d6b00000)
  from space 1536K, 95% used [0x00000000d6f80000,0x00000000d70f0000,0x00000000d7100000)
  to   space 1536K, 0% used [0x00000000d6e00000,0x00000000d6e00000,0x00000000d6f80000)
 ParOldGen       total 68608K, used 21174K [0x0000000080000000, 0x0000000084300000, 0x00000000d5580000)
  object space 68608K, 30% used [0x0000000080000000,0x00000000814adb68,0x0000000084300000)
 Metaspace       used 41583K, committed 42688K, reserved 1114112K
  class space    used 4529K, committed 4992K, reserved 1048576K
}

Dll operation events (10 events):
Event: 0.017 Loaded shared library c:\Users\Admin\.vscode\extensions\redhat.java-1.55.0-win32-x64\jre\21.0.11-win32-x86_64\bin\java.dll
Event: 0.171 Loaded shared library c:\Users\Admin\.vscode\extensions\redhat.java-1.55.0-win32-x64\jre\21.0.11-win32-x86_64\bin\zip.dll
Event: 0.216 Loaded shared library C:\Users\Admin\.vscode\extensions\redhat.java-1.55.0-win32-x64\jre\21.0.11-win32-x86_64\bin\instrument.dll
Event: 0.225 Loaded shared library C:\Users\Admin\.vscode\extensions\redhat.java-1.55.0-win32-x64\jre\21.0.11-win32-x86_64\bin\net.dll
Event: 0.228 Loaded shared library C:\Users\Admin\.vscode\extensions\redhat.java-1.55.0-win32-x64\jre\21.0.11-win32-x86_64\bin\nio.dll
Event: 0.235 Loaded shared library C:\Users\Admin\.vscode\extensions\redhat.java-1.55.0-win32-x64\jre\21.0.11-win32-x86_64\bin\zip.dll
Event: 0.265 Loaded shared library C:\Users\Admin\.vscode\extensions\redhat.java-1.55.0-win32-x64\jre\21.0.11-win32-x86_64\bin\jimage.dll
Event: 0.395 Loaded shared library c:\Users\Admin\.vscode\extensions\redhat.java-1.55.0-win32-x64\jre\21.0.11-win32-x86_64\bin\verify.dll
Event: 2.453 Loaded shared library C:\Users\Admin\AppData\Roaming\Code\User\globalStorage\redhat.java\1.55.0\config_win\org.eclipse.equinox.launcher\org.eclipse.equinox.launcher.win32.win32.x86_64_1.3.100.v20260613-0559\eclipse_11924.dll
Event: 9.316 Loaded shared library C:\Users\Admin\AppData\Local\Temp\jna-63116079\jna13566319759128744856.dll

Deoptimization events (20 events):
Event: 12.766 Thread 0x000001eaf8dfca40 Uncommon trap: trap_request=0xffffff45 fr.pc=0x000001ea87b8fb2c relative=0x000000000000016c
Event: 12.766 Thread 0x000001eaf8dfca40 Uncommon trap: reason=unstable_if action=reinterpret pc=0x000001ea87b8fb2c method=java.util.concurrent.ConcurrentHashMap.addCount(JI)V @ 34 c2
Event: 12.766 Thread 0x000001eaf8dfca40 DEOPT PACKING pc=0x000001ea87b8fb2c sp=0x0000002524ffdad0
Event: 12.766 Thread 0x000001eaf8dfca40 DEOPT UNPACKING pc=0x000001ea87583aa2 sp=0x0000002524ffda10 mode 2
Event: 12.777 Thread 0x000001eaf8dfca40 Uncommon trap: trap_request=0xffffff45 fr.pc=0x000001ea87b98ca4 relative=0x00000000000001c4
Event: 12.777 Thread 0x000001eaf8dfca40 Uncommon trap: reason=unstable_if action=reinterpret pc=0x000001ea87b98ca4 method=java.lang.invoke.VarHandle.accessModeType(I)Ljava/lang/invoke/MethodType; @ 26 c2
Event: 12.777 Thread 0x000001eaf8dfca40 DEOPT PACKING pc=0x000001ea87b98ca4 sp=0x0000002524ffea40
Event: 12.777 Thread 0x000001eaf8dfca40 DEOPT UNPACKING pc=0x000001ea87583aa2 sp=0x0000002524ffe920 mode 2
Event: 12.777 Thread 0x000001eaf8dfca40 Uncommon trap: trap_request=0xffffff45 fr.pc=0x000001ea87b14c80 relative=0x00000000000000c0
Event: 12.777 Thread 0x000001eaf8dfca40 Uncommon trap: reason=unstable_if action=reinterpret pc=0x000001ea87b14c80 method=jdk.internal.misc.Unsafe.convEndian(ZI)I @ 4 c2
Event: 12.777 Thread 0x000001eaf8dfca40 DEOPT PACKING pc=0x000001ea87b14c80 sp=0x0000002524ffe9e0
Event: 12.777 Thread 0x000001eaf8dfca40 DEOPT UNPACKING pc=0x000001ea87583aa2 sp=0x0000002524ffe878 mode 2
Event: 12.787 Thread 0x000001eaf8dfca40 DEOPT PACKING pc=0x000001ea809db2b5 sp=0x0000002524ffea30
Event: 12.787 Thread 0x000001eaf8dfca40 DEOPT UNPACKING pc=0x000001ea87584242 sp=0x0000002524ffdf58 mode 0
Event: 12.801 Thread 0x000001eaf8dfd760 DEOPT PACKING pc=0x000001ea808e1fbc sp=0x00000025251f8e70
Event: 12.801 Thread 0x000001eaf8dfd760 DEOPT UNPACKING pc=0x000001ea87584242 sp=0x00000025251f8390 mode 0
Event: 12.864 Thread 0x000001eaf8dfd760 Uncommon trap: trap_request=0xffffff45 fr.pc=0x000001ea87b24674 relative=0x00000000000002f4
Event: 12.864 Thread 0x000001eaf8dfd760 Uncommon trap: reason=unstable_if action=reinterpret pc=0x000001ea87b24674 method=java.nio.charset.CharsetDecoder.decode(Ljava/nio/ByteBuffer;Ljava/nio/CharBuffer;Z)Ljava/nio/charset/CoderResult; @ 1 c2
Event: 12.864 Thread 0x000001eaf8dfd760 DEOPT PACKING pc=0x000001ea87b24674 sp=0x00000025251fe850
Event: 12.864 Thread 0x000001eaf8dfd760 DEOPT UNPACKING pc=0x000001ea87583aa2 sp=0x00000025251fe7f8 mode 2

Classes loaded (20 events):
Event: 12.777 Loading class sun/security/provider/ByteArrayAccess$LE
Event: 12.777 Loading class sun/security/provider/ByteArrayAccess$LE done
Event: 12.861 Loading class java/nio/channels/Channels
Event: 12.861 Loading class java/nio/channels/Channels done
Event: 12.861 Loading class sun/nio/ch/Streams
Event: 12.861 Loading class sun/nio/ch/Streams done
Event: 12.861 Loading class sun/nio/ch/SocketChannelImpl
Event: 12.862 Loading class sun/nio/ch/SelChImpl
Event: 12.862 Loading class sun/nio/ch/SelChImpl done
Event: 12.862 Loading class sun/nio/ch/SocketChannelImpl done
Event: 12.862 Loading class sun/nio/ch/ChannelInputStream
Event: 12.862 Loading class sun/nio/ch/ChannelInputStream done
Event: 12.863 Loading class sun/nio/cs/ThreadLocalCoders
Event: 12.863 Loading class sun/nio/cs/ThreadLocalCoders done
Event: 12.863 Loading class sun/nio/cs/ThreadLocalCoders$1
Event: 12.863 Loading class sun/nio/cs/ThreadLocalCoders$Cache
Event: 12.863 Loading class sun/nio/cs/ThreadLocalCoders$Cache done
Event: 12.863 Loading class sun/nio/cs/ThreadLocalCoders$1 done
Event: 12.863 Loading class sun/nio/cs/ThreadLocalCoders$2
Event: 12.863 Loading class sun/nio/cs/ThreadLocalCoders$2 done

Classes unloaded (7 events):
Event: 7.911 Thread 0x000001eaeea36130 Unloading class 0x000001ea901acc00 'java/lang/invoke/LambdaForm$MH+0x000001ea901acc00'
Event: 7.911 Thread 0x000001eaeea36130 Unloading class 0x000001ea901ac800 'java/lang/invoke/LambdaForm$MH+0x000001ea901ac800'
Event: 7.911 Thread 0x000001eaeea36130 Unloading class 0x000001ea901ac400 'java/lang/invoke/LambdaForm$MH+0x000001ea901ac400'
Event: 7.911 Thread 0x000001eaeea36130 Unloading class 0x000001ea901ac000 'java/lang/invoke/LambdaForm$MH+0x000001ea901ac000'
Event: 7.911 Thread 0x000001eaeea36130 Unloading class 0x000001ea901abc00 'java/lang/invoke/LambdaForm$BMH+0x000001ea901abc00'
Event: 7.911 Thread 0x000001eaeea36130 Unloading class 0x000001ea901ab800 'java/lang/invoke/LambdaForm$DMH+0x000001ea901ab800'
Event: 7.911 Thread 0x000001eaeea36130 Unloading class 0x000001ea901aa400 'java/lang/invoke/LambdaForm$DMH+0x000001ea901aa400'

Classes redefined (0 events):
No events

Internal exceptions (20 events):
Event: 9.457 Thread 0x000001eafd072590 Exception <a 'java/lang/NoSuchMethodError'{0x00000000d6ac57a8}: 'void java.lang.invoke.Invokers$Holder.invokeExact_MT(java.lang.Object, java.lang.Object, int, java.lang.Object)'> (0x00000000d6ac57a8) 
thrown [s\src\hotspot\share\interpreter\linkResolver.cpp, line 773]
Event: 9.624 Thread 0x000001eaf8dfddf0 Exception <a 'java/lang/NoSuchMethodError'{0x00000000d6332dc0}: 'void java.lang.invoke.DirectMethodHandle$Holder.invokeStaticInit(java.lang.Object, java.lang.Object, java.lang.Object, java.lang.Object)'> (0x00000000d6332dc0) 
thrown [s\src\hotspot\share\interpreter\linkResolver.cpp, line 773]
Event: 9.687 Thread 0x000001eaec7a7190 Exception <a 'java/lang/NoSuchMethodError'{0x00000000d69653e0}: 'java.lang.Object java.lang.invoke.DirectMethodHandle$Holder.invokeStatic(java.lang.Object, long, java.lang.Object)'> (0x00000000d69653e0) 
thrown [s\src\hotspot\share\interpreter\linkResolver.cpp, line 773]
Event: 9.688 Thread 0x000001eaec7a7190 Exception <a 'java/lang/NoSuchMethodError'{0x00000000d6975cf8}: 'java.lang.Object java.lang.invoke.DirectMethodHandle$Holder.invokeStaticInit(java.lang.Object, long, java.lang.Object)'> (0x00000000d6975cf8) 
thrown [s\src\hotspot\share\interpreter\linkResolver.cpp, line 773]
Event: 9.689 Thread 0x000001eaec7a7190 Exception <a 'java/lang/NoSuchMethodError'{0x00000000d69ab888}: 'java.lang.Object java.lang.invoke.DirectMethodHandle$Holder.newInvokeSpecial(java.lang.Object, long)'> (0x00000000d69ab888) 
thrown [s\src\hotspot\share\interpreter\linkResolver.cpp, line 773]
Event: 10.065 Thread 0x000001eaec7a7190 Exception <a 'java/lang/NoSuchMethodError'{0x00000000d64ff8a0}: 'void java.lang.invoke.DirectMethodHandle$Holder.invokeSpecial(java.lang.Object, java.lang.Object, java.lang.Object, java.lang.Object, java.lang.Object, java.lang.Object)'> (0x00000000d64ff8a0) 
thrown [s\src\hotspot\share\interpreter\linkResolver.cpp, line 773]
Event: 10.074 Thread 0x000001eaec7a7190 Exception <a 'java/lang/IncompatibleClassChangeError'{0x00000000d652ea80}: Found class java.lang.Object, but interface was expected> (0x00000000d652ea80) 
thrown [s\src\hotspot\share\interpreter\linkResolver.cpp, line 840]
Event: 10.074 Thread 0x000001eaec7a7190 Exception <a 'java/lang/IncompatibleClassChangeError'{0x00000000d652fbf8}: Found class java.lang.Object, but interface was expected> (0x00000000d652fbf8) 
thrown [s\src\hotspot\share\interpreter\linkResolver.cpp, line 840]
Event: 10.982 Thread 0x000001eaf8dfe480 Exception <a 'java/lang/NoSuchMethodError'{0x00000000d60c3da0}: 'void java.lang.invoke.DirectMethodHandle$Holder.invokeStaticInit(java.lang.Object, java.lang.Object, java.lang.Object)'> (0x00000000d60c3da0) 
thrown [s\src\hotspot\share\interpreter\linkResolver.cpp, line 773]
Event: 10.994 Thread 0x000001eaf8dfe480 Exception <a 'java/lang/ExceptionInInitializerError'{0x00000000d61058f8}> (0x00000000d61058f8) 
thrown [s\src\hotspot\share\oops\instanceKlass.cpp, line 1218]
Event: 11.015 Thread 0x000001eaf8dfe480 Exception <a 'java/lang/NoSuchMethodError'{0x00000000d6181848}: 'long java.lang.invoke.DirectMethodHandle$Holder.invokeStatic(java.lang.Object, java.lang.Object, int)'> (0x00000000d6181848) 
thrown [s\src\hotspot\share\interpreter\linkResolver.cpp, line 773]
Event: 11.024 Thread 0x000001eaf8dfe480 Implicit null exception at 0x000001ea87c0057e to 0x000001ea87c007f0
Event: 11.024 Thread 0x000001eaf8dfe480 Implicit null exception at 0x000001ea87b7cf1c to 0x000001ea87b7de30
Event: 11.028 Thread 0x000001eaf8dfe480 Exception <a 'java/lang/NoSuchMethodError'{0x00000000d61c1890}: 'java.lang.Object java.lang.invoke.Invokers$Holder.invokeExact_MT(java.lang.Object, int, java.lang.Object)'> (0x00000000d61c1890) 
thrown [s\src\hotspot\share\interpreter\linkResolver.cpp, line 773]
Event: 12.544 Thread 0x000001eaf8dfe480 Exception <a 'java/lang/NoClassDefFoundError'{0x00000000d59dd8f0}: com/google/inject/servlet/ServletModuleTargetVisitor> (0x00000000d59dd8f0) 
thrown [s\src\hotspot\share\classfile\systemDictionary.cpp, line 302]
Event: 12.853 Thread 0x000001eaf8dfd760 Exception <a 'java/io/FileNotFoundException'{0x00000000d674f0d8}> (0x00000000d674f0d8) 
thrown [s\src\hotspot\share\prims\jni.cpp, line 520]
Event: 12.854 Thread 0x000001eaf8dfd760 Exception <a 'java/io/FileNotFoundException'{0x00000000d67509a0}> (0x00000000d67509a0) 
thrown [s\src\hotspot\share\prims\jni.cpp, line 520]
Event: 12.855 Thread 0x000001eaf8dfd760 Exception <a 'java/lang/NoSuchMethodError'{0x00000000d675f148}: 'java.lang.Object java.lang.invoke.DirectMethodHandle$Holder.newInvokeSpecial(java.lang.Object, java.lang.Object, java.lang.Object, int)'> (0x00000000d675f148) 
thrown [s\src\hotspot\share\interpreter\linkResolver.cpp, line 773]
Event: 12.856 Thread 0x000001eaf8dfd760 Exception <a 'java/lang/NoSuchMethodError'{0x00000000d6762fb8}: 'java.lang.Object java.lang.invoke.DirectMethodHandle$Holder.invokeSpecial(java.lang.Object, java.lang.Object, java.lang.Object, java.lang.Object, int)'> (0x00000000d6762fb8) 
thrown [s\src\hotspot\share\interpreter\linkResolver.cpp, line 773]
Event: 12.856 Thread 0x000001eaf8dfd760 Exception <a 'java/lang/NoSuchMethodError'{0x00000000d6766750}: 'java.lang.Object java.lang.invoke.Invokers$Holder.linkToTargetMethod(java.lang.Object, java.lang.Object, int, java.lang.Object)'> (0x00000000d6766750) 
thrown [s\src\hotspot\share\interpreter\linkResolver.cpp, line 773]

ZGC Phase Switch (0 events):
No events

VM Operations (20 events):
Event: 10.171 Executing safepoint VM operation: ParallelGCFailedAllocation (Allocation Failure) done
Event: 10.391 Executing non-safepoint VM operation: HandshakeAllThreads (Deoptimize)
Event: 10.391 Executing non-safepoint VM operation: HandshakeAllThreads (Deoptimize) done
Event: 10.422 Executing non-safepoint VM operation: HandshakeAllThreads (Deoptimize)
Event: 10.422 Executing non-safepoint VM operation: HandshakeAllThreads (Deoptimize) done
Event: 10.632 Executing safepoint VM operation: ParallelGCFailedAllocation (Allocation Failure)
Event: 10.636 Executing safepoint VM operation: ParallelGCFailedAllocation (Allocation Failure) done
Event: 10.729 Executing non-safepoint VM operation: HandshakeAllThreads (Deoptimize)
Event: 10.729 Executing non-safepoint VM operation: HandshakeAllThreads (Deoptimize) done
Event: 11.104 Executing non-safepoint VM operation: HandshakeAllThreads (Deoptimize)
Event: 11.104 Executing non-safepoint VM operation: HandshakeAllThreads (Deoptimize) done
Event: 12.106 Executing safepoint VM operation: Cleanup
Event: 12.107 Executing safepoint VM operation: Cleanup done
Event: 12.415 Executing safepoint VM operation: ParallelGCFailedAllocation (Allocation Failure)
Event: 12.418 Executing safepoint VM operation: ParallelGCFailedAllocation (Allocation Failure) done
Event: 12.708 Executing safepoint VM operation: ICBufferFull
Event: 12.708 Executing safepoint VM operation: ICBufferFull done
Event: 12.868 Executing non-safepoint VM operation: HandshakeAllThreads (Deoptimize)
Event: 12.868 Executing non-safepoint VM operation: HandshakeAllThreads (Deoptimize) done
Event: 13.877 Executing safepoint VM operation: Cleanup

Memory protections (0 events):
No events

Nmethod flushes (20 events):
Event: 9.871 Thread 0x000001eaeea36130 flushing  nmethod 0x000001ea804f5090
Event: 9.871 Thread 0x000001eaeea36130 flushing  nmethod 0x000001ea80502910
Event: 9.871 Thread 0x000001eaeea36130 flushing  nmethod 0x000001ea80556790
Event: 9.871 Thread 0x000001eaeea36130 flushing  nmethod 0x000001ea805a1d90
Event: 9.871 Thread 0x000001eaeea36130 flushing  nmethod 0x000001ea805dea10
Event: 9.871 Thread 0x000001eaeea36130 flushing  nmethod 0x000001ea805e5d10
Event: 9.871 Thread 0x000001eaeea36130 flushing  nmethod 0x000001ea805ef690
Event: 9.871 Thread 0x000001eaeea36130 flushing  nmethod 0x000001ea805f0990
Event: 9.871 Thread 0x000001eaeea36130 flushing  nmethod 0x000001ea805f1a10
Event: 9.871 Thread 0x000001eaeea36130 flushing  nmethod 0x000001ea805f2310
Event: 9.871 Thread 0x000001eaeea36130 flushing  nmethod 0x000001ea805f3510
Event: 9.871 Thread 0x000001eaeea36130 flushing  nmethod 0x000001ea805f3d10
Event: 9.871 Thread 0x000001eaeea36130 flushing  nmethod 0x000001ea805f6210
Event: 9.871 Thread 0x000001eaeea36130 flushing  nmethod 0x000001ea805f8110
Event: 9.871 Thread 0x000001eaeea36130 flushing  nmethod 0x000001ea805f9690
Event: 9.871 Thread 0x000001eaeea36130 flushing  nmethod 0x000001ea80642c90
Event: 9.871 Thread 0x000001eaeea36130 flushing  nmethod 0x000001ea80655f90
Event: 9.871 Thread 0x000001eaeea36130 flushing  nmethod 0x000001ea8068f810
Event: 9.871 Thread 0x000001eaeea36130 flushing  nmethod 0x000001ea80695e10
Event: 9.871 Thread 0x000001eaeea36130 flushing  nmethod 0x000001ea806e0e90

Events (20 events):
Event: 9.490 Thread 0x000001eaf838d070 Thread added: 0x000001eaf88d0cc0
Event: 9.541 Thread 0x000001eaf8dfddf0 Thread added: 0x000001eaf8dff830
Event: 9.665 Thread 0x000001eaf8dff830 Thread added: 0x000001eaf8dffec0
Event: 9.704 Thread 0x000001eaec7a7190 Thread added: 0x000001eafd401960
Event: 9.705 Thread 0x000001eaec7a7190 Thread added: 0x000001eafd4012d0
Event: 9.708 Thread 0x000001eaec7a7190 Thread added: 0x000001eafd4005b0
Event: 9.708 Thread 0x000001eaec7a7190 Thread added: 0x000001eafd3fe4e0
Event: 9.709 Thread 0x000001eaec7a7190 Thread added: 0x000001eafd401ff0
Event: 9.709 Thread 0x000001eaec7a7190 Thread added: 0x000001eafd3feb70
Event: 9.709 Thread 0x000001eaec7a7190 Thread added: 0x000001eafd402680
Event: 9.709 Thread 0x000001eaec7a7190 Thread added: 0x000001eafd3ff890
Event: 9.709 Thread 0x000001eaec7a7190 Thread added: 0x000001eafd3fff20
Event: 9.710 Thread 0x000001eaec7a7190 Thread added: 0x000001eafd3ff200
Event: 9.710 Thread 0x000001eaec7a7190 Thread added: 0x000001eafd402d10
Event: 9.710 Thread 0x000001eaec7a7190 Thread added: 0x000001eafd400c40
Event: 9.710 Thread 0x000001eaec7a7190 Thread added: 0x000001eafd4033a0
Event: 9.743 Thread 0x000001eaec7a7190 Thread added: 0x000001eafd403a30
Event: 10.118 Thread 0x000001eaec7a7190 Thread added: 0x000001eafd4040c0
Event: 10.119 Thread 0x000001eaec7a7190 Thread added: 0x000001eafd405470
Event: 12.236 Thread 0x000001eaf838d070 Thread added: 0x000001eaf88d2ed0


Dynamic libraries:
0x00007ff7a0090000 - 0x00007ff7a009e000 	c:\Users\Admin\.vscode\extensions\redhat.java-1.55.0-win32-x64\jre\21.0.11-win32-x86_64\bin\java.exe
0x00007ff92ebf0000 - 0x00007ff92ee45000 	C:\Windows\SYSTEM32\ntdll.dll
0x00007ff92e510000 - 0x00007ff92e5d7000 	C:\Windows\System32\KERNEL32.DLL
0x00007ff92c040000 - 0x00007ff92c3e0000 	C:\Windows\System32\KERNELBASE.dll
0x00007ff92c4a0000 - 0x00007ff92c5ea000 	C:\Windows\System32\ucrtbase.dll
0x00007ff914d50000 - 0x00007ff914d68000 	c:\Users\Admin\.vscode\extensions\redhat.java-1.55.0-win32-x64\jre\21.0.11-win32-x86_64\bin\jli.dll
0x00007ff9138a0000 - 0x00007ff9138be000 	c:\Users\Admin\.vscode\extensions\redhat.java-1.55.0-win32-x64\jre\21.0.11-win32-x86_64\bin\VCRUNTIME140.dll
0x00007ff92ce60000 - 0x00007ff92d01f000 	C:\Windows\System32\USER32.dll
0x00007ff91c6d0000 - 0x00007ff91c960000 	C:\Windows\WinSxS\amd64_microsoft.windows.common-controls_6595b64144ccf1df_6.0.26100.1_none_fc2d3fda0fd46076\COMCTL32.dll
0x00007ff92c5f0000 - 0x00007ff92c617000 	C:\Windows\System32\win32u.dll
0x00007ff92e5e0000 - 0x00007ff92e689000 	C:\Windows\System32\msvcrt.dll
0x00007ff92e720000 - 0x00007ff92e74a000 	C:\Windows\System32\GDI32.dll
0x00007ff92c620000 - 0x00007ff92c741000 	C:\Windows\System32\gdi32full.dll
0x00007ff92c3f0000 - 0x00007ff92c493000 	C:\Windows\System32\msvcp_win.dll
0x00007ff92dda0000 - 0x00007ff92ddcf000 	C:\Windows\System32\IMM32.DLL
0x00007ff929310000 - 0x00007ff92931c000 	c:\Users\Admin\.vscode\extensions\redhat.java-1.55.0-win32-x64\jre\21.0.11-win32-x86_64\bin\vcruntime140_1.dll
0x00007ff905410000 - 0x00007ff90549d000 	c:\Users\Admin\.vscode\extensions\redhat.java-1.55.0-win32-x64\jre\21.0.11-win32-x86_64\bin\msvcp140.dll
0x00007ff8db690000 - 0x00007ff8dc432000 	c:\Users\Admin\.vscode\extensions\redhat.java-1.55.0-win32-x64\jre\21.0.11-win32-x86_64\bin\server\jvm.dll
0x00007ff92dce0000 - 0x00007ff92dd92000 	C:\Windows\System32\ADVAPI32.dll
0x00007ff92d7b0000 - 0x00007ff92d856000 	C:\Windows\System32\sechost.dll
0x00007ff92e170000 - 0x00007ff92e289000 	C:\Windows\System32\RPCRT4.dll
0x00007ff92df50000 - 0x00007ff92dfc4000 	C:\Windows\System32\WS2_32.dll
0x00007ff92bee0000 - 0x00007ff92bf2e000 	C:\Windows\SYSTEM32\POWRPROF.dll
0x00007ff9228c0000 - 0x00007ff9228f6000 	C:\Windows\SYSTEM32\WINMM.dll
0x00007ff924950000 - 0x00007ff92495b000 	C:\Windows\SYSTEM32\VERSION.dll
0x00007ff92bec0000 - 0x00007ff92bed4000 	C:\Windows\SYSTEM32\UMPDC.dll
0x00007ff92af20000 - 0x00007ff92af3a000 	C:\Windows\SYSTEM32\kernel.appcore.dll
0x00007ff9270a0000 - 0x00007ff9270aa000 	c:\Users\Admin\.vscode\extensions\redhat.java-1.55.0-win32-x64\jre\21.0.11-win32-x86_64\bin\jimage.dll
0x00007ff923c00000 - 0x00007ff923e41000 	C:\Windows\SYSTEM32\DBGHELP.DLL
0x00007ff92cab0000 - 0x00007ff92ce25000 	C:\Windows\System32\combase.dll
0x00007ff92e380000 - 0x00007ff92e456000 	C:\Windows\System32\OLEAUT32.dll
0x00007ff901670000 - 0x00007ff9016a9000 	C:\Windows\SYSTEM32\dbgcore.DLL
0x00007ff92c950000 - 0x00007ff92c9e9000 	C:\Windows\System32\bcryptPrimitives.dll
0x00007ff923f70000 - 0x00007ff923f7f000 	c:\Users\Admin\.vscode\extensions\redhat.java-1.55.0-win32-x64\jre\21.0.11-win32-x86_64\bin\instrument.dll
0x00007ff913700000 - 0x00007ff913720000 	c:\Users\Admin\.vscode\extensions\redhat.java-1.55.0-win32-x64\jre\21.0.11-win32-x86_64\bin\java.dll
0x00007ff92d0b0000 - 0x00007ff92d796000 	C:\Windows\System32\SHELL32.dll
0x00007ff929ec0000 - 0x00007ff92a6eb000 	C:\Windows\SYSTEM32\windows.storage.dll
0x00007ff92dde0000 - 0x00007ff92deb3000 	C:\Windows\System32\SHCORE.dll
0x00007ff92eb40000 - 0x00007ff92eb9d000 	C:\Windows\System32\shlwapi.dll
0x00007ff92bf60000 - 0x00007ff92bf84000 	C:\Windows\SYSTEM32\profapi.dll
0x00007ff912110000 - 0x00007ff912128000 	c:\Users\Admin\.vscode\extensions\redhat.java-1.55.0-win32-x64\jre\21.0.11-win32-x86_64\bin\zip.dll
0x00007ff91f300000 - 0x00007ff91f310000 	C:\Users\Admin\.vscode\extensions\redhat.java-1.55.0-win32-x64\jre\21.0.11-win32-x86_64\bin\net.dll
0x00007ff925b10000 - 0x00007ff925c2d000 	C:\Windows\SYSTEM32\WINHTTP.dll
0x00007ff92b450000 - 0x00007ff92b4b8000 	C:\Windows\system32\mswsock.dll
0x00007ff9117a0000 - 0x00007ff9117b6000 	C:\Users\Admin\.vscode\extensions\redhat.java-1.55.0-win32-x64\jre\21.0.11-win32-x86_64\bin\nio.dll
0x00007ff91d020000 - 0x00007ff91d030000 	c:\Users\Admin\.vscode\extensions\redhat.java-1.55.0-win32-x64\jre\21.0.11-win32-x86_64\bin\verify.dll
0x00007ff9038f0000 - 0x00007ff903935000 	C:\Users\Admin\AppData\Roaming\Code\User\globalStorage\redhat.java\1.55.0\config_win\org.eclipse.equinox.launcher\org.eclipse.equinox.launcher.win32.win32.x86_64_1.3.100.v20260613-0559\eclipse_11924.dll
0x00007ff92dfd0000 - 0x00007ff92e165000 	C:\Windows\System32\ole32.dll
0x00007ff92b6d0000 - 0x00007ff92b6ec000 	C:\Windows\SYSTEM32\CRYPTSP.dll
0x00007ff92ae80000 - 0x00007ff92aeb8000 	C:\Windows\system32\rsaenh.dll
0x00007ff92b4f0000 - 0x00007ff92b51b000 	C:\Windows\SYSTEM32\USERENV.dll
0x00007ff92b910000 - 0x00007ff92b936000 	C:\Windows\SYSTEM32\bcrypt.dll
0x00007ff92b6f0000 - 0x00007ff92b6fc000 	C:\Windows\SYSTEM32\CRYPTBASE.dll
0x00007ff92a980000 - 0x00007ff92a9b0000 	C:\Windows\SYSTEM32\IPHLPAPI.DLL
0x00007ff92e710000 - 0x00007ff92e71a000 	C:\Windows\System32\NSI.dll
0x00007ff904030000 - 0x00007ff904079000 	C:\Users\Admin\AppData\Local\Temp\jna-63116079\jna13566319759128744856.dll
0x00007ff92eba0000 - 0x00007ff92eba8000 	C:\Windows\System32\PSAPI.DLL
0x00007ff925db0000 - 0x00007ff925dcc000 	C:\Windows\SYSTEM32\dhcpcsvc6.DLL
0x00007ff925d40000 - 0x00007ff925d62000 	C:\Windows\SYSTEM32\dhcpcsvc.DLL

JVMTI agents:
c:\Users\Admin\.vscode\extensions\redhat.java-1.55.0-win32-x64\lombok\lombok-1.18.39-4050.jar path:c:\Users\Admin\.vscode\extensions\redhat.java-1.55.0-win32-x64\jre\21.0.11-win32-x86_64\bin\instrument.dll, loaded, initialized, instrumentlib options:none

dbghelp: loaded successfully - version: 4.0.5 - missing functions: none
symbol engine: initialized successfully - sym options: 0x614 - pdb path: .;c:\Users\Admin\.vscode\extensions\redhat.java-1.55.0-win32-x64\jre\21.0.11-win32-x86_64\bin;C:\Windows\SYSTEM32;C:\Windows\WinSxS\amd64_microsoft.windows.common-controls_6595b64144ccf1df_6.0.26100.1_none_fc2d3fda0fd46076;c:\Users\Admin\.vscode\extensions\redhat.java-1.55.0-win32-x64\jre\21.0.11-win32-x86_64\bin\server;C:\Users\Admin\AppData\Roaming\Code\User\globalStorage\redhat.java\1.55.0\config_win\org.eclipse.equinox.launcher\org.eclipse.equinox.launcher.win32.win32.x86_64_1.3.100.v20260613-0559;C:\Users\Admin\AppData\Local\Temp\jna-63116079

VM Arguments:
jvm_args: --add-modules=ALL-SYSTEM --add-opens=java.base/java.util=ALL-UNNAMED --add-opens=java.base/java.lang=ALL-UNNAMED --add-opens=java.base/sun.nio.fs=ALL-UNNAMED -Declipse.application=org.eclipse.jdt.ls.core.id1 -Dosgi.bundles.defaultStartLevel=4 -Declipse.product=org.eclipse.jdt.ls.core.product -Djava.import.generatesMetadataFilesAtProjectRoot=false -DDetectVMInstallationsJob.disabled=true -Dfile.encoding=utf8 -XX:+UseParallelGC -XX:GCTimeRatio=4 -XX:AdaptiveSizePolicyWeight=90 -Dsun.zip.disableMemoryMapping=true -Xmx2G -Xms100m -Xlog:disable -javaagent:c:\Users\Admin\.vscode\extensions\redhat.java-1.55.0-win32-x64\lombok\lombok-1.18.39-4050.jar -XX:+HeapDumpOnOutOfMemoryError -XX:HeapDumpPath=c:\Users\Admin\AppData\Roaming\Code\User\workspaceStorage\801ed1664cc344b479297c66898efbba\redhat.java -Daether.dependencyCollector.impl=bf 
java_command: c:\Users\Admin\.vscode\extensions\redhat.java-1.55.0-win32-x64\server\plugins\org.eclipse.equinox.launcher_1.7.200.v20260619-2039.jar -configuration c:\Users\Admin\AppData\Roaming\Code\User\globalStorage\redhat.java\1.55.0\config_win -data c:\Users\Admin\AppData\Roaming\Code\User\workspaceStorage\801ed1664cc344b479297c66898efbba\redhat.java\jdt_ws --pipe=\\.\pipe\lsp-408e466076437428f9b73fa9b88df9ac-sock
java_class_path (initial): c:\Users\Admin\.vscode\extensions\redhat.java-1.55.0-win32-x64\server\plugins\org.eclipse.equinox.launcher_1.7.200.v20260619-2039.jar
Launcher Type: SUN_STANDARD

[Global flags]
    uintx AdaptiveSizePolicyWeight                 = 90                                        {product} {command line}
     intx CICompilerCount                          = 4                                         {product} {ergonomic}
    uintx GCTimeRatio                              = 4                                         {product} {command line}
     bool HeapDumpOnOutOfMemoryError               = true                                   {manageable} {command line}
    ccstr HeapDumpPath                             = c:\Users\Admin\AppData\Roaming\Code\User\workspaceStorage\801ed1664cc344b479297c66898efbba\redhat.java         {manageable} {command line}
   size_t InitialHeapSize                          = 104857600                                 {product} {command line}
   size_t MaxHeapSize                              = 2147483648                                {product} {command line}
   size_t MaxNewSize                               = 715653120                                 {product} {ergonomic}
   size_t MinHeapDeltaBytes                        = 524288                                    {product} {ergonomic}
   size_t MinHeapSize                              = 104857600                                 {product} {command line}
   size_t NewSize                                  = 34603008                                  {product} {ergonomic}
    uintx NonNMethodCodeHeapSize                   = 5839372                                {pd product} {ergonomic}
    uintx NonProfiledCodeHeapSize                  = 122909434                              {pd product} {ergonomic}
   size_t OldSize                                  = 70254592                                  {product} {ergonomic}
    uintx ProfiledCodeHeapSize                     = 122909434                              {pd product} {ergonomic}
    uintx ReservedCodeCacheSize                    = 251658240                              {pd product} {ergonomic}
     bool SegmentedCodeCache                       = true                                      {product} {ergonomic}
   size_t SoftMaxHeapSize                          = 2147483648                             {manageable} {ergonomic}
     bool UseCompressedOops                        = true                           {product lp64_product} {ergonomic}
     bool UseLargePagesIndividualAllocation        = false                                  {pd product} {ergonomic}
     bool UseParallelGC                            = true                                      {product} {command line}

Logging:
Log output configuration:
 #0: stdout all=off uptime,level,tags foldmultilines=false
 #1: stderr all=off uptime,level,tags foldmultilines=false

Release file:
JAVA_VERSION="21.0.11" 
MODULES="java.base java.compiler java.datatransfer java.xml java.prefs java.desktop java.instrument java.logging java.management java.security.sasl java.naming java.rmi java.management.rmi java.net.http java.scripting java.security.jgss java.transaction.xa java.sql java.sql.rowset java.xml.crypto java.se java.smartcardio jdk.accessibility jdk.internal.jvmstat jdk.attach jdk.charsets jdk.internal.opt jdk.zipfs jdk.compiler jdk.crypto.ec jdk.crypto.cryptoki jdk.crypto.mscapi jdk.dynalink jdk.internal.ed jdk.editpad jdk.hotspot.agent jdk.httpserver jdk.internal.le jdk.internal.vm.ci jdk.internal.vm.compiler jdk.internal.vm.compiler.management jdk.jartool jdk.javadoc jdk.jcmd jdk.management jdk.management.agent jdk.jconsole jdk.jdeps jdk.jdwp.agent jdk.jdi jdk.jfr jdk.jshell jdk.jsobject jdk.jstatd jdk.localedata jdk.management.jfr jdk.naming.dns jdk.naming.rmi jdk.net jdk.nio.mapmode jdk.random jdk.sctp jdk.security.auth jdk.security.jgss jdk.unsupported jdk.unsupported.desktop jdk.xml.dom" 

Environment Variables:
JAVA_HOME=C:\Program Files\Java\jdk-17
PATH=C:\Program Files\Python314\Scripts\;C:\Program Files\Python314\;C:\Windows\system32;C:\Windows;C:\Windows\System32\Wbem;C:\Windows\System32\WindowsPowerShell\v1.0\;C:\Windows\System32\OpenSSH\;C:\Program Files\Git\cmd;C:\Program Files\dotnet\;%ANDROID_HOME%\platform-tools;%ANDROID_HOME%\cmdline-tools\latest\bin;%ANDROID_HOME%\emulator;%JAVA_HOME%\bin;C:\Program Files\nodejs\;C:\Users\Admin\AppData\Local\Microsoft\WindowsApps;C:\flutter\bin;C:\Users\Admin\.dotnet\tools;C:\Users\Admin\AppData\Local\Android\Sdk\platform-tools;C:\Users\Admin\AppData\Local\Programs\Microsoft VS Code\bin;C:\Users\Admin\AppData\Roaming\npm
USERNAME=Admin
OS=Windows_NT
PROCESSOR_IDENTIFIER=AMD64 Family 23 Model 96 Stepping 1, AuthenticAMD
TMP=C:\Users\Admin\AppData\Local\Temp
TEMP=C:\Users\Admin\AppData\Local\Temp




Periodic native trim disabled

---------------  S Y S T E M  ---------------

OS:
 Windows 11 , 64 bit Build 26100 (10.0.26100.1)
OS uptime: 0 days 0:58 hours

CPU: total 12 (initial active 12) (12 cores per cpu, 2 threads per core) family 23 model 96 stepping 1 microcode 0x8600106, cx8, cmov, fxsr, ht, mmx, 3dnowpref, sse, sse2, sse3, ssse3, sse4a, sse4.1, sse4.2, popcnt, lzcnt, tsc, tscinvbit, avx, avx2, aes, clmul, bmi1, bmi2, adx, sha, fma, vzeroupper, clflush, clflushopt, rdtscp, rdpid, f16c
Processor Information for the first 12 processors :
  Max Mhz: 3001, Current Mhz: 2011, Mhz Limit: 3001

Memory: 4k page, system-wide physical 7598M (589M free)
TotalPageFile size 13742M (AvailPageFile size 6M)
current process WorkingSet (physical memory assigned to process): 223M, peak: 223M
current process commit charge ("private bytes"): 352M, peak: 352M

vm_info: OpenJDK 64-Bit Server VM (21.0.11+10-LTS) for windows-amd64 JRE (21.0.11+10-LTS), built on 2026-04-21T00:00:00Z by "admin" with MS VC++ 17.12 (VS2022)

END.
