#
# There is insufficient memory for the Java Runtime Environment to continue.
# Native memory allocation (mmap) failed to map 65536 bytes. Error detail: Failed to commit metaspace.
# Possible reasons:
#   The system is out of physical RAM or swap space
#   This process is running with CompressedOops enabled, and the Java Heap may be blocking the growth of the native heap
# Possible solutions:
#   Reduce memory load on the system
#   Increase physical memory or swap space
#   Check if swap backing store is full
#   Decrease Java heap size (-Xmx/-Xms)
#   Decrease number of Java threads
#   Decrease Java thread stack sizes (-Xss)
#   Set larger code cache with -XX:ReservedCodeCacheSize=
#   JVM is running with Unscaled Compressed Oops mode in which the Java heap is
#     placed in the first 4GB address space. The Java Heap base address is the
#     maximum limit for the native heap growth. Please use -XX:HeapBaseMinAddress
#     to set the Java Heap base and to place the Java Heap above 4GB virtual address.
# This output file may be truncated or incomplete.
#
#  Out of Memory Error (virtualSpaceNode.cpp:113), pid=27372, tid=20492
#
# JRE version: OpenJDK Runtime Environment Temurin-21.0.11+10 (21.0.11+10) (build 21.0.11+10-LTS)
# Java VM: OpenJDK 64-Bit Server VM Temurin-21.0.11+10 (21.0.11+10-LTS, mixed mode, sharing, tiered, compressed oops, compressed class ptrs, parallel gc, windows-amd64)
# No core dump will be written. Minidumps are not enabled by default on client versions of Windows
#

---------------  S U M M A R Y ------------

Command Line: --add-modules=ALL-SYSTEM --add-opens=java.base/java.util=ALL-UNNAMED --add-opens=java.base/java.lang=ALL-UNNAMED --add-opens=java.base/sun.nio.fs=ALL-UNNAMED -Declipse.application=org.eclipse.jdt.ls.core.id1 -Dosgi.bundles.defaultStartLevel=4 -Declipse.product=org.eclipse.jdt.ls.core.product -Djava.import.generatesMetadataFilesAtProjectRoot=false -DDetectVMInstallationsJob.disabled=true -Dfile.encoding=utf8 -XX:+UseParallelGC -XX:GCTimeRatio=4 -XX:AdaptiveSizePolicyWeight=90 -Dsun.zip.disableMemoryMapping=true -Xmx2G -Xms100m -Xlog:disable -javaagent:c:\Users\Admin\.vscode\extensions\redhat.java-1.55.0-win32-x64\lombok\lombok-1.18.39-4050.jar -XX:+HeapDumpOnOutOfMemoryError -XX:HeapDumpPath=c:\Users\Admin\AppData\Roaming\Code\User\workspaceStorage\801ed1664cc344b479297c66898efbba\redhat.java -Daether.dependencyCollector.impl=bf c:\Users\Admin\.vscode\extensions\redhat.java-1.55.0-win32-x64\server\plugins\org.eclipse.equinox.launcher_1.7.200.v20260619-2039.jar -configuration c:\Users\Admin\AppData\Roaming\Code\User\globalStorage\redhat.java\1.55.0\config_win -data c:\Users\Admin\AppData\Roaming\Code\User\workspaceStorage\801ed1664cc344b479297c66898efbba\redhat.java\jdt_ws --pipe=\\.\pipe\lsp-ad63a8339dfaf44d71a214eac0ddfbac-sock

Host: AMD Ryzen 5 4600H with Radeon Graphics         , 12 cores, 7G,  Windows 11 , 64 bit Build 26100 (10.0.26100.1)
Time: Tue Jul  7 14:52:26 2026 Malay Peninsula Standard Time elapsed time: 9.731812 seconds (0d 0h 0m 9s)

---------------  T H R E A D  ---------------

Current thread (0x0000020709954ea0):  JavaThread "Start Level: Equinox Container: a1704959-a421-477b-9344-bf0fd76ef58a" daemon [_thread_in_vm, id=20492, stack(0x0000003f49000000,0x0000003f49100000) (1024K)]

Stack: [0x0000003f49000000,0x0000003f49100000]
Native frames: (J=compiled Java code, j=interpreted, Vv=VM code, C=native code)
V  [jvm.dll+0x6d7e19]
V  [jvm.dll+0x8b5096]
V  [jvm.dll+0x8b764e]
V  [jvm.dll+0x8b7d33]
V  [jvm.dll+0x284596]
V  [jvm.dll+0x8b0dde]
V  [jvm.dll+0x6795e4]
V  [jvm.dll+0x67964a]
V  [jvm.dll+0x67be46]
V  [jvm.dll+0x67bd12]
V  [jvm.dll+0x679fbe]
V  [jvm.dll+0x68b0bd]
V  [jvm.dll+0x68443e]
V  [jvm.dll+0x3dd7c1]
C  0x00000206b599b91b

The last pc belongs to method entry point (kind = zerolocals) (printed below).
Java frames: (J=compiled Java code, j=interpreted, Vv=VM code)
j  java.util.Locale$Category.<clinit>()V+0 java.base@21.0.11
v  ~StubRoutines::call_stub 0x00000206b599100d
j  java.util.Formatter.<init>()V+1 java.base@21.0.11
j  java.lang.String.format(Ljava/lang/String;[Ljava/lang/Object;)Ljava/lang/String;+4 java.base@21.0.11
j  java.util.logging.SimpleFormatter.format(Ljava/util/logging/LogRecord;)Ljava/lang/String;+157 java.logging@21.0.11
j  java.util.logging.StreamHandler.publish0(Ljava/util/logging/LogRecord;)V+14 java.logging@21.0.11
j  java.util.logging.StreamHandler.publish(Ljava/util/logging/LogRecord;)V+9 java.logging@21.0.11
j  java.util.logging.ConsoleHandler.publish(Ljava/util/logging/LogRecord;)V+2 java.logging@21.0.11
j  java.util.logging.Logger.log(Ljava/util/logging/LogRecord;)V+90 java.logging@21.0.11
j  java.util.logging.Logger.doLog(Ljava/util/logging/LogRecord;)V+46 java.logging@21.0.11
j  java.util.logging.Logger.log(Ljava/util/logging/Level;Ljava/lang/String;Ljava/lang/Throwable;)V+29 java.logging@21.0.11
j  org.apache.aries.spifly.BaseActivator.log(Ljava/util/logging/Level;Ljava/lang/String;Ljava/lang/Throwable;)V+16
j  org.apache.aries.spifly.BaseActivator.log(Ljava/util/logging/Level;Ljava/lang/String;)V+4
j  org.apache.aries.spifly.ProviderBundleTrackerCustomizer.log(Ljava/util/logging/Level;Ljava/lang/String;)V+6
j  org.apache.aries.spifly.ProviderBundleTrackerCustomizer.addingBundle(Lorg/osgi/framework/Bundle;Lorg/osgi/framework/BundleEvent;)Ljava/util/List;+829
j  org.apache.aries.spifly.ProviderBundleTrackerCustomizer.addingBundle(Lorg/osgi/framework/Bundle;Lorg/osgi/framework/BundleEvent;)Ljava/lang/Object;+3
j  org.osgi.util.tracker.BundleTracker$Tracked.customizerAdding(Lorg/osgi/framework/Bundle;Lorg/osgi/framework/BundleEvent;)Ljava/lang/Object;+9
j  org.osgi.util.tracker.BundleTracker$Tracked.customizerAdding(Ljava/lang/Object;Ljava/lang/Object;)Ljava/lang/Object;+9
j  org.osgi.util.tracker.AbstractTracked.trackAdding(Ljava/lang/Object;Ljava/lang/Object;)V+8
j  org.osgi.util.tracker.AbstractTracked.trackInitial()V+90
j  org.osgi.util.tracker.BundleTracker.open()V+130
j  org.apache.aries.spifly.BaseActivator.start(Lorg/osgi/framework/BundleContext;Ljava/lang/String;)V+105
j  org.apache.aries.spifly.dynamic.DynamicWeavingActivator.start(Lorg/osgi/framework/BundleContext;)V+31
j  org.eclipse.osgi.internal.framework.BundleContextImpl$2.run()Ljava/lang/Void;+23
j  org.eclipse.osgi.internal.framework.BundleContextImpl$2.run()Ljava/lang/Object;+1
J 1152 c1 java.security.AccessController.executePrivileged(Ljava/security/PrivilegedExceptionAction;Ljava/security/AccessControlContext;Ljava/lang/Class;)Ljava/lang/Object; java.base@21.0.11 (65 bytes) @ 0x00000206ae634cc4 [0x00000206ae634b60+0x0000000000000164]
j  java.security.AccessController.doPrivileged(Ljava/security/PrivilegedExceptionAction;)Ljava/lang/Object;+9 java.base@21.0.11
j  org.eclipse.osgi.internal.framework.BundleContextImpl.startActivator(Lorg/osgi/framework/BundleActivator;)V+9
j  org.eclipse.osgi.internal.framework.BundleContextImpl.start()V+141
j  org.eclipse.osgi.internal.framework.EquinoxBundle.startWorker0()V+35
j  org.eclipse.osgi.internal.framework.EquinoxBundle$EquinoxModule.startWorker()V+4
j  org.eclipse.osgi.container.Module.doStart([Lorg/eclipse/osgi/container/Module$StartOptions;)Lorg/eclipse/osgi/container/ModuleContainerAdaptor$ModuleEvent;+200
j  org.eclipse.osgi.container.Module.start([Lorg/eclipse/osgi/container/Module$StartOptions;)V+460
j  org.eclipse.osgi.container.ModuleContainer$ContainerStartLevel$2.run()V+83
j  org.eclipse.osgi.internal.framework.EquinoxContainerAdaptor$1$1.execute(Ljava/lang/Runnable;)V+1
j  org.eclipse.osgi.container.ModuleContainer$ContainerStartLevel.incStartLevel(ILjava/util/List;Z)V+193
j  org.eclipse.osgi.container.ModuleContainer$ContainerStartLevel.incStartLevel(ILjava/util/List;Ljava/util/List;Ljava/util/List;Ljava/util/List;)V+19
j  org.eclipse.osgi.container.ModuleContainer$ContainerStartLevel.doContainerStartLevel(Lorg/eclipse/osgi/container/Module;I[Lorg/osgi/framework/FrameworkListener;)V+358
j  org.eclipse.osgi.container.ModuleContainer$ContainerStartLevel.dispatchEvent(Lorg/eclipse/osgi/container/Module;[Lorg/osgi/framework/FrameworkListener;ILjava/lang/Integer;)V+32
j  org.eclipse.osgi.container.ModuleContainer$ContainerStartLevel.dispatchEvent(Ljava/lang/Object;Ljava/lang/Object;ILjava/lang/Object;)V+15
j  org.eclipse.osgi.framework.eventmgr.EventManager.dispatchEvent(Ljava/util/Set;Lorg/eclipse/osgi/framework/eventmgr/EventDispatcher;ILjava/lang/Object;)V+48
j  org.eclipse.osgi.framework.eventmgr.EventManager$EventThread.run()V+26
v  ~StubRoutines::call_stub 0x00000206b599100d
method entry point (kind = zerolocals)  [0x00000206b599b740, 0x00000206b599bb08]  968 bytes
[MachCode]
  0x00000206b599b740: 488b 5308 | 0fb7 4a2e | 0fb7 522c | 2bd1 81fa | f501 0000 | 0f86 2500 | 0000 488b | c248 c1e0 
  0x00000206b599b760: 0348 83c0 | 5849 0387 | d004 0000 | 483b e00f | 870a 0000 | 0058 498b | e550 e901 | afff ff58 
  0x00000206b599b780: 4c8d 74cc | f885 d20f | 8e09 0000 | 0068 0000 | 0000 ffca | 7ff7 5055 | 488b ec41 | 5568 0000 
  0x00000206b599b7a0: 0000 4c8b | 6b08 4d8d | 6d38 5348 | 8b53 0848 | 8b52 0848 | 8b52 1848 | 8b52 7048 | 8b12 5248 
  0x00000206b599b7c0: 8b53 1048 | 85d2 0f84 | 0700 0000 | 4881 c208 | 0100 0052 | 488b 5308 | 488b 5208 | 488b 5210 
  0x00000206b599b7e0: 5249 8bc6 | 482b c548 | c1e8 0350 | 4155 6800 | 0000 0048 | 8924 2441 | c687 7904 | 0000 0148 
  0x00000206b599b800: 8b45 d848 | 85c0 0f84 | 9100 0000 | 8b48 fc85 | c90f 8886 | 0000 0048 | 03c1 488b | 4808 4883 
  0x00000206b599b820: e902 488b | 54c8 1048 | f7da 498b | 14d6 4885 | d275 10f6 | 44c8 1801 | 755d f048 | 834c c818 
  0x00000206b599b840: 01eb 548b | 5208 49ba | 0000 00c2 | 0602 0000 | 4903 d24c | 8bd2 4833 | 54c8 1848 | f7c2 fcff 
  0x00000206b599b860: ffff 7433 | f6c2 0275 | 2e48 837c | c818 0074 | 2148 837c | c818 0174 | 1949 8bd2 | 4833 54c8 
  0x00000206b599b880: 1848 f7c2 | fcff ffff | 740d 4883 | 4cc8 1802 | eb05 4889 | 54c8 1848 | 83e9 0279 | 8548 8b43 
  0x00000206b599b8a0: 1048 85c0 | 7420 8b88 | cc00 0000 | 83c1 0289 | 88cc 0000 | 0023 88e0 | 0000 000f | 8496 0100 
  0x00000206b599b8c0: 00e9 cf00 | 0000 488b | 4318 4885 | c00f 85b0 | 0000 00e8 | 0500 0000 | e999 0000 | 0048 8bd3 
  0x00000206b599b8e0: 488d 4424 | 084c 896d | c049 8bcf | c5f8 7749 | 89af b003 | 0000 4989 | 87a0 0300 | 0048 83ec 
  0x00000206b599b900: 2040 f6c4 | 0f0f 8419 | 0000 0048 | 83ec 0848 | b8a0 d775 | 9bfb 7f00 | 00ff d048 | 83c4 08e9 
  0x00000206b599b920: 0c00 0000 | 48b8 a0d7 | 759b fb7f | 0000 ffd0 | 4883 c420 | 49c7 87a0 | 0300 0000 | 0000 0049 
  0x00000206b599b940: c787 b003 | 0000 0000 | 0000 49c7 | 87a8 0300 | 0000 0000 | 00c5 f877 | 4983 7f08 | 000f 8405 
  0x00000206b599b960: 0000 00e9 | 9855 ffff | 4c8b 6dc0 | 4c8b 75c8 | 4e8d 74f5 | 00c3 488b | 4318 4885 | c00f 8412 
  0x00000206b599b980: 0000 008b | 4808 83c1 | 0289 4808 | 2348 1c0f | 84c2 0000 | 0049 3ba7 | e804 0000 | 0f87 4800 
  0x00000206b599b9a0: 0000 8984 | 2400 f0ff | ff89 8424 | 00e0 ffff | 8984 2400 | d0ff ff89 | 8424 00c0 | ffff 8984 
  0x00000206b599b9c0: 2400 b0ff | ff89 8424 | 00a0 ffff | 8984 2400 | 90ff ff89 | 8424 0080 | ffff 493b | a7e0 0400 
  0x00000206b599b9e0: 0076 0749 | 89a7 e804 | 0000 41c6 | 8779 0400 | 0000 49ba | c66c 029c | fb7f 0000 | 4180 3a00 
  0x00000206b599ba00: 0f84 3e00 | 0000 488b | 55e8 498b | cf48 83ec | 2040 f6c4 | 0f0f 8419 | 0000 0048 | 83ec 0848 
  0x00000206b599ba20: b820 e5ab | 9bfb 7f00 | 00ff d048 | 83c4 08e9 | 0c00 0000 | 48b8 20e5 | ab9b fb7f | 0000 ffd0 
  0x00000206b599ba40: 4883 c420 | 410f b65d | 0049 ba10 | 3d05 9cfb | 7f00 0041 | ff24 daba | 0000 0000 | e805 0000 
  0x00000206b599ba60: 00e9 9600 | 0000 488d | 4424 084c | 896d c049 | 8bcf c5f8 | 7749 89af | b003 0000 | 4989 87a0 
  0x00000206b599ba80: 0300 0048 | 83ec 2040 | f6c4 0f0f | 8419 0000 | 0048 83ec | 0848 b860 | e275 9bfb | 7f00 00ff 
  0x00000206b599baa0: d048 83c4 | 08e9 0c00 | 0000 48b8 | 60e2 759b | fb7f 0000 | ffd0 4883 | c420 49c7 | 87a0 0300 
  0x00000206b599bac0: 0000 0000 | 0049 c787 | b003 0000 | 0000 0000 | 49c7 87a8 | 0300 0000 | 0000 00c5 | f877 4983 
  0x00000206b599bae0: 7f08 000f | 8405 0000 | 00e9 1254 | ffff 4c8b | 6dc0 4c8b | 75c8 4e8d | 74f5 00c3 | 488b 5de8 
  0x00000206b599bb00: e990 feff | ff66 6690 
[/MachCode]

Compiled method (c1) 9764 1152       3       java.security.AccessController::executePrivileged (65 bytes)
 total in heap  [0x00000206ae634990,0x00000206ae634f80] = 1520
 relocation     [0x00000206ae634af0,0x00000206ae634b58] = 104
 main code      [0x00000206ae634b60,0x00000206ae634e08] = 680
 stub code      [0x00000206ae634e08,0x00000206ae634e60] = 88
 metadata       [0x00000206ae634e60,0x00000206ae634e70] = 16
 scopes data    [0x00000206ae634e70,0x00000206ae634ee8] = 120
 scopes pcs     [0x00000206ae634ee8,0x00000206ae634f68] = 128
 dependencies   [0x00000206ae634f68,0x00000206ae634f70] = 8
 nul chk table  [0x00000206ae634f70,0x00000206ae634f80] = 16

[Constant Pool (empty)]

[MachCode]
[Verified Entry Point]
  # {method} {0x00000206c2470840} 'executePrivileged' '(Ljava/security/PrivilegedExceptionAction;Ljava/security/AccessControlContext;Ljava/lang/Class;)Ljava/lang/Object;' in 'java/security/AccessController'
  # parm0:    rdx:rdx   = 'java/security/PrivilegedExceptionAction'
  # parm1:    r8:r8     = 'java/security/AccessControlContext'
  # parm2:    r9:r9     = 'java/lang/Class'
  #           [sp+0x50]  (sp of caller)
  0x00000206ae634b60: 8984 2400 | 80ff ff55 | 4883 ec40 | 4181 7f20 | 0100 0000 

  0x00000206ae634b74: ;   {runtime_call StubRoutines (final stubs)}
  0x00000206ae634b74: 7405 e865 | 3e39 074c | 8944 2430 

  0x00000206ae634b80: ;   {metadata(method data for {method} {0x00000206c2470840} 'executePrivileged' '(Ljava/security/PrivilegedExceptionAction;Ljava/security/AccessControlContext;Ljava/lang/Class;)Ljava/lang/Object;' in 'java/security/AccessController')}
  0x00000206ae634b80: 48be 90fa | 3105 0702 | 0000 8bbe | cc00 0000 | 83c7 0289 | becc 0000 | 0081 e7fe | 0700 0085 
  0x00000206ae634ba0: ff0f 84bf | 0100 004d 

  0x00000206ae634ba8: ;   {metadata(method data for {method} {0x00000206c2470840} 'executePrivileged' '(Ljava/security/PrivilegedExceptionAction;Ljava/security/AccessControlContext;Ljava/lang/Class;)Ljava/lang/Object;' in 'java/security/AccessController')}
  0x00000206ae634ba8: 85c0 48be | 90fa 3105 | 0702 0000 | 48c7 c710 | 0100 0074 | 0748 c7c7 | 2001 0000 | 488b 1c3e 
  0x00000206ae634bc8: 488d 5b01 | 4889 1c3e | 4c89 4c24 | 2848 8954 | 2420 0f84 | 2400 0000 

  0x00000206ae634be0: ;   {metadata(method data for {method} {0x00000206c2470840} 'executePrivileged' '(Ljava/security/PrivilegedExceptionAction;Ljava/security/AccessControlContext;Ljava/lang/Class;)Ljava/lang/Object;' in 'java/security/AccessController')}
  0x00000206ae634be0: 48be 90fa | 3105 0702 | 0000 4883 | 8630 0100 | 0001 498b 

  0x00000206ae634bf4: ;   {static_call}
  0x00000206ae634bf4: d066 90e8 

  0x00000206ae634bf8: ; ImmutableOopMap {[32]=Oop [40]=Oop [48]=Oop }
                      ;*invokestatic ensureMaterializedForStackWalk {reexecute=0 rethrow=0 return_oop=0}
                      ; - java.security.AccessController::executePrivileged@5
  0x00000206ae634bf8: e4dc 9607 

  0x00000206ae634bfc: ;   {other}
  0x00000206ae634bfc: 0f1f 8400 | 6c02 0000 

  0x00000206ae634c04: ;   {metadata(method data for {method} {0x00000206c2470840} 'executePrivileged' '(Ljava/security/PrivilegedExceptionAction;Ljava/security/AccessControlContext;Ljava/lang/Class;)Ljava/lang/Object;' in 'java/security/AccessController')}
  0x00000206ae634c04: 48ba 90fa | 3105 0702 | 0000 ff82 | 4001 0000 | 488b 5424 | 2048 3b02 

  0x00000206ae634c1c: ;   {metadata(method data for {method} {0x00000206c2470840} 'executePrivileged' '(Ljava/security/PrivilegedExceptionAction;Ljava/security/AccessControlContext;Ljava/lang/Class;)Ljava/lang/Object;' in 'java/security/AccessController')}
  0x00000206ae634c1c: 488b f248 | bf90 fa31 | 0507 0200 | 008b 7608 | 49ba 0000 | 00c2 0602 | 0000 4903 | f248 3bb7 
  0x00000206ae634c3c: b001 0000 | 750d 4883 | 87b8 0100 | 0001 e960 | 0000 0048 | 3bb7 c001 | 0000 750d | 4883 87c8 
  0x00000206ae634c5c: 0100 0001 | e94a 0000 | 0048 83bf | b001 0000 | 0075 1748 | 89b7 b001 | 0000 48c7 | 87b8 0100 
  0x00000206ae634c7c: 0001 0000 | 00e9 2900 | 0000 4883 | bfc0 0100 | 0000 7517 | 4889 b7c0 | 0100 0048 | c787 c801 
  0x00000206ae634c9c: 0000 0100 | 0000 e908 | 0000 0048 | 8387 a001 | 0000 0166 | 0f1f 4400 | 0048 b800 | 017f 0907 
  0x00000206ae634cbc: ;   {virtual_call}
  0x00000206ae634cbc: 0200 00e8 

  0x00000206ae634cc0: ; ImmutableOopMap {[40]=Oop [48]=Oop }
                      ;*invokeinterface run {reexecute=0 rethrow=0 return_oop=0}
                      ; - java.security.AccessController::executePrivileged@29
  0x00000206ae634cc0: 4c69 4607 

  0x00000206ae634cc4: ;   {other}
  0x00000206ae634cc4: 0f1f 8400 | 3403 0001 

  0x00000206ae634ccc: ;   {metadata(method data for {method} {0x00000206c2470840} 'executePrivileged' '(Ljava/security/PrivilegedExceptionAction;Ljava/security/AccessControlContext;Ljava/lang/Class;)Ljava/lang/Object;' in 'java/security/AccessController')}
  0x00000206ae634ccc: 48be 90fa | 3105 0702 | 0000 ff86 | d801 0000 | 4c8b 4c24 

  0x00000206ae634ce0: ;   {metadata(method data for {method} {0x00000206c2470840} 'executePrivileged' '(Ljava/security/PrivilegedExceptionAction;Ljava/security/AccessControlContext;Ljava/lang/Class;)Ljava/lang/Object;' in 'java/security/AccessController')}
  0x00000206ae634ce0: 2848 be90 | fa31 0507 | 0200 0048 | 8386 3802 

  0x00000206ae634cf0: ;   {metadata(method data for {method} {0x00000206c203dbd0} 'reachabilityFence' '(Ljava/lang/Object;)V' in 'java/lang/ref/Reference')}
  0x00000206ae634cf0: 0000 0148 | bec8 e105 | 0507 0200 | 008b becc | 0000 0083 | c702 89be | cc00 0000 | 81e7 feff 
  0x00000206ae634d10: 1f00 85ff | 0f84 7200 

  0x00000206ae634d18: ;   {metadata(method data for {method} {0x00000206c2470840} 'executePrivileged' '(Ljava/security/PrivilegedExceptionAction;Ljava/security/AccessControlContext;Ljava/lang/Class;)Ljava/lang/Object;' in 'java/security/AccessController')}
  0x00000206ae634d18: 0000 48be | 90fa 3105 | 0702 0000 | 4883 8648 | 0200 0001 

  0x00000206ae634d2c: ;   {metadata(method data for {method} {0x00000206c203dbd0} 'reachabilityFence' '(Ljava/lang/Object;)V' in 'java/lang/ref/Reference')}
  0x00000206ae634d2c: 48be c8e1 | 0505 0702 | 0000 8bbe | cc00 0000 | 83c7 0289 | becc 0000 | 0081 e7fe | ff1f 0085 
  0x00000206ae634d4c: ff0f 845a | 0000 0048 | 83c4 405d 

  0x00000206ae634d58: ;   {poll_return}
  0x00000206ae634d58: 493b a750 | 0400 000f | 8766 0000 

  0x00000206ae634d64: ;   {metadata({method} {0x00000206c2470840} 'executePrivileged' '(Ljava/security/PrivilegedExceptionAction;Ljava/security/AccessControlContext;Ljava/lang/Class;)Ljava/lang/Object;' in 'java/security/AccessController')}
  0x00000206ae634d64: 00c3 49ba | 3808 47c2 | 0602 0000 | 4c89 5424 | 0848 c704 | 24ff ffff 

  0x00000206ae634d7c: ;   {runtime_call counter_overflow Runtime1 stub}
  0x00000206ae634d7c: ffe8 7ed5 

  0x00000206ae634d80: ; ImmutableOopMap {rdx=Oop r8=Oop r9=Oop [48]=Oop }
                      ;*synchronization entry
                      ; - java.security.AccessController::executePrivileged@-1
  0x00000206ae634d80: 4507 e920 

  0x00000206ae634d84: ;   {runtime_call throw_null_pointer_exception Runtime1 stub}
  0x00000206ae634d84: feff ffe8 

  0x00000206ae634d88: ; ImmutableOopMap {rdx=Oop [40]=Oop [48]=Oop }
                      ;*invokeinterface run {reexecute=0 rethrow=0 return_oop=0}
                      ; - java.security.AccessController::executePrivileged@29
  0x00000206ae634d88: 7484 4507 

  0x00000206ae634d8c: ;   {metadata({method} {0x00000206c203dbd0} 'reachabilityFence' '(Ljava/lang/Object;)V' in 'java/lang/ref/Reference')}
  0x00000206ae634d8c: 49ba c8db | 03c2 0602 | 0000 4c89 | 5424 0848 | c704 24ff 

  0x00000206ae634da0: ;   {runtime_call counter_overflow Runtime1 stub}
  0x00000206ae634da0: ffff ffe8 

  0x00000206ae634da4: ; ImmutableOopMap {rax=Oop r9=Oop }
                      ;*synchronization entry
                      ; - java.lang.ref.Reference::reachabilityFence@-1
                      ; - java.security.AccessController::executePrivileged@56
  0x00000206ae634da4: 58d5 4507 | e96d ffff 

  0x00000206ae634dac: ;   {metadata({method} {0x00000206c203dbd0} 'reachabilityFence' '(Ljava/lang/Object;)V' in 'java/lang/ref/Reference')}
  0x00000206ae634dac: ff49 bac8 | db03 c206 | 0200 004c | 8954 2408 | 48c7 0424 | ffff ffff 

  0x00000206ae634dc4: ;   {runtime_call counter_overflow Runtime1 stub}
  0x00000206ae634dc4: e837 d545 

  0x00000206ae634dc8: ; ImmutableOopMap {rax=Oop }
                      ;*synchronization entry
                      ; - java.lang.ref.Reference::reachabilityFence@-1
                      ; - java.security.AccessController::executePrivileged@60
                      ;   {internal_word}
  0x00000206ae634dc8: 07eb 8849 | ba58 4d63 | ae06 0200 | 004d 8997 | 6804 0000 

  0x00000206ae634ddc: ;   {runtime_call SafepointBlob}
  0x00000206ae634ddc: e91f fd3a | 0749 8b87 | 0005 0000 | 49c7 8700 | 0500 0000 | 0000 0049 | c787 0805 | 0000 0000 
  0x00000206ae634dfc: 0000 4883 

  0x00000206ae634e00: ;   {runtime_call unwind_exception Runtime1 stub}
  0x00000206ae634e00: c440 5de9 | f874 4507 
[Stub Code]
  0x00000206ae634e08: ;   {no_reloc}
  0x00000206ae634e08: 0f1f 4400 

  0x00000206ae634e0c: ;   {static_stub}
  0x00000206ae634e0c: 0048 bb00 | 0000 0000 

  0x00000206ae634e14: ;   {runtime_call nmethod}
  0x00000206ae634e14: 0000 00e9 | fbff ffff 

  0x00000206ae634e1c: ;   {static_stub}
  0x00000206ae634e1c: 48bb b806 | 47c2 0602 

  0x00000206ae634e24: ;   {runtime_call I2C/C2I adapters}
  0x00000206ae634e24: 0000 e9b8 

  0x00000206ae634e28: ;   {runtime_call handle_exception_from_callee Runtime1 stub}
  0x00000206ae634e28: 8d3a 07e8 | d0a1 4507 

  0x00000206ae634e30: ;   {external_word}
  0x00000206ae634e30: 48b9 4063 | d89b fb7f | 0000 4883 

  0x00000206ae634e3c: ;   {runtime_call}
  0x00000206ae634e3c: e4f0 48b8 | d0c4 9a9b | fb7f 0000 

  0x00000206ae634e48: ;   {section_word}
  0x00000206ae634e48: ffd0 f449 | ba4b 4e63 | ae06 0200 

  0x00000206ae634e54: ;   {runtime_call DeoptimizationBlob}
  0x00000206ae634e54: 0041 52e9 | 44ef 3a07 | f4f4 f4f4 
[/MachCode]


---------------  P R O C E S S  ---------------

Threads class SMR info:
_java_thread_list=0x000002070915f110, length=16, elements={
0x00000206ab25c480, 0x0000020704bb0290, 0x0000020704bb10b0, 0x0000020704bbb3e0,
0x0000020704bbba70, 0x0000020704bbc100, 0x0000020704bbce20, 0x0000020704bc5260,
0x0000020704be6930, 0x0000020704bba030, 0x0000020704bb99a0, 0x00000207093dcdb0,
0x0000020704bbc790, 0x0000020704bba6c0, 0x0000020704bbad50, 0x0000020709954ea0
}

Java Threads: ( => current thread )
  0x00000206ab25c480 JavaThread "main"                              [_thread_blocked, id=26808, stack(0x0000003f47700000,0x0000003f47800000) (1024K)]
  0x0000020704bb0290 JavaThread "Reference Handler"          daemon [_thread_blocked, id=26816, stack(0x0000003f47b00000,0x0000003f47c00000) (1024K)]
  0x0000020704bb10b0 JavaThread "Finalizer"                  daemon [_thread_blocked, id=26820, stack(0x0000003f47c00000,0x0000003f47d00000) (1024K)]
  0x0000020704bbb3e0 JavaThread "Signal Dispatcher"          daemon [_thread_blocked, id=14524, stack(0x0000003f47d00000,0x0000003f47e00000) (1024K)]
  0x0000020704bbba70 JavaThread "Attach Listener"            daemon [_thread_blocked, id=26708, stack(0x0000003f47e00000,0x0000003f47f00000) (1024K)]
  0x0000020704bbc100 JavaThread "Service Thread"             daemon [_thread_blocked, id=12760, stack(0x0000003f47f00000,0x0000003f48000000) (1024K)]
  0x0000020704bbce20 JavaThread "Monitor Deflation Thread"   daemon [_thread_blocked, id=26772, stack(0x0000003f48000000,0x0000003f48100000) (1024K)]
  0x0000020704bc5260 JavaThread "C2 CompilerThread0"         daemon [_thread_blocked, id=21540, stack(0x0000003f48100000,0x0000003f48200000) (1024K)]
  0x0000020704be6930 JavaThread "C1 CompilerThread0"         daemon [_thread_blocked, id=26140, stack(0x0000003f48200000,0x0000003f48300000) (1024K)]
  0x0000020704bba030 JavaThread "Common-Cleaner"             daemon [_thread_blocked, id=26824, stack(0x0000003f48300000,0x0000003f48400000) (1024K)]
  0x0000020704bb99a0 JavaThread "Notification Thread"        daemon [_thread_blocked, id=9040, stack(0x0000003f48500000,0x0000003f48600000) (1024K)]
  0x00000207093dcdb0 JavaThread "C2 CompilerThread1"         daemon [_thread_blocked, id=26996, stack(0x0000003f48400000,0x0000003f48500000) (1024K)]
  0x0000020704bbc790 JavaThread "Active Thread: Equinox Container: a1704959-a421-477b-9344-bf0fd76ef58a"        [_thread_blocked, id=27596, stack(0x0000003f48600000,0x0000003f48700000) (1024K)]
  0x0000020704bba6c0 JavaThread "Refresh Thread: Equinox Container: a1704959-a421-477b-9344-bf0fd76ef58a" daemon [_thread_blocked, id=27604, stack(0x0000003f48e00000,0x0000003f48f00000) (1024K)]
  0x0000020704bbad50 JavaThread "Framework Event Dispatcher: Equinox Container: a1704959-a421-477b-9344-bf0fd76ef58a" daemon [_thread_blocked, id=24764, stack(0x0000003f48f00000,0x0000003f49000000) (1024K)]
=>0x0000020709954ea0 JavaThread "Start Level: Equinox Container: a1704959-a421-477b-9344-bf0fd76ef58a" daemon [_thread_in_vm, id=20492, stack(0x0000003f49000000,0x0000003f49100000) (1024K)]
Total: 16

Other Threads:
  0x00000206ab1f4540 VMThread "VM Thread"                           [id=26152, stack(0x0000003f47a00000,0x0000003f47b00000) (1024K)] _threads_hazard_ptr=0x000002070915f110
  0x00000206ab0eca00 WatcherThread "VM Periodic Task Thread"        [id=26156, stack(0x0000003f47900000,0x0000003f47a00000) (1024K)]
  0x00000206ab27a7f0 WorkerThread "GC Thread#0"                     [id=22812, stack(0x0000003f47800000,0x0000003f47900000) (1024K)]
  0x00000207091928c0 WorkerThread "GC Thread#1"                     [id=26856, stack(0x0000003f48700000,0x0000003f48800000) (1024K)]
  0x000002070918ce20 WorkerThread "GC Thread#2"                     [id=11024, stack(0x0000003f48800000,0x0000003f48900000) (1024K)]
  0x00000207095c40e0 WorkerThread "GC Thread#3"                     [id=14432, stack(0x0000003f48900000,0x0000003f48a00000) (1024K)]
  0x00000207095c4490 WorkerThread "GC Thread#4"                     [id=26392, stack(0x0000003f48a00000,0x0000003f48b00000) (1024K)]
  0x00000207095c4840 WorkerThread "GC Thread#5"                     [id=22372, stack(0x0000003f48b00000,0x0000003f48c00000) (1024K)]
  0x0000020709191e60 WorkerThread "GC Thread#6"                     [id=8140, stack(0x0000003f48c00000,0x0000003f48d00000) (1024K)]
  0x0000020709622b30 WorkerThread "GC Thread#7"                     [id=26688, stack(0x0000003f48d00000,0x0000003f48e00000) (1024K)]
Total: 10

Threads with active compile tasks:
Total: 0

VM state: synchronizing (normal execution)

VM Mutex/Monitor currently owned by a thread:  ([mutex/lock_event])
[0x00007ffb9c03d4f0] Metaspace_lock - owner thread: 0x0000020709954ea0
[0x00007ffb9c03f570] Threads_lock - owner thread: 0x00000206ab1f4540

Heap address: 0x0000000080000000, size: 2048 MB, Compressed Oops mode: 32-bit

CDS archive(s) mapped at: [0x00000206c2000000-0x00000206c2ba0000-0x00000206c2ba0000), size 12189696, SharedBaseAddress: 0x00000206c2000000, ArchiveRelocationMode: 1.
Compressed class space mapped at: 0x00000206c3000000-0x0000020703000000, reserved size: 1073741824
Narrow klass base: 0x00000206c2000000, Narrow klass shift: 0, Narrow klass range: 0x100000000

GC Precious Log:
 CardTable entry size: 512
 CPUs: 12 total, 12 available
 Memory: 7598M
 Large Page Support: Disabled
 NUMA Support: Disabled
 Compressed Oops: Enabled (32-bit)
 Alignments: Space 512K, Generation 512K, Heap 2M
 Heap Min Capacity: 100M
 Heap Initial Capacity: 100M
 Heap Max Capacity: 2G
 Pre-touch: Disabled
 Parallel Workers: 10

Heap:
 PSYoungGen      total 29696K, used 13262K [0x00000000d5580000, 0x00000000d7680000, 0x0000000100000000)
  eden space 25600K, 35% used [0x00000000d5580000,0x00000000d5e762c0,0x00000000d6e80000)
  from space 4096K, 99% used [0x00000000d7280000,0x00000000d767d810,0x00000000d7680000)
  to   space 4096K, 0% used [0x00000000d6e80000,0x00000000d6e80000,0x00000000d7280000)
 ParOldGen       total 68608K, used 1976K [0x0000000080000000, 0x0000000084300000, 0x00000000d5580000)
  object space 68608K, 2% used [0x0000000080000000,0x00000000801ee320,0x0000000084300000)
 Metaspace       used 9227K, committed 9536K, reserved 1114112K
  class space    used 994K, committed 1152K, reserved 1048576K

Card table byte_map: [0x00000206aac00000,0x00000206ab010000] _byte_map_base: 0x00000206aa800000

Marking Bits: (ParMarkBitMap*) 0x00007ffb9c044460
 Begin Bits: [0x00000206bd710000, 0x00000206bf710000)
 End Bits:   [0x00000206bf710000, 0x00000206c1710000)

Polling page: 0x00000206a8e60000

Metaspace:

Usage:
  Non-class:      8.04 MB used.
      Class:    994.72 KB used.
       Both:      9.01 MB used.

Virtual space:
  Non-class space:       64.00 MB reserved,       8.19 MB ( 13%) committed,  1 nodes.
      Class space:        1.00 GB reserved,       1.12 MB ( <1%) committed,  1 nodes.
             Both:        1.06 GB reserved,       9.31 MB ( <1%) committed. 

Chunk freelists:
   Non-Class:  7.78 MB
       Class:  14.79 MB
        Both:  22.57 MB

MaxMetaspaceSize: unlimited
CompressedClassSpaceSize: 1.00 GB
Initial GC threshold: 21.00 MB
Current GC threshold: 21.00 MB
CDS: on
 - commit_granule_bytes: 65536.
 - commit_granule_words: 8192.
 - virtual_space_node_default_size: 8388608.
 - enlarge_chunks_in_place: 1.
 - use_allocation_guard: 0.


Internal statistics:

num_allocs_failed_limit: 0.
num_arena_births: 254.
num_arena_deaths: 0.
num_vsnodes_births: 2.
num_vsnodes_deaths: 0.
num_space_committed: 149.
num_space_uncommitted: 0.
num_chunks_returned_to_freelist: 0.
num_chunks_taken_from_freelist: 496.
num_chunk_merges: 0.
num_chunk_splits: 318.
num_chunks_enlarged: 210.
num_inconsistent_stats: 0.

CodeHeap 'non-profiled nmethods': size=120000Kb used=819Kb max_used=819Kb free=119180Kb
 bounds [0x00000206b5f30000, 0x00000206b61a0000, 0x00000206bd460000]
CodeHeap 'profiled nmethods': size=120000Kb used=3613Kb max_used=3613Kb free=116386Kb
 bounds [0x00000206ae460000, 0x00000206ae7f0000, 0x00000206b5990000]
CodeHeap 'non-nmethods': size=5760Kb used=1225Kb max_used=1245Kb free=4535Kb
 bounds [0x00000206b5990000, 0x00000206b5c00000, 0x00000206b5f30000]
CodeCache: size=245760Kb, used=5657Kb, max_used=5677Kb, free=240101Kb
 total_blobs=2437, nmethods=1949, adapters=395, full_count=0
Compilation: enabled, stopped_count=0, restarted_count=0

Compilation events (20 events):
Event: 7.713 Thread 0x0000020704be6930 nmethod 1943 0x00000206ae7dae90 code [0x00000206ae7db0c0, 0x00000206ae7db540]
Event: 7.713 Thread 0x0000020704be6930 1942       3       java.lang.invoke.TypeConvertingMethodAdapter::convertType (299 bytes)
Event: 7.713 Thread 0x0000020704bc5260 nmethod 1939 0x00000206b5ffbc10 code [0x00000206b5ffbda0, 0x00000206b5ffbfb0]
Event: 7.716 Thread 0x0000020704be6930 nmethod 1942 0x00000206ae7db810 code [0x00000206ae7dbec0, 0x00000206ae7df878]
Event: 7.716 Thread 0x0000020704be6930 1946   !   3       java.lang.invoke.MethodHandle::setVarargs (50 bytes)
Event: 7.717 Thread 0x0000020704be6930 nmethod 1946 0x00000206ae7e0c90 code [0x00000206ae7e0f60, 0x00000206ae7e1b30]
Event: 7.717 Thread 0x0000020704be6930 1947       3       java.lang.invoke.MemberName::isVarargs (23 bytes)
Event: 7.718 Thread 0x0000020704be6930 nmethod 1947 0x00000206ae7e1f90 code [0x00000206ae7e2160, 0x00000206ae7e24b8]
Event: 7.718 Thread 0x0000020704be6930 1944       3       java.lang.invoke.DirectMethodHandle::make (275 bytes)
Event: 7.719 Thread 0x0000020704be6930 nmethod 1944 0x00000206ae7e2610 code [0x00000206ae7e29a0, 0x00000206ae7e3ca0]
Event: 7.719 Thread 0x0000020704be6930 1945       3       java.lang.invoke.MemberName::isField (8 bytes)
Event: 7.719 Thread 0x0000020704be6930 nmethod 1945 0x00000206ae7e4410 code [0x00000206ae7e45c0, 0x00000206ae7e4788]
Event: 7.719 Thread 0x0000020704be6930 1948       3       jdk.internal.reflect.ReflectionFactory::getExecutableSharedParameterTypes (11 bytes)
Event: 7.719 Thread 0x0000020704be6930 nmethod 1948 0x00000206ae7e4810 code [0x00000206ae7e49c0, 0x00000206ae7e4c48]
Event: 7.719 Thread 0x0000020704be6930 1949       3       java.lang.Character::codePointAt (51 bytes)
Event: 7.720 Thread 0x0000020704be6930 nmethod 1949 0x00000206ae7e4d90 code [0x00000206ae7e4fa0, 0x00000206ae7e55e0]
Event: 7.720 Thread 0x0000020704be6930 1950       3       java.util.regex.Pattern::next (33 bytes)
Event: 7.720 Thread 0x0000020704be6930 nmethod 1950 0x00000206ae7e5790 code [0x00000206ae7e5940, 0x00000206ae7e5b98]
Event: 7.720 Thread 0x0000020704be6930 1951       3       java.lang.invoke.MemberName::<init> (139 bytes)
Event: 7.721 Thread 0x0000020704be6930 nmethod 1951 0x00000206ae7e5c90 code [0x00000206ae7e5fc0, 0x00000206ae7e7118]

GC Heap History (4 events):
Event: 1.549 GC heap before
{Heap before GC invocations=1 (full 0):
 PSYoungGen      total 29696K, used 25600K [0x00000000d5580000, 0x00000000d7680000, 0x0000000100000000)
  eden space 25600K, 100% used [0x00000000d5580000,0x00000000d6e80000,0x00000000d6e80000)
  from space 4096K, 0% used [0x00000000d7280000,0x00000000d7280000,0x00000000d7680000)
  to   space 4096K, 0% used [0x00000000d6e80000,0x00000000d6e80000,0x00000000d7280000)
 ParOldGen       total 68608K, used 0K [0x0000000080000000, 0x0000000084300000, 0x00000000d5580000)
  object space 68608K, 0% used [0x0000000080000000,0x0000000080000000,0x0000000084300000)
 Metaspace       used 4359K, committed 4608K, reserved 1114112K
  class space    used 474K, committed 576K, reserved 1048576K
}
Event: 1.564 GC heap after
{Heap after GC invocations=1 (full 0):
 PSYoungGen      total 29696K, used 3287K [0x00000000d5580000, 0x00000000d7680000, 0x0000000100000000)
  eden space 25600K, 0% used [0x00000000d5580000,0x00000000d5580000,0x00000000d6e80000)
  from space 4096K, 80% used [0x00000000d6e80000,0x00000000d71b5e88,0x00000000d7280000)
  to   space 4096K, 0% used [0x00000000d7280000,0x00000000d7280000,0x00000000d7680000)
 ParOldGen       total 68608K, used 16K [0x0000000080000000, 0x0000000084300000, 0x00000000d5580000)
  object space 68608K, 0% used [0x0000000080000000,0x0000000080004000,0x0000000084300000)
 Metaspace       used 4359K, committed 4608K, reserved 1114112K
  class space    used 474K, committed 576K, reserved 1048576K
}
Event: 7.538 GC heap before
{Heap before GC invocations=2 (full 0):
 PSYoungGen      total 29696K, used 28887K [0x00000000d5580000, 0x00000000d7680000, 0x0000000100000000)
  eden space 25600K, 100% used [0x00000000d5580000,0x00000000d6e80000,0x00000000d6e80000)
  from space 4096K, 80% used [0x00000000d6e80000,0x00000000d71b5e88,0x00000000d7280000)
  to   space 4096K, 0% used [0x00000000d7280000,0x00000000d7280000,0x00000000d7680000)
 ParOldGen       total 68608K, used 16K [0x0000000080000000, 0x0000000084300000, 0x00000000d5580000)
  object space 68608K, 0% used [0x0000000080000000,0x0000000080004000,0x0000000084300000)
 Metaspace       used 8003K, committed 8256K, reserved 1114112K
  class space    used 837K, committed 960K, reserved 1048576K
}
Event: 7.546 GC heap after
{Heap after GC invocations=2 (full 0):
 PSYoungGen      total 29696K, used 4086K [0x00000000d5580000, 0x00000000d7680000, 0x0000000100000000)
  eden space 25600K, 0% used [0x00000000d5580000,0x00000000d5580000,0x00000000d6e80000)
  from space 4096K, 99% used [0x00000000d7280000,0x00000000d767d810,0x00000000d7680000)
  to   space 4096K, 0% used [0x00000000d6e80000,0x00000000d6e80000,0x00000000d7280000)
 ParOldGen       total 68608K, used 1976K [0x0000000080000000, 0x0000000084300000, 0x00000000d5580000)
  object space 68608K, 2% used [0x0000000080000000,0x00000000801ee320,0x0000000084300000)
 Metaspace       used 8003K, committed 8256K, reserved 1114112K
  class space    used 837K, committed 960K, reserved 1048576K
}

Dll operation events (9 events):
Event: 0.025 Loaded shared library c:\Users\Admin\.vscode\extensions\redhat.java-1.55.0-win32-x64\jre\21.0.11-win32-x86_64\bin\java.dll
Event: 0.217 Loaded shared library c:\Users\Admin\.vscode\extensions\redhat.java-1.55.0-win32-x64\jre\21.0.11-win32-x86_64\bin\zip.dll
Event: 0.265 Loaded shared library C:\Users\Admin\.vscode\extensions\redhat.java-1.55.0-win32-x64\jre\21.0.11-win32-x86_64\bin\instrument.dll
Event: 0.277 Loaded shared library C:\Users\Admin\.vscode\extensions\redhat.java-1.55.0-win32-x64\jre\21.0.11-win32-x86_64\bin\net.dll
Event: 0.282 Loaded shared library C:\Users\Admin\.vscode\extensions\redhat.java-1.55.0-win32-x64\jre\21.0.11-win32-x86_64\bin\nio.dll
Event: 0.288 Loaded shared library C:\Users\Admin\.vscode\extensions\redhat.java-1.55.0-win32-x64\jre\21.0.11-win32-x86_64\bin\zip.dll
Event: 0.329 Loaded shared library C:\Users\Admin\.vscode\extensions\redhat.java-1.55.0-win32-x64\jre\21.0.11-win32-x86_64\bin\jimage.dll
Event: 0.525 Loaded shared library c:\Users\Admin\.vscode\extensions\redhat.java-1.55.0-win32-x64\jre\21.0.11-win32-x86_64\bin\verify.dll
Event: 7.558 Loaded shared library C:\Users\Admin\AppData\Roaming\Code\User\globalStorage\redhat.java\1.55.0\config_win\org.eclipse.equinox.launcher\org.eclipse.equinox.launcher.win32.win32.x86_64_1.3.100.v20260613-0559\eclipse_11924.dll

Deoptimization events (20 events):
Event: 7.561 Thread 0x0000020704bba6c0 Uncommon trap: trap_request=0xffffff45 fr.pc=0x00000206b5f73bc0 relative=0x00000000000004c0
Event: 7.561 Thread 0x0000020704bba6c0 Uncommon trap: reason=unstable_if action=reinterpret pc=0x00000206b5f73bc0 method=java.util.HashMap$HashIterator.<init>(Ljava/util/HashMap;)V @ 45 c2
Event: 7.561 Thread 0x0000020704bba6c0 DEOPT PACKING pc=0x00000206b5f73bc0 sp=0x0000003f48efead0
Event: 7.561 Thread 0x0000020704bba6c0 DEOPT UNPACKING pc=0x00000206b59e3aa2 sp=0x0000003f48efe940 mode 2
Event: 7.565 Thread 0x0000020704bba6c0 Uncommon trap: trap_request=0xffffff45 fr.pc=0x00000206b5f63c44 relative=0x00000000000002a4
Event: 7.565 Thread 0x0000020704bba6c0 Uncommon trap: reason=unstable_if action=reinterpret pc=0x00000206b5f63c44 method=java.util.HashMap$HashIterator.<init>(Ljava/util/HashMap;)V @ 45 c2
Event: 7.565 Thread 0x0000020704bba6c0 DEOPT PACKING pc=0x00000206b5f63c44 sp=0x0000003f48efe8f0
Event: 7.565 Thread 0x0000020704bba6c0 DEOPT UNPACKING pc=0x00000206b59e3aa2 sp=0x0000003f48efe898 mode 2
Event: 7.578 Thread 0x0000020704bba6c0 Uncommon trap: trap_request=0xffffffde fr.pc=0x00000206b5fd20d4 relative=0x0000000000000a54
Event: 7.578 Thread 0x0000020704bba6c0 Uncommon trap: reason=class_check action=maybe_recompile pc=0x00000206b5fd20d4 method=java.util.HashMap.putVal(ILjava/lang/Object;Ljava/lang/Object;ZZ)Ljava/lang/Object; @ 253 c2
Event: 7.578 Thread 0x0000020704bba6c0 DEOPT PACKING pc=0x00000206b5fd20d4 sp=0x0000003f48efe490
Event: 7.578 Thread 0x0000020704bba6c0 DEOPT UNPACKING pc=0x00000206b59e3aa2 sp=0x0000003f48efe328 mode 2
Event: 7.609 Thread 0x0000020709954ea0 Uncommon trap: trap_request=0xffffff6e fr.pc=0x00000206b5fa0328 relative=0x0000000000000368
Event: 7.609 Thread 0x0000020709954ea0 Uncommon trap: reason=loop_limit_check action=maybe_recompile pc=0x00000206b5fa0328 method=java.lang.StringLatin1.indexOf([BI[BII)I @ 37 c2
Event: 7.609 Thread 0x0000020709954ea0 DEOPT PACKING pc=0x00000206b5fa0328 sp=0x0000003f490fcdd0
Event: 7.609 Thread 0x0000020709954ea0 DEOPT UNPACKING pc=0x00000206b59e3aa2 sp=0x0000003f490fcd30 mode 2
Event: 7.639 Thread 0x0000020709954ea0 Uncommon trap: trap_request=0xffffff45 fr.pc=0x00000206b5fac4b4 relative=0x0000000000000094
Event: 7.639 Thread 0x0000020709954ea0 Uncommon trap: reason=unstable_if action=reinterpret pc=0x00000206b5fac4b4 method=java.io.BufferedInputStream.getBufIfOpen(Z)[B @ 13 c2
Event: 7.639 Thread 0x0000020709954ea0 DEOPT PACKING pc=0x00000206b5fac4b4 sp=0x0000003f490fdce0
Event: 7.639 Thread 0x0000020709954ea0 DEOPT UNPACKING pc=0x00000206b59e3aa2 sp=0x0000003f490fdc60 mode 2

Classes loaded (20 events):
Event: 7.716 Loading class java/util/ResourceBundle$CacheKey
Event: 7.717 Loading class java/util/ResourceBundle$CacheKey done
Event: 7.717 Loading class java/util/ResourceBundle$KeyElementReference
Event: 7.717 Loading class java/util/ResourceBundle$CacheKeyReference
Event: 7.717 Loading class java/util/ResourceBundle$CacheKeyReference done
Event: 7.717 Loading class java/util/ResourceBundle$KeyElementReference done
Event: 7.717 Loading class java/util/ResourceBundle$3
Event: 7.718 Loading class java/util/ResourceBundle$3 done
Event: 7.718 Loading class sun/util/logging/resources/logging
Event: 7.718 Loading class sun/util/logging/resources/logging done
Event: 7.719 Loading class java/util/ResourceBundle$BundleReference
Event: 7.719 Loading class java/util/ResourceBundle$BundleReference done
Event: 7.719 Loading class sun/util/logging/resources/logging_en
Event: 7.719 Loading class sun/util/logging/resources/logging_en done
Event: 7.719 Loading class sun/util/logging/resources/logging_en
Event: 7.719 Loading class sun/util/logging/resources/logging_en done
Event: 7.719 Loading class sun/util/logging/resources/logging_en_US
Event: 7.719 Loading class sun/util/logging/resources/logging_en_US done
Event: 7.719 Loading class sun/util/logging/resources/logging_en_US
Event: 7.719 Loading class sun/util/logging/resources/logging_en_US done

Classes unloaded (0 events):
No events

Classes redefined (0 events):
No events

Internal exceptions (20 events):
Event: 1.690 Thread 0x00000206ab25c480 Implicit null exception at 0x00000206b5f85d49 to 0x00000206b5f866bc
Event: 1.691 Thread 0x00000206ab25c480 Implicit null exception at 0x00000206b5f8c71a to 0x00000206b5f8c920
Event: 1.692 Thread 0x00000206ab25c480 Exception <a 'java/lang/NoSuchMethodError'{0x00000000d56f0f78}: 'void java.lang.invoke.DirectMethodHandle$Holder.invokeStatic(java.lang.Object, java.lang.Object, java.lang.Object, java.lang.Object)'> (0x00000000d56f0f78) 
thrown [s\src\hotspot\share\interpreter\linkResolver.cpp, line 773]
Event: 1.694 Thread 0x00000206ab25c480 Implicit null exception at 0x00000206b5f9221a to 0x00000206b5f9241c
Event: 1.694 Thread 0x00000206ab25c480 Implicit null exception at 0x00000206b5f8b33d to 0x00000206b5f8b3c1
Event: 2.858 Thread 0x00000206ab25c480 Exception <a 'java/lang/NoSuchMethodError'{0x00000000d59d7ed0}: 'void java.lang.invoke.DirectMethodHandle$Holder.invokeSpecial(java.lang.Object, java.lang.Object, java.lang.Object)'> (0x00000000d59d7ed0) 
thrown [s\src\hotspot\share\interpreter\linkResolver.cpp, line 773]
Event: 6.202 Thread 0x00000206ab25c480 Exception <a 'java/lang/NoSuchMethodError'{0x00000000d642efa8}: 'int java.lang.invoke.DirectMethodHandle$Holder.invokeVirtual(java.lang.Object, java.lang.Object)'> (0x00000000d642efa8) 
thrown [s\src\hotspot\share\interpreter\linkResolver.cpp, line 773]
Event: 6.251 Thread 0x00000206ab25c480 Exception <a 'java/lang/NoSuchMethodError'{0x00000000d65a7880}: 'int java.lang.invoke.DirectMethodHandle$Holder.invokeStaticInit(java.lang.Object, java.lang.Object, java.lang.Object, java.lang.Object)'> (0x00000000d65a7880) 
thrown [s\src\hotspot\share\interpreter\linkResolver.cpp, line 773]
Event: 6.253 Thread 0x00000206ab25c480 Exception <a 'java/lang/IncompatibleClassChangeError'{0x00000000d65aff68}: Found class java.lang.Object, but interface was expected> (0x00000000d65aff68) 
thrown [s\src\hotspot\share\interpreter\linkResolver.cpp, line 840]
Event: 6.253 Thread 0x00000206ab25c480 Exception <a 'java/lang/NoSuchMethodError'{0x00000000d65b6538}: 'void java.lang.invoke.DirectMethodHandle$Holder.invokeStaticInit(java.lang.Object, java.lang.Object)'> (0x00000000d65b6538) 
thrown [s\src\hotspot\share\interpreter\linkResolver.cpp, line 773]
Event: 6.254 Thread 0x00000206ab25c480 Exception <a 'java/lang/NoSuchMethodError'{0x00000000d65bf710}: 'int java.lang.invoke.DirectMethodHandle$Holder.invokeStaticInit(java.lang.Object, java.lang.Object)'> (0x00000000d65bf710) 
thrown [s\src\hotspot\share\interpreter\linkResolver.cpp, line 773]
Event: 6.305 Thread 0x00000206ab25c480 Exception <a 'java/lang/NoSuchMethodError'{0x00000000d680b480}: 'java.lang.Object java.lang.invoke.DirectMethodHandle$Holder.newInvokeSpecial(java.lang.Object, int, java.lang.Object)'> (0x00000000d680b480) 
thrown [s\src\hotspot\share\interpreter\linkResolver.cpp, line 773]
Event: 6.364 Thread 0x00000206ab25c480 Exception <a 'java/lang/ClassNotFoundException'{0x00000000d6a2bb30}: sun/net/www/protocol/plurl/Handler> (0x00000000d6a2bb30) 
thrown [s\src\hotspot\share\classfile\systemDictionary.cpp, line 313]
Event: 6.364 Thread 0x00000206ab25c480 Exception <a 'java/lang/ClassNotFoundException'{0x00000000d6a2c9b0}: sun/net/www/protocol/plurl/Handler> (0x00000000d6a2c9b0) 
thrown [s\src\hotspot\share\classfile\systemDictionary.cpp, line 313]
Event: 7.551 Thread 0x00000206ab25c480 Exception <a 'java/lang/UnsatisfiedLinkError'{0x00000000d55a6130}: 'void org.eclipse.equinox.launcher.JNIBridge._update_splash()'> (0x00000000d55a6130) 
thrown [s\src\hotspot\share\prims\nativeLookup.cpp, line 415]
Event: 7.592 Thread 0x0000020704bba6c0 Exception <a 'java/lang/NoSuchMethodError'{0x00000000d58684b8}: 'void java.lang.invoke.DirectMethodHandle$Holder.invokeInterface(java.lang.Object, java.lang.Object, java.lang.Object)'> (0x00000000d58684b8) 
thrown [s\src\hotspot\share\interpreter\linkResolver.cpp, line 773]
Event: 7.676 Thread 0x0000020709954ea0 Exception <a 'java/lang/NoSuchMethodError'{0x00000000d5c38ef0}: 'java.lang.Object java.lang.invoke.DirectMethodHandle$Holder.newInvokeSpecial(java.lang.Object, java.lang.Object, int, java.lang.Object)'> (0x00000000d5c38ef0) 
thrown [s\src\hotspot\share\interpreter\linkResolver.cpp, line 773]
Event: 7.677 Thread 0x0000020709954ea0 Exception <a 'java/lang/NoSuchMethodError'{0x00000000d5c3cd20}: 'java.lang.Object java.lang.invoke.DirectMethodHandle$Holder.invokeSpecial(java.lang.Object, java.lang.Object, java.lang.Object, int, java.lang.Object)'> (0x00000000d5c3cd20) 
thrown [s\src\hotspot\share\interpreter\linkResolver.cpp, line 773]
Event: 7.692 Thread 0x0000020709954ea0 Exception <a 'java/lang/NoClassDefFoundError'{0x00000000d5ce2bc8}: jakarta/servlet/ServletContainerInitializer> (0x00000000d5ce2bc8) 
thrown [s\src\hotspot\share\classfile\systemDictionary.cpp, line 302]
Event: 7.718 Thread 0x0000020709954ea0 Exception <a 'java/lang/ClassNotFoundException'{0x00000000d5e4fc90}: sun/util/logging/resources/spi/loggingProvider> (0x00000000d5e4fc90) 
thrown [s\src\hotspot\share\classfile\systemDictionary.cpp, line 313]

ZGC Phase Switch (0 events):
No events

VM Operations (20 events):
Event: 3.842 Executing safepoint VM operation: Cleanup done
Event: 4.850 Executing safepoint VM operation: Cleanup
Event: 4.851 Executing safepoint VM operation: Cleanup done
Event: 5.857 Executing safepoint VM operation: Cleanup
Event: 5.857 Executing safepoint VM operation: Cleanup done
Event: 6.282 Executing non-safepoint VM operation: HandshakeAllThreads (Deoptimize)
Event: 6.282 Executing non-safepoint VM operation: HandshakeAllThreads (Deoptimize) done
Event: 6.293 Executing non-safepoint VM operation: HandshakeAllThreads (Deoptimize)
Event: 6.293 Executing non-safepoint VM operation: HandshakeAllThreads (Deoptimize) done
Event: 6.338 Executing non-safepoint VM operation: HandshakeAllThreads (Deoptimize)
Event: 6.338 Executing non-safepoint VM operation: HandshakeAllThreads (Deoptimize) done
Event: 6.357 Executing non-safepoint VM operation: HandshakeAllThreads (Deoptimize)
Event: 6.357 Executing non-safepoint VM operation: HandshakeAllThreads (Deoptimize) done
Event: 7.361 Executing safepoint VM operation: Cleanup
Event: 7.417 Executing safepoint VM operation: Cleanup done
Event: 7.538 Executing safepoint VM operation: ParallelGCFailedAllocation (Allocation Failure)
Event: 7.546 Executing safepoint VM operation: ParallelGCFailedAllocation (Allocation Failure) done
Event: 7.707 Executing non-safepoint VM operation: HandshakeAllThreads (Deoptimize)
Event: 7.707 Executing non-safepoint VM operation: HandshakeAllThreads (Deoptimize) done
Event: 8.710 Executing safepoint VM operation: Cleanup

Memory protections (0 events):
No events

Nmethod flushes (0 events):
No events

Events (20 events):
Event: 0.083 Thread 0x00000206ab25c480 Thread added: 0x00000206ab25c480
Event: 0.117 Thread 0x00000206ab25c480 Thread added: 0x0000020704bb0290
Event: 0.117 Thread 0x00000206ab25c480 Thread added: 0x0000020704bb10b0
Event: 0.118 Thread 0x00000206ab25c480 Thread added: 0x0000020704bbb3e0
Event: 0.118 Thread 0x00000206ab25c480 Thread added: 0x0000020704bbba70
Event: 0.118 Thread 0x00000206ab25c480 Thread added: 0x0000020704bbc100
Event: 0.118 Thread 0x00000206ab25c480 Thread added: 0x0000020704bbce20
Event: 0.119 Thread 0x00000206ab25c480 Thread added: 0x0000020704bc5260
Event: 0.120 Thread 0x00000206ab25c480 Thread added: 0x0000020704be6930
Event: 0.271 Thread 0x00000206ab25c480 Thread added: 0x0000020704bba030
Event: 0.507 Thread 0x0000020704bc5260 Thread added: 0x0000020704ef7300
Event: 0.711 Thread 0x00000206ab25c480 Thread added: 0x0000020704bb99a0
Event: 0.894 Thread 0x0000020704be6930 Thread added: 0x0000020704f97e10
Event: 1.812 Thread 0x0000020704f97e10 Thread exited: 0x0000020704f97e10
Event: 2.842 Thread 0x0000020704ef7300 Thread exited: 0x0000020704ef7300
Event: 2.949 Thread 0x0000020704be6930 Thread added: 0x00000207093dcdb0
Event: 6.267 Thread 0x00000206ab25c480 Thread added: 0x0000020704bbc790
Event: 7.548 Thread 0x00000206ab25c480 Thread added: 0x0000020704bba6c0
Event: 7.595 Thread 0x0000020704bba6c0 Thread added: 0x0000020704bbad50
Event: 7.600 Thread 0x00000206ab25c480 Thread added: 0x0000020709954ea0


Dynamic libraries:
0x00007ff7d01e0000 - 0x00007ff7d01ee000 	c:\Users\Admin\.vscode\extensions\redhat.java-1.55.0-win32-x64\jre\21.0.11-win32-x86_64\bin\java.exe
0x00007ffc084d0000 - 0x00007ffc08725000 	C:\Windows\SYSTEM32\ntdll.dll
0x00007ffc070e0000 - 0x00007ffc071a7000 	C:\Windows\System32\KERNEL32.DLL
0x00007ffc05920000 - 0x00007ffc05cc0000 	C:\Windows\System32\KERNELBASE.dll
0x00007ffc06240000 - 0x00007ffc0638a000 	C:\Windows\System32\ucrtbase.dll
0x00007ffbeafc0000 - 0x00007ffbeafd8000 	c:\Users\Admin\.vscode\extensions\redhat.java-1.55.0-win32-x64\jre\21.0.11-win32-x86_64\bin\jli.dll
0x00007ffbe9e80000 - 0x00007ffbe9e9e000 	c:\Users\Admin\.vscode\extensions\redhat.java-1.55.0-win32-x64\jre\21.0.11-win32-x86_64\bin\VCRUNTIME140.dll
0x00007ffc06a20000 - 0x00007ffc06bdf000 	C:\Windows\System32\USER32.dll
0x00007ffc05cd0000 - 0x00007ffc05cf7000 	C:\Windows\System32\win32u.dll
0x00007ffbf1c90000 - 0x00007ffbf1f20000 	C:\Windows\WinSxS\amd64_microsoft.windows.common-controls_6595b64144ccf1df_6.0.26100.1_none_fc2d3fda0fd46076\COMCTL32.dll
0x00007ffc07a90000 - 0x00007ffc07aba000 	C:\Windows\System32\GDI32.dll
0x00007ffc05e80000 - 0x00007ffc05fa1000 	C:\Windows\System32\gdi32full.dll
0x00007ffc06030000 - 0x00007ffc060d3000 	C:\Windows\System32\msvcp_win.dll
0x00007ffc07b30000 - 0x00007ffc07bd9000 	C:\Windows\System32\msvcrt.dll
0x00007ffc08450000 - 0x00007ffc0847f000 	C:\Windows\System32\IMM32.DLL
0x00007ffc00610000 - 0x00007ffc0061c000 	c:\Users\Admin\.vscode\extensions\redhat.java-1.55.0-win32-x64\jre\21.0.11-win32-x86_64\bin\vcruntime140_1.dll
0x00007ffbe8c80000 - 0x00007ffbe8d0d000 	c:\Users\Admin\.vscode\extensions\redhat.java-1.55.0-win32-x64\jre\21.0.11-win32-x86_64\bin\msvcp140.dll
0x00007ffb9b380000 - 0x00007ffb9c122000 	c:\Users\Admin\.vscode\extensions\redhat.java-1.55.0-win32-x64\jre\21.0.11-win32-x86_64\bin\server\jvm.dll
0x00007ffc068d0000 - 0x00007ffc06982000 	C:\Windows\System32\ADVAPI32.dll
0x00007ffc06480000 - 0x00007ffc06526000 	C:\Windows\System32\sechost.dll
0x00007ffc06530000 - 0x00007ffc06649000 	C:\Windows\System32\RPCRT4.dll
0x00007ffc069a0000 - 0x00007ffc06a14000 	C:\Windows\System32\WS2_32.dll
0x00007ffbfcb10000 - 0x00007ffbfcb46000 	C:\Windows\SYSTEM32\WINMM.dll
0x00007ffbfe1e0000 - 0x00007ffbfe1eb000 	C:\Windows\SYSTEM32\VERSION.dll
0x00007ffc057c0000 - 0x00007ffc0580e000 	C:\Windows\SYSTEM32\POWRPROF.dll
0x00007ffc057a0000 - 0x00007ffc057b4000 	C:\Windows\SYSTEM32\UMPDC.dll
0x00007ffc04800000 - 0x00007ffc0481a000 	C:\Windows\SYSTEM32\kernel.appcore.dll
0x00007ffbff090000 - 0x00007ffbff09a000 	c:\Users\Admin\.vscode\extensions\redhat.java-1.55.0-win32-x64\jre\21.0.11-win32-x86_64\bin\jimage.dll
0x00007ffbfcef0000 - 0x00007ffbfd131000 	C:\Windows\SYSTEM32\DBGHELP.DLL
0x00007ffc06d60000 - 0x00007ffc070d5000 	C:\Windows\System32\combase.dll
0x00007ffc07be0000 - 0x00007ffc07cb6000 	C:\Windows\System32\OLEAUT32.dll
0x00007ffbef860000 - 0x00007ffbef899000 	C:\Windows\SYSTEM32\dbgcore.DLL
0x00007ffc060e0000 - 0x00007ffc06179000 	C:\Windows\System32\bcryptPrimitives.dll
0x00007ffbecfb0000 - 0x00007ffbecfbf000 	c:\Users\Admin\.vscode\extensions\redhat.java-1.55.0-win32-x64\jre\21.0.11-win32-x86_64\bin\instrument.dll
0x00007ffbe93c0000 - 0x00007ffbe93e0000 	c:\Users\Admin\.vscode\extensions\redhat.java-1.55.0-win32-x64\jre\21.0.11-win32-x86_64\bin\java.dll
0x00007ffc07cc0000 - 0x00007ffc083a6000 	C:\Windows\System32\SHELL32.dll
0x00007ffc037a0000 - 0x00007ffc03fcb000 	C:\Windows\SYSTEM32\windows.storage.dll
0x00007ffc06c80000 - 0x00007ffc06d53000 	C:\Windows\System32\SHCORE.dll
0x00007ffc06870000 - 0x00007ffc068cd000 	C:\Windows\System32\shlwapi.dll
0x00007ffc05840000 - 0x00007ffc05864000 	C:\Windows\SYSTEM32\profapi.dll
0x00007ffbe7c60000 - 0x00007ffbe7c78000 	c:\Users\Admin\.vscode\extensions\redhat.java-1.55.0-win32-x64\jre\21.0.11-win32-x86_64\bin\zip.dll
0x00007ffbf63c0000 - 0x00007ffbf63d0000 	C:\Users\Admin\.vscode\extensions\redhat.java-1.55.0-win32-x64\jre\21.0.11-win32-x86_64\bin\net.dll
0x00007ffbff4a0000 - 0x00007ffbff5bd000 	C:\Windows\SYSTEM32\WINHTTP.dll
0x00007ffc04cc0000 - 0x00007ffc04d28000 	C:\Windows\system32\mswsock.dll
0x00007ffbe79a0000 - 0x00007ffbe79b6000 	C:\Users\Admin\.vscode\extensions\redhat.java-1.55.0-win32-x64\jre\21.0.11-win32-x86_64\bin\nio.dll
0x00007ffbf6830000 - 0x00007ffbf6840000 	c:\Users\Admin\.vscode\extensions\redhat.java-1.55.0-win32-x64\jre\21.0.11-win32-x86_64\bin\verify.dll
0x00007ffbdb7a0000 - 0x00007ffbdb7e5000 	C:\Users\Admin\AppData\Roaming\Code\User\globalStorage\redhat.java\1.55.0\config_win\org.eclipse.equinox.launcher\org.eclipse.equinox.launcher.win32.win32.x86_64_1.3.100.v20260613-0559\eclipse_11924.dll
0x00007ffc066d0000 - 0x00007ffc06865000 	C:\Windows\System32\ole32.dll

JVMTI agents:
c:\Users\Admin\.vscode\extensions\redhat.java-1.55.0-win32-x64\lombok\lombok-1.18.39-4050.jar path:c:\Users\Admin\.vscode\extensions\redhat.java-1.55.0-win32-x64\jre\21.0.11-win32-x86_64\bin\instrument.dll, loaded, initialized, instrumentlib options:none

dbghelp: loaded successfully - version: 4.0.5 - missing functions: none
symbol engine: initialized successfully - sym options: 0x614 - pdb path: .;c:\Users\Admin\.vscode\extensions\redhat.java-1.55.0-win32-x64\jre\21.0.11-win32-x86_64\bin;C:\Windows\SYSTEM32;C:\Windows\WinSxS\amd64_microsoft.windows.common-controls_6595b64144ccf1df_6.0.26100.1_none_fc2d3fda0fd46076;c:\Users\Admin\.vscode\extensions\redhat.java-1.55.0-win32-x64\jre\21.0.11-win32-x86_64\bin\server;C:\Users\Admin\AppData\Roaming\Code\User\globalStorage\redhat.java\1.55.0\config_win\org.eclipse.equinox.launcher\org.eclipse.equinox.launcher.win32.win32.x86_64_1.3.100.v20260613-0559

VM Arguments:
jvm_args: --add-modules=ALL-SYSTEM --add-opens=java.base/java.util=ALL-UNNAMED --add-opens=java.base/java.lang=ALL-UNNAMED --add-opens=java.base/sun.nio.fs=ALL-UNNAMED -Declipse.application=org.eclipse.jdt.ls.core.id1 -Dosgi.bundles.defaultStartLevel=4 -Declipse.product=org.eclipse.jdt.ls.core.product -Djava.import.generatesMetadataFilesAtProjectRoot=false -DDetectVMInstallationsJob.disabled=true -Dfile.encoding=utf8 -XX:+UseParallelGC -XX:GCTimeRatio=4 -XX:AdaptiveSizePolicyWeight=90 -Dsun.zip.disableMemoryMapping=true -Xmx2G -Xms100m -Xlog:disable -javaagent:c:\Users\Admin\.vscode\extensions\redhat.java-1.55.0-win32-x64\lombok\lombok-1.18.39-4050.jar -XX:+HeapDumpOnOutOfMemoryError -XX:HeapDumpPath=c:\Users\Admin\AppData\Roaming\Code\User\workspaceStorage\801ed1664cc344b479297c66898efbba\redhat.java -Daether.dependencyCollector.impl=bf 
java_command: c:\Users\Admin\.vscode\extensions\redhat.java-1.55.0-win32-x64\server\plugins\org.eclipse.equinox.launcher_1.7.200.v20260619-2039.jar -configuration c:\Users\Admin\AppData\Roaming\Code\User\globalStorage\redhat.java\1.55.0\config_win -data c:\Users\Admin\AppData\Roaming\Code\User\workspaceStorage\801ed1664cc344b479297c66898efbba\redhat.java\jdt_ws --pipe=\\.\pipe\lsp-ad63a8339dfaf44d71a214eac0ddfbac-sock
java_class_path (initial): c:\Users\Admin\.vscode\extensions\redhat.java-1.55.0-win32-x64\server\plugins\org.eclipse.equinox.launcher_1.7.200.v20260619-2039.jar
Launcher Type: SUN_STANDARD

[Global flags]
    uintx AdaptiveSizePolicyWeight                 = 90                                        {product} {command line}
     intx CICompilerCount                          = 4                                         {product} {ergonomic}
    uintx GCTimeRatio                              = 4                                         {product} {command line}
     bool HeapDumpOnOutOfMemoryError               = true                                   {manageable} {command line}
    ccstr HeapDumpPath                             = c:\Users\Admin\AppData\Roaming\Code\User\workspaceStorage\801ed1664cc344b479297c66898efbba\redhat.java         {manageable} {command line}
   size_t InitialHeapSize                          = 104857600                                 {product} {command line}
   size_t MaxHeapSize                              = 2147483648                                {product} {command line}
   size_t MaxNewSize                               = 715653120                                 {product} {ergonomic}
   size_t MinHeapDeltaBytes                        = 524288                                    {product} {ergonomic}
   size_t MinHeapSize                              = 104857600                                 {product} {command line}
   size_t NewSize                                  = 34603008                                  {product} {ergonomic}
    uintx NonNMethodCodeHeapSize                   = 5839372                                {pd product} {ergonomic}
    uintx NonProfiledCodeHeapSize                  = 122909434                              {pd product} {ergonomic}
   size_t OldSize                                  = 70254592                                  {product} {ergonomic}
    uintx ProfiledCodeHeapSize                     = 122909434                              {pd product} {ergonomic}
    uintx ReservedCodeCacheSize                    = 251658240                              {pd product} {ergonomic}
     bool SegmentedCodeCache                       = true                                      {product} {ergonomic}
   size_t SoftMaxHeapSize                          = 2147483648                             {manageable} {ergonomic}
     bool UseCompressedOops                        = true                           {product lp64_product} {ergonomic}
     bool UseLargePagesIndividualAllocation        = false                                  {pd product} {ergonomic}
     bool UseParallelGC                            = true                                      {product} {command line}

Logging:
Log output configuration:
 #0: stdout all=off uptime,level,tags foldmultilines=false
 #1: stderr all=off uptime,level,tags foldmultilines=false

Release file:
JAVA_VERSION="21.0.11" 
MODULES="java.base java.compiler java.datatransfer java.xml java.prefs java.desktop java.instrument java.logging java.management java.security.sasl java.naming java.rmi java.management.rmi java.net.http java.scripting java.security.jgss java.transaction.xa java.sql java.sql.rowset java.xml.crypto java.se java.smartcardio jdk.accessibility jdk.internal.jvmstat jdk.attach jdk.charsets jdk.internal.opt jdk.zipfs jdk.compiler jdk.crypto.ec jdk.crypto.cryptoki jdk.crypto.mscapi jdk.dynalink jdk.internal.ed jdk.editpad jdk.hotspot.agent jdk.httpserver jdk.internal.le jdk.internal.vm.ci jdk.internal.vm.compiler jdk.internal.vm.compiler.management jdk.jartool jdk.javadoc jdk.jcmd jdk.management jdk.management.agent jdk.jconsole jdk.jdeps jdk.jdwp.agent jdk.jdi jdk.jfr jdk.jshell jdk.jsobject jdk.jstatd jdk.localedata jdk.management.jfr jdk.naming.dns jdk.naming.rmi jdk.net jdk.nio.mapmode jdk.random jdk.sctp jdk.security.auth jdk.security.jgss jdk.unsupported jdk.unsupported.desktop jdk.xml.dom" 

Environment Variables:
JAVA_HOME=C:\Program Files\Java\jdk-17
PATH=C:\Program Files\Python314\Scripts\;C:\Program Files\Python314\;C:\Windows\system32;C:\Windows;C:\Windows\System32\Wbem;C:\Windows\System32\WindowsPowerShell\v1.0\;C:\Windows\System32\OpenSSH\;C:\Program Files\Git\cmd;C:\Program Files\dotnet\;%ANDROID_HOME%\platform-tools;%ANDROID_HOME%\cmdline-tools\latest\bin;%ANDROID_HOME%\emulator;%JAVA_HOME%\bin;C:\Program Files\nodejs\;C:\Users\Admin\AppData\Local\Microsoft\WindowsApps;C:\flutter\bin;C:\Users\Admin\.dotnet\tools;C:\Users\Admin\AppData\Local\Android\Sdk\platform-tools;C:\Users\Admin\AppData\Local\Programs\Microsoft VS Code\bin;C:\Users\Admin\AppData\Roaming\npm
USERNAME=Admin
OS=Windows_NT
PROCESSOR_IDENTIFIER=AMD64 Family 23 Model 96 Stepping 1, AuthenticAMD
TMP=C:\Users\Admin\AppData\Local\Temp
TEMP=C:\Users\Admin\AppData\Local\Temp




Periodic native trim disabled

---------------  S Y S T E M  ---------------

OS:
 Windows 11 , 64 bit Build 26100 (10.0.26100.1)
OS uptime: 0 days 1:12 hours

CPU: total 12 (initial active 12) (12 cores per cpu, 2 threads per core) family 23 model 96 stepping 1 microcode 0x8600106, cx8, cmov, fxsr, ht, mmx, 3dnowpref, sse, sse2, sse3, ssse3, sse4a, sse4.1, sse4.2, popcnt, lzcnt, tsc, tscinvbit, avx, avx2, aes, clmul, bmi1, bmi2, adx, sha, fma, vzeroupper, clflush, clflushopt, rdtscp, rdpid, f16c
Processor Information for the first 12 processors :
  Max Mhz: 3001, Current Mhz: 2011, Mhz Limit: 3001

Memory: 4k page, system-wide physical 7598M (504M free)
TotalPageFile size 13742M (AvailPageFile size 2M)
current process WorkingSet (physical memory assigned to process): 101M, peak: 101M
current process commit charge ("private bytes"): 252M, peak: 252M

vm_info: OpenJDK 64-Bit Server VM (21.0.11+10-LTS) for windows-amd64 JRE (21.0.11+10-LTS), built on 2026-04-21T00:00:00Z by "admin" with MS VC++ 17.12 (VS2022)

END.
