#
# There is insufficient memory for the Java Runtime Environment to continue.
# Native memory allocation (malloc) failed to allocate 276816 bytes. Error detail: Chunk::new
# Possible reasons:
#   The system is out of physical RAM or swap space
#   This process is running with CompressedOops enabled, and the Java Heap may be blocking the growth of the native heap
# Possible solutions:
#   Reduce memory load on the system
#   Increase physical memory or swap space
#   Check if swap backing store is full
#   Decrease Java heap size (-Xmx/-Xms)
#   Decrease number of Java threads
#   Decrease Java thread stack sizes (-Xss)
#   Set larger code cache with -XX:ReservedCodeCacheSize=
#   JVM is running with Unscaled Compressed Oops mode in which the Java heap is
#     placed in the first 4GB address space. The Java Heap base address is the
#     maximum limit for the native heap growth. Please use -XX:HeapBaseMinAddress
#     to set the Java Heap base and to place the Java Heap above 4GB virtual address.
# This output file may be truncated or incomplete.
#
#  Out of Memory Error (arena.cpp:168), pid=43108, tid=43196
#
# JRE version: OpenJDK Runtime Environment Temurin-21.0.11+10 (21.0.11+10) (build 21.0.11+10-LTS)
# Java VM: OpenJDK 64-Bit Server VM Temurin-21.0.11+10 (21.0.11+10-LTS, mixed mode, sharing, tiered, compressed oops, compressed class ptrs, parallel gc, windows-amd64)
# No core dump will be written. Minidumps are not enabled by default on client versions of Windows
#

---------------  S U M M A R Y ------------

Command Line: --add-modules=ALL-SYSTEM --add-opens=java.base/java.util=ALL-UNNAMED --add-opens=java.base/java.lang=ALL-UNNAMED --add-opens=java.base/sun.nio.fs=ALL-UNNAMED -Declipse.application=org.eclipse.jdt.ls.core.id1 -Dosgi.bundles.defaultStartLevel=4 -Declipse.product=org.eclipse.jdt.ls.core.product -Djava.import.generatesMetadataFilesAtProjectRoot=false -DDetectVMInstallationsJob.disabled=true -Dfile.encoding=utf8 -XX:+UseParallelGC -XX:GCTimeRatio=4 -XX:AdaptiveSizePolicyWeight=90 -Dsun.zip.disableMemoryMapping=true -Xmx2G -Xms100m -Xlog:disable -javaagent:c:\Users\Admin\.vscode\extensions\redhat.java-1.55.0-win32-x64\lombok\lombok-1.18.39-4050.jar -XX:+HeapDumpOnOutOfMemoryError -XX:HeapDumpPath=c:\Users\Admin\AppData\Roaming\Code\User\workspaceStorage\801ed1664cc344b479297c66898efbba\redhat.java -Daether.dependencyCollector.impl=bf c:\Users\Admin\.vscode\extensions\redhat.java-1.55.0-win32-x64\server\plugins\org.eclipse.equinox.launcher_1.7.200.v20260619-2039.jar -configuration c:\Users\Admin\AppData\Roaming\Code\User\globalStorage\redhat.java\1.55.0\config_win -data c:\Users\Admin\AppData\Roaming\Code\User\workspaceStorage\801ed1664cc344b479297c66898efbba\redhat.java\jdt_ws --pipe=\\.\pipe\lsp-0119d1d0732b72a4575f8a5c1e8afc20-sock

Host: AMD Ryzen 5 4600H with Radeon Graphics         , 12 cores, 7G,  Windows 11 , 64 bit Build 26100 (10.0.26100.1)
Time: Mon Jul  6 09:44:09 2026 Malay Peninsula Standard Time elapsed time: 7.350851 seconds (0d 0h 0m 7s)

---------------  T H R E A D  ---------------

Current thread (0x000002cf5425fd10):  JavaThread "C2 CompilerThread0" daemon [_thread_in_native, id=43196, stack(0x000000ea25600000,0x000000ea25700000) (1024K)]


Current CompileTask:
C2:7350 1338       4       jdk.internal.jimage.ImageLocation::verify (218 bytes)

Stack: [0x000000ea25600000,0x000000ea25700000]
Native frames: (J=compiled Java code, j=interpreted, Vv=VM code, C=native code)
V  [jvm.dll+0x6d7e19]
V  [jvm.dll+0x8b5096]
V  [jvm.dll+0x8b764e]
V  [jvm.dll+0x8b7d33]
V  [jvm.dll+0x284596]
V  [jvm.dll+0xc685d]
V  [jvm.dll+0xc6da1]
V  [jvm.dll+0x2fb4ee]
V  [jvm.dll+0x5fe9a4]
V  [jvm.dll+0x255d67]
V  [jvm.dll+0x25612d]
V  [jvm.dll+0x24e6a0]
V  [jvm.dll+0x24bbe6]
V  [jvm.dll+0x1cb4ae]
V  [jvm.dll+0x25baad]
V  [jvm.dll+0x25a03a]
V  [jvm.dll+0x3f868e]
V  [jvm.dll+0x85fb0d]
V  [jvm.dll+0x6d664d]
C  [ucrtbase.dll+0x43340]
C  [KERNEL32.DLL+0x31fd7]
C  [ntdll.dll+0x6d7d0]


---------------  P R O C E S S  ---------------

Threads class SMR info:
_java_thread_list=0x000002cf5499ebe0, length=13, elements={
0x000002cf7a91d470, 0x000002cf54240290, 0x000002cf54241260, 0x000002cf5424dd20,
0x000002cf5424e980, 0x000002cf54253dc0, 0x000002cf54259940, 0x000002cf5425fd10,
0x000002cf54260c10, 0x000002cf5442a7a0, 0x000002cf545744c0, 0x000002cf54998aa0,
0x000002cf54a67300
}

Java Threads: ( => current thread )
  0x000002cf7a91d470 JavaThread "main"                              [_thread_in_Java, id=14680, stack(0x000000ea24c00000,0x000000ea24d00000) (1024K)]
  0x000002cf54240290 JavaThread "Reference Handler"          daemon [_thread_blocked, id=44268, stack(0x000000ea25000000,0x000000ea25100000) (1024K)]
  0x000002cf54241260 JavaThread "Finalizer"                  daemon [_thread_blocked, id=39924, stack(0x000000ea25100000,0x000000ea25200000) (1024K)]
  0x000002cf5424dd20 JavaThread "Signal Dispatcher"          daemon [_thread_blocked, id=45652, stack(0x000000ea25200000,0x000000ea25300000) (1024K)]
  0x000002cf5424e980 JavaThread "Attach Listener"            daemon [_thread_blocked, id=45760, stack(0x000000ea25300000,0x000000ea25400000) (1024K)]
  0x000002cf54253dc0 JavaThread "Service Thread"             daemon [_thread_blocked, id=14736, stack(0x000000ea25400000,0x000000ea25500000) (1024K)]
  0x000002cf54259940 JavaThread "Monitor Deflation Thread"   daemon [_thread_blocked, id=40648, stack(0x000000ea25500000,0x000000ea25600000) (1024K)]
=>0x000002cf5425fd10 JavaThread "C2 CompilerThread0"         daemon [_thread_in_native, id=43196, stack(0x000000ea25600000,0x000000ea25700000) (1024K)]
  0x000002cf54260c10 JavaThread "C1 CompilerThread0"         daemon [_thread_in_native, id=43352, stack(0x000000ea25700000,0x000000ea25800000) (1024K)]
  0x000002cf5442a7a0 JavaThread "Common-Cleaner"             daemon [_thread_blocked, id=36116, stack(0x000000ea25800000,0x000000ea25900000) (1024K)]
  0x000002cf545744c0 JavaThread "Notification Thread"        daemon [_thread_blocked, id=33544, stack(0x000000ea25900000,0x000000ea25a00000) (1024K)]
  0x000002cf54998aa0 JavaThread "C2 CompilerThread1"         daemon [_thread_blocked, id=38160, stack(0x000000ea25a00000,0x000000ea25b00000) (1024K)]
  0x000002cf54a67300 JavaThread "C2 CompilerThread2"         daemon [_thread_in_native, id=22476, stack(0x000000ea26100000,0x000000ea26200000) (1024K)]
Total: 13

Other Threads:
  0x000002cf7a8b4540 VMThread "VM Thread"                           [id=36168, stack(0x000000ea24f00000,0x000000ea25000000) (1024K)]
  0x000002cf7a7aca00 WatcherThread "VM Periodic Task Thread"        [id=40680, stack(0x000000ea24e00000,0x000000ea24f00000) (1024K)]
  0x000002cf7a93b680 WorkerThread "GC Thread#0"                     [id=32132, stack(0x000000ea24d00000,0x000000ea24e00000) (1024K)]
  0x000002cf54967560 WorkerThread "GC Thread#1"                     [id=36940, stack(0x000000ea25b00000,0x000000ea25c00000) (1024K)]
  0x000002cf549fdb30 WorkerThread "GC Thread#2"                     [id=37892, stack(0x000000ea25c00000,0x000000ea25d00000) (1024K)]
  0x000002cf546d3d30 WorkerThread "GC Thread#3"                     [id=38016, stack(0x000000ea25d00000,0x000000ea25e00000) (1024K)]
  0x000002cf546d40e0 WorkerThread "GC Thread#4"                     [id=34464, stack(0x000000ea25e00000,0x000000ea25f00000) (1024K)]
  0x000002cf546d4490 WorkerThread "GC Thread#5"                     [id=42532, stack(0x000000ea25f00000,0x000000ea26000000) (1024K)]
  0x000002cf5491b910 WorkerThread "GC Thread#6"                     [id=43812, stack(0x000000ea26000000,0x000000ea26100000) (1024K)]
Total: 9

Threads with active compile tasks:
C2 CompilerThread0  9411 1338       4       jdk.internal.jimage.ImageLocation::verify (218 bytes)
C1 CompilerThread0  9411 1401       3       org.eclipse.osgi.internal.container.NamespaceList$Builder$2::<init> (10 bytes)
C2 CompilerThread2  9411 1405       4       org.eclipse.osgi.container.ModuleDatabase$Persistence::addToReadTable (70 bytes)
Total: 3

VM state: not at safepoint (normal execution)

VM Mutex/Monitor currently owned by a thread:  ([mutex/lock_event])
[0x00007ffc97e3e070] MethodCompileQueue_lock - owner thread: 0x0000000000000000

Heap address: 0x0000000080000000, size: 2048 MB, Compressed Oops mode: 32-bit

CDS archive(s) mapped at: [0x000002cf13000000-0x000002cf13ba0000-0x000002cf13ba0000), size 12189696, SharedBaseAddress: 0x000002cf13000000, ArchiveRelocationMode: 1.
Compressed class space mapped at: 0x000002cf14000000-0x000002cf54000000, reserved size: 1073741824
Narrow klass base: 0x000002cf13000000, Narrow klass shift: 0, Narrow klass range: 0x100000000

GC Precious Log:
 CardTable entry size: 512
 CPUs: 12 total, 12 available
 Memory: 7598M
 Large Page Support: Disabled
 NUMA Support: Disabled
 Compressed Oops: Enabled (32-bit)
 Alignments: Space 512K, Generation 512K, Heap 2M
 Heap Min Capacity: 100M
 Heap Initial Capacity: 100M
 Heap Max Capacity: 2G
 Pre-touch: Disabled
 Parallel Workers: 10

Heap:
 PSYoungGen      total 29696K, used 16575K [0x00000000d5580000, 0x00000000d7680000, 0x0000000100000000)
  eden space 25600K, 51% used [0x00000000d5580000,0x00000000d6273c38,0x00000000d6e80000)
  from space 4096K, 80% used [0x00000000d6e80000,0x00000000d71bc148,0x00000000d7280000)
  to   space 4096K, 0% used [0x00000000d7280000,0x00000000d7280000,0x00000000d7680000)
 ParOldGen       total 68608K, used 16K [0x0000000080000000, 0x0000000084300000, 0x00000000d5580000)
  object space 68608K, 0% used [0x0000000080000000,0x0000000080004000,0x0000000084300000)
 Metaspace       used 6471K, committed 6848K, reserved 1114112K
  class space    used 659K, committed 832K, reserved 1048576K

Card table byte_map: [0x000002cf7a2c0000,0x000002cf7a6d0000] _byte_map_base: 0x000002cf79ec0000

Marking Bits: (ParMarkBitMap*) 0x00007ffc97e44460
 Begin Bits: [0x000002cf0f000000, 0x000002cf11000000)
 End Bits:   [0x000002cf11000000, 0x000002cf13000000)

Polling page: 0x000002cf78740000

Metaspace:

Usage:
  Non-class:      5.68 MB used.
      Class:    659.14 KB used.
       Both:      6.32 MB used.

Virtual space:
  Non-class space:       64.00 MB reserved,       5.88 MB (  9%) committed,  1 nodes.
      Class space:        1.00 GB reserved,     832.00 KB ( <1%) committed,  1 nodes.
             Both:        1.06 GB reserved,       6.69 MB ( <1%) committed. 

Chunk freelists:
   Non-Class:  9.73 MB
       Class:  15.05 MB
        Both:  24.78 MB

MaxMetaspaceSize: unlimited
CompressedClassSpaceSize: 1.00 GB
Initial GC threshold: 21.00 MB
Current GC threshold: 21.00 MB
CDS: on
 - commit_granule_bytes: 65536.
 - commit_granule_words: 8192.
 - virtual_space_node_default_size: 8388608.
 - enlarge_chunks_in_place: 1.
 - use_allocation_guard: 0.


Internal statistics:

num_allocs_failed_limit: 0.
num_arena_births: 190.
num_arena_deaths: 0.
num_vsnodes_births: 2.
num_vsnodes_deaths: 0.
num_space_committed: 107.
num_space_uncommitted: 0.
num_chunks_returned_to_freelist: 0.
num_chunks_taken_from_freelist: 327.
num_chunk_merges: 0.
num_chunk_splits: 212.
num_chunks_enlarged: 135.
num_inconsistent_stats: 0.

CodeHeap 'non-profiled nmethods': size=120000Kb used=547Kb max_used=547Kb free=119453Kb
 bounds [0x000002cf07ad0000, 0x000002cf07d40000, 0x000002cf0f000000]
CodeHeap 'profiled nmethods': size=120000Kb used=2421Kb max_used=2421Kb free=117578Kb
 bounds [0x000002cf00000000, 0x000002cf00270000, 0x000002cf07530000]
CodeHeap 'non-nmethods': size=5760Kb used=1206Kb max_used=1236Kb free=4553Kb
 bounds [0x000002cf07530000, 0x000002cf077a0000, 0x000002cf07ad0000]
CodeCache: size=245760Kb, used=4174Kb, max_used=4204Kb, free=241584Kb
 total_blobs=1869, nmethods=1398, adapters=378, full_count=0
Compilation: enabled, stopped_count=0, restarted_count=0

Compilation events (20 events):
Event: 5.277 Thread 0x000002cf54260c10 nmethod 1334 0x000002cf0023a410 code [0x000002cf0023a5c0, 0x000002cf0023a710]
Event: 5.280 Thread 0x000002cf5425fd10 nmethod 1325 0x000002cf07b50d10 code [0x000002cf07b50ec0, 0x000002cf07b514d8]
Event: 5.280 Thread 0x000002cf5425fd10 1326       4       java.lang.String::<init> (74 bytes)
Event: 5.284 Thread 0x000002cf54260c10 1335       3       org.lombokweb.asm.ClassReader::readUTF8 (23 bytes)
Event: 5.284 Thread 0x000002cf54260c10 nmethod 1335 0x000002cf0023a790 code [0x000002cf0023a960, 0x000002cf0023aba8]
Event: 5.286 Thread 0x000002cf5425fd10 nmethod 1326 0x000002cf07b51810 code [0x000002cf07b519c0, 0x000002cf07b51f58]
Event: 5.298 Thread 0x000002cf54260c10 1336       3       java.lang.String::substring (10 bytes)
Event: 5.298 Thread 0x000002cf54260c10 nmethod 1336 0x000002cf0023ac90 code [0x000002cf0023ae60, 0x000002cf0023b098]
Event: 5.299 Thread 0x000002cf54260c10 1337       3       java.net.URI::toString (16 bytes)
Event: 5.299 Thread 0x000002cf54260c10 nmethod 1337 0x000002cf0023b190 code [0x000002cf0023b340, 0x000002cf0023b4b8]
Event: 5.301 Thread 0x000002cf5425fd10 1338       4       jdk.internal.jimage.ImageLocation::verify (218 bytes)
Event: 5.308 Thread 0x000002cf54260c10 1341       3       java.lang.Integer::valueOf (32 bytes)
Event: 5.308 Thread 0x000002cf54260c10 nmethod 1341 0x000002cf0023b590 code [0x000002cf0023b760, 0x000002cf0023ba68]
Event: 5.312 Thread 0x000002cf54260c10 1344       3       java.io.File::<init> (20 bytes)
Event: 5.313 Thread 0x000002cf54260c10 nmethod 1344 0x000002cf0023bb90 code [0x000002cf0023bd40, 0x000002cf0023bee0]
Event: 5.313 Thread 0x000002cf54998aa0 1342       4       java.util.Collections$UnmodifiableCollection::iterator (9 bytes)
Event: 5.322 Thread 0x000002cf54260c10 1346       3       jdk.internal.module.Resources::toPackageName (39 bytes)
Event: 5.323 Thread 0x000002cf54260c10 nmethod 1346 0x000002cf0023bf90 code [0x000002cf0023c1c0, 0x000002cf0023c830]
Event: 5.324 Thread 0x000002cf54260c10 1348   !   3       sun.net.www.ParseUtil::decode (349 bytes)
Event: 5.330 Thread 0x000002cf54260c10 nmethod 1348 0x000002cf0023ca90 code [0x000002cf0023d0e0, 0x000002cf00240350]

GC Heap History (2 events):
Event: 2.150 GC heap before
{Heap before GC invocations=1 (full 0):
 PSYoungGen      total 29696K, used 25600K [0x00000000d5580000, 0x00000000d7680000, 0x0000000100000000)
  eden space 25600K, 100% used [0x00000000d5580000,0x00000000d6e80000,0x00000000d6e80000)
  from space 4096K, 0% used [0x00000000d7280000,0x00000000d7280000,0x00000000d7680000)
  to   space 4096K, 0% used [0x00000000d6e80000,0x00000000d6e80000,0x00000000d7280000)
 ParOldGen       total 68608K, used 0K [0x0000000080000000, 0x0000000084300000, 0x00000000d5580000)
  object space 68608K, 0% used [0x0000000080000000,0x0000000080000000,0x0000000084300000)
 Metaspace       used 4351K, committed 4608K, reserved 1114112K
  class space    used 474K, committed 576K, reserved 1048576K
}
Event: 2.163 GC heap after
{Heap after GC invocations=1 (full 0):
 PSYoungGen      total 29696K, used 3312K [0x00000000d5580000, 0x00000000d7680000, 0x0000000100000000)
  eden space 25600K, 0% used [0x00000000d5580000,0x00000000d5580000,0x00000000d6e80000)
  from space 4096K, 80% used [0x00000000d6e80000,0x00000000d71bc148,0x00000000d7280000)
  to   space 4096K, 0% used [0x00000000d7280000,0x00000000d7280000,0x00000000d7680000)
 ParOldGen       total 68608K, used 16K [0x0000000080000000, 0x0000000084300000, 0x00000000d5580000)
  object space 68608K, 0% used [0x0000000080000000,0x0000000080004000,0x0000000084300000)
 Metaspace       used 4351K, committed 4608K, reserved 1114112K
  class space    used 474K, committed 576K, reserved 1048576K
}

Dll operation events (8 events):
Event: 0.042 Loaded shared library c:\Users\Admin\.vscode\extensions\redhat.java-1.55.0-win32-x64\jre\21.0.11-win32-x86_64\bin\java.dll
Event: 0.357 Loaded shared library c:\Users\Admin\.vscode\extensions\redhat.java-1.55.0-win32-x64\jre\21.0.11-win32-x86_64\bin\zip.dll
Event: 0.435 Loaded shared library C:\Users\Admin\.vscode\extensions\redhat.java-1.55.0-win32-x64\jre\21.0.11-win32-x86_64\bin\instrument.dll
Event: 0.455 Loaded shared library C:\Users\Admin\.vscode\extensions\redhat.java-1.55.0-win32-x64\jre\21.0.11-win32-x86_64\bin\net.dll
Event: 0.461 Loaded shared library C:\Users\Admin\.vscode\extensions\redhat.java-1.55.0-win32-x64\jre\21.0.11-win32-x86_64\bin\nio.dll
Event: 0.473 Loaded shared library C:\Users\Admin\.vscode\extensions\redhat.java-1.55.0-win32-x64\jre\21.0.11-win32-x86_64\bin\zip.dll
Event: 0.531 Loaded shared library C:\Users\Admin\.vscode\extensions\redhat.java-1.55.0-win32-x64\jre\21.0.11-win32-x86_64\bin\jimage.dll
Event: 0.757 Loaded shared library c:\Users\Admin\.vscode\extensions\redhat.java-1.55.0-win32-x64\jre\21.0.11-win32-x86_64\bin\verify.dll

Deoptimization events (20 events):
Event: 2.321 Thread 0x000002cf7a91d470 DEOPT PACKING pc=0x000002cf07b2fdb8 sp=0x000000ea24cfece0
Event: 2.321 Thread 0x000002cf7a91d470 DEOPT UNPACKING pc=0x000002cf07583aa2 sp=0x000000ea24cfeb78 mode 2
Event: 2.328 Thread 0x000002cf7a91d470 Uncommon trap: trap_request=0xffffffde fr.pc=0x000002cf07b27190 relative=0x0000000000000570
Event: 2.328 Thread 0x000002cf7a91d470 Uncommon trap: reason=class_check action=maybe_recompile pc=0x000002cf07b27190 method=java.util.Collections$UnmodifiableCollection$1.<init>(Ljava/util/Collections$UnmodifiableCollection;)V @ 17 c2
Event: 2.328 Thread 0x000002cf7a91d470 DEOPT PACKING pc=0x000002cf07b27190 sp=0x000000ea24cfed30
Event: 2.328 Thread 0x000002cf7a91d470 DEOPT UNPACKING pc=0x000002cf07583aa2 sp=0x000000ea24cfec78 mode 2
Event: 2.521 Thread 0x000002cf7a91d470 Uncommon trap: trap_request=0xffffff45 fr.pc=0x000002cf07b152f8 relative=0x0000000000000198
Event: 2.521 Thread 0x000002cf7a91d470 Uncommon trap: reason=unstable_if action=reinterpret pc=0x000002cf07b152f8 method=java.lang.invoke.VarHandle.checkAccessModeThenIsDirect(Ljava/lang/invoke/VarHandle$AccessDescriptor;)Z @ 4 c2
Event: 2.521 Thread 0x000002cf7a91d470 DEOPT PACKING pc=0x000002cf07b152f8 sp=0x000000ea24cfece0
Event: 2.521 Thread 0x000002cf7a91d470 DEOPT UNPACKING pc=0x000002cf07583aa2 sp=0x000000ea24cfec38 mode 2
Event: 2.750 Thread 0x000002cf7a91d470 Uncommon trap: trap_request=0xffffff45 fr.pc=0x000002cf07b1f85c relative=0x0000000000000e5c
Event: 2.750 Thread 0x000002cf7a91d470 Uncommon trap: reason=unstable_if action=reinterpret pc=0x000002cf07b1f85c method=lombok.patcher.PatchScript.classMatches(Ljava/lang/String;Ljava/util/Collection;)Z @ 25 c2
Event: 2.750 Thread 0x000002cf7a91d470 DEOPT PACKING pc=0x000002cf07b1f85c sp=0x000000ea24cf8fe0
Event: 2.750 Thread 0x000002cf7a91d470 DEOPT UNPACKING pc=0x000002cf07583aa2 sp=0x000000ea24cf8fa0 mode 2
Event: 2.750 Thread 0x000002cf7a91d470 Uncommon trap: trap_request=0xffffff45 fr.pc=0x000002cf07b25a28 relative=0x0000000000000088
Event: 2.750 Thread 0x000002cf7a91d470 Uncommon trap: reason=unstable_if action=reinterpret pc=0x000002cf07b25a28 method=lombok.patcher.scripts.MethodLevelPatchScript.patch(Ljava/lang/String;[BLlombok/patcher/TransplantMapper;)[B @ 8 c2
Event: 2.750 Thread 0x000002cf7a91d470 DEOPT PACKING pc=0x000002cf07b25a28 sp=0x000000ea24cf9050
Event: 2.750 Thread 0x000002cf7a91d470 DEOPT UNPACKING pc=0x000002cf07583aa2 sp=0x000000ea24cf8fe0 mode 2
Event: 2.755 Thread 0x000002cf7a91d470 DEOPT PACKING pc=0x000002cf00099d0d sp=0x000000ea24cf8450
Event: 2.755 Thread 0x000002cf7a91d470 DEOPT UNPACKING pc=0x000002cf07584242 sp=0x000000ea24cf7900 mode 0

Classes loaded (20 events):
Event: 2.635 Loading class java/util/concurrent/SynchronousQueue$Transferer
Event: 2.635 Loading class java/util/concurrent/LinkedTransferQueue
Event: 2.635 Loading class java/util/concurrent/TransferQueue
Event: 2.636 Loading class java/util/concurrent/TransferQueue done
Event: 2.636 Loading class java/util/concurrent/LinkedTransferQueue done
Event: 2.636 Loading class java/util/concurrent/SynchronousQueue$Transferer done
Event: 2.636 Loading class java/util/concurrent/LinkedTransferQueue$DualNode
Event: 2.636 Loading class java/util/concurrent/LinkedTransferQueue$DualNode done
Event: 2.638 Loading class java/util/concurrent/RejectedExecutionHandler
Event: 2.638 Loading class java/util/concurrent/RejectedExecutionHandler done
Event: 2.638 Loading class java/util/concurrent/LinkedBlockingQueue
Event: 2.639 Loading class java/util/concurrent/LinkedBlockingQueue done
Event: 2.639 Loading class java/util/concurrent/LinkedBlockingQueue$Node
Event: 2.639 Loading class java/util/concurrent/LinkedBlockingQueue$Node done
Event: 2.662 Loading class java/util/concurrent/Semaphore$NonfairSync
Event: 2.663 Loading class java/util/concurrent/Semaphore$Sync
Event: 2.663 Loading class java/util/concurrent/Semaphore$Sync done
Event: 2.663 Loading class java/util/concurrent/Semaphore$NonfairSync done
Event: 3.786 Loading class java/lang/TypeNotPresentException
Event: 3.787 Loading class java/lang/TypeNotPresentException done

Classes unloaded (0 events):
No events

Classes redefined (0 events):
No events

Internal exceptions (20 events):
Event: 1.578 Thread 0x000002cf7a91d470 Exception <a 'java/lang/ClassNotFoundException'{0x00000000d646d448}: sun/net/www/protocol/c/Handler> (0x00000000d646d448) 
thrown [s\src\hotspot\share\classfile\systemDictionary.cpp, line 313]
Event: 1.617 Thread 0x000002cf7a91d470 Exception <a 'java/io/FileNotFoundException'{0x00000000d64cba80}> (0x00000000d64cba80) 
thrown [s\src\hotspot\share\prims\jni.cpp, line 520]
Event: 1.618 Thread 0x000002cf7a91d470 Exception <a 'java/io/FileNotFoundException'{0x00000000d64ccda8}> (0x00000000d64ccda8) 
thrown [s\src\hotspot\share\prims\jni.cpp, line 520]
Event: 1.619 Thread 0x000002cf7a91d470 Exception <a 'java/io/FileNotFoundException'{0x00000000d64cda20}> (0x00000000d64cda20) 
thrown [s\src\hotspot\share\prims\jni.cpp, line 520]
Event: 1.619 Thread 0x000002cf7a91d470 Exception <a 'java/io/FileNotFoundException'{0x00000000d64ce560}> (0x00000000d64ce560) 
thrown [s\src\hotspot\share\prims\jni.cpp, line 520]
Event: 1.635 Thread 0x000002cf7a91d470 Implicit null exception at 0x000002cf07b014a4 to 0x000002cf07b01a38
Event: 1.644 Thread 0x000002cf7a91d470 Exception <a 'java/io/FileNotFoundException'{0x00000000d6508938}> (0x00000000d6508938) 
thrown [s\src\hotspot\share\prims\jni.cpp, line 520]
Event: 1.674 Thread 0x000002cf7a91d470 Exception <a 'java/lang/NoSuchMethodError'{0x00000000d6544688}: 'java.lang.Object java.lang.invoke.DirectMethodHandle$Holder.invokeInterface(java.lang.Object, java.lang.Object)'> (0x00000000d6544688) 
thrown [s\src\hotspot\share\interpreter\linkResolver.cpp, line 773]
Event: 1.686 Thread 0x000002cf7a91d470 Exception <a 'java/lang/NoSuchMethodError'{0x00000000d65581a8}: 'java.lang.Object java.lang.invoke.Invokers$Holder.invokeExact_MT(java.lang.Object, java.lang.Object, java.lang.Object, java.lang.Object, java.lang.Object, java.lang.Object)'> (0x00000000d65581a8) 
thrown [s\src\hotspot\share\interpreter\linkResolver.cpp, line 773]
Event: 1.697 Thread 0x000002cf7a91d470 Exception <a 'java/lang/NoSuchMethodError'{0x00000000d656f4d0}: 'int java.lang.invoke.DirectMethodHandle$Holder.invokeStatic(java.lang.Object, java.lang.Object, java.lang.Object, java.lang.Object, java.lang.Object)'> (0x00000000d656f4d0) 
thrown [s\src\hotspot\share\interpreter\linkResolver.cpp, line 773]
Event: 1.756 Thread 0x000002cf7a91d470 Exception <a 'java/lang/NoSuchMethodError'{0x00000000d6604ee8}: 'java.lang.Object java.lang.invoke.DirectMethodHandle$Holder.invokeInterface(java.lang.Object, java.lang.Object, int)'> (0x00000000d6604ee8) 
thrown [s\src\hotspot\share\interpreter\linkResolver.cpp, line 773]
Event: 2.033 Thread 0x000002cf7a91d470 Exception <a 'java/lang/NoSuchMethodError'{0x00000000d6a77bd0}: 'java.lang.ClassLoader java.lang.ClassLoader.getPlatformClassLoader(java.lang.Class)'> (0x00000000d6a77bd0) 
thrown [s\src\hotspot\share\interpreter\linkResolver.cpp, line 773]
Event: 2.169 Thread 0x000002cf7a91d470 Exception <a 'java/lang/ClassNotFoundException'{0x00000000d55977f8}: sun/net/www/protocol/c/Handler> (0x00000000d55977f8) 
thrown [s\src\hotspot\share\classfile\systemDictionary.cpp, line 313]
Event: 2.173 Thread 0x000002cf7a91d470 Exception <a 'java/lang/ClassNotFoundException'{0x00000000d5598b58}: sun/net/www/protocol/c/Handler> (0x00000000d5598b58) 
thrown [s\src\hotspot\share\classfile\systemDictionary.cpp, line 313]
Event: 2.175 Thread 0x000002cf7a91d470 Exception <a 'java/lang/ClassNotFoundException'{0x00000000d5599cd0}: sun/net/www/protocol/c/Handler> (0x00000000d5599cd0) 
thrown [s\src\hotspot\share\classfile\systemDictionary.cpp, line 313]
Event: 2.211 Thread 0x000002cf7a91d470 Exception <a 'java/io/FileNotFoundException'{0x00000000d55c31e0}> (0x00000000d55c31e0) 
thrown [s\src\hotspot\share\prims\jni.cpp, line 520]
Event: 2.320 Thread 0x000002cf7a91d470 Implicit null exception at 0x000002cf07b2a9e6 to 0x000002cf07b2aa8a
Event: 2.321 Thread 0x000002cf7a91d470 Implicit null exception at 0x000002cf07b2fb9a to 0x000002cf07b2fda0
Event: 2.323 Thread 0x000002cf7a91d470 Exception <a 'java/lang/NoSuchMethodError'{0x00000000d5734e40}: 'void java.lang.invoke.DirectMethodHandle$Holder.invokeStatic(java.lang.Object, java.lang.Object, java.lang.Object, java.lang.Object)'> (0x00000000d5734e40) 
thrown [s\src\hotspot\share\interpreter\linkResolver.cpp, line 773]
Event: 2.572 Thread 0x000002cf7a91d470 Exception <a 'java/lang/NoSuchMethodError'{0x00000000d59dd988}: 'void java.lang.invoke.DirectMethodHandle$Holder.invokeSpecial(java.lang.Object, java.lang.Object, java.lang.Object)'> (0x00000000d59dd988) 
thrown [s\src\hotspot\share\interpreter\linkResolver.cpp, line 773]

ZGC Phase Switch (0 events):
No events

VM Operations (16 events):
Event: 0.355 Executing non-safepoint VM operation: HandshakeAllThreads (Deoptimize)
Event: 0.355 Executing non-safepoint VM operation: HandshakeAllThreads (Deoptimize) done
Event: 0.567 Executing non-safepoint VM operation: HandshakeAllThreads (Deoptimize)
Event: 0.567 Executing non-safepoint VM operation: HandshakeAllThreads (Deoptimize) done
Event: 1.558 Executing non-safepoint VM operation: HandshakeAllThreads (Deoptimize)
Event: 1.558 Executing non-safepoint VM operation: HandshakeAllThreads (Deoptimize) done
Event: 1.558 Executing safepoint VM operation: Cleanup
Event: 1.558 Executing safepoint VM operation: Cleanup done
Event: 2.150 Executing safepoint VM operation: ParallelGCFailedAllocation (Allocation Failure)
Event: 2.163 Executing safepoint VM operation: ParallelGCFailedAllocation (Allocation Failure) done
Event: 3.164 Executing safepoint VM operation: Cleanup
Event: 3.781 Executing safepoint VM operation: Cleanup done
Event: 4.783 Executing safepoint VM operation: Cleanup
Event: 4.783 Executing safepoint VM operation: Cleanup done
Event: 5.795 Executing safepoint VM operation: Cleanup
Event: 5.795 Executing safepoint VM operation: Cleanup done

Memory protections (0 events):
No events

Nmethod flushes (0 events):
No events

Events (18 events):
Event: 0.204 Thread 0x000002cf7a91d470 Thread added: 0x000002cf7a91d470
Event: 0.256 Thread 0x000002cf7a91d470 Thread added: 0x000002cf54240290
Event: 0.256 Thread 0x000002cf7a91d470 Thread added: 0x000002cf54241260
Event: 0.257 Thread 0x000002cf7a91d470 Thread added: 0x000002cf5424dd20
Event: 0.257 Thread 0x000002cf7a91d470 Thread added: 0x000002cf5424e980
Event: 0.257 Thread 0x000002cf7a91d470 Thread added: 0x000002cf54253dc0
Event: 0.258 Thread 0x000002cf7a91d470 Thread added: 0x000002cf54259940
Event: 0.258 Thread 0x000002cf7a91d470 Thread added: 0x000002cf5425fd10
Event: 0.258 Thread 0x000002cf7a91d470 Thread added: 0x000002cf54260c10
Event: 0.443 Thread 0x000002cf7a91d470 Thread added: 0x000002cf5442a7a0
Event: 1.072 Thread 0x000002cf7a91d470 Thread added: 0x000002cf545744c0
Event: 2.092 Thread 0x000002cf5425fd10 Thread added: 0x000002cf5487ee90
Event: 2.507 Thread 0x000002cf5487ee90 Thread exited: 0x000002cf5487ee90
Event: 2.564 Thread 0x000002cf54260c10 Thread added: 0x000002cf5471cf70
Event: 2.700 Thread 0x000002cf54260c10 Thread added: 0x000002cf549a3340
Event: 5.237 Thread 0x000002cf549a3340 Thread exited: 0x000002cf549a3340
Event: 5.240 Thread 0x000002cf5471cf70 Thread exited: 0x000002cf5471cf70
Event: 5.313 Thread 0x000002cf54260c10 Thread added: 0x000002cf54998aa0


Dynamic libraries:
0x00007ff66e360000 - 0x00007ff66e36e000 	c:\Users\Admin\.vscode\extensions\redhat.java-1.55.0-win32-x64\jre\21.0.11-win32-x86_64\bin\java.exe
0x00007ffd36bf0000 - 0x00007ffd36e45000 	C:\Windows\SYSTEM32\ntdll.dll
0x00007ffd367c0000 - 0x00007ffd36887000 	C:\Windows\System32\KERNEL32.DLL
0x00007ffd343e0000 - 0x00007ffd34780000 	C:\Windows\System32\KERNELBASE.dll
0x00007ffd34830000 - 0x00007ffd3497a000 	C:\Windows\System32\ucrtbase.dll
0x00007ffd10f40000 - 0x00007ffd10f58000 	c:\Users\Admin\.vscode\extensions\redhat.java-1.55.0-win32-x64\jre\21.0.11-win32-x86_64\bin\jli.dll
0x00007ffd36890000 - 0x00007ffd36a4f000 	C:\Windows\System32\USER32.dll
0x00007ffd343b0000 - 0x00007ffd343d7000 	C:\Windows\System32\win32u.dll
0x00007ffd36790000 - 0x00007ffd367ba000 	C:\Windows\System32\GDI32.dll
0x00007ffd34980000 - 0x00007ffd34aa1000 	C:\Windows\System32\gdi32full.dll
0x00007ffd340c0000 - 0x00007ffd34163000 	C:\Windows\System32\msvcp_win.dll
0x00007ffd10080000 - 0x00007ffd1009e000 	c:\Users\Admin\.vscode\extensions\redhat.java-1.55.0-win32-x64\jre\21.0.11-win32-x86_64\bin\VCRUNTIME140.dll
0x00007ffd21ab0000 - 0x00007ffd21d40000 	C:\Windows\WinSxS\amd64_microsoft.windows.common-controls_6595b64144ccf1df_6.0.26100.1_none_fc2d3fda0fd46076\COMCTL32.dll
0x00007ffd35c50000 - 0x00007ffd35cf9000 	C:\Windows\System32\msvcrt.dll
0x00007ffd364e0000 - 0x00007ffd3650f000 	C:\Windows\System32\IMM32.DLL
0x00007ffd247c0000 - 0x00007ffd247cc000 	c:\Users\Admin\.vscode\extensions\redhat.java-1.55.0-win32-x64\jre\21.0.11-win32-x86_64\bin\vcruntime140_1.dll
0x00007ffcdbe50000 - 0x00007ffcdbedd000 	c:\Users\Admin\.vscode\extensions\redhat.java-1.55.0-win32-x64\jre\21.0.11-win32-x86_64\bin\msvcp140.dll
0x00007ffc97180000 - 0x00007ffc97f22000 	c:\Users\Admin\.vscode\extensions\redhat.java-1.55.0-win32-x64\jre\21.0.11-win32-x86_64\bin\server\jvm.dll
0x00007ffd36a60000 - 0x00007ffd36b12000 	C:\Windows\System32\ADVAPI32.dll
0x00007ffd362f0000 - 0x00007ffd36396000 	C:\Windows\System32\sechost.dll
0x00007ffd361c0000 - 0x00007ffd362d9000 	C:\Windows\System32\RPCRT4.dll
0x00007ffd366a0000 - 0x00007ffd36714000 	C:\Windows\System32\WS2_32.dll
0x00007ffd2a0f0000 - 0x00007ffd2a126000 	C:\Windows\SYSTEM32\WINMM.dll
0x00007ffd33ee0000 - 0x00007ffd33f2e000 	C:\Windows\SYSTEM32\POWRPROF.dll
0x00007ffd2c930000 - 0x00007ffd2c93b000 	C:\Windows\SYSTEM32\VERSION.dll
0x00007ffd33ec0000 - 0x00007ffd33ed4000 	C:\Windows\SYSTEM32\UMPDC.dll
0x00007ffd32f20000 - 0x00007ffd32f3a000 	C:\Windows\SYSTEM32\kernel.appcore.dll
0x00007ffd24220000 - 0x00007ffd2422a000 	c:\Users\Admin\.vscode\extensions\redhat.java-1.55.0-win32-x64\jre\21.0.11-win32-x86_64\bin\jimage.dll
0x00007ffd2bbe0000 - 0x00007ffd2be21000 	C:\Windows\SYSTEM32\DBGHELP.DLL
0x00007ffd351a0000 - 0x00007ffd35515000 	C:\Windows\System32\combase.dll
0x00007ffd36520000 - 0x00007ffd365f6000 	C:\Windows\System32\OLEAUT32.dll
0x00007ffd253d0000 - 0x00007ffd25409000 	C:\Windows\SYSTEM32\dbgcore.DLL
0x00007ffd34790000 - 0x00007ffd34829000 	C:\Windows\System32\bcryptPrimitives.dll
0x00007ffd20f00000 - 0x00007ffd20f0f000 	c:\Users\Admin\.vscode\extensions\redhat.java-1.55.0-win32-x64\jre\21.0.11-win32-x86_64\bin\instrument.dll
0x00007ffd0f170000 - 0x00007ffd0f190000 	c:\Users\Admin\.vscode\extensions\redhat.java-1.55.0-win32-x64\jre\21.0.11-win32-x86_64\bin\java.dll
0x00007ffd34ab0000 - 0x00007ffd35196000 	C:\Windows\System32\SHELL32.dll
0x00007ffd31ec0000 - 0x00007ffd326eb000 	C:\Windows\SYSTEM32\windows.storage.dll
0x00007ffd35d00000 - 0x00007ffd35dd3000 	C:\Windows\System32\SHCORE.dll
0x00007ffd36720000 - 0x00007ffd3677d000 	C:\Windows\System32\shlwapi.dll
0x00007ffd33f60000 - 0x00007ffd33f84000 	C:\Windows\SYSTEM32\profapi.dll
0x00007ffd097d0000 - 0x00007ffd097e8000 	c:\Users\Admin\.vscode\extensions\redhat.java-1.55.0-win32-x64\jre\21.0.11-win32-x86_64\bin\zip.dll
0x00007ffd20ec0000 - 0x00007ffd20ed0000 	C:\Users\Admin\.vscode\extensions\redhat.java-1.55.0-win32-x64\jre\21.0.11-win32-x86_64\bin\net.dll
0x00007ffd2d990000 - 0x00007ffd2daad000 	C:\Windows\SYSTEM32\WINHTTP.dll
0x00007ffd33450000 - 0x00007ffd334b8000 	C:\Windows\system32\mswsock.dll
0x00007ffd094b0000 - 0x00007ffd094c6000 	C:\Users\Admin\.vscode\extensions\redhat.java-1.55.0-win32-x64\jre\21.0.11-win32-x86_64\bin\nio.dll
0x00007ffd20de0000 - 0x00007ffd20df0000 	c:\Users\Admin\.vscode\extensions\redhat.java-1.55.0-win32-x64\jre\21.0.11-win32-x86_64\bin\verify.dll

JVMTI agents:
c:\Users\Admin\.vscode\extensions\redhat.java-1.55.0-win32-x64\lombok\lombok-1.18.39-4050.jar path:c:\Users\Admin\.vscode\extensions\redhat.java-1.55.0-win32-x64\jre\21.0.11-win32-x86_64\bin\instrument.dll, loaded, initialized, instrumentlib options:none

dbghelp: loaded successfully - version: 4.0.5 - missing functions: none
symbol engine: initialized successfully - sym options: 0x614 - pdb path: .;c:\Users\Admin\.vscode\extensions\redhat.java-1.55.0-win32-x64\jre\21.0.11-win32-x86_64\bin;C:\Windows\SYSTEM32;C:\Windows\WinSxS\amd64_microsoft.windows.common-controls_6595b64144ccf1df_6.0.26100.1_none_fc2d3fda0fd46076;c:\Users\Admin\.vscode\extensions\redhat.java-1.55.0-win32-x64\jre\21.0.11-win32-x86_64\bin\server

VM Arguments:
jvm_args: --add-modules=ALL-SYSTEM --add-opens=java.base/java.util=ALL-UNNAMED --add-opens=java.base/java.lang=ALL-UNNAMED --add-opens=java.base/sun.nio.fs=ALL-UNNAMED -Declipse.application=org.eclipse.jdt.ls.core.id1 -Dosgi.bundles.defaultStartLevel=4 -Declipse.product=org.eclipse.jdt.ls.core.product -Djava.import.generatesMetadataFilesAtProjectRoot=false -DDetectVMInstallationsJob.disabled=true -Dfile.encoding=utf8 -XX:+UseParallelGC -XX:GCTimeRatio=4 -XX:AdaptiveSizePolicyWeight=90 -Dsun.zip.disableMemoryMapping=true -Xmx2G -Xms100m -Xlog:disable -javaagent:c:\Users\Admin\.vscode\extensions\redhat.java-1.55.0-win32-x64\lombok\lombok-1.18.39-4050.jar -XX:+HeapDumpOnOutOfMemoryError -XX:HeapDumpPath=c:\Users\Admin\AppData\Roaming\Code\User\workspaceStorage\801ed1664cc344b479297c66898efbba\redhat.java -Daether.dependencyCollector.impl=bf 
java_command: c:\Users\Admin\.vscode\extensions\redhat.java-1.55.0-win32-x64\server\plugins\org.eclipse.equinox.launcher_1.7.200.v20260619-2039.jar -configuration c:\Users\Admin\AppData\Roaming\Code\User\globalStorage\redhat.java\1.55.0\config_win -data c:\Users\Admin\AppData\Roaming\Code\User\workspaceStorage\801ed1664cc344b479297c66898efbba\redhat.java\jdt_ws --pipe=\\.\pipe\lsp-0119d1d0732b72a4575f8a5c1e8afc20-sock
java_class_path (initial): c:\Users\Admin\.vscode\extensions\redhat.java-1.55.0-win32-x64\server\plugins\org.eclipse.equinox.launcher_1.7.200.v20260619-2039.jar
Launcher Type: SUN_STANDARD

[Global flags]
    uintx AdaptiveSizePolicyWeight                 = 90                                        {product} {command line}
     intx CICompilerCount                          = 4                                         {product} {ergonomic}
    uintx GCTimeRatio                              = 4                                         {product} {command line}
     bool HeapDumpOnOutOfMemoryError               = true                                   {manageable} {command line}
    ccstr HeapDumpPath                             = c:\Users\Admin\AppData\Roaming\Code\User\workspaceStorage\801ed1664cc344b479297c66898efbba\redhat.java         {manageable} {command line}
   size_t InitialHeapSize                          = 104857600                                 {product} {command line}
   size_t MaxHeapSize                              = 2147483648                                {product} {command line}
   size_t MaxNewSize                               = 715653120                                 {product} {ergonomic}
   size_t MinHeapDeltaBytes                        = 524288                                    {product} {ergonomic}
   size_t MinHeapSize                              = 104857600                                 {product} {command line}
   size_t NewSize                                  = 34603008                                  {product} {ergonomic}
    uintx NonNMethodCodeHeapSize                   = 5839372                                {pd product} {ergonomic}
    uintx NonProfiledCodeHeapSize                  = 122909434                              {pd product} {ergonomic}
   size_t OldSize                                  = 70254592                                  {product} {ergonomic}
    uintx ProfiledCodeHeapSize                     = 122909434                              {pd product} {ergonomic}
    uintx ReservedCodeCacheSize                    = 251658240                              {pd product} {ergonomic}
     bool SegmentedCodeCache                       = true                                      {product} {ergonomic}
   size_t SoftMaxHeapSize                          = 2147483648                             {manageable} {ergonomic}
     bool UseCompressedOops                        = true                           {product lp64_product} {ergonomic}
     bool UseLargePagesIndividualAllocation        = false                                  {pd product} {ergonomic}
     bool UseParallelGC                            = true                                      {product} {command line}

Logging:
Log output configuration:
 #0: stdout all=off uptime,level,tags foldmultilines=false
 #1: stderr all=off uptime,level,tags foldmultilines=false

Release file:
JAVA_VERSION="21.0.11" 
MODULES="java.base java.compiler java.datatransfer java.xml java.prefs java.desktop java.instrument java.logging java.management java.security.sasl java.naming java.rmi java.management.rmi java.net.http java.scripting java.security.jgss java.transaction.xa java.sql java.sql.rowset java.xml.crypto java.se java.smartcardio jdk.accessibility jdk.internal.jvmstat jdk.attach jdk.charsets jdk.internal.opt jdk.zipfs jdk.compiler jdk.crypto.ec jdk.crypto.cryptoki jdk.crypto.mscapi jdk.dynalink jdk.internal.ed jdk.editpad jdk.hotspot.agent jdk.httpserver jdk.internal.le jdk.internal.vm.ci jdk.internal.vm.compiler jdk.internal.vm.compiler.management jdk.jartool jdk.javadoc jdk.jcmd jdk.management jdk.management.agent jdk.jconsole jdk.jdeps jdk.jdwp.agent jdk.jdi jdk.jfr jdk.jshell jdk.jsobject jdk.jstatd jdk.localedata jdk.management.jfr jdk.naming.dns jdk.naming.rmi jdk.net jdk.nio.mapmode jdk.random jdk.sctp jdk.security.auth jdk.security.jgss jdk.unsupported jdk.unsupported.desktop jdk.xml.dom" 

Environment Variables:
JAVA_HOME=C:\Program Files\Java\jdk-17
PATH=C:\Program Files\Python314\Scripts\;C:\Program Files\Python314\;C:\Windows\system32;C:\Windows;C:\Windows\System32\Wbem;C:\Windows\System32\WindowsPowerShell\v1.0\;C:\Windows\System32\OpenSSH\;C:\Program Files\Git\cmd;C:\Program Files\dotnet\;%ANDROID_HOME%\platform-tools;%ANDROID_HOME%\cmdline-tools\latest\bin;%ANDROID_HOME%\emulator;%JAVA_HOME%\bin;C:\Program Files\nodejs\;C:\Users\Admin\AppData\Local\Microsoft\WindowsApps;C:\flutter\bin;C:\Users\Admin\.dotnet\tools;C:\Users\Admin\AppData\Local\Android\Sdk\platform-tools;C:\Users\Admin\AppData\Local\Programs\Microsoft VS Code\bin;C:\Users\Admin\AppData\Roaming\npm
USERNAME=Admin
OS=Windows_NT
PROCESSOR_IDENTIFIER=AMD64 Family 23 Model 96 Stepping 1, AuthenticAMD
TMP=C:\Users\Admin\AppData\Local\Temp
TEMP=C:\Users\Admin\AppData\Local\Temp




Periodic native trim disabled

---------------  S Y S T E M  ---------------

OS:
 Windows 11 , 64 bit Build 26100 (10.0.26100.1)
OS uptime: 0 days 1:43 hours

CPU: total 12 (initial active 12) (12 cores per cpu, 2 threads per core) family 23 model 96 stepping 1 microcode 0x8600106, cx8, cmov, fxsr, ht, mmx, 3dnowpref, sse, sse2, sse3, ssse3, sse4a, sse4.1, sse4.2, popcnt, lzcnt, tsc, tscinvbit, avx, avx2, aes, clmul, bmi1, bmi2, adx, sha, fma, vzeroupper, clflush, clflushopt, rdtscp, rdpid, f16c
Processor Information for the first 12 processors :
  Max Mhz: 3001, Current Mhz: 2011, Mhz Limit: 3001

Memory: 4k page, system-wide physical 7598M (635M free)
TotalPageFile size 13742M (AvailPageFile size 12M)
current process WorkingSet (physical memory assigned to process): 85M, peak: 85M
current process commit charge ("private bytes"): 243M, peak: 244M

vm_info: OpenJDK 64-Bit Server VM (21.0.11+10-LTS) for windows-amd64 JRE (21.0.11+10-LTS), built on 2026-04-21T00:00:00Z by "admin" with MS VC++ 17.12 (VS2022)

END.
