#
# There is insufficient memory for the Java Runtime Environment to continue.
# Native memory allocation (malloc) failed to allocate 312656 bytes. Error detail: Chunk::new
# Possible reasons:
#   The system is out of physical RAM or swap space
#   This process is running with CompressedOops enabled, and the Java Heap may be blocking the growth of the native heap
# Possible solutions:
#   Reduce memory load on the system
#   Increase physical memory or swap space
#   Check if swap backing store is full
#   Decrease Java heap size (-Xmx/-Xms)
#   Decrease number of Java threads
#   Decrease Java thread stack sizes (-Xss)
#   Set larger code cache with -XX:ReservedCodeCacheSize=
#   JVM is running with Unscaled Compressed Oops mode in which the Java heap is
#     placed in the first 4GB address space. The Java Heap base address is the
#     maximum limit for the native heap growth. Please use -XX:HeapBaseMinAddress
#     to set the Java Heap base and to place the Java Heap above 4GB virtual address.
# This output file may be truncated or incomplete.
#
#  Out of Memory Error (arena.cpp:168), pid=19692, tid=10884
#
# JRE version: OpenJDK Runtime Environment Temurin-21.0.11+10 (21.0.11+10) (build 21.0.11+10-LTS)
# Java VM: OpenJDK 64-Bit Server VM Temurin-21.0.11+10 (21.0.11+10-LTS, mixed mode, sharing, tiered, compressed oops, compressed class ptrs, parallel gc, windows-amd64)
# No core dump will be written. Minidumps are not enabled by default on client versions of Windows
#

---------------  S U M M A R Y ------------

Command Line: --add-modules=ALL-SYSTEM --add-opens=java.base/java.util=ALL-UNNAMED --add-opens=java.base/java.lang=ALL-UNNAMED --add-opens=java.base/sun.nio.fs=ALL-UNNAMED -Declipse.application=org.eclipse.jdt.ls.core.id1 -Dosgi.bundles.defaultStartLevel=4 -Declipse.product=org.eclipse.jdt.ls.core.product -Djava.import.generatesMetadataFilesAtProjectRoot=false -DDetectVMInstallationsJob.disabled=true -Dfile.encoding=utf8 -XX:+UseParallelGC -XX:GCTimeRatio=4 -XX:AdaptiveSizePolicyWeight=90 -Dsun.zip.disableMemoryMapping=true -Xmx2G -Xms100m -Xlog:disable -javaagent:c:\Users\Admin\.vscode\extensions\redhat.java-1.55.0-win32-x64\lombok\lombok-1.18.39-4050.jar -XX:+HeapDumpOnOutOfMemoryError -XX:HeapDumpPath=c:\Users\Admin\AppData\Roaming\Code\User\workspaceStorage\801ed1664cc344b479297c66898efbba\redhat.java -Daether.dependencyCollector.impl=bf c:\Users\Admin\.vscode\extensions\redhat.java-1.55.0-win32-x64\server\plugins\org.eclipse.equinox.launcher_1.7.200.v20260619-2039.jar -configuration c:\Users\Admin\AppData\Roaming\Code\User\globalStorage\redhat.java\1.55.0\config_win -data c:\Users\Admin\AppData\Roaming\Code\User\workspaceStorage\801ed1664cc344b479297c66898efbba\redhat.java\jdt_ws --pipe=\\.\pipe\lsp-44d9ff7d4e169a1e03a334f9a4abd8f9-sock

Host: AMD Ryzen 5 4600H with Radeon Graphics         , 12 cores, 7G,  Windows 11 , 64 bit Build 26100 (10.0.26100.1)
Time: Mon Jul  6 14:11:05 2026 Malay Peninsula Standard Time elapsed time: 10.486151 seconds (0d 0h 0m 10s)

---------------  T H R E A D  ---------------

Current thread (0x00000260889d4130):  JavaThread "C2 CompilerThread0" daemon [_thread_in_native, id=10884, stack(0x0000006a41500000,0x0000006a41600000) (1024K)]


Current CompileTask:
C2:10486 1280       4       java.io.DataInputStream::readUTF (501 bytes)

Stack: [0x0000006a41500000,0x0000006a41600000]
Native frames: (J=compiled Java code, j=interpreted, Vv=VM code, C=native code)
V  [jvm.dll+0x6d7e19]
V  [jvm.dll+0x8b5096]
V  [jvm.dll+0x8b764e]
V  [jvm.dll+0x8b7d33]
V  [jvm.dll+0x284596]
V  [jvm.dll+0xc685d]
V  [jvm.dll+0xc6da1]
V  [jvm.dll+0x2fb4ee]
V  [jvm.dll+0x5fe9a4]
V  [jvm.dll+0x255d67]
V  [jvm.dll+0x24e3bf]
V  [jvm.dll+0x24bbe6]
V  [jvm.dll+0x1cb4ae]
V  [jvm.dll+0x25baad]
V  [jvm.dll+0x25a03a]
V  [jvm.dll+0x3f868e]
V  [jvm.dll+0x85fb0d]
V  [jvm.dll+0x6d664d]
C  [ucrtbase.dll+0x43340]
C  [KERNEL32.DLL+0x31fd7]
C  [ntdll.dll+0x6d7d0]


---------------  P R O C E S S  ---------------

Threads class SMR info:
_java_thread_list=0x000002608daae150, length=12, elements={
0x000002602f02c680, 0x00000260889a44b0, 0x00000260889a5480, 0x00000260889ab180,
0x00000260889abde0, 0x00000260889b0870, 0x00000260889d12e0, 0x00000260889d4130,
0x00000260889ee460, 0x0000026088bc07b0, 0x000002608d0148c0, 0x000002608d1cb030
}

Java Threads: ( => current thread )
  0x000002602f02c680 JavaThread "main"                              [_thread_in_native, id=12696, stack(0x0000006a40b00000,0x0000006a40c00000) (1024K)]
  0x00000260889a44b0 JavaThread "Reference Handler"          daemon [_thread_blocked, id=10844, stack(0x0000006a40f00000,0x0000006a41000000) (1024K)]
  0x00000260889a5480 JavaThread "Finalizer"                  daemon [_thread_blocked, id=10848, stack(0x0000006a41000000,0x0000006a41100000) (1024K)]
  0x00000260889ab180 JavaThread "Signal Dispatcher"          daemon [_thread_blocked, id=10868, stack(0x0000006a41100000,0x0000006a41200000) (1024K)]
  0x00000260889abde0 JavaThread "Attach Listener"            daemon [_thread_blocked, id=10872, stack(0x0000006a41200000,0x0000006a41300000) (1024K)]
  0x00000260889b0870 JavaThread "Service Thread"             daemon [_thread_blocked, id=10876, stack(0x0000006a41300000,0x0000006a41400000) (1024K)]
  0x00000260889d12e0 JavaThread "Monitor Deflation Thread"   daemon [_thread_blocked, id=10880, stack(0x0000006a41400000,0x0000006a41500000) (1024K)]
=>0x00000260889d4130 JavaThread "C2 CompilerThread0"         daemon [_thread_in_native, id=10884, stack(0x0000006a41500000,0x0000006a41600000) (1024K)]
  0x00000260889ee460 JavaThread "C1 CompilerThread0"         daemon [_thread_blocked, id=9772, stack(0x0000006a41600000,0x0000006a41700000) (1024K)]
  0x0000026088bc07b0 JavaThread "Common-Cleaner"             daemon [_thread_blocked, id=1784, stack(0x0000006a41700000,0x0000006a41800000) (1024K)]
  0x000002608d0148c0 JavaThread "Notification Thread"        daemon [_thread_blocked, id=14724, stack(0x0000006a41900000,0x0000006a41a00000) (1024K)]
  0x000002608d1cb030 JavaThread "C2 CompilerThread1"         daemon [_thread_in_native, id=16340, stack(0x0000006a41800000,0x0000006a41900000) (1024K)]
Total: 12

Other Threads:
  0x000002602f0eea10 VMThread "VM Thread"                           [id=10836, stack(0x0000006a40e00000,0x0000006a40f00000) (1024K)]
  0x000002602eebca00 WatcherThread "VM Periodic Task Thread"        [id=10832, stack(0x0000006a40d00000,0x0000006a40e00000) (1024K)]
  0x000002602f04b900 WorkerThread "GC Thread#0"                     [id=10808, stack(0x0000006a40c00000,0x0000006a40d00000) (1024K)]
  0x000002608d3c67d0 WorkerThread "GC Thread#1"                     [id=9936, stack(0x0000006a41b00000,0x0000006a41c00000) (1024K)]
  0x000002608d3c7390 WorkerThread "GC Thread#2"                     [id=15852, stack(0x0000006a41c00000,0x0000006a41d00000) (1024K)]
  0x000002608d2c48d0 WorkerThread "GC Thread#3"                     [id=10956, stack(0x0000006a41d00000,0x0000006a41e00000) (1024K)]
  0x000002608d2c4c80 WorkerThread "GC Thread#4"                     [id=20900, stack(0x0000006a41e00000,0x0000006a41f00000) (1024K)]
  0x000002608d2c5030 WorkerThread "GC Thread#5"                     [id=4088, stack(0x0000006a41f00000,0x0000006a42000000) (1024K)]
  0x000002608d48e4d0 WorkerThread "GC Thread#6"                     [id=17488, stack(0x0000006a42000000,0x0000006a42100000) (1024K)]
Total: 9

Threads with active compile tasks:
C2 CompilerThread0  10513 1280       4       java.io.DataInputStream::readUTF (501 bytes)
C2 CompilerThread1  10513 1311       4       java.util.HashMap::putVal (300 bytes)
Total: 2

VM state: not at safepoint (normal execution)

VM Mutex/Monitor currently owned by a thread: None

Heap address: 0x0000000080000000, size: 2048 MB, Compressed Oops mode: 32-bit

CDS archive(s) mapped at: [0x0000026046000000-0x0000026046ba0000-0x0000026046ba0000), size 12189696, SharedBaseAddress: 0x0000026046000000, ArchiveRelocationMode: 1.
Compressed class space mapped at: 0x0000026047000000-0x0000026087000000, reserved size: 1073741824
Narrow klass base: 0x0000026046000000, Narrow klass shift: 0, Narrow klass range: 0x100000000

GC Precious Log:
 CardTable entry size: 512
 CPUs: 12 total, 12 available
 Memory: 7598M
 Large Page Support: Disabled
 NUMA Support: Disabled
 Compressed Oops: Enabled (32-bit)
 Alignments: Space 512K, Generation 512K, Heap 2M
 Heap Min Capacity: 100M
 Heap Initial Capacity: 100M
 Heap Max Capacity: 2G
 Pre-touch: Disabled
 Parallel Workers: 10

Heap:
 PSYoungGen      total 29696K, used 11562K [0x00000000d5580000, 0x00000000d7680000, 0x0000000100000000)
  eden space 25600K, 32% used [0x00000000d5580000,0x00000000d5d949f0,0x00000000d6e80000)
  from space 4096K, 80% used [0x00000000d6e80000,0x00000000d71b5ea8,0x00000000d7280000)
  to   space 4096K, 0% used [0x00000000d7280000,0x00000000d7280000,0x00000000d7680000)
 ParOldGen       total 68608K, used 16K [0x0000000080000000, 0x0000000084300000, 0x00000000d5580000)
  object space 68608K, 0% used [0x0000000080000000,0x0000000080004000,0x0000000084300000)
 Metaspace       used 5956K, committed 6208K, reserved 1114112K
  class space    used 618K, committed 768K, reserved 1048576K

Card table byte_map: [0x000002602e9d0000,0x000002602ede0000] _byte_map_base: 0x000002602e5d0000

Marking Bits: (ParMarkBitMap*) 0x00007ffc90564460
 Begin Bits: [0x00000260414e0000, 0x00000260434e0000)
 End Bits:   [0x00000260434e0000, 0x00000260454e0000)

Polling page: 0x000002602cdb0000

Metaspace:

Usage:
  Non-class:      5.21 MB used.
      Class:    618.65 KB used.
       Both:      5.82 MB used.

Virtual space:
  Non-class space:       64.00 MB reserved,       5.31 MB (  8%) committed,  1 nodes.
      Class space:        1.00 GB reserved,     768.00 KB ( <1%) committed,  1 nodes.
             Both:        1.06 GB reserved,       6.06 MB ( <1%) committed. 

Chunk freelists:
   Non-Class:  10.12 MB
       Class:  15.08 MB
        Both:  25.20 MB

MaxMetaspaceSize: unlimited
CompressedClassSpaceSize: 1.00 GB
Initial GC threshold: 21.00 MB
Current GC threshold: 21.00 MB
CDS: on
 - commit_granule_bytes: 65536.
 - commit_granule_words: 8192.
 - virtual_space_node_default_size: 8388608.
 - enlarge_chunks_in_place: 1.
 - use_allocation_guard: 0.


Internal statistics:

num_allocs_failed_limit: 0.
num_arena_births: 190.
num_arena_deaths: 0.
num_vsnodes_births: 2.
num_vsnodes_deaths: 0.
num_space_committed: 97.
num_space_uncommitted: 0.
num_chunks_returned_to_freelist: 0.
num_chunks_taken_from_freelist: 311.
num_chunk_merges: 0.
num_chunk_splits: 198.
num_chunks_enlarged: 124.
num_inconsistent_stats: 0.

CodeHeap 'non-profiled nmethods': size=120000Kb used=483Kb max_used=483Kb free=119516Kb
 bounds [0x0000026039d00000, 0x0000026039f70000, 0x0000026041230000]
CodeHeap 'profiled nmethods': size=120000Kb used=2208Kb max_used=2208Kb free=117791Kb
 bounds [0x0000026032230000, 0x00000260324a0000, 0x0000026039760000]
CodeHeap 'non-nmethods': size=5760Kb used=1204Kb max_used=1229Kb free=4556Kb
 bounds [0x0000026039760000, 0x00000260399d0000, 0x0000026039d00000]
CodeCache: size=245760Kb, used=3895Kb, max_used=3920Kb, free=241863Kb
 total_blobs=1774, nmethods=1304, adapters=377, full_count=0
Compilation: enabled, stopped_count=0, restarted_count=0

Compilation events (20 events):
Event: 8.467 Thread 0x00000260889ee460 nmethod 1296 0x0000026032446390 code [0x0000026032446540, 0x0000026032446660]
Event: 8.467 Thread 0x00000260889ee460 1295       3       java.lang.StringLatin1::toChars (16 bytes)
Event: 8.467 Thread 0x00000260889ee460 nmethod 1295 0x0000026032446710 code [0x00000260324468c0, 0x0000026032446aa0]
Event: 8.467 Thread 0x00000260889ee460 1297       3       org.eclipse.osgi.container.ModuleDatabase$Persistence::readMapValue (111 bytes)
Event: 8.469 Thread 0x00000260889ee460 nmethod 1297 0x0000026032446b90 code [0x0000026032446f20, 0x0000026032448278]
Event: 8.469 Thread 0x00000260889ee460 1298       3       org.eclipse.osgi.container.ModuleDatabase$Persistence::readVersion0 (96 bytes)
Event: 8.471 Thread 0x00000260889ee460 nmethod 1298 0x0000026032448990 code [0x0000026032448de0, 0x000002603244ac00]
Event: 8.471 Thread 0x00000260889ee460 1301       3       org.eclipse.osgi.container.ModuleDatabase$Persistence::readMap (118 bytes)
Event: 8.472 Thread 0x00000260889ee460 nmethod 1301 0x000002603244b610 code [0x000002603244b9c0, 0x000002603244cf48]
Event: 8.472 Thread 0x00000260889ee460 1300       3       org.eclipse.osgi.container.ModuleDatabase$Persistence::readVersion (7 bytes)
Event: 8.473 Thread 0x00000260889ee460 nmethod 1300 0x000002603244d890 code [0x000002603244da40, 0x000002603244db60]
Event: 8.473 Thread 0x00000260889ee460 1299       3       org.eclipse.osgi.container.ModuleDatabase$Persistence::readIndexedMap (16 bytes)
Event: 8.473 Thread 0x00000260889ee460 nmethod 1299 0x000002603244dc10 code [0x000002603244de40, 0x000002603244e538]
Event: 8.473 Thread 0x00000260889ee460 1302       3       java.util.Collections::unmodifiableMap (22 bytes)
Event: 8.474 Thread 0x00000260889ee460 nmethod 1302 0x000002603244e890 code [0x000002603244ea80, 0x000002603244eed0]
Event: 8.474 Thread 0x00000260889ee460 1303       3       java.util.Collections$UnmodifiableMap::<init> (22 bytes)
Event: 8.474 Thread 0x00000260889ee460 nmethod 1303 0x000002603244f090 code [0x000002603244f240, 0x000002603244f4c0]
Event: 8.474 Thread 0x00000260889ee460 1307       3       org.eclipse.osgi.container.ModuleDatabase$Persistence::readListValue (97 bytes)
Event: 8.475 Thread 0x00000260889ee460 nmethod 1307 0x000002603244f610 code [0x000002603244f980, 0x0000026032450c50]
Event: 8.477 Thread 0x00000260889ee460 1310       3       org.eclipse.osgi.container.ModuleDatabase$Persistence::readList (78 bytes)

GC Heap History (2 events):
Event: 7.245 GC heap before
{Heap before GC invocations=1 (full 0):
 PSYoungGen      total 29696K, used 25600K [0x00000000d5580000, 0x00000000d7680000, 0x0000000100000000)
  eden space 25600K, 100% used [0x00000000d5580000,0x00000000d6e80000,0x00000000d6e80000)
  from space 4096K, 0% used [0x00000000d7280000,0x00000000d7280000,0x00000000d7680000)
  to   space 4096K, 0% used [0x00000000d6e80000,0x00000000d6e80000,0x00000000d7280000)
 ParOldGen       total 68608K, used 0K [0x0000000080000000, 0x0000000084300000, 0x00000000d5580000)
  object space 68608K, 0% used [0x0000000080000000,0x0000000080000000,0x0000000084300000)
 Metaspace       used 4351K, committed 4608K, reserved 1114112K
  class space    used 474K, committed 576K, reserved 1048576K
}
Event: 7.252 GC heap after
{Heap after GC invocations=1 (full 0):
 PSYoungGen      total 29696K, used 3287K [0x00000000d5580000, 0x00000000d7680000, 0x0000000100000000)
  eden space 25600K, 0% used [0x00000000d5580000,0x00000000d5580000,0x00000000d6e80000)
  from space 4096K, 80% used [0x00000000d6e80000,0x00000000d71b5ea8,0x00000000d7280000)
  to   space 4096K, 0% used [0x00000000d7280000,0x00000000d7280000,0x00000000d7680000)
 ParOldGen       total 68608K, used 16K [0x0000000080000000, 0x0000000084300000, 0x00000000d5580000)
  object space 68608K, 0% used [0x0000000080000000,0x0000000080004000,0x0000000084300000)
 Metaspace       used 4351K, committed 4608K, reserved 1114112K
  class space    used 474K, committed 576K, reserved 1048576K
}

Dll operation events (8 events):
Event: 0.017 Loaded shared library c:\Users\Admin\.vscode\extensions\redhat.java-1.55.0-win32-x64\jre\21.0.11-win32-x86_64\bin\java.dll
Event: 0.146 Loaded shared library c:\Users\Admin\.vscode\extensions\redhat.java-1.55.0-win32-x64\jre\21.0.11-win32-x86_64\bin\zip.dll
Event: 0.187 Loaded shared library C:\Users\Admin\.vscode\extensions\redhat.java-1.55.0-win32-x64\jre\21.0.11-win32-x86_64\bin\instrument.dll
Event: 0.197 Loaded shared library C:\Users\Admin\.vscode\extensions\redhat.java-1.55.0-win32-x64\jre\21.0.11-win32-x86_64\bin\net.dll
Event: 0.201 Loaded shared library C:\Users\Admin\.vscode\extensions\redhat.java-1.55.0-win32-x64\jre\21.0.11-win32-x86_64\bin\nio.dll
Event: 0.207 Loaded shared library C:\Users\Admin\.vscode\extensions\redhat.java-1.55.0-win32-x64\jre\21.0.11-win32-x86_64\bin\zip.dll
Event: 0.240 Loaded shared library C:\Users\Admin\.vscode\extensions\redhat.java-1.55.0-win32-x64\jre\21.0.11-win32-x86_64\bin\jimage.dll
Event: 0.402 Loaded shared library c:\Users\Admin\.vscode\extensions\redhat.java-1.55.0-win32-x64\jre\21.0.11-win32-x86_64\bin\verify.dll

Deoptimization events (20 events):
Event: 7.300 Thread 0x000002602f02c680 Uncommon trap: trap_request=0xffffff45 fr.pc=0x0000026039d5d7b8 relative=0x0000000000000278
Event: 7.300 Thread 0x000002602f02c680 Uncommon trap: reason=unstable_if action=reinterpret pc=0x0000026039d5d7b8 method=java.util.HashMap.hash(Ljava/lang/Object;)I @ 1 c2
Event: 7.300 Thread 0x000002602f02c680 DEOPT PACKING pc=0x0000026039d5d7b8 sp=0x0000006a40bfeba0
Event: 7.300 Thread 0x000002602f02c680 DEOPT UNPACKING pc=0x00000260397b3aa2 sp=0x0000006a40bfea38 mode 2
Event: 7.302 Thread 0x000002602f02c680 Uncommon trap: trap_request=0xffffff45 fr.pc=0x0000026039d60db4 relative=0x0000000000000274
Event: 7.302 Thread 0x000002602f02c680 Uncommon trap: reason=unstable_if action=reinterpret pc=0x0000026039d60db4 method=java.util.HashMap.hash(Ljava/lang/Object;)I @ 1 c2
Event: 7.302 Thread 0x000002602f02c680 DEOPT PACKING pc=0x0000026039d60db4 sp=0x0000006a40bfeb10
Event: 7.302 Thread 0x000002602f02c680 DEOPT UNPACKING pc=0x00000260397b3aa2 sp=0x0000006a40bfea18 mode 2
Event: 7.302 Thread 0x000002602f02c680 Uncommon trap: trap_request=0xffffff45 fr.pc=0x0000026039d5abd0 relative=0x00000000000000b0
Event: 7.302 Thread 0x000002602f02c680 Uncommon trap: reason=unstable_if action=reinterpret pc=0x0000026039d5abd0 method=java.util.HashMap.hash(Ljava/lang/Object;)I @ 1 c2
Event: 7.302 Thread 0x000002602f02c680 DEOPT PACKING pc=0x0000026039d5abd0 sp=0x0000006a40bfebc0
Event: 7.302 Thread 0x000002602f02c680 DEOPT UNPACKING pc=0x00000260397b3aa2 sp=0x0000006a40bfeb58 mode 2
Event: 7.302 Thread 0x000002602f02c680 Uncommon trap: trap_request=0xffffffde fr.pc=0x0000026039d52010 relative=0x0000000000000570
Event: 7.302 Thread 0x000002602f02c680 Uncommon trap: reason=class_check action=maybe_recompile pc=0x0000026039d52010 method=java.util.Collections$UnmodifiableCollection$1.<init>(Ljava/util/Collections$UnmodifiableCollection;)V @ 17 c2
Event: 7.302 Thread 0x000002602f02c680 DEOPT PACKING pc=0x0000026039d52010 sp=0x0000006a40bfebf0
Event: 7.302 Thread 0x000002602f02c680 DEOPT UNPACKING pc=0x00000260397b3aa2 sp=0x0000006a40bfeb38 mode 2
Event: 7.371 Thread 0x000002602f02c680 Uncommon trap: trap_request=0xffffff45 fr.pc=0x0000026039d42978 relative=0x0000000000000198
Event: 7.371 Thread 0x000002602f02c680 Uncommon trap: reason=unstable_if action=reinterpret pc=0x0000026039d42978 method=java.lang.invoke.VarHandle.checkAccessModeThenIsDirect(Ljava/lang/invoke/VarHandle$AccessDescriptor;)Z @ 4 c2
Event: 7.371 Thread 0x000002602f02c680 DEOPT PACKING pc=0x0000026039d42978 sp=0x0000006a40bfeba0
Event: 7.371 Thread 0x000002602f02c680 DEOPT UNPACKING pc=0x00000260397b3aa2 sp=0x0000006a40bfeaf8 mode 2

Classes loaded (20 events):
Event: 7.429 Loading class java/util/AbstractQueue done
Event: 7.429 Loading class java/util/concurrent/SynchronousQueue done
Event: 7.430 Loading class java/util/concurrent/SynchronousQueue$Transferer
Event: 7.430 Loading class java/util/concurrent/LinkedTransferQueue
Event: 7.430 Loading class java/util/concurrent/TransferQueue
Event: 7.430 Loading class java/util/concurrent/TransferQueue done
Event: 7.430 Loading class java/util/concurrent/LinkedTransferQueue done
Event: 7.430 Loading class java/util/concurrent/SynchronousQueue$Transferer done
Event: 7.430 Loading class java/util/concurrent/LinkedTransferQueue$DualNode
Event: 7.431 Loading class java/util/concurrent/LinkedTransferQueue$DualNode done
Event: 7.432 Loading class java/util/concurrent/RejectedExecutionHandler
Event: 7.432 Loading class java/util/concurrent/RejectedExecutionHandler done
Event: 7.432 Loading class java/util/concurrent/LinkedBlockingQueue
Event: 8.437 Loading class java/util/concurrent/LinkedBlockingQueue done
Event: 8.437 Loading class java/util/concurrent/LinkedBlockingQueue$Node
Event: 8.438 Loading class java/util/concurrent/LinkedBlockingQueue$Node done
Event: 8.450 Loading class java/util/concurrent/Semaphore$NonfairSync
Event: 8.450 Loading class java/util/concurrent/Semaphore$Sync
Event: 8.451 Loading class java/util/concurrent/Semaphore$Sync done
Event: 8.451 Loading class java/util/concurrent/Semaphore$NonfairSync done

Classes unloaded (0 events):
No events

Classes redefined (0 events):
No events

Internal exceptions (20 events):
Event: 1.935 Thread 0x000002602f02c680 Exception <a 'java/io/FileNotFoundException'{0x00000000d64cc150}> (0x00000000d64cc150) 
thrown [s\src\hotspot\share\prims\jni.cpp, line 520]
Event: 1.935 Thread 0x000002602f02c680 Exception <a 'java/io/FileNotFoundException'{0x00000000d64ccdc8}> (0x00000000d64ccdc8) 
thrown [s\src\hotspot\share\prims\jni.cpp, line 520]
Event: 1.935 Thread 0x000002602f02c680 Exception <a 'java/io/FileNotFoundException'{0x00000000d64cd908}> (0x00000000d64cd908) 
thrown [s\src\hotspot\share\prims\jni.cpp, line 520]
Event: 1.941 Thread 0x000002602f02c680 Implicit null exception at 0x0000026039d2eaa4 to 0x0000026039d2f038
Event: 1.945 Thread 0x000002602f02c680 Exception <a 'java/io/FileNotFoundException'{0x00000000d6507a98}> (0x00000000d6507a98) 
thrown [s\src\hotspot\share\prims\jni.cpp, line 520]
Event: 1.957 Thread 0x000002602f02c680 Exception <a 'java/lang/NoSuchMethodError'{0x00000000d6543d38}: 'java.lang.Object java.lang.invoke.DirectMethodHandle$Holder.invokeInterface(java.lang.Object, java.lang.Object)'> (0x00000000d6543d38) 
thrown [s\src\hotspot\share\interpreter\linkResolver.cpp, line 773]
Event: 1.963 Thread 0x000002602f02c680 Exception <a 'java/lang/NoSuchMethodError'{0x00000000d6557858}: 'java.lang.Object java.lang.invoke.Invokers$Holder.invokeExact_MT(java.lang.Object, java.lang.Object, java.lang.Object, java.lang.Object, java.lang.Object, java.lang.Object)'> (0x00000000d6557858) 
thrown [s\src\hotspot\share\interpreter\linkResolver.cpp, line 773]
Event: 1.970 Thread 0x000002602f02c680 Exception <a 'java/lang/NoSuchMethodError'{0x00000000d656e930}: 'int java.lang.invoke.DirectMethodHandle$Holder.invokeStatic(java.lang.Object, java.lang.Object, java.lang.Object, java.lang.Object, java.lang.Object)'> (0x00000000d656e930) 
thrown [s\src\hotspot\share\interpreter\linkResolver.cpp, line 773]
Event: 4.020 Thread 0x000002602f02c680 Exception <a 'java/lang/NoSuchMethodError'{0x00000000d66044f8}: 'java.lang.Object java.lang.invoke.DirectMethodHandle$Holder.invokeInterface(java.lang.Object, java.lang.Object, int)'> (0x00000000d66044f8) 
thrown [s\src\hotspot\share\interpreter\linkResolver.cpp, line 773]
Event: 4.143 Thread 0x000002602f02c680 Exception <a 'java/lang/NoSuchMethodError'{0x00000000d6a74ad0}: 'java.lang.ClassLoader java.lang.ClassLoader.getPlatformClassLoader(java.lang.Class)'> (0x00000000d6a74ad0) 
thrown [s\src\hotspot\share\interpreter\linkResolver.cpp, line 773]
Event: 7.256 Thread 0x000002602f02c680 Exception <a 'java/lang/ClassNotFoundException'{0x00000000d5593dc0}: sun/net/www/protocol/c/Handler> (0x00000000d5593dc0) 
thrown [s\src\hotspot\share\classfile\systemDictionary.cpp, line 313]
Event: 7.256 Thread 0x000002602f02c680 Exception <a 'java/lang/ClassNotFoundException'{0x00000000d5595120}: sun/net/www/protocol/c/Handler> (0x00000000d5595120) 
thrown [s\src\hotspot\share\classfile\systemDictionary.cpp, line 313]
Event: 7.256 Thread 0x000002602f02c680 Exception <a 'java/lang/ClassNotFoundException'{0x00000000d5596298}: sun/net/www/protocol/c/Handler> (0x00000000d5596298) 
thrown [s\src\hotspot\share\classfile\systemDictionary.cpp, line 313]
Event: 7.265 Thread 0x000002602f02c680 Exception <a 'java/io/FileNotFoundException'{0x00000000d55bf698}> (0x00000000d55bf698) 
thrown [s\src\hotspot\share\prims\jni.cpp, line 520]
Event: 7.300 Thread 0x000002602f02c680 Implicit null exception at 0x0000026039d53fc9 to 0x0000026039d54940
Event: 7.300 Thread 0x000002602f02c680 Implicit null exception at 0x0000026039d5d59a to 0x0000026039d5d7a0
Event: 7.301 Thread 0x000002602f02c680 Exception <a 'java/lang/NoSuchMethodError'{0x00000000d56f0f78}: 'void java.lang.invoke.DirectMethodHandle$Holder.invokeStatic(java.lang.Object, java.lang.Object, java.lang.Object, java.lang.Object)'> (0x00000000d56f0f78) 
thrown [s\src\hotspot\share\interpreter\linkResolver.cpp, line 773]
Event: 7.302 Thread 0x000002602f02c680 Implicit null exception at 0x0000026039d60b9a to 0x0000026039d60d9c
Event: 7.302 Thread 0x000002602f02c680 Implicit null exception at 0x0000026039d5ab3d to 0x0000026039d5abc1
Event: 7.397 Thread 0x000002602f02c680 Exception <a 'java/lang/NoSuchMethodError'{0x00000000d59d7eb8}: 'void java.lang.invoke.DirectMethodHandle$Holder.invokeSpecial(java.lang.Object, java.lang.Object, java.lang.Object)'> (0x00000000d59d7eb8) 
thrown [s\src\hotspot\share\interpreter\linkResolver.cpp, line 773]

ZGC Phase Switch (0 events):
No events

VM Operations (20 events):
Event: 0.143 Executing non-safepoint VM operation: HandshakeAllThreads (Deoptimize) done
Event: 0.262 Executing non-safepoint VM operation: HandshakeAllThreads (Deoptimize)
Event: 0.262 Executing non-safepoint VM operation: HandshakeAllThreads (Deoptimize) done
Event: 0.881 Executing non-safepoint VM operation: HandshakeAllThreads (Deoptimize)
Event: 0.881 Executing non-safepoint VM operation: HandshakeAllThreads (Deoptimize) done
Event: 1.888 Executing safepoint VM operation: Cleanup
Event: 1.889 Executing safepoint VM operation: Cleanup done
Event: 1.904 Executing non-safepoint VM operation: HandshakeAllThreads (Deoptimize)
Event: 1.904 Executing non-safepoint VM operation: HandshakeAllThreads (Deoptimize) done
Event: 2.903 Executing safepoint VM operation: Cleanup
Event: 2.903 Executing safepoint VM operation: Cleanup done
Event: 4.910 Executing safepoint VM operation: Cleanup
Event: 5.182 Executing safepoint VM operation: Cleanup done
Event: 6.184 Executing safepoint VM operation: Cleanup
Event: 6.184 Executing safepoint VM operation: Cleanup done
Event: 7.194 Executing safepoint VM operation: Cleanup
Event: 7.242 Executing safepoint VM operation: Cleanup done
Event: 7.245 Executing safepoint VM operation: ParallelGCFailedAllocation (Allocation Failure)
Event: 7.252 Executing safepoint VM operation: ParallelGCFailedAllocation (Allocation Failure) done
Event: 9.251 Executing safepoint VM operation: Cleanup

Memory protections (0 events):
No events

Nmethod flushes (0 events):
No events

Events (16 events):
Event: 0.042 Thread 0x000002602f02c680 Thread added: 0x000002602f02c680
Event: 0.074 Thread 0x000002602f02c680 Thread added: 0x00000260889a44b0
Event: 0.074 Thread 0x000002602f02c680 Thread added: 0x00000260889a5480
Event: 0.075 Thread 0x000002602f02c680 Thread added: 0x00000260889ab180
Event: 0.075 Thread 0x000002602f02c680 Thread added: 0x00000260889abde0
Event: 0.075 Thread 0x000002602f02c680 Thread added: 0x00000260889b0870
Event: 0.075 Thread 0x000002602f02c680 Thread added: 0x00000260889d12e0
Event: 0.075 Thread 0x000002602f02c680 Thread added: 0x00000260889d4130
Event: 0.076 Thread 0x000002602f02c680 Thread added: 0x00000260889ee460
Event: 0.191 Thread 0x000002602f02c680 Thread added: 0x0000026088bc07b0
Event: 0.389 Thread 0x00000260889d4130 Thread added: 0x0000026088c69250
Event: 0.584 Thread 0x000002602f02c680 Thread added: 0x000002608d0148c0
Event: 0.859 Thread 0x00000260889ee460 Thread added: 0x000002608d228db0
Event: 7.256 Thread 0x000002608d228db0 Thread exited: 0x000002608d228db0
Event: 8.442 Thread 0x0000026088c69250 Thread exited: 0x0000026088c69250
Event: 8.463 Thread 0x00000260889ee460 Thread added: 0x000002608d1cb030


Dynamic libraries:
0x00007ff6293b0000 - 0x00007ff6293be000 	c:\Users\Admin\.vscode\extensions\redhat.java-1.55.0-win32-x64\jre\21.0.11-win32-x86_64\bin\java.exe
0x00007ffd31ad0000 - 0x00007ffd31d25000 	C:\Windows\SYSTEM32\ntdll.dll
0x00007ffd30150000 - 0x00007ffd30217000 	C:\Windows\System32\KERNEL32.DLL
0x00007ffd2f5e0000 - 0x00007ffd2f980000 	C:\Windows\System32\KERNELBASE.dll
0x00007ffd2f490000 - 0x00007ffd2f5da000 	C:\Windows\System32\ucrtbase.dll
0x00007ffd0a690000 - 0x00007ffd0a6a8000 	c:\Users\Admin\.vscode\extensions\redhat.java-1.55.0-win32-x64\jre\21.0.11-win32-x86_64\bin\jli.dll
0x00007ffd305f0000 - 0x00007ffd307af000 	C:\Windows\System32\USER32.dll
0x00007ffd2efc0000 - 0x00007ffd2efe7000 	C:\Windows\System32\win32u.dll
0x00007ffd0a250000 - 0x00007ffd0a26e000 	c:\Users\Admin\.vscode\extensions\redhat.java-1.55.0-win32-x64\jre\21.0.11-win32-x86_64\bin\VCRUNTIME140.dll
0x00007ffd307c0000 - 0x00007ffd307ea000 	C:\Windows\System32\GDI32.dll
0x00007ffd1f920000 - 0x00007ffd1fbb0000 	C:\Windows\WinSxS\amd64_microsoft.windows.common-controls_6595b64144ccf1df_6.0.26100.1_none_fc2d3fda0fd46076\COMCTL32.dll
0x00007ffd2f170000 - 0x00007ffd2f291000 	C:\Windows\System32\gdi32full.dll
0x00007ffd2f2a0000 - 0x00007ffd2f343000 	C:\Windows\System32\msvcp_win.dll
0x00007ffd2f990000 - 0x00007ffd2fa39000 	C:\Windows\System32\msvcrt.dll
0x00007ffd30300000 - 0x00007ffd3032f000 	C:\Windows\System32\IMM32.DLL
0x00007ffd29c20000 - 0x00007ffd29c2c000 	c:\Users\Admin\.vscode\extensions\redhat.java-1.55.0-win32-x64\jre\21.0.11-win32-x86_64\bin\vcruntime140_1.dll
0x00007ffcf1410000 - 0x00007ffcf149d000 	c:\Users\Admin\.vscode\extensions\redhat.java-1.55.0-win32-x64\jre\21.0.11-win32-x86_64\bin\msvcp140.dll
0x00007ffc8f8a0000 - 0x00007ffc90642000 	c:\Users\Admin\.vscode\extensions\redhat.java-1.55.0-win32-x64\jre\21.0.11-win32-x86_64\bin\server\jvm.dll
0x00007ffd30530000 - 0x00007ffd305e2000 	C:\Windows\System32\ADVAPI32.dll
0x00007ffd307f0000 - 0x00007ffd30896000 	C:\Windows\System32\sechost.dll
0x00007ffd316c0000 - 0x00007ffd317d9000 	C:\Windows\System32\RPCRT4.dll
0x00007ffd31990000 - 0x00007ffd31a04000 	C:\Windows\System32\WS2_32.dll
0x00007ffd2edc0000 - 0x00007ffd2ee0e000 	C:\Windows\SYSTEM32\POWRPROF.dll
0x00007ffd268e0000 - 0x00007ffd26916000 	C:\Windows\SYSTEM32\WINMM.dll
0x00007ffd277e0000 - 0x00007ffd277eb000 	C:\Windows\SYSTEM32\VERSION.dll
0x00007ffd2eda0000 - 0x00007ffd2edb4000 	C:\Windows\SYSTEM32\UMPDC.dll
0x00007ffd2de70000 - 0x00007ffd2de8a000 	C:\Windows\SYSTEM32\kernel.appcore.dll
0x00007ffd142b0000 - 0x00007ffd142ba000 	c:\Users\Admin\.vscode\extensions\redhat.java-1.55.0-win32-x64\jre\21.0.11-win32-x86_64\bin\jimage.dll
0x00007ffd26ac0000 - 0x00007ffd26d01000 	C:\Windows\SYSTEM32\DBGHELP.DLL
0x00007ffd30bc0000 - 0x00007ffd30f35000 	C:\Windows\System32\combase.dll
0x00007ffd30220000 - 0x00007ffd302f6000 	C:\Windows\System32\OLEAUT32.dll
0x00007ffd152f0000 - 0x00007ffd15329000 	C:\Windows\SYSTEM32\dbgcore.DLL
0x00007ffd2ef20000 - 0x00007ffd2efb9000 	C:\Windows\System32\bcryptPrimitives.dll
0x00007ffd26840000 - 0x00007ffd2684f000 	c:\Users\Admin\.vscode\extensions\redhat.java-1.55.0-win32-x64\jre\21.0.11-win32-x86_64\bin\instrument.dll
0x00007ffd07790000 - 0x00007ffd077b0000 	c:\Users\Admin\.vscode\extensions\redhat.java-1.55.0-win32-x64\jre\21.0.11-win32-x86_64\bin\java.dll
0x00007ffd30f40000 - 0x00007ffd31626000 	C:\Windows\System32\SHELL32.dll
0x00007ffd2cda0000 - 0x00007ffd2d5cb000 	C:\Windows\SYSTEM32\windows.storage.dll
0x00007ffd308a0000 - 0x00007ffd30973000 	C:\Windows\System32\SHCORE.dll
0x00007ffd300f0000 - 0x00007ffd3014d000 	C:\Windows\System32\shlwapi.dll
0x00007ffd2ee40000 - 0x00007ffd2ee64000 	C:\Windows\SYSTEM32\profapi.dll
0x00007ffd03a30000 - 0x00007ffd03a48000 	c:\Users\Admin\.vscode\extensions\redhat.java-1.55.0-win32-x64\jre\21.0.11-win32-x86_64\bin\zip.dll
0x00007ffd29350000 - 0x00007ffd29360000 	C:\Users\Admin\.vscode\extensions\redhat.java-1.55.0-win32-x64\jre\21.0.11-win32-x86_64\bin\net.dll
0x00007ffd28e90000 - 0x00007ffd28fad000 	C:\Windows\SYSTEM32\WINHTTP.dll
0x00007ffd2e330000 - 0x00007ffd2e398000 	C:\Windows\system32\mswsock.dll
0x00007ffd29330000 - 0x00007ffd29346000 	C:\Users\Admin\.vscode\extensions\redhat.java-1.55.0-win32-x64\jre\21.0.11-win32-x86_64\bin\nio.dll
0x00007ffd25240000 - 0x00007ffd25250000 	c:\Users\Admin\.vscode\extensions\redhat.java-1.55.0-win32-x64\jre\21.0.11-win32-x86_64\bin\verify.dll

JVMTI agents:
c:\Users\Admin\.vscode\extensions\redhat.java-1.55.0-win32-x64\lombok\lombok-1.18.39-4050.jar path:c:\Users\Admin\.vscode\extensions\redhat.java-1.55.0-win32-x64\jre\21.0.11-win32-x86_64\bin\instrument.dll, loaded, initialized, instrumentlib options:none

dbghelp: loaded successfully - version: 4.0.5 - missing functions: none
symbol engine: initialized successfully - sym options: 0x614 - pdb path: .;c:\Users\Admin\.vscode\extensions\redhat.java-1.55.0-win32-x64\jre\21.0.11-win32-x86_64\bin;C:\Windows\SYSTEM32;C:\Windows\WinSxS\amd64_microsoft.windows.common-controls_6595b64144ccf1df_6.0.26100.1_none_fc2d3fda0fd46076;c:\Users\Admin\.vscode\extensions\redhat.java-1.55.0-win32-x64\jre\21.0.11-win32-x86_64\bin\server

VM Arguments:
jvm_args: --add-modules=ALL-SYSTEM --add-opens=java.base/java.util=ALL-UNNAMED --add-opens=java.base/java.lang=ALL-UNNAMED --add-opens=java.base/sun.nio.fs=ALL-UNNAMED -Declipse.application=org.eclipse.jdt.ls.core.id1 -Dosgi.bundles.defaultStartLevel=4 -Declipse.product=org.eclipse.jdt.ls.core.product -Djava.import.generatesMetadataFilesAtProjectRoot=false -DDetectVMInstallationsJob.disabled=true -Dfile.encoding=utf8 -XX:+UseParallelGC -XX:GCTimeRatio=4 -XX:AdaptiveSizePolicyWeight=90 -Dsun.zip.disableMemoryMapping=true -Xmx2G -Xms100m -Xlog:disable -javaagent:c:\Users\Admin\.vscode\extensions\redhat.java-1.55.0-win32-x64\lombok\lombok-1.18.39-4050.jar -XX:+HeapDumpOnOutOfMemoryError -XX:HeapDumpPath=c:\Users\Admin\AppData\Roaming\Code\User\workspaceStorage\801ed1664cc344b479297c66898efbba\redhat.java -Daether.dependencyCollector.impl=bf 
java_command: c:\Users\Admin\.vscode\extensions\redhat.java-1.55.0-win32-x64\server\plugins\org.eclipse.equinox.launcher_1.7.200.v20260619-2039.jar -configuration c:\Users\Admin\AppData\Roaming\Code\User\globalStorage\redhat.java\1.55.0\config_win -data c:\Users\Admin\AppData\Roaming\Code\User\workspaceStorage\801ed1664cc344b479297c66898efbba\redhat.java\jdt_ws --pipe=\\.\pipe\lsp-44d9ff7d4e169a1e03a334f9a4abd8f9-sock
java_class_path (initial): c:\Users\Admin\.vscode\extensions\redhat.java-1.55.0-win32-x64\server\plugins\org.eclipse.equinox.launcher_1.7.200.v20260619-2039.jar
Launcher Type: SUN_STANDARD

[Global flags]
    uintx AdaptiveSizePolicyWeight                 = 90                                        {product} {command line}
     intx CICompilerCount                          = 4                                         {product} {ergonomic}
    uintx GCTimeRatio                              = 4                                         {product} {command line}
     bool HeapDumpOnOutOfMemoryError               = true                                   {manageable} {command line}
    ccstr HeapDumpPath                             = c:\Users\Admin\AppData\Roaming\Code\User\workspaceStorage\801ed1664cc344b479297c66898efbba\redhat.java         {manageable} {command line}
   size_t InitialHeapSize                          = 104857600                                 {product} {command line}
   size_t MaxHeapSize                              = 2147483648                                {product} {command line}
   size_t MaxNewSize                               = 715653120                                 {product} {ergonomic}
   size_t MinHeapDeltaBytes                        = 524288                                    {product} {ergonomic}
   size_t MinHeapSize                              = 104857600                                 {product} {command line}
   size_t NewSize                                  = 34603008                                  {product} {ergonomic}
    uintx NonNMethodCodeHeapSize                   = 5839372                                {pd product} {ergonomic}
    uintx NonProfiledCodeHeapSize                  = 122909434                              {pd product} {ergonomic}
   size_t OldSize                                  = 70254592                                  {product} {ergonomic}
    uintx ProfiledCodeHeapSize                     = 122909434                              {pd product} {ergonomic}
    uintx ReservedCodeCacheSize                    = 251658240                              {pd product} {ergonomic}
     bool SegmentedCodeCache                       = true                                      {product} {ergonomic}
   size_t SoftMaxHeapSize                          = 2147483648                             {manageable} {ergonomic}
     bool UseCompressedOops                        = true                           {product lp64_product} {ergonomic}
     bool UseLargePagesIndividualAllocation        = false                                  {pd product} {ergonomic}
     bool UseParallelGC                            = true                                      {product} {command line}

Logging:
Log output configuration:
 #0: stdout all=off uptime,level,tags foldmultilines=false
 #1: stderr all=off uptime,level,tags foldmultilines=false

Release file:
JAVA_VERSION="21.0.11" 
MODULES="java.base java.compiler java.datatransfer java.xml java.prefs java.desktop java.instrument java.logging java.management java.security.sasl java.naming java.rmi java.management.rmi java.net.http java.scripting java.security.jgss java.transaction.xa java.sql java.sql.rowset java.xml.crypto java.se java.smartcardio jdk.accessibility jdk.internal.jvmstat jdk.attach jdk.charsets jdk.internal.opt jdk.zipfs jdk.compiler jdk.crypto.ec jdk.crypto.cryptoki jdk.crypto.mscapi jdk.dynalink jdk.internal.ed jdk.editpad jdk.hotspot.agent jdk.httpserver jdk.internal.le jdk.internal.vm.ci jdk.internal.vm.compiler jdk.internal.vm.compiler.management jdk.jartool jdk.javadoc jdk.jcmd jdk.management jdk.management.agent jdk.jconsole jdk.jdeps jdk.jdwp.agent jdk.jdi jdk.jfr jdk.jshell jdk.jsobject jdk.jstatd jdk.localedata jdk.management.jfr jdk.naming.dns jdk.naming.rmi jdk.net jdk.nio.mapmode jdk.random jdk.sctp jdk.security.auth jdk.security.jgss jdk.unsupported jdk.unsupported.desktop jdk.xml.dom" 

Environment Variables:
JAVA_HOME=C:\Program Files\Java\jdk-17
PATH=C:\Program Files\Python314\Scripts\;C:\Program Files\Python314\;C:\Windows\system32;C:\Windows;C:\Windows\System32\Wbem;C:\Windows\System32\WindowsPowerShell\v1.0\;C:\Windows\System32\OpenSSH\;C:\Program Files\Git\cmd;C:\Program Files\dotnet\;%ANDROID_HOME%\platform-tools;%ANDROID_HOME%\cmdline-tools\latest\bin;%ANDROID_HOME%\emulator;%JAVA_HOME%\bin;C:\Program Files\nodejs\;C:\Users\Admin\AppData\Local\Microsoft\WindowsApps;C:\flutter\bin;C:\Users\Admin\.dotnet\tools;C:\Users\Admin\AppData\Local\Android\Sdk\platform-tools;C:\Users\Admin\AppData\Local\Programs\Microsoft VS Code\bin;C:\Users\Admin\AppData\Roaming\npm
USERNAME=Admin
OS=Windows_NT
PROCESSOR_IDENTIFIER=AMD64 Family 23 Model 96 Stepping 1, AuthenticAMD
TMP=C:\Users\Admin\AppData\Local\Temp
TEMP=C:\Users\Admin\AppData\Local\Temp




Periodic native trim disabled

---------------  S Y S T E M  ---------------

OS:
 Windows 11 , 64 bit Build 26100 (10.0.26100.1)
OS uptime: 0 days 1:29 hours

CPU: total 12 (initial active 12) (12 cores per cpu, 2 threads per core) family 23 model 96 stepping 1 microcode 0x8600106, cx8, cmov, fxsr, ht, mmx, 3dnowpref, sse, sse2, sse3, ssse3, sse4a, sse4.1, sse4.2, popcnt, lzcnt, tsc, tscinvbit, avx, avx2, aes, clmul, bmi1, bmi2, adx, sha, fma, vzeroupper, clflush, clflushopt, rdtscp, rdpid, f16c
Processor Information for the first 12 processors :
  Max Mhz: 3001, Current Mhz: 2011, Mhz Limit: 3001

Memory: 4k page, system-wide physical 7598M (549M free)
TotalPageFile size 13742M (AvailPageFile size 2M)
current process WorkingSet (physical memory assigned to process): 86M, peak: 86M
current process commit charge ("private bytes"): 244M, peak: 244M

vm_info: OpenJDK 64-Bit Server VM (21.0.11+10-LTS) for windows-amd64 JRE (21.0.11+10-LTS), built on 2026-04-21T00:00:00Z by "admin" with MS VC++ 17.12 (VS2022)

END.
