#
# There is insufficient memory for the Java Runtime Environment to continue.
# Native memory allocation (malloc) failed to allocate 2145632 bytes. Error detail: Chunk::new
# Possible reasons:
#   The system is out of physical RAM or swap space
#   This process is running with CompressedOops enabled, and the Java Heap may be blocking the growth of the native heap
# Possible solutions:
#   Reduce memory load on the system
#   Increase physical memory or swap space
#   Check if swap backing store is full
#   Decrease Java heap size (-Xmx/-Xms)
#   Decrease number of Java threads
#   Decrease Java thread stack sizes (-Xss)
#   Set larger code cache with -XX:ReservedCodeCacheSize=
#   JVM is running with Unscaled Compressed Oops mode in which the Java heap is
#     placed in the first 4GB address space. The Java Heap base address is the
#     maximum limit for the native heap growth. Please use -XX:HeapBaseMinAddress
#     to set the Java Heap base and to place the Java Heap above 4GB virtual address.
# This output file may be truncated or incomplete.
#
#  Out of Memory Error (arena.cpp:168), pid=38236, tid=39812
#
# JRE version: OpenJDK Runtime Environment Temurin-21.0.11+10 (21.0.11+10) (build 21.0.11+10-LTS)
# Java VM: OpenJDK 64-Bit Server VM Temurin-21.0.11+10 (21.0.11+10-LTS, mixed mode, sharing, tiered, compressed oops, compressed class ptrs, parallel gc, windows-amd64)
# No core dump will be written. Minidumps are not enabled by default on client versions of Windows
#

---------------  S U M M A R Y ------------

Command Line: --add-modules=ALL-SYSTEM --add-opens=java.base/java.util=ALL-UNNAMED --add-opens=java.base/java.lang=ALL-UNNAMED --add-opens=java.base/sun.nio.fs=ALL-UNNAMED -Declipse.application=org.eclipse.jdt.ls.core.id1 -Dosgi.bundles.defaultStartLevel=4 -Declipse.product=org.eclipse.jdt.ls.core.product -Djava.import.generatesMetadataFilesAtProjectRoot=false -DDetectVMInstallationsJob.disabled=true -Dfile.encoding=utf8 -XX:+UseParallelGC -XX:GCTimeRatio=4 -XX:AdaptiveSizePolicyWeight=90 -Dsun.zip.disableMemoryMapping=true -Xmx2G -Xms100m -Xlog:disable -javaagent:c:\Users\Admin\.vscode\extensions\redhat.java-1.55.0-win32-x64\lombok\lombok-1.18.39-4050.jar -XX:+HeapDumpOnOutOfMemoryError -XX:HeapDumpPath=c:\Users\Admin\AppData\Roaming\Code\User\workspaceStorage\801ed1664cc344b479297c66898efbba\redhat.java -Daether.dependencyCollector.impl=bf c:\Users\Admin\.vscode\extensions\redhat.java-1.55.0-win32-x64\server\plugins\org.eclipse.equinox.launcher_1.7.200.v20260619-2039.jar -configuration c:\Users\Admin\AppData\Roaming\Code\User\globalStorage\redhat.java\1.55.0\config_win -data c:\Users\Admin\AppData\Roaming\Code\User\workspaceStorage\801ed1664cc344b479297c66898efbba\redhat.java\jdt_ws --pipe=\\.\pipe\lsp-ad2997782354320a117071c211efc68c-sock

Host: AMD Ryzen 5 4600H with Radeon Graphics         , 12 cores, 7G,  Windows 11 , 64 bit Build 26100 (10.0.26100.1)
Time: Tue Jul  7 09:49:37 2026 Malay Peninsula Standard Time elapsed time: 16.355869 seconds (0d 0h 0m 16s)

---------------  T H R E A D  ---------------

Current thread (0x000002b3f8393b10):  JavaThread "C2 CompilerThread1" daemon [_thread_in_native, id=39812, stack(0x000000d6f2f00000,0x000000d6f3000000) (1024K)]


Current CompileTask:
C2:16355 4532   !   4       org.eclipse.osgi.internal.loader.classpath.ClasspathManager::findClassImpl (328 bytes)

Stack: [0x000000d6f2f00000,0x000000d6f3000000]
Native frames: (J=compiled Java code, j=interpreted, Vv=VM code, C=native code)
V  [jvm.dll+0x6d7e19]
V  [jvm.dll+0x8b5096]
V  [jvm.dll+0x8b764e]
V  [jvm.dll+0x8b7d33]
V  [jvm.dll+0x284596]
V  [jvm.dll+0xc685d]
V  [jvm.dll+0xc6da1]
V  [jvm.dll+0x3bed6b]
V  [jvm.dll+0x1e4149]
V  [jvm.dll+0x24c853]
V  [jvm.dll+0x24bce0]
V  [jvm.dll+0x1cb4ae]
V  [jvm.dll+0x25baad]
V  [jvm.dll+0x25a03a]
V  [jvm.dll+0x3f868e]
V  [jvm.dll+0x85fb0d]
V  [jvm.dll+0x6d664d]
C  [ucrtbase.dll+0x43340]
C  [KERNEL32.DLL+0x31fd7]
C  [ntdll.dll+0x6d7d0]


---------------  P R O C E S S  ---------------

Threads class SMR info:
_java_thread_list=0x000002b3f8ae58c0, length=44, elements={
0x000002b3da70e250, 0x000002b3da7b3400, 0x000002b3f11bd1b0, 0x000002b3da7b5d30,
0x000002b3da7b6990, 0x000002b3da7b9800, 0x000002b3da7ba260, 0x000002b3da7baff0,
0x000002b3f255b780, 0x000002b3f270ecd0, 0x000002b3f2824040, 0x000002b3f3809490,
0x000002b3f3bae330, 0x000002b3f802f450, 0x000002b3f802a280, 0x000002b3f3bcaab0,
0x000002b3f87fb000, 0x000002b3f8383290, 0x000002b3f35ba710, 0x000002b3f35bada0,
0x000002b3f8393b10, 0x000002b3f35bbac0, 0x000002b3f35bb430, 0x000002b3f93f6500,
0x000002b3f93f9980, 0x000002b3f93f85d0, 0x000002b3f93f8c60, 0x000002b3f93f92f0,
0x000002b3f93fa010, 0x000002b3f93f6b90, 0x000002b3f93fa6a0, 0x000002b3f93f7220,
0x000002b3f93fb3c0, 0x000002b3f93fc770, 0x000002b3f93fad30, 0x000002b3f93fba50,
0x000002b3f93fc0e0, 0x000002b3f93fdb20, 0x000002b3f93fce00, 0x000002b3f93fd490,
0x000002b3f9cf9ac0, 0x000002b3f9cfa7e0, 0x000002b3f9cfae70, 0x000002b3f84acbf0
}

Java Threads: ( => current thread )
  0x000002b3da70e250 JavaThread "main"                              [_thread_in_Java, id=36524, stack(0x000000d6f0f00000,0x000000d6f1000000) (1024K)]
  0x000002b3da7b3400 JavaThread "Reference Handler"          daemon [_thread_blocked, id=12212, stack(0x000000d6f1300000,0x000000d6f1400000) (1024K)]
  0x000002b3f11bd1b0 JavaThread "Finalizer"                  daemon [_thread_blocked, id=14644, stack(0x000000d6f1400000,0x000000d6f1500000) (1024K)]
  0x000002b3da7b5d30 JavaThread "Signal Dispatcher"          daemon [_thread_blocked, id=38424, stack(0x000000d6f1500000,0x000000d6f1600000) (1024K)]
  0x000002b3da7b6990 JavaThread "Attach Listener"            daemon [_thread_blocked, id=38780, stack(0x000000d6f1600000,0x000000d6f1700000) (1024K)]
  0x000002b3da7b9800 JavaThread "Service Thread"             daemon [_thread_blocked, id=38328, stack(0x000000d6f1700000,0x000000d6f1800000) (1024K)]
  0x000002b3da7ba260 JavaThread "Monitor Deflation Thread"   daemon [_thread_blocked, id=38832, stack(0x000000d6f1800000,0x000000d6f1900000) (1024K)]
  0x000002b3da7baff0 JavaThread "C2 CompilerThread0"         daemon [_thread_in_native, id=37952, stack(0x000000d6f1900000,0x000000d6f1a00000) (1024K)]
  0x000002b3f255b780 JavaThread "C1 CompilerThread0"         daemon [_thread_in_native, id=37940, stack(0x000000d6f1a00000,0x000000d6f1b00000) (1024K)]
  0x000002b3f270ecd0 JavaThread "Common-Cleaner"             daemon [_thread_blocked, id=38280, stack(0x000000d6f1b00000,0x000000d6f1c00000) (1024K)]
  0x000002b3f2824040 JavaThread "Notification Thread"        daemon [_thread_blocked, id=38232, stack(0x000000d6f1c00000,0x000000d6f1d00000) (1024K)]
  0x000002b3f3809490 JavaThread "Active Thread: Equinox Container: 0cf93037-8b25-4427-8af0-7e3524cc8de5"        [_thread_blocked, id=38572, stack(0x000000d6f2300000,0x000000d6f2400000) (1024K)]
  0x000002b3f3bae330 JavaThread "Refresh Thread: Equinox Container: 0cf93037-8b25-4427-8af0-7e3524cc8de5" daemon [_thread_blocked, id=38600, stack(0x000000d6f2500000,0x000000d6f2600000) (1024K)]
  0x000002b3f802f450 JavaThread "Framework Event Dispatcher: Equinox Container: 0cf93037-8b25-4427-8af0-7e3524cc8de5" daemon [_thread_blocked, id=38616, stack(0x000000d6f2600000,0x000000d6f2700000) (1024K)]
  0x000002b3f802a280 JavaThread "Start Level: Equinox Container: 0cf93037-8b25-4427-8af0-7e3524cc8de5" daemon [_thread_blocked, id=38488, stack(0x000000d6f2700000,0x000000d6f2800000) (1024K)]
  0x000002b3f3bcaab0 JavaThread "Bundle File Closer"         daemon [_thread_blocked, id=38208, stack(0x000000d6f2a00000,0x000000d6f2b00000) (1024K)]
  0x000002b3f87fb000 JavaThread "SCR Component Actor"        daemon [_thread_blocked, id=39388, stack(0x000000d6f2b00000,0x000000d6f2c00000) (1024K)]
  0x000002b3f8383290 JavaThread "Worker-JM"                         [_thread_blocked, id=39612, stack(0x000000d6f2c00000,0x000000d6f2d00000) (1024K)]
  0x000002b3f35ba710 JavaThread "Worker-0: Repository registry initialization"        [_thread_in_vm, id=39768, stack(0x000000d6f2d00000,0x000000d6f2e00000) (1024K)]
  0x000002b3f35bada0 JavaThread "Worker-1: Updating Maven Dependencies"        [_thread_blocked, id=39772, stack(0x000000d6f2e00000,0x000000d6f2f00000) (1024K)]
=>0x000002b3f8393b10 JavaThread "C2 CompilerThread1"         daemon [_thread_in_native, id=39812, stack(0x000000d6f2f00000,0x000000d6f3000000) (1024K)]
  0x000002b3f35bbac0 JavaThread "Worker-2: Initialize After Load"        [_thread_blocked, id=38980, stack(0x000000d6f3000000,0x000000d6f3100000) (1024K)]
  0x000002b3f35bb430 JavaThread "Worker-3: Loading available Gradle versions"        [_thread_in_Java, id=29656, stack(0x000000d6f3100000,0x000000d6f3200000) (1024K)]
  0x000002b3f93f6500 JavaThread "Java indexing"              daemon [_thread_blocked, id=39084, stack(0x000000d6f3300000,0x000000d6f3400000) (1024K)]
  0x000002b3f93f9980 JavaThread "JNA Cleaner"                daemon [_thread_blocked, id=39124, stack(0x000000d6f3400000,0x000000d6f3500000) (1024K)]
  0x000002b3f93f85d0 JavaThread "Worker-4"                          [_thread_blocked, id=39184, stack(0x000000d6f3800000,0x000000d6f3900000) (1024K)]
  0x000002b3f93f8c60 JavaThread "Worker-5"                          [_thread_blocked, id=39140, stack(0x000000d6f3900000,0x000000d6f3a00000) (1024K)]
  0x000002b3f93f92f0 JavaThread "Thread-1"                   daemon [_thread_in_native, id=39076, stack(0x000000d6f3a00000,0x000000d6f3b00000) (1024K)]
  0x000002b3f93fa010 JavaThread "Thread-2"                   daemon [_thread_in_native, id=39136, stack(0x000000d6f3b00000,0x000000d6f3c00000) (1024K)]
  0x000002b3f93f6b90 JavaThread "Thread-3"                   daemon [_thread_in_native, id=39112, stack(0x000000d6f3c00000,0x000000d6f3d00000) (1024K)]
  0x000002b3f93fa6a0 JavaThread "Thread-4"                   daemon [_thread_in_native, id=39132, stack(0x000000d6f3d00000,0x000000d6f3e00000) (1024K)]
  0x000002b3f93f7220 JavaThread "Thread-5"                   daemon [_thread_in_native, id=39216, stack(0x000000d6f3e00000,0x000000d6f3f00000) (1024K)]
  0x000002b3f93fb3c0 JavaThread "Thread-6"                   daemon [_thread_in_native, id=39220, stack(0x000000d6f3f00000,0x000000d6f4000000) (1024K)]
  0x000002b3f93fc770 JavaThread "Thread-7"                   daemon [_thread_in_native, id=39224, stack(0x000000d6f4000000,0x000000d6f4100000) (1024K)]
  0x000002b3f93fad30 JavaThread "Thread-8"                   daemon [_thread_in_native, id=39228, stack(0x000000d6f4100000,0x000000d6f4200000) (1024K)]
  0x000002b3f93fba50 JavaThread "Thread-9"                   daemon [_thread_in_native, id=39232, stack(0x000000d6f4200000,0x000000d6f4300000) (1024K)]
  0x000002b3f93fc0e0 JavaThread "Thread-10"                  daemon [_thread_in_native, id=39236, stack(0x000000d6f4300000,0x000000d6f4400000) (1024K)]
  0x000002b3f93fdb20 JavaThread "Thread-11"                  daemon [_thread_in_native, id=39240, stack(0x000000d6f4400000,0x000000d6f4500000) (1024K)]
  0x000002b3f93fce00 JavaThread "Thread-12"                  daemon [_thread_in_native, id=39244, stack(0x000000d6f4500000,0x000000d6f4600000) (1024K)]
  0x000002b3f93fd490 JavaThread "Thread-13"                  daemon [_thread_in_native, id=39248, stack(0x000000d6f4600000,0x000000d6f4700000) (1024K)]
  0x000002b3f9cf9ac0 JavaThread "pool-2-thread-1"                   [_thread_blocked, id=39252, stack(0x000000d6f4700000,0x000000d6f4800000) (1024K)]
  0x000002b3f9cfa7e0 JavaThread "WorkspaceEventsHandler"            [_thread_blocked, id=39120, stack(0x000000d6f4900000,0x000000d6f4a00000) (1024K)]
  0x000002b3f9cfae70 JavaThread "pool-1-thread-1"                   [_thread_blocked, id=39212, stack(0x000000d6f4a00000,0x000000d6f4b00000) (1024K)]
  0x000002b3f84acbf0 JavaThread "C2 CompilerThread2"         daemon [_thread_in_native, id=39196, stack(0x000000d6f3200000,0x000000d6f3300000) (1024K)]
Total: 44

Other Threads:
  0x000002b3f11a6d80 VMThread "VM Thread"                           [id=38256, stack(0x000000d6f1200000,0x000000d6f1300000) (1024K)]
  0x000002b3f109ca00 WatcherThread "VM Periodic Task Thread"        [id=37988, stack(0x000000d6f1100000,0x000000d6f1200000) (1024K)]
  0x000002b3da72c4c0 WorkerThread "GC Thread#0"                     [id=37968, stack(0x000000d6f1000000,0x000000d6f1100000) (1024K)]
  0x000002b3f38c8ae0 WorkerThread "GC Thread#1"                     [id=38664, stack(0x000000d6f1d00000,0x000000d6f1e00000) (1024K)]
  0x000002b3f38c8e90 WorkerThread "GC Thread#2"                     [id=38304, stack(0x000000d6f1e00000,0x000000d6f1f00000) (1024K)]
  0x000002b3f36fe2c0 WorkerThread "GC Thread#3"                     [id=30260, stack(0x000000d6f1f00000,0x000000d6f2000000) (1024K)]
  0x000002b3f36fe670 WorkerThread "GC Thread#4"                     [id=34620, stack(0x000000d6f2000000,0x000000d6f2100000) (1024K)]
  0x000002b3f36fea20 WorkerThread "GC Thread#5"                     [id=38104, stack(0x000000d6f2100000,0x000000d6f2200000) (1024K)]
  0x000002b3f3672750 WorkerThread "GC Thread#6"                     [id=29784, stack(0x000000d6f2200000,0x000000d6f2300000) (1024K)]
  0x000002b3f3bb5e70 WorkerThread "GC Thread#7"                     [id=38344, stack(0x000000d6f2400000,0x000000d6f2500000) (1024K)]
  0x000002b3f84d7820 WorkerThread "GC Thread#8"                     [id=38116, stack(0x000000d6f2800000,0x000000d6f2900000) (1024K)]
  0x000002b3f826f710 WorkerThread "GC Thread#9"                     [id=29048, stack(0x000000d6f2900000,0x000000d6f2a00000) (1024K)]
Total: 12

Threads with active compile tasks:
C2 CompilerThread0  16385 5161       4       org.eclipse.osgi.internal.container.KeyBasedLockStore::getLock (105 bytes)
C1 CompilerThread0  16386 5165       3       java.time.temporal.ValueRange::isValidIntValue (21 bytes)
C2 CompilerThread1  16386 4532   !   4       org.eclipse.osgi.internal.loader.classpath.ClasspathManager::findClassImpl (328 bytes)
C2 CompilerThread2  16386 5126       4       java.io.DataInputStream::readChar (19 bytes)
Total: 4

VM state: not at safepoint (normal execution)

VM Mutex/Monitor currently owned by a thread: None

Heap address: 0x0000000080000000, size: 2048 MB, Compressed Oops mode: 32-bit

CDS archive(s) mapped at: [0x000002b380000000-0x000002b380ba0000-0x000002b380ba0000), size 12189696, SharedBaseAddress: 0x000002b380000000, ArchiveRelocationMode: 1.
Compressed class space mapped at: 0x000002b381000000-0x000002b3c1000000, reserved size: 1073741824
Narrow klass base: 0x000002b380000000, Narrow klass shift: 0, Narrow klass range: 0x100000000

GC Precious Log:
 CardTable entry size: 512
 CPUs: 12 total, 12 available
 Memory: 7598M
 Large Page Support: Disabled
 NUMA Support: Disabled
 Compressed Oops: Enabled (32-bit)
 Alignments: Space 512K, Generation 512K, Heap 2M
 Heap Min Capacity: 100M
 Heap Initial Capacity: 100M
 Heap Max Capacity: 2G
 Pre-touch: Disabled
 Parallel Workers: 10

Heap:
 PSYoungGen      total 23552K, used 20420K [0x00000000d5580000, 0x00000000d7100000, 0x0000000100000000)
  eden space 22016K, 85% used [0x00000000d5580000,0x00000000d67f1348,0x00000000d6b00000)
  from space 1536K, 100% used [0x00000000d6e80000,0x00000000d7000000,0x00000000d7000000)
  to   space 1024K, 0% used [0x00000000d7000000,0x00000000d7000000,0x00000000d7100000)
 ParOldGen       total 68608K, used 19457K [0x0000000080000000, 0x0000000084300000, 0x00000000d5580000)
  object space 68608K, 28% used [0x0000000080000000,0x0000000081300730,0x0000000084300000)
 Metaspace       used 42891K, committed 44032K, reserved 1114112K
  class space    used 4663K, committed 5184K, reserved 1048576K

Card table byte_map: [0x000002b3da0b0000,0x000002b3da4c0000] _byte_map_base: 0x000002b3d9cb0000

Marking Bits: (ParMarkBitMap*) 0x00007ffa71c44460
 Begin Bits: [0x000002b3ecbc0000, 0x000002b3eebc0000)
 End Bits:   [0x000002b3eebc0000, 0x000002b3f0bc0000)

Polling page: 0x000002b3d85c0000

Metaspace:

Usage:
  Non-class:     37.34 MB used.
      Class:      4.56 MB used.
       Both:     41.89 MB used.

Virtual space:
  Non-class space:       64.00 MB reserved,      37.94 MB ( 59%) committed,  1 nodes.
      Class space:        1.00 GB reserved,       5.06 MB ( <1%) committed,  1 nodes.
             Both:        1.06 GB reserved,      43.00 MB (  4%) committed. 

Chunk freelists:
   Non-Class:  9.50 MB
       Class:  10.84 MB
        Both:  20.34 MB

MaxMetaspaceSize: unlimited
CompressedClassSpaceSize: 1.00 GB
Initial GC threshold: 21.00 MB
Current GC threshold: 58.38 MB
CDS: on
 - commit_granule_bytes: 65536.
 - commit_granule_words: 8192.
 - virtual_space_node_default_size: 8388608.
 - enlarge_chunks_in_place: 1.
 - use_allocation_guard: 0.


Internal statistics:

num_allocs_failed_limit: 6.
num_arena_births: 800.
num_arena_deaths: 26.
num_vsnodes_births: 2.
num_vsnodes_deaths: 0.
num_space_committed: 688.
num_space_uncommitted: 0.
num_chunks_returned_to_freelist: 35.
num_chunks_taken_from_freelist: 2666.
num_chunk_merges: 12.
num_chunk_splits: 1599.
num_chunks_enlarged: 851.
num_inconsistent_stats: 0.

CodeHeap 'non-profiled nmethods': size=120000Kb used=2150Kb max_used=2150Kb free=117849Kb
 bounds [0x000002b3e53e0000, 0x000002b3e5650000, 0x000002b3ec910000]
CodeHeap 'profiled nmethods': size=120000Kb used=9096Kb max_used=9508Kb free=110903Kb
 bounds [0x000002b3dd910000, 0x000002b3de260000, 0x000002b3e4e40000]
CodeHeap 'non-nmethods': size=5760Kb used=1373Kb max_used=1406Kb free=4387Kb
 bounds [0x000002b3e4e40000, 0x000002b3e50b0000, 0x000002b3e53e0000]
CodeCache: size=245760Kb, used=12619Kb, max_used=13064Kb, free=233139Kb
 total_blobs=5292, nmethods=4621, adapters=577, full_count=0
Compilation: enabled, stopped_count=0, restarted_count=0

Compilation events (20 events):
Event: 15.352 Thread 0x000002b3f255b780 nmethod 5088 0x000002b3ddcd5b10 code [0x000002b3ddcd5d20, 0x000002b3ddcd6370]
Event: 15.352 Thread 0x000002b3f255b780 5094       3       com.google.common.collect.UnmodifiableIterator::<init> (5 bytes)
Event: 15.353 Thread 0x000002b3f255b780 nmethod 5094 0x000002b3ddcd5710 code [0x000002b3ddcd58c0, 0x000002b3ddcd5a28]
Event: 15.353 Thread 0x000002b3f255b780 5090       3       com.google.common.cache.LocalCache$LoadingValueReference::set (9 bytes)
Event: 15.353 Thread 0x000002b3f84acbf0 nmethod 5095 0x000002b3e542fc10 code [0x000002b3e542fda0, 0x000002b3e542fe38]
Event: 15.354 Thread 0x000002b3f255b780 nmethod 5090 0x000002b3ddcd4290 code [0x000002b3ddcd4540, 0x000002b3ddcd5228]
Event: 15.354 Thread 0x000002b3f255b780 5089       3       com.google.common.cache.LocalCache$Segment::preWriteCleanup (6 bytes)
Event: 15.354 Thread 0x000002b3f255b780 nmethod 5089 0x000002b3ddfb9e10 code [0x000002b3ddfb9fc0, 0x000002b3ddfba0f8]
Event: 15.354 Thread 0x000002b3f255b780 5091       3       com.google.common.util.concurrent.SettableFuture::set (6 bytes)
Event: 15.355 Thread 0x000002b3f255b780 nmethod 5091 0x000002b3ddfb8c10 code [0x000002b3ddfb8ea0, 0x000002b3ddfb99a8]
Event: 15.355 Thread 0x000002b3f255b780 5093       3       java.util.Collections$EmptySet::toArray (11 bytes)
Event: 15.355 Thread 0x000002b3f255b780 nmethod 5093 0x000002b3ddfb8690 code [0x000002b3ddfb8840, 0x000002b3ddfb8af0]
Event: 15.355 Thread 0x000002b3f255b780 5096       3       com.google.common.cache.LocalCache::evictsBySize (15 bytes)
Event: 15.355 Thread 0x000002b3f255b780 nmethod 5096 0x000002b3ddfb8310 code [0x000002b3ddfb84a0, 0x000002b3ddfb8608]
Event: 15.451 Thread 0x000002b3f255b780 5097       3       java.util.regex.Pattern::DOT (6 bytes)
Event: 15.451 Thread 0x000002b3f255b780 nmethod 5097 0x000002b3ddfb7e10 code [0x000002b3ddfb7fc0, 0x000002b3ddfb8238]
Event: 15.451 Thread 0x000002b3f255b780 5098       3       java.util.regex.Pattern$CharProperty::<init> (10 bytes)
Event: 15.451 Thread 0x000002b3f255b780 nmethod 5098 0x000002b3ddfb7990 code [0x000002b3ddfb7b40, 0x000002b3ddfb7d40]
Event: 15.522 Thread 0x000002b3f255b780 5099       3       org.eclipse.core.internal.jobs.InternalJob::getState (60 bytes)
Event: 15.522 Thread 0x000002b3f255b780 nmethod 5099 0x000002b3ddfb7510 code [0x000002b3ddfb76c0, 0x000002b3ddfb78e8]

GC Heap History (20 events):
Event: 12.070 GC heap before
{Heap before GC invocations=8 (full 1):
 PSYoungGen      total 29184K, used 4334K [0x00000000d5580000, 0x00000000d7680000, 0x0000000100000000)
  eden space 24576K, 0% used [0x00000000d5580000,0x00000000d5580000,0x00000000d6d80000)
  from space 4608K, 94% used [0x00000000d6e80000,0x00000000d72bb950,0x00000000d7300000)
  to   space 3584K, 0% used [0x00000000d7300000,0x00000000d7300000,0x00000000d7680000)
 ParOldGen       total 68608K, used 9368K [0x0000000080000000, 0x0000000084300000, 0x00000000d5580000)
  object space 68608K, 13% used [0x0000000080000000,0x0000000080926110,0x0000000084300000)
 Metaspace       used 20758K, committed 21504K, reserved 1114112K
  class space    used 2171K, committed 2496K, reserved 1048576K
}
Event: 12.121 GC heap after
{Heap after GC invocations=8 (full 1):
 PSYoungGen      total 29184K, used 0K [0x00000000d5580000, 0x00000000d7680000, 0x0000000100000000)
  eden space 24576K, 0% used [0x00000000d5580000,0x00000000d5580000,0x00000000d6d80000)
  from space 4608K, 0% used [0x00000000d6e80000,0x00000000d6e80000,0x00000000d7300000)
  to   space 3584K, 0% used [0x00000000d7300000,0x00000000d7300000,0x00000000d7680000)
 ParOldGen       total 68608K, used 13108K [0x0000000080000000, 0x0000000084300000, 0x00000000d5580000)
  object space 68608K, 19% used [0x0000000080000000,0x0000000080ccd178,0x0000000084300000)
 Metaspace       used 20745K, committed 21504K, reserved 1114112K
  class space    used 2168K, committed 2496K, reserved 1048576K
}
Event: 13.334 GC heap before
{Heap before GC invocations=9 (full 1):
 PSYoungGen      total 29184K, used 24576K [0x00000000d5580000, 0x00000000d7680000, 0x0000000100000000)
  eden space 24576K, 100% used [0x00000000d5580000,0x00000000d6d80000,0x00000000d6d80000)
  from space 4608K, 0% used [0x00000000d6e80000,0x00000000d6e80000,0x00000000d7300000)
  to   space 3584K, 0% used [0x00000000d7300000,0x00000000d7300000,0x00000000d7680000)
 ParOldGen       total 68608K, used 13113K [0x0000000080000000, 0x0000000084300000, 0x00000000d5580000)
  object space 68608K, 19% used [0x0000000080000000,0x0000000080cce438,0x0000000084300000)
 Metaspace       used 22864K, committed 23808K, reserved 1114112K
  class space    used 2365K, committed 2816K, reserved 1048576K
}
Event: 13.335 GC heap after
{Heap after GC invocations=9 (full 1):
 PSYoungGen      total 25600K, used 625K [0x00000000d5580000, 0x00000000d7400000, 0x0000000100000000)
  eden space 24576K, 0% used [0x00000000d5580000,0x00000000d5580000,0x00000000d6d80000)
  from space 1024K, 61% used [0x00000000d7300000,0x00000000d739c520,0x00000000d7400000)
  to   space 2048K, 0% used [0x00000000d7000000,0x00000000d7000000,0x00000000d7200000)
 ParOldGen       total 68608K, used 13121K [0x0000000080000000, 0x0000000084300000, 0x00000000d5580000)
  object space 68608K, 19% used [0x0000000080000000,0x0000000080cd0438,0x0000000084300000)
 Metaspace       used 22864K, committed 23808K, reserved 1114112K
  class space    used 2365K, committed 2816K, reserved 1048576K
}
Event: 13.693 GC heap before
{Heap before GC invocations=10 (full 1):
 PSYoungGen      total 25600K, used 25201K [0x00000000d5580000, 0x00000000d7400000, 0x0000000100000000)
  eden space 24576K, 100% used [0x00000000d5580000,0x00000000d6d80000,0x00000000d6d80000)
  from space 1024K, 61% used [0x00000000d7300000,0x00000000d739c520,0x00000000d7400000)
  to   space 2048K, 0% used [0x00000000d7000000,0x00000000d7000000,0x00000000d7200000)
 ParOldGen       total 68608K, used 13123K [0x0000000080000000, 0x0000000084300000, 0x00000000d5580000)
  object space 68608K, 19% used [0x0000000080000000,0x0000000080cd0e10,0x0000000084300000)
 Metaspace       used 26379K, committed 27264K, reserved 1114112K
  class space    used 2743K, committed 3136K, reserved 1048576K
}
Event: 13.697 GC heap after
{Heap after GC invocations=10 (full 1):
 PSYoungGen      total 26112K, used 2021K [0x00000000d5580000, 0x00000000d7400000, 0x0000000100000000)
  eden space 24064K, 0% used [0x00000000d5580000,0x00000000d5580000,0x00000000d6d00000)
  from space 2048K, 98% used [0x00000000d7000000,0x00000000d71f96e8,0x00000000d7200000)
  to   space 2048K, 0% used [0x00000000d7200000,0x00000000d7200000,0x00000000d7400000)
 ParOldGen       total 68608K, used 13867K [0x0000000080000000, 0x0000000084300000, 0x00000000d5580000)
  object space 68608K, 20% used [0x0000000080000000,0x0000000080d8ac30,0x0000000084300000)
 Metaspace       used 26379K, committed 27264K, reserved 1114112K
  class space    used 2743K, committed 3136K, reserved 1048576K
}
Event: 13.905 GC heap before
{Heap before GC invocations=11 (full 1):
 PSYoungGen      total 26112K, used 26085K [0x00000000d5580000, 0x00000000d7400000, 0x0000000100000000)
  eden space 24064K, 100% used [0x00000000d5580000,0x00000000d6d00000,0x00000000d6d00000)
  from space 2048K, 98% used [0x00000000d7000000,0x00000000d71f96e8,0x00000000d7200000)
  to   space 2048K, 0% used [0x00000000d7200000,0x00000000d7200000,0x00000000d7400000)
 ParOldGen       total 68608K, used 13867K [0x0000000080000000, 0x0000000084300000, 0x00000000d5580000)
  object space 68608K, 20% used [0x0000000080000000,0x0000000080d8ac30,0x0000000084300000)
 Metaspace       used 28074K, committed 28928K, reserved 1114112K
  class space    used 2886K, committed 3264K, reserved 1048576K
}
Event: 13.909 GC heap after
{Heap after GC invocations=11 (full 1):
 PSYoungGen      total 25600K, used 1667K [0x00000000d5580000, 0x00000000d7400000, 0x0000000100000000)
  eden space 23552K, 0% used [0x00000000d5580000,0x00000000d5580000,0x00000000d6c80000)
  from space 2048K, 81% used [0x00000000d7200000,0x00000000d73a0cb0,0x00000000d7400000)
  to   space 2560K, 0% used [0x00000000d6f00000,0x00000000d6f00000,0x00000000d7180000)
 ParOldGen       total 68608K, used 15677K [0x0000000080000000, 0x0000000084300000, 0x00000000d5580000)
  object space 68608K, 22% used [0x0000000080000000,0x0000000080f4f650,0x0000000084300000)
 Metaspace       used 28074K, committed 28928K, reserved 1114112K
  class space    used 2886K, committed 3264K, reserved 1048576K
}
Event: 14.204 GC heap before
{Heap before GC invocations=12 (full 1):
 PSYoungGen      total 25600K, used 25219K [0x00000000d5580000, 0x00000000d7400000, 0x0000000100000000)
  eden space 23552K, 100% used [0x00000000d5580000,0x00000000d6c80000,0x00000000d6c80000)
  from space 2048K, 81% used [0x00000000d7200000,0x00000000d73a0cb0,0x00000000d7400000)
  to   space 2560K, 0% used [0x00000000d6f00000,0x00000000d6f00000,0x00000000d7180000)
 ParOldGen       total 68608K, used 15677K [0x0000000080000000, 0x0000000084300000, 0x00000000d5580000)
  object space 68608K, 22% used [0x0000000080000000,0x0000000080f4f650,0x0000000084300000)
 Metaspace       used 29589K, committed 30464K, reserved 1114112K
  class space    used 3053K, committed 3392K, reserved 1048576K
}
Event: 14.208 GC heap after
{Heap after GC invocations=12 (full 1):
 PSYoungGen      total 24576K, used 1156K [0x00000000d5580000, 0x00000000d7280000, 0x0000000100000000)
  eden space 23040K, 0% used [0x00000000d5580000,0x00000000d5580000,0x00000000d6c00000)
  from space 1536K, 75% used [0x00000000d6f00000,0x00000000d7021350,0x00000000d7080000)
  to   space 1536K, 0% used [0x00000000d7100000,0x00000000d7100000,0x00000000d7280000)
 ParOldGen       total 68608K, used 17105K [0x0000000080000000, 0x0000000084300000, 0x00000000d5580000)
  object space 68608K, 24% used [0x0000000080000000,0x00000000810b4658,0x0000000084300000)
 Metaspace       used 29589K, committed 30464K, reserved 1114112K
  class space    used 3053K, committed 3392K, reserved 1048576K
}
Event: 14.490 GC heap before
{Heap before GC invocations=13 (full 1):
 PSYoungGen      total 24576K, used 24196K [0x00000000d5580000, 0x00000000d7280000, 0x0000000100000000)
  eden space 23040K, 100% used [0x00000000d5580000,0x00000000d6c00000,0x00000000d6c00000)
  from space 1536K, 75% used [0x00000000d6f00000,0x00000000d7021350,0x00000000d7080000)
  to   space 1536K, 0% used [0x00000000d7100000,0x00000000d7100000,0x00000000d7280000)
 ParOldGen       total 68608K, used 17105K [0x0000000080000000, 0x0000000084300000, 0x00000000d5580000)
  object space 68608K, 24% used [0x0000000080000000,0x00000000810b4658,0x0000000084300000)
 Metaspace       used 32468K, committed 33408K, reserved 1114112K
  class space    used 3388K, committed 3776K, reserved 1048576K
}
Event: 14.492 GC heap after
{Heap after GC invocations=13 (full 1):
 PSYoungGen      total 23552K, used 992K [0x00000000d5580000, 0x00000000d7200000, 0x0000000100000000)
  eden space 22528K, 0% used [0x00000000d5580000,0x00000000d5580000,0x00000000d6b80000)
  from space 1024K, 96% used [0x00000000d7100000,0x00000000d71f8000,0x00000000d7200000)
  to   space 1536K, 0% used [0x00000000d6f00000,0x00000000d6f00000,0x00000000d7080000)
 ParOldGen       total 68608K, used 18003K [0x0000000080000000, 0x0000000084300000, 0x00000000d5580000)
  object space 68608K, 26% used [0x0000000080000000,0x0000000081194f00,0x0000000084300000)
 Metaspace       used 32468K, committed 33408K, reserved 1114112K
  class space    used 3388K, committed 3776K, reserved 1048576K
}
Event: 14.757 GC heap before
{Heap before GC invocations=14 (full 1):
 PSYoungGen      total 23552K, used 20590K [0x00000000d5580000, 0x00000000d7200000, 0x0000000100000000)
  eden space 22528K, 86% used [0x00000000d5580000,0x00000000d68a3a28,0x00000000d6b80000)
  from space 1024K, 96% used [0x00000000d7100000,0x00000000d71f8000,0x00000000d7200000)
  to   space 1536K, 0% used [0x00000000d6f00000,0x00000000d6f00000,0x00000000d7080000)
 ParOldGen       total 68608K, used 18003K [0x0000000080000000, 0x0000000084300000, 0x00000000d5580000)
  object space 68608K, 26% used [0x0000000080000000,0x0000000081194f00,0x0000000084300000)
 Metaspace       used 34841K, committed 35840K, reserved 1114112K
  class space    used 3677K, committed 4096K, reserved 1048576K
}
Event: 14.760 GC heap after
{Heap after GC invocations=14 (full 1):
 PSYoungGen      total 24064K, used 1482K [0x00000000d5580000, 0x00000000d7180000, 0x0000000100000000)
  eden space 22528K, 0% used [0x00000000d5580000,0x00000000d5580000,0x00000000d6b80000)
  from space 1536K, 96% used [0x00000000d6f00000,0x00000000d7072af0,0x00000000d7080000)
  to   space 1024K, 0% used [0x00000000d7080000,0x00000000d7080000,0x00000000d7180000)
 ParOldGen       total 68608K, used 18829K [0x0000000080000000, 0x0000000084300000, 0x00000000d5580000)
  object space 68608K, 27% used [0x0000000080000000,0x0000000081263498,0x0000000084300000)
 Metaspace       used 34841K, committed 35840K, reserved 1114112K
  class space    used 3677K, committed 4096K, reserved 1048576K
}
Event: 14.760 GC heap before
{Heap before GC invocations=15 (full 2):
 PSYoungGen      total 24064K, used 1482K [0x00000000d5580000, 0x00000000d7180000, 0x0000000100000000)
  eden space 22528K, 0% used [0x00000000d5580000,0x00000000d5580000,0x00000000d6b80000)
  from space 1536K, 96% used [0x00000000d6f00000,0x00000000d7072af0,0x00000000d7080000)
  to   space 1024K, 0% used [0x00000000d7080000,0x00000000d7080000,0x00000000d7180000)
 ParOldGen       total 68608K, used 18829K [0x0000000080000000, 0x0000000084300000, 0x00000000d5580000)
  object space 68608K, 27% used [0x0000000080000000,0x0000000081263498,0x0000000084300000)
 Metaspace       used 34841K, committed 35840K, reserved 1114112K
  class space    used 3677K, committed 4096K, reserved 1048576K
}
Event: 14.807 GC heap after
{Heap after GC invocations=15 (full 2):
 PSYoungGen      total 24064K, used 0K [0x00000000d5580000, 0x00000000d7180000, 0x0000000100000000)
  eden space 22528K, 0% used [0x00000000d5580000,0x00000000d5580000,0x00000000d6b80000)
  from space 1536K, 0% used [0x00000000d6f00000,0x00000000d6f00000,0x00000000d7080000)
  to   space 1024K, 0% used [0x00000000d7080000,0x00000000d7080000,0x00000000d7180000)
 ParOldGen       total 68608K, used 17870K [0x0000000080000000, 0x0000000084300000, 0x00000000d5580000)
  object space 68608K, 26% used [0x0000000080000000,0x0000000081173858,0x0000000084300000)
 Metaspace       used 34831K, committed 35840K, reserved 1114112K
  class space    used 3674K, committed 4096K, reserved 1048576K
}
Event: 15.021 GC heap before
{Heap before GC invocations=16 (full 2):
 PSYoungGen      total 24064K, used 22462K [0x00000000d5580000, 0x00000000d7180000, 0x0000000100000000)
  eden space 22528K, 99% used [0x00000000d5580000,0x00000000d6b6fb58,0x00000000d6b80000)
  from space 1536K, 0% used [0x00000000d6f00000,0x00000000d6f00000,0x00000000d7080000)
  to   space 1024K, 0% used [0x00000000d7080000,0x00000000d7080000,0x00000000d7180000)
 ParOldGen       total 68608K, used 17870K [0x0000000080000000, 0x0000000084300000, 0x00000000d5580000)
  object space 68608K, 26% used [0x0000000080000000,0x0000000081173858,0x0000000084300000)
 Metaspace       used 38074K, committed 39104K, reserved 1114112K
  class space    used 4054K, committed 4480K, reserved 1048576K
}
Event: 15.024 GC heap after
{Heap after GC invocations=16 (full 2):
 PSYoungGen      total 23040K, used 992K [0x00000000d5580000, 0x00000000d7180000, 0x0000000100000000)
  eden space 22016K, 0% used [0x00000000d5580000,0x00000000d5580000,0x00000000d6b00000)
  from space 1024K, 96% used [0x00000000d7080000,0x00000000d7178030,0x00000000d7180000)
  to   space 1536K, 0% used [0x00000000d6e80000,0x00000000d6e80000,0x00000000d7000000)
 ParOldGen       total 68608K, used 18374K [0x0000000080000000, 0x0000000084300000, 0x00000000d5580000)
  object space 68608K, 26% used [0x0000000080000000,0x00000000811f18b8,0x0000000084300000)
 Metaspace       used 38074K, committed 39104K, reserved 1114112K
  class space    used 4054K, committed 4480K, reserved 1048576K
}
Event: 15.188 GC heap before
{Heap before GC invocations=17 (full 2):
 PSYoungGen      total 23040K, used 23008K [0x00000000d5580000, 0x00000000d7180000, 0x0000000100000000)
  eden space 22016K, 100% used [0x00000000d5580000,0x00000000d6b00000,0x00000000d6b00000)
  from space 1024K, 96% used [0x00000000d7080000,0x00000000d7178030,0x00000000d7180000)
  to   space 1536K, 0% used [0x00000000d6e80000,0x00000000d6e80000,0x00000000d7000000)
 ParOldGen       total 68608K, used 18374K [0x0000000080000000, 0x0000000084300000, 0x00000000d5580000)
  object space 68608K, 26% used [0x0000000080000000,0x00000000811f18b8,0x0000000084300000)
 Metaspace       used 40319K, committed 41408K, reserved 1114112K
  class space    used 4342K, committed 4800K, reserved 1048576K
}
Event: 15.190 GC heap after
{Heap after GC invocations=17 (full 2):
 PSYoungGen      total 23552K, used 1536K [0x00000000d5580000, 0x00000000d7100000, 0x0000000100000000)
  eden space 22016K, 0% used [0x00000000d5580000,0x00000000d5580000,0x00000000d6b00000)
  from space 1536K, 100% used [0x00000000d6e80000,0x00000000d7000000,0x00000000d7000000)
  to   space 1024K, 0% used [0x00000000d7000000,0x00000000d7000000,0x00000000d7100000)
 ParOldGen       total 68608K, used 19457K [0x0000000080000000, 0x0000000084300000, 0x00000000d5580000)
  object space 68608K, 28% used [0x0000000080000000,0x0000000081300730,0x0000000084300000)
 Metaspace       used 40319K, committed 41408K, reserved 1114112K
  class space    used 4342K, committed 4800K, reserved 1048576K
}

Dll operation events (12 events):
Event: 0.019 Loaded shared library c:\Users\Admin\.vscode\extensions\redhat.java-1.55.0-win32-x64\jre\21.0.11-win32-x86_64\bin\java.dll
Event: 0.261 Loaded shared library c:\Users\Admin\.vscode\extensions\redhat.java-1.55.0-win32-x64\jre\21.0.11-win32-x86_64\bin\zip.dll
Event: 0.310 Loaded shared library C:\Users\Admin\.vscode\extensions\redhat.java-1.55.0-win32-x64\jre\21.0.11-win32-x86_64\bin\instrument.dll
Event: 0.319 Loaded shared library C:\Users\Admin\.vscode\extensions\redhat.java-1.55.0-win32-x64\jre\21.0.11-win32-x86_64\bin\net.dll
Event: 0.323 Loaded shared library C:\Users\Admin\.vscode\extensions\redhat.java-1.55.0-win32-x64\jre\21.0.11-win32-x86_64\bin\nio.dll
Event: 0.339 Loaded shared library C:\Users\Admin\.vscode\extensions\redhat.java-1.55.0-win32-x64\jre\21.0.11-win32-x86_64\bin\zip.dll
Event: 0.405 Loaded shared library C:\Users\Admin\.vscode\extensions\redhat.java-1.55.0-win32-x64\jre\21.0.11-win32-x86_64\bin\jimage.dll
Event: 0.611 Loaded shared library c:\Users\Admin\.vscode\extensions\redhat.java-1.55.0-win32-x64\jre\21.0.11-win32-x86_64\bin\verify.dll
Event: 3.530 Loaded shared library C:\Users\Admin\AppData\Roaming\Code\User\globalStorage\redhat.java\1.55.0\config_win\org.eclipse.equinox.launcher\org.eclipse.equinox.launcher.win32.win32.x86_64_1.3.100.v20260613-0559\eclipse_11924.dll
Event: 14.580 Loaded shared library C:\Users\Admin\AppData\Local\Temp\jna-63116079\jna16208128154365686553.dll
Event: 14.857 Loaded shared library C:\Users\Admin\.vscode\extensions\redhat.java-1.55.0-win32-x64\jre\21.0.11-win32-x86_64\bin\sunmscapi.dll
Event: 15.308 Loaded shared library C:\Users\Admin\.vscode\extensions\redhat.java-1.55.0-win32-x64\jre\21.0.11-win32-x86_64\bin\extnet.dll

Deoptimization events (20 events):
Event: 15.308 Thread 0x000002b3da70e250 Uncommon trap: trap_request=0xffffffde fr.pc=0x000002b3e5513270 relative=0x0000000000000050
Event: 15.308 Thread 0x000002b3da70e250 Uncommon trap: reason=class_check action=maybe_recompile pc=0x000002b3e5513270 method=java.lang.invoke.DirectMethodHandle.internalMemberName(Ljava/lang/Object;)Ljava/lang/Object; @ 1 c2
Event: 15.308 Thread 0x000002b3da70e250 DEOPT PACKING pc=0x000002b3e5513270 sp=0x000000d6f0ffe5c0
Event: 15.308 Thread 0x000002b3da70e250 DEOPT UNPACKING pc=0x000002b3e4e93aa2 sp=0x000000d6f0ffe550 mode 2
Event: 15.345 Thread 0x000002b3da70e250 Uncommon trap: trap_request=0xffffffc6 fr.pc=0x000002b3e5579120 relative=0x0000000000000a40
Event: 15.345 Thread 0x000002b3da70e250 Uncommon trap: reason=bimorphic_or_optimized_type_check action=maybe_recompile pc=0x000002b3e5579120 method=java.util.regex.Pattern$Start.match(Ljava/util/regex/Matcher;ILjava/lang/CharSequence;)Z @ 44 c2
Event: 15.345 Thread 0x000002b3da70e250 DEOPT PACKING pc=0x000002b3e5579120 sp=0x000000d6f0ffe6d0
Event: 15.345 Thread 0x000002b3da70e250 DEOPT UNPACKING pc=0x000002b3e4e93aa2 sp=0x000000d6f0ffe650 mode 2
Event: 15.346 Thread 0x000002b3da70e250 Uncommon trap: trap_request=0xffffff45 fr.pc=0x000002b3e5512b28 relative=0x00000000000000e8
Event: 15.346 Thread 0x000002b3da70e250 Uncommon trap: reason=unstable_if action=reinterpret pc=0x000002b3e5512b28 method=java.lang.CharacterDataLatin1.digit(II)I @ 7 c2
Event: 15.346 Thread 0x000002b3da70e250 DEOPT PACKING pc=0x000002b3e5512b28 sp=0x000000d6f0ffe770
Event: 15.346 Thread 0x000002b3da70e250 DEOPT UNPACKING pc=0x000002b3e4e93aa2 sp=0x000000d6f0ffe630 mode 2
Event: 15.346 Thread 0x000002b3da70e250 Uncommon trap: trap_request=0xffffff45 fr.pc=0x000002b3e541c748 relative=0x00000000000000a8
Event: 15.346 Thread 0x000002b3da70e250 Uncommon trap: reason=unstable_if action=reinterpret pc=0x000002b3e541c748 method=java.lang.CharacterDataLatin1.digit(II)I @ 7 c2
Event: 15.346 Thread 0x000002b3da70e250 DEOPT PACKING pc=0x000002b3e541c748 sp=0x000000d6f0ffe6d0
Event: 15.346 Thread 0x000002b3da70e250 DEOPT UNPACKING pc=0x000002b3e4e93aa2 sp=0x000000d6f0ffe650 mode 2
Event: 15.350 Thread 0x000002b3da70e250 Uncommon trap: trap_request=0xffffff45 fr.pc=0x000002b3e55790f8 relative=0x0000000000000a18
Event: 15.350 Thread 0x000002b3da70e250 Uncommon trap: reason=unstable_if action=reinterpret pc=0x000002b3e55790f8 method=java.util.regex.Pattern$BmpCharPropertyGreedy.match(Ljava/util/regex/Matcher;ILjava/lang/CharSequence;)Z @ 12 c2
Event: 15.350 Thread 0x000002b3da70e250 DEOPT PACKING pc=0x000002b3e55790f8 sp=0x000000d6f0ffdff0
Event: 15.350 Thread 0x000002b3da70e250 DEOPT UNPACKING pc=0x000002b3e4e93aa2 sp=0x000000d6f0ffdef8 mode 2

Classes loaded (20 events):
Event: 15.343 Loading class sun/nio/ch/WindowsAsynchronousFileChannelImpl$ReadTask
Event: 15.344 Loading class sun/nio/ch/Iocp$ResultHandler
Event: 15.344 Loading class sun/nio/ch/Iocp$ResultHandler done
Event: 15.344 Loading class sun/nio/ch/WindowsAsynchronousFileChannelImpl$ReadTask done
Event: 15.345 Loading class java/text/ParsePosition
Event: 15.346 Loading class java/text/ParsePosition done
Event: 15.346 Loading class java/text/CalendarBuilder
Event: 15.346 Loading class java/text/CalendarBuilder done
Event: 15.347 Loading class sun/util/locale/provider/CalendarDataUtility$CalendarFieldValueNamesMapGetter
Event: 15.347 Loading class sun/util/locale/provider/CalendarDataUtility$CalendarFieldValueNamesMapGetter done
Event: 15.348 Loading class sun/util/cldr/CLDRCalendarNameProviderImpl
Event: 15.348 Loading class sun/util/locale/provider/CalendarNameProviderImpl
Event: 15.348 Loading class sun/util/locale/provider/CalendarNameProviderImpl done
Event: 15.348 Loading class sun/util/cldr/CLDRCalendarNameProviderImpl done
Event: 15.349 Loading class sun/util/locale/provider/BaseLocaleDataMetaInfo
Event: 15.349 Loading class sun/util/locale/provider/BaseLocaleDataMetaInfo done
Event: 15.351 Loading class sun/util/locale/provider/CalendarNameProviderImpl$LengthBasedComparator
Event: 15.351 Loading class sun/util/locale/provider/CalendarNameProviderImpl$LengthBasedComparator done
Event: 15.372 Loading class javax/net/ssl/SNIHostName
Event: 15.372 Loading class javax/net/ssl/SNIServerName

Classes unloaded (13 events):
Event: 12.077 Thread 0x000002b3f11a6d80 Unloading class 0x000002b3811aac00 'java/lang/invoke/LambdaForm$MH+0x000002b3811aac00'
Event: 12.077 Thread 0x000002b3f11a6d80 Unloading class 0x000002b3811aa800 'java/lang/invoke/LambdaForm$MH+0x000002b3811aa800'
Event: 12.077 Thread 0x000002b3f11a6d80 Unloading class 0x000002b3811aa400 'java/lang/invoke/LambdaForm$MH+0x000002b3811aa400'
Event: 12.077 Thread 0x000002b3f11a6d80 Unloading class 0x000002b3811aa000 'java/lang/invoke/LambdaForm$MH+0x000002b3811aa000'
Event: 12.077 Thread 0x000002b3f11a6d80 Unloading class 0x000002b3811a9c00 'java/lang/invoke/LambdaForm$BMH+0x000002b3811a9c00'
Event: 12.077 Thread 0x000002b3f11a6d80 Unloading class 0x000002b3811a9800 'java/lang/invoke/LambdaForm$DMH+0x000002b3811a9800'
Event: 12.077 Thread 0x000002b3f11a6d80 Unloading class 0x000002b3811a8400 'java/lang/invoke/LambdaForm$DMH+0x000002b3811a8400'
Event: 14.768 Thread 0x000002b3f11a6d80 Unloading class 0x000002b3812a2c00 'java/lang/invoke/LambdaForm$MH+0x000002b3812a2c00'
Event: 14.768 Thread 0x000002b3f11a6d80 Unloading class 0x000002b3812a2400 'java/lang/invoke/LambdaForm$MH+0x000002b3812a2400'
Event: 14.768 Thread 0x000002b3f11a6d80 Unloading class 0x000002b3812a1c00 'java/lang/invoke/LambdaForm$MH+0x000002b3812a1c00'
Event: 14.768 Thread 0x000002b3f11a6d80 Unloading class 0x000002b3812a1400 'java/lang/invoke/LambdaForm$MH+0x000002b3812a1400'
Event: 14.768 Thread 0x000002b3f11a6d80 Unloading class 0x000002b3812a0c00 'java/lang/invoke/LambdaForm$DMH+0x000002b3812a0c00'
Event: 14.768 Thread 0x000002b3f11a6d80 Unloading class 0x000002b3812a0400 'java/lang/invoke/LambdaForm$MH+0x000002b3812a0400'

Classes redefined (0 events):
No events

Internal exceptions (20 events):
Event: 14.634 Thread 0x000002b3f802a280 Exception <a 'java/lang/UnsatisfiedLinkError'{0x00000000d5f1b798}: The specified procedure could not be found.
> (0x00000000d5f1b798) 
thrown [s\src\hotspot\share\prims\jni.cpp, line 539]
Event: 14.648 Thread 0x000002b3f802a280 Exception <a 'java/io/FileNotFoundException'{0x00000000d5f752e8}> (0x00000000d5f752e8) 
thrown [s\src\hotspot\share\prims\jni.cpp, line 520]
Event: 14.672 Thread 0x000002b3f802a280 Exception <a 'java/io/FileNotFoundException'{0x00000000d6097f80}> (0x00000000d6097f80) 
thrown [s\src\hotspot\share\prims\jni.cpp, line 520]
Event: 14.691 Thread 0x000002b3f802a280 Exception <a 'java/lang/NoSuchMethodError'{0x00000000d6238d98}: 'void java.lang.invoke.DelegatingMethodHandle$Holder.reinvoke_L(java.lang.Object, java.lang.Object, int)'> (0x00000000d6238d98) 
thrown [s\src\hotspot\share\interpreter\linkResolver.cpp, line 773]
Event: 14.692 Thread 0x000002b3f802a280 Exception <a 'java/lang/NoSuchMethodError'{0x00000000d623f730}: 'int java.lang.invoke.Invokers$Holder.invokeExact_MT(java.lang.Object, java.lang.Object, java.lang.Object)'> (0x00000000d623f730) 
thrown [s\src\hotspot\share\interpreter\linkResolver.cpp, line 773]
Event: 14.695 Thread 0x000002b3f802a280 Exception <a 'java/lang/UnsatisfiedLinkError'{0x00000000d62b0a40}: The specified procedure could not be found.
> (0x00000000d62b0a40) 
thrown [s\src\hotspot\share\prims\jni.cpp, line 539]
Event: 14.701 Thread 0x000002b3f802a280 Exception <a 'java/lang/NoSuchMethodError'{0x00000000d62bd7e8}: 'void java.lang.invoke.Invokers$Holder.invokeExact_MT(java.lang.Object, java.lang.Object, int, java.lang.Object)'> (0x00000000d62bd7e8) 
thrown [s\src\hotspot\share\interpreter\linkResolver.cpp, line 773]
Event: 14.910 Thread 0x000002b3da70e250 Exception <a 'java/lang/NoSuchMethodError'{0x00000000d61c07d8}: 'java.lang.Object java.lang.invoke.DirectMethodHandle$Holder.invokeStatic(java.lang.Object, long, java.lang.Object)'> (0x00000000d61c07d8) 
thrown [s\src\hotspot\share\interpreter\linkResolver.cpp, line 773]
Event: 14.910 Thread 0x000002b3da70e250 Exception <a 'java/lang/NoSuchMethodError'{0x00000000d61dc570}: 'java.lang.Object java.lang.invoke.DirectMethodHandle$Holder.invokeStaticInit(java.lang.Object, long, java.lang.Object)'> (0x00000000d61dc570) 
thrown [s\src\hotspot\share\interpreter\linkResolver.cpp, line 773]
Event: 14.911 Thread 0x000002b3f35bb430 Exception <a 'sun/nio/fs/WindowsException'{0x00000000d61e1890}> (0x00000000d61e1890) 
thrown [s\src\hotspot\share\prims\jni.cpp, line 520]
Event: 14.912 Thread 0x000002b3da70e250 Exception <a 'java/lang/NoSuchMethodError'{0x00000000d61e5e58}: 'java.lang.Object java.lang.invoke.DirectMethodHandle$Holder.newInvokeSpecial(java.lang.Object, long)'> (0x00000000d61e5e58) 
thrown [s\src\hotspot\share\interpreter\linkResolver.cpp, line 773]
Event: 15.223 Thread 0x000002b3f35ba710 Exception <a 'java/lang/NoSuchMethodError'{0x00000000d597bd08}: 'void java.lang.invoke.DirectMethodHandle$Holder.invokeStaticInit(java.lang.Object, java.lang.Object, java.lang.Object)'> (0x00000000d597bd08) 
thrown [s\src\hotspot\share\interpreter\linkResolver.cpp, line 773]
Event: 15.232 Thread 0x000002b3f35ba710 Exception <a 'java/lang/ExceptionInInitializerError'{0x00000000d5ae9890}> (0x00000000d5ae9890) 
thrown [s\src\hotspot\share\oops\instanceKlass.cpp, line 1218]
Event: 15.252 Thread 0x000002b3f35ba710 Exception <a 'java/lang/NoSuchMethodError'{0x00000000d5cad498}: 'long java.lang.invoke.DirectMethodHandle$Holder.invokeStatic(java.lang.Object, java.lang.Object, int)'> (0x00000000d5cad498) 
thrown [s\src\hotspot\share\interpreter\linkResolver.cpp, line 773]
Event: 15.259 Thread 0x000002b3f35ba710 Implicit null exception at 0x000002b3e5503afe to 0x000002b3e5503d70
Event: 15.259 Thread 0x000002b3f35ba710 Implicit null exception at 0x000002b3e5486e9c to 0x000002b3e5487db0
Event: 15.262 Thread 0x000002b3f35ba710 Exception <a 'java/lang/NoSuchMethodError'{0x00000000d5d3d1b8}: 'java.lang.Object java.lang.invoke.Invokers$Holder.invokeExact_MT(java.lang.Object, int, java.lang.Object)'> (0x00000000d5d3d1b8) 
thrown [s\src\hotspot\share\interpreter\linkResolver.cpp, line 773]
Event: 15.307 Thread 0x000002b3da70e250 Exception <a 'java/lang/NoSuchMethodError'{0x00000000d6171c88}: 'void java.lang.invoke.DirectMethodHandle$Holder.invokeSpecial(java.lang.Object, java.lang.Object, java.lang.Object, java.lang.Object, java.lang.Object, java.lang.Object)'> (0x00000000d6171c88) 
thrown [s\src\hotspot\share\interpreter\linkResolver.cpp, line 773]
Event: 15.308 Thread 0x000002b3da70e250 Exception <a 'java/lang/IncompatibleClassChangeError'{0x00000000d6179988}: Found class java.lang.Object, but interface was expected> (0x00000000d6179988) 
thrown [s\src\hotspot\share\interpreter\linkResolver.cpp, line 840]
Event: 15.309 Thread 0x000002b3da70e250 Exception <a 'java/lang/IncompatibleClassChangeError'{0x00000000d617aad0}: Found class java.lang.Object, but interface was expected> (0x00000000d617aad0) 
thrown [s\src\hotspot\share\interpreter\linkResolver.cpp, line 840]

ZGC Phase Switch (0 events):
No events

VM Operations (20 events):
Event: 14.718 Executing non-safepoint VM operation: HandshakeAllThreads (Deoptimize) done
Event: 14.757 Executing safepoint VM operation: CollectForMetadataAllocation (Metadata GC Threshold)
Event: 14.807 Executing safepoint VM operation: CollectForMetadataAllocation (Metadata GC Threshold) done
Event: 14.829 Executing non-safepoint VM operation: HandshakeAllThreads (Deoptimize)
Event: 14.829 Executing non-safepoint VM operation: HandshakeAllThreads (Deoptimize) done
Event: 14.915 Executing non-safepoint VM operation: HandshakeAllThreads (Deoptimize)
Event: 14.916 Executing non-safepoint VM operation: HandshakeAllThreads (Deoptimize) done
Event: 15.021 Executing safepoint VM operation: ParallelGCFailedAllocation (Allocation Failure)
Event: 15.024 Executing safepoint VM operation: ParallelGCFailedAllocation (Allocation Failure) done
Event: 15.028 Executing non-safepoint VM operation: HandshakeAllThreads (Deoptimize)
Event: 15.028 Executing non-safepoint VM operation: HandshakeAllThreads (Deoptimize) done
Event: 15.099 Executing non-safepoint VM operation: HandshakeAllThreads (Deoptimize)
Event: 15.099 Executing non-safepoint VM operation: HandshakeAllThreads (Deoptimize) done
Event: 15.188 Executing safepoint VM operation: ParallelGCFailedAllocation (Allocation Failure)
Event: 15.190 Executing safepoint VM operation: ParallelGCFailedAllocation (Allocation Failure) done
Event: 15.236 Executing non-safepoint VM operation: HandshakeAllThreads (Deoptimize)
Event: 15.236 Executing non-safepoint VM operation: HandshakeAllThreads (Deoptimize) done
Event: 15.321 Executing non-safepoint VM operation: HandshakeAllThreads (Deoptimize)
Event: 15.321 Executing non-safepoint VM operation: HandshakeAllThreads (Deoptimize) done
Event: 16.327 Executing safepoint VM operation: Cleanup

Memory protections (0 events):
No events

Nmethod flushes (20 events):
Event: 14.781 Thread 0x000002b3f11a6d80 flushing  nmethod 0x000002b3ddf08710
Event: 14.781 Thread 0x000002b3f11a6d80 flushing  nmethod 0x000002b3ddf09010
Event: 14.781 Thread 0x000002b3f11a6d80 flushing  nmethod 0x000002b3ddf0aa10
Event: 14.781 Thread 0x000002b3f11a6d80 flushing  nmethod 0x000002b3ddf0b190
Event: 14.781 Thread 0x000002b3f11a6d80 flushing  nmethod 0x000002b3ddf0bb10
Event: 14.781 Thread 0x000002b3f11a6d80 flushing  nmethod 0x000002b3ddf0c010
Event: 14.781 Thread 0x000002b3f11a6d80 flushing  nmethod 0x000002b3ddf0c510
Event: 14.781 Thread 0x000002b3f11a6d80 flushing  nmethod 0x000002b3ddf0c910
Event: 14.781 Thread 0x000002b3f11a6d80 flushing  nmethod 0x000002b3ddf0d490
Event: 14.781 Thread 0x000002b3f11a6d80 flushing  nmethod 0x000002b3ddf0dd10
Event: 14.781 Thread 0x000002b3f11a6d80 flushing  nmethod 0x000002b3ddf0ea10
Event: 14.781 Thread 0x000002b3f11a6d80 flushing  nmethod 0x000002b3ddf0f710
Event: 14.781 Thread 0x000002b3f11a6d80 flushing  nmethod 0x000002b3ddf19310
Event: 14.781 Thread 0x000002b3f11a6d80 flushing  nmethod 0x000002b3ddf1d010
Event: 14.781 Thread 0x000002b3f11a6d80 flushing  nmethod 0x000002b3ddf47990
Event: 14.781 Thread 0x000002b3f11a6d80 flushing  nmethod 0x000002b3ddf4de90
Event: 14.781 Thread 0x000002b3f11a6d80 flushing  nmethod 0x000002b3ddf54090
Event: 14.781 Thread 0x000002b3f11a6d80 flushing  nmethod 0x000002b3ddfb5190
Event: 14.781 Thread 0x000002b3f11a6d80 flushing  nmethod 0x000002b3ddfcb510
Event: 14.781 Thread 0x000002b3f11a6d80 flushing  nmethod 0x000002b3de009510

Events (20 events):
Event: 14.621 Thread 0x000002b3f802a280 Thread added: 0x000002b3f93f9980
Event: 14.741 Thread 0x000002b3f35bb430 Thread added: 0x000002b3f93f85d0
Event: 14.881 Thread 0x000002b3f93f85d0 Thread added: 0x000002b3f93f8c60
Event: 14.925 Thread 0x000002b3da70e250 Thread added: 0x000002b3f93f92f0
Event: 14.926 Thread 0x000002b3da70e250 Thread added: 0x000002b3f93fa010
Event: 14.926 Thread 0x000002b3da70e250 Thread added: 0x000002b3f93f6b90
Event: 14.926 Thread 0x000002b3da70e250 Thread added: 0x000002b3f93fa6a0
Event: 14.926 Thread 0x000002b3da70e250 Thread added: 0x000002b3f93f7220
Event: 14.926 Thread 0x000002b3da70e250 Thread added: 0x000002b3f93fb3c0
Event: 14.926 Thread 0x000002b3da70e250 Thread added: 0x000002b3f93fc770
Event: 14.926 Thread 0x000002b3da70e250 Thread added: 0x000002b3f93fad30
Event: 14.927 Thread 0x000002b3da70e250 Thread added: 0x000002b3f93fba50
Event: 14.927 Thread 0x000002b3da70e250 Thread added: 0x000002b3f93fc0e0
Event: 14.927 Thread 0x000002b3da70e250 Thread added: 0x000002b3f93fdb20
Event: 14.927 Thread 0x000002b3da70e250 Thread added: 0x000002b3f93fce00
Event: 14.927 Thread 0x000002b3da70e250 Thread added: 0x000002b3f93fd490
Event: 14.969 Thread 0x000002b3da70e250 Thread added: 0x000002b3f9cf9ac0
Event: 15.342 Thread 0x000002b3da70e250 Thread added: 0x000002b3f9cfa7e0
Event: 15.342 Thread 0x000002b3da70e250 Thread added: 0x000002b3f9cfae70
Event: 15.522 Thread 0x000002b3f84acbf0 Thread exited: 0x000002b3f84acbf0


Dynamic libraries:
0x00007ff774150000 - 0x00007ff77415e000 	c:\Users\Admin\.vscode\extensions\redhat.java-1.55.0-win32-x64\jre\21.0.11-win32-x86_64\bin\java.exe
0x00007ffaf6d90000 - 0x00007ffaf6fe5000 	C:\Windows\SYSTEM32\ntdll.dll
0x00007ffaf5d90000 - 0x00007ffaf5e57000 	C:\Windows\System32\KERNEL32.DLL
0x00007ffaf44b0000 - 0x00007ffaf4850000 	C:\Windows\System32\KERNELBASE.dll
0x00007ffaf4360000 - 0x00007ffaf44aa000 	C:\Windows\System32\ucrtbase.dll
0x00007ffada0a0000 - 0x00007ffada0b8000 	c:\Users\Admin\.vscode\extensions\redhat.java-1.55.0-win32-x64\jre\21.0.11-win32-x86_64\bin\jli.dll
0x00007ffaf6090000 - 0x00007ffaf624f000 	C:\Windows\System32\USER32.dll
0x00007ffaf4900000 - 0x00007ffaf4927000 	C:\Windows\System32\win32u.dll
0x00007ffaf5130000 - 0x00007ffaf515a000 	C:\Windows\System32\GDI32.dll
0x00007ffaf4930000 - 0x00007ffaf4a51000 	C:\Windows\System32\gdi32full.dll
0x00007ffaf4ae0000 - 0x00007ffaf4b83000 	C:\Windows\System32\msvcp_win.dll
0x00007ffaecc50000 - 0x00007ffaecc6e000 	c:\Users\Admin\.vscode\extensions\redhat.java-1.55.0-win32-x64\jre\21.0.11-win32-x86_64\bin\VCRUNTIME140.dll
0x00007ffae2330000 - 0x00007ffae25c0000 	C:\Windows\WinSxS\amd64_microsoft.windows.common-controls_6595b64144ccf1df_6.0.26100.1_none_fc2d3fda0fd46076\COMCTL32.dll
0x00007ffaf6890000 - 0x00007ffaf6939000 	C:\Windows\System32\msvcrt.dll
0x00007ffaf5ee0000 - 0x00007ffaf5f0f000 	C:\Windows\System32\IMM32.DLL
0x00007ffaef400000 - 0x00007ffaef40c000 	c:\Users\Admin\.vscode\extensions\redhat.java-1.55.0-win32-x64\jre\21.0.11-win32-x86_64\bin\vcruntime140_1.dll
0x00007ffabf070000 - 0x00007ffabf0fd000 	c:\Users\Admin\.vscode\extensions\redhat.java-1.55.0-win32-x64\jre\21.0.11-win32-x86_64\bin\msvcp140.dll
0x00007ffa70f80000 - 0x00007ffa71d22000 	c:\Users\Admin\.vscode\extensions\redhat.java-1.55.0-win32-x64\jre\21.0.11-win32-x86_64\bin\server\jvm.dll
0x00007ffaf5fd0000 - 0x00007ffaf6082000 	C:\Windows\System32\ADVAPI32.dll
0x00007ffaf5860000 - 0x00007ffaf5906000 	C:\Windows\System32\sechost.dll
0x00007ffaf6450000 - 0x00007ffaf6569000 	C:\Windows\System32\RPCRT4.dll
0x00007ffaf4dd0000 - 0x00007ffaf4e44000 	C:\Windows\System32\WS2_32.dll
0x00007ffaf4080000 - 0x00007ffaf40ce000 	C:\Windows\SYSTEM32\POWRPROF.dll
0x00007ffaea7d0000 - 0x00007ffaea806000 	C:\Windows\SYSTEM32\WINMM.dll
0x00007ffaecaf0000 - 0x00007ffaecafb000 	C:\Windows\SYSTEM32\VERSION.dll
0x00007ffaf4060000 - 0x00007ffaf4074000 	C:\Windows\SYSTEM32\UMPDC.dll
0x00007ffaf30c0000 - 0x00007ffaf30da000 	C:\Windows\SYSTEM32\kernel.appcore.dll
0x00007ffaed7a0000 - 0x00007ffaed7aa000 	c:\Users\Admin\.vscode\extensions\redhat.java-1.55.0-win32-x64\jre\21.0.11-win32-x86_64\bin\jimage.dll
0x00007ffaebda0000 - 0x00007ffaebfe1000 	C:\Windows\SYSTEM32\DBGHELP.DLL
0x00007ffaf69c0000 - 0x00007ffaf6d35000 	C:\Windows\System32\combase.dll
0x00007ffaf5050000 - 0x00007ffaf5126000 	C:\Windows\System32\OLEAUT32.dll
0x00007ffada0c0000 - 0x00007ffada0f9000 	C:\Windows\SYSTEM32\dbgcore.DLL
0x00007ffaf4860000 - 0x00007ffaf48f9000 	C:\Windows\System32\bcryptPrimitives.dll
0x00007ffadb4d0000 - 0x00007ffadb4df000 	c:\Users\Admin\.vscode\extensions\redhat.java-1.55.0-win32-x64\jre\21.0.11-win32-x86_64\bin\instrument.dll
0x00007ffad9860000 - 0x00007ffad9880000 	c:\Users\Admin\.vscode\extensions\redhat.java-1.55.0-win32-x64\jre\21.0.11-win32-x86_64\bin\java.dll
0x00007ffaf5160000 - 0x00007ffaf5846000 	C:\Windows\System32\SHELL32.dll
0x00007ffaf2060000 - 0x00007ffaf288b000 	C:\Windows\SYSTEM32\windows.storage.dll
0x00007ffaf4f60000 - 0x00007ffaf5033000 	C:\Windows\System32\SHCORE.dll
0x00007ffaf6570000 - 0x00007ffaf65cd000 	C:\Windows\System32\shlwapi.dll
0x00007ffaf4100000 - 0x00007ffaf4124000 	C:\Windows\SYSTEM32\profapi.dll
0x00007ffad7240000 - 0x00007ffad7258000 	c:\Users\Admin\.vscode\extensions\redhat.java-1.55.0-win32-x64\jre\21.0.11-win32-x86_64\bin\zip.dll
0x00007ffae53c0000 - 0x00007ffae53d0000 	C:\Users\Admin\.vscode\extensions\redhat.java-1.55.0-win32-x64\jre\21.0.11-win32-x86_64\bin\net.dll
0x00007ffaedcb0000 - 0x00007ffaeddcd000 	C:\Windows\SYSTEM32\WINHTTP.dll
0x00007ffaf35f0000 - 0x00007ffaf3658000 	C:\Windows\system32\mswsock.dll
0x00007ffad71c0000 - 0x00007ffad71d6000 	C:\Users\Admin\.vscode\extensions\redhat.java-1.55.0-win32-x64\jre\21.0.11-win32-x86_64\bin\nio.dll
0x00007ffadb130000 - 0x00007ffadb140000 	c:\Users\Admin\.vscode\extensions\redhat.java-1.55.0-win32-x64\jre\21.0.11-win32-x86_64\bin\verify.dll
0x00007ffacb1d0000 - 0x00007ffacb215000 	C:\Users\Admin\AppData\Roaming\Code\User\globalStorage\redhat.java\1.55.0\config_win\org.eclipse.equinox.launcher\org.eclipse.equinox.launcher.win32.win32.x86_64_1.3.100.v20260613-0559\eclipse_11924.dll
0x00007ffaf62b0000 - 0x00007ffaf6445000 	C:\Windows\System32\ole32.dll
0x00007ffaf3870000 - 0x00007ffaf388c000 	C:\Windows\SYSTEM32\CRYPTSP.dll
0x00007ffaf3020000 - 0x00007ffaf3058000 	C:\Windows\system32\rsaenh.dll
0x00007ffaf3690000 - 0x00007ffaf36bb000 	C:\Windows\SYSTEM32\USERENV.dll
0x00007ffaf3ab0000 - 0x00007ffaf3ad6000 	C:\Windows\SYSTEM32\bcrypt.dll
0x00007ffaf3890000 - 0x00007ffaf389c000 	C:\Windows\SYSTEM32\CRYPTBASE.dll
0x00007ffaf2b20000 - 0x00007ffaf2b50000 	C:\Windows\SYSTEM32\IPHLPAPI.DLL
0x00007ffaf5040000 - 0x00007ffaf504a000 	C:\Windows\System32\NSI.dll
0x00007ffaa0ab0000 - 0x00007ffaa0af9000 	C:\Users\Admin\AppData\Local\Temp\jna-63116079\jna16208128154365686553.dll
0x00007ffaf6d40000 - 0x00007ffaf6d48000 	C:\Windows\System32\PSAPI.DLL
0x00007ffaedfe0000 - 0x00007ffaedffc000 	C:\Windows\SYSTEM32\dhcpcsvc6.DLL
0x00007ffaedf20000 - 0x00007ffaedf42000 	C:\Windows\SYSTEM32\dhcpcsvc.DLL
0x00007ffadaf60000 - 0x00007ffadaf6e000 	C:\Users\Admin\.vscode\extensions\redhat.java-1.55.0-win32-x64\jre\21.0.11-win32-x86_64\bin\sunmscapi.dll
0x00007ffaf41e0000 - 0x00007ffaf4356000 	C:\Windows\System32\CRYPT32.dll
0x00007ffaf3a70000 - 0x00007ffaf3aa0000 	C:\Windows\SYSTEM32\ncrypt.dll
0x00007ffaf3a20000 - 0x00007ffaf3a5f000 	C:\Windows\SYSTEM32\NTASN1.dll
0x00007ffaf2ba0000 - 0x00007ffaf2cbb000 	C:\Windows\SYSTEM32\DNSAPI.dll
0x00007ffaed7b0000 - 0x00007ffaed7bb000 	C:\Windows\System32\rasadhlp.dll
0x00007ffaee6d0000 - 0x00007ffaee755000 	C:\Windows\System32\fwpuclnt.dll
0x00007ffada920000 - 0x00007ffada929000 	C:\Users\Admin\.vscode\extensions\redhat.java-1.55.0-win32-x64\jre\21.0.11-win32-x86_64\bin\extnet.dll

JVMTI agents:
c:\Users\Admin\.vscode\extensions\redhat.java-1.55.0-win32-x64\lombok\lombok-1.18.39-4050.jar path:c:\Users\Admin\.vscode\extensions\redhat.java-1.55.0-win32-x64\jre\21.0.11-win32-x86_64\bin\instrument.dll, loaded, initialized, instrumentlib options:none

dbghelp: loaded successfully - version: 4.0.5 - missing functions: none
symbol engine: initialized successfully - sym options: 0x614 - pdb path: .;c:\Users\Admin\.vscode\extensions\redhat.java-1.55.0-win32-x64\jre\21.0.11-win32-x86_64\bin;C:\Windows\SYSTEM32;C:\Windows\WinSxS\amd64_microsoft.windows.common-controls_6595b64144ccf1df_6.0.26100.1_none_fc2d3fda0fd46076;c:\Users\Admin\.vscode\extensions\redhat.java-1.55.0-win32-x64\jre\21.0.11-win32-x86_64\bin\server;C:\Users\Admin\AppData\Roaming\Code\User\globalStorage\redhat.java\1.55.0\config_win\org.eclipse.equinox.launcher\org.eclipse.equinox.launcher.win32.win32.x86_64_1.3.100.v20260613-0559;C:\Users\Admin\AppData\Local\Temp\jna-63116079

VM Arguments:
jvm_args: --add-modules=ALL-SYSTEM --add-opens=java.base/java.util=ALL-UNNAMED --add-opens=java.base/java.lang=ALL-UNNAMED --add-opens=java.base/sun.nio.fs=ALL-UNNAMED -Declipse.application=org.eclipse.jdt.ls.core.id1 -Dosgi.bundles.defaultStartLevel=4 -Declipse.product=org.eclipse.jdt.ls.core.product -Djava.import.generatesMetadataFilesAtProjectRoot=false -DDetectVMInstallationsJob.disabled=true -Dfile.encoding=utf8 -XX:+UseParallelGC -XX:GCTimeRatio=4 -XX:AdaptiveSizePolicyWeight=90 -Dsun.zip.disableMemoryMapping=true -Xmx2G -Xms100m -Xlog:disable -javaagent:c:\Users\Admin\.vscode\extensions\redhat.java-1.55.0-win32-x64\lombok\lombok-1.18.39-4050.jar -XX:+HeapDumpOnOutOfMemoryError -XX:HeapDumpPath=c:\Users\Admin\AppData\Roaming\Code\User\workspaceStorage\801ed1664cc344b479297c66898efbba\redhat.java -Daether.dependencyCollector.impl=bf 
java_command: c:\Users\Admin\.vscode\extensions\redhat.java-1.55.0-win32-x64\server\plugins\org.eclipse.equinox.launcher_1.7.200.v20260619-2039.jar -configuration c:\Users\Admin\AppData\Roaming\Code\User\globalStorage\redhat.java\1.55.0\config_win -data c:\Users\Admin\AppData\Roaming\Code\User\workspaceStorage\801ed1664cc344b479297c66898efbba\redhat.java\jdt_ws --pipe=\\.\pipe\lsp-ad2997782354320a117071c211efc68c-sock
java_class_path (initial): c:\Users\Admin\.vscode\extensions\redhat.java-1.55.0-win32-x64\server\plugins\org.eclipse.equinox.launcher_1.7.200.v20260619-2039.jar
Launcher Type: SUN_STANDARD

[Global flags]
    uintx AdaptiveSizePolicyWeight                 = 90                                        {product} {command line}
     intx CICompilerCount                          = 4                                         {product} {ergonomic}
    uintx GCTimeRatio                              = 4                                         {product} {command line}
     bool HeapDumpOnOutOfMemoryError               = true                                   {manageable} {command line}
    ccstr HeapDumpPath                             = c:\Users\Admin\AppData\Roaming\Code\User\workspaceStorage\801ed1664cc344b479297c66898efbba\redhat.java         {manageable} {command line}
   size_t InitialHeapSize                          = 104857600                                 {product} {command line}
   size_t MaxHeapSize                              = 2147483648                                {product} {command line}
   size_t MaxNewSize                               = 715653120                                 {product} {ergonomic}
   size_t MinHeapDeltaBytes                        = 524288                                    {product} {ergonomic}
   size_t MinHeapSize                              = 104857600                                 {product} {command line}
   size_t NewSize                                  = 34603008                                  {product} {ergonomic}
    uintx NonNMethodCodeHeapSize                   = 5839372                                {pd product} {ergonomic}
    uintx NonProfiledCodeHeapSize                  = 122909434                              {pd product} {ergonomic}
   size_t OldSize                                  = 70254592                                  {product} {ergonomic}
    uintx ProfiledCodeHeapSize                     = 122909434                              {pd product} {ergonomic}
    uintx ReservedCodeCacheSize                    = 251658240                              {pd product} {ergonomic}
     bool SegmentedCodeCache                       = true                                      {product} {ergonomic}
   size_t SoftMaxHeapSize                          = 2147483648                             {manageable} {ergonomic}
     bool UseCompressedOops                        = true                           {product lp64_product} {ergonomic}
     bool UseLargePagesIndividualAllocation        = false                                  {pd product} {ergonomic}
     bool UseParallelGC                            = true                                      {product} {command line}

Logging:
Log output configuration:
 #0: stdout all=off uptime,level,tags foldmultilines=false
 #1: stderr all=off uptime,level,tags foldmultilines=false

Release file:
JAVA_VERSION="21.0.11" 
MODULES="java.base java.compiler java.datatransfer java.xml java.prefs java.desktop java.instrument java.logging java.management java.security.sasl java.naming java.rmi java.management.rmi java.net.http java.scripting java.security.jgss java.transaction.xa java.sql java.sql.rowset java.xml.crypto java.se java.smartcardio jdk.accessibility jdk.internal.jvmstat jdk.attach jdk.charsets jdk.internal.opt jdk.zipfs jdk.compiler jdk.crypto.ec jdk.crypto.cryptoki jdk.crypto.mscapi jdk.dynalink jdk.internal.ed jdk.editpad jdk.hotspot.agent jdk.httpserver jdk.internal.le jdk.internal.vm.ci jdk.internal.vm.compiler jdk.internal.vm.compiler.management jdk.jartool jdk.javadoc jdk.jcmd jdk.management jdk.management.agent jdk.jconsole jdk.jdeps jdk.jdwp.agent jdk.jdi jdk.jfr jdk.jshell jdk.jsobject jdk.jstatd jdk.localedata jdk.management.jfr jdk.naming.dns jdk.naming.rmi jdk.net jdk.nio.mapmode jdk.random jdk.sctp jdk.security.auth jdk.security.jgss jdk.unsupported jdk.unsupported.desktop jdk.xml.dom" 

Environment Variables:
JAVA_HOME=C:\Program Files\Java\jdk-17
PATH=C:\Program Files\Python314\Scripts\;C:\Program Files\Python314\;C:\Windows\system32;C:\Windows;C:\Windows\System32\Wbem;C:\Windows\System32\WindowsPowerShell\v1.0\;C:\Windows\System32\OpenSSH\;C:\Program Files\Git\cmd;C:\Program Files\dotnet\;%ANDROID_HOME%\platform-tools;%ANDROID_HOME%\cmdline-tools\latest\bin;%ANDROID_HOME%\emulator;%JAVA_HOME%\bin;C:\Program Files\nodejs\;C:\Users\Admin\AppData\Local\Microsoft\WindowsApps;C:\flutter\bin;C:\Users\Admin\.dotnet\tools;C:\Users\Admin\AppData\Local\Android\Sdk\platform-tools;C:\Users\Admin\AppData\Local\Programs\Microsoft VS Code\bin;C:\Users\Admin\AppData\Roaming\npm
USERNAME=Admin
OS=Windows_NT
PROCESSOR_IDENTIFIER=AMD64 Family 23 Model 96 Stepping 1, AuthenticAMD
TMP=C:\Users\Admin\AppData\Local\Temp
TEMP=C:\Users\Admin\AppData\Local\Temp




Periodic native trim disabled

---------------  S Y S T E M  ---------------

OS:
 Windows 11 , 64 bit Build 26100 (10.0.26100.1)
OS uptime: 0 days 1:54 hours

CPU: total 12 (initial active 12) (12 cores per cpu, 2 threads per core) family 23 model 96 stepping 1 microcode 0x8600106, cx8, cmov, fxsr, ht, mmx, 3dnowpref, sse, sse2, sse3, ssse3, sse4a, sse4.1, sse4.2, popcnt, lzcnt, tsc, tscinvbit, avx, avx2, aes, clmul, bmi1, bmi2, adx, sha, fma, vzeroupper, clflush, clflushopt, rdtscp, rdpid, f16c
Processor Information for the first 12 processors :
  Max Mhz: 3001, Current Mhz: 2011, Mhz Limit: 3001

Memory: 4k page, system-wide physical 7598M (627M free)
TotalPageFile size 13742M (AvailPageFile size 10M)
current process WorkingSet (physical memory assigned to process): 217M, peak: 220M
current process commit charge ("private bytes"): 346M, peak: 348M

vm_info: OpenJDK 64-Bit Server VM (21.0.11+10-LTS) for windows-amd64 JRE (21.0.11+10-LTS), built on 2026-04-21T00:00:00Z by "admin" with MS VC++ 17.12 (VS2022)

END.
