#
# There is insufficient memory for the Java Runtime Environment to continue.
# Native memory allocation (malloc) failed to allocate 1451056 bytes. Error detail: Chunk::new
# Possible reasons:
#   The system is out of physical RAM or swap space
#   This process is running with CompressedOops enabled, and the Java Heap may be blocking the growth of the native heap
# Possible solutions:
#   Reduce memory load on the system
#   Increase physical memory or swap space
#   Check if swap backing store is full
#   Decrease Java heap size (-Xmx/-Xms)
#   Decrease number of Java threads
#   Decrease Java thread stack sizes (-Xss)
#   Set larger code cache with -XX:ReservedCodeCacheSize=
#   JVM is running with Unscaled Compressed Oops mode in which the Java heap is
#     placed in the first 4GB address space. The Java Heap base address is the
#     maximum limit for the native heap growth. Please use -XX:HeapBaseMinAddress
#     to set the Java Heap base and to place the Java Heap above 4GB virtual address.
# This output file may be truncated or incomplete.
#
#  Out of Memory Error (arena.cpp:168), pid=14320, tid=15320
#
# JRE version: OpenJDK Runtime Environment Temurin-21.0.11+10 (21.0.11+10) (build 21.0.11+10-LTS)
# Java VM: OpenJDK 64-Bit Server VM Temurin-21.0.11+10 (21.0.11+10-LTS, mixed mode, sharing, tiered, compressed oops, compressed class ptrs, parallel gc, windows-amd64)
# No core dump will be written. Minidumps are not enabled by default on client versions of Windows
#

---------------  S U M M A R Y ------------

Command Line: --add-modules=ALL-SYSTEM --add-opens=java.base/java.util=ALL-UNNAMED --add-opens=java.base/java.lang=ALL-UNNAMED --add-opens=java.base/sun.nio.fs=ALL-UNNAMED -Declipse.application=org.eclipse.jdt.ls.core.id1 -Dosgi.bundles.defaultStartLevel=4 -Declipse.product=org.eclipse.jdt.ls.core.product -Djava.import.generatesMetadataFilesAtProjectRoot=false -DDetectVMInstallationsJob.disabled=true -Dfile.encoding=utf8 -XX:+UseParallelGC -XX:GCTimeRatio=4 -XX:AdaptiveSizePolicyWeight=90 -Dsun.zip.disableMemoryMapping=true -Xmx2G -Xms100m -Xlog:disable -javaagent:c:\Users\Admin\.vscode\extensions\redhat.java-1.55.0-win32-x64\lombok\lombok-1.18.39-4050.jar -XX:+HeapDumpOnOutOfMemoryError -XX:HeapDumpPath=c:\Users\Admin\AppData\Roaming\Code\User\workspaceStorage\801ed1664cc344b479297c66898efbba\redhat.java -Daether.dependencyCollector.impl=bf c:\Users\Admin\.vscode\extensions\redhat.java-1.55.0-win32-x64\server\plugins\org.eclipse.equinox.launcher_1.7.200.v20260619-2039.jar -configuration c:\Users\Admin\AppData\Roaming\Code\User\globalStorage\redhat.java\1.55.0\config_win -data c:\Users\Admin\AppData\Roaming\Code\User\workspaceStorage\801ed1664cc344b479297c66898efbba\redhat.java\jdt_ws --pipe=\\.\pipe\lsp-d0315edb320c727c08f2a81cf470e356-sock

Host: AMD Ryzen 5 4600H with Radeon Graphics         , 12 cores, 7G,  Windows 11 , 64 bit Build 26100 (10.0.26100.1)
Time: Tue Jul  7 16:39:04 2026 Malay Peninsula Standard Time elapsed time: 9.037863 seconds (0d 0h 0m 9s)

---------------  T H R E A D  ---------------

Current thread (0x0000024161664010):  JavaThread "C2 CompilerThread1" daemon [_thread_in_native, id=15320, stack(0x000000c108200000,0x000000c108300000) (1024K)]


Current CompileTask:
C2:9037 3047       4       java.lang.invoke.MethodType::makeImpl (109 bytes)

Stack: [0x000000c108200000,0x000000c108300000]
Native frames: (J=compiled Java code, j=interpreted, Vv=VM code, C=native code)
V  [jvm.dll+0x6d7e19]
V  [jvm.dll+0x8b5096]
V  [jvm.dll+0x8b764e]
V  [jvm.dll+0x8b7d33]
V  [jvm.dll+0x284596]
V  [jvm.dll+0xc685d]
V  [jvm.dll+0xc6da1]
V  [jvm.dll+0x3bed31]
V  [jvm.dll+0x38b2b2]
V  [jvm.dll+0x38a6fa]
V  [jvm.dll+0x24c700]
V  [jvm.dll+0x24bce0]
V  [jvm.dll+0x1cb4ae]
V  [jvm.dll+0x25baad]
V  [jvm.dll+0x25a03a]
V  [jvm.dll+0x3f868e]
V  [jvm.dll+0x85fb0d]
V  [jvm.dll+0x6d664d]
C  [ucrtbase.dll+0x43340]
C  [KERNEL32.DLL+0x31fd7]
C  [ntdll.dll+0x6d7d0]


---------------  P R O C E S S  ---------------

Threads class SMR info:
_java_thread_list=0x000002415c58c390, length=21, elements={
0x0000024102a8cf20, 0x000002415c3444b0, 0x000002415c3455e0, 0x000002415c3482d0,
0x000002415c3496f0, 0x000002415c34fb00, 0x000002415c350170, 0x000002415c354260,
0x000002415c3596f0, 0x000002415c5b6b30, 0x000002415c69b670, 0x000002416102ea30,
0x00000241613c7990, 0x000002415cf15320, 0x000002415c52df50, 0x0000024161446a00,
0x0000024161c47180, 0x0000024161664010, 0x000002415c921340, 0x00000241612fb9e0,
0x00000241612fc070
}

Java Threads: ( => current thread )
  0x0000024102a8cf20 JavaThread "main"                              [_thread_blocked, id=5292, stack(0x000000c106500000,0x000000c106600000) (1024K)]
  0x000002415c3444b0 JavaThread "Reference Handler"          daemon [_thread_blocked, id=14772, stack(0x000000c106900000,0x000000c106a00000) (1024K)]
  0x000002415c3455e0 JavaThread "Finalizer"                  daemon [_thread_blocked, id=10352, stack(0x000000c106a00000,0x000000c106b00000) (1024K)]
  0x000002415c3482d0 JavaThread "Signal Dispatcher"          daemon [_thread_blocked, id=14812, stack(0x000000c106b00000,0x000000c106c00000) (1024K)]
  0x000002415c3496f0 JavaThread "Attach Listener"            daemon [_thread_blocked, id=10328, stack(0x000000c106c00000,0x000000c106d00000) (1024K)]
  0x000002415c34fb00 JavaThread "Service Thread"             daemon [_thread_blocked, id=14460, stack(0x000000c106d00000,0x000000c106e00000) (1024K)]
  0x000002415c350170 JavaThread "Monitor Deflation Thread"   daemon [_thread_blocked, id=7268, stack(0x000000c106e00000,0x000000c106f00000) (1024K)]
  0x000002415c354260 JavaThread "C2 CompilerThread0"         daemon [_thread_blocked, id=13420, stack(0x000000c106f00000,0x000000c107000000) (1024K)]
  0x000002415c3596f0 JavaThread "C1 CompilerThread0"         daemon [_thread_in_native, id=13404, stack(0x000000c107000000,0x000000c107100000) (1024K)]
  0x000002415c5b6b30 JavaThread "Common-Cleaner"             daemon [_thread_blocked, id=11492, stack(0x000000c107200000,0x000000c107300000) (1024K)]
  0x000002415c69b670 JavaThread "Notification Thread"        daemon [_thread_blocked, id=14824, stack(0x000000c107300000,0x000000c107400000) (1024K)]
  0x000002416102ea30 JavaThread "Active Thread: Equinox Container: d9f37481-bc74-4959-97a0-05cc1ad7b642"        [_thread_blocked, id=15880, stack(0x000000c107b00000,0x000000c107c00000) (1024K)]
  0x00000241613c7990 JavaThread "Refresh Thread: Equinox Container: d9f37481-bc74-4959-97a0-05cc1ad7b642" daemon [_thread_blocked, id=15928, stack(0x000000c107c00000,0x000000c107d00000) (1024K)]
  0x000002415cf15320 JavaThread "Framework Event Dispatcher: Equinox Container: d9f37481-bc74-4959-97a0-05cc1ad7b642" daemon [_thread_blocked, id=15932, stack(0x000000c107d00000,0x000000c107e00000) (1024K)]
  0x000002415c52df50 JavaThread "Start Level: Equinox Container: d9f37481-bc74-4959-97a0-05cc1ad7b642" daemon [_thread_in_Java, id=15936, stack(0x000000c107100000,0x000000c107200000) (1024K)]
  0x0000024161446a00 JavaThread "Bundle File Closer"         daemon [_thread_blocked, id=16080, stack(0x000000c108000000,0x000000c108100000) (1024K)]
  0x0000024161c47180 JavaThread "SCR Component Actor"        daemon [_thread_blocked, id=15488, stack(0x000000c108100000,0x000000c108200000) (1024K)]
=>0x0000024161664010 JavaThread "C2 CompilerThread1"         daemon [_thread_in_native, id=15320, stack(0x000000c108200000,0x000000c108300000) (1024K)]
  0x000002415c921340 JavaThread "Worker-JM"                         [_thread_blocked, id=14572, stack(0x000000c108300000,0x000000c108400000) (1024K)]
  0x00000241612fb9e0 JavaThread "Worker-0: Checking project encoding"        [_thread_blocked, id=13980, stack(0x000000c108400000,0x000000c108500000) (1024K)]
  0x00000241612fc070 JavaThread "Worker-1"                          [_thread_blocked, id=13664, stack(0x000000c108500000,0x000000c108600000) (1024K)]
Total: 21

Other Threads:
  0x0000024102a243e0 VMThread "VM Thread"                           [id=14600, stack(0x000000c106800000,0x000000c106900000) (1024K)]
  0x000002410291ca00 WatcherThread "VM Periodic Task Thread"        [id=4024, stack(0x000000c106700000,0x000000c106800000) (1024K)]
  0x0000024102aab6b0 WorkerThread "GC Thread#0"                     [id=12240, stack(0x000000c106600000,0x000000c106700000) (1024K)]
  0x000002415ca7d5e0 WorkerThread "GC Thread#1"                     [id=15544, stack(0x000000c107500000,0x000000c107600000) (1024K)]
  0x000002415c78f4d0 WorkerThread "GC Thread#2"                     [id=15548, stack(0x000000c107600000,0x000000c107700000) (1024K)]
  0x000002415c78fc90 WorkerThread "GC Thread#3"                     [id=15552, stack(0x000000c107700000,0x000000c107800000) (1024K)]
  0x000002415c9e5010 WorkerThread "GC Thread#4"                     [id=15556, stack(0x000000c107800000,0x000000c107900000) (1024K)]
  0x000002415c9e53c0 WorkerThread "GC Thread#5"                     [id=15560, stack(0x000000c107900000,0x000000c107a00000) (1024K)]
  0x000002415c9e5770 WorkerThread "GC Thread#6"                     [id=15564, stack(0x000000c107a00000,0x000000c107b00000) (1024K)]
  0x000002416108bc80 WorkerThread "GC Thread#7"                     [id=15924, stack(0x000000c107400000,0x000000c107500000) (1024K)]
  0x000002416174a370 WorkerThread "GC Thread#8"                     [id=16052, stack(0x000000c107e00000,0x000000c107f00000) (1024K)]
  0x00000241617a3a20 WorkerThread "GC Thread#9"                     [id=16056, stack(0x000000c107f00000,0x000000c108000000) (1024K)]
Total: 12

Threads with active compile tasks:
C1 CompilerThread0  9081 3264       3       org.objectweb.asm.ClassReader::readCode (5117 bytes)
C2 CompilerThread1  9081 3047       4       java.lang.invoke.MethodType::makeImpl (109 bytes)
Total: 2

VM state: not at safepoint (normal execution)

VM Mutex/Monitor currently owned by a thread: None

Heap address: 0x0000000080000000, size: 2048 MB, Compressed Oops mode: 32-bit

CDS archive(s) mapped at: [0x000002411a000000-0x000002411aba0000-0x000002411aba0000), size 12189696, SharedBaseAddress: 0x000002411a000000, ArchiveRelocationMode: 1.
Compressed class space mapped at: 0x000002411b000000-0x000002415b000000, reserved size: 1073741824
Narrow klass base: 0x000002411a000000, Narrow klass shift: 0, Narrow klass range: 0x100000000

GC Precious Log:
 CardTable entry size: 512
 CPUs: 12 total, 12 available
 Memory: 7598M
 Large Page Support: Disabled
 NUMA Support: Disabled
 Compressed Oops: Enabled (32-bit)
 Alignments: Space 512K, Generation 512K, Heap 2M
 Heap Min Capacity: 100M
 Heap Initial Capacity: 100M
 Heap Max Capacity: 2G
 Pre-touch: Disabled
 Parallel Workers: 10

Heap:
 PSYoungGen      total 29184K, used 15953K [0x00000000d5580000, 0x00000000d7a00000, 0x0000000100000000)
  eden space 25088K, 47% used [0x00000000d5580000,0x00000000d611b550,0x00000000d6e00000)
  from space 4096K, 99% used [0x00000000d6e80000,0x00000000d7278f48,0x00000000d7280000)
  to   space 6144K, 0% used [0x00000000d7400000,0x00000000d7400000,0x00000000d7a00000)
 ParOldGen       total 68608K, used 7989K [0x0000000080000000, 0x0000000084300000, 0x00000000d5580000)
  object space 68608K, 11% used [0x0000000080000000,0x00000000807cd638,0x0000000084300000)
 Metaspace       used 16918K, committed 17664K, reserved 1114112K
  class space    used 1780K, committed 2112K, reserved 1048576K

Card table byte_map: [0x0000024102430000,0x0000024102840000] _byte_map_base: 0x0000024102030000

Marking Bits: (ParMarkBitMap*) 0x00007ff810764460
 Begin Bits: [0x0000024114f40000, 0x0000024116f40000)
 End Bits:   [0x0000024116f40000, 0x0000024118f40000)

Polling page: 0x00000241008e0000

Metaspace:

Usage:
  Non-class:     14.78 MB used.
      Class:      1.74 MB used.
       Both:     16.52 MB used.

Virtual space:
  Non-class space:       64.00 MB reserved,      15.19 MB ( 24%) committed,  1 nodes.
      Class space:        1.00 GB reserved,       2.06 MB ( <1%) committed,  1 nodes.
             Both:        1.06 GB reserved,      17.25 MB (  2%) committed. 

Chunk freelists:
   Non-Class:  496.00 KB
       Class:  13.77 MB
        Both:  14.26 MB

MaxMetaspaceSize: unlimited
CompressedClassSpaceSize: 1.00 GB
Initial GC threshold: 21.00 MB
Current GC threshold: 21.00 MB
CDS: on
 - commit_granule_bytes: 65536.
 - commit_granule_words: 8192.
 - virtual_space_node_default_size: 8388608.
 - enlarge_chunks_in_place: 1.
 - use_allocation_guard: 0.


Internal statistics:

num_allocs_failed_limit: 0.
num_arena_births: 528.
num_arena_deaths: 0.
num_vsnodes_births: 2.
num_vsnodes_deaths: 0.
num_space_committed: 276.
num_space_uncommitted: 0.
num_chunks_returned_to_freelist: 0.
num_chunks_taken_from_freelist: 1146.
num_chunk_merges: 0.
num_chunk_splits: 732.
num_chunks_enlarged: 474.
num_inconsistent_stats: 0.

CodeHeap 'non-profiled nmethods': size=120000Kb used=1405Kb max_used=1405Kb free=118595Kb
 bounds [0x000002410d760000, 0x000002410d9d0000, 0x0000024114c90000]
CodeHeap 'profiled nmethods': size=120000Kb used=6528Kb max_used=6528Kb free=113471Kb
 bounds [0x0000024105c90000, 0x0000024106300000, 0x000002410d1c0000]
CodeHeap 'non-nmethods': size=5760Kb used=1265Kb max_used=1281Kb free=4494Kb
 bounds [0x000002410d1c0000, 0x000002410d430000, 0x000002410d760000]
CodeCache: size=245760Kb, used=9198Kb, max_used=9214Kb, free=236560Kb
 total_blobs=3798, nmethods=3259, adapters=445, full_count=0
Compilation: enabled, stopped_count=0, restarted_count=0

Compilation events (20 events):
Event: 8.029 Thread 0x000002415c3596f0 nmethod 3222 0x00000241062e1210 code [0x00000241062e1440, 0x00000241062e1bb0]
Event: 8.029 Thread 0x000002415c3596f0 3221       3       org.apache.felix.resolver.PackageSpaces$5::compute (8 bytes)
Event: 8.030 Thread 0x000002415c3596f0 nmethod 3221 0x00000241062e1e90 code [0x00000241062e2060, 0x00000241062e24e8]
Event: 8.030 Thread 0x000002415c3596f0 3223       3       org.apache.felix.resolver.util.OpenHashMap$FastEntryIterator::next (5 bytes)
Event: 8.030 Thread 0x000002415c3596f0 nmethod 3223 0x00000241062e2690 code [0x00000241062e2840, 0x00000241062e2a98]
Event: 8.030 Thread 0x000002415c3596f0 3224       3       org.apache.felix.resolver.util.OpenHashMap$FastEntryIterator::next (16 bytes)
Event: 8.030 Thread 0x000002415c3596f0 nmethod 3224 0x00000241062e2b90 code [0x00000241062e2d40, 0x00000241062e2f30]
Event: 8.030 Thread 0x000002415c3596f0 3225       3       org.apache.felix.resolver.util.OpenHashMap$MapEntry::getKey (13 bytes)
Event: 8.030 Thread 0x000002415c3596f0 nmethod 3225 0x00000241062e3010 code [0x00000241062e31c0, 0x00000241062e3300]
Event: 8.030 Thread 0x000002415c3596f0 3226       3       java.lang.invoke.VarHandleReferences$FieldInstanceReadWrite::compareAndSet (48 bytes)
Event: 8.031 Thread 0x000002415c3596f0 nmethod 3226 0x00000241062e3410 code [0x00000241062e3680, 0x00000241062e4018]
Event: 8.031 Thread 0x000002415c3596f0 3227       1       org.apache.felix.resolver.ResolveSession::getContext (5 bytes)
Event: 8.031 Thread 0x000002415c3596f0 nmethod 3227 0x000002410d8bae90 code [0x000002410d8bb020, 0x000002410d8bb0e8]
Event: 8.032 Thread 0x000002415c354260 nmethod 3228 0x000002410d8bb190 code [0x000002410d8bb360, 0x000002410d8bb5b0]
Event: 8.032 Thread 0x000002415c354260 3229   !   4       java.security.cert.Certificate::equals (38 bytes)
Event: 8.033 Thread 0x000002415c354260 nmethod 3229 0x000002410d8bb810 code [0x000002410d8bb9a0, 0x000002410d8bbba8]
Event: 8.625 Thread 0x000002415c3596f0 3231       3       java.util.concurrent.locks.LockSupport::setBlocker (12 bytes)
Event: 8.626 Thread 0x000002415c3596f0 nmethod 3231 0x00000241062e4390 code [0x00000241062e4540, 0x00000241062e4748]
Event: 8.626 Thread 0x000002415c3596f0 3232       3       jdk.internal.misc.Unsafe::putReferenceOpaque (9 bytes)
Event: 8.626 Thread 0x000002415c3596f0 nmethod 3232 0x00000241062e4810 code [0x00000241062e49a0, 0x00000241062e4ad0]

GC Heap History (10 events):
Event: 1.561 GC heap before
{Heap before GC invocations=1 (full 0):
 PSYoungGen      total 29696K, used 25600K [0x00000000d5580000, 0x00000000d7680000, 0x0000000100000000)
  eden space 25600K, 100% used [0x00000000d5580000,0x00000000d6e80000,0x00000000d6e80000)
  from space 4096K, 0% used [0x00000000d7280000,0x00000000d7280000,0x00000000d7680000)
  to   space 4096K, 0% used [0x00000000d6e80000,0x00000000d6e80000,0x00000000d7280000)
 ParOldGen       total 68608K, used 0K [0x0000000080000000, 0x0000000084300000, 0x00000000d5580000)
  object space 68608K, 0% used [0x0000000080000000,0x0000000080000000,0x0000000084300000)
 Metaspace       used 4361K, committed 4608K, reserved 1114112K
  class space    used 474K, committed 576K, reserved 1048576K
}
Event: 1.573 GC heap after
{Heap after GC invocations=1 (full 0):
 PSYoungGen      total 29696K, used 3287K [0x00000000d5580000, 0x00000000d7680000, 0x0000000100000000)
  eden space 25600K, 0% used [0x00000000d5580000,0x00000000d5580000,0x00000000d6e80000)
  from space 4096K, 80% used [0x00000000d6e80000,0x00000000d71b5ea8,0x00000000d7280000)
  to   space 4096K, 0% used [0x00000000d7280000,0x00000000d7280000,0x00000000d7680000)
 ParOldGen       total 68608K, used 16K [0x0000000080000000, 0x0000000084300000, 0x00000000d5580000)
  object space 68608K, 0% used [0x0000000080000000,0x0000000080004000,0x0000000084300000)
 Metaspace       used 4361K, committed 4608K, reserved 1114112K
  class space    used 474K, committed 576K, reserved 1048576K
}
Event: 2.868 GC heap before
{Heap before GC invocations=2 (full 0):
 PSYoungGen      total 29696K, used 28887K [0x00000000d5580000, 0x00000000d7680000, 0x0000000100000000)
  eden space 25600K, 100% used [0x00000000d5580000,0x00000000d6e80000,0x00000000d6e80000)
  from space 4096K, 80% used [0x00000000d6e80000,0x00000000d71b5ea8,0x00000000d7280000)
  to   space 4096K, 0% used [0x00000000d7280000,0x00000000d7280000,0x00000000d7680000)
 ParOldGen       total 68608K, used 16K [0x0000000080000000, 0x0000000084300000, 0x00000000d5580000)
  object space 68608K, 0% used [0x0000000080000000,0x0000000080004000,0x0000000084300000)
 Metaspace       used 8019K, committed 8320K, reserved 1114112K
  class space    used 837K, committed 960K, reserved 1048576K
}
Event: 2.880 GC heap after
{Heap after GC invocations=2 (full 0):
 PSYoungGen      total 29696K, used 4086K [0x00000000d5580000, 0x00000000d7680000, 0x0000000100000000)
  eden space 25600K, 0% used [0x00000000d5580000,0x00000000d5580000,0x00000000d6e80000)
  from space 4096K, 99% used [0x00000000d7280000,0x00000000d767d810,0x00000000d7680000)
  to   space 4096K, 0% used [0x00000000d6e80000,0x00000000d6e80000,0x00000000d7280000)
 ParOldGen       total 68608K, used 1981K [0x0000000080000000, 0x0000000084300000, 0x00000000d5580000)
  object space 68608K, 2% used [0x0000000080000000,0x00000000801ef6b8,0x0000000084300000)
 Metaspace       used 8019K, committed 8320K, reserved 1114112K
  class space    used 837K, committed 960K, reserved 1048576K
}
Event: 4.005 GC heap before
{Heap before GC invocations=3 (full 0):
 PSYoungGen      total 29696K, used 29574K [0x00000000d5580000, 0x00000000d7680000, 0x0000000100000000)
  eden space 25600K, 99% used [0x00000000d5580000,0x00000000d6e64308,0x00000000d6e80000)
  from space 4096K, 99% used [0x00000000d7280000,0x00000000d767d810,0x00000000d7680000)
  to   space 4096K, 0% used [0x00000000d6e80000,0x00000000d6e80000,0x00000000d7280000)
 ParOldGen       total 68608K, used 1981K [0x0000000080000000, 0x0000000084300000, 0x00000000d5580000)
  object space 68608K, 2% used [0x0000000080000000,0x00000000801ef6b8,0x0000000084300000)
 Metaspace       used 9438K, committed 9728K, reserved 1114112K
  class space    used 1006K, committed 1152K, reserved 1048576K
}
Event: 4.015 GC heap after
{Heap after GC invocations=3 (full 0):
 PSYoungGen      total 29696K, used 4070K [0x00000000d5580000, 0x00000000d7680000, 0x0000000100000000)
  eden space 25600K, 0% used [0x00000000d5580000,0x00000000d5580000,0x00000000d6e80000)
  from space 4096K, 99% used [0x00000000d6e80000,0x00000000d7279a28,0x00000000d7280000)
  to   space 4096K, 0% used [0x00000000d7280000,0x00000000d7280000,0x00000000d7680000)
 ParOldGen       total 68608K, used 5063K [0x0000000080000000, 0x0000000084300000, 0x00000000d5580000)
  object space 68608K, 7% used [0x0000000080000000,0x00000000804f1c68,0x0000000084300000)
 Metaspace       used 9438K, committed 9728K, reserved 1114112K
  class space    used 1006K, committed 1152K, reserved 1048576K
}
Event: 6.644 GC heap before
{Heap before GC invocations=4 (full 0):
 PSYoungGen      total 29696K, used 29670K [0x00000000d5580000, 0x00000000d7680000, 0x0000000100000000)
  eden space 25600K, 100% used [0x00000000d5580000,0x00000000d6e80000,0x00000000d6e80000)
  from space 4096K, 99% used [0x00000000d6e80000,0x00000000d7279a28,0x00000000d7280000)
  to   space 4096K, 0% used [0x00000000d7280000,0x00000000d7280000,0x00000000d7680000)
 ParOldGen       total 68608K, used 5063K [0x0000000080000000, 0x0000000084300000, 0x00000000d5580000)
  object space 68608K, 7% used [0x0000000080000000,0x00000000804f1c68,0x0000000084300000)
 Metaspace       used 11635K, committed 12032K, reserved 1114112K
  class space    used 1237K, committed 1408K, reserved 1048576K
}
Event: 6.653 GC heap after
{Heap after GC invocations=4 (full 0):
 PSYoungGen      total 29696K, used 4083K [0x00000000d5580000, 0x00000000d7680000, 0x0000000100000000)
  eden space 25600K, 0% used [0x00000000d5580000,0x00000000d5580000,0x00000000d6e80000)
  from space 4096K, 99% used [0x00000000d7280000,0x00000000d767cc38,0x00000000d7680000)
  to   space 4096K, 0% used [0x00000000d6e80000,0x00000000d6e80000,0x00000000d7280000)
 ParOldGen       total 68608K, used 6535K [0x0000000080000000, 0x0000000084300000, 0x00000000d5580000)
  object space 68608K, 9% used [0x0000000080000000,0x0000000080661f88,0x0000000084300000)
 Metaspace       used 11635K, committed 12032K, reserved 1114112K
  class space    used 1237K, committed 1408K, reserved 1048576K
}
Event: 7.651 GC heap before
{Heap before GC invocations=5 (full 0):
 PSYoungGen      total 29696K, used 29683K [0x00000000d5580000, 0x00000000d7680000, 0x0000000100000000)
  eden space 25600K, 100% used [0x00000000d5580000,0x00000000d6e80000,0x00000000d6e80000)
  from space 4096K, 99% used [0x00000000d7280000,0x00000000d767cc38,0x00000000d7680000)
  to   space 4096K, 0% used [0x00000000d6e80000,0x00000000d6e80000,0x00000000d7280000)
 ParOldGen       total 68608K, used 6535K [0x0000000080000000, 0x0000000084300000, 0x00000000d5580000)
  object space 68608K, 9% used [0x0000000080000000,0x0000000080661f88,0x0000000084300000)
 Metaspace       used 15599K, committed 16256K, reserved 1114112K
  class space    used 1625K, committed 1920K, reserved 1048576K
}
Event: 7.657 GC heap after
{Heap after GC invocations=5 (full 0):
 PSYoungGen      total 29184K, used 4067K [0x00000000d5580000, 0x00000000d7a00000, 0x0000000100000000)
  eden space 25088K, 0% used [0x00000000d5580000,0x00000000d5580000,0x00000000d6e00000)
  from space 4096K, 99% used [0x00000000d6e80000,0x00000000d7278f48,0x00000000d7280000)
  to   space 6144K, 0% used [0x00000000d7400000,0x00000000d7400000,0x00000000d7a00000)
 ParOldGen       total 68608K, used 7989K [0x0000000080000000, 0x0000000084300000, 0x00000000d5580000)
  object space 68608K, 11% used [0x0000000080000000,0x00000000807cd638,0x0000000084300000)
 Metaspace       used 15599K, committed 16256K, reserved 1114112K
  class space    used 1625K, committed 1920K, reserved 1048576K
}

Dll operation events (9 events):
Event: 0.020 Loaded shared library c:\Users\Admin\.vscode\extensions\redhat.java-1.55.0-win32-x64\jre\21.0.11-win32-x86_64\bin\java.dll
Event: 0.159 Loaded shared library c:\Users\Admin\.vscode\extensions\redhat.java-1.55.0-win32-x64\jre\21.0.11-win32-x86_64\bin\zip.dll
Event: 0.200 Loaded shared library C:\Users\Admin\.vscode\extensions\redhat.java-1.55.0-win32-x64\jre\21.0.11-win32-x86_64\bin\instrument.dll
Event: 0.209 Loaded shared library C:\Users\Admin\.vscode\extensions\redhat.java-1.55.0-win32-x64\jre\21.0.11-win32-x86_64\bin\net.dll
Event: 0.213 Loaded shared library C:\Users\Admin\.vscode\extensions\redhat.java-1.55.0-win32-x64\jre\21.0.11-win32-x86_64\bin\nio.dll
Event: 0.219 Loaded shared library C:\Users\Admin\.vscode\extensions\redhat.java-1.55.0-win32-x64\jre\21.0.11-win32-x86_64\bin\zip.dll
Event: 0.252 Loaded shared library C:\Users\Admin\.vscode\extensions\redhat.java-1.55.0-win32-x64\jre\21.0.11-win32-x86_64\bin\jimage.dll
Event: 0.407 Loaded shared library c:\Users\Admin\.vscode\extensions\redhat.java-1.55.0-win32-x64\jre\21.0.11-win32-x86_64\bin\verify.dll
Event: 2.898 Loaded shared library C:\Users\Admin\AppData\Roaming\Code\User\globalStorage\redhat.java\1.55.0\config_win\org.eclipse.equinox.launcher\org.eclipse.equinox.launcher.win32.win32.x86_64_1.3.100.v20260613-0559\eclipse_11924.dll

Deoptimization events (20 events):
Event: 7.391 Thread 0x000002415c52df50 Uncommon trap: trap_request=0xffffff45 fr.pc=0x000002410d8771e4 relative=0x00000000000003e4
Event: 7.391 Thread 0x000002415c52df50 Uncommon trap: reason=unstable_if action=reinterpret pc=0x000002410d8771e4 method=java.util.regex.Pattern$BmpCharPropertyGreedy.match(Ljava/util/regex/Matcher;ILjava/lang/CharSequence;)Z @ 73 c2
Event: 7.391 Thread 0x000002415c52df50 DEOPT PACKING pc=0x000002410d8771e4 sp=0x000000c1071f5a30
Event: 7.391 Thread 0x000002415c52df50 DEOPT UNPACKING pc=0x000002410d213aa2 sp=0x000000c1071f59f0 mode 2
Event: 7.491 Thread 0x000002415c52df50 Uncommon trap: trap_request=0xffffff45 fr.pc=0x000002410d85d3dc relative=0x0000000000000e5c
Event: 7.492 Thread 0x000002415c52df50 Uncommon trap: reason=unstable_if action=reinterpret pc=0x000002410d85d3dc method=java.util.Properties.loadConvert([CIILjava/lang/StringBuilder;)Ljava/lang/String; @ 491 c2
Event: 7.492 Thread 0x000002415c52df50 DEOPT PACKING pc=0x000002410d85d3dc sp=0x000000c1071f7770
Event: 7.492 Thread 0x000002415c52df50 DEOPT UNPACKING pc=0x000002410d213aa2 sp=0x000000c1071f7750 mode 2
Event: 7.557 Thread 0x000002415c52df50 Uncommon trap: trap_request=0xffffff45 fr.pc=0x000002410d7fe6d4 relative=0x00000000000000b4
Event: 7.557 Thread 0x000002415c52df50 Uncommon trap: reason=unstable_if action=reinterpret pc=0x000002410d7fe6d4 method=org.eclipse.osgi.container.ModuleRevisionBuilder.unmodifiableMap(Ljava/util/Map;)Ljava/util/Map; @ 27 c2
Event: 7.557 Thread 0x000002415c52df50 DEOPT PACKING pc=0x000002410d7fe6d4 sp=0x000000c1071f9550
Event: 7.557 Thread 0x000002415c52df50 DEOPT UNPACKING pc=0x000002410d213aa2 sp=0x000000c1071f94d8 mode 2
Event: 7.708 Thread 0x00000241612fb9e0 Uncommon trap: trap_request=0xffffff45 fr.pc=0x000002410d84fae0 relative=0x00000000000000c0
Event: 7.708 Thread 0x00000241612fb9e0 Uncommon trap: reason=unstable_if action=reinterpret pc=0x000002410d84fae0 method=java.util.concurrent.locks.ReentrantLock$NonfairSync.initialTryLock()Z @ 25 c2
Event: 7.708 Thread 0x00000241612fb9e0 DEOPT PACKING pc=0x000002410d84fae0 sp=0x000000c1084fdd60
Event: 7.708 Thread 0x00000241612fb9e0 DEOPT UNPACKING pc=0x000002410d213aa2 sp=0x000000c1084fdce0 mode 2
Event: 7.754 Thread 0x000002415c52df50 Uncommon trap: trap_request=0xffffff45 fr.pc=0x000002410d879890 relative=0x0000000000000070
Event: 7.754 Thread 0x000002415c52df50 Uncommon trap: reason=unstable_if action=reinterpret pc=0x000002410d879890 method=java.lang.ref.ReferenceQueue.poll()Ljava/lang/ref/Reference; @ 4 c2
Event: 7.755 Thread 0x000002415c52df50 DEOPT PACKING pc=0x000002410d879890 sp=0x000000c1071f2de0
Event: 7.755 Thread 0x000002415c52df50 DEOPT UNPACKING pc=0x000002410d213aa2 sp=0x000000c1071f2d68 mode 2

Classes loaded (20 events):
Event: 7.664 Loading class java/util/function/LongUnaryOperator
Event: 7.664 Loading class java/util/function/LongUnaryOperator done
Event: 7.665 Loading class java/lang/ThreadDeath
Event: 7.665 Loading class java/lang/ThreadDeath done
Event: 7.680 Loading class java/util/stream/SortedOps$SizedRefSortingSink
Event: 7.680 Loading class java/util/stream/SortedOps$SizedRefSortingSink done
Event: 7.728 Loading class java/util/concurrent/atomic/Striped64$1
Event: 7.728 Loading class java/util/concurrent/atomic/Striped64$1 done
Event: 7.841 Loading class java/util/BitSet
Event: 7.842 Loading class java/util/BitSet done
Event: 7.850 Loading class sun/net/www/protocol/jrt/JavaRuntimeURLConnection
Event: 7.850 Loading class sun/net/www/protocol/jrt/JavaRuntimeURLConnection done
Event: 7.851 Loading class sun/net/www/protocol/jrt/JavaRuntimeURLConnection$1
Event: 7.852 Loading class sun/net/www/protocol/jrt/JavaRuntimeURLConnection$1 done
Event: 7.949 Loading class java/util/function/UnaryOperator
Event: 7.949 Loading class java/util/function/UnaryOperator done
Event: 7.951 Loading class java/util/ServiceConfigurationError
Event: 7.951 Loading class java/util/ServiceConfigurationError done
Event: 7.978 Loading class java/lang/InheritableThreadLocal
Event: 7.978 Loading class java/lang/InheritableThreadLocal done

Classes unloaded (0 events):
No events

Classes redefined (0 events):
No events

Internal exceptions (20 events):
Event: 7.283 Thread 0x000002415c52df50 Exception <a 'java/lang/NoSuchMethodError'{0x00000000d6429760}: 'void java.lang.invoke.Invokers$Holder.invokeExact_MT(java.lang.Object, java.lang.Object, java.lang.Object)'> (0x00000000d6429760) 
thrown [s\src\hotspot\share\interpreter\linkResolver.cpp, line 773]
Event: 7.412 Thread 0x000002415c52df50 Exception <a 'java/lang/NoSuchMethodError'{0x00000000d6729ec0}: 'java.lang.Object java.lang.invoke.DirectMethodHandle$Holder.invokeVirtual(java.lang.Object, java.lang.Object, java.lang.Object)'> (0x00000000d6729ec0) 
thrown [s\src\hotspot\share\interpreter\linkResolver.cpp, line 773]
Event: 7.416 Thread 0x000002415c52df50 Exception <a 'java/lang/NoSuchMethodError'{0x00000000d6742258}: 'java.lang.Object java.lang.invoke.DelegatingMethodHandle$Holder.reinvoke_L(java.lang.Object, java.lang.Object, java.lang.Object, java.lang.Object, int, int)'> (0x00000000d6742258) 
thrown [s\src\hotspot\share\interpreter\linkResolver.cpp, line 773]
Event: 7.422 Thread 0x000002415c52df50 Exception <a 'java/lang/NoSuchMethodError'{0x00000000d675ec08}: 'java.lang.Object java.lang.invoke.DirectMethodHandle$Holder.newInvokeSpecial(java.lang.Object, java.lang.Object, java.lang.Object, java.lang.Object, java.lang.Object, java.lang.Object)'> (0x00000000d675ec08) 
thrown [s\src\hotspot\share\interpreter\linkResolver.cpp, line 773]
Event: 7.428 Thread 0x000002415c52df50 Exception <a 'java/lang/NoSuchMethodError'{0x00000000d677b090}: 'void java.lang.invoke.Invokers$Holder.invokeExact_MT(java.lang.Object, java.lang.Object, java.lang.Object, java.lang.Object)'> (0x00000000d677b090) 
thrown [s\src\hotspot\share\interpreter\linkResolver.cpp, line 773]
Event: 7.478 Thread 0x000002415c52df50 Exception <a 'java/io/FileNotFoundException'{0x00000000d68e2680}> (0x00000000d68e2680) 
thrown [s\src\hotspot\share\prims\jni.cpp, line 520]
Event: 7.479 Thread 0x000002415c52df50 Exception <a 'java/io/FileNotFoundException'{0x00000000d68ea330}> (0x00000000d68ea330) 
thrown [s\src\hotspot\share\prims\jni.cpp, line 520]
Event: 7.625 Thread 0x000002415c52df50 Exception <a 'java/lang/NoSuchMethodError'{0x00000000d6d7ed68}: 'java.lang.Object java.lang.invoke.DirectMethodHandle$Holder.newInvokeSpecial(java.lang.Object, java.lang.Object, java.lang.Object, java.lang.Object, java.lang.Object)'> (0x00000000d6d7ed68) 
thrown [s\src\hotspot\share\interpreter\linkResolver.cpp, line 773]
Event: 7.659 Thread 0x000002415c52df50 Exception <a 'java/lang/NoSuchMethodError'{0x00000000d5587d80}: 'java.lang.Object java.lang.invoke.DirectMethodHandle$Holder.invokeSpecial(java.lang.Object, java.lang.Object, java.lang.Object, long, java.lang.Object)'> (0x00000000d5587d80) 
thrown [s\src\hotspot\share\interpreter\linkResolver.cpp, line 773]
Event: 7.661 Thread 0x000002415c52df50 Exception <a 'java/lang/NoSuchMethodError'{0x00000000d558f5c8}: 'java.lang.Object java.lang.invoke.DirectMethodHandle$Holder.newInvokeSpecial(java.lang.Object, java.lang.Object, java.lang.Object, long)'> (0x00000000d558f5c8) 
thrown [s\src\hotspot\share\interpreter\linkResolver.cpp, line 773]
Event: 7.662 Thread 0x000002415c52df50 Exception <a 'java/lang/NoSuchMethodError'{0x00000000d5593978}: 'java.lang.Object java.lang.invoke.DirectMethodHandle$Holder.invokeSpecial(java.lang.Object, java.lang.Object, java.lang.Object, java.lang.Object, long)'> (0x00000000d5593978) 
thrown [s\src\hotspot\share\interpreter\linkResolver.cpp, line 773]
Event: 7.662 Thread 0x000002415c52df50 Exception <a 'java/lang/NoSuchMethodError'{0x00000000d5597598}: 'java.lang.Object java.lang.invoke.Invokers$Holder.linkToTargetMethod(java.lang.Object, java.lang.Object, long, java.lang.Object)'> (0x00000000d5597598) 
thrown [s\src\hotspot\share\interpreter\linkResolver.cpp, line 773]
Event: 7.676 Thread 0x000002415c52df50 Exception <a 'java/lang/NoSuchMethodError'{0x00000000d5611838}: 'int java.lang.invoke.DirectMethodHandle$Holder.invokeStaticInit(java.lang.Object, java.lang.Object, java.lang.Object)'> (0x00000000d5611838) 
thrown [s\src\hotspot\share\interpreter\linkResolver.cpp, line 773]
Event: 7.699 Thread 0x000002415c52df50 Exception <a 'java/lang/IncompatibleClassChangeError'{0x00000000d5703890}: Found class java.lang.Object, but interface was expected> (0x00000000d5703890) 
thrown [s\src\hotspot\share\interpreter\linkResolver.cpp, line 840]
Event: 7.700 Thread 0x000002415c52df50 Exception <a 'java/lang/NoSuchMethodError'{0x00000000d5707328}: 'java.lang.Object java.lang.invoke.DirectMethodHandle$Holder.invokeSpecial(java.lang.Object, java.lang.Object, java.lang.Object, int, java.lang.Object, java.lang.Object)'> (0x00000000d5707328) 
thrown [s\src\hotspot\share\interpreter\linkResolver.cpp, line 773]
Event: 7.702 Thread 0x000002415c52df50 Exception <a 'java/lang/NoSuchMethodError'{0x00000000d570ed40}: 'java.lang.Object java.lang.invoke.DirectMethodHandle$Holder.newInvokeSpecial(java.lang.Object, java.lang.Object, java.lang.Object, int, java.lang.Object)'> (0x00000000d570ed40) 
thrown [s\src\hotspot\share\interpreter\linkResolver.cpp, line 773]
Event: 7.703 Thread 0x000002415c52df50 Exception <a 'java/lang/NoSuchMethodError'{0x00000000d5712cc0}: 'java.lang.Object java.lang.invoke.DirectMethodHandle$Holder.invokeSpecial(java.lang.Object, java.lang.Object, java.lang.Object, java.lang.Object, int, java.lang.Object)'> (0x00000000d5712cc0) 
thrown [s\src\hotspot\share\interpreter\linkResolver.cpp, line 773]
Event: 7.703 Thread 0x000002415c52df50 Exception <a 'java/lang/NoSuchMethodError'{0x00000000d5716800}: 'java.lang.Object java.lang.invoke.Invokers$Holder.linkToTargetMethod(java.lang.Object, java.lang.Object, int, java.lang.Object, java.lang.Object)'> (0x00000000d5716800) 
thrown [s\src\hotspot\share\interpreter\linkResolver.cpp, line 773]
Event: 7.705 Thread 0x00000241612fb9e0 Exception <a 'java/lang/NoSuchMethodError'{0x00000000d55e7778}: 'java.lang.Object java.lang.invoke.DirectMethodHandle$Holder.invokeSpecial(java.lang.Object, java.lang.Object, int, java.lang.Object, java.lang.Object)'> (0x00000000d55e7778) 
thrown [s\src\hotspot\share\interpreter\linkResolver.cpp, line 773]
Event: 7.732 Thread 0x000002415c52df50 Exception <a 'java/lang/NoSuchMethodError'{0x00000000d58463f8}: 'void java.lang.invoke.DirectMethodHandle$Holder.invokeSpecial(java.lang.Object, java.lang.Object, java.lang.Object, java.lang.Object, java.lang.Object)'> (0x00000000d58463f8) 
thrown [s\src\hotspot\share\interpreter\linkResolver.cpp, line 773]

ZGC Phase Switch (0 events):
No events

VM Operations (20 events):
Event: 5.706 Executing safepoint VM operation: Cleanup
Event: 5.706 Executing safepoint VM operation: Cleanup done
Event: 6.607 Executing non-safepoint VM operation: HandshakeAllThreads (Deoptimize)
Event: 6.608 Executing non-safepoint VM operation: HandshakeAllThreads (Deoptimize) done
Event: 6.644 Executing safepoint VM operation: ParallelGCFailedAllocation (Allocation Failure)
Event: 6.653 Executing safepoint VM operation: ParallelGCFailedAllocation (Allocation Failure) done
Event: 7.560 Executing non-safepoint VM operation: HandshakeAllThreads (Deoptimize)
Event: 7.560 Executing non-safepoint VM operation: HandshakeAllThreads (Deoptimize) done
Event: 7.561 Executing safepoint VM operation: ICBufferFull
Event: 7.562 Executing safepoint VM operation: ICBufferFull done
Event: 7.651 Executing safepoint VM operation: ParallelGCFailedAllocation (Allocation Failure)
Event: 7.657 Executing safepoint VM operation: ParallelGCFailedAllocation (Allocation Failure) done
Event: 7.853 Executing non-safepoint VM operation: HandshakeAllThreads (Deoptimize)
Event: 7.853 Executing non-safepoint VM operation: HandshakeAllThreads (Deoptimize) done
Event: 7.985 Executing non-safepoint VM operation: HandshakeAllThreads (Deoptimize)
Event: 7.985 Executing non-safepoint VM operation: HandshakeAllThreads (Deoptimize) done
Event: 7.995 Executing non-safepoint VM operation: HandshakeAllThreads (Deoptimize)
Event: 7.996 Executing non-safepoint VM operation: HandshakeAllThreads (Deoptimize) done
Event: 8.999 Executing safepoint VM operation: Cleanup
Event: 9.000 Executing safepoint VM operation: Cleanup done

Memory protections (0 events):
No events

Nmethod flushes (0 events):
No events

Events (20 events):
Event: 0.089 Thread 0x0000024102a8cf20 Thread added: 0x000002415c354260
Event: 0.090 Thread 0x0000024102a8cf20 Thread added: 0x000002415c3596f0
Event: 0.178 Thread 0x000002415c3596f0 Thread added: 0x000002415c52df50
Event: 0.203 Thread 0x0000024102a8cf20 Thread added: 0x000002415c5b6b30
Event: 0.609 Thread 0x0000024102a8cf20 Thread added: 0x000002415c69b670
Event: 0.911 Thread 0x000002415c3596f0 Thread added: 0x000002415c7760a0
Event: 2.420 Thread 0x0000024102a8cf20 Thread added: 0x000002416102ea30
Event: 2.578 Thread 0x000002415c7760a0 Thread exited: 0x000002415c7760a0
Event: 2.885 Thread 0x0000024102a8cf20 Thread added: 0x00000241613c7990
Event: 2.975 Thread 0x00000241613c7990 Thread added: 0x000002415cf15320
Event: 2.985 Thread 0x000002415c52df50 Thread exited: 0x000002415c52df50
Event: 2.985 Thread 0x0000024102a8cf20 Thread added: 0x000002415c52df50
Event: 4.244 Thread 0x000002415c52df50 Thread added: 0x0000024161446a00
Event: 6.417 Thread 0x000002415c52df50 Thread added: 0x0000024161c47180
Event: 6.736 Thread 0x000002415c3596f0 Thread added: 0x0000024161664010
Event: 6.736 Thread 0x000002415c3596f0 Thread added: 0x000002415ccc52e0
Event: 7.075 Thread 0x000002415ccc52e0 Thread exited: 0x000002415ccc52e0
Event: 7.233 Thread 0x000002415c52df50 Thread added: 0x000002415c921340
Event: 7.669 Thread 0x000002415c52df50 Thread added: 0x00000241612fb9e0
Event: 7.706 Thread 0x000002415c52df50 Thread added: 0x00000241612fc070


Dynamic libraries:
0x00007ff742360000 - 0x00007ff74236e000 	c:\Users\Admin\.vscode\extensions\redhat.java-1.55.0-win32-x64\jre\21.0.11-win32-x86_64\bin\java.exe
0x00007ff8a5670000 - 0x00007ff8a58c5000 	C:\Windows\SYSTEM32\ntdll.dll
0x00007ff8a40b0000 - 0x00007ff8a4177000 	C:\Windows\System32\KERNEL32.DLL
0x00007ff8a3000000 - 0x00007ff8a33a0000 	C:\Windows\System32\KERNELBASE.dll
0x00007ff8a2d00000 - 0x00007ff8a2e4a000 	C:\Windows\System32\ucrtbase.dll
0x00007ff87b530000 - 0x00007ff87b548000 	c:\Users\Admin\.vscode\extensions\redhat.java-1.55.0-win32-x64\jre\21.0.11-win32-x86_64\bin\jli.dll
0x00007ff8a5170000 - 0x00007ff8a532f000 	C:\Windows\System32\USER32.dll
0x00007ff8a2cd0000 - 0x00007ff8a2cf7000 	C:\Windows\System32\win32u.dll
0x00007ff8a3ff0000 - 0x00007ff8a401a000 	C:\Windows\System32\GDI32.dll
0x00007ff8a2e50000 - 0x00007ff8a2f71000 	C:\Windows\System32\gdi32full.dll
0x00007ff8a2c20000 - 0x00007ff8a2cc3000 	C:\Windows\System32\msvcp_win.dll
0x00007ff8909d0000 - 0x00007ff890c60000 	C:\Windows\WinSxS\amd64_microsoft.windows.common-controls_6595b64144ccf1df_6.0.26100.1_none_fc2d3fda0fd46076\COMCTL32.dll
0x00007ff85eac0000 - 0x00007ff85eade000 	c:\Users\Admin\.vscode\extensions\redhat.java-1.55.0-win32-x64\jre\21.0.11-win32-x86_64\bin\VCRUNTIME140.dll
0x00007ff8a4610000 - 0x00007ff8a46b9000 	C:\Windows\System32\msvcrt.dll
0x00007ff8a4b40000 - 0x00007ff8a4b6f000 	C:\Windows\System32\IMM32.DLL
0x00007ff888d50000 - 0x00007ff888d5c000 	c:\Users\Admin\.vscode\extensions\redhat.java-1.55.0-win32-x64\jre\21.0.11-win32-x86_64\bin\vcruntime140_1.dll
0x00007ff8246b0000 - 0x00007ff82473d000 	c:\Users\Admin\.vscode\extensions\redhat.java-1.55.0-win32-x64\jre\21.0.11-win32-x86_64\bin\msvcp140.dll
0x00007ff80faa0000 - 0x00007ff810842000 	c:\Users\Admin\.vscode\extensions\redhat.java-1.55.0-win32-x64\jre\21.0.11-win32-x86_64\bin\server\jvm.dll
0x00007ff8a5540000 - 0x00007ff8a55f2000 	C:\Windows\System32\ADVAPI32.dll
0x00007ff8a3c20000 - 0x00007ff8a3cc6000 	C:\Windows\System32\sechost.dll
0x00007ff8a4180000 - 0x00007ff8a4299000 	C:\Windows\System32\RPCRT4.dll
0x00007ff8a4b90000 - 0x00007ff8a4c04000 	C:\Windows\System32\WS2_32.dll
0x00007ff8a2960000 - 0x00007ff8a29ae000 	C:\Windows\SYSTEM32\POWRPROF.dll
0x00007ff89b950000 - 0x00007ff89b95b000 	C:\Windows\SYSTEM32\VERSION.dll
0x00007ff89a280000 - 0x00007ff89a2b6000 	C:\Windows\SYSTEM32\WINMM.dll
0x00007ff8a2940000 - 0x00007ff8a2954000 	C:\Windows\SYSTEM32\UMPDC.dll
0x00007ff8a19a0000 - 0x00007ff8a19ba000 	C:\Windows\SYSTEM32\kernel.appcore.dll
0x00007ff888500000 - 0x00007ff88850a000 	c:\Users\Admin\.vscode\extensions\redhat.java-1.55.0-win32-x64\jre\21.0.11-win32-x86_64\bin\jimage.dll
0x00007ff89a660000 - 0x00007ff89a8a1000 	C:\Windows\SYSTEM32\DBGHELP.DLL
0x00007ff8a4d10000 - 0x00007ff8a5085000 	C:\Windows\System32\combase.dll
0x00007ff8a4c10000 - 0x00007ff8a4ce6000 	C:\Windows\System32\OLEAUT32.dll
0x00007ff889600000 - 0x00007ff889639000 	C:\Windows\SYSTEM32\dbgcore.DLL
0x00007ff8a2b80000 - 0x00007ff8a2c19000 	C:\Windows\System32\bcryptPrimitives.dll
0x00007ff886d40000 - 0x00007ff886d4f000 	c:\Users\Admin\.vscode\extensions\redhat.java-1.55.0-win32-x64\jre\21.0.11-win32-x86_64\bin\instrument.dll
0x00007ff87e770000 - 0x00007ff87e790000 	c:\Users\Admin\.vscode\extensions\redhat.java-1.55.0-win32-x64\jre\21.0.11-win32-x86_64\bin\java.dll
0x00007ff8a3530000 - 0x00007ff8a3c16000 	C:\Windows\System32\SHELL32.dll
0x00007ff8a0940000 - 0x00007ff8a116b000 	C:\Windows\SYSTEM32\windows.storage.dll
0x00007ff8a4440000 - 0x00007ff8a4513000 	C:\Windows\System32\SHCORE.dll
0x00007ff8a5480000 - 0x00007ff8a54dd000 	C:\Windows\System32\shlwapi.dll
0x00007ff8a29e0000 - 0x00007ff8a2a04000 	C:\Windows\SYSTEM32\profapi.dll
0x00007ff87d560000 - 0x00007ff87d578000 	c:\Users\Admin\.vscode\extensions\redhat.java-1.55.0-win32-x64\jre\21.0.11-win32-x86_64\bin\zip.dll
0x00007ff89dcd0000 - 0x00007ff89dce0000 	C:\Users\Admin\.vscode\extensions\redhat.java-1.55.0-win32-x64\jre\21.0.11-win32-x86_64\bin\net.dll
0x00007ff89c2e0000 - 0x00007ff89c3fd000 	C:\Windows\SYSTEM32\WINHTTP.dll
0x00007ff8a1e60000 - 0x00007ff8a1ec8000 	C:\Windows\system32\mswsock.dll
0x00007ff865170000 - 0x00007ff865186000 	C:\Users\Admin\.vscode\extensions\redhat.java-1.55.0-win32-x64\jre\21.0.11-win32-x86_64\bin\nio.dll
0x00007ff8835b0000 - 0x00007ff8835c0000 	c:\Users\Admin\.vscode\extensions\redhat.java-1.55.0-win32-x64\jre\21.0.11-win32-x86_64\bin\verify.dll
0x00007ff8233c0000 - 0x00007ff823405000 	C:\Users\Admin\AppData\Roaming\Code\User\globalStorage\redhat.java\1.55.0\config_win\org.eclipse.equinox.launcher\org.eclipse.equinox.launcher.win32.win32.x86_64_1.3.100.v20260613-0559\eclipse_11924.dll
0x00007ff8a42a0000 - 0x00007ff8a4435000 	C:\Windows\System32\ole32.dll

JVMTI agents:
c:\Users\Admin\.vscode\extensions\redhat.java-1.55.0-win32-x64\lombok\lombok-1.18.39-4050.jar path:c:\Users\Admin\.vscode\extensions\redhat.java-1.55.0-win32-x64\jre\21.0.11-win32-x86_64\bin\instrument.dll, loaded, initialized, instrumentlib options:none

dbghelp: loaded successfully - version: 4.0.5 - missing functions: none
symbol engine: initialized successfully - sym options: 0x614 - pdb path: .;c:\Users\Admin\.vscode\extensions\redhat.java-1.55.0-win32-x64\jre\21.0.11-win32-x86_64\bin;C:\Windows\SYSTEM32;C:\Windows\WinSxS\amd64_microsoft.windows.common-controls_6595b64144ccf1df_6.0.26100.1_none_fc2d3fda0fd46076;c:\Users\Admin\.vscode\extensions\redhat.java-1.55.0-win32-x64\jre\21.0.11-win32-x86_64\bin\server;C:\Users\Admin\AppData\Roaming\Code\User\globalStorage\redhat.java\1.55.0\config_win\org.eclipse.equinox.launcher\org.eclipse.equinox.launcher.win32.win32.x86_64_1.3.100.v20260613-0559

VM Arguments:
jvm_args: --add-modules=ALL-SYSTEM --add-opens=java.base/java.util=ALL-UNNAMED --add-opens=java.base/java.lang=ALL-UNNAMED --add-opens=java.base/sun.nio.fs=ALL-UNNAMED -Declipse.application=org.eclipse.jdt.ls.core.id1 -Dosgi.bundles.defaultStartLevel=4 -Declipse.product=org.eclipse.jdt.ls.core.product -Djava.import.generatesMetadataFilesAtProjectRoot=false -DDetectVMInstallationsJob.disabled=true -Dfile.encoding=utf8 -XX:+UseParallelGC -XX:GCTimeRatio=4 -XX:AdaptiveSizePolicyWeight=90 -Dsun.zip.disableMemoryMapping=true -Xmx2G -Xms100m -Xlog:disable -javaagent:c:\Users\Admin\.vscode\extensions\redhat.java-1.55.0-win32-x64\lombok\lombok-1.18.39-4050.jar -XX:+HeapDumpOnOutOfMemoryError -XX:HeapDumpPath=c:\Users\Admin\AppData\Roaming\Code\User\workspaceStorage\801ed1664cc344b479297c66898efbba\redhat.java -Daether.dependencyCollector.impl=bf 
java_command: c:\Users\Admin\.vscode\extensions\redhat.java-1.55.0-win32-x64\server\plugins\org.eclipse.equinox.launcher_1.7.200.v20260619-2039.jar -configuration c:\Users\Admin\AppData\Roaming\Code\User\globalStorage\redhat.java\1.55.0\config_win -data c:\Users\Admin\AppData\Roaming\Code\User\workspaceStorage\801ed1664cc344b479297c66898efbba\redhat.java\jdt_ws --pipe=\\.\pipe\lsp-d0315edb320c727c08f2a81cf470e356-sock
java_class_path (initial): c:\Users\Admin\.vscode\extensions\redhat.java-1.55.0-win32-x64\server\plugins\org.eclipse.equinox.launcher_1.7.200.v20260619-2039.jar
Launcher Type: SUN_STANDARD

[Global flags]
    uintx AdaptiveSizePolicyWeight                 = 90                                        {product} {command line}
     intx CICompilerCount                          = 4                                         {product} {ergonomic}
    uintx GCTimeRatio                              = 4                                         {product} {command line}
     bool HeapDumpOnOutOfMemoryError               = true                                   {manageable} {command line}
    ccstr HeapDumpPath                             = c:\Users\Admin\AppData\Roaming\Code\User\workspaceStorage\801ed1664cc344b479297c66898efbba\redhat.java         {manageable} {command line}
   size_t InitialHeapSize                          = 104857600                                 {product} {command line}
   size_t MaxHeapSize                              = 2147483648                                {product} {command line}
   size_t MaxNewSize                               = 715653120                                 {product} {ergonomic}
   size_t MinHeapDeltaBytes                        = 524288                                    {product} {ergonomic}
   size_t MinHeapSize                              = 104857600                                 {product} {command line}
   size_t NewSize                                  = 34603008                                  {product} {ergonomic}
    uintx NonNMethodCodeHeapSize                   = 5839372                                {pd product} {ergonomic}
    uintx NonProfiledCodeHeapSize                  = 122909434                              {pd product} {ergonomic}
   size_t OldSize                                  = 70254592                                  {product} {ergonomic}
    uintx ProfiledCodeHeapSize                     = 122909434                              {pd product} {ergonomic}
    uintx ReservedCodeCacheSize                    = 251658240                              {pd product} {ergonomic}
     bool SegmentedCodeCache                       = true                                      {product} {ergonomic}
   size_t SoftMaxHeapSize                          = 2147483648                             {manageable} {ergonomic}
     bool UseCompressedOops                        = true                           {product lp64_product} {ergonomic}
     bool UseLargePagesIndividualAllocation        = false                                  {pd product} {ergonomic}
     bool UseParallelGC                            = true                                      {product} {command line}

Logging:
Log output configuration:
 #0: stdout all=off uptime,level,tags foldmultilines=false
 #1: stderr all=off uptime,level,tags foldmultilines=false

Release file:
JAVA_VERSION="21.0.11" 
MODULES="java.base java.compiler java.datatransfer java.xml java.prefs java.desktop java.instrument java.logging java.management java.security.sasl java.naming java.rmi java.management.rmi java.net.http java.scripting java.security.jgss java.transaction.xa java.sql java.sql.rowset java.xml.crypto java.se java.smartcardio jdk.accessibility jdk.internal.jvmstat jdk.attach jdk.charsets jdk.internal.opt jdk.zipfs jdk.compiler jdk.crypto.ec jdk.crypto.cryptoki jdk.crypto.mscapi jdk.dynalink jdk.internal.ed jdk.editpad jdk.hotspot.agent jdk.httpserver jdk.internal.le jdk.internal.vm.ci jdk.internal.vm.compiler jdk.internal.vm.compiler.management jdk.jartool jdk.javadoc jdk.jcmd jdk.management jdk.management.agent jdk.jconsole jdk.jdeps jdk.jdwp.agent jdk.jdi jdk.jfr jdk.jshell jdk.jsobject jdk.jstatd jdk.localedata jdk.management.jfr jdk.naming.dns jdk.naming.rmi jdk.net jdk.nio.mapmode jdk.random jdk.sctp jdk.security.auth jdk.security.jgss jdk.unsupported jdk.unsupported.desktop jdk.xml.dom" 

Environment Variables:
JAVA_HOME=C:\Program Files\Java\jdk-17
PATH=C:\Program Files\Python314\Scripts\;C:\Program Files\Python314\;C:\Windows\system32;C:\Windows;C:\Windows\System32\Wbem;C:\Windows\System32\WindowsPowerShell\v1.0\;C:\Windows\System32\OpenSSH\;C:\Program Files\Git\cmd;C:\Program Files\dotnet\;%ANDROID_HOME%\platform-tools;%ANDROID_HOME%\cmdline-tools\latest\bin;%ANDROID_HOME%\emulator;%JAVA_HOME%\bin;C:\Program Files\nodejs\;C:\Users\Admin\AppData\Local\Microsoft\WindowsApps;C:\flutter\bin;C:\Users\Admin\.dotnet\tools;C:\Users\Admin\AppData\Local\Android\Sdk\platform-tools;C:\Users\Admin\AppData\Local\Programs\Microsoft VS Code\bin;C:\Users\Admin\AppData\Roaming\npm
USERNAME=Admin
OS=Windows_NT
PROCESSOR_IDENTIFIER=AMD64 Family 23 Model 96 Stepping 1, AuthenticAMD
TMP=C:\Users\Admin\AppData\Local\Temp
TEMP=C:\Users\Admin\AppData\Local\Temp




Periodic native trim disabled

---------------  S Y S T E M  ---------------

OS:
 Windows 11 , 64 bit Build 26100 (10.0.26100.1)
OS uptime: 0 days 0:25 hours

CPU: total 12 (initial active 12) (12 cores per cpu, 2 threads per core) family 23 model 96 stepping 1 microcode 0x8600106, cx8, cmov, fxsr, ht, mmx, 3dnowpref, sse, sse2, sse3, ssse3, sse4a, sse4.1, sse4.2, popcnt, lzcnt, tsc, tscinvbit, avx, avx2, aes, clmul, bmi1, bmi2, adx, sha, fma, vzeroupper, clflush, clflushopt, rdtscp, rdpid, f16c
Processor Information for the first 12 processors :
  Max Mhz: 3001, Current Mhz: 2011, Mhz Limit: 3001

Memory: 4k page, system-wide physical 7598M (665M free)
TotalPageFile size 13742M (AvailPageFile size 33M)
current process WorkingSet (physical memory assigned to process): 132M, peak: 132M
current process commit charge ("private bytes"): 280M, peak: 281M

vm_info: OpenJDK 64-Bit Server VM (21.0.11+10-LTS) for windows-amd64 JRE (21.0.11+10-LTS), built on 2026-04-21T00:00:00Z by "admin" with MS VC++ 17.12 (VS2022)

END.
