#
# There is insufficient memory for the Java Runtime Environment to continue.
# Native memory allocation (malloc) failed to allocate 572544 bytes. Error detail: Chunk::new
# Possible reasons:
#   The system is out of physical RAM or swap space
#   This process is running with CompressedOops enabled, and the Java Heap may be blocking the growth of the native heap
# Possible solutions:
#   Reduce memory load on the system
#   Increase physical memory or swap space
#   Check if swap backing store is full
#   Decrease Java heap size (-Xmx/-Xms)
#   Decrease number of Java threads
#   Decrease Java thread stack sizes (-Xss)
#   Set larger code cache with -XX:ReservedCodeCacheSize=
#   JVM is running with Unscaled Compressed Oops mode in which the Java heap is
#     placed in the first 4GB address space. The Java Heap base address is the
#     maximum limit for the native heap growth. Please use -XX:HeapBaseMinAddress
#     to set the Java Heap base and to place the Java Heap above 4GB virtual address.
# This output file may be truncated or incomplete.
#
#  Out of Memory Error (arena.cpp:168), pid=15748, tid=28336
#
# JRE version: OpenJDK Runtime Environment Temurin-21.0.11+10 (21.0.11+10) (build 21.0.11+10-LTS)
# Java VM: OpenJDK 64-Bit Server VM Temurin-21.0.11+10 (21.0.11+10-LTS, mixed mode, sharing, tiered, compressed oops, compressed class ptrs, parallel gc, windows-amd64)
# No core dump will be written. Minidumps are not enabled by default on client versions of Windows
#

---------------  S U M M A R Y ------------

Command Line: --add-modules=ALL-SYSTEM --add-opens=java.base/java.util=ALL-UNNAMED --add-opens=java.base/java.lang=ALL-UNNAMED --add-opens=java.base/sun.nio.fs=ALL-UNNAMED -Declipse.application=org.eclipse.jdt.ls.core.id1 -Dosgi.bundles.defaultStartLevel=4 -Declipse.product=org.eclipse.jdt.ls.core.product -Djava.import.generatesMetadataFilesAtProjectRoot=false -DDetectVMInstallationsJob.disabled=true -Dfile.encoding=utf8 -XX:+UseParallelGC -XX:GCTimeRatio=4 -XX:AdaptiveSizePolicyWeight=90 -Dsun.zip.disableMemoryMapping=true -Xmx2G -Xms100m -Xlog:disable -javaagent:c:\Users\Admin\.vscode\extensions\redhat.java-1.55.0-win32-x64\lombok\lombok-1.18.39-4050.jar -XX:+HeapDumpOnOutOfMemoryError -XX:HeapDumpPath=c:\Users\Admin\AppData\Roaming\Code\User\workspaceStorage\801ed1664cc344b479297c66898efbba\redhat.java -Daether.dependencyCollector.impl=bf c:\Users\Admin\.vscode\extensions\redhat.java-1.55.0-win32-x64\server\plugins\org.eclipse.equinox.launcher_1.7.200.v20260619-2039.jar -configuration c:\Users\Admin\AppData\Roaming\Code\User\globalStorage\redhat.java\1.55.0\config_win -data c:\Users\Admin\AppData\Roaming\Code\User\workspaceStorage\801ed1664cc344b479297c66898efbba\redhat.java\jdt_ws --pipe=\\.\pipe\lsp-355e04de7aa693341c43a278ed667000-sock

Host: AMD Ryzen 5 4600H with Radeon Graphics         , 12 cores, 7G,  Windows 11 , 64 bit Build 26100 (10.0.26100.1)
Time: Tue Jul  7 14:54:09 2026 Malay Peninsula Standard Time elapsed time: 9.780221 seconds (0d 0h 0m 9s)

---------------  T H R E A D  ---------------

Current thread (0x000001520daacdd0):  JavaThread "C2 CompilerThread0" daemon [_thread_in_native, id=28336, stack(0x0000003d44000000,0x0000003d44100000) (1024K)]


Current CompileTask:
C2:9780 2483       4       java.io.DataInputStream::readUTF (501 bytes)

Stack: [0x0000003d44000000,0x0000003d44100000]
Native frames: (J=compiled Java code, j=interpreted, Vv=VM code, C=native code)
V  [jvm.dll+0x6d7e19]
V  [jvm.dll+0x8b5096]
V  [jvm.dll+0x8b764e]
V  [jvm.dll+0x8b7d33]
V  [jvm.dll+0x284596]
V  [jvm.dll+0xc685d]
V  [jvm.dll+0xc6da1]
V  [jvm.dll+0x3bed6b]
V  [jvm.dll+0x1e3f42]
V  [jvm.dll+0x24c853]
V  [jvm.dll+0x24bce0]
V  [jvm.dll+0x1cb4ae]
V  [jvm.dll+0x25baad]
V  [jvm.dll+0x25a03a]
V  [jvm.dll+0x3f868e]
V  [jvm.dll+0x85fb0d]
V  [jvm.dll+0x6d664d]
C  [ucrtbase.dll+0x43340]
C  [KERNEL32.DLL+0x31fd7]
C  [ntdll.dll+0x6d7d0]


---------------  P R O C E S S  ---------------

Threads class SMR info:
_java_thread_list=0x000001521265dcd0, length=18, elements={
0x00000151b41dc240, 0x000001520daa0080, 0x000001520daa3110, 0x000001520daa6150,
0x000001520daa6db0, 0x000001520daa7810, 0x000001520daa8270, 0x000001520daacdd0,
0x000001520daec1c0, 0x000001520dd04bd0, 0x000001521217c8a0, 0x000001521289cf60,
0x00000152128853e0, 0x00000152127e33c0, 0x00000152127e2720, 0x0000015212bea5b0,
0x000001521307c530, 0x000001521305d970
}

Java Threads: ( => current thread )
  0x00000151b41dc240 JavaThread "main"                              [_thread_blocked, id=26188, stack(0x0000003d43600000,0x0000003d43700000) (1024K)]
  0x000001520daa0080 JavaThread "Reference Handler"          daemon [_thread_blocked, id=28572, stack(0x0000003d43a00000,0x0000003d43b00000) (1024K)]
  0x000001520daa3110 JavaThread "Finalizer"                  daemon [_thread_blocked, id=28028, stack(0x0000003d43b00000,0x0000003d43c00000) (1024K)]
  0x000001520daa6150 JavaThread "Signal Dispatcher"          daemon [_thread_blocked, id=4204, stack(0x0000003d43c00000,0x0000003d43d00000) (1024K)]
  0x000001520daa6db0 JavaThread "Attach Listener"            daemon [_thread_blocked, id=27784, stack(0x0000003d43d00000,0x0000003d43e00000) (1024K)]
  0x000001520daa7810 JavaThread "Service Thread"             daemon [_thread_blocked, id=28092, stack(0x0000003d43e00000,0x0000003d43f00000) (1024K)]
  0x000001520daa8270 JavaThread "Monitor Deflation Thread"   daemon [_thread_blocked, id=28100, stack(0x0000003d43f00000,0x0000003d44000000) (1024K)]
=>0x000001520daacdd0 JavaThread "C2 CompilerThread0"         daemon [_thread_in_native, id=28336, stack(0x0000003d44000000,0x0000003d44100000) (1024K)]
  0x000001520daec1c0 JavaThread "C1 CompilerThread0"         daemon [_thread_in_vm, id=12400, stack(0x0000003d44100000,0x0000003d44200000) (1024K)]
  0x000001520dd04bd0 JavaThread "Common-Cleaner"             daemon [_thread_blocked, id=28416, stack(0x0000003d44300000,0x0000003d44400000) (1024K)]
  0x000001521217c8a0 JavaThread "Notification Thread"        daemon [_thread_blocked, id=28356, stack(0x0000003d44400000,0x0000003d44500000) (1024K)]
  0x000001521289cf60 JavaThread "Active Thread: Equinox Container: 65420033-9507-498a-9764-86e03ab1ecc6"        [_thread_blocked, id=27804, stack(0x0000003d44b00000,0x0000003d44c00000) (1024K)]
  0x00000152128853e0 JavaThread "Refresh Thread: Equinox Container: 65420033-9507-498a-9764-86e03ab1ecc6" daemon [_thread_blocked, id=27672, stack(0x0000003d44d00000,0x0000003d44e00000) (1024K)]
  0x00000152127e33c0 JavaThread "Framework Event Dispatcher: Equinox Container: 65420033-9507-498a-9764-86e03ab1ecc6" daemon [_thread_blocked, id=27684, stack(0x0000003d44e00000,0x0000003d44f00000) (1024K)]
  0x00000152127e2720 JavaThread "Start Level: Equinox Container: 65420033-9507-498a-9764-86e03ab1ecc6" daemon [_thread_in_native, id=28476, stack(0x0000003d44f00000,0x0000003d45000000) (1024K)]
  0x0000015212bea5b0 JavaThread "Bundle File Closer"         daemon [_thread_blocked, id=28276, stack(0x0000003d45200000,0x0000003d45300000) (1024K)]
  0x000001521307c530 JavaThread "SCR Component Actor"        daemon [_thread_blocked, id=26864, stack(0x0000003d44200000,0x0000003d44300000) (1024K)]
  0x000001521305d970 JavaThread "C2 CompilerThread1"         daemon [_thread_in_native, id=27472, stack(0x0000003d45300000,0x0000003d45400000) (1024K)]
Total: 18

Other Threads:
  0x00000151b4174540 VMThread "VM Thread"                           [id=28516, stack(0x0000003d43900000,0x0000003d43a00000) (1024K)]
  0x00000151b406ca00 WatcherThread "VM Periodic Task Thread"        [id=28668, stack(0x0000003d43800000,0x0000003d43900000) (1024K)]
  0x00000151b41fa4b0 WorkerThread "GC Thread#0"                     [id=20456, stack(0x0000003d43700000,0x0000003d43800000) (1024K)]
  0x000001521214d400 WorkerThread "GC Thread#1"                     [id=28372, stack(0x0000003d44500000,0x0000003d44600000) (1024K)]
  0x000001521214df10 WorkerThread "GC Thread#2"                     [id=28428, stack(0x0000003d44600000,0x0000003d44700000) (1024K)]
  0x000001521214c8f0 WorkerThread "GC Thread#3"                     [id=28616, stack(0x0000003d44700000,0x0000003d44800000) (1024K)]
  0x000001521214cca0 WorkerThread "GC Thread#4"                     [id=25672, stack(0x0000003d44800000,0x0000003d44900000) (1024K)]
  0x000001521214db60 WorkerThread "GC Thread#5"                     [id=26892, stack(0x0000003d44900000,0x0000003d44a00000) (1024K)]
  0x000001521214d050 WorkerThread "GC Thread#6"                     [id=28580, stack(0x0000003d44a00000,0x0000003d44b00000) (1024K)]
  0x00000152124a7580 WorkerThread "GC Thread#7"                     [id=22428, stack(0x0000003d44c00000,0x0000003d44d00000) (1024K)]
  0x00000152124a7930 WorkerThread "GC Thread#8"                     [id=28484, stack(0x0000003d45000000,0x0000003d45100000) (1024K)]
  0x00000152124a8090 WorkerThread "GC Thread#9"                     [id=24120, stack(0x0000003d45100000,0x0000003d45200000) (1024K)]
Total: 12

Threads with active compile tasks:
C2 CompilerThread0  9802 2483       4       java.io.DataInputStream::readUTF (501 bytes)
C1 CompilerThread0  9802 2563       3       java.util.stream.AbstractPipeline::wrapSink (37 bytes)
C2 CompilerThread1  9802 2490   !   4       java.io.BufferedInputStream::read (69 bytes)
Total: 3

VM state: not at safepoint (normal execution)

VM Mutex/Monitor currently owned by a thread: None

Heap address: 0x0000000080000000, size: 2048 MB, Compressed Oops mode: 32-bit

CDS archive(s) mapped at: [0x00000151cb000000-0x00000151cbba0000-0x00000151cbba0000), size 12189696, SharedBaseAddress: 0x00000151cb000000, ArchiveRelocationMode: 1.
Compressed class space mapped at: 0x00000151cc000000-0x000001520c000000, reserved size: 1073741824
Narrow klass base: 0x00000151cb000000, Narrow klass shift: 0, Narrow klass range: 0x100000000

GC Precious Log:
 CardTable entry size: 512
 CPUs: 12 total, 12 available
 Memory: 7598M
 Large Page Support: Disabled
 NUMA Support: Disabled
 Compressed Oops: Enabled (32-bit)
 Alignments: Space 512K, Generation 512K, Heap 2M
 Heap Min Capacity: 100M
 Heap Initial Capacity: 100M
 Heap Max Capacity: 2G
 Pre-touch: Disabled
 Parallel Workers: 10

Heap:
 PSYoungGen      total 29696K, used 10293K [0x00000000d5580000, 0x00000000d7680000, 0x0000000100000000)
  eden space 25600K, 24% used [0x00000000d5580000,0x00000000d5b94ac8,0x00000000d6e80000)
  from space 4096K, 99% used [0x00000000d7280000,0x00000000d7678c48,0x00000000d7680000)
  to   space 4096K, 0% used [0x00000000d6e80000,0x00000000d6e80000,0x00000000d7280000)
 ParOldGen       total 68608K, used 6599K [0x0000000080000000, 0x0000000084300000, 0x00000000d5580000)
  object space 68608K, 9% used [0x0000000080000000,0x0000000080671f98,0x0000000084300000)
 Metaspace       used 12557K, committed 12992K, reserved 1114112K
  class space    used 1350K, committed 1536K, reserved 1048576K

Card table byte_map: [0x00000151b3b80000,0x00000151b3f90000] _byte_map_base: 0x00000151b3780000

Marking Bits: (ParMarkBitMap*) 0x00007ffb9c044460
 Begin Bits: [0x00000151c6690000, 0x00000151c8690000)
 End Bits:   [0x00000151c8690000, 0x00000151ca690000)

Polling page: 0x00000151b3900000

Metaspace:

Usage:
  Non-class:     10.94 MB used.
      Class:      1.32 MB used.
       Both:     12.26 MB used.

Virtual space:
  Non-class space:       64.00 MB reserved,      11.19 MB ( 17%) committed,  1 nodes.
      Class space:        1.00 GB reserved,       1.50 MB ( <1%) committed,  1 nodes.
             Both:        1.06 GB reserved,      12.69 MB (  1%) committed. 

Chunk freelists:
   Non-Class:  4.83 MB
       Class:  14.51 MB
        Both:  19.34 MB

MaxMetaspaceSize: unlimited
CompressedClassSpaceSize: 1.00 GB
Initial GC threshold: 21.00 MB
Current GC threshold: 21.00 MB
CDS: on
 - commit_granule_bytes: 65536.
 - commit_granule_words: 8192.
 - virtual_space_node_default_size: 8388608.
 - enlarge_chunks_in_place: 1.
 - use_allocation_guard: 0.


Internal statistics:

num_allocs_failed_limit: 0.
num_arena_births: 308.
num_arena_deaths: 0.
num_vsnodes_births: 2.
num_vsnodes_deaths: 0.
num_space_committed: 203.
num_space_uncommitted: 0.
num_chunks_returned_to_freelist: 0.
num_chunks_taken_from_freelist: 682.
num_chunk_merges: 0.
num_chunk_splits: 441.
num_chunks_enlarged: 297.
num_inconsistent_stats: 0.

CodeHeap 'non-profiled nmethods': size=120000Kb used=1133Kb max_used=1133Kb free=118866Kb
 bounds [0x00000151beeb0000, 0x00000151bf120000, 0x00000151c63e0000]
CodeHeap 'profiled nmethods': size=120000Kb used=5036Kb max_used=5036Kb free=114963Kb
 bounds [0x00000151b73e0000, 0x00000151b78d0000, 0x00000151be910000]
CodeHeap 'non-nmethods': size=5760Kb used=1244Kb max_used=1262Kb free=4515Kb
 bounds [0x00000151be910000, 0x00000151beb80000, 0x00000151beeb0000]
CodeCache: size=245760Kb, used=7413Kb, max_used=7431Kb, free=238344Kb
 total_blobs=3064, nmethods=2554, adapters=416, full_count=0
Compilation: enabled, stopped_count=0, restarted_count=0

Compilation events (20 events):
Event: 7.749 Thread 0x000001520daec1c0 nmethod 2541 0x00000151b78c0010 code [0x00000151b78c01c0, 0x00000151b78c0498]
Event: 7.749 Thread 0x000001520daec1c0 2542       3       jdk.internal.org.objectweb.asm.AnnotationVisitor::<init> (7 bytes)
Event: 7.749 Thread 0x000001520daec1c0 nmethod 2542 0x00000151b78c0610 code [0x00000151b78c07c0, 0x00000151b78c0908]
Event: 7.749 Thread 0x000001520daec1c0 2543       3       jdk.internal.org.objectweb.asm.AnnotationVisitor::<init> (78 bytes)
Event: 7.750 Thread 0x000001520daec1c0 nmethod 2543 0x00000151b78c0990 code [0x00000151b78c0bc0, 0x00000151b78c1318]
Event: 7.750 Thread 0x000001520daec1c0 2540       1       java.lang.invoke.InvokerBytecodeGenerator::setClassWriter (6 bytes)
Event: 7.750 Thread 0x000001520daec1c0 nmethod 2540 0x00000151befc7f90 code [0x00000151befc8120, 0x00000151befc8200]
Event: 7.750 Thread 0x000001520daec1c0 2550       3       org.eclipse.osgi.framework.eventmgr.CopyOnWriteIdentityMap::entrySet (15 bytes)
Event: 7.750 Thread 0x000001520daec1c0 nmethod 2550 0x00000151b78c1610 code [0x00000151b78c17e0, 0x00000151b78c1c88]
Event: 7.750 Thread 0x000001520daec1c0 2551       3       org.eclipse.osgi.framework.eventmgr.CopyOnWriteIdentityMap$Snapshot::<init> (10 bytes)
Event: 7.750 Thread 0x000001520daec1c0 nmethod 2551 0x00000151b78c1e90 code [0x00000151b78c2040, 0x00000151b78c21c8]
Event: 7.750 Thread 0x000001520daec1c0 2552       3       org.eclipse.osgi.framework.eventmgr.CopyOnWriteIdentityMap$Snapshot::entrySet (9 bytes)
Event: 7.750 Thread 0x000001520daec1c0 nmethod 2552 0x00000151b78c2290 code [0x00000151b78c2440, 0x00000151b78c2738]
Event: 7.750 Thread 0x000001520daec1c0 2553       3       org.eclipse.osgi.framework.eventmgr.CopyOnWriteIdentityMap$Snapshot$EntrySet::<init> (10 bytes)
Event: 7.750 Thread 0x000001520daec1c0 nmethod 2553 0x00000151b78c2890 code [0x00000151b78c2a40, 0x00000151b78c2c80]
Event: 7.750 Thread 0x000001520daec1c0 2544       1       java.lang.Class::getClassData (5 bytes)
Event: 7.751 Thread 0x000001520daec1c0 nmethod 2544 0x00000151befc8290 code [0x00000151befc8420, 0x00000151befc84e8]
Event: 7.751 Thread 0x000001520daec1c0 2549       1       org.eclipse.osgi.internal.serviceregistry.ServiceReferenceImpl::getRegistration (5 bytes)
Event: 7.751 Thread 0x000001520daec1c0 nmethod 2549 0x00000151befc8590 code [0x00000151befc8720, 0x00000151befc87e8]
Event: 7.758 Thread 0x000001520daec1c0 2554       3       java.lang.invoke.MethodHandle::asTypeUncached (54 bytes)

GC Heap History (8 events):
Event: 2.973 GC heap before
{Heap before GC invocations=1 (full 0):
 PSYoungGen      total 29696K, used 25600K [0x00000000d5580000, 0x00000000d7680000, 0x0000000100000000)
  eden space 25600K, 100% used [0x00000000d5580000,0x00000000d6e80000,0x00000000d6e80000)
  from space 4096K, 0% used [0x00000000d7280000,0x00000000d7280000,0x00000000d7680000)
  to   space 4096K, 0% used [0x00000000d6e80000,0x00000000d6e80000,0x00000000d7280000)
 ParOldGen       total 68608K, used 0K [0x0000000080000000, 0x0000000084300000, 0x00000000d5580000)
  object space 68608K, 0% used [0x0000000080000000,0x0000000080000000,0x0000000084300000)
 Metaspace       used 4328K, committed 4608K, reserved 1114112K
  class space    used 474K, committed 576K, reserved 1048576K
}
Event: 2.982 GC heap after
{Heap after GC invocations=1 (full 0):
 PSYoungGen      total 29696K, used 3287K [0x00000000d5580000, 0x00000000d7680000, 0x0000000100000000)
  eden space 25600K, 0% used [0x00000000d5580000,0x00000000d5580000,0x00000000d6e80000)
  from space 4096K, 80% used [0x00000000d6e80000,0x00000000d71b5e88,0x00000000d7280000)
  to   space 4096K, 0% used [0x00000000d7280000,0x00000000d7280000,0x00000000d7680000)
 ParOldGen       total 68608K, used 16K [0x0000000080000000, 0x0000000084300000, 0x00000000d5580000)
  object space 68608K, 0% used [0x0000000080000000,0x0000000080004000,0x0000000084300000)
 Metaspace       used 4328K, committed 4608K, reserved 1114112K
  class space    used 474K, committed 576K, reserved 1048576K
}
Event: 3.908 GC heap before
{Heap before GC invocations=2 (full 0):
 PSYoungGen      total 29696K, used 28887K [0x00000000d5580000, 0x00000000d7680000, 0x0000000100000000)
  eden space 25600K, 100% used [0x00000000d5580000,0x00000000d6e80000,0x00000000d6e80000)
  from space 4096K, 80% used [0x00000000d6e80000,0x00000000d71b5e88,0x00000000d7280000)
  to   space 4096K, 0% used [0x00000000d7280000,0x00000000d7280000,0x00000000d7680000)
 ParOldGen       total 68608K, used 16K [0x0000000080000000, 0x0000000084300000, 0x00000000d5580000)
  object space 68608K, 0% used [0x0000000080000000,0x0000000080004000,0x0000000084300000)
 Metaspace       used 7999K, committed 8320K, reserved 1114112K
  class space    used 839K, committed 960K, reserved 1048576K
}
Event: 3.918 GC heap after
{Heap after GC invocations=2 (full 0):
 PSYoungGen      total 29696K, used 4086K [0x00000000d5580000, 0x00000000d7680000, 0x0000000100000000)
  eden space 25600K, 0% used [0x00000000d5580000,0x00000000d5580000,0x00000000d6e80000)
  from space 4096K, 99% used [0x00000000d7280000,0x00000000d767d810,0x00000000d7680000)
  to   space 4096K, 0% used [0x00000000d6e80000,0x00000000d6e80000,0x00000000d7280000)
 ParOldGen       total 68608K, used 1977K [0x0000000080000000, 0x0000000084300000, 0x00000000d5580000)
  object space 68608K, 2% used [0x0000000080000000,0x00000000801ee6a8,0x0000000084300000)
 Metaspace       used 7999K, committed 8320K, reserved 1114112K
  class space    used 839K, committed 960K, reserved 1048576K
}
Event: 4.346 GC heap before
{Heap before GC invocations=3 (full 0):
 PSYoungGen      total 29696K, used 29562K [0x00000000d5580000, 0x00000000d7680000, 0x0000000100000000)
  eden space 25600K, 99% used [0x00000000d5580000,0x00000000d6e612a0,0x00000000d6e80000)
  from space 4096K, 99% used [0x00000000d7280000,0x00000000d767d810,0x00000000d7680000)
  to   space 4096K, 0% used [0x00000000d6e80000,0x00000000d6e80000,0x00000000d7280000)
 ParOldGen       total 68608K, used 1977K [0x0000000080000000, 0x0000000084300000, 0x00000000d5580000)
  object space 68608K, 2% used [0x0000000080000000,0x00000000801ee6a8,0x0000000084300000)
 Metaspace       used 9429K, committed 9728K, reserved 1114112K
  class space    used 1007K, committed 1152K, reserved 1048576K
}
Event: 4.353 GC heap after
{Heap after GC invocations=3 (full 0):
 PSYoungGen      total 29696K, used 4085K [0x00000000d5580000, 0x00000000d7680000, 0x0000000100000000)
  eden space 25600K, 0% used [0x00000000d5580000,0x00000000d5580000,0x00000000d6e80000)
  from space 4096K, 99% used [0x00000000d6e80000,0x00000000d727d598,0x00000000d7280000)
  to   space 4096K, 0% used [0x00000000d7280000,0x00000000d7280000,0x00000000d7680000)
 ParOldGen       total 68608K, used 5116K [0x0000000080000000, 0x0000000084300000, 0x00000000d5580000)
  object space 68608K, 7% used [0x0000000080000000,0x00000000804ff288,0x0000000084300000)
 Metaspace       used 9429K, committed 9728K, reserved 1114112K
  class space    used 1007K, committed 1152K, reserved 1048576K
}
Event: 7.652 GC heap before
{Heap before GC invocations=4 (full 0):
 PSYoungGen      total 29696K, used 29685K [0x00000000d5580000, 0x00000000d7680000, 0x0000000100000000)
  eden space 25600K, 100% used [0x00000000d5580000,0x00000000d6e80000,0x00000000d6e80000)
  from space 4096K, 99% used [0x00000000d6e80000,0x00000000d727d598,0x00000000d7280000)
  to   space 4096K, 0% used [0x00000000d7280000,0x00000000d7280000,0x00000000d7680000)
 ParOldGen       total 68608K, used 5116K [0x0000000080000000, 0x0000000084300000, 0x00000000d5580000)
  object space 68608K, 7% used [0x0000000080000000,0x00000000804ff288,0x0000000084300000)
 Metaspace       used 11638K, committed 12032K, reserved 1114112K
  class space    used 1238K, committed 1408K, reserved 1048576K
}
Event: 7.658 GC heap after
{Heap after GC invocations=4 (full 0):
 PSYoungGen      total 29696K, used 4067K [0x00000000d5580000, 0x00000000d7680000, 0x0000000100000000)
  eden space 25600K, 0% used [0x00000000d5580000,0x00000000d5580000,0x00000000d6e80000)
  from space 4096K, 99% used [0x00000000d7280000,0x00000000d7678c48,0x00000000d7680000)
  to   space 4096K, 0% used [0x00000000d6e80000,0x00000000d6e80000,0x00000000d7280000)
 ParOldGen       total 68608K, used 6599K [0x0000000080000000, 0x0000000084300000, 0x00000000d5580000)
  object space 68608K, 9% used [0x0000000080000000,0x0000000080671f98,0x0000000084300000)
 Metaspace       used 11638K, committed 12032K, reserved 1114112K
  class space    used 1238K, committed 1408K, reserved 1048576K
}

Dll operation events (9 events):
Event: 0.022 Loaded shared library c:\Users\Admin\.vscode\extensions\redhat.java-1.55.0-win32-x64\jre\21.0.11-win32-x86_64\bin\java.dll
Event: 1.190 Loaded shared library c:\Users\Admin\.vscode\extensions\redhat.java-1.55.0-win32-x64\jre\21.0.11-win32-x86_64\bin\zip.dll
Event: 1.218 Loaded shared library C:\Users\Admin\.vscode\extensions\redhat.java-1.55.0-win32-x64\jre\21.0.11-win32-x86_64\bin\instrument.dll
Event: 1.225 Loaded shared library C:\Users\Admin\.vscode\extensions\redhat.java-1.55.0-win32-x64\jre\21.0.11-win32-x86_64\bin\net.dll
Event: 1.229 Loaded shared library C:\Users\Admin\.vscode\extensions\redhat.java-1.55.0-win32-x64\jre\21.0.11-win32-x86_64\bin\nio.dll
Event: 1.233 Loaded shared library C:\Users\Admin\.vscode\extensions\redhat.java-1.55.0-win32-x64\jre\21.0.11-win32-x86_64\bin\zip.dll
Event: 1.257 Loaded shared library C:\Users\Admin\.vscode\extensions\redhat.java-1.55.0-win32-x64\jre\21.0.11-win32-x86_64\bin\jimage.dll
Event: 2.358 Loaded shared library c:\Users\Admin\.vscode\extensions\redhat.java-1.55.0-win32-x64\jre\21.0.11-win32-x86_64\bin\verify.dll
Event: 3.933 Loaded shared library C:\Users\Admin\AppData\Roaming\Code\User\globalStorage\redhat.java\1.55.0\config_win\org.eclipse.equinox.launcher\org.eclipse.equinox.launcher.win32.win32.x86_64_1.3.100.v20260613-0559\eclipse_11924.dll

Deoptimization events (20 events):
Event: 7.666 Thread 0x00000152127e2720 Uncommon trap: trap_request=0xffffff45 fr.pc=0x00000151bef6d290 relative=0x00000000000012d0
Event: 7.666 Thread 0x00000152127e2720 Uncommon trap: reason=unstable_if action=reinterpret pc=0x00000151bef6d290 method=java.io.WinNTFileSystem.normalize(Ljava/lang/String;II)Ljava/lang/String; @ 100 c2
Event: 7.666 Thread 0x00000152127e2720 DEOPT PACKING pc=0x00000151bef6d290 sp=0x0000003d44ff9100
Event: 7.666 Thread 0x00000152127e2720 DEOPT UNPACKING pc=0x00000151be963aa2 sp=0x0000003d44ff9108 mode 2
Event: 7.741 Thread 0x00000152127e2720 Uncommon trap: trap_request=0xffffffc6 fr.pc=0x00000151befc5058 relative=0x0000000000001278
Event: 7.741 Thread 0x00000152127e2720 Uncommon trap: reason=bimorphic_or_optimized_type_check action=maybe_recompile pc=0x00000151befc5058 method=java.io.DataInputStream.readFully([BII)V @ 30 c2
Event: 7.741 Thread 0x00000152127e2720 DEOPT PACKING pc=0x00000151befc5058 sp=0x0000003d44ffb7a0
Event: 7.741 Thread 0x00000152127e2720 DEOPT UNPACKING pc=0x00000151be963aa2 sp=0x0000003d44ffb788 mode 2
Event: 7.741 Thread 0x00000152127e2720 Uncommon trap: trap_request=0xffffffc6 fr.pc=0x00000151befc5058 relative=0x0000000000001278
Event: 7.741 Thread 0x00000152127e2720 Uncommon trap: reason=bimorphic_or_optimized_type_check action=maybe_recompile pc=0x00000151befc5058 method=java.io.DataInputStream.readFully([BII)V @ 30 c2
Event: 7.741 Thread 0x00000152127e2720 DEOPT PACKING pc=0x00000151befc5058 sp=0x0000003d44ffb790
Event: 7.741 Thread 0x00000152127e2720 DEOPT UNPACKING pc=0x00000151be963aa2 sp=0x0000003d44ffb778 mode 2
Event: 7.741 Thread 0x00000152127e2720 Uncommon trap: trap_request=0xffffffc6 fr.pc=0x00000151befc5058 relative=0x0000000000001278
Event: 7.741 Thread 0x00000152127e2720 Uncommon trap: reason=bimorphic_or_optimized_type_check action=maybe_recompile pc=0x00000151befc5058 method=java.io.DataInputStream.readFully([BII)V @ 30 c2
Event: 7.741 Thread 0x00000152127e2720 DEOPT PACKING pc=0x00000151befc5058 sp=0x0000003d44ffb790
Event: 7.741 Thread 0x00000152127e2720 DEOPT UNPACKING pc=0x00000151be963aa2 sp=0x0000003d44ffb778 mode 2
Event: 7.741 Thread 0x00000152127e2720 Uncommon trap: trap_request=0xffffffc6 fr.pc=0x00000151befc5058 relative=0x0000000000001278
Event: 7.741 Thread 0x00000152127e2720 Uncommon trap: reason=bimorphic_or_optimized_type_check action=maybe_recompile pc=0x00000151befc5058 method=java.io.DataInputStream.readFully([BII)V @ 30 c2
Event: 7.741 Thread 0x00000152127e2720 DEOPT PACKING pc=0x00000151befc5058 sp=0x0000003d44ffb790
Event: 7.741 Thread 0x00000152127e2720 DEOPT UNPACKING pc=0x00000151be963aa2 sp=0x0000003d44ffb778 mode 2

Classes loaded (20 events):
Event: 7.693 Loading class java/util/stream/LongPipeline
Event: 7.694 Loading class java/util/stream/LongStream
Event: 7.694 Loading class java/util/stream/LongStream done
Event: 7.694 Loading class java/util/stream/LongPipeline done
Event: 7.694 Loading class java/util/stream/LongPipeline$StatelessOp done
Event: 7.694 Loading class java/util/stream/ReferencePipeline$5 done
Event: 7.694 Loading class java/util/function/LongBinaryOperator
Event: 7.694 Loading class java/util/function/LongBinaryOperator done
Event: 7.695 Loading class java/util/stream/ReduceOps$10
Event: 7.695 Loading class java/util/stream/ReduceOps$10 done
Event: 7.695 Loading class java/util/stream/ReduceOps$8ReducingSink
Event: 7.696 Loading class java/util/stream/Sink$OfLong
Event: 7.696 Loading class java/util/stream/Sink$OfLong done
Event: 7.696 Loading class java/util/stream/ReduceOps$8ReducingSink done
Event: 7.696 Loading class java/util/stream/ReferencePipeline$5$1
Event: 7.696 Loading class java/util/stream/ReferencePipeline$5$1 done
Event: 7.722 Loading class java/nio/file/NoSuchFileException
Event: 7.722 Loading class java/nio/file/FileSystemException
Event: 7.722 Loading class java/nio/file/FileSystemException done
Event: 7.722 Loading class java/nio/file/NoSuchFileException done

Classes unloaded (0 events):
No events

Classes redefined (0 events):
No events

Internal exceptions (20 events):
Event: 3.044 Thread 0x00000151b41dc240 Implicit null exception at 0x00000151bef05d3d to 0x00000151bef05dc1
Event: 3.137 Thread 0x00000151b41dc240 Exception <a 'java/lang/NoSuchMethodError'{0x00000000d59d8008}: 'void java.lang.invoke.DirectMethodHandle$Holder.invokeSpecial(java.lang.Object, java.lang.Object, java.lang.Object)'> (0x00000000d59d8008) 
thrown [s\src\hotspot\share\interpreter\linkResolver.cpp, line 773]
Event: 3.392 Thread 0x00000151b41dc240 Exception <a 'java/lang/NoSuchMethodError'{0x00000000d642ee48}: 'int java.lang.invoke.DirectMethodHandle$Holder.invokeVirtual(java.lang.Object, java.lang.Object)'> (0x00000000d642ee48) 
thrown [s\src\hotspot\share\interpreter\linkResolver.cpp, line 773]
Event: 3.465 Thread 0x00000151b41dc240 Exception <a 'java/lang/NoSuchMethodError'{0x00000000d65a7950}: 'int java.lang.invoke.DirectMethodHandle$Holder.invokeStaticInit(java.lang.Object, java.lang.Object, java.lang.Object, java.lang.Object)'> (0x00000000d65a7950) 
thrown [s\src\hotspot\share\interpreter\linkResolver.cpp, line 773]
Event: 3.467 Thread 0x00000151b41dc240 Exception <a 'java/lang/IncompatibleClassChangeError'{0x00000000d65b0038}: Found class java.lang.Object, but interface was expected> (0x00000000d65b0038) 
thrown [s\src\hotspot\share\interpreter\linkResolver.cpp, line 840]
Event: 3.468 Thread 0x00000151b41dc240 Exception <a 'java/lang/NoSuchMethodError'{0x00000000d65b6608}: 'void java.lang.invoke.DirectMethodHandle$Holder.invokeStaticInit(java.lang.Object, java.lang.Object)'> (0x00000000d65b6608) 
thrown [s\src\hotspot\share\interpreter\linkResolver.cpp, line 773]
Event: 3.469 Thread 0x00000151b41dc240 Exception <a 'java/lang/NoSuchMethodError'{0x00000000d65bf7c0}: 'int java.lang.invoke.DirectMethodHandle$Holder.invokeStaticInit(java.lang.Object, java.lang.Object)'> (0x00000000d65bf7c0) 
thrown [s\src\hotspot\share\interpreter\linkResolver.cpp, line 773]
Event: 3.556 Thread 0x00000151b41dc240 Exception <a 'java/lang/NoSuchMethodError'{0x00000000d680a428}: 'java.lang.Object java.lang.invoke.DirectMethodHandle$Holder.newInvokeSpecial(java.lang.Object, int, java.lang.Object)'> (0x00000000d680a428) 
thrown [s\src\hotspot\share\interpreter\linkResolver.cpp, line 773]
Event: 3.644 Thread 0x00000151b41dc240 Exception <a 'java/lang/ClassNotFoundException'{0x00000000d6a2aaa8}: sun/net/www/protocol/plurl/Handler> (0x00000000d6a2aaa8) 
thrown [s\src\hotspot\share\classfile\systemDictionary.cpp, line 313]
Event: 3.644 Thread 0x00000151b41dc240 Exception <a 'java/lang/ClassNotFoundException'{0x00000000d6a2b928}: sun/net/www/protocol/plurl/Handler> (0x00000000d6a2b928) 
thrown [s\src\hotspot\share\classfile\systemDictionary.cpp, line 313]
Event: 3.925 Thread 0x00000151b41dc240 Exception <a 'java/lang/UnsatisfiedLinkError'{0x00000000d55a7a78}: 'void org.eclipse.equinox.launcher.JNIBridge._update_splash()'> (0x00000000d55a7a78) 
thrown [s\src\hotspot\share\prims\nativeLookup.cpp, line 415]
Event: 3.967 Thread 0x00000152128853e0 Exception <a 'java/lang/NoSuchMethodError'{0x00000000d58685e0}: 'void java.lang.invoke.DirectMethodHandle$Holder.invokeInterface(java.lang.Object, java.lang.Object, java.lang.Object)'> (0x00000000d58685e0) 
thrown [s\src\hotspot\share\interpreter\linkResolver.cpp, line 773]
Event: 4.055 Thread 0x00000152127e2720 Exception <a 'java/lang/NoSuchMethodError'{0x00000000d5c399b0}: 'java.lang.Object java.lang.invoke.DirectMethodHandle$Holder.newInvokeSpecial(java.lang.Object, java.lang.Object, int, java.lang.Object)'> (0x00000000d5c399b0) 
thrown [s\src\hotspot\share\interpreter\linkResolver.cpp, line 773]
Event: 4.055 Thread 0x00000152127e2720 Exception <a 'java/lang/NoSuchMethodError'{0x00000000d5c3d7e0}: 'java.lang.Object java.lang.invoke.DirectMethodHandle$Holder.invokeSpecial(java.lang.Object, java.lang.Object, java.lang.Object, int, java.lang.Object)'> (0x00000000d5c3d7e0) 
thrown [s\src\hotspot\share\interpreter\linkResolver.cpp, line 773]
Event: 4.073 Thread 0x00000152127e2720 Exception <a 'java/lang/NoClassDefFoundError'{0x00000000d5ce35d0}: jakarta/servlet/ServletContainerInitializer> (0x00000000d5ce35d0) 
thrown [s\src\hotspot\share\classfile\systemDictionary.cpp, line 302]
Event: 4.098 Thread 0x00000152127e2720 Exception <a 'java/lang/ClassNotFoundException'{0x00000000d5e507a8}: sun/util/logging/resources/spi/loggingProvider> (0x00000000d5e507a8) 
thrown [s\src\hotspot\share\classfile\systemDictionary.cpp, line 313]
Event: 6.530 Thread 0x00000152127e2720 Exception <a 'java/lang/NullPointerException'{0x00000000d66fcef8}> (0x00000000d66fcef8) 
thrown [s\src\hotspot\share\interpreter\linkResolver.cpp, line 1372]
Event: 6.530 Thread 0x00000152127e2720 Exception <a 'java/lang/NullPointerException'{0x00000000d66fd1d8}> (0x00000000d66fd1d8) 
thrown [s\src\hotspot\share\interpreter\linkResolver.cpp, line 1372]
Event: 7.693 Thread 0x00000152127e2720 Exception <a 'java/lang/NoSuchMethodError'{0x00000000d57b3b38}: 'long java.lang.invoke.DirectMethodHandle$Holder.invokeSpecial(java.lang.Object, java.lang.Object)'> (0x00000000d57b3b38) 
thrown [s\src\hotspot\share\interpreter\linkResolver.cpp, line 773]
Event: 7.731 Thread 0x00000152127e2720 Exception <a 'java/io/FileNotFoundException'{0x00000000d59bf760}> (0x00000000d59bf760) 
thrown [s\src\hotspot\share\prims\jni.cpp, line 520]

ZGC Phase Switch (0 events):
No events

VM Operations (20 events):
Event: 4.087 Executing non-safepoint VM operation: HandshakeAllThreads (Deoptimize) done
Event: 4.109 Executing non-safepoint VM operation: HandshakeAllThreads (Deoptimize)
Event: 4.109 Executing non-safepoint VM operation: HandshakeAllThreads (Deoptimize) done
Event: 4.120 Executing non-safepoint VM operation: HandshakeAllThreads (Deoptimize)
Event: 4.120 Executing non-safepoint VM operation: HandshakeAllThreads (Deoptimize) done
Event: 4.134 Executing non-safepoint VM operation: HandshakeAllThreads (Deoptimize)
Event: 4.134 Executing non-safepoint VM operation: HandshakeAllThreads (Deoptimize) done
Event: 4.346 Executing safepoint VM operation: ParallelGCFailedAllocation (Allocation Failure)
Event: 4.353 Executing safepoint VM operation: ParallelGCFailedAllocation (Allocation Failure) done
Event: 4.608 Executing non-safepoint VM operation: HandshakeAllThreads (Deoptimize)
Event: 4.608 Executing non-safepoint VM operation: HandshakeAllThreads (Deoptimize) done
Event: 5.622 Executing safepoint VM operation: Cleanup
Event: 5.622 Executing safepoint VM operation: Cleanup done
Event: 6.636 Executing safepoint VM operation: Cleanup
Event: 7.601 Executing safepoint VM operation: Cleanup done
Event: 7.627 Executing non-safepoint VM operation: HandshakeAllThreads (Deoptimize)
Event: 7.627 Executing non-safepoint VM operation: HandshakeAllThreads (Deoptimize) done
Event: 7.652 Executing safepoint VM operation: ParallelGCFailedAllocation (Allocation Failure)
Event: 7.658 Executing safepoint VM operation: ParallelGCFailedAllocation (Allocation Failure) done
Event: 8.658 Executing safepoint VM operation: Cleanup

Memory protections (0 events):
No events

Nmethod flushes (0 events):
No events

Events (20 events):
Event: 0.102 Thread 0x00000151b41dc240 Thread added: 0x000001520daa3110
Event: 0.103 Thread 0x00000151b41dc240 Thread added: 0x000001520daa6150
Event: 0.103 Thread 0x00000151b41dc240 Thread added: 0x000001520daa6db0
Event: 0.103 Thread 0x00000151b41dc240 Thread added: 0x000001520daa7810
Event: 0.103 Thread 0x00000151b41dc240 Thread added: 0x000001520daa8270
Event: 0.104 Thread 0x00000151b41dc240 Thread added: 0x000001520daacdd0
Event: 0.106 Thread 0x00000151b41dc240 Thread added: 0x000001520daec1c0
Event: 1.203 Thread 0x000001520daec1c0 Thread added: 0x000001520dcab540
Event: 1.221 Thread 0x00000151b41dc240 Thread added: 0x000001520dd04bd0
Event: 2.315 Thread 0x000001520dcab540 Thread exited: 0x000001520dcab540
Event: 2.352 Thread 0x000001520daec1c0 Thread added: 0x000001520dd94e70
Event: 2.457 Thread 0x00000151b41dc240 Thread added: 0x000001521217c8a0
Event: 3.487 Thread 0x00000151b41dc240 Thread added: 0x000001521289cf60
Event: 3.922 Thread 0x00000151b41dc240 Thread added: 0x00000152128853e0
Event: 3.969 Thread 0x00000152128853e0 Thread added: 0x00000152127e33c0
Event: 3.975 Thread 0x00000151b41dc240 Thread added: 0x00000152127e2720
Event: 4.414 Thread 0x00000152127e2720 Thread added: 0x0000015212bea5b0
Event: 4.769 Thread 0x000001520dd94e70 Thread exited: 0x000001520dd94e70
Event: 6.505 Thread 0x00000152127e2720 Thread added: 0x000001521307c530
Event: 7.703 Thread 0x000001520daec1c0 Thread added: 0x000001521305d970


Dynamic libraries:
0x00007ff7d01e0000 - 0x00007ff7d01ee000 	c:\Users\Admin\.vscode\extensions\redhat.java-1.55.0-win32-x64\jre\21.0.11-win32-x86_64\bin\java.exe
0x00007ffc084d0000 - 0x00007ffc08725000 	C:\Windows\SYSTEM32\ntdll.dll
0x00007ffc070e0000 - 0x00007ffc071a7000 	C:\Windows\System32\KERNEL32.DLL
0x00007ffc05920000 - 0x00007ffc05cc0000 	C:\Windows\System32\KERNELBASE.dll
0x00007ffc06240000 - 0x00007ffc0638a000 	C:\Windows\System32\ucrtbase.dll
0x00007ffbfde30000 - 0x00007ffbfde4e000 	c:\Users\Admin\.vscode\extensions\redhat.java-1.55.0-win32-x64\jre\21.0.11-win32-x86_64\bin\VCRUNTIME140.dll
0x00007ffc00620000 - 0x00007ffc00638000 	c:\Users\Admin\.vscode\extensions\redhat.java-1.55.0-win32-x64\jre\21.0.11-win32-x86_64\bin\jli.dll
0x00007ffc06a20000 - 0x00007ffc06bdf000 	C:\Windows\System32\USER32.dll
0x00007ffbf1c90000 - 0x00007ffbf1f20000 	C:\Windows\WinSxS\amd64_microsoft.windows.common-controls_6595b64144ccf1df_6.0.26100.1_none_fc2d3fda0fd46076\COMCTL32.dll
0x00007ffc05cd0000 - 0x00007ffc05cf7000 	C:\Windows\System32\win32u.dll
0x00007ffc07a90000 - 0x00007ffc07aba000 	C:\Windows\System32\GDI32.dll
0x00007ffc05e80000 - 0x00007ffc05fa1000 	C:\Windows\System32\gdi32full.dll
0x00007ffc06030000 - 0x00007ffc060d3000 	C:\Windows\System32\msvcp_win.dll
0x00007ffc07b30000 - 0x00007ffc07bd9000 	C:\Windows\System32\msvcrt.dll
0x00007ffc08450000 - 0x00007ffc0847f000 	C:\Windows\System32\IMM32.DLL
0x00007ffc00b20000 - 0x00007ffc00b2c000 	c:\Users\Admin\.vscode\extensions\redhat.java-1.55.0-win32-x64\jre\21.0.11-win32-x86_64\bin\vcruntime140_1.dll
0x00007ffbe7cf0000 - 0x00007ffbe7d7d000 	c:\Users\Admin\.vscode\extensions\redhat.java-1.55.0-win32-x64\jre\21.0.11-win32-x86_64\bin\msvcp140.dll
0x00007ffb9b380000 - 0x00007ffb9c122000 	c:\Users\Admin\.vscode\extensions\redhat.java-1.55.0-win32-x64\jre\21.0.11-win32-x86_64\bin\server\jvm.dll
0x00007ffc068d0000 - 0x00007ffc06982000 	C:\Windows\System32\ADVAPI32.dll
0x00007ffc06480000 - 0x00007ffc06526000 	C:\Windows\System32\sechost.dll
0x00007ffc06530000 - 0x00007ffc06649000 	C:\Windows\System32\RPCRT4.dll
0x00007ffc069a0000 - 0x00007ffc06a14000 	C:\Windows\System32\WS2_32.dll
0x00007ffc057c0000 - 0x00007ffc0580e000 	C:\Windows\SYSTEM32\POWRPROF.dll
0x00007ffbfcb10000 - 0x00007ffbfcb46000 	C:\Windows\SYSTEM32\WINMM.dll
0x00007ffbfe1e0000 - 0x00007ffbfe1eb000 	C:\Windows\SYSTEM32\VERSION.dll
0x00007ffc057a0000 - 0x00007ffc057b4000 	C:\Windows\SYSTEM32\UMPDC.dll
0x00007ffc04800000 - 0x00007ffc0481a000 	C:\Windows\SYSTEM32\kernel.appcore.dll
0x00007ffc00610000 - 0x00007ffc0061a000 	c:\Users\Admin\.vscode\extensions\redhat.java-1.55.0-win32-x64\jre\21.0.11-win32-x86_64\bin\jimage.dll
0x00007ffbfcef0000 - 0x00007ffbfd131000 	C:\Windows\SYSTEM32\DBGHELP.DLL
0x00007ffc06d60000 - 0x00007ffc070d5000 	C:\Windows\System32\combase.dll
0x00007ffc07be0000 - 0x00007ffc07cb6000 	C:\Windows\System32\OLEAUT32.dll
0x00007ffbef860000 - 0x00007ffbef899000 	C:\Windows\SYSTEM32\dbgcore.DLL
0x00007ffc060e0000 - 0x00007ffc06179000 	C:\Windows\System32\bcryptPrimitives.dll
0x00007ffbf63c0000 - 0x00007ffbf63cf000 	c:\Users\Admin\.vscode\extensions\redhat.java-1.55.0-win32-x64\jre\21.0.11-win32-x86_64\bin\instrument.dll
0x00007ffbfde10000 - 0x00007ffbfde30000 	c:\Users\Admin\.vscode\extensions\redhat.java-1.55.0-win32-x64\jre\21.0.11-win32-x86_64\bin\java.dll
0x00007ffc07cc0000 - 0x00007ffc083a6000 	C:\Windows\System32\SHELL32.dll
0x00007ffc037a0000 - 0x00007ffc03fcb000 	C:\Windows\SYSTEM32\windows.storage.dll
0x00007ffc06c80000 - 0x00007ffc06d53000 	C:\Windows\System32\SHCORE.dll
0x00007ffc06870000 - 0x00007ffc068cd000 	C:\Windows\System32\shlwapi.dll
0x00007ffc05840000 - 0x00007ffc05864000 	C:\Windows\SYSTEM32\profapi.dll
0x00007ffbeeb50000 - 0x00007ffbeeb68000 	c:\Users\Admin\.vscode\extensions\redhat.java-1.55.0-win32-x64\jre\21.0.11-win32-x86_64\bin\zip.dll
0x00007ffbff090000 - 0x00007ffbff0a0000 	C:\Users\Admin\.vscode\extensions\redhat.java-1.55.0-win32-x64\jre\21.0.11-win32-x86_64\bin\net.dll
0x00007ffbff4a0000 - 0x00007ffbff5bd000 	C:\Windows\SYSTEM32\WINHTTP.dll
0x00007ffc04cc0000 - 0x00007ffc04d28000 	C:\Windows\system32\mswsock.dll
0x00007ffbeeb30000 - 0x00007ffbeeb46000 	C:\Users\Admin\.vscode\extensions\redhat.java-1.55.0-win32-x64\jre\21.0.11-win32-x86_64\bin\nio.dll
0x00007ffbecd80000 - 0x00007ffbecd90000 	c:\Users\Admin\.vscode\extensions\redhat.java-1.55.0-win32-x64\jre\21.0.11-win32-x86_64\bin\verify.dll
0x00007ffbdb7a0000 - 0x00007ffbdb7e5000 	C:\Users\Admin\AppData\Roaming\Code\User\globalStorage\redhat.java\1.55.0\config_win\org.eclipse.equinox.launcher\org.eclipse.equinox.launcher.win32.win32.x86_64_1.3.100.v20260613-0559\eclipse_11924.dll
0x00007ffc066d0000 - 0x00007ffc06865000 	C:\Windows\System32\ole32.dll

JVMTI agents:
c:\Users\Admin\.vscode\extensions\redhat.java-1.55.0-win32-x64\lombok\lombok-1.18.39-4050.jar path:c:\Users\Admin\.vscode\extensions\redhat.java-1.55.0-win32-x64\jre\21.0.11-win32-x86_64\bin\instrument.dll, loaded, initialized, instrumentlib options:none

dbghelp: loaded successfully - version: 4.0.5 - missing functions: none
symbol engine: initialized successfully - sym options: 0x614 - pdb path: .;c:\Users\Admin\.vscode\extensions\redhat.java-1.55.0-win32-x64\jre\21.0.11-win32-x86_64\bin;C:\Windows\SYSTEM32;C:\Windows\WinSxS\amd64_microsoft.windows.common-controls_6595b64144ccf1df_6.0.26100.1_none_fc2d3fda0fd46076;c:\Users\Admin\.vscode\extensions\redhat.java-1.55.0-win32-x64\jre\21.0.11-win32-x86_64\bin\server;C:\Users\Admin\AppData\Roaming\Code\User\globalStorage\redhat.java\1.55.0\config_win\org.eclipse.equinox.launcher\org.eclipse.equinox.launcher.win32.win32.x86_64_1.3.100.v20260613-0559

VM Arguments:
jvm_args: --add-modules=ALL-SYSTEM --add-opens=java.base/java.util=ALL-UNNAMED --add-opens=java.base/java.lang=ALL-UNNAMED --add-opens=java.base/sun.nio.fs=ALL-UNNAMED -Declipse.application=org.eclipse.jdt.ls.core.id1 -Dosgi.bundles.defaultStartLevel=4 -Declipse.product=org.eclipse.jdt.ls.core.product -Djava.import.generatesMetadataFilesAtProjectRoot=false -DDetectVMInstallationsJob.disabled=true -Dfile.encoding=utf8 -XX:+UseParallelGC -XX:GCTimeRatio=4 -XX:AdaptiveSizePolicyWeight=90 -Dsun.zip.disableMemoryMapping=true -Xmx2G -Xms100m -Xlog:disable -javaagent:c:\Users\Admin\.vscode\extensions\redhat.java-1.55.0-win32-x64\lombok\lombok-1.18.39-4050.jar -XX:+HeapDumpOnOutOfMemoryError -XX:HeapDumpPath=c:\Users\Admin\AppData\Roaming\Code\User\workspaceStorage\801ed1664cc344b479297c66898efbba\redhat.java -Daether.dependencyCollector.impl=bf 
java_command: c:\Users\Admin\.vscode\extensions\redhat.java-1.55.0-win32-x64\server\plugins\org.eclipse.equinox.launcher_1.7.200.v20260619-2039.jar -configuration c:\Users\Admin\AppData\Roaming\Code\User\globalStorage\redhat.java\1.55.0\config_win -data c:\Users\Admin\AppData\Roaming\Code\User\workspaceStorage\801ed1664cc344b479297c66898efbba\redhat.java\jdt_ws --pipe=\\.\pipe\lsp-355e04de7aa693341c43a278ed667000-sock
java_class_path (initial): c:\Users\Admin\.vscode\extensions\redhat.java-1.55.0-win32-x64\server\plugins\org.eclipse.equinox.launcher_1.7.200.v20260619-2039.jar
Launcher Type: SUN_STANDARD

[Global flags]
    uintx AdaptiveSizePolicyWeight                 = 90                                        {product} {command line}
     intx CICompilerCount                          = 4                                         {product} {ergonomic}
    uintx GCTimeRatio                              = 4                                         {product} {command line}
     bool HeapDumpOnOutOfMemoryError               = true                                   {manageable} {command line}
    ccstr HeapDumpPath                             = c:\Users\Admin\AppData\Roaming\Code\User\workspaceStorage\801ed1664cc344b479297c66898efbba\redhat.java         {manageable} {command line}
   size_t InitialHeapSize                          = 104857600                                 {product} {command line}
   size_t MaxHeapSize                              = 2147483648                                {product} {command line}
   size_t MaxNewSize                               = 715653120                                 {product} {ergonomic}
   size_t MinHeapDeltaBytes                        = 524288                                    {product} {ergonomic}
   size_t MinHeapSize                              = 104857600                                 {product} {command line}
   size_t NewSize                                  = 34603008                                  {product} {ergonomic}
    uintx NonNMethodCodeHeapSize                   = 5839372                                {pd product} {ergonomic}
    uintx NonProfiledCodeHeapSize                  = 122909434                              {pd product} {ergonomic}
   size_t OldSize                                  = 70254592                                  {product} {ergonomic}
    uintx ProfiledCodeHeapSize                     = 122909434                              {pd product} {ergonomic}
    uintx ReservedCodeCacheSize                    = 251658240                              {pd product} {ergonomic}
     bool SegmentedCodeCache                       = true                                      {product} {ergonomic}
   size_t SoftMaxHeapSize                          = 2147483648                             {manageable} {ergonomic}
     bool UseCompressedOops                        = true                           {product lp64_product} {ergonomic}
     bool UseLargePagesIndividualAllocation        = false                                  {pd product} {ergonomic}
     bool UseParallelGC                            = true                                      {product} {command line}

Logging:
Log output configuration:
 #0: stdout all=off uptime,level,tags foldmultilines=false
 #1: stderr all=off uptime,level,tags foldmultilines=false

Release file:
JAVA_VERSION="21.0.11" 
MODULES="java.base java.compiler java.datatransfer java.xml java.prefs java.desktop java.instrument java.logging java.management java.security.sasl java.naming java.rmi java.management.rmi java.net.http java.scripting java.security.jgss java.transaction.xa java.sql java.sql.rowset java.xml.crypto java.se java.smartcardio jdk.accessibility jdk.internal.jvmstat jdk.attach jdk.charsets jdk.internal.opt jdk.zipfs jdk.compiler jdk.crypto.ec jdk.crypto.cryptoki jdk.crypto.mscapi jdk.dynalink jdk.internal.ed jdk.editpad jdk.hotspot.agent jdk.httpserver jdk.internal.le jdk.internal.vm.ci jdk.internal.vm.compiler jdk.internal.vm.compiler.management jdk.jartool jdk.javadoc jdk.jcmd jdk.management jdk.management.agent jdk.jconsole jdk.jdeps jdk.jdwp.agent jdk.jdi jdk.jfr jdk.jshell jdk.jsobject jdk.jstatd jdk.localedata jdk.management.jfr jdk.naming.dns jdk.naming.rmi jdk.net jdk.nio.mapmode jdk.random jdk.sctp jdk.security.auth jdk.security.jgss jdk.unsupported jdk.unsupported.desktop jdk.xml.dom" 

Environment Variables:
JAVA_HOME=C:\Program Files\Java\jdk-17
PATH=C:\Program Files\Python314\Scripts\;C:\Program Files\Python314\;C:\Windows\system32;C:\Windows;C:\Windows\System32\Wbem;C:\Windows\System32\WindowsPowerShell\v1.0\;C:\Windows\System32\OpenSSH\;C:\Program Files\Git\cmd;C:\Program Files\dotnet\;%ANDROID_HOME%\platform-tools;%ANDROID_HOME%\cmdline-tools\latest\bin;%ANDROID_HOME%\emulator;%JAVA_HOME%\bin;C:\Program Files\nodejs\;C:\Users\Admin\AppData\Local\Microsoft\WindowsApps;C:\flutter\bin;C:\Users\Admin\.dotnet\tools;C:\Users\Admin\AppData\Local\Android\Sdk\platform-tools;C:\Users\Admin\AppData\Local\Programs\Microsoft VS Code\bin;C:\Users\Admin\AppData\Roaming\npm
USERNAME=Admin
OS=Windows_NT
PROCESSOR_IDENTIFIER=AMD64 Family 23 Model 96 Stepping 1, AuthenticAMD
TMP=C:\Users\Admin\AppData\Local\Temp
TEMP=C:\Users\Admin\AppData\Local\Temp




Periodic native trim disabled

---------------  S Y S T E M  ---------------

OS:
 Windows 11 , 64 bit Build 26100 (10.0.26100.1)
OS uptime: 0 days 1:13 hours

CPU: total 12 (initial active 12) (12 cores per cpu, 2 threads per core) family 23 model 96 stepping 1 microcode 0x8600106, cx8, cmov, fxsr, ht, mmx, 3dnowpref, sse, sse2, sse3, ssse3, sse4a, sse4.1, sse4.2, popcnt, lzcnt, tsc, tscinvbit, avx, avx2, aes, clmul, bmi1, bmi2, adx, sha, fma, vzeroupper, clflush, clflushopt, rdtscp, rdpid, f16c
Processor Information for the first 12 processors :
  Max Mhz: 3001, Current Mhz: 2011, Mhz Limit: 3001

Memory: 4k page, system-wide physical 7598M (423M free)
TotalPageFile size 13742M (AvailPageFile size 5M)
current process WorkingSet (physical memory assigned to process): 118M, peak: 118M
current process commit charge ("private bytes"): 263M, peak: 263M

vm_info: OpenJDK 64-Bit Server VM (21.0.11+10-LTS) for windows-amd64 JRE (21.0.11+10-LTS), built on 2026-04-21T00:00:00Z by "admin" with MS VC++ 17.12 (VS2022)

END.
